# JRE version: Java(TM) SE Runtime Environment (8.0_191-b12) (build 1.8.0_191-b12)
# Java VM: Java HotSpot(TM) 64-Bit Server VM (25.191-b12 mixed mode windows-amd64 compressed oops)
Heap:
 PSYoungGen      total 1060352K, used 497968K [0x0000000776100000, 0x00000007c0000000, 0x00000007c0000000)
  eden space 909312K, 54% used [0x0000000776100000,0x000000079474c278,0x00000007ad900000)
  from space 151040K, 0% used [0x00000007ad900000,0x00000007ad900000,0x00000007b6c80000)
  to   space 151040K, 0% used [0x00000007b6c80000,0x00000007b6c80000,0x00000007c0000000)
 ParOldGen       total 2423808K, used 28858K [0x00000006e2200000, 0x0000000776100000, 0x0000000776100000)
  object space 2423808K, 1% used [0x00000006e2200000,0x00000006e3e2e808,0x0000000776100000)
 Metaspace       used 42008K, capacity 42778K, committed 43136K, reserved 1087488K
  class space    used 4930K, capacity 5137K, committed 5248K, reserved 1048576K
GC Heap History (10 events):
Event: 85.058 GC heap before
{Heap before GC invocations=1 (full 0):
 PSYoungGen      total 1060352K, used 254626K [0x0000000776100000, 0x00000007c0000000, 0x00000007c0000000)
  eden space 909312K, 28% used [0x0000000776100000,0x00000007859a88d0,0x00000007ad900000)
  from space 151040K, 0% used [0x00000007b6c80000,0x00000007b6c80000,0x00000007c0000000)
  to   space 151040K, 0% used [0x00000007ad900000,0x00000007ad900000,0x00000007b6c80000)
 ParOldGen       total 2423808K, used 0K [0x00000006e2200000, 0x0000000776100000, 0x0000000776100000)
  object space 2423808K, 0% used [0x00000006e2200000,0x00000006e2200000,0x0000000776100000)
 Metaspace       used 20888K, capacity 21150K, committed 21296K, reserved 1069056K
  class space    used 2488K, capacity 2603K, committed 2688K, reserved 1048576K
Event: 85.075 GC heap after
Heap after GC invocations=1 (full 0):
 PSYoungGen      total 1060352K, used 22162K [0x0000000776100000, 0x00000007c0000000, 0x00000007c0000000)
  eden space 909312K, 0% used [0x0000000776100000,0x0000000776100000,0x00000007ad900000)
  from space 151040K, 14% used [0x00000007ad900000,0x00000007aeea4998,0x00000007b6c80000)
  to   space 151040K, 0% used [0x00000007b6c80000,0x00000007b6c80000,0x00000007c0000000)
 ParOldGen       total 2423808K, used 314K [0x00000006e2200000, 0x0000000776100000, 0x0000000776100000)
  object space 2423808K, 0% used [0x00000006e2200000,0x00000006e224eb18,0x0000000776100000)
 Metaspace       used 20888K, capacity 21150K, committed 21296K, reserved 1069056K
  class space    used 2488K, capacity 2603K, committed 2688K, reserved 1048576K
}
Event: 85.075 GC heap before
{Heap before GC invocations=2 (full 1):
 PSYoungGen      total 1060352K, used 22162K [0x0000000776100000, 0x00000007c0000000, 0x00000007c0000000)
  eden space 909312K, 0% used [0x0000000776100000,0x0000000776100000,0x00000007ad900000)
  from space 151040K, 14% used [0x00000007ad900000,0x00000007aeea4998,0x00000007b6c80000)
  to   space 151040K, 0% used [0x00000007b6c80000,0x00000007b6c80000,0x00000007c0000000)
 ParOldGen       total 2423808K, used 314K [0x00000006e2200000, 0x0000000776100000, 0x0000000776100000)
  object space 2423808K, 0% used [0x00000006e2200000,0x00000006e224eb18,0x0000000776100000)
 Metaspace       used 20888K, capacity 21150K, committed 21296K, reserved 1069056K
  class space    used 2488K, capacity 2603K, committed 2688K, reserved 1048576K
Event: 85.115 GC heap after
Heap after GC invocations=2 (full 1):
 PSYoungGen      total 1060352K, used 0K [0x0000000776100000, 0x00000007c0000000, 0x00000007c0000000)
  eden space 909312K, 0% used [0x0000000776100000,0x0000000776100000,0x00000007ad900000)
  from space 151040K, 0% used [0x00000007ad900000,0x00000007ad900000,0x00000007b6c80000)
  to   space 151040K, 0% used [0x00000007b6c80000,0x00000007b6c80000,0x00000007c0000000)
 ParOldGen       total 2423808K, used 21416K [0x00000006e2200000, 0x0000000776100000, 0x0000000776100000)
  object space 2423808K, 0% used [0x00000006e2200000,0x00000006e36ea380,0x0000000776100000)
 Metaspace       used 20888K, capacity 21150K, committed 21296K, reserved 1069056K
  class space    used 2488K, capacity 2603K, committed 2688K, reserved 1048576K
}
Event: 270.080 GC heap before
{Heap before GC invocations=3 (full 1):
 PSYoungGen      total 1060352K, used 909312K [0x0000000776100000, 0x00000007c0000000, 0x00000007c0000000)
  eden space 909312K, 100% used [0x0000000776100000,0x00000007ad900000,0x00000007ad900000)
  from space 151040K, 0% used [0x00000007ad900000,0x00000007ad900000,0x00000007b6c80000)
  to   space 151040K, 0% used [0x00000007b6c80000,0x00000007b6c80000,0x00000007c0000000)
 ParOldGen       total 2423808K, used 21416K [0x00000006e2200000, 0x0000000776100000, 0x0000000776100000)
  object space 2423808K, 0% used [0x00000006e2200000,0x00000006e36ea380,0x0000000776100000)
 Metaspace       used 30191K, capacity 30654K, committed 30976K, reserved 1077248K
  class space    used 3671K, capacity 3831K, committed 3840K, reserved 1048576K
Event: 270.098 GC heap after
Heap after GC invocations=3 (full 1):
 PSYoungGen      total 1060352K, used 22960K [0x0000000776100000, 0x00000007c0000000, 0x00000007c0000000)
  eden space 909312K, 0% used [0x0000000776100000,0x0000000776100000,0x00000007ad900000)
  from space 151040K, 15% used [0x00000007b6c80000,0x00000007b82ec2b0,0x00000007c0000000)
  to   space 151040K, 0% used [0x00000007ad900000,0x00000007ad900000,0x00000007b6c80000)
 ParOldGen       total 2423808K, used 21424K [0x00000006e2200000, 0x0000000776100000, 0x0000000776100000)
  object space 2423808K, 0% used [0x00000006e2200000,0x00000006e36ec380,0x0000000776100000)
 Metaspace       used 30191K, capacity 30654K, committed 30976K, reserved 1077248K
  class space    used 3671K, capacity 3831K, committed 3840K, reserved 1048576K
}
Event: 271.029 GC heap before
{Heap before GC invocations=4 (full 1):
 PSYoungGen      total 1060352K, used 102111K [0x0000000776100000, 0x00000007c0000000, 0x00000007c0000000)
  eden space 909312K, 8% used [0x0000000776100000,0x000000077ae4bd40,0x00000007ad900000)
  from space 151040K, 15% used [0x00000007b6c80000,0x00000007b82ec2b0,0x00000007c0000000)
  to   space 151040K, 0% used [0x00000007ad900000,0x00000007ad900000,0x00000007b6c80000)
 ParOldGen       total 2423808K, used 21424K [0x00000006e2200000, 0x0000000776100000, 0x0000000776100000)
  object space 2423808K, 0% used [0x00000006e2200000,0x00000006e36ec380,0x0000000776100000)
 Metaspace       used 34890K, capacity 35254K, committed 35456K, reserved 1081344K
  class space    used 4307K, capacity 4443K, committed 4480K, reserved 1048576K
Event: 271.037 GC heap after
Heap after GC invocations=4 (full 1):
 PSYoungGen      total 1060352K, used 16544K [0x0000000776100000, 0x00000007c0000000, 0x00000007c0000000)
  eden space 909312K, 0% used [0x0000000776100000,0x0000000776100000,0x00000007ad900000)
  from space 151040K, 10% used [0x00000007ad900000,0x00000007ae928010,0x00000007b6c80000)
  to   space 151040K, 0% used [0x00000007b6c80000,0x00000007b6c80000,0x00000007c0000000)
 ParOldGen       total 2423808K, used 21432K [0x00000006e2200000, 0x0000000776100000, 0x0000000776100000)
  object space 2423808K, 0% used [0x00000006e2200000,0x00000006e36ee380,0x0000000776100000)
 Metaspace       used 34890K, capacity 35254K, committed 35456K, reserved 1081344K
  class space    used 4307K, capacity 4443K, committed 4480K, reserved 1048576K
}
Event: 271.037 GC heap before
{Heap before GC invocations=5 (full 2):
 PSYoungGen      total 1060352K, used 16544K [0x0000000776100000, 0x00000007c0000000, 0x00000007c0000000)
  eden space 909312K, 0% used [0x0000000776100000,0x0000000776100000,0x00000007ad900000)
  from space 151040K, 10% used [0x00000007ad900000,0x00000007ae928010,0x00000007b6c80000)
  to   space 151040K, 0% used [0x00000007b6c80000,0x00000007b6c80000,0x00000007c0000000)
 ParOldGen       total 2423808K, used 21432K [0x00000006e2200000, 0x0000000776100000, 0x0000000776100000)
  object space 2423808K, 0% used [0x00000006e2200000,0x00000006e36ee380,0x0000000776100000)
 Metaspace       used 34890K, capacity 35254K, committed 35456K, reserved 1081344K
  class space    used 4307K, capacity 4443K, committed 4480K, reserved 1048576K
Event: 271.078 GC heap after
Heap after GC invocations=5 (full 2):
 PSYoungGen      total 1060352K, used 0K [0x0000000776100000, 0x00000007c0000000, 0x00000007c0000000)
  eden space 909312K, 0% used [0x0000000776100000,0x0000000776100000,0x00000007ad900000)
  from space 151040K, 0% used [0x00000007ad900000,0x00000007ad900000,0x00000007b6c80000)
  to   space 151040K, 0% used [0x00000007b6c80000,0x00000007b6c80000,0x00000007c0000000)
 ParOldGen       total 2423808K, used 28858K [0x00000006e2200000, 0x0000000776100000, 0x0000000776100000)
  object space 2423808K, 1% used [0x00000006e2200000,0x00000006e3e2e808,0x0000000776100000)
 Metaspace       used 34890K, capacity 35254K, committed 35456K, reserved 1081344K
  class space    used 4307K, capacity 4443K, committed 4480K, reserved 1048576K
}

