# JRE version: Java(TM) SE Runtime Environment (8.0_191-b12) (build 1.8.0_191-b12)
# Java VM: Java HotSpot(TM) 64-Bit Server VM (25.191-b12 mixed mode windows-amd64 compressed oops)
Heap:
 PSYoungGen      total 1060352K, used 72745K [0x0000000776100000, 0x00000007c0000000, 0x00000007c0000000)
  eden space 909312K, 8% used [0x0000000776100000,0x000000077a80a560,0x00000007ad900000)
  from space 151040K, 0% used [0x00000007ad900000,0x00000007ad900000,0x00000007b6c80000)
  to   space 151040K, 0% used [0x00000007b6c80000,0x00000007b6c80000,0x00000007c0000000)
 ParOldGen       total 2423808K, used 18063K [0x00000006e2200000, 0x0000000776100000, 0x0000000776100000)
  object space 2423808K, 0% used [0x00000006e2200000,0x00000006e33a3ce8,0x0000000776100000)
 Metaspace       used 22861K, capacity 23244K, committed 23680K, reserved 1069056K
  class space    used 2931K, capacity 3074K, committed 3200K, reserved 1048576K
GC Heap History (4 events):
Event: 4.364 GC heap before
{Heap before GC invocations=1 (full 0):
 PSYoungGen      total 1060352K, used 291285K [0x0000000776100000, 0x00000007c0000000, 0x00000007c0000000)
  eden space 909312K, 32% used [0x0000000776100000,0x0000000787d75438,0x00000007ad900000)
  from space 151040K, 0% used [0x00000007b6c80000,0x00000007b6c80000,0x00000007c0000000)
  to   space 151040K, 0% used [0x00000007ad900000,0x00000007ad900000,0x00000007b6c80000)
 ParOldGen       total 2423808K, used 0K [0x00000006e2200000, 0x0000000776100000, 0x0000000776100000)
  object space 2423808K, 0% used [0x00000006e2200000,0x00000006e2200000,0x0000000776100000)
 Metaspace       used 20713K, capacity 20982K, committed 21248K, reserved 1067008K
  class space    used 2587K, capacity 2693K, committed 2816K, reserved 1048576K
Event: 4.379 GC heap after
Heap after GC invocations=1 (full 0):
 PSYoungGen      total 1060352K, used 18392K [0x0000000776100000, 0x00000007c0000000, 0x00000007c0000000)
  eden space 909312K, 0% used [0x0000000776100000,0x0000000776100000,0x00000007ad900000)
  from space 151040K, 12% used [0x00000007ad900000,0x00000007aeaf62d8,0x00000007b6c80000)
  to   space 151040K, 0% used [0x00000007b6c80000,0x00000007b6c80000,0x00000007c0000000)
 ParOldGen       total 2423808K, used 314K [0x00000006e2200000, 0x0000000776100000, 0x0000000776100000)
  object space 2423808K, 0% used [0x00000006e2200000,0x00000006e224eb18,0x0000000776100000)
 Metaspace       used 20713K, capacity 20982K, committed 21248K, reserved 1067008K
  class space    used 2587K, capacity 2693K, committed 2816K, reserved 1048576K
}
Event: 4.379 GC heap before
{Heap before GC invocations=2 (full 1):
 PSYoungGen      total 1060352K, used 18392K [0x0000000776100000, 0x00000007c0000000, 0x00000007c0000000)
  eden space 909312K, 0% used [0x0000000776100000,0x0000000776100000,0x00000007ad900000)
  from space 151040K, 12% used [0x00000007ad900000,0x00000007aeaf62d8,0x00000007b6c80000)
  to   space 151040K, 0% used [0x00000007b6c80000,0x00000007b6c80000,0x00000007c0000000)
 ParOldGen       total 2423808K, used 314K [0x00000006e2200000, 0x0000000776100000, 0x0000000776100000)
  object space 2423808K, 0% used [0x00000006e2200000,0x00000006e224eb18,0x0000000776100000)
 Metaspace       used 20713K, capacity 20982K, committed 21248K, reserved 1067008K
  class space    used 2587K, capacity 2693K, committed 2816K, reserved 1048576K
Event: 4.420 GC heap after
Heap after GC invocations=2 (full 1):
 PSYoungGen      total 1060352K, used 0K [0x0000000776100000, 0x00000007c0000000, 0x00000007c0000000)
  eden space 909312K, 0% used [0x0000000776100000,0x0000000776100000,0x00000007ad900000)
  from space 151040K, 0% used [0x00000007ad900000,0x00000007ad900000,0x00000007b6c80000)
  to   space 151040K, 0% used [0x00000007b6c80000,0x00000007b6c80000,0x00000007c0000000)
 ParOldGen       total 2423808K, used 18063K [0x00000006e2200000, 0x0000000776100000, 0x0000000776100000)
  object space 2423808K, 0% used [0x00000006e2200000,0x00000006e33a3ce8,0x0000000776100000)
 Metaspace       used 20713K, capacity 20982K, committed 21248K, reserved 1067008K
  class space    used 2587K, capacity 2693K, committed 2816K, reserved 1048576K
}

