-------------------------------------------------------------------------------
Test set: TestSuite
-------------------------------------------------------------------------------
Tests run: 3, Failures: 1, Errors: 0, Skipped: 0, Time elapsed: 5.27 s <<< FAILURE! - in TestSuite
getVehCountPerMonitorPlatformStatus(com.bitnei.apitest.testcases.getVehCountPerMonitorPlatform)  Time elapsed: 1.773 s  <<< FAILURE!
java.lang.AssertionError: expected [{}] but found [{"num":{"currentValue is ":274421,"expectedValue is":274419}}]
	at com.bitnei.apitest.testcases.getVehCountPerMonitorPlatform.getVehCountPerMonitorPlatformStatus(getVehCountPerMonitorPlatform.java:73)

