<?xml version="1.0" encoding="UTF-8"?>
<!-- Generated by org.testng.reporters.JUnitXMLReporter -->
<testsuite hostname="DESKTOP-Q37MKND" ignored="0" name="DATASEND" tests="6" failures="0" timestamp="09 九月 2019 08:13:12 GMT" time="11.735" errors="0">
  <testcase name="PlatFormAdd" time="0.182" classname="com.bitnei.apitest.testcases.datasend.PlatForm"/>
  <testcase name="ProtocolAddData" time="0.064" classname="com.bitnei.apitest.testcases.datasend.ProtocolAdd"/>
  <testcase name="ProtocolUpdateData" time="2.81" classname="com.bitnei.apitest.testcases.datasend.ProtocolUpdate"/>
  <testcase name="TaskAddData" time="0.638" classname="com.bitnei.apitest.testcases.datasend.TaskAdd"/>
  <testcase name="VehicleAddData" time="0.663" classname="com.bitnei.apitest.testcases.datasend.VehicleAdd"/>
  <testcase name="VehicleRemoveData" time="0.736" classname="com.bitnei.apitest.testcases.datasend.VehicleRemove"/>
</testsuite> <!-- DATASEND -->
