<?xml version="1.0" encoding="UTF-8"?>
<testng-results skipped="0" failed="0" ignored="0" total="7" passed="7">
  <reporter-output>
  </reporter-output>
  <suite name="apitest" duration-ms="23324" started-at="2020-03-31T03:35:04Z" finished-at="2020-03-31T03:35:27Z">
    <groups>
    </groups>
    <test name="Default test" duration-ms="23324" started-at="2020-03-31T03:35:04Z" finished-at="2020-03-31T03:35:27Z">
      <class name="com.bitnei.apitest.testcases.saas.PostBackSaas">
        <test-method status="PASS" signature="setUp(java.lang.String, java.lang.String)[pri:0, instance:com.bitnei.apitest.testcases.saas.PostBackSaas@530612ba]" name="setUp" is-config="true" duration-ms="21481" started-at="2020-03-31T03:35:04Z" finished-at="2020-03-31T03:35:25Z">
          <params>
            <param index="0">
              <value>
                <![CDATA[http://test-back-saas.bitnei.cn]]>
              </value>
            </param>
            <param index="1">
              <value>
                <![CDATA[src/main/resources/TEST.xlsx]]>
              </value>
            </param>
          </params>
          <reporter-output>
          </reporter-output>
        </test-method> <!-- setUp -->
        <test-method status="PASS" signature="UserInfoQueryData(java.lang.String, java.lang.String, java.lang.String, java.lang.String)[pri:0, instance:com.bitnei.apitest.testcases.saas.PostBackSaas@530612ba]" name="UserInfoQueryData" duration-ms="459" started-at="2020-03-31T03:35:25Z" description="saas后台用户查询" data-provider="dp" finished-at="2020-03-31T03:35:26Z">
          <params>
            <param index="0">
              <value>
                <![CDATA[按企业名称查询租户]]>
              </value>
            </param>
            <param index="1">
              <value>
                <![CDATA[/user-center/tenant/list]]>
              </value>
            </param>
            <param index="2">
              <value>
                <![CDATA[{"startTime":"","endTime":"","email":"","mobile":"","origin":"REGISTER_FREE","status":"","tenant":"新源科技"}]]>
              </value>
            </param>
            <param index="3">
              <value>
                <![CDATA[{"status":200,"errorMsg":null,"data":{"pageNum":1,"pageSize":10,"size":1,"pages":1,"total":1,"list":[{"id":"9c178ab462874ed28e92d245310e719f","organization":"新源科技","tenant":"bitnei-cn","contactName":"新源科技","contactEmail":"zhanghailong@bitnei.cn","connectMobile":"18918901890","origin":"REGISTER_FREE","userNum":15,"createTime":"2019-07-12 15:18:48","status":"ACTIVE","title":"Boss","superId":"782783112a42461298fbea5e0b5942c3","createBy":"SaaS@bitnei.cn","projectName":"新能源汽车大数据平台","userQuantity":30,"logo":null}]},"error":false}]]>
              </value>
            </param>
          </params>
          <reporter-output>
          </reporter-output>
        </test-method> <!-- UserInfoQueryData -->
        <test-method status="PASS" signature="UserInfoQueryData(java.lang.String, java.lang.String, java.lang.String, java.lang.String)[pri:0, instance:com.bitnei.apitest.testcases.saas.PostBackSaas@530612ba]" name="UserInfoQueryData" duration-ms="170" started-at="2020-03-31T03:35:26Z" description="saas后台用户查询" data-provider="dp" finished-at="2020-03-31T03:35:26Z">
          <params>
            <param index="0">
              <value>
                <![CDATA[按手机号码查询租户]]>
              </value>
            </param>
            <param index="1">
              <value>
                <![CDATA[/user-center/tenant/list]]>
              </value>
            </param>
            <param index="2">
              <value>
                <![CDATA[{"startTime":"","endTime":"","email":"","mobile":"18918901890","origin":"REGISTER_FREE","status":"","tenant":""}]]>
              </value>
            </param>
            <param index="3">
              <value>
                <![CDATA[{"status":200,"errorMsg":null,"data":{"pageNum":1,"pageSize":10,"size":1,"pages":1,"total":1,"list":[{"id":"9c178ab462874ed28e92d245310e719f","organization":"新源科技","tenant":"bitnei-cn","contactName":"新源科技","contactEmail":"zhanghailong@bitnei.cn","connectMobile":"18918901890","origin":"REGISTER_FREE","userNum":15,"createTime":"2019-07-12 15:18:48","status":"ACTIVE","title":"Boss","superId":"782783112a42461298fbea5e0b5942c3","createBy":"SaaS@bitnei.cn","projectName":"新能源汽车大数据平台","userQuantity":30,"logo":null}]},"error":false}]]>
              </value>
            </param>
          </params>
          <reporter-output>
          </reporter-output>
        </test-method> <!-- UserInfoQueryData -->
        <test-method status="PASS" signature="UserInfoQueryData(java.lang.String, java.lang.String, java.lang.String, java.lang.String)[pri:0, instance:com.bitnei.apitest.testcases.saas.PostBackSaas@530612ba]" name="UserInfoQueryData" duration-ms="202" started-at="2020-03-31T03:35:26Z" description="saas后台用户查询" data-provider="dp" finished-at="2020-03-31T03:35:26Z">
          <params>
            <param index="0">
              <value>
                <![CDATA[按创建时间查询租户]]>
              </value>
            </param>
            <param index="1">
              <value>
                <![CDATA[/user-center/tenant/list]]>
              </value>
            </param>
            <param index="2">
              <value>
                <![CDATA[{"startTime":"2019-07-13 04:55:07","endTime":"2019-07-14 04:55:07","email":"","mobile":"","origin":"","status":"","tenant":""}]]>
              </value>
            </param>
            <param index="3">
              <value>
                <![CDATA[{"status":200,"errorMsg":null,"data":{"pageNum":1,"pageSize":10,"size":1,"pages":1,"total":1,"list":[{"id":"39246a3068db4b9f898e09930f1c1b1e","organization":"lgxy","tenant":"bitnei-cn241053","contactName":"tzy","contactEmail":"tangzhiyuan@bitnei.cn","connectMobile":"13333333333","origin":"REGISTER_FREE","userNum":5,"createTime":"2019-07-13 09:42:08","status":"ACTIVE","title":"","superId":"161722287b0647e9bc3660f03431cc57","createBy":"tangzhiyuan@bitnei.cn","projectName":"新能源汽车大数据平台","userQuantity":10,"logo":null}]},"error":false}]]>
              </value>
            </param>
          </params>
          <reporter-output>
          </reporter-output>
        </test-method> <!-- UserInfoQueryData -->
        <test-method status="PASS" signature="UserInfoQueryData(java.lang.String, java.lang.String, java.lang.String, java.lang.String)[pri:0, instance:com.bitnei.apitest.testcases.saas.PostBackSaas@530612ba]" name="UserInfoQueryData" duration-ms="169" started-at="2020-03-31T03:35:26Z" description="saas后台用户查询" data-provider="dp" finished-at="2020-03-31T03:35:26Z">
          <params>
            <param index="0">
              <value>
                <![CDATA[按用户类型和邮箱查询租户]]>
              </value>
            </param>
            <param index="1">
              <value>
                <![CDATA[/user-center/tenant/list]]>
              </value>
            </param>
            <param index="2">
              <value>
                <![CDATA[{"startTime":"","endTime":"","email":"SaaS@bitnei.cn","mobile":"","origin":"","status":"","tenant":""}]]>
              </value>
            </param>
            <param index="3">
              <value>
                <![CDATA[{"status":200,"errorMsg":null,"data":{"pageNum":1,"pageSize":10,"size":1,"pages":1,"total":1,"list":[{"id":"aa2a8a54936542b48e78346cb4f0df33","organization":"新源科技","tenant":"bitnei-cn110222","contactName":"SaaS","contactEmail":"SaaS@bitnei.cn","connectMobile":"18110024813","origin":"BACKEND_ADD","userNum":1,"createTime":"2020-01-16 09:12:12","status":"ACTIVE","title":"test","superId":"47aa131dd5af48b59f51a588fb0d3a15","createBy":"SaaS@bitnei.cn","projectName":"新能源汽车大数据平台2","userQuantity":5,"logo":null}]},"error":false}]]>
              </value>
            </param>
          </params>
          <reporter-output>
          </reporter-output>
        </test-method> <!-- UserInfoQueryData -->
        <test-method status="PASS" signature="UserInfoQueryData(java.lang.String, java.lang.String, java.lang.String, java.lang.String)[pri:0, instance:com.bitnei.apitest.testcases.saas.PostBackSaas@530612ba]" name="UserInfoQueryData" duration-ms="141" started-at="2020-03-31T03:35:26Z" description="saas后台用户查询" data-provider="dp" finished-at="2020-03-31T03:35:27Z">
          <params>
            <param index="0">
              <value>
                <![CDATA[重复添加租户]]>
              </value>
            </param>
            <param index="1">
              <value>
                <![CDATA[/user-center/tenant]]>
              </value>
            </param>
            <param index="2">
              <value>
                <![CDATA[{"email":"hangang@bitnei.cn","mobile":"13311123333","name":"hangang","title":"","organization":"test","password":"abc123","conformPassword":""}]]>
              </value>
            </param>
            <param index="3">
              <value>
                <![CDATA[{"status":400,"errorMsg":"str:用户hangang@bitnei.cn已经存在","data":null,"error":true}]]>
              </value>
            </param>
          </params>
          <reporter-output>
          </reporter-output>
        </test-method> <!-- UserInfoQueryData -->
        <test-method status="PASS" signature="UserInfoQueryData(java.lang.String, java.lang.String, java.lang.String, java.lang.String)[pri:0, instance:com.bitnei.apitest.testcases.saas.PostBackSaas@530612ba]" name="UserInfoQueryData" duration-ms="109" started-at="2020-03-31T03:35:27Z" description="saas后台用户查询" data-provider="dp" finished-at="2020-03-31T03:35:27Z">
          <params>
            <param index="0">
              <value>
                <![CDATA[用户列表查询]]>
              </value>
            </param>
            <param index="1">
              <value>
                <![CDATA[/user-center/userInfo/yuanian-com/list]]>
              </value>
            </param>
            <param index="2">
              <value>
                <![CDATA[{"createTimeRange":{"from":"","to":""},"email":"","mobile":"","nickName":"","origin":"","status":"","userRole":""}]]>
              </value>
            </param>
            <param index="3">
              <value>
                <![CDATA[{"status":200,"errorMsg":null,"data":{"pageNum":1,"pageSize":10,"size":1,"pages":1,"total":1,"list":[{"typeName":"UserAdmin","id":"9a5703ed2e9e46a7b31c82b0105b7c41","username":"zhanghr@yuanian.com","nickName":"xdf","email":"zhanghr@yuanian.com","mobile":"13234454556","password":"N/A","title":null,"status":"ACTIVE","createBy":"zhanghr@yuanian.com","createTime":"2019-08-05 16:10:42","tenant":"yuanian-com","origin":"REGISTER","super":true,"admin":true}]},"error":false}]]>
              </value>
            </param>
          </params>
          <reporter-output>
          </reporter-output>
        </test-method> <!-- UserInfoQueryData -->
        <test-method status="PASS" signature="UserInfoQueryData(java.lang.String, java.lang.String, java.lang.String, java.lang.String)[pri:0, instance:com.bitnei.apitest.testcases.saas.PostBackSaas@530612ba]" name="UserInfoQueryData" duration-ms="517" started-at="2020-03-31T03:35:27Z" description="saas后台用户查询" data-provider="dp" finished-at="2020-03-31T03:35:27Z">
          <params>
            <param index="0">
              <value>
                <![CDATA[后台租户邀请用户已存在]]>
              </value>
            </param>
            <param index="1">
              <value>
                <![CDATA[/user-center/user/bitnei-cn/invite]]>
              </value>
            </param>
            <param index="2">
              <value>
                <![CDATA[{"admin":false,"email":"hangang@bitnei.cn","mobile":"13411112222","nickName":"hangang","title":""}]]>
              </value>
            </param>
            <param index="3">
              <value>
                <![CDATA[{"status":400,"errorMsg":"str:用户hangang@bitnei.cn已经存在","data":null,"error":true}]]>
              </value>
            </param>
          </params>
          <reporter-output>
          </reporter-output>
        </test-method> <!-- UserInfoQueryData -->
      </class> <!-- com.bitnei.apitest.testcases.saas.PostBackSaas -->
    </test> <!-- Default test -->
  </suite> <!-- apitest -->
</testng-results>
