<?xml version="1.0" encoding="UTF-8"?>
<testng-results skipped="0" failed="0" ignored="0" total="1" passed="1">
  <reporter-output>
  </reporter-output>
  <suite name="apitest" duration-ms="1132" started-at="2019-02-25T11:02:49Z" finished-at="2019-02-25T11:02:50Z">
    <groups>
    </groups>
    <test name="Default test" duration-ms="1132" started-at="2019-02-25T11:02:49Z" finished-at="2019-02-25T11:02:50Z">
      <class name="com.bitnei.apitest.testcases.saas.UserInfoQuery">
        <test-method status="PASS" signature="setUp(java.lang.String)[pri:0, instance:com.bitnei.apitest.testcases.saas.UserInfoQuery@1d16f93d]" name="setUp" is-config="true" duration-ms="975" started-at="2019-02-25T11:02:49Z" finished-at="2019-02-25T11:02:50Z">
          <params>
            <param index="0">
              <value>
                <![CDATA[http://10.10.26.109:85]]>
              </value>
            </param>
          </params>
          <reporter-output>
          </reporter-output>
        </test-method> <!-- setUp -->
        <test-method status="PASS" signature="UserInfoQueryData(java.lang.String)[pri:0, instance:com.bitnei.apitest.testcases.saas.UserInfoQuery@1d16f93d]" name="UserInfoQueryData" duration-ms="139" started-at="2019-02-25T11:02:50Z" description="saas平台用户查询" data-provider="dataprovider1" finished-at="2019-02-25T11:02:50Z">
          <params>
            <param index="0">
              <value>
                <![CDATA[{"status":200,"errorMsg":null,"data":[{"id":"5a51de0cc97e48ea8580d46796724a82","username":"xiejunjun@bitnei.cn","nickName":"xiejunjun","email":"xiejunjun@bitnei.cn","mobile":"13122223333","password":null,"title":"","status":"ACTIVE","createBy":"yaomeng@bitnei.cn","createTime":"2019-02-22 06:25:52","lastUpdateTime":"2019-02-22 06:34:26","tenant":"bitnei-cn","origin":"INVITE","admin":false}],"error":false}]]>
              </value>
            </param>
          </params>
          <reporter-output>
          </reporter-output>
        </test-method> <!-- UserInfoQueryData -->
      </class> <!-- com.bitnei.apitest.testcases.saas.UserInfoQuery -->
    </test> <!-- Default test -->
  </suite> <!-- apitest -->
</testng-results>
