<?xml version="1.0" encoding="UTF-8"?>
<testng-results skipped="0" failed="0" ignored="0" total="24" passed="24">
  <reporter-output>
  </reporter-output>
  <suite name="apitest" duration-ms="11283" started-at="2019-11-06T07:06:49Z" finished-at="2019-11-06T07:07:00Z">
    <groups>
    </groups>
    <test name="Default test" duration-ms="11283" started-at="2019-11-06T07:06:49Z" finished-at="2019-11-06T07:07:00Z">
      <class name="com.bitnei.apitest.testcases.saas.YiQiFieldAlias">
        <test-method status="PASS" signature="setUp(java.lang.String, java.lang.String)[pri:0, instance:com.bitnei.apitest.testcases.saas.YiQiFieldAlias@50de0926]" name="setUp" is-config="true" duration-ms="1599" started-at="2019-11-06T07:06:49Z" finished-at="2019-11-06T07:06:50Z">
          <params>
            <param index="0">
              <value>
                <![CDATA[http://test-saas.bitnei.cn]]>
              </value>
            </param>
            <param index="1">
              <value>
                <![CDATA[src/main/resources/TEST.xlsx]]>
              </value>
            </param>
          </params>
          <reporter-output>
          </reporter-output>
        </test-method> <!-- setUp -->
        <test-method status="PASS" signature="RasDataSet(java.lang.String, java.lang.String, java.lang.String, java.lang.String)[pri:0, instance:com.bitnei.apitest.testcases.saas.YiQiFieldAlias@50de0926]" name="RasDataSet" duration-ms="1589" started-at="2019-11-06T07:06:50Z" description="yiqi数据集修改指标别名" data-provider="dp" finished-at="2019-11-06T07:06:52Z">
          <params>
            <param index="0">
              <value>
                <![CDATA[stat_alarm]]>
              </value>
            </param>
            <param index="1">
              <value>
                <![CDATA[/ras/dataset]]>
              </value>
            </param>
            <param index="2">
              <value>
                <![CDATA[{"dataSetID":"DATASETa35882e2e5f64e1290e553e87b8cb0c0","dataSetName":"stat_alarm_active_time","dataSourceList":[{"dataSourceID":"DATASOURCEcf953f60e7184f0cbacecc72bae129e6","dataSourceType":"mysql","dataSourceName":"一汽"}],"selectedTables":["DATASOURCEcf953f60e7184f0cbacecc72bae129e6.stat_alarm_active_time"],"createdBy":"zhanghr@yuanian.com","createdTime":"2019-11-06 14:10:11","updatedTime":"2019-11-06 14:35:57","cardNum":0,"action":"write","starSchemas":[{"factTable":"stat_alarm_active_time","allJoins":null,"allMeasures":[{"factTable":"stat_alarm_active_time","fieldName":"active_time_month","dataType":"Numeric","measureDisplayName":"SUM Active time month","format":"NONE","aggregationType":"SUM"},{"factTable":"stat_alarm_active_time","fieldName":"alarm_level","dataType":"Numeric","measureDisplayName":"SUM Alarm level","format":"NONE","aggregationType":"SUM"},{"factTable":"stat_alarm_active_time","fieldName":"category","dataType":"Numeric","measureDisplayName":"SUM Category","format":"NONE","aggregationType":"SUM"},{"factTable":"stat_alarm_active_time","fieldName":"curb_weight","dataType":"Numeric","measureDisplayName":"SUM Curb weight","format":"NONE","aggregationType":"SUM"},{"factTable":"stat_alarm_active_time","fieldName":"diff_cell_volt","dataType":"Decimal","measureDisplayName":"SUM Diff cell volt","format":"NONE","aggregationType":"SUM"},{"factTable":"stat_alarm_active_time","fieldName":"drive_range","dataType":"Numeric","measureDisplayName":"SUM Drive range","format":"NONE","aggregationType":"SUM"},{"factTable":"stat_alarm_active_time","fieldName":"mileage","dataType":"Numeric","measureDisplayName":"SUM Mileage","format":"NONE","aggregationType":"SUM"},{"factTable":"stat_alarm_active_time","fieldName":"power","dataType":"Numeric","measureDisplayName":"SUM Power","format":"NONE","aggregationType":"SUM"},{"factTable":"stat_alarm_active_time","fieldName":"power_100km","dataType":"Numeric","measureDisplayName":"SUM Power 100km","format":"NONE","aggregationType":"SUM"},{"factTable":"stat_alarm_active_time","fieldName":"power_amount","dataType":"Numeric","measureDisplayName":"SUM Power amount","format":"NONE","aggregationType":"SUM"},{"factTable":"stat_alarm_active_time","fieldName":"rating_volt","dataType":"Numeric","measureDisplayName":"SUM Rating volt","format":"NONE","aggregationType":"SUM"},{"factTable":"stat_alarm_active_time","fieldName":"rating_volumn","dataType":"Numeric","measureDisplayName":"SUM Rating volumn","format":"NONE","aggregationType":"SUM"},{"factTable":"stat_alarm_active_time","fieldName":"run_time_hour","dataType":"Numeric","measureDisplayName":"SUM Run time hour","format":"NONE","aggregationType":"SUM"},{"factTable":"stat_alarm_active_time","fieldName":"speed","dataType":"Numeric","measureDisplayName":"SUM Speed","format":"NONE","aggregationType":"SUM"},{"factTable":"stat_alarm_active_time","fieldName":"speed_30_minute","dataType":"Numeric","measureDisplayName":"SUM Speed 30 minute","format":"NONE","aggregationType":"SUM"},{"factTable":"stat_alarm_active_time","fieldName":"total","dataType":"Numeric","measureDisplayName":"SUM Total","format":"NONE","aggregationType":"SUM"}],"allDimensions":[{"dimensionName":"Stat alarm 0 01","dimensionType":"StandardDimension","tableName":"stat_alarm_active_time","allHierachies":[{"hierachyName":"Battery type","allLevels":[{"levelName":"Battery type","fieldName":"battery_type","dataType":"String"}]},{"hierachyName":"Cell enterprise","allLevels":[{"levelName":"Cell enterprise","fieldName":"cell_enterprise","dataType":"String"}]},{"hierachyName":"Charge type","allLevels":[{"levelName":"Charge type","fieldName":"charge_type","dataType":"String"}]},{"hierachyName":"City","allLevels":[{"levelName":"City","fieldName":"city","dataType":"String"}]},{"hierachyName":"Day type","allLevels":[{"levelName":"Day type","fieldName":"day_type","dataType":"String"}]},{"hierachyName":"Dict name","allLevels":[{"levelName":"Dict name","fieldName":"dict_name","dataType":"String"}]},{"hierachyName":"Is biz","allLevels":[{"levelName":"Is biz","fieldName":"is_biz","dataType":"String"}]},{"hierachyName":"Model name","allLevels":[{"levelName":"Model name","fieldName":"model_name","dataType":"String"}]},{"hierachyName":"Month","allLevels":[{"levelName":"Month","fieldName":"month","dataType":"String"}]},{"hierachyName":"Package enterprise","allLevels":[{"levelName":"Package enterprise","fieldName":"package_enterprise","dataType":"String"}]},{"hierachyName":"Province","allLevels":[{"levelName":"Province","fieldName":"province","dataType":"String"}]},{"hierachyName":"Season","allLevels":[{"levelName":"Season","fieldName":"season","dataType":"String"}]},{"hierachyName":"Veh level","allLevels":[{"levelName":"Veh level","fieldName":"veh_level","dataType":"String"}]},{"hierachyName":"Veh type","allLevels":[{"levelName":"Veh type","fieldName":"veh_type","dataType":"String"}]}]}]}],"fhCube":{"datasourceId":"DATASOURCEcf953f60e7184f0cbacecc72bae129e6","schema":{"catalog":"yiqi","name":"stat_alarm_active_time","fields":[{"fieldName":"alarm_level","fieldAlias":"报警等级","fieldNativeType":"INT","fieldType":"Num"},{"fieldName":"day_type","fieldAlias":"工作日/周末","fieldNativeType":"VARCHAR","fieldType":"Str"},{"fieldName":"season","fieldAlias":"季节","fieldNativeType":"VARCHAR","fieldType":"Str"},{"fieldName":"province","fieldAlias":"省","fieldNativeType":"VARCHAR","fieldType":"Str"},{"fieldName":"city","fieldAlias":"市","fieldNativeType":"VARCHAR","fieldType":"Str"},{"fieldName":"category","fieldAlias":"车辆状态","fieldNativeType":"INT","fieldType":"Num"},{"fieldName":"charge_type","fieldAlias":"充电类型","fieldNativeType":"VARCHAR","fieldType":"Str"},{"fieldName":"model_name","fieldAlias":"车型","fieldNativeType":"VARCHAR","fieldType":"Str"},{"fieldName":"dict_name","fieldAlias":"用途","fieldNativeType":"VARCHAR","fieldType":"Str"},{"fieldName":"veh_level","fieldAlias":"车辆级别","fieldNativeType":"VARCHAR","fieldType":"Str"},{"fieldName":"veh_type","fieldAlias":"车辆类型","fieldNativeType":"VARCHAR","fieldType":"Str"},{"fieldName":"power_amount","fieldAlias":"储能装置总能量KwH","fieldNativeType":"INT","fieldType":"Num"},{"fieldName":"rating_volt","fieldAlias":"额定电压V","fieldNativeType":"INT","fieldType":"Num"},{"fieldName":"rating_volumn","fieldAlias":"标称容量","fieldNativeType":"INT","fieldType":"Num"},{"fieldName":"battery_type","fieldAlias":"储能装置类型","fieldNativeType":"VARCHAR","fieldType":"Str"},{"fieldName":"cell_enterprise","fieldAlias":"电池生产企业","fieldNativeType":"VARCHAR","fieldType":"Str"},{"fieldName":"package_enterprise","fieldAlias":"电池包厂商","fieldNativeType":"VARCHAR","fieldType":"Str"},{"fieldName":"is_biz","fieldAlias":"是否运营","fieldNativeType":"VARCHAR","fieldType":"Str"},{"fieldName":"speed_30_minute","fieldAlias":"30分钟最高车速","fieldNativeType":"INT","fieldType":"Num"},{"fieldName":"curb_weight","fieldAlias":"整备质量","fieldNativeType":"INT","fieldType":"Num"},{"fieldName":"power_100km","fieldAlias":"标称百公里耗电量","fieldNativeType":"INT","fieldType":"Num"},{"fieldName":"drive_range","fieldAlias":"续驶里程","fieldNativeType":"INT","fieldType":"Num"},{"fieldName":"total","fieldAlias":"数量","fieldNativeType":"BIGINT","fieldType":"Num"},{"fieldName":"active_time_hour","fieldAlias":"活跃时长","fieldType":"Num","fieldNativeType":"INT"},{"fieldName":"alarm_code","fieldAlias":"报警编码","fieldNativeType":"INT","fieldType":"Num"},{"fieldName":"alarm_month","fieldAlias":"报警月","fieldNativeType":"VARCHAR","fieldType":"Str"},{"fieldName":"alarm_name","fieldAlias":"报警名称","fieldNativeType":"VARCHAR","fieldType":"Str"}]},"dataSourceType":"mysql"},"olapEnable":true,"fhEnable":true,"dataSourceType":"mysql"}]]>
              </value>
            </param>
            <param index="3">
              <value>
                <![CDATA[200]]>
              </value>
            </param>
          </params>
          <reporter-output>
          </reporter-output>
        </test-method> <!-- RasDataSet -->
        <test-method status="PASS" signature="RasDataSet(java.lang.String, java.lang.String, java.lang.String, java.lang.String)[pri:0, instance:com.bitnei.apitest.testcases.saas.YiQiFieldAlias@50de0926]" name="RasDataSet" duration-ms="332" started-at="2019-11-06T07:06:52Z" description="yiqi数据集修改指标别名" data-provider="dp" finished-at="2019-11-06T07:06:52Z">
          <params>
            <param index="0">
              <value>
                <![CDATA[stat_alarm]]>
              </value>
            </param>
            <param index="1">
              <value>
                <![CDATA[/ras/dataset]]>
              </value>
            </param>
            <param index="2">
              <value>
                <![CDATA[{"dataSetID":"DATASET9f0dd873f2904d80a3c44f53ea383fcc","dataSetName":"stat_alarm_active_time_code","dataSourceList":[{"dataSourceID":"DATASOURCEcf953f60e7184f0cbacecc72bae129e6","dataSourceType":"mysql","dataSourceName":"一汽"}],"selectedTables":["DATASOURCEcf953f60e7184f0cbacecc72bae129e6.stat_alarm_active_time_code"],"createdBy":"zhanghr@yuanian.com","createdTime":"2019-11-06 14:10:11","updatedTime":"2019-11-06 14:35:57","cardNum":0,"action":"write","starSchemas":[{"factTable":"stat_alarm_active_time_code","allJoins":null,"allMeasures":[{"factTable":"stat_alarm_active_time_code","fieldName":"active_time_month","dataType":"Numeric","measureDisplayName":"SUM Active time month","format":"NONE","aggregationType":"SUM"},{"factTable":"stat_alarm_active_time_code","fieldName":"alarm_level","dataType":"Numeric","measureDisplayName":"SUM Alarm level","format":"NONE","aggregationType":"SUM"},{"factTable":"stat_alarm_active_time_code","fieldName":"category","dataType":"Numeric","measureDisplayName":"SUM Category","format":"NONE","aggregationType":"SUM"},{"factTable":"stat_alarm_active_time_code","fieldName":"curb_weight","dataType":"Numeric","measureDisplayName":"SUM Curb weight","format":"NONE","aggregationType":"SUM"},{"factTable":"stat_alarm_active_time_code","fieldName":"diff_cell_volt","dataType":"Decimal","measureDisplayName":"SUM Diff cell volt","format":"NONE","aggregationType":"SUM"},{"factTable":"stat_alarm_active_time_code","fieldName":"drive_range","dataType":"Numeric","measureDisplayName":"SUM Drive range","format":"NONE","aggregationType":"SUM"},{"factTable":"stat_alarm_active_time_code","fieldName":"mileage","dataType":"Numeric","measureDisplayName":"SUM Mileage","format":"NONE","aggregationType":"SUM"},{"factTable":"stat_alarm_active_time_code","fieldName":"power","dataType":"Numeric","measureDisplayName":"SUM Power","format":"NONE","aggregationType":"SUM"},{"factTable":"stat_alarm_active_time_code","fieldName":"power_100km","dataType":"Numeric","measureDisplayName":"SUM Power 100km","format":"NONE","aggregationType":"SUM"},{"factTable":"stat_alarm_active_time_code","fieldName":"power_amount","dataType":"Numeric","measureDisplayName":"SUM Power amount","format":"NONE","aggregationType":"SUM"},{"factTable":"stat_alarm_active_time_code","fieldName":"rating_volt","dataType":"Numeric","measureDisplayName":"SUM Rating volt","format":"NONE","aggregationType":"SUM"},{"factTable":"stat_alarm_active_time_code","fieldName":"rating_volumn","dataType":"Numeric","measureDisplayName":"SUM Rating volumn","format":"NONE","aggregationType":"SUM"},{"factTable":"stat_alarm_active_time_code","fieldName":"run_time_hour","dataType":"Numeric","measureDisplayName":"SUM Run time hour","format":"NONE","aggregationType":"SUM"},{"factTable":"stat_alarm_active_time_code","fieldName":"speed","dataType":"Numeric","measureDisplayName":"SUM Speed","format":"NONE","aggregationType":"SUM"},{"factTable":"stat_alarm_active_time_code","fieldName":"speed_30_minute","dataType":"Numeric","measureDisplayName":"SUM Speed 30 minute","format":"NONE","aggregationType":"SUM"},{"factTable":"stat_alarm_active_time_code","fieldName":"total","dataType":"Numeric","measureDisplayName":"SUM Total","format":"NONE","aggregationType":"SUM"}],"allDimensions":[{"dimensionName":"Stat alarm 0 01","dimensionType":"StandardDimension","tableName":"stat_alarm_active_time_code","allHierachies":[{"hierachyName":"Battery type","allLevels":[{"levelName":"Battery type","fieldName":"battery_type","dataType":"String"}]},{"hierachyName":"Cell enterprise","allLevels":[{"levelName":"Cell enterprise","fieldName":"cell_enterprise","dataType":"String"}]},{"hierachyName":"Charge type","allLevels":[{"levelName":"Charge type","fieldName":"charge_type","dataType":"String"}]},{"hierachyName":"City","allLevels":[{"levelName":"City","fieldName":"city","dataType":"String"}]},{"hierachyName":"Day type","allLevels":[{"levelName":"Day type","fieldName":"day_type","dataType":"String"}]},{"hierachyName":"Dict name","allLevels":[{"levelName":"Dict name","fieldName":"dict_name","dataType":"String"}]},{"hierachyName":"Is biz","allLevels":[{"levelName":"Is biz","fieldName":"is_biz","dataType":"String"}]},{"hierachyName":"Model name","allLevels":[{"levelName":"Model name","fieldName":"model_name","dataType":"String"}]},{"hierachyName":"Month","allLevels":[{"levelName":"Month","fieldName":"month","dataType":"String"}]},{"hierachyName":"Package enterprise","allLevels":[{"levelName":"Package enterprise","fieldName":"package_enterprise","dataType":"String"}]},{"hierachyName":"Province","allLevels":[{"levelName":"Province","fieldName":"province","dataType":"String"}]},{"hierachyName":"Season","allLevels":[{"levelName":"Season","fieldName":"season","dataType":"String"}]},{"hierachyName":"Veh level","allLevels":[{"levelName":"Veh level","fieldName":"veh_level","dataType":"String"}]},{"hierachyName":"Veh type","allLevels":[{"levelName":"Veh type","fieldName":"veh_type","dataType":"String"}]}]}]}],"fhCube":{"datasourceId":"DATASOURCEcf953f60e7184f0cbacecc72bae129e6","schema":{"catalog":"yiqi","name":"stat_alarm_active_time_code","fields":[{"fieldName":"alarm_level","fieldAlias":"报警等级","fieldNativeType":"INT","fieldType":"Num"},{"fieldName":"day_type","fieldAlias":"工作日/周末","fieldNativeType":"VARCHAR","fieldType":"Str"},{"fieldName":"season","fieldAlias":"季节","fieldNativeType":"VARCHAR","fieldType":"Str"},{"fieldName":"province","fieldAlias":"省","fieldNativeType":"VARCHAR","fieldType":"Str"},{"fieldName":"city","fieldAlias":"市","fieldNativeType":"VARCHAR","fieldType":"Str"},{"fieldName":"category","fieldAlias":"车辆状态","fieldNativeType":"INT","fieldType":"Num"},{"fieldName":"charge_type","fieldAlias":"充电类型","fieldNativeType":"VARCHAR","fieldType":"Str"},{"fieldName":"model_name","fieldAlias":"车型","fieldNativeType":"VARCHAR","fieldType":"Str"},{"fieldName":"dict_name","fieldAlias":"用途","fieldNativeType":"VARCHAR","fieldType":"Str"},{"fieldName":"veh_level","fieldAlias":"车辆级别","fieldNativeType":"VARCHAR","fieldType":"Str"},{"fieldName":"veh_type","fieldAlias":"车辆类型","fieldNativeType":"VARCHAR","fieldType":"Str"},{"fieldName":"power_amount","fieldAlias":"储能装置总能量KwH","fieldNativeType":"INT","fieldType":"Num"},{"fieldName":"rating_volt","fieldAlias":"额定电压V","fieldNativeType":"INT","fieldType":"Num"},{"fieldName":"rating_volumn","fieldAlias":"标称容量","fieldNativeType":"INT","fieldType":"Num"},{"fieldName":"battery_type","fieldAlias":"储能装置类型","fieldNativeType":"VARCHAR","fieldType":"Str"},{"fieldName":"cell_enterprise","fieldAlias":"电池生产企业","fieldNativeType":"VARCHAR","fieldType":"Str"},{"fieldName":"package_enterprise","fieldAlias":"电池包厂商","fieldNativeType":"VARCHAR","fieldType":"Str"},{"fieldName":"is_biz","fieldAlias":"是否运营","fieldNativeType":"VARCHAR","fieldType":"Str"},{"fieldName":"speed_30_minute","fieldAlias":"30分钟最高车速","fieldNativeType":"INT","fieldType":"Num"},{"fieldName":"curb_weight","fieldAlias":"整备质量","fieldNativeType":"INT","fieldType":"Num"},{"fieldName":"power_100km","fieldAlias":"标称百公里耗电量","fieldNativeType":"INT","fieldType":"Num"},{"fieldName":"drive_range","fieldAlias":"续驶里程","fieldNativeType":"INT","fieldType":"Num"},{"fieldName":"total","fieldAlias":"数量","fieldNativeType":"BIGINT","fieldType":"Num"},{"fieldName":"active_time_hour","fieldAlias":"活跃时长","fieldType":"Num","fieldNativeType":"INT"},{"fieldName":"alarm_code","fieldAlias":"报警编码","fieldNativeType":"INT","fieldType":"Num"},{"fieldName":"alarm_month","fieldAlias":"报警月","fieldNativeType":"VARCHAR","fieldType":"Str"},{"fieldName":"alarm_name","fieldAlias":"报警名称","fieldNativeType":"VARCHAR","fieldType":"Str"}]},"dataSourceType":"mysql"},"olapEnable":true,"fhEnable":true,"dataSourceType":"mysql"}]]>
              </value>
            </param>
            <param index="3">
              <value>
                <![CDATA[200]]>
              </value>
            </param>
          </params>
          <reporter-output>
          </reporter-output>
        </test-method> <!-- RasDataSet -->
        <test-method status="PASS" signature="RasDataSet(java.lang.String, java.lang.String, java.lang.String, java.lang.String)[pri:0, instance:com.bitnei.apitest.testcases.saas.YiQiFieldAlias@50de0926]" name="RasDataSet" duration-ms="394" started-at="2019-11-06T07:06:52Z" description="yiqi数据集修改指标别名" data-provider="dp" finished-at="2019-11-06T07:06:53Z">
          <params>
            <param index="0">
              <value>
                <![CDATA[stat_alarm]]>
              </value>
            </param>
            <param index="1">
              <value>
                <![CDATA[/ras/dataset]]>
              </value>
            </param>
            <param index="2">
              <value>
                <![CDATA[{"dataSetID":"DATASETba16e612278b419185aee1352a326af1","dataSetName":"stat_alarm_active_time_level","dataSourceList":[{"dataSourceID":"DATASOURCEcf953f60e7184f0cbacecc72bae129e6","dataSourceType":"mysql","dataSourceName":"一汽"}],"selectedTables":["DATASOURCEcf953f60e7184f0cbacecc72bae129e6.stat_alarm_active_time_level"],"createdBy":"zhanghr@yuanian.com","createdTime":"2019-11-06 14:10:11","updatedTime":"2019-11-06 14:35:57","cardNum":0,"action":"write","starSchemas":[{"factTable":"stat_alarm_active_time_level","allJoins":null,"allMeasures":[{"factTable":"stat_alarm_active_time_level","fieldName":"active_time_month","dataType":"Numeric","measureDisplayName":"SUM Active time month","format":"NONE","aggregationType":"SUM"},{"factTable":"stat_alarm_active_time_level","fieldName":"alarm_level","dataType":"Numeric","measureDisplayName":"SUM Alarm level","format":"NONE","aggregationType":"SUM"},{"factTable":"stat_alarm_active_time_level","fieldName":"category","dataType":"Numeric","measureDisplayName":"SUM Category","format":"NONE","aggregationType":"SUM"},{"factTable":"stat_alarm_active_time_level","fieldName":"curb_weight","dataType":"Numeric","measureDisplayName":"SUM Curb weight","format":"NONE","aggregationType":"SUM"},{"factTable":"stat_alarm_active_time_level","fieldName":"diff_cell_volt","dataType":"Decimal","measureDisplayName":"SUM Diff cell volt","format":"NONE","aggregationType":"SUM"},{"factTable":"stat_alarm_active_time_level","fieldName":"drive_range","dataType":"Numeric","measureDisplayName":"SUM Drive range","format":"NONE","aggregationType":"SUM"},{"factTable":"stat_alarm_active_time_level","fieldName":"mileage","dataType":"Numeric","measureDisplayName":"SUM Mileage","format":"NONE","aggregationType":"SUM"},{"factTable":"stat_alarm_active_time_level","fieldName":"power","dataType":"Numeric","measureDisplayName":"SUM Power","format":"NONE","aggregationType":"SUM"},{"factTable":"stat_alarm_active_time_level","fieldName":"power_100km","dataType":"Numeric","measureDisplayName":"SUM Power 100km","format":"NONE","aggregationType":"SUM"},{"factTable":"stat_alarm_active_time_level","fieldName":"power_amount","dataType":"Numeric","measureDisplayName":"SUM Power amount","format":"NONE","aggregationType":"SUM"},{"factTable":"stat_alarm_active_time_level","fieldName":"rating_volt","dataType":"Numeric","measureDisplayName":"SUM Rating volt","format":"NONE","aggregationType":"SUM"},{"factTable":"stat_alarm_active_time_level","fieldName":"rating_volumn","dataType":"Numeric","measureDisplayName":"SUM Rating volumn","format":"NONE","aggregationType":"SUM"},{"factTable":"stat_alarm_active_time_level","fieldName":"run_time_hour","dataType":"Numeric","measureDisplayName":"SUM Run time hour","format":"NONE","aggregationType":"SUM"},{"factTable":"stat_alarm_active_time_level","fieldName":"speed","dataType":"Numeric","measureDisplayName":"SUM Speed","format":"NONE","aggregationType":"SUM"},{"factTable":"stat_alarm_active_time_level","fieldName":"speed_30_minute","dataType":"Numeric","measureDisplayName":"SUM Speed 30 minute","format":"NONE","aggregationType":"SUM"},{"factTable":"stat_alarm_active_time_level","fieldName":"total","dataType":"Numeric","measureDisplayName":"SUM Total","format":"NONE","aggregationType":"SUM"}],"allDimensions":[{"dimensionName":"Stat alarm 0 01","dimensionType":"StandardDimension","tableName":"stat_alarm_active_time_level","allHierachies":[{"hierachyName":"Battery type","allLevels":[{"levelName":"Battery type","fieldName":"battery_type","dataType":"String"}]},{"hierachyName":"Cell enterprise","allLevels":[{"levelName":"Cell enterprise","fieldName":"cell_enterprise","dataType":"String"}]},{"hierachyName":"Charge type","allLevels":[{"levelName":"Charge type","fieldName":"charge_type","dataType":"String"}]},{"hierachyName":"City","allLevels":[{"levelName":"City","fieldName":"city","dataType":"String"}]},{"hierachyName":"Day type","allLevels":[{"levelName":"Day type","fieldName":"day_type","dataType":"String"}]},{"hierachyName":"Dict name","allLevels":[{"levelName":"Dict name","fieldName":"dict_name","dataType":"String"}]},{"hierachyName":"Is biz","allLevels":[{"levelName":"Is biz","fieldName":"is_biz","dataType":"String"}]},{"hierachyName":"Model name","allLevels":[{"levelName":"Model name","fieldName":"model_name","dataType":"String"}]},{"hierachyName":"Month","allLevels":[{"levelName":"Month","fieldName":"month","dataType":"String"}]},{"hierachyName":"Package enterprise","allLevels":[{"levelName":"Package enterprise","fieldName":"package_enterprise","dataType":"String"}]},{"hierachyName":"Province","allLevels":[{"levelName":"Province","fieldName":"province","dataType":"String"}]},{"hierachyName":"Season","allLevels":[{"levelName":"Season","fieldName":"season","dataType":"String"}]},{"hierachyName":"Veh level","allLevels":[{"levelName":"Veh level","fieldName":"veh_level","dataType":"String"}]},{"hierachyName":"Veh type","allLevels":[{"levelName":"Veh type","fieldName":"veh_type","dataType":"String"}]}]}]}],"fhCube":{"datasourceId":"DATASOURCEcf953f60e7184f0cbacecc72bae129e6","schema":{"catalog":"yiqi","name":"stat_alarm_active_time_level","fields":[{"fieldName":"alarm_level","fieldAlias":"报警等级","fieldNativeType":"INT","fieldType":"Num"},{"fieldName":"day_type","fieldAlias":"工作日/周末","fieldNativeType":"VARCHAR","fieldType":"Str"},{"fieldName":"season","fieldAlias":"季节","fieldNativeType":"VARCHAR","fieldType":"Str"},{"fieldName":"province","fieldAlias":"省","fieldNativeType":"VARCHAR","fieldType":"Str"},{"fieldName":"city","fieldAlias":"市","fieldNativeType":"VARCHAR","fieldType":"Str"},{"fieldName":"category","fieldAlias":"车辆状态","fieldNativeType":"INT","fieldType":"Num"},{"fieldName":"charge_type","fieldAlias":"充电类型","fieldNativeType":"VARCHAR","fieldType":"Str"},{"fieldName":"model_name","fieldAlias":"车型","fieldNativeType":"VARCHAR","fieldType":"Str"},{"fieldName":"dict_name","fieldAlias":"用途","fieldNativeType":"VARCHAR","fieldType":"Str"},{"fieldName":"veh_level","fieldAlias":"车辆级别","fieldNativeType":"VARCHAR","fieldType":"Str"},{"fieldName":"veh_type","fieldAlias":"车辆类型","fieldNativeType":"VARCHAR","fieldType":"Str"},{"fieldName":"power_amount","fieldAlias":"储能装置总能量KwH","fieldNativeType":"INT","fieldType":"Num"},{"fieldName":"rating_volt","fieldAlias":"额定电压V","fieldNativeType":"INT","fieldType":"Num"},{"fieldName":"rating_volumn","fieldAlias":"标称容量","fieldNativeType":"INT","fieldType":"Num"},{"fieldName":"battery_type","fieldAlias":"储能装置类型","fieldNativeType":"VARCHAR","fieldType":"Str"},{"fieldName":"cell_enterprise","fieldAlias":"电池生产企业","fieldNativeType":"VARCHAR","fieldType":"Str"},{"fieldName":"package_enterprise","fieldAlias":"电池包厂商","fieldNativeType":"VARCHAR","fieldType":"Str"},{"fieldName":"is_biz","fieldAlias":"是否运营","fieldNativeType":"VARCHAR","fieldType":"Str"},{"fieldName":"speed_30_minute","fieldAlias":"30分钟最高车速","fieldNativeType":"INT","fieldType":"Num"},{"fieldName":"curb_weight","fieldAlias":"整备质量","fieldNativeType":"INT","fieldType":"Num"},{"fieldName":"power_100km","fieldAlias":"标称百公里耗电量","fieldNativeType":"INT","fieldType":"Num"},{"fieldName":"drive_range","fieldAlias":"续驶里程","fieldNativeType":"INT","fieldType":"Num"},{"fieldName":"total","fieldAlias":"数量","fieldNativeType":"BIGINT","fieldType":"Num"},{"fieldName":"active_time_hour","fieldAlias":"活跃时长","fieldType":"Num","fieldNativeType":"INT"},{"fieldName":"alarm_code","fieldAlias":"报警编码","fieldNativeType":"INT","fieldType":"Num"},{"fieldName":"alarm_month","fieldAlias":"报警月","fieldNativeType":"VARCHAR","fieldType":"Str"},{"fieldName":"alarm_name","fieldAlias":"报警名称","fieldNativeType":"VARCHAR","fieldType":"Str"}]},"dataSourceType":"mysql"},"olapEnable":true,"fhEnable":true,"dataSourceType":"mysql"}]]>
              </value>
            </param>
            <param index="3">
              <value>
                <![CDATA[200]]>
              </value>
            </param>
          </params>
          <reporter-output>
          </reporter-output>
        </test-method> <!-- RasDataSet -->
        <test-method status="PASS" signature="RasDataSet(java.lang.String, java.lang.String, java.lang.String, java.lang.String)[pri:0, instance:com.bitnei.apitest.testcases.saas.YiQiFieldAlias@50de0926]" name="RasDataSet" duration-ms="285" started-at="2019-11-06T07:06:53Z" description="yiqi数据集修改指标别名" data-provider="dp" finished-at="2019-11-06T07:06:53Z">
          <params>
            <param index="0">
              <value>
                <![CDATA[stat_alarm]]>
              </value>
            </param>
            <param index="1">
              <value>
                <![CDATA[/ras/dataset]]>
              </value>
            </param>
            <param index="2">
              <value>
                <![CDATA[{"dataSetID":"DATASET179466a909104831978d4ea6479129f9","dataSetName":"stat_alarm_env_temp","dataSourceList":[{"dataSourceID":"DATASOURCEcf953f60e7184f0cbacecc72bae129e6","dataSourceType":"mysql","dataSourceName":"一汽"}],"selectedTables":["DATASOURCEcf953f60e7184f0cbacecc72bae129e6.stat_alarm_env_temp"],"createdBy":"zhanghr@yuanian.com","createdTime":"2019-11-06 14:10:11","updatedTime":"2019-11-06 14:35:57","cardNum":0,"action":"write","starSchemas":[{"factTable":"stat_alarm_env_temp","allJoins":null,"allMeasures":[{"factTable":"stat_alarm_env_temp","fieldName":"active_time_month","dataType":"Numeric","measureDisplayName":"SUM Active time month","format":"NONE","aggregationType":"SUM"},{"factTable":"stat_alarm_env_temp","fieldName":"alarm_level","dataType":"Numeric","measureDisplayName":"SUM Alarm level","format":"NONE","aggregationType":"SUM"},{"factTable":"stat_alarm_env_temp","fieldName":"category","dataType":"Numeric","measureDisplayName":"SUM Category","format":"NONE","aggregationType":"SUM"},{"factTable":"stat_alarm_env_temp","fieldName":"curb_weight","dataType":"Numeric","measureDisplayName":"SUM Curb weight","format":"NONE","aggregationType":"SUM"},{"factTable":"stat_alarm_env_temp","fieldName":"diff_cell_volt","dataType":"Decimal","measureDisplayName":"SUM Diff cell volt","format":"NONE","aggregationType":"SUM"},{"factTable":"stat_alarm_env_temp","fieldName":"drive_range","dataType":"Numeric","measureDisplayName":"SUM Drive range","format":"NONE","aggregationType":"SUM"},{"factTable":"stat_alarm_env_temp","fieldName":"mileage","dataType":"Numeric","measureDisplayName":"SUM Mileage","format":"NONE","aggregationType":"SUM"},{"factTable":"stat_alarm_env_temp","fieldName":"power","dataType":"Numeric","measureDisplayName":"SUM Power","format":"NONE","aggregationType":"SUM"},{"factTable":"stat_alarm_env_temp","fieldName":"power_100km","dataType":"Numeric","measureDisplayName":"SUM Power 100km","format":"NONE","aggregationType":"SUM"},{"factTable":"stat_alarm_env_temp","fieldName":"power_amount","dataType":"Numeric","measureDisplayName":"SUM Power amount","format":"NONE","aggregationType":"SUM"},{"factTable":"stat_alarm_env_temp","fieldName":"rating_volt","dataType":"Numeric","measureDisplayName":"SUM Rating volt","format":"NONE","aggregationType":"SUM"},{"factTable":"stat_alarm_env_temp","fieldName":"rating_volumn","dataType":"Numeric","measureDisplayName":"SUM Rating volumn","format":"NONE","aggregationType":"SUM"},{"factTable":"stat_alarm_env_temp","fieldName":"run_time_hour","dataType":"Numeric","measureDisplayName":"SUM Run time hour","format":"NONE","aggregationType":"SUM"},{"factTable":"stat_alarm_env_temp","fieldName":"speed","dataType":"Numeric","measureDisplayName":"SUM Speed","format":"NONE","aggregationType":"SUM"},{"factTable":"stat_alarm_env_temp","fieldName":"speed_30_minute","dataType":"Numeric","measureDisplayName":"SUM Speed 30 minute","format":"NONE","aggregationType":"SUM"},{"factTable":"stat_alarm_env_temp","fieldName":"total","dataType":"Numeric","measureDisplayName":"SUM Total","format":"NONE","aggregationType":"SUM"}],"allDimensions":[{"dimensionName":"Stat alarm 0 01","dimensionType":"StandardDimension","tableName":"stat_alarm_env_temp","allHierachies":[{"hierachyName":"Battery type","allLevels":[{"levelName":"Battery type","fieldName":"battery_type","dataType":"String"}]},{"hierachyName":"Cell enterprise","allLevels":[{"levelName":"Cell enterprise","fieldName":"cell_enterprise","dataType":"String"}]},{"hierachyName":"Charge type","allLevels":[{"levelName":"Charge type","fieldName":"charge_type","dataType":"String"}]},{"hierachyName":"City","allLevels":[{"levelName":"City","fieldName":"city","dataType":"String"}]},{"hierachyName":"Day type","allLevels":[{"levelName":"Day type","fieldName":"day_type","dataType":"String"}]},{"hierachyName":"Dict name","allLevels":[{"levelName":"Dict name","fieldName":"dict_name","dataType":"String"}]},{"hierachyName":"Is biz","allLevels":[{"levelName":"Is biz","fieldName":"is_biz","dataType":"String"}]},{"hierachyName":"Model name","allLevels":[{"levelName":"Model name","fieldName":"model_name","dataType":"String"}]},{"hierachyName":"Month","allLevels":[{"levelName":"Month","fieldName":"month","dataType":"String"}]},{"hierachyName":"Package enterprise","allLevels":[{"levelName":"Package enterprise","fieldName":"package_enterprise","dataType":"String"}]},{"hierachyName":"Province","allLevels":[{"levelName":"Province","fieldName":"province","dataType":"String"}]},{"hierachyName":"Season","allLevels":[{"levelName":"Season","fieldName":"season","dataType":"String"}]},{"hierachyName":"Veh level","allLevels":[{"levelName":"Veh level","fieldName":"veh_level","dataType":"String"}]},{"hierachyName":"Veh type","allLevels":[{"levelName":"Veh type","fieldName":"veh_type","dataType":"String"}]}]}]}],"fhCube":{"datasourceId":"DATASOURCEcf953f60e7184f0cbacecc72bae129e6","schema":{"catalog":"yiqi","name":"stat_alarm_env_temp","fields":[{"fieldName":"alarm_level","fieldAlias":"报警等级","fieldNativeType":"INT","fieldType":"Num"},{"fieldName":"day_type","fieldAlias":"工作日/周末","fieldNativeType":"VARCHAR","fieldType":"Str"},{"fieldName":"season","fieldAlias":"季节","fieldNativeType":"VARCHAR","fieldType":"Str"},{"fieldName":"province","fieldAlias":"省","fieldNativeType":"VARCHAR","fieldType":"Str"},{"fieldName":"city","fieldAlias":"市","fieldNativeType":"VARCHAR","fieldType":"Str"},{"fieldName":"category","fieldAlias":"车辆状态","fieldNativeType":"INT","fieldType":"Num"},{"fieldName":"charge_type","fieldAlias":"充电类型","fieldNativeType":"VARCHAR","fieldType":"Str"},{"fieldName":"model_name","fieldAlias":"车型","fieldNativeType":"VARCHAR","fieldType":"Str"},{"fieldName":"dict_name","fieldAlias":"用途","fieldNativeType":"VARCHAR","fieldType":"Str"},{"fieldName":"veh_level","fieldAlias":"车辆级别","fieldNativeType":"VARCHAR","fieldType":"Str"},{"fieldName":"veh_type","fieldAlias":"车辆类型","fieldNativeType":"VARCHAR","fieldType":"Str"},{"fieldName":"power_amount","fieldAlias":"储能装置总能量KwH","fieldNativeType":"INT","fieldType":"Num"},{"fieldName":"rating_volt","fieldAlias":"额定电压V","fieldNativeType":"INT","fieldType":"Num"},{"fieldName":"rating_volumn","fieldAlias":"标称容量","fieldNativeType":"INT","fieldType":"Num"},{"fieldName":"battery_type","fieldAlias":"储能装置类型","fieldNativeType":"VARCHAR","fieldType":"Str"},{"fieldName":"cell_enterprise","fieldAlias":"电池生产企业","fieldNativeType":"VARCHAR","fieldType":"Str"},{"fieldName":"package_enterprise","fieldAlias":"电池包厂商","fieldNativeType":"VARCHAR","fieldType":"Str"},{"fieldName":"is_biz","fieldAlias":"是否运营","fieldNativeType":"VARCHAR","fieldType":"Str"},{"fieldName":"speed_30_minute","fieldAlias":"30分钟最高车速","fieldNativeType":"INT","fieldType":"Num"},{"fieldName":"curb_weight","fieldAlias":"整备质量","fieldNativeType":"INT","fieldType":"Num"},{"fieldName":"power_100km","fieldAlias":"标称百公里耗电量","fieldNativeType":"INT","fieldType":"Num"},{"fieldName":"drive_range","fieldAlias":"续驶里程","fieldNativeType":"INT","fieldType":"Num"},{"fieldName":"total","fieldAlias":"数量","fieldNativeType":"BIGINT","fieldType":"Num"},{"fieldName":"active_time_hour","fieldAlias":"活跃时长","fieldType":"Num","fieldNativeType":"INT"},{"fieldName":"alarm_code","fieldAlias":"报警编码","fieldNativeType":"INT","fieldType":"Num"},{"fieldName":"alarm_month","fieldAlias":"报警月","fieldNativeType":"VARCHAR","fieldType":"Str"},{"fieldName":"alarm_name","fieldAlias":"报警名称","fieldNativeType":"VARCHAR","fieldType":"Str"}]},"dataSourceType":"mysql"},"olapEnable":true,"fhEnable":true,"dataSourceType":"mysql"}]]>
              </value>
            </param>
            <param index="3">
              <value>
                <![CDATA[200]]>
              </value>
            </param>
          </params>
          <reporter-output>
          </reporter-output>
        </test-method> <!-- RasDataSet -->
        <test-method status="PASS" signature="RasDataSet(java.lang.String, java.lang.String, java.lang.String, java.lang.String)[pri:0, instance:com.bitnei.apitest.testcases.saas.YiQiFieldAlias@50de0926]" name="RasDataSet" duration-ms="407" started-at="2019-11-06T07:06:53Z" description="yiqi数据集修改指标别名" data-provider="dp" finished-at="2019-11-06T07:06:53Z">
          <params>
            <param index="0">
              <value>
                <![CDATA[stat_alarm]]>
              </value>
            </param>
            <param index="1">
              <value>
                <![CDATA[/ras/dataset]]>
              </value>
            </param>
            <param index="2">
              <value>
                <![CDATA[{"dataSetID":"DATASET5a8f16b0d5774df2b0a524ffb0ed6204","dataSetName":"stat_alarm_env_temp_code","dataSourceList":[{"dataSourceID":"DATASOURCEcf953f60e7184f0cbacecc72bae129e6","dataSourceType":"mysql","dataSourceName":"一汽"}],"selectedTables":["DATASOURCEcf953f60e7184f0cbacecc72bae129e6.stat_alarm_env_temp_code"],"createdBy":"zhanghr@yuanian.com","createdTime":"2019-11-06 14:10:11","updatedTime":"2019-11-06 14:35:57","cardNum":0,"action":"write","starSchemas":[{"factTable":"stat_alarm_env_temp_code","allJoins":null,"allMeasures":[{"factTable":"stat_alarm_env_temp_code","fieldName":"active_time_month","dataType":"Numeric","measureDisplayName":"SUM Active time month","format":"NONE","aggregationType":"SUM"},{"factTable":"stat_alarm_env_temp_code","fieldName":"alarm_level","dataType":"Numeric","measureDisplayName":"SUM Alarm level","format":"NONE","aggregationType":"SUM"},{"factTable":"stat_alarm_env_temp_code","fieldName":"category","dataType":"Numeric","measureDisplayName":"SUM Category","format":"NONE","aggregationType":"SUM"},{"factTable":"stat_alarm_env_temp_code","fieldName":"curb_weight","dataType":"Numeric","measureDisplayName":"SUM Curb weight","format":"NONE","aggregationType":"SUM"},{"factTable":"stat_alarm_env_temp_code","fieldName":"diff_cell_volt","dataType":"Decimal","measureDisplayName":"SUM Diff cell volt","format":"NONE","aggregationType":"SUM"},{"factTable":"stat_alarm_env_temp_code","fieldName":"drive_range","dataType":"Numeric","measureDisplayName":"SUM Drive range","format":"NONE","aggregationType":"SUM"},{"factTable":"stat_alarm_env_temp_code","fieldName":"mileage","dataType":"Numeric","measureDisplayName":"SUM Mileage","format":"NONE","aggregationType":"SUM"},{"factTable":"stat_alarm_env_temp_code","fieldName":"power","dataType":"Numeric","measureDisplayName":"SUM Power","format":"NONE","aggregationType":"SUM"},{"factTable":"stat_alarm_env_temp_code","fieldName":"power_100km","dataType":"Numeric","measureDisplayName":"SUM Power 100km","format":"NONE","aggregationType":"SUM"},{"factTable":"stat_alarm_env_temp_code","fieldName":"power_amount","dataType":"Numeric","measureDisplayName":"SUM Power amount","format":"NONE","aggregationType":"SUM"},{"factTable":"stat_alarm_env_temp_code","fieldName":"rating_volt","dataType":"Numeric","measureDisplayName":"SUM Rating volt","format":"NONE","aggregationType":"SUM"},{"factTable":"stat_alarm_env_temp_code","fieldName":"rating_volumn","dataType":"Numeric","measureDisplayName":"SUM Rating volumn","format":"NONE","aggregationType":"SUM"},{"factTable":"stat_alarm_env_temp_code","fieldName":"run_time_hour","dataType":"Numeric","measureDisplayName":"SUM Run time hour","format":"NONE","aggregationType":"SUM"},{"factTable":"stat_alarm_env_temp_code","fieldName":"speed","dataType":"Numeric","measureDisplayName":"SUM Speed","format":"NONE","aggregationType":"SUM"},{"factTable":"stat_alarm_env_temp_code","fieldName":"speed_30_minute","dataType":"Numeric","measureDisplayName":"SUM Speed 30 minute","format":"NONE","aggregationType":"SUM"},{"factTable":"stat_alarm_env_temp_code","fieldName":"total","dataType":"Numeric","measureDisplayName":"SUM Total","format":"NONE","aggregationType":"SUM"}],"allDimensions":[{"dimensionName":"Stat alarm 0 01","dimensionType":"StandardDimension","tableName":"stat_alarm_env_temp_code","allHierachies":[{"hierachyName":"Battery type","allLevels":[{"levelName":"Battery type","fieldName":"battery_type","dataType":"String"}]},{"hierachyName":"Cell enterprise","allLevels":[{"levelName":"Cell enterprise","fieldName":"cell_enterprise","dataType":"String"}]},{"hierachyName":"Charge type","allLevels":[{"levelName":"Charge type","fieldName":"charge_type","dataType":"String"}]},{"hierachyName":"City","allLevels":[{"levelName":"City","fieldName":"city","dataType":"String"}]},{"hierachyName":"Day type","allLevels":[{"levelName":"Day type","fieldName":"day_type","dataType":"String"}]},{"hierachyName":"Dict name","allLevels":[{"levelName":"Dict name","fieldName":"dict_name","dataType":"String"}]},{"hierachyName":"Is biz","allLevels":[{"levelName":"Is biz","fieldName":"is_biz","dataType":"String"}]},{"hierachyName":"Model name","allLevels":[{"levelName":"Model name","fieldName":"model_name","dataType":"String"}]},{"hierachyName":"Month","allLevels":[{"levelName":"Month","fieldName":"month","dataType":"String"}]},{"hierachyName":"Package enterprise","allLevels":[{"levelName":"Package enterprise","fieldName":"package_enterprise","dataType":"String"}]},{"hierachyName":"Province","allLevels":[{"levelName":"Province","fieldName":"province","dataType":"String"}]},{"hierachyName":"Season","allLevels":[{"levelName":"Season","fieldName":"season","dataType":"String"}]},{"hierachyName":"Veh level","allLevels":[{"levelName":"Veh level","fieldName":"veh_level","dataType":"String"}]},{"hierachyName":"Veh type","allLevels":[{"levelName":"Veh type","fieldName":"veh_type","dataType":"String"}]}]}]}],"fhCube":{"datasourceId":"DATASOURCEcf953f60e7184f0cbacecc72bae129e6","schema":{"catalog":"yiqi","name":"stat_alarm_env_temp_code","fields":[{"fieldName":"alarm_level","fieldAlias":"报警等级","fieldNativeType":"INT","fieldType":"Num"},{"fieldName":"day_type","fieldAlias":"工作日/周末","fieldNativeType":"VARCHAR","fieldType":"Str"},{"fieldName":"season","fieldAlias":"季节","fieldNativeType":"VARCHAR","fieldType":"Str"},{"fieldName":"province","fieldAlias":"省","fieldNativeType":"VARCHAR","fieldType":"Str"},{"fieldName":"city","fieldAlias":"市","fieldNativeType":"VARCHAR","fieldType":"Str"},{"fieldName":"category","fieldAlias":"车辆状态","fieldNativeType":"INT","fieldType":"Num"},{"fieldName":"charge_type","fieldAlias":"充电类型","fieldNativeType":"VARCHAR","fieldType":"Str"},{"fieldName":"model_name","fieldAlias":"车型","fieldNativeType":"VARCHAR","fieldType":"Str"},{"fieldName":"dict_name","fieldAlias":"用途","fieldNativeType":"VARCHAR","fieldType":"Str"},{"fieldName":"veh_level","fieldAlias":"车辆级别","fieldNativeType":"VARCHAR","fieldType":"Str"},{"fieldName":"veh_type","fieldAlias":"车辆类型","fieldNativeType":"VARCHAR","fieldType":"Str"},{"fieldName":"power_amount","fieldAlias":"储能装置总能量KwH","fieldNativeType":"INT","fieldType":"Num"},{"fieldName":"rating_volt","fieldAlias":"额定电压V","fieldNativeType":"INT","fieldType":"Num"},{"fieldName":"rating_volumn","fieldAlias":"标称容量","fieldNativeType":"INT","fieldType":"Num"},{"fieldName":"battery_type","fieldAlias":"储能装置类型","fieldNativeType":"VARCHAR","fieldType":"Str"},{"fieldName":"cell_enterprise","fieldAlias":"电池生产企业","fieldNativeType":"VARCHAR","fieldType":"Str"},{"fieldName":"package_enterprise","fieldAlias":"电池包厂商","fieldNativeType":"VARCHAR","fieldType":"Str"},{"fieldName":"is_biz","fieldAlias":"是否运营","fieldNativeType":"VARCHAR","fieldType":"Str"},{"fieldName":"speed_30_minute","fieldAlias":"30分钟最高车速","fieldNativeType":"INT","fieldType":"Num"},{"fieldName":"curb_weight","fieldAlias":"整备质量","fieldNativeType":"INT","fieldType":"Num"},{"fieldName":"power_100km","fieldAlias":"标称百公里耗电量","fieldNativeType":"INT","fieldType":"Num"},{"fieldName":"drive_range","fieldAlias":"续驶里程","fieldNativeType":"INT","fieldType":"Num"},{"fieldName":"total","fieldAlias":"数量","fieldNativeType":"BIGINT","fieldType":"Num"},{"fieldName":"active_time_hour","fieldAlias":"活跃时长","fieldType":"Num","fieldNativeType":"INT"},{"fieldName":"alarm_code","fieldAlias":"报警编码","fieldNativeType":"INT","fieldType":"Num"},{"fieldName":"alarm_month","fieldAlias":"报警月","fieldNativeType":"VARCHAR","fieldType":"Str"},{"fieldName":"alarm_name","fieldAlias":"报警名称","fieldNativeType":"VARCHAR","fieldType":"Str"}]},"dataSourceType":"mysql"},"olapEnable":true,"fhEnable":true,"dataSourceType":"mysql"}]]>
              </value>
            </param>
            <param index="3">
              <value>
                <![CDATA[200]]>
              </value>
            </param>
          </params>
          <reporter-output>
          </reporter-output>
        </test-method> <!-- RasDataSet -->
        <test-method status="PASS" signature="RasDataSet(java.lang.String, java.lang.String, java.lang.String, java.lang.String)[pri:0, instance:com.bitnei.apitest.testcases.saas.YiQiFieldAlias@50de0926]" name="RasDataSet" duration-ms="344" started-at="2019-11-06T07:06:53Z" description="yiqi数据集修改指标别名" data-provider="dp" finished-at="2019-11-06T07:06:54Z">
          <params>
            <param index="0">
              <value>
                <![CDATA[stat_alarm]]>
              </value>
            </param>
            <param index="1">
              <value>
                <![CDATA[/ras/dataset]]>
              </value>
            </param>
            <param index="2">
              <value>
                <![CDATA[{"dataSetID":"DATASET9374c77a26ca4245aa4e3d29e11bd605","dataSetName":"stat_alarm_env_temp_level","dataSourceList":[{"dataSourceID":"DATASOURCEcf953f60e7184f0cbacecc72bae129e6","dataSourceType":"mysql","dataSourceName":"一汽"}],"selectedTables":["DATASOURCEcf953f60e7184f0cbacecc72bae129e6.stat_alarm_env_temp_level"],"createdBy":"zhanghr@yuanian.com","createdTime":"2019-11-06 14:10:11","updatedTime":"2019-11-06 14:35:57","cardNum":0,"action":"write","starSchemas":[{"factTable":"stat_alarm_env_temp_level","allJoins":null,"allMeasures":[{"factTable":"stat_alarm_env_temp_level","fieldName":"active_time_month","dataType":"Numeric","measureDisplayName":"SUM Active time month","format":"NONE","aggregationType":"SUM"},{"factTable":"stat_alarm_env_temp_level","fieldName":"alarm_level","dataType":"Numeric","measureDisplayName":"SUM Alarm level","format":"NONE","aggregationType":"SUM"},{"factTable":"stat_alarm_env_temp_level","fieldName":"category","dataType":"Numeric","measureDisplayName":"SUM Category","format":"NONE","aggregationType":"SUM"},{"factTable":"stat_alarm_env_temp_level","fieldName":"curb_weight","dataType":"Numeric","measureDisplayName":"SUM Curb weight","format":"NONE","aggregationType":"SUM"},{"factTable":"stat_alarm_env_temp_level","fieldName":"diff_cell_volt","dataType":"Decimal","measureDisplayName":"SUM Diff cell volt","format":"NONE","aggregationType":"SUM"},{"factTable":"stat_alarm_env_temp_level","fieldName":"drive_range","dataType":"Numeric","measureDisplayName":"SUM Drive range","format":"NONE","aggregationType":"SUM"},{"factTable":"stat_alarm_env_temp_level","fieldName":"mileage","dataType":"Numeric","measureDisplayName":"SUM Mileage","format":"NONE","aggregationType":"SUM"},{"factTable":"stat_alarm_env_temp_level","fieldName":"power","dataType":"Numeric","measureDisplayName":"SUM Power","format":"NONE","aggregationType":"SUM"},{"factTable":"stat_alarm_env_temp_level","fieldName":"power_100km","dataType":"Numeric","measureDisplayName":"SUM Power 100km","format":"NONE","aggregationType":"SUM"},{"factTable":"stat_alarm_env_temp_level","fieldName":"power_amount","dataType":"Numeric","measureDisplayName":"SUM Power amount","format":"NONE","aggregationType":"SUM"},{"factTable":"stat_alarm_env_temp_level","fieldName":"rating_volt","dataType":"Numeric","measureDisplayName":"SUM Rating volt","format":"NONE","aggregationType":"SUM"},{"factTable":"stat_alarm_env_temp_level","fieldName":"rating_volumn","dataType":"Numeric","measureDisplayName":"SUM Rating volumn","format":"NONE","aggregationType":"SUM"},{"factTable":"stat_alarm_env_temp_level","fieldName":"run_time_hour","dataType":"Numeric","measureDisplayName":"SUM Run time hour","format":"NONE","aggregationType":"SUM"},{"factTable":"stat_alarm_env_temp_level","fieldName":"speed","dataType":"Numeric","measureDisplayName":"SUM Speed","format":"NONE","aggregationType":"SUM"},{"factTable":"stat_alarm_env_temp_level","fieldName":"speed_30_minute","dataType":"Numeric","measureDisplayName":"SUM Speed 30 minute","format":"NONE","aggregationType":"SUM"},{"factTable":"stat_alarm_env_temp_level","fieldName":"total","dataType":"Numeric","measureDisplayName":"SUM Total","format":"NONE","aggregationType":"SUM"}],"allDimensions":[{"dimensionName":"Stat alarm 0 01","dimensionType":"StandardDimension","tableName":"stat_alarm_env_temp_level","allHierachies":[{"hierachyName":"Battery type","allLevels":[{"levelName":"Battery type","fieldName":"battery_type","dataType":"String"}]},{"hierachyName":"Cell enterprise","allLevels":[{"levelName":"Cell enterprise","fieldName":"cell_enterprise","dataType":"String"}]},{"hierachyName":"Charge type","allLevels":[{"levelName":"Charge type","fieldName":"charge_type","dataType":"String"}]},{"hierachyName":"City","allLevels":[{"levelName":"City","fieldName":"city","dataType":"String"}]},{"hierachyName":"Day type","allLevels":[{"levelName":"Day type","fieldName":"day_type","dataType":"String"}]},{"hierachyName":"Dict name","allLevels":[{"levelName":"Dict name","fieldName":"dict_name","dataType":"String"}]},{"hierachyName":"Is biz","allLevels":[{"levelName":"Is biz","fieldName":"is_biz","dataType":"String"}]},{"hierachyName":"Model name","allLevels":[{"levelName":"Model name","fieldName":"model_name","dataType":"String"}]},{"hierachyName":"Month","allLevels":[{"levelName":"Month","fieldName":"month","dataType":"String"}]},{"hierachyName":"Package enterprise","allLevels":[{"levelName":"Package enterprise","fieldName":"package_enterprise","dataType":"String"}]},{"hierachyName":"Province","allLevels":[{"levelName":"Province","fieldName":"province","dataType":"String"}]},{"hierachyName":"Season","allLevels":[{"levelName":"Season","fieldName":"season","dataType":"String"}]},{"hierachyName":"Veh level","allLevels":[{"levelName":"Veh level","fieldName":"veh_level","dataType":"String"}]},{"hierachyName":"Veh type","allLevels":[{"levelName":"Veh type","fieldName":"veh_type","dataType":"String"}]}]}]}],"fhCube":{"datasourceId":"DATASOURCEcf953f60e7184f0cbacecc72bae129e6","schema":{"catalog":"yiqi","name":"stat_alarm_env_temp_level","fields":[{"fieldName":"alarm_level","fieldAlias":"报警等级","fieldNativeType":"INT","fieldType":"Num"},{"fieldName":"day_type","fieldAlias":"工作日/周末","fieldNativeType":"VARCHAR","fieldType":"Str"},{"fieldName":"season","fieldAlias":"季节","fieldNativeType":"VARCHAR","fieldType":"Str"},{"fieldName":"province","fieldAlias":"省","fieldNativeType":"VARCHAR","fieldType":"Str"},{"fieldName":"city","fieldAlias":"市","fieldNativeType":"VARCHAR","fieldType":"Str"},{"fieldName":"category","fieldAlias":"车辆状态","fieldNativeType":"INT","fieldType":"Num"},{"fieldName":"charge_type","fieldAlias":"充电类型","fieldNativeType":"VARCHAR","fieldType":"Str"},{"fieldName":"model_name","fieldAlias":"车型","fieldNativeType":"VARCHAR","fieldType":"Str"},{"fieldName":"dict_name","fieldAlias":"用途","fieldNativeType":"VARCHAR","fieldType":"Str"},{"fieldName":"veh_level","fieldAlias":"车辆级别","fieldNativeType":"VARCHAR","fieldType":"Str"},{"fieldName":"veh_type","fieldAlias":"车辆类型","fieldNativeType":"VARCHAR","fieldType":"Str"},{"fieldName":"power_amount","fieldAlias":"储能装置总能量KwH","fieldNativeType":"INT","fieldType":"Num"},{"fieldName":"rating_volt","fieldAlias":"额定电压V","fieldNativeType":"INT","fieldType":"Num"},{"fieldName":"rating_volumn","fieldAlias":"标称容量","fieldNativeType":"INT","fieldType":"Num"},{"fieldName":"battery_type","fieldAlias":"储能装置类型","fieldNativeType":"VARCHAR","fieldType":"Str"},{"fieldName":"cell_enterprise","fieldAlias":"电池生产企业","fieldNativeType":"VARCHAR","fieldType":"Str"},{"fieldName":"package_enterprise","fieldAlias":"电池包厂商","fieldNativeType":"VARCHAR","fieldType":"Str"},{"fieldName":"is_biz","fieldAlias":"是否运营","fieldNativeType":"VARCHAR","fieldType":"Str"},{"fieldName":"speed_30_minute","fieldAlias":"30分钟最高车速","fieldNativeType":"INT","fieldType":"Num"},{"fieldName":"curb_weight","fieldAlias":"整备质量","fieldNativeType":"INT","fieldType":"Num"},{"fieldName":"power_100km","fieldAlias":"标称百公里耗电量","fieldNativeType":"INT","fieldType":"Num"},{"fieldName":"drive_range","fieldAlias":"续驶里程","fieldNativeType":"INT","fieldType":"Num"},{"fieldName":"total","fieldAlias":"数量","fieldNativeType":"BIGINT","fieldType":"Num"},{"fieldName":"active_time_hour","fieldAlias":"活跃时长","fieldType":"Num","fieldNativeType":"INT"},{"fieldName":"alarm_code","fieldAlias":"报警编码","fieldNativeType":"INT","fieldType":"Num"},{"fieldName":"alarm_month","fieldAlias":"报警月","fieldNativeType":"VARCHAR","fieldType":"Str"},{"fieldName":"alarm_name","fieldAlias":"报警名称","fieldNativeType":"VARCHAR","fieldType":"Str"}]},"dataSourceType":"mysql"},"olapEnable":true,"fhEnable":true,"dataSourceType":"mysql"}]]>
              </value>
            </param>
            <param index="3">
              <value>
                <![CDATA[200]]>
              </value>
            </param>
          </params>
          <reporter-output>
          </reporter-output>
        </test-method> <!-- RasDataSet -->
        <test-method status="PASS" signature="RasDataSet(java.lang.String, java.lang.String, java.lang.String, java.lang.String)[pri:0, instance:com.bitnei.apitest.testcases.saas.YiQiFieldAlias@50de0926]" name="RasDataSet" duration-ms="281" started-at="2019-11-06T07:06:54Z" description="yiqi数据集修改指标别名" data-provider="dp" finished-at="2019-11-06T07:06:54Z">
          <params>
            <param index="0">
              <value>
                <![CDATA[stat_alarm]]>
              </value>
            </param>
            <param index="1">
              <value>
                <![CDATA[/ras/dataset]]>
              </value>
            </param>
            <param index="2">
              <value>
                <![CDATA[{"dataSetID":"DATASETad91de1ef2624e5490c4057fb47dd1c5","dataSetName":"stat_alarm_mileage","dataSourceList":[{"dataSourceID":"DATASOURCEcf953f60e7184f0cbacecc72bae129e6","dataSourceType":"mysql","dataSourceName":"一汽"}],"selectedTables":["DATASOURCEcf953f60e7184f0cbacecc72bae129e6.stat_alarm_mileage"],"createdBy":"zhanghr@yuanian.com","createdTime":"2019-11-06 14:10:11","updatedTime":"2019-11-06 14:35:57","cardNum":0,"action":"write","starSchemas":[{"factTable":"stat_alarm_mileage","allJoins":null,"allMeasures":[{"factTable":"stat_alarm_mileage","fieldName":"active_time_month","dataType":"Numeric","measureDisplayName":"SUM Active time month","format":"NONE","aggregationType":"SUM"},{"factTable":"stat_alarm_mileage","fieldName":"alarm_level","dataType":"Numeric","measureDisplayName":"SUM Alarm level","format":"NONE","aggregationType":"SUM"},{"factTable":"stat_alarm_mileage","fieldName":"category","dataType":"Numeric","measureDisplayName":"SUM Category","format":"NONE","aggregationType":"SUM"},{"factTable":"stat_alarm_mileage","fieldName":"curb_weight","dataType":"Numeric","measureDisplayName":"SUM Curb weight","format":"NONE","aggregationType":"SUM"},{"factTable":"stat_alarm_mileage","fieldName":"diff_cell_volt","dataType":"Decimal","measureDisplayName":"SUM Diff cell volt","format":"NONE","aggregationType":"SUM"},{"factTable":"stat_alarm_mileage","fieldName":"drive_range","dataType":"Numeric","measureDisplayName":"SUM Drive range","format":"NONE","aggregationType":"SUM"},{"factTable":"stat_alarm_mileage","fieldName":"mileage","dataType":"Numeric","measureDisplayName":"SUM Mileage","format":"NONE","aggregationType":"SUM"},{"factTable":"stat_alarm_mileage","fieldName":"power","dataType":"Numeric","measureDisplayName":"SUM Power","format":"NONE","aggregationType":"SUM"},{"factTable":"stat_alarm_mileage","fieldName":"power_100km","dataType":"Numeric","measureDisplayName":"SUM Power 100km","format":"NONE","aggregationType":"SUM"},{"factTable":"stat_alarm_mileage","fieldName":"power_amount","dataType":"Numeric","measureDisplayName":"SUM Power amount","format":"NONE","aggregationType":"SUM"},{"factTable":"stat_alarm_mileage","fieldName":"rating_volt","dataType":"Numeric","measureDisplayName":"SUM Rating volt","format":"NONE","aggregationType":"SUM"},{"factTable":"stat_alarm_mileage","fieldName":"rating_volumn","dataType":"Numeric","measureDisplayName":"SUM Rating volumn","format":"NONE","aggregationType":"SUM"},{"factTable":"stat_alarm_mileage","fieldName":"run_time_hour","dataType":"Numeric","measureDisplayName":"SUM Run time hour","format":"NONE","aggregationType":"SUM"},{"factTable":"stat_alarm_mileage","fieldName":"speed","dataType":"Numeric","measureDisplayName":"SUM Speed","format":"NONE","aggregationType":"SUM"},{"factTable":"stat_alarm_mileage","fieldName":"speed_30_minute","dataType":"Numeric","measureDisplayName":"SUM Speed 30 minute","format":"NONE","aggregationType":"SUM"},{"factTable":"stat_alarm_mileage","fieldName":"total","dataType":"Numeric","measureDisplayName":"SUM Total","format":"NONE","aggregationType":"SUM"}],"allDimensions":[{"dimensionName":"Stat alarm 0 01","dimensionType":"StandardDimension","tableName":"stat_alarm_mileage","allHierachies":[{"hierachyName":"Battery type","allLevels":[{"levelName":"Battery type","fieldName":"battery_type","dataType":"String"}]},{"hierachyName":"Cell enterprise","allLevels":[{"levelName":"Cell enterprise","fieldName":"cell_enterprise","dataType":"String"}]},{"hierachyName":"Charge type","allLevels":[{"levelName":"Charge type","fieldName":"charge_type","dataType":"String"}]},{"hierachyName":"City","allLevels":[{"levelName":"City","fieldName":"city","dataType":"String"}]},{"hierachyName":"Day type","allLevels":[{"levelName":"Day type","fieldName":"day_type","dataType":"String"}]},{"hierachyName":"Dict name","allLevels":[{"levelName":"Dict name","fieldName":"dict_name","dataType":"String"}]},{"hierachyName":"Is biz","allLevels":[{"levelName":"Is biz","fieldName":"is_biz","dataType":"String"}]},{"hierachyName":"Model name","allLevels":[{"levelName":"Model name","fieldName":"model_name","dataType":"String"}]},{"hierachyName":"Month","allLevels":[{"levelName":"Month","fieldName":"month","dataType":"String"}]},{"hierachyName":"Package enterprise","allLevels":[{"levelName":"Package enterprise","fieldName":"package_enterprise","dataType":"String"}]},{"hierachyName":"Province","allLevels":[{"levelName":"Province","fieldName":"province","dataType":"String"}]},{"hierachyName":"Season","allLevels":[{"levelName":"Season","fieldName":"season","dataType":"String"}]},{"hierachyName":"Veh level","allLevels":[{"levelName":"Veh level","fieldName":"veh_level","dataType":"String"}]},{"hierachyName":"Veh type","allLevels":[{"levelName":"Veh type","fieldName":"veh_type","dataType":"String"}]}]}]}],"fhCube":{"datasourceId":"DATASOURCEcf953f60e7184f0cbacecc72bae129e6","schema":{"catalog":"yiqi","name":"stat_alarm_mileage","fields":[{"fieldName":"alarm_level","fieldAlias":"报警等级","fieldNativeType":"INT","fieldType":"Num"},{"fieldName":"day_type","fieldAlias":"工作日/周末","fieldNativeType":"VARCHAR","fieldType":"Str"},{"fieldName":"season","fieldAlias":"季节","fieldNativeType":"VARCHAR","fieldType":"Str"},{"fieldName":"province","fieldAlias":"省","fieldNativeType":"VARCHAR","fieldType":"Str"},{"fieldName":"city","fieldAlias":"市","fieldNativeType":"VARCHAR","fieldType":"Str"},{"fieldName":"category","fieldAlias":"车辆状态","fieldNativeType":"INT","fieldType":"Num"},{"fieldName":"charge_type","fieldAlias":"充电类型","fieldNativeType":"VARCHAR","fieldType":"Str"},{"fieldName":"model_name","fieldAlias":"车型","fieldNativeType":"VARCHAR","fieldType":"Str"},{"fieldName":"dict_name","fieldAlias":"用途","fieldNativeType":"VARCHAR","fieldType":"Str"},{"fieldName":"veh_level","fieldAlias":"车辆级别","fieldNativeType":"VARCHAR","fieldType":"Str"},{"fieldName":"veh_type","fieldAlias":"车辆类型","fieldNativeType":"VARCHAR","fieldType":"Str"},{"fieldName":"power_amount","fieldAlias":"储能装置总能量KwH","fieldNativeType":"INT","fieldType":"Num"},{"fieldName":"rating_volt","fieldAlias":"额定电压V","fieldNativeType":"INT","fieldType":"Num"},{"fieldName":"rating_volumn","fieldAlias":"标称容量","fieldNativeType":"INT","fieldType":"Num"},{"fieldName":"battery_type","fieldAlias":"储能装置类型","fieldNativeType":"VARCHAR","fieldType":"Str"},{"fieldName":"cell_enterprise","fieldAlias":"电池生产企业","fieldNativeType":"VARCHAR","fieldType":"Str"},{"fieldName":"package_enterprise","fieldAlias":"电池包厂商","fieldNativeType":"VARCHAR","fieldType":"Str"},{"fieldName":"is_biz","fieldAlias":"是否运营","fieldNativeType":"VARCHAR","fieldType":"Str"},{"fieldName":"speed_30_minute","fieldAlias":"30分钟最高车速","fieldNativeType":"INT","fieldType":"Num"},{"fieldName":"curb_weight","fieldAlias":"整备质量","fieldNativeType":"INT","fieldType":"Num"},{"fieldName":"power_100km","fieldAlias":"标称百公里耗电量","fieldNativeType":"INT","fieldType":"Num"},{"fieldName":"drive_range","fieldAlias":"续驶里程","fieldNativeType":"INT","fieldType":"Num"},{"fieldName":"total","fieldAlias":"数量","fieldNativeType":"BIGINT","fieldType":"Num"},{"fieldName":"active_time_hour","fieldAlias":"活跃时长","fieldType":"Num","fieldNativeType":"INT"},{"fieldName":"alarm_code","fieldAlias":"报警编码","fieldNativeType":"INT","fieldType":"Num"},{"fieldName":"alarm_month","fieldAlias":"报警月","fieldNativeType":"VARCHAR","fieldType":"Str"},{"fieldName":"alarm_name","fieldAlias":"报警名称","fieldNativeType":"VARCHAR","fieldType":"Str"}]},"dataSourceType":"mysql"},"olapEnable":true,"fhEnable":true,"dataSourceType":"mysql"}]]>
              </value>
            </param>
            <param index="3">
              <value>
                <![CDATA[200]]>
              </value>
            </param>
          </params>
          <reporter-output>
          </reporter-output>
        </test-method> <!-- RasDataSet -->
        <test-method status="PASS" signature="RasDataSet(java.lang.String, java.lang.String, java.lang.String, java.lang.String)[pri:0, instance:com.bitnei.apitest.testcases.saas.YiQiFieldAlias@50de0926]" name="RasDataSet" duration-ms="381" started-at="2019-11-06T07:06:54Z" description="yiqi数据集修改指标别名" data-provider="dp" finished-at="2019-11-06T07:06:54Z">
          <params>
            <param index="0">
              <value>
                <![CDATA[stat_alarm]]>
              </value>
            </param>
            <param index="1">
              <value>
                <![CDATA[/ras/dataset]]>
              </value>
            </param>
            <param index="2">
              <value>
                <![CDATA[{"dataSetID":"DATASET308a7444b163406f84ddb86aa8737a9c","dataSetName":"stat_alarm_mileage_code","dataSourceList":[{"dataSourceID":"DATASOURCEcf953f60e7184f0cbacecc72bae129e6","dataSourceType":"mysql","dataSourceName":"一汽"}],"selectedTables":["DATASOURCEcf953f60e7184f0cbacecc72bae129e6.stat_alarm_mileage_code"],"createdBy":"zhanghr@yuanian.com","createdTime":"2019-11-06 14:10:11","updatedTime":"2019-11-06 14:35:57","cardNum":0,"action":"write","starSchemas":[{"factTable":"stat_alarm_mileage_code","allJoins":null,"allMeasures":[{"factTable":"stat_alarm_mileage_code","fieldName":"active_time_month","dataType":"Numeric","measureDisplayName":"SUM Active time month","format":"NONE","aggregationType":"SUM"},{"factTable":"stat_alarm_mileage_code","fieldName":"alarm_level","dataType":"Numeric","measureDisplayName":"SUM Alarm level","format":"NONE","aggregationType":"SUM"},{"factTable":"stat_alarm_mileage_code","fieldName":"category","dataType":"Numeric","measureDisplayName":"SUM Category","format":"NONE","aggregationType":"SUM"},{"factTable":"stat_alarm_mileage_code","fieldName":"curb_weight","dataType":"Numeric","measureDisplayName":"SUM Curb weight","format":"NONE","aggregationType":"SUM"},{"factTable":"stat_alarm_mileage_code","fieldName":"diff_cell_volt","dataType":"Decimal","measureDisplayName":"SUM Diff cell volt","format":"NONE","aggregationType":"SUM"},{"factTable":"stat_alarm_mileage_code","fieldName":"drive_range","dataType":"Numeric","measureDisplayName":"SUM Drive range","format":"NONE","aggregationType":"SUM"},{"factTable":"stat_alarm_mileage_code","fieldName":"mileage","dataType":"Numeric","measureDisplayName":"SUM Mileage","format":"NONE","aggregationType":"SUM"},{"factTable":"stat_alarm_mileage_code","fieldName":"power","dataType":"Numeric","measureDisplayName":"SUM Power","format":"NONE","aggregationType":"SUM"},{"factTable":"stat_alarm_mileage_code","fieldName":"power_100km","dataType":"Numeric","measureDisplayName":"SUM Power 100km","format":"NONE","aggregationType":"SUM"},{"factTable":"stat_alarm_mileage_code","fieldName":"power_amount","dataType":"Numeric","measureDisplayName":"SUM Power amount","format":"NONE","aggregationType":"SUM"},{"factTable":"stat_alarm_mileage_code","fieldName":"rating_volt","dataType":"Numeric","measureDisplayName":"SUM Rating volt","format":"NONE","aggregationType":"SUM"},{"factTable":"stat_alarm_mileage_code","fieldName":"rating_volumn","dataType":"Numeric","measureDisplayName":"SUM Rating volumn","format":"NONE","aggregationType":"SUM"},{"factTable":"stat_alarm_mileage_code","fieldName":"run_time_hour","dataType":"Numeric","measureDisplayName":"SUM Run time hour","format":"NONE","aggregationType":"SUM"},{"factTable":"stat_alarm_mileage_code","fieldName":"speed","dataType":"Numeric","measureDisplayName":"SUM Speed","format":"NONE","aggregationType":"SUM"},{"factTable":"stat_alarm_mileage_code","fieldName":"speed_30_minute","dataType":"Numeric","measureDisplayName":"SUM Speed 30 minute","format":"NONE","aggregationType":"SUM"},{"factTable":"stat_alarm_mileage_code","fieldName":"total","dataType":"Numeric","measureDisplayName":"SUM Total","format":"NONE","aggregationType":"SUM"}],"allDimensions":[{"dimensionName":"Stat alarm 0 01","dimensionType":"StandardDimension","tableName":"stat_alarm_mileage_code","allHierachies":[{"hierachyName":"Battery type","allLevels":[{"levelName":"Battery type","fieldName":"battery_type","dataType":"String"}]},{"hierachyName":"Cell enterprise","allLevels":[{"levelName":"Cell enterprise","fieldName":"cell_enterprise","dataType":"String"}]},{"hierachyName":"Charge type","allLevels":[{"levelName":"Charge type","fieldName":"charge_type","dataType":"String"}]},{"hierachyName":"City","allLevels":[{"levelName":"City","fieldName":"city","dataType":"String"}]},{"hierachyName":"Day type","allLevels":[{"levelName":"Day type","fieldName":"day_type","dataType":"String"}]},{"hierachyName":"Dict name","allLevels":[{"levelName":"Dict name","fieldName":"dict_name","dataType":"String"}]},{"hierachyName":"Is biz","allLevels":[{"levelName":"Is biz","fieldName":"is_biz","dataType":"String"}]},{"hierachyName":"Model name","allLevels":[{"levelName":"Model name","fieldName":"model_name","dataType":"String"}]},{"hierachyName":"Month","allLevels":[{"levelName":"Month","fieldName":"month","dataType":"String"}]},{"hierachyName":"Package enterprise","allLevels":[{"levelName":"Package enterprise","fieldName":"package_enterprise","dataType":"String"}]},{"hierachyName":"Province","allLevels":[{"levelName":"Province","fieldName":"province","dataType":"String"}]},{"hierachyName":"Season","allLevels":[{"levelName":"Season","fieldName":"season","dataType":"String"}]},{"hierachyName":"Veh level","allLevels":[{"levelName":"Veh level","fieldName":"veh_level","dataType":"String"}]},{"hierachyName":"Veh type","allLevels":[{"levelName":"Veh type","fieldName":"veh_type","dataType":"String"}]}]}]}],"fhCube":{"datasourceId":"DATASOURCEcf953f60e7184f0cbacecc72bae129e6","schema":{"catalog":"yiqi","name":"stat_alarm_mileage_code","fields":[{"fieldName":"alarm_level","fieldAlias":"报警等级","fieldNativeType":"INT","fieldType":"Num"},{"fieldName":"day_type","fieldAlias":"工作日/周末","fieldNativeType":"VARCHAR","fieldType":"Str"},{"fieldName":"season","fieldAlias":"季节","fieldNativeType":"VARCHAR","fieldType":"Str"},{"fieldName":"province","fieldAlias":"省","fieldNativeType":"VARCHAR","fieldType":"Str"},{"fieldName":"city","fieldAlias":"市","fieldNativeType":"VARCHAR","fieldType":"Str"},{"fieldName":"category","fieldAlias":"车辆状态","fieldNativeType":"INT","fieldType":"Num"},{"fieldName":"charge_type","fieldAlias":"充电类型","fieldNativeType":"VARCHAR","fieldType":"Str"},{"fieldName":"model_name","fieldAlias":"车型","fieldNativeType":"VARCHAR","fieldType":"Str"},{"fieldName":"dict_name","fieldAlias":"用途","fieldNativeType":"VARCHAR","fieldType":"Str"},{"fieldName":"veh_level","fieldAlias":"车辆级别","fieldNativeType":"VARCHAR","fieldType":"Str"},{"fieldName":"veh_type","fieldAlias":"车辆类型","fieldNativeType":"VARCHAR","fieldType":"Str"},{"fieldName":"power_amount","fieldAlias":"储能装置总能量KwH","fieldNativeType":"INT","fieldType":"Num"},{"fieldName":"rating_volt","fieldAlias":"额定电压V","fieldNativeType":"INT","fieldType":"Num"},{"fieldName":"rating_volumn","fieldAlias":"标称容量","fieldNativeType":"INT","fieldType":"Num"},{"fieldName":"battery_type","fieldAlias":"储能装置类型","fieldNativeType":"VARCHAR","fieldType":"Str"},{"fieldName":"cell_enterprise","fieldAlias":"电池生产企业","fieldNativeType":"VARCHAR","fieldType":"Str"},{"fieldName":"package_enterprise","fieldAlias":"电池包厂商","fieldNativeType":"VARCHAR","fieldType":"Str"},{"fieldName":"is_biz","fieldAlias":"是否运营","fieldNativeType":"VARCHAR","fieldType":"Str"},{"fieldName":"speed_30_minute","fieldAlias":"30分钟最高车速","fieldNativeType":"INT","fieldType":"Num"},{"fieldName":"curb_weight","fieldAlias":"整备质量","fieldNativeType":"INT","fieldType":"Num"},{"fieldName":"power_100km","fieldAlias":"标称百公里耗电量","fieldNativeType":"INT","fieldType":"Num"},{"fieldName":"drive_range","fieldAlias":"续驶里程","fieldNativeType":"INT","fieldType":"Num"},{"fieldName":"total","fieldAlias":"数量","fieldNativeType":"BIGINT","fieldType":"Num"},{"fieldName":"active_time_hour","fieldAlias":"活跃时长","fieldType":"Num","fieldNativeType":"INT"},{"fieldName":"alarm_code","fieldAlias":"报警编码","fieldNativeType":"INT","fieldType":"Num"},{"fieldName":"alarm_month","fieldAlias":"报警月","fieldNativeType":"VARCHAR","fieldType":"Str"},{"fieldName":"alarm_name","fieldAlias":"报警名称","fieldNativeType":"VARCHAR","fieldType":"Str"}]},"dataSourceType":"mysql"},"olapEnable":true,"fhEnable":true,"dataSourceType":"mysql"}]]>
              </value>
            </param>
            <param index="3">
              <value>
                <![CDATA[200]]>
              </value>
            </param>
          </params>
          <reporter-output>
          </reporter-output>
        </test-method> <!-- RasDataSet -->
        <test-method status="PASS" signature="RasDataSet(java.lang.String, java.lang.String, java.lang.String, java.lang.String)[pri:0, instance:com.bitnei.apitest.testcases.saas.YiQiFieldAlias@50de0926]" name="RasDataSet" duration-ms="365" started-at="2019-11-06T07:06:54Z" description="yiqi数据集修改指标别名" data-provider="dp" finished-at="2019-11-06T07:06:55Z">
          <params>
            <param index="0">
              <value>
                <![CDATA[stat_alarm]]>
              </value>
            </param>
            <param index="1">
              <value>
                <![CDATA[/ras/dataset]]>
              </value>
            </param>
            <param index="2">
              <value>
                <![CDATA[{"dataSetID":"DATASETa3a1a400470f4c20b90bbd2d4dac6300","dataSetName":"stat_alarm_mileage_level","dataSourceList":[{"dataSourceID":"DATASOURCEcf953f60e7184f0cbacecc72bae129e6","dataSourceType":"mysql","dataSourceName":"一汽"}],"selectedTables":["DATASOURCEcf953f60e7184f0cbacecc72bae129e6.stat_alarm_mileage_level"],"createdBy":"zhanghr@yuanian.com","createdTime":"2019-11-06 14:10:11","updatedTime":"2019-11-06 14:35:57","cardNum":0,"action":"write","starSchemas":[{"factTable":"stat_alarm_mileage_level","allJoins":null,"allMeasures":[{"factTable":"stat_alarm_mileage_level","fieldName":"active_time_month","dataType":"Numeric","measureDisplayName":"SUM Active time month","format":"NONE","aggregationType":"SUM"},{"factTable":"stat_alarm_mileage_level","fieldName":"alarm_level","dataType":"Numeric","measureDisplayName":"SUM Alarm level","format":"NONE","aggregationType":"SUM"},{"factTable":"stat_alarm_mileage_level","fieldName":"category","dataType":"Numeric","measureDisplayName":"SUM Category","format":"NONE","aggregationType":"SUM"},{"factTable":"stat_alarm_mileage_level","fieldName":"curb_weight","dataType":"Numeric","measureDisplayName":"SUM Curb weight","format":"NONE","aggregationType":"SUM"},{"factTable":"stat_alarm_mileage_level","fieldName":"diff_cell_volt","dataType":"Decimal","measureDisplayName":"SUM Diff cell volt","format":"NONE","aggregationType":"SUM"},{"factTable":"stat_alarm_mileage_level","fieldName":"drive_range","dataType":"Numeric","measureDisplayName":"SUM Drive range","format":"NONE","aggregationType":"SUM"},{"factTable":"stat_alarm_mileage_level","fieldName":"mileage","dataType":"Numeric","measureDisplayName":"SUM Mileage","format":"NONE","aggregationType":"SUM"},{"factTable":"stat_alarm_mileage_level","fieldName":"power","dataType":"Numeric","measureDisplayName":"SUM Power","format":"NONE","aggregationType":"SUM"},{"factTable":"stat_alarm_mileage_level","fieldName":"power_100km","dataType":"Numeric","measureDisplayName":"SUM Power 100km","format":"NONE","aggregationType":"SUM"},{"factTable":"stat_alarm_mileage_level","fieldName":"power_amount","dataType":"Numeric","measureDisplayName":"SUM Power amount","format":"NONE","aggregationType":"SUM"},{"factTable":"stat_alarm_mileage_level","fieldName":"rating_volt","dataType":"Numeric","measureDisplayName":"SUM Rating volt","format":"NONE","aggregationType":"SUM"},{"factTable":"stat_alarm_mileage_level","fieldName":"rating_volumn","dataType":"Numeric","measureDisplayName":"SUM Rating volumn","format":"NONE","aggregationType":"SUM"},{"factTable":"stat_alarm_mileage_level","fieldName":"run_time_hour","dataType":"Numeric","measureDisplayName":"SUM Run time hour","format":"NONE","aggregationType":"SUM"},{"factTable":"stat_alarm_mileage_level","fieldName":"speed","dataType":"Numeric","measureDisplayName":"SUM Speed","format":"NONE","aggregationType":"SUM"},{"factTable":"stat_alarm_mileage_level","fieldName":"speed_30_minute","dataType":"Numeric","measureDisplayName":"SUM Speed 30 minute","format":"NONE","aggregationType":"SUM"},{"factTable":"stat_alarm_mileage_level","fieldName":"total","dataType":"Numeric","measureDisplayName":"SUM Total","format":"NONE","aggregationType":"SUM"}],"allDimensions":[{"dimensionName":"Stat alarm 0 01","dimensionType":"StandardDimension","tableName":"stat_alarm_mileage_level","allHierachies":[{"hierachyName":"Battery type","allLevels":[{"levelName":"Battery type","fieldName":"battery_type","dataType":"String"}]},{"hierachyName":"Cell enterprise","allLevels":[{"levelName":"Cell enterprise","fieldName":"cell_enterprise","dataType":"String"}]},{"hierachyName":"Charge type","allLevels":[{"levelName":"Charge type","fieldName":"charge_type","dataType":"String"}]},{"hierachyName":"City","allLevels":[{"levelName":"City","fieldName":"city","dataType":"String"}]},{"hierachyName":"Day type","allLevels":[{"levelName":"Day type","fieldName":"day_type","dataType":"String"}]},{"hierachyName":"Dict name","allLevels":[{"levelName":"Dict name","fieldName":"dict_name","dataType":"String"}]},{"hierachyName":"Is biz","allLevels":[{"levelName":"Is biz","fieldName":"is_biz","dataType":"String"}]},{"hierachyName":"Model name","allLevels":[{"levelName":"Model name","fieldName":"model_name","dataType":"String"}]},{"hierachyName":"Month","allLevels":[{"levelName":"Month","fieldName":"month","dataType":"String"}]},{"hierachyName":"Package enterprise","allLevels":[{"levelName":"Package enterprise","fieldName":"package_enterprise","dataType":"String"}]},{"hierachyName":"Province","allLevels":[{"levelName":"Province","fieldName":"province","dataType":"String"}]},{"hierachyName":"Season","allLevels":[{"levelName":"Season","fieldName":"season","dataType":"String"}]},{"hierachyName":"Veh level","allLevels":[{"levelName":"Veh level","fieldName":"veh_level","dataType":"String"}]},{"hierachyName":"Veh type","allLevels":[{"levelName":"Veh type","fieldName":"veh_type","dataType":"String"}]}]}]}],"fhCube":{"datasourceId":"DATASOURCEcf953f60e7184f0cbacecc72bae129e6","schema":{"catalog":"yiqi","name":"stat_alarm_mileage_level","fields":[{"fieldName":"alarm_level","fieldAlias":"报警等级","fieldNativeType":"INT","fieldType":"Num"},{"fieldName":"day_type","fieldAlias":"工作日/周末","fieldNativeType":"VARCHAR","fieldType":"Str"},{"fieldName":"season","fieldAlias":"季节","fieldNativeType":"VARCHAR","fieldType":"Str"},{"fieldName":"province","fieldAlias":"省","fieldNativeType":"VARCHAR","fieldType":"Str"},{"fieldName":"city","fieldAlias":"市","fieldNativeType":"VARCHAR","fieldType":"Str"},{"fieldName":"category","fieldAlias":"车辆状态","fieldNativeType":"INT","fieldType":"Num"},{"fieldName":"charge_type","fieldAlias":"充电类型","fieldNativeType":"VARCHAR","fieldType":"Str"},{"fieldName":"model_name","fieldAlias":"车型","fieldNativeType":"VARCHAR","fieldType":"Str"},{"fieldName":"dict_name","fieldAlias":"用途","fieldNativeType":"VARCHAR","fieldType":"Str"},{"fieldName":"veh_level","fieldAlias":"车辆级别","fieldNativeType":"VARCHAR","fieldType":"Str"},{"fieldName":"veh_type","fieldAlias":"车辆类型","fieldNativeType":"VARCHAR","fieldType":"Str"},{"fieldName":"power_amount","fieldAlias":"储能装置总能量KwH","fieldNativeType":"INT","fieldType":"Num"},{"fieldName":"rating_volt","fieldAlias":"额定电压V","fieldNativeType":"INT","fieldType":"Num"},{"fieldName":"rating_volumn","fieldAlias":"标称容量","fieldNativeType":"INT","fieldType":"Num"},{"fieldName":"battery_type","fieldAlias":"储能装置类型","fieldNativeType":"VARCHAR","fieldType":"Str"},{"fieldName":"cell_enterprise","fieldAlias":"电池生产企业","fieldNativeType":"VARCHAR","fieldType":"Str"},{"fieldName":"package_enterprise","fieldAlias":"电池包厂商","fieldNativeType":"VARCHAR","fieldType":"Str"},{"fieldName":"is_biz","fieldAlias":"是否运营","fieldNativeType":"VARCHAR","fieldType":"Str"},{"fieldName":"speed_30_minute","fieldAlias":"30分钟最高车速","fieldNativeType":"INT","fieldType":"Num"},{"fieldName":"curb_weight","fieldAlias":"整备质量","fieldNativeType":"INT","fieldType":"Num"},{"fieldName":"power_100km","fieldAlias":"标称百公里耗电量","fieldNativeType":"INT","fieldType":"Num"},{"fieldName":"drive_range","fieldAlias":"续驶里程","fieldNativeType":"INT","fieldType":"Num"},{"fieldName":"total","fieldAlias":"数量","fieldNativeType":"BIGINT","fieldType":"Num"},{"fieldName":"active_time_hour","fieldAlias":"活跃时长","fieldType":"Num","fieldNativeType":"INT"},{"fieldName":"alarm_code","fieldAlias":"报警编码","fieldNativeType":"INT","fieldType":"Num"},{"fieldName":"alarm_month","fieldAlias":"报警月","fieldNativeType":"VARCHAR","fieldType":"Str"},{"fieldName":"alarm_name","fieldAlias":"报警名称","fieldNativeType":"VARCHAR","fieldType":"Str"}]},"dataSourceType":"mysql"},"olapEnable":true,"fhEnable":true,"dataSourceType":"mysql"}]]>
              </value>
            </param>
            <param index="3">
              <value>
                <![CDATA[200]]>
              </value>
            </param>
          </params>
          <reporter-output>
          </reporter-output>
        </test-method> <!-- RasDataSet -->
        <test-method status="PASS" signature="RasDataSet(java.lang.String, java.lang.String, java.lang.String, java.lang.String)[pri:0, instance:com.bitnei.apitest.testcases.saas.YiQiFieldAlias@50de0926]" name="RasDataSet" duration-ms="296" started-at="2019-11-06T07:06:55Z" description="yiqi数据集修改指标别名" data-provider="dp" finished-at="2019-11-06T07:06:55Z">
          <params>
            <param index="0">
              <value>
                <![CDATA[stat_alarm]]>
              </value>
            </param>
            <param index="1">
              <value>
                <![CDATA[/ras/dataset]]>
              </value>
            </param>
[...]
"fieldNativeType":"VARCHAR","fieldType":"Str"},{"fieldName":"category","fieldAlias":"车辆状态","fieldNativeType":"INT","fieldType":"Num"},{"fieldName":"charge_type","fieldAlias":"充电类型","fieldNativeType":"VARCHAR","fieldType":"Str"},{"fieldName":"model_name","fieldAlias":"车型","fieldNativeType":"VARCHAR","fieldType":"Str"},{"fieldName":"dict_name","fieldAlias":"用途","fieldNativeType":"VARCHAR","fieldType":"Str"},{"fieldName":"veh_level","fieldAlias":"车辆级别","fieldNativeType":"VARCHAR","fieldType":"Str"},{"fieldName":"veh_type","fieldAlias":"车辆类型","fieldNativeType":"VARCHAR","fieldType":"Str"},{"fieldName":"power_amount","fieldAlias":"储能装置总能量KwH","fieldNativeType":"INT","fieldType":"Num"},{"fieldName":"rating_volt","fieldAlias":"额定电压V","fieldNativeType":"INT","fieldType":"Num"},{"fieldName":"rating_volumn","fieldAlias":"标称容量","fieldNativeType":"INT","fieldType":"Num"},{"fieldName":"battery_type","fieldAlias":"储能装置类型","fieldNativeType":"VARCHAR","fieldType":"Str"},{"fieldName":"cell_enterprise","fieldAlias":"电池生产企业","fieldNativeType":"VARCHAR","fieldType":"Str"},{"fieldName":"package_enterprise","fieldAlias":"电池包厂商","fieldNativeType":"VARCHAR","fieldType":"Str"},{"fieldName":"is_biz","fieldAlias":"是否运营","fieldNativeType":"VARCHAR","fieldType":"Str"},{"fieldName":"speed_30_minute","fieldAlias":"30分钟最高车速","fieldNativeType":"INT","fieldType":"Num"},{"fieldName":"curb_weight","fieldAlias":"整备质量","fieldNativeType":"INT","fieldType":"Num"},{"fieldName":"power_100km","fieldAlias":"标称百公里耗电量","fieldNativeType":"INT","fieldType":"Num"},{"fieldName":"drive_range","fieldAlias":"续驶里程","fieldNativeType":"INT","fieldType":"Num"},{"fieldName":"total","fieldAlias":"数量","fieldNativeType":"BIGINT","fieldType":"Num"},{"fieldName":"active_time_hour","fieldAlias":"活跃时长","fieldType":"Num","fieldNativeType":"INT"},{"fieldName":"alarm_code","fieldAlias":"报警编码","fieldNativeType":"INT","fieldType":"Num"},{"fieldName":"alarm_month","fieldAlias":"报警月","fieldNativeType":"VARCHAR","fieldType":"Str"},{"fieldName":"alarm_name","fieldAlias":"报警名称","fieldNativeType":"VARCHAR","fieldType":"Str"}]},"dataSourceType":"mysql"},"olapEnable":true,"fhEnable":true,"dataSourceType":"mysql"}]]>
              </value>
            </param>
            <param index="3">
              <value>
                <![CDATA[200]]>
              </value>
            </param>
          </params>
          <reporter-output>
          </reporter-output>
        </test-method> <!-- RasDataSet -->
        <test-method status="PASS" signature="RasDataSet(java.lang.String, java.lang.String, java.lang.String, java.lang.String)[pri:0, instance:com.bitnei.apitest.testcases.saas.YiQiFieldAlias@50de0926]" name="RasDataSet" duration-ms="300" started-at="2019-11-06T07:06:59Z" description="yiqi数据集修改指标别名" data-provider="dp" finished-at="2019-11-06T07:07:00Z">
          <params>
            <param index="0">
              <value>
                <![CDATA[stat_alarm]]>
              </value>
            </param>
            <param index="1">
              <value>
                <![CDATA[/ras/dataset]]>
              </value>
            </param>
            <param index="2">
              <value>
                <![CDATA[{"dataSetID":"DATASET9a98faf694634c7b99747a74ac1685dd","dataSetName":"stat_alarm_summery_code","dataSourceList":[{"dataSourceID":"DATASOURCEcf953f60e7184f0cbacecc72bae129e6","dataSourceType":"mysql","dataSourceName":"一汽"}],"selectedTables":["DATASOURCEcf953f60e7184f0cbacecc72bae129e6.stat_alarm_summery_code"],"createdBy":"zhanghr@yuanian.com","createdTime":"2019-11-06 14:10:11","updatedTime":"2019-11-06 14:35:57","cardNum":0,"action":"write","starSchemas":[{"factTable":"stat_alarm_summery_code","allJoins":null,"allMeasures":[{"factTable":"stat_alarm_summery_code","fieldName":"active_time_month","dataType":"Numeric","measureDisplayName":"SUM Active time month","format":"NONE","aggregationType":"SUM"},{"factTable":"stat_alarm_summery_code","fieldName":"alarm_level","dataType":"Numeric","measureDisplayName":"SUM Alarm level","format":"NONE","aggregationType":"SUM"},{"factTable":"stat_alarm_summery_code","fieldName":"category","dataType":"Numeric","measureDisplayName":"SUM Category","format":"NONE","aggregationType":"SUM"},{"factTable":"stat_alarm_summery_code","fieldName":"curb_weight","dataType":"Numeric","measureDisplayName":"SUM Curb weight","format":"NONE","aggregationType":"SUM"},{"factTable":"stat_alarm_summery_code","fieldName":"diff_cell_volt","dataType":"Decimal","measureDisplayName":"SUM Diff cell volt","format":"NONE","aggregationType":"SUM"},{"factTable":"stat_alarm_summery_code","fieldName":"drive_range","dataType":"Numeric","measureDisplayName":"SUM Drive range","format":"NONE","aggregationType":"SUM"},{"factTable":"stat_alarm_summery_code","fieldName":"mileage","dataType":"Numeric","measureDisplayName":"SUM Mileage","format":"NONE","aggregationType":"SUM"},{"factTable":"stat_alarm_summery_code","fieldName":"power","dataType":"Numeric","measureDisplayName":"SUM Power","format":"NONE","aggregationType":"SUM"},{"factTable":"stat_alarm_summery_code","fieldName":"power_100km","dataType":"Numeric","measureDisplayName":"SUM Power 100km","format":"NONE","aggregationType":"SUM"},{"factTable":"stat_alarm_summery_code","fieldName":"power_amount","dataType":"Numeric","measureDisplayName":"SUM Power amount","format":"NONE","aggregationType":"SUM"},{"factTable":"stat_alarm_summery_code","fieldName":"rating_volt","dataType":"Numeric","measureDisplayName":"SUM Rating volt","format":"NONE","aggregationType":"SUM"},{"factTable":"stat_alarm_summery_code","fieldName":"rating_volumn","dataType":"Numeric","measureDisplayName":"SUM Rating volumn","format":"NONE","aggregationType":"SUM"},{"factTable":"stat_alarm_summery_code","fieldName":"run_time_hour","dataType":"Numeric","measureDisplayName":"SUM Run time hour","format":"NONE","aggregationType":"SUM"},{"factTable":"stat_alarm_summery_code","fieldName":"speed","dataType":"Numeric","measureDisplayName":"SUM Speed","format":"NONE","aggregationType":"SUM"},{"factTable":"stat_alarm_summery_code","fieldName":"speed_30_minute","dataType":"Numeric","measureDisplayName":"SUM Speed 30 minute","format":"NONE","aggregationType":"SUM"},{"factTable":"stat_alarm_summery_code","fieldName":"total","dataType":"Numeric","measureDisplayName":"SUM Total","format":"NONE","aggregationType":"SUM"}],"allDimensions":[{"dimensionName":"Stat alarm 0 01","dimensionType":"StandardDimension","tableName":"stat_alarm_summery_code","allHierachies":[{"hierachyName":"Battery type","allLevels":[{"levelName":"Battery type","fieldName":"battery_type","dataType":"String"}]},{"hierachyName":"Cell enterprise","allLevels":[{"levelName":"Cell enterprise","fieldName":"cell_enterprise","dataType":"String"}]},{"hierachyName":"Charge type","allLevels":[{"levelName":"Charge type","fieldName":"charge_type","dataType":"String"}]},{"hierachyName":"City","allLevels":[{"levelName":"City","fieldName":"city","dataType":"String"}]},{"hierachyName":"Day type","allLevels":[{"levelName":"Day type","fieldName":"day_type","dataType":"String"}]},{"hierachyName":"Dict name","allLevels":[{"levelName":"Dict name","fieldName":"dict_name","dataType":"String"}]},{"hierachyName":"Is biz","allLevels":[{"levelName":"Is biz","fieldName":"is_biz","dataType":"String"}]},{"hierachyName":"Model name","allLevels":[{"levelName":"Model name","fieldName":"model_name","dataType":"String"}]},{"hierachyName":"Month","allLevels":[{"levelName":"Month","fieldName":"month","dataType":"String"}]},{"hierachyName":"Package enterprise","allLevels":[{"levelName":"Package enterprise","fieldName":"package_enterprise","dataType":"String"}]},{"hierachyName":"Province","allLevels":[{"levelName":"Province","fieldName":"province","dataType":"String"}]},{"hierachyName":"Season","allLevels":[{"levelName":"Season","fieldName":"season","dataType":"String"}]},{"hierachyName":"Veh level","allLevels":[{"levelName":"Veh level","fieldName":"veh_level","dataType":"String"}]},{"hierachyName":"Veh type","allLevels":[{"levelName":"Veh type","fieldName":"veh_type","dataType":"String"}]}]}]}],"fhCube":{"datasourceId":"DATASOURCEcf953f60e7184f0cbacecc72bae129e6","schema":{"catalog":"yiqi","name":"stat_alarm_summery_code","fields":[{"fieldName":"alarm_level","fieldAlias":"报警等级","fieldNativeType":"INT","fieldType":"Num"},{"fieldName":"day_type","fieldAlias":"工作日/周末","fieldNativeType":"VARCHAR","fieldType":"Str"},{"fieldName":"season","fieldAlias":"季节","fieldNativeType":"VARCHAR","fieldType":"Str"},{"fieldName":"province","fieldAlias":"省","fieldNativeType":"VARCHAR","fieldType":"Str"},{"fieldName":"city","fieldAlias":"市","fieldNativeType":"VARCHAR","fieldType":"Str"},{"fieldName":"category","fieldAlias":"车辆状态","fieldNativeType":"INT","fieldType":"Num"},{"fieldName":"charge_type","fieldAlias":"充电类型","fieldNativeType":"VARCHAR","fieldType":"Str"},{"fieldName":"model_name","fieldAlias":"车型","fieldNativeType":"VARCHAR","fieldType":"Str"},{"fieldName":"dict_name","fieldAlias":"用途","fieldNativeType":"VARCHAR","fieldType":"Str"},{"fieldName":"veh_level","fieldAlias":"车辆级别","fieldNativeType":"VARCHAR","fieldType":"Str"},{"fieldName":"veh_type","fieldAlias":"车辆类型","fieldNativeType":"VARCHAR","fieldType":"Str"},{"fieldName":"power_amount","fieldAlias":"储能装置总能量KwH","fieldNativeType":"INT","fieldType":"Num"},{"fieldName":"rating_volt","fieldAlias":"额定电压V","fieldNativeType":"INT","fieldType":"Num"},{"fieldName":"rating_volumn","fieldAlias":"标称容量","fieldNativeType":"INT","fieldType":"Num"},{"fieldName":"battery_type","fieldAlias":"储能装置类型","fieldNativeType":"VARCHAR","fieldType":"Str"},{"fieldName":"cell_enterprise","fieldAlias":"电池生产企业","fieldNativeType":"VARCHAR","fieldType":"Str"},{"fieldName":"package_enterprise","fieldAlias":"电池包厂商","fieldNativeType":"VARCHAR","fieldType":"Str"},{"fieldName":"is_biz","fieldAlias":"是否运营","fieldNativeType":"VARCHAR","fieldType":"Str"},{"fieldName":"speed_30_minute","fieldAlias":"30分钟最高车速","fieldNativeType":"INT","fieldType":"Num"},{"fieldName":"curb_weight","fieldAlias":"整备质量","fieldNativeType":"INT","fieldType":"Num"},{"fieldName":"power_100km","fieldAlias":"标称百公里耗电量","fieldNativeType":"INT","fieldType":"Num"},{"fieldName":"drive_range","fieldAlias":"续驶里程","fieldNativeType":"INT","fieldType":"Num"},{"fieldName":"total","fieldAlias":"数量","fieldNativeType":"BIGINT","fieldType":"Num"},{"fieldName":"active_time_hour","fieldAlias":"活跃时长","fieldType":"Num","fieldNativeType":"INT"},{"fieldName":"alarm_code","fieldAlias":"报警编码","fieldNativeType":"INT","fieldType":"Num"},{"fieldName":"alarm_month","fieldAlias":"报警月","fieldNativeType":"VARCHAR","fieldType":"Str"},{"fieldName":"alarm_name","fieldAlias":"报警名称","fieldNativeType":"VARCHAR","fieldType":"Str"}]},"dataSourceType":"mysql"},"olapEnable":true,"fhEnable":true,"dataSourceType":"mysql"}]]>
              </value>
            </param>
            <param index="3">
              <value>
                <![CDATA[200]]>
              </value>
            </param>
          </params>
          <reporter-output>
          </reporter-output>
        </test-method> <!-- RasDataSet -->
        <test-method status="PASS" signature="RasDataSet(java.lang.String, java.lang.String, java.lang.String, java.lang.String)[pri:0, instance:com.bitnei.apitest.testcases.saas.YiQiFieldAlias@50de0926]" name="RasDataSet" duration-ms="334" started-at="2019-11-06T07:07:00Z" description="yiqi数据集修改指标别名" data-provider="dp" finished-at="2019-11-06T07:07:00Z">
          <params>
            <param index="0">
              <value>
                <![CDATA[stat_alarm]]>
              </value>
            </param>
            <param index="1">
              <value>
                <![CDATA[/ras/dataset]]>
              </value>
            </param>
            <param index="2">
              <value>
                <![CDATA[{"dataSetID":"DATASET9fc76153ebe14ac7a3d0111282a464b9","dataSetName":"stat_alarm_summery_level","dataSourceList":[{"dataSourceID":"DATASOURCEcf953f60e7184f0cbacecc72bae129e6","dataSourceType":"mysql","dataSourceName":"一汽"}],"selectedTables":["DATASOURCEcf953f60e7184f0cbacecc72bae129e6.stat_alarm_summery_level"],"createdBy":"zhanghr@yuanian.com","createdTime":"2019-11-06 14:10:11","updatedTime":"2019-11-06 14:35:57","cardNum":0,"action":"write","starSchemas":[{"factTable":"stat_alarm_summery_level","allJoins":null,"allMeasures":[{"factTable":"stat_alarm_summery_level","fieldName":"active_time_month","dataType":"Numeric","measureDisplayName":"SUM Active time month","format":"NONE","aggregationType":"SUM"},{"factTable":"stat_alarm_summery_level","fieldName":"alarm_level","dataType":"Numeric","measureDisplayName":"SUM Alarm level","format":"NONE","aggregationType":"SUM"},{"factTable":"stat_alarm_summery_level","fieldName":"category","dataType":"Numeric","measureDisplayName":"SUM Category","format":"NONE","aggregationType":"SUM"},{"factTable":"stat_alarm_summery_level","fieldName":"curb_weight","dataType":"Numeric","measureDisplayName":"SUM Curb weight","format":"NONE","aggregationType":"SUM"},{"factTable":"stat_alarm_summery_level","fieldName":"diff_cell_volt","dataType":"Decimal","measureDisplayName":"SUM Diff cell volt","format":"NONE","aggregationType":"SUM"},{"factTable":"stat_alarm_summery_level","fieldName":"drive_range","dataType":"Numeric","measureDisplayName":"SUM Drive range","format":"NONE","aggregationType":"SUM"},{"factTable":"stat_alarm_summery_level","fieldName":"mileage","dataType":"Numeric","measureDisplayName":"SUM Mileage","format":"NONE","aggregationType":"SUM"},{"factTable":"stat_alarm_summery_level","fieldName":"power","dataType":"Numeric","measureDisplayName":"SUM Power","format":"NONE","aggregationType":"SUM"},{"factTable":"stat_alarm_summery_level","fieldName":"power_100km","dataType":"Numeric","measureDisplayName":"SUM Power 100km","format":"NONE","aggregationType":"SUM"},{"factTable":"stat_alarm_summery_level","fieldName":"power_amount","dataType":"Numeric","measureDisplayName":"SUM Power amount","format":"NONE","aggregationType":"SUM"},{"factTable":"stat_alarm_summery_level","fieldName":"rating_volt","dataType":"Numeric","measureDisplayName":"SUM Rating volt","format":"NONE","aggregationType":"SUM"},{"factTable":"stat_alarm_summery_level","fieldName":"rating_volumn","dataType":"Numeric","measureDisplayName":"SUM Rating volumn","format":"NONE","aggregationType":"SUM"},{"factTable":"stat_alarm_summery_level","fieldName":"run_time_hour","dataType":"Numeric","measureDisplayName":"SUM Run time hour","format":"NONE","aggregationType":"SUM"},{"factTable":"stat_alarm_summery_level","fieldName":"speed","dataType":"Numeric","measureDisplayName":"SUM Speed","format":"NONE","aggregationType":"SUM"},{"factTable":"stat_alarm_summery_level","fieldName":"speed_30_minute","dataType":"Numeric","measureDisplayName":"SUM Speed 30 minute","format":"NONE","aggregationType":"SUM"},{"factTable":"stat_alarm_summery_level","fieldName":"total","dataType":"Numeric","measureDisplayName":"SUM Total","format":"NONE","aggregationType":"SUM"}],"allDimensions":[{"dimensionName":"Stat alarm 0 01","dimensionType":"StandardDimension","tableName":"stat_alarm_summery_level","allHierachies":[{"hierachyName":"Battery type","allLevels":[{"levelName":"Battery type","fieldName":"battery_type","dataType":"String"}]},{"hierachyName":"Cell enterprise","allLevels":[{"levelName":"Cell enterprise","fieldName":"cell_enterprise","dataType":"String"}]},{"hierachyName":"Charge type","allLevels":[{"levelName":"Charge type","fieldName":"charge_type","dataType":"String"}]},{"hierachyName":"City","allLevels":[{"levelName":"City","fieldName":"city","dataType":"String"}]},{"hierachyName":"Day type","allLevels":[{"levelName":"Day type","fieldName":"day_type","dataType":"String"}]},{"hierachyName":"Dict name","allLevels":[{"levelName":"Dict name","fieldName":"dict_name","dataType":"String"}]},{"hierachyName":"Is biz","allLevels":[{"levelName":"Is biz","fieldName":"is_biz","dataType":"String"}]},{"hierachyName":"Model name","allLevels":[{"levelName":"Model name","fieldName":"model_name","dataType":"String"}]},{"hierachyName":"Month","allLevels":[{"levelName":"Month","fieldName":"month","dataType":"String"}]},{"hierachyName":"Package enterprise","allLevels":[{"levelName":"Package enterprise","fieldName":"package_enterprise","dataType":"String"}]},{"hierachyName":"Province","allLevels":[{"levelName":"Province","fieldName":"province","dataType":"String"}]},{"hierachyName":"Season","allLevels":[{"levelName":"Season","fieldName":"season","dataType":"String"}]},{"hierachyName":"Veh level","allLevels":[{"levelName":"Veh level","fieldName":"veh_level","dataType":"String"}]},{"hierachyName":"Veh type","allLevels":[{"levelName":"Veh type","fieldName":"veh_type","dataType":"String"}]}]}]}],"fhCube":{"datasourceId":"DATASOURCEcf953f60e7184f0cbacecc72bae129e6","schema":{"catalog":"yiqi","name":"stat_alarm_summery_level","fields":[{"fieldName":"alarm_level","fieldAlias":"报警等级","fieldNativeType":"INT","fieldType":"Num"},{"fieldName":"day_type","fieldAlias":"工作日/周末","fieldNativeType":"VARCHAR","fieldType":"Str"},{"fieldName":"season","fieldAlias":"季节","fieldNativeType":"VARCHAR","fieldType":"Str"},{"fieldName":"province","fieldAlias":"省","fieldNativeType":"VARCHAR","fieldType":"Str"},{"fieldName":"city","fieldAlias":"市","fieldNativeType":"VARCHAR","fieldType":"Str"},{"fieldName":"category","fieldAlias":"车辆状态","fieldNativeType":"INT","fieldType":"Num"},{"fieldName":"charge_type","fieldAlias":"充电类型","fieldNativeType":"VARCHAR","fieldType":"Str"},{"fieldName":"model_name","fieldAlias":"车型","fieldNativeType":"VARCHAR","fieldType":"Str"},{"fieldName":"dict_name","fieldAlias":"用途","fieldNativeType":"VARCHAR","fieldType":"Str"},{"fieldName":"veh_level","fieldAlias":"车辆级别","fieldNativeType":"VARCHAR","fieldType":"Str"},{"fieldName":"veh_type","fieldAlias":"车辆类型","fieldNativeType":"VARCHAR","fieldType":"Str"},{"fieldName":"power_amount","fieldAlias":"储能装置总能量KwH","fieldNativeType":"INT","fieldType":"Num"},{"fieldName":"rating_volt","fieldAlias":"额定电压V","fieldNativeType":"INT","fieldType":"Num"},{"fieldName":"rating_volumn","fieldAlias":"标称容量","fieldNativeType":"INT","fieldType":"Num"},{"fieldName":"battery_type","fieldAlias":"储能装置类型","fieldNativeType":"VARCHAR","fieldType":"Str"},{"fieldName":"cell_enterprise","fieldAlias":"电池生产企业","fieldNativeType":"VARCHAR","fieldType":"Str"},{"fieldName":"package_enterprise","fieldAlias":"电池包厂商","fieldNativeType":"VARCHAR","fieldType":"Str"},{"fieldName":"is_biz","fieldAlias":"是否运营","fieldNativeType":"VARCHAR","fieldType":"Str"},{"fieldName":"speed_30_minute","fieldAlias":"30分钟最高车速","fieldNativeType":"INT","fieldType":"Num"},{"fieldName":"curb_weight","fieldAlias":"整备质量","fieldNativeType":"INT","fieldType":"Num"},{"fieldName":"power_100km","fieldAlias":"标称百公里耗电量","fieldNativeType":"INT","fieldType":"Num"},{"fieldName":"drive_range","fieldAlias":"续驶里程","fieldNativeType":"INT","fieldType":"Num"},{"fieldName":"total","fieldAlias":"数量","fieldNativeType":"BIGINT","fieldType":"Num"},{"fieldName":"active_time_hour","fieldAlias":"活跃时长","fieldType":"Num","fieldNativeType":"INT"},{"fieldName":"alarm_code","fieldAlias":"报警编码","fieldNativeType":"INT","fieldType":"Num"},{"fieldName":"alarm_month","fieldAlias":"报警月","fieldNativeType":"VARCHAR","fieldType":"Str"},{"fieldName":"alarm_name","fieldAlias":"报警名称","fieldNativeType":"VARCHAR","fieldType":"Str"}]},"dataSourceType":"mysql"},"olapEnable":true,"fhEnable":true,"dataSourceType":"mysql"}]]>
              </value>
            </param>
            <param index="3">
              <value>
                <![CDATA[200]]>
              </value>
            </param>
          </params>
          <reporter-output>
          </reporter-output>
        </test-method> <!-- RasDataSet -->
      </class> <!-- com.bitnei.apitest.testcases.saas.YiQiFieldAlias -->
    </test> <!-- Default test -->
  </suite> <!-- apitest -->
</testng-results>
