<?xml version="1.0" encoding="UTF-8"?>
<testng-results skipped="0" failed="110" ignored="0" total="142" passed="32">
  <reporter-output>
  </reporter-output>
  <suite name="apitest" duration-ms="25198" started-at="2021-04-08T09:50:43Z" finished-at="2021-04-08T09:51:09Z">
    <groups>
    </groups>
    <test name="Default test" duration-ms="25198" started-at="2021-04-08T09:50:43Z" finished-at="2021-04-08T09:51:09Z">
      <class name="com.bitnei.apitest.testcases.saas.ApiTest">
        <test-method status="PASS" signature="setUp(java.lang.String, java.lang.String)[pri:0, instance:com.bitnei.apitest.testcases.saas.ApiTest@f4168b8]" name="setUp" is-config="true" duration-ms="19673" started-at="2021-04-08T09:50:43Z" finished-at="2021-04-08T09:51:03Z">
          <params>
            <param index="0">
              <value>
                <![CDATA[http://test-saas.bitnei.cn]]>
              </value>
            </param>
            <param index="1">
              <value>
                <![CDATA[src/main/resources/TEST.xlsx]]>
              </value>
            </param>
          </params>
          <reporter-output>
          </reporter-output>
        </test-method> <!-- setUp -->
        <test-method status="FAIL" signature="ApiTestCode(java.lang.String, java.lang.String, java.lang.String, java.lang.String)[pri:0, instance:com.bitnei.apitest.testcases.saas.ApiTest@f4168b8]" name="ApiTestCode" duration-ms="80" started-at="2021-04-08T09:51:03Z" description="openapi接口" data-provider="dp" finished-at="2021-04-08T09:51:03Z">
          <params>
            <param index="0">
              <value>
                <![CDATA[好车伯乐接口返回为空]]>
              </value>
            </param>
            <param index="1">
              <value>
                <![CDATA[/external-api/vehicle-battery/autobole/vehicle/static?]]>
              </value>
            </param>
            <param index="2">
              <value>
                <![CDATA[vin=123]]>
              </value>
            </param>
            <param index="3">
              <value>
                <![CDATA[{"status":200,"errorMsg":null,"data":null,"error":false,"code":"35000"}]]>
              </value>
            </param>
          </params>
          <exception class="java.lang.AssertionError">
            <message>
              <![CDATA[expected [{}] but found [{"error":{"currentValue is ":true,"expectedValue is":false},"code":{"currentValue is ":"40000","expectedValue is":false,"expectedValue is ":"35000"}}]]]>
            </message>
            <full-stacktrace>
              <![CDATA[java.lang.AssertionError: expected [{}] but found [{"error":{"currentValue is ":true,"expectedValue is":false},"code":{"currentValue is ":"40000","expectedValue is":false,"expectedValue is ":"35000"}}]
at org.testng.Assert.fail(Assert.java:96)
at org.testng.Assert.failNotEquals(Assert.java:776)
at org.testng.Assert.assertEqualsImpl(Assert.java:137)
at org.testng.Assert.assertEquals(Assert.java:118)
at org.testng.Assert.assertEquals(Assert.java:453)
at org.testng.Assert.assertEquals(Assert.java:463)
at com.bitnei.apitest.testcases.saas.ApiTest.ApiTestCode(ApiTest.java:102)
at sun.reflect.NativeMethodAccessorImpl.invoke0(Native Method)
at sun.reflect.NativeMethodAccessorImpl.invoke(NativeMethodAccessorImpl.java:62)
at sun.reflect.DelegatingMethodAccessorImpl.invoke(DelegatingMethodAccessorImpl.java:43)
at java.lang.reflect.Method.invoke(Method.java:498)
at org.testng.internal.MethodInvocationHelper.invokeMethod(MethodInvocationHelper.java:124)
at org.testng.internal.Invoker.invokeMethod(Invoker.java:580)
at org.testng.internal.Invoker.invokeTestMethod(Invoker.java:716)
at org.testng.internal.Invoker.invokeTestMethods(Invoker.java:988)
at org.testng.internal.TestMethodWorker.invokeTestMethods(TestMethodWorker.java:125)
at org.testng.internal.TestMethodWorker.run(TestMethodWorker.java:109)
at org.testng.TestRunner.privateRun(TestRunner.java:648)
at org.testng.TestRunner.run(TestRunner.java:505)
at org.testng.SuiteRunner.runTest(SuiteRunner.java:455)
at org.testng.SuiteRunner.runSequentially(SuiteRunner.java:450)
at org.testng.SuiteRunner.privateRun(SuiteRunner.java:415)
at org.testng.SuiteRunner.run(SuiteRunner.java:364)
at org.testng.SuiteRunnerWorker.runSuite(SuiteRunnerWorker.java:52)
at org.testng.SuiteRunnerWorker.run(SuiteRunnerWorker.java:84)
at org.testng.TestNG.runSuitesSequentially(TestNG.java:1208)
at org.testng.TestNG.runSuitesLocally(TestNG.java:1137)
at org.testng.TestNG.runSuites(TestNG.java:1049)
at org.testng.TestNG.run(TestNG.java:1017)
at org.testng.remote.AbstractRemoteTestNG.run(AbstractRemoteTestNG.java:114)
at org.testng.remote.RemoteTestNG.initAndRun(RemoteTestNG.java:251)
at org.testng.remote.RemoteTestNG.main(RemoteTestNG.java:77)
]]>
            </full-stacktrace>
          </exception> <!-- java.lang.AssertionError -->
          <reporter-output>
          </reporter-output>
        </test-method> <!-- ApiTestCode -->
        <test-method status="FAIL" signature="ApiTestCode(java.lang.String, java.lang.String, java.lang.String, java.lang.String)[pri:0, instance:com.bitnei.apitest.testcases.saas.ApiTest@f4168b8]" name="ApiTestCode" duration-ms="65" started-at="2021-04-08T09:51:03Z" description="openapi接口" data-provider="dp" finished-at="2021-04-08T09:51:03Z">
          <params>
            <param index="0">
              <value>
                <![CDATA[好车伯乐接口查询正确L1HBAEB13JS000067]]>
              </value>
            </param>
            <param index="1">
              <value>
                <![CDATA[/external-api/vehicle-battery/autobole/vehicle/static?]]>
              </value>
            </param>
            <param index="2">
              <value>
                <![CDATA[vin=L1HBAEB13JS000067]]>
              </value>
            </param>
            <param index="3">
              <value>
                <![CDATA[{"status":200,"errorMsg":null,"data":{"area":"中山市","brand":"上佳","bsie":100.7,"bulletinNO":"HA6805BEVB1","joinTime":"2019-07-08","leaveTime":"2020-02-06 08:24:49","platform":"中山市公共交通运输集团有限公司","series":"未知","seurityMonitor":true,"type":"HA6805BEVB1","use":"01","vin":"ba6eb1233fbf4110628c3722c56d7ca3"},"error":false,"code":"10000"}]]>
              </value>
            </param>
          </params>
          <exception class="java.lang.AssertionError">
            <message>
              <![CDATA[expected [{}] but found [{"data":{"actualValue":null,"expectedValue":{"area":"中山市","brand":"上佳","bsie":100.7,"bulletinNO":"HA6805BEVB1","joinTime":"2019-07-08","leaveTime":"2020-02-06 08:24:49","platform":"中山市公共交通运输集团有限公司","series":"未知","seurityMonitor":true,"type":"HA6805BEVB1","use":"01","vin":"ba6eb1233fbf4110628c3722c56d7ca3"}},"area":{"actualKey":"不存在此area","expectedKey":"area"},"brand":{"actualKey":"不存在此brand","expectedKey":"brand"},"bsie":{"actualKey":"不存在此bsie","expectedKey":"bsie"},"bulletinNO":{"actualKey":"不存在此bulletinNO","expectedKey":"bulletinNO"},"joinTime":{"actualKey":"不存在此joinTime","expectedKey":"joinTime"},"leaveTime":{"actualKey":"不存在此leaveTime","expectedKey":"leaveTime"},"platform":{"actualKey":"不存在此platform","expectedKey":"platform"},"series":{"actualKey":"不存在此series","expectedKey":"series"},"seurityMonitor":{"actualKey":"不存在此seurityMonitor","expectedKey":"seurityMonitor"},"type":{"actualKey":"不存在此type","expectedKey":"type"},"use":{"actualKey":"不存在此use","expectedKey":"use"},"vin":{"actualKey":"不存在此vin","expectedKey":"vin"},"error":{"actualValue":null,"expectedValue":{"area":"中山市","brand":"上佳","bsie":100.7,"bulletinNO":"HA6805BEVB1","joinTime":"2019-07-08","leaveTime":"2020-02-06 08:24:49","platform":"中山市公共交通运输集团有限公司","series":"未知","seurityMonitor":true,"type":"HA6805BEVB1","use":"01","vin":"ba6eb1233fbf4110628c3722c56d7ca3"},"currentValue is ":true,"expectedValue is":false},"code":{"actualValue":null,"expectedValue":{"area":"中山市","brand":"上佳","bsie":100.7,"bulletinNO":"HA6805BEVB1","joinTime":"2019-07-08","leaveTime":"2020-02-06 08:24:49","platform":"中山市公共交通运输集团有限公司","series":"未知","seurityMonitor":true,"type":"HA6805BEVB1","use":"01","vin":"ba6eb1233fbf4110628c3722c56d7ca3"},"currentValue is ":"40000","expectedValue is":false,"expectedValue is ":"10000"}}]]]>
            </message>
            <full-stacktrace>
              <![CDATA[java.lang.AssertionError: expected [{}] but found [{"data":{"actualValue":null,"expectedValue":{"area":"中山市","brand":"上佳","bsie":100.7,"bulletinNO":"HA6805BEVB1","joinTime":"2019-07-08","leaveTime":"2020-02-06 08:24:49","platform":"中山市公共交通运输集团有限公司","series":"未知","seurityMonitor":true,"type":"HA6805BEVB1","use":"01","vin":"ba6eb1233fbf4110628c3722c56d7ca3"}},"area":{"actualKey":"不存在此area","expectedKey":"area"},"brand":{"actualKey":"不存在此brand","expectedKey":"brand"},"bsie":{"actualKey":"不存在此bsie","expectedKey":"bsie"},"bulletinNO":{"actualKey":"不存在此bulletinNO","expectedKey":"bulletinNO"},"joinTime":{"actualKey":"不存在此joinTime","expectedKey":"joinTime"},"leaveTime":{"actualKey":"不存在此leaveTime","expectedKey":"leaveTime"},"platform":{"actualKey":"不存在此platform","expectedKey":"platform"},"series":{"actualKey":"不存在此series","expectedKey":"series"},"seurityMonitor":{"actualKey":"不存在此seurityMonitor","expectedKey":"seurityMonitor"},"type":{"actualKey":"不存在此type","expectedKey":"type"},"use":{"actualKey":"不存在此use","expectedKey":"use"},"vin":{"actualKey":"不存在此vin","expectedKey":"vin"},"error":{"actualValue":null,"expectedValue":{"area":"中山市","brand":"上佳","bsie":100.7,"bulletinNO":"HA6805BEVB1","joinTime":"2019-07-08","leaveTime":"2020-02-06 08:24:49","platform":"中山市公共交通运输集团有限公司","series":"未知","seurityMonitor":true,"type":"HA6805BEVB1","use":"01","vin":"ba6eb1233fbf4110628c3722c56d7ca3"},"currentValue is ":true,"expectedValue is":false},"code":{"actualValue":null,"expectedValue":{"area":"中山市","brand":"上佳","bsie":100.7,"bulletinNO":"HA6805BEVB1","joinTime":"2019-07-08","leaveTime":"2020-02-06 08:24:49","platform":"中山市公共交通运输集团有限公司","series":"未知","seurityMonitor":true,"type":"HA6805BEVB1","use":"01","vin":"ba6eb1233fbf4110628c3722c56d7ca3"},"currentValue is ":"40000","expectedValue is":false,"expectedValue is ":"10000"}}]
at org.testng.Assert.fail(Assert.java:96)
at org.testng.Assert.failNotEquals(Assert.java:776)
at org.testng.Assert.assertEqualsImpl(Assert.java:137)
at org.testng.Assert.assertEquals(Assert.java:118)
at org.testng.Assert.assertEquals(Assert.java:453)
at org.testng.Assert.assertEquals(Assert.java:463)
at com.bitnei.apitest.testcases.saas.ApiTest.ApiTestCode(ApiTest.java:102)
at sun.reflect.NativeMethodAccessorImpl.invoke0(Native Method)
at sun.reflect.NativeMethodAccessorImpl.invoke(NativeMethodAccessorImpl.java:62)
at sun.reflect.DelegatingMethodAccessorImpl.invoke(DelegatingMethodAccessorImpl.java:43)
at java.lang.reflect.Method.invoke(Method.java:498)
at org.testng.internal.MethodInvocationHelper.invokeMethod(MethodInvocationHelper.java:124)
at org.testng.internal.Invoker.invokeMethod(Invoker.java:580)
at org.testng.internal.Invoker.invokeTestMethod(Invoker.java:716)
at org.testng.internal.Invoker.invokeTestMethods(Invoker.java:988)
at org.testng.internal.TestMethodWorker.invokeTestMethods(TestMethodWorker.java:125)
at org.testng.internal.TestMethodWorker.run(TestMethodWorker.java:109)
at org.testng.TestRunner.privateRun(TestRunner.java:648)
at org.testng.TestRunner.run(TestRunner.java:505)
at org.testng.SuiteRunner.runTest(SuiteRunner.java:455)
at org.testng.SuiteRunner.runSequentially(SuiteRunner.java:450)
at org.testng.SuiteRunner.privateRun(SuiteRunner.java:415)
at org.testng.SuiteRunner.run(SuiteRunner.java:364)
at org.testng.SuiteRunnerWorker.runSuite(SuiteRunnerWorker.java:52)
at org.testng.SuiteRunnerWorker.run(SuiteRunnerWorker.java:84)
at org.testng.TestNG.runSuitesSequentially(TestNG.java:1208)
at org.testng.TestNG.runSuitesLocally(TestNG.java:1137)
at org.testng.TestNG.runSuites(TestNG.java:1049)
at org.testng.TestNG.run(TestNG.java:1017)
at org.testng.remote.AbstractRemoteTestNG.run(AbstractRemoteTestNG.java:114)
at org.testng.remote.RemoteTestNG.initAndRun(RemoteTestNG.java:251)
at org.testng.remote.RemoteTestNG.main(RemoteTestNG.java:77)
]]>
            </full-stacktrace>
          </exception> <!-- java.lang.AssertionError -->
          <reporter-output>
          </reporter-output>
        </test-method> <!-- ApiTestCode -->
        <test-method status="PASS" signature="ApiTestCode(java.lang.String, java.lang.String, java.lang.String, java.lang.String)[pri:0, instance:com.bitnei.apitest.testcases.saas.ApiTest@f4168b8]" name="ApiTestCode" duration-ms="30" started-at="2021-04-08T09:51:03Z" description="openapi接口" data-provider="dp" finished-at="2021-04-08T09:51:03Z">
          <params>
            <param index="0">
              <value>
                <![CDATA[车辆轨迹获取车辆轨迹接口返回为空]]>
              </value>
            </param>
            <param index="1">
              <value>
                <![CDATA[/external-api/lbs/test/vehicle/locations?]]>
              </value>
            </param>
            <param index="2">
              <value>
                <![CDATA[vin=123&dateFrom=2019-10-20%2007%3A16%3A20&dateTo=2019-10-21%2007%3A16%3A20]]>
              </value>
            </param>
            <param index="3">
              <value>
                <![CDATA[{"status":200,"errorMsg":null,"data":null,"error":false,"code":"35000"}]]>
              </value>
            </param>
          </params>
          <reporter-output>
          </reporter-output>
        </test-method> <!-- ApiTestCode -->
        <test-method status="PASS" signature="ApiTestCode(java.lang.String, java.lang.String, java.lang.String, java.lang.String)[pri:0, instance:com.bitnei.apitest.testcases.saas.ApiTest@f4168b8]" name="ApiTestCode" duration-ms="165" started-at="2021-04-08T09:51:03Z" description="openapi接口" data-provider="dp" finished-at="2021-04-08T09:51:04Z">
          <params>
            <param index="0">
              <value>
                <![CDATA[微信小程序获取车辆厂家及车型]]>
              </value>
            </param>
            <param index="1">
              <value>
                <![CDATA[/external-api/laboratory/models/reliable/factory/information?]]>
              </value>
            </param>
            <param index="2">
              <value>
                <![CDATA[type=01]]>
              </value>
            </param>
            <param index="3">
              <value>
                <![CDATA[{"status":200,"errorMsg":null,"data":[{"vehFac":"合众汽车","vehModelInfos":[{"vehCommonName":"哪吒N01","vehModel":"THZ7000BEVS004","standardDriverMileage":301.00,"standardPower":14.00}]},{"vehFac":"比亚迪","vehModelInfos":[{"vehCommonName":"E5","vehModel":"BYD7005BEV1","standardDriverMileage":400.00,"standardPower":14.80},{"vehCommonName":"比亚迪唐","vehModel":"BYD6490SBEV1","standardDriverMileage":520.00,"standardPower":17.30}]},{"vehFac":"北汽新能源","vehModelInfos":[{"vehCommonName":"EU5","vehModel":"BJ7000C5D3-BEV","standardDriverMileage":416.00,"standardPower":13.90}]},{"vehFac":"吉利汽车","vehModelInfos":[{"vehCommonName":"帝豪GSE400","vehModel":"HQ7002BEV15","standardDriverMileage":353.00,"standardPower":14.53}]},{"vehFac":"威马汽车","vehModelInfos":[{"vehCommonName":"EX5","vehModel":"SZS6460A06BEV","standardDriverMileage":303.00,"standardPower":16.20}]},{"vehFac":"上汽集团","vehModelInfos":[{"vehCommonName":"荣威ERX5","vehModel":"CSA6456BEV2","standardDriverMileage":320.00,"standardPower":15.49},{"vehCommonName":"Marvel X","vehModel":"CSA6461FBEV1","standardDriverMileage":403.00,"standardPower":14.20}]},{"vehFac":"长安汽车","vehModelInfos":[{"vehCommonName":"EADO","vehModel":"SC7003ACBEV","standardDriverMileage":305.00,"standardPower":13.40},{"vehCommonName":"EADO","vehModel":"SC7003AEBEV","standardDriverMileage":405.00,"standardPower":13.80}]},{"vehFac":"广汽新能源","vehModelInfos":[{"vehCommonName":"传祺AION.S","vehModel":"GAM7000BEVA0C","standardDriverMileage":510.00,"standardPower":13.10}]},{"vehFac":"蔚来汽车","vehModelInfos":[{"vehCommonName":"ES6","vehModel":"HFC6483ECEV-W","standardDriverMileage":430.00,"standardPower":18.10},{"vehCommonName":"ES8","vehModel":"HFC6502ECEV2-W","standardDriverMileage":355.00,"standardPower":21.00}]}],"error":false,"code":"10000"}]]>
              </value>
            </param>
          </params>
          <reporter-output>
          </reporter-output>
        </test-method> <!-- ApiTestCode -->
        <test-method status="PASS" signature="ApiTestCode(java.lang.String, java.lang.String, java.lang.String, java.lang.String)[pri:0, instance:com.bitnei.apitest.testcases.saas.ApiTest@f4168b8]" name="ApiTestCode" duration-ms="65" started-at="2021-04-08T09:51:04Z" description="openapi接口" data-provider="dp" finished-at="2021-04-08T09:51:04Z">
          <params>
            <param index="0">
              <value>
                <![CDATA[微信小程序获取车型的所有靠谱指数全国HQ7002BEV15吉利汽车]]>
              </value>
            </param>
            <param index="1">
              <value>
                <![CDATA[/external-api/laboratory/models/reliable/exponent?]]>
              </value>
            </param>
            <param index="2">
              <value>
                <![CDATA[vehModel=HQ7002BEV15&vehFac=%E5%90%89%E5%88%A9%E6%B1%BD%E8%BD%A6]]>
              </value>
            </param>
            <param index="3">
              <value>
                <![CDATA[{"status":200,"errorMsg":null,"data":{"driverRange":289.59,"middleChargeStartSoc":37.53,"standardDriverMileage":353.00,"standardPower":null,"power100km":null,"fastChargeDuration":54.47,"middleAnxiety":"中","satisfactionDegree":"低","onlineHailedCarRatio":null,"onlineHailedCarNumber":null},"error":false,"code":"10000"}]]>
              </value>
            </param>
          </params>
          <reporter-output>
          </reporter-output>
        </test-method> <!-- ApiTestCode -->
        <test-method status="PASS" signature="ApiTestCode(java.lang.String, java.lang.String, java.lang.String, java.lang.String)[pri:0, instance:com.bitnei.apitest.testcases.saas.ApiTest@f4168b8]" name="ApiTestCode" duration-ms="50" started-at="2021-04-08T09:51:04Z" description="openapi接口" data-provider="dp" finished-at="2021-04-08T09:51:04Z">
          <params>
            <param index="0">
              <value>
                <![CDATA[微信小程序获取车型的所有靠谱指数北京市]]>
              </value>
            </param>
            <param index="1">
              <value>
                <![CDATA[/external-api/laboratory/models/reliable/exponent?]]>
              </value>
            </param>
            <param index="2">
              <value>
                <![CDATA[city=%E5%8C%97%E4%BA%AC%E5%B8%82&vehModel=HQ7002BEV15&vehFac=%E5%90%89%E5%88%A9%E6%B1%BD%E8%BD%A6]]>
              </value>
            </param>
            <param index="3">
              <value>
                <![CDATA[{"status":200,"errorMsg":null,"data":{"driverRange":291.55,"middleChargeStartSoc":35.42,"standardDriverMileage":353.00,"standardPower":null,"power100km":null,"fastChargeDuration":59.06,"middleAnxiety":"中","satisfactionDegree":"低","onlineHailedCarRatio":null,"onlineHailedCarNumber":null},"error":false,"code":"10000"}]]>
              </value>
            </param>
          </params>
          <reporter-output>
          </reporter-output>
        </test-method> <!-- ApiTestCode -->
        <test-method status="PASS" signature="ApiTestCode(java.lang.String, java.lang.String, java.lang.String, java.lang.String)[pri:0, instance:com.bitnei.apitest.testcases.saas.ApiTest@f4168b8]" name="ApiTestCode" duration-ms="30" started-at="2021-04-08T09:51:04Z" description="openapi接口" data-provider="dp" finished-at="2021-04-08T09:51:04Z">
          <params>
            <param index="0">
              <value>
                <![CDATA[微信小程序获取车型的所有靠谱指数车型必填]]>
              </value>
            </param>
            <param index="1">
              <value>
                <![CDATA[/external-api/laboratory/models/reliable/exponent?]]>
              </value>
            </param>
            <param index="2">
              <value>
                <![CDATA[vehFac=%E5%90%89%E5%88%A9%E6%B1%BD%E8%BD%A6]]>
              </value>
            </param>
            <param index="3">
              <value>
                <![CDATA[{"status":400,"errorMsg":"请求参数vehModel不能为空！","data":null,"error":true,"code":"30001"}]]>
              </value>
            </param>
          </params>
          <reporter-output>
          </reporter-output>
        </test-method> <!-- ApiTestCode -->
        <test-method status="PASS" signature="ApiTestCode(java.lang.String, java.lang.String, java.lang.String, java.lang.String)[pri:0, instance:com.bitnei.apitest.testcases.saas.ApiTest@f4168b8]" name="ApiTestCode" duration-ms="25" started-at="2021-04-08T09:51:04Z" description="openapi接口" data-provider="dp" finished-at="2021-04-08T09:51:04Z">
          <params>
            <param index="0">
              <value>
                <![CDATA[微信小程序获取车型的所有靠谱指数厂家必填]]>
              </value>
            </param>
            <param index="1">
              <value>
                <![CDATA[/external-api/laboratory/models/reliable/exponent?]]>
              </value>
            </param>
            <param index="2">
              <value>
                <![CDATA[vehModel=HQ7002BEV15]]>
              </value>
            </param>
            <param index="3">
              <value>
                <![CDATA[{"status":400,"errorMsg":"请求参数vehFac不能为空！","data":null,"error":true,"code":"30001"}]]>
              </value>
            </param>
          </params>
          <reporter-output>
          </reporter-output>
        </test-method> <!-- ApiTestCode -->
        <test-method status="PASS" signature="ApiTestCode(java.lang.String, java.lang.String, java.lang.String, java.lang.String)[pri:0, instance:com.bitnei.apitest.testcases.saas.ApiTest@f4168b8]" name="ApiTestCode" duration-ms="46" started-at="2021-04-08T09:51:04Z" description="openapi接口" data-provider="dp" finished-at="2021-04-08T09:51:04Z">
          <params>
            <param index="0">
              <value>
                <![CDATA[微信小程序获取车型的所有靠谱指数为空]]>
              </value>
            </param>
            <param index="1">
              <value>
                <![CDATA[/external-api/laboratory/models/reliable/exponent?]]>
              </value>
            </param>
            <param index="2">
              <value>
                <![CDATA[vehModel=123&vehFac=123]]>
              </value>
            </param>
            <param index="3">
              <value>
                <![CDATA[{"status":200,"errorMsg":null,"data":null,"error":false,"code":"35000"}]]>
              </value>
            </param>
          </params>
          <reporter-output>
          </reporter-output>
        </test-method> <!-- ApiTestCode -->
        <test-method status="PASS" signature="ApiTestCode(java.lang.String, java.lang.String, java.lang.String, java.lang.String)[pri:0, instance:com.bitnei.apitest.testcases.saas.ApiTest@f4168b8]" name="ApiTestCode" duration-ms="40" started-at="2021-04-08T09:51:04Z" description="openapi接口" data-provider="dp" finished-at="2021-04-08T09:51:04Z">
          <params>
            <param index="0">
              <value>
                <![CDATA[微信小程序靠谱指数查询全国]]>
              </value>
            </param>
            <param index="1">
              <value>
                <![CDATA[/external-api/laboratory/models/reliable/rank?]]>
              </value>
            </param>
            <param index="2">
              <value>
                <![CDATA[type=01]]>
              </value>
            </param>
            <param index="3">
              <value>
                <![CDATA[{"status":200,"errorMsg":null,"data":[{"vehModel":"THZ7000BEVS004","vehCommonName":"哪吒N01","unit":"km","standardDriverRange":301.0,"standardPower":14.0,"vehFac":"合众汽车"},{"vehModel":"BYD7005BEV1","vehCommonName":"E5","unit":"km","standardDriverRange":400.0,"standardPower":14.8,"vehFac":"比亚迪"},{"vehModel":"BJ7000C5D3-BEV","vehCommonName":"EU5","unit":"km","standardDriverRange":416.0,"standardPower":13.9,"vehFac":"北汽新能源"}],"error":false,"code":"10000"}]]>
              </value>
            </param>
          </params>
          <reporter-output>
          </reporter-output>
        </test-method> <!-- ApiTestCode -->
        <test-method status="PASS" signature="ApiTestCode(java.lang.String, java.lang.String, java.lang.String, java.lang.String)[pri:0, instance:com.bitnei.apitest.testcases.saas.ApiTest@f4168b8]" name="ApiTestCode" duration-ms="47" started-at="2021-04-08T09:51:04Z" description="openapi接口" data-provider="dp" finished-at="2021-04-08T09:51:04Z">
          <params>
            <param index="0">
              <value>
                <![CDATA[微信小程序靠谱指数查询北京市]]>
              </value>
            </param>
            <param index="1">
              <value>
                <![CDATA[/external-api/laboratory/models/reliable/rank?]]>
              </value>
            </param>
            <param index="2">
              <value>
                <![CDATA[city=%E5%8C%97%E4%BA%AC%E5%B8%82&type=01]]>
              </value>
            </param>
            <param index="3">
              <value>
                <![CDATA[{"status":200,"errorMsg":null,"data":[{"vehModel":"THZ7000BEVS004","vehCommonName":"哪吒N01","unit":"km","standardDriverRange":301.00,"standardPower":14.00,"vehFac":"合众汽车"},{"vehModel":"BYD7005BEV1","vehCommonName":"E5","unit":"km","standardDriverRange":400.00,"standardPower":14.80,"vehFac":"比亚迪"},{"vehModel":"HQ7002BEV15","vehCommonName":"帝豪GSE400","unit":"km","standardDriverRange":353.00,"standardPower":14.53,"vehFac":"吉利汽车"}],"error":false,"code":"10000"}]]>
              </value>
            </param>
          </params>
          <reporter-output>
          </reporter-output>
        </test-method> <!-- ApiTestCode -->
        <test-method status="PASS" signature="ApiTestCode(java.lang.String, java.lang.String, java.lang.String, java.lang.String)[pri:0, instance:com.bitnei.apitest.testcases.saas.ApiTest@f4168b8]" name="ApiTestCode" duration-ms="32" started-at="2021-04-08T09:51:04Z" description="openapi接口" data-provider="dp" finished-at="2021-04-08T09:51:04Z">
          <params>
            <param index="0">
              <value>
                <![CDATA[微信小程序靠谱指数查询类型必填]]>
              </value>
            </param>
            <param index="1">
              <value>
                <![CDATA[/external-api/laboratory/models/reliable/rank?]]>
              </value>
            </param>
            <param index="2">
              <value>
                <![CDATA[]]>
              </value>
            </param>
            <param index="3">
              <value>
                <![CDATA[{"status":400,"errorMsg":"请求参数type不能为空！","data":null,"error":true,"code":"30001"}]]>
              </value>
            </param>
          </params>
          <reporter-output>
          </reporter-output>
        </test-method> <!-- ApiTestCode -->
        <test-method status="PASS" signature="ApiTestCode(java.lang.String, java.lang.String, java.lang.String, java.lang.String)[pri:0, instance:com.bitnei.apitest.testcases.saas.ApiTest@f4168b8]" name="ApiTestCode" duration-ms="42" started-at="2021-04-08T09:51:04Z" description="openapi接口" data-provider="dp" finished-at="2021-04-08T09:51:04Z">
          <params>
            <param index="0">
              <value>
                <![CDATA[微信小程序靠谱指数查询全国返回1条]]>
              </value>
            </param>
            <param index="1">
              <value>
                <![CDATA[/external-api/laboratory/models/reliable/rank?]]>
              </value>
            </param>
            <param index="2">
              <value>
                <![CDATA[size=1&type=02]]>
              </value>
            </param>
            <param index="3">
              <value>
                <![CDATA[{"status":200,"errorMsg":null,"data":[{"vehModel":"BJ7000U3D7G-BEV","vehCommonName":"EX360","unit":"km","standardDriverRange":318.0,"standardPower":16.7,"vehFac":"北汽新能源"}],"error":false,"code":"10000"}]]>
              </value>
            </param>
          </params>
          <reporter-output>
          </reporter-output>
        </test-method> <!-- ApiTestCode -->
        <test-method status="PASS" signature="ApiTestCode(java.lang.String, java.lang.String, java.lang.String, java.lang.String)[pri:0, instance:com.bitnei.apitest.testcases.saas.ApiTest@f4168b8]" name="ApiTestCode" duration-ms="79" started-at="2021-04-08T09:51:04Z" description="openapi接口" data-provider="dp" finished-at="2021-04-08T09:51:04Z">
          <params>
            <param index="0">
              <value>
                <![CDATA[微信小程序实际行驶总里程详情全国HQ7002BEV15吉利汽车]]>
              </value>
            </param>
            <param index="1">
              <value>
                <![CDATA[/external-api/laboratory/models/reliable/mileage/detail?]]>
              </value>
            </param>
            <param index="2">
              <value>
                <![CDATA[vehModel=HQ7002BEV15&vehFac=%E5%90%89%E5%88%A9%E6%B1%BD%E8%BD%A6]]>
              </value>
            </param>
            <param index="3">
              <value>
                <![CDATA[{"status":200,"errorMsg":null,"data":{"vehModel":"帝豪GSE400","driverRange":289.59,"standardDriverMileage":353.0,"vehFac":"吉利汽车","unit":"km","monthType":[{"driverMileage":206.0,"month":"01"},{"driverMileage":234.76,"month":"02"},{"driverMileage":285.52,"month":"03"},{"driverMileage":298.19,"month":"04"},{"driverMileage":323.13,"month":"05"},{"driverMileage":321.67,"month":"06"},{"driverMileage":316.4,"month":"07"},{"driverMileage":320.0,"month":"08"},{"driverMileage":324.62,"month":"09"},{"driverMileage":315.65,"month":"10"},{"driverMileage":283.3,"month":"11"},{"driverMileage":245.88,"month":"12"}],"seasonType":[{"driverMileage":307.86,"season":"autumn"},{"driverMileage":302.28,"season":"spring"},{"driverMileage":319.36,"season":"summer"},{"driverMileage":228.88,"season":"winter"}]},"error":false,"code":"10000"}]]>
              </value>
            </param>
          </params>
          <reporter-output>
          </reporter-output>
        </test-method> <!-- ApiTestCode -->
        <test-method status="PASS" signature="ApiTestCode(java.lang.String, java.lang.String, java.lang.String, java.lang.String)[pri:0, instance:com.bitnei.apitest.testcases.saas.ApiTest@f4168b8]" name="ApiTestCode" duration-ms="58" started-at="2021-04-08T09:51:04Z" description="openapi接口" data-provider="dp" finished-at="2021-04-08T09:51:04Z">
          <params>
            <param index="0">
              <value>
                <![CDATA[微信小程序实际行驶总里程详情北京市]]>
              </value>
            </param>
            <param index="1">
              <value>
                <![CDATA[/external-api/laboratory/models/reliable/mileage/detail?]]>
              </value>
            </param>
            <param index="2">
              <value>
                <![CDATA[city=%E5%8C%97%E4%BA%AC%E5%B8%82&vehModel=HQ7002BEV15&vehFac=%E5%90%89%E5%88%A9%E6%B1%BD%E8%BD%A6]]>
              </value>
            </param>
            <param index="3">
              <value>
                <![CDATA[{"status":200,"errorMsg":null,"data":{"vehModel":"帝豪GSE400","driverRange":291.55,"standardDriverMileage":353.00,"vehFac":"吉利汽车","unit":"km","monthType":[{"driverMileage":209.00,"month":"01"},{"driverMileage":233.67,"month":"02"},{"driverMileage":289.40,"month":"03"},{"driverMileage":292.50,"month":"04"},{"driverMileage":332.49,"month":"05"},{"driverMileage":329.00,"month":"06"},{"driverMileage":321.29,"month":"07"},{"driverMileage":331.23,"month":"08"},{"driverMileage":338.00,"month":"09"},{"driverMileage":324.67,"month":"10"},{"driverMileage":274.93,"month":"11"},{"driverMileage":222.44,"month":"12"}],"seasonType":[{"driverMileage":312.53,"season":"autumn"},{"driverMileage":304.80,"season":"spring"},{"driverMileage":327.17,"season":"summer"},{"driverMileage":221.70,"season":"winter"}]},"error":false,"code":"10000"}]]>
              </value>
            </param>
          </params>
          <reporter-output>
          </reporter-output>
        </test-method> <!-- ApiTestCode -->
        <test-method status="PASS" signature="ApiTestCode(java.lang.String, java.lang.String, java.lang.String, java.lang.String)[pri:0, instance:com.bitnei.apitest.testcases.saas.ApiTest@f4168b8]" name="ApiTestCode" duration-ms="28" started-at="2021-04-08T09:51:04Z" description="openapi接口" data-provider="dp" finished-at="2021-04-08T09:51:04Z">
          <params>
            <param index="0">
              <value>
                <![CDATA[微信小程序实际行驶总里程详情厂家必填]]>
              </value>
            </param>
            <param index="1">
              <value>
                <![CDATA[/external-api/laboratory/models/reliable/mileage/detail?]]>
              </value>
            </param>
            <param index="2">
              <value>
                <![CDATA[vehModel=HQ7002BEV15]]>
              </value>
            </param>
            <param index="3">
              <value>
                <![CDATA[{"status":400,"errorMsg":"请求参数vehFac不能为空！","data":null,"error":true,"code":"30001"}]]>
              </value>
            </param>
          </params>
          <reporter-output>
          </reporter-output>
        </test-method> <!-- ApiTestCode -->
        <test-method status="PASS" signature="ApiTestCode(java.lang.String, java.lang.String, java.lang.String, java.lang.String)[pri:0, instance:com.bitnei.apitest.testcases.saas.ApiTest@f4168b8]" name="ApiTestCode" duration-ms="28" started-at="2021-04-08T09:51:04Z" description="openapi接口" data-provider="dp" finished-at="2021-04-08T09:51:04Z">
          <params>
            <param index="0">
              <value>
                <![CDATA[微信小程序实际行驶总里程详情车型必填]]>
              </value>
            </param>
            <param index="1">
              <value>
                <![CDATA[/external-api/laboratory/models/reliable/mileage/detail?]]>
              </value>
            </param>
            <param index="2">
              <value>
                <![CDATA[vehFac=%E5%90%89%E5%88%A9%E6%B1%BD%E8%BD%A6]]>
              </value>
            </param>
            <param index="3">
              <value>
                <![CDATA[{"status":400,"errorMsg":"请求参数vehModel不能为空！","data":null,"error":true,"code":"30001"}]]>
              </value>
            </param>
          </params>
          <reporter-output>
          </reporter-output>
        </test-method> <!-- ApiTestCode -->
        <test-method status="PASS" signature="ApiTestCode(java.lang.String, java.lang.String, java.lang.String, java.lang.String)[pri:0, instance:com.bitnei.apitest.testcases.saas.ApiTest@f4168b8]" name="ApiTestCode" duration-ms="47" started-at="2021-04-08T09:51:04Z" description="openapi接口" data-provider="dp" finished-at="2021-04-08T09:51:04Z">
          <params>
            <param index="0">
              <value>
                <![CDATA[微信小程序使用焦虑度详情全国HQ7002BEV15吉利汽车]]>
              </value>
            </param>
            <param index="1">
              <value>
                <![CDATA[/external-api/laboratory/models/reliable/anxiety/detail?]]>
              </value>
            </param>
            <param index="2">
              <value>
                <![CDATA[vehModel=HQ7002BEV15&vehFac=%E5%90%89%E5%88%A9%E6%B1%BD%E8%BD%A6]]>
              </value>
            </param>
            <param index="3">
              <value>
                <![CDATA[{"status":200,"errorMsg":null,"data":{"vehModel":"帝豪GSE400","middleChargeStartSoc":37.53,"middleAnxiety":"中","vehFac":"吉利汽车","unit":"%","monthType":[{"chargeStartSoc":42.50,"anxiety":"中","month":"01"},{"chargeStartSoc":31.50,"anxiety":"中","month":"02"},{"chargeStartSoc":37.00,"anxiety":"中","month":"03"},{"chargeStartSoc":39.50,"anxiety":"中","month":"04"},{"chargeStartSoc":39.00,"anxiety":"中","month":"05"},{"chargeStartSoc":37.98,"anxiety":"中","month":"06"},{"chargeStartSoc":37.00,"anxiety":"中","month":"07"},{"chargeStartSoc":37.00,"anxiety":"中","month":"08"},{"chargeStartSoc":38.00,"anxiety":"中","month":"09"},{"chargeStartSoc":38.00,"anxiety":"中","month":"10"},{"chargeStartSoc":36.92,"anxiety":"中","month":"11"},{"chargeStartSoc":36.00,"anxiety":"中","month":"12"}],"seasonType":[{"chargeStartSoc":37.64,"anxiety":"中","season":"autumn"},{"chargeStartSoc":38.50,"anxiety":"中","season":"spring"},{"chargeStartSoc":37.33,"anxiety":"中","season":"summer"},{"chargeStartSoc":36.67,"anxiety":"中","season":"winter"}]},"error":false,"code":"10000"}]]>
              </value>
            </param>
          </params>
          <reporter-output>
          </reporter-output>
        </test-method> <!-- ApiTestCode -->
        <test-method status="PASS" signature="ApiTestCode(java.lang.String, java.lang.String, java.lang.String, java.lang.String)[pri:0, instance:com.bitnei.apitest.testcases.saas.ApiTest@f4168b8]" name="ApiTestCode" duration-ms="50" started-at="2021-04-08T09:51:04Z" description="openapi接口" data-provider="dp" finished-at="2021-04-08T09:51:04Z">
          <params>
            <param index="0">
              <value>
                <![CDATA[微信小程序使用焦虑度详情北京市]]>
              </value>
            </param>
            <param index="1">
              <value>
                <![CDATA[/external-api/laboratory/models/reliable/anxiety/detail?]]>
              </value>
            </param>
            <param index="2">
              <value>
                <![CDATA[city=%E5%8C%97%E4%BA%AC%E5%B8%82&vehModel=HQ7002BEV15&vehFac=%E5%90%89%E5%88%A9%E6%B1%BD%E8%BD%A6]]>
              </value>
            </param>
            <param index="3">
              <value>
                <![CDATA[{"status":200,"errorMsg":null,"data":{"vehModel":"帝豪GSE400","middleChargeStartSoc":35.42,"middleAnxiety":"中","vehFac":"吉利汽车","unit":"%","monthType":[{"chargeStartSoc":42.00,"anxiety":"中","month":"01"},{"chargeStartSoc":31.00,"anxiety":"中","month":"02"},{"chargeStartSoc":37.00,"anxiety":"中","month":"03"},{"chargeStartSoc":39.00,"anxiety":"中","month":"04"},{"chargeStartSoc":36.00,"anxiety":"中","month":"05"},{"chargeStartSoc":35.00,"anxiety":"中","month":"06"},{"chargeStartSoc":34.00,"anxiety":"中","month":"07"},{"chargeStartSoc":35.00,"anxiety":"中","month":"08"},{"chargeStartSoc":35.08,"anxiety":"中","month":"09"},{"chargeStartSoc":35.00,"anxiety":"中","month":"10"},{"chargeStartSoc":33.00,"anxiety":"中","month":"11"},{"chargeStartSoc":33.00,"anxiety":"中","month":"12"}],"seasonType":[{"chargeStartSoc":34.36,"anxiety":"中","season":"autumn"},{"chargeStartSoc":37.33,"anxiety":"中","season":"spring"},{"chargeStartSoc":34.67,"anxiety":"中","season":"summer"},{"chargeStartSoc":35.33,"anxiety":"中","season":"winter"}]},"error":false,"code":"10000"}]]>
              </value>
            </param>
          </params>
          <reporter-output>
          </reporter-output>
        </test-method> <!-- ApiTestCode -->
        <test-method status="PASS" signature="ApiTestCode(java.lang.String, java.lang.String, java.lang.String, java.lang.String)[pri:0, instance:com.bitnei.apitest.testcases.saas.ApiTest@f4168b8]" name="ApiTestCode" duration-ms="26" started-at="2021-04-08T09:51:04Z" description="openapi接口" data-provider="dp" finished-at="2021-04-08T09:51:04Z">
          <params>
            <param index="0">
              <value>
                <![CDATA[微信小程序使用焦虑度详情厂家必填]]>
              </value>
            </param>
            <param index="1">
              <value>
                <![CDATA[/external-api/laboratory/models/reliable/anxiety/detail?]]>
              </value>
            </param>
            <param index="2">
              <value>
                <![CDATA[vehModel=HQ7002BEV15]]>
              </value>
            </param>
            <param index="3">
              <value>
                <![CDATA[{"status":400,"errorMsg":"请求参数vehFac不能为空！","data":null,"error":true,"code":"30001"}]]>
              </value>
            </param>
          </params>
          <reporter-output>
          </reporter-output>
        </test-method> <!-- ApiTestCode -->
        <test-method status="PASS" signature="ApiTestCode(java.lang.String, java.lang.String, java.lang.String, java.lang.String)[pri:0, instance:com.bitnei.apitest.testcases.saas.ApiTest@f4168b8]" name="ApiTestCode" duration-ms="25" started-at="2021-04-08T09:51:04Z" description="openapi接口" data-provider="dp" finished-at="2021-04-08T09:51:04Z">
          <params>
            <param index="0">
              <value>
                <![CDATA[微信小程序使用焦虑度详情车型必填]]>
              </value>
            </param>
            <param index="1">
              <value>
                <![CDATA[/external-api/laboratory/models/reliable/anxiety/detail?]]>
              </value>
            </param>
            <param index="2">
              <value>
                <![CDATA[vehFac=%E5%90%89%E5%88%A9%E6%B1%BD%E8%BD%A6]]>
              </value>
            </param>
            <param index="3">
              <value>
                <![CDATA[{"status":400,"errorMsg":"请求参数vehModel不能为空！","data":null,"error":true,"code":"30001"}]]>
              </value>
            </param>
          </params>
          <reporter-output>
          </reporter-output>
        </test-method> <!-- ApiTestCode -->
        <test-method status="PASS" signature="ApiTestCode(java.lang.String, java.lang.String, java.lang.String, java.lang.String)[pri:0, instance:com.bitnei.apitest.testcases.saas.ApiTest@f4168b8]" name="ApiTestCode" duration-ms="61" started-at="2021-04-08T09:51:04Z" description="openapi接口" data-provider="dp" finished-at="2021-04-08T09:51:04Z">
          <params>
            <param index="0">
              <value>
                <![CDATA[微信小程序快充满意度详情全国HQ7002BEV15吉利汽车]]>
              </value>
            </param>
            <param index="1">
              <value>
                <![CDATA[/external-api/laboratory/models/reliable/charge/detail?]]>
              </value>
            </param>
            <param index="2">
              <value>
                <![CDATA[vehModel=HQ7002BEV15&vehFac=%E5%90%89%E5%88%A9%E6%B1%BD%E8%BD%A6]]>
              </value>
            </param>
            <param index="3">
              <value>
                <![CDATA[{"status":200,"errorMsg":null,"data":{"vehModel":"帝豪GSE400","fastChargeDuration":54.47,"satisfactionDegree":"低","vehFac":"吉利汽车","unit":"min","monthType":[{"fastChargeTime":97.50,"satisfactionDegree":"低","month":"01"},{"fastChargeTime":41.00,"satisfactionDegree":"中","month":"02"},{"fastChargeTime":92.67,"satisfactionDegree":"低","month":"03"},{"fastChargeTime":0,"satisfactionDegree":"低","month":"04"},{"fastChargeTime":45.67,"satisfactionDegree":"低","month":"05"},{"fastChargeTime":44.50,"satisfactionDegree":"中","month":"06"},{"fastChargeTime":45.14,"satisfactionDegree":"低","month":"07"},{"fastChargeTime":44.34,"satisfactionDegree":"中","month":"08"},{"fastChargeTime":44.73,"satisfactionDegree":"中","month":"09"},{"fastChargeTime":45.18,"satisfactionDegree":"低","month":"10"},{"fastChargeTime":47.66,"satisfactionDegree":"低","month":"11"},{"fastChargeTime":50.83,"satisfactionDegree":"低","month":"12"}],"seasonType":[{"fastChargeTime":45.86,"satisfactionDegree":"低","season":"autumn"},{"fastChargeTime":69.17,"satisfactionDegree":"低","season":"spring"},{"fastChargeTime":44.66,"satisfactionDegree":"中","season":"summer"},{"fastChargeTime":63.11,"satisfactionDegree":"低","season":"winter"}]},"error":false,"code":"10000"}]]>
              </value>
            </param>
          </params>
          <reporter-output>
          </reporter-output>
        </test-method> <!-- ApiTestCode -->
        <test-method status="PASS" signature="ApiTestCode(java.lang.String, java.lang.String, java.lang.String, java.lang.String)[pri:0, instance:com.bitnei.apitest.testcases.saas.ApiTest@f4168b8]" name="ApiTestCode" duration-ms="55" started-at="2021-04-08T09:51:04Z" description="openapi接口" data-provider="dp" finished-at="2021-04-08T09:51:04Z">
          <params>
            <param index="0">
              <value>
                <![CDATA[微信小程序快充满意度详情北京市]]>
              </value>
            </param>
            <param index="1">
              <value>
                <![CDATA[/external-api/laboratory/models/reliable/charge/detail?]]>
              </value>
            </param>
            <param index="2">
              <value>
                <![CDATA[city=%E5%8C%97%E4%BA%AC%E5%B8%82&vehModel=HQ7002BEV15&vehFac=%E5%90%89%E5%88%A9%E6%B1%BD%E8%BD%A6]]>
              </value>
            </param>
            <param index="3">
              <value>
                <![CDATA[{"status":200,"errorMsg":null,"data":{"vehModel":"帝豪GSE400","fastChargeDuration":59.06,"satisfactionDegree":"低","vehFac":"吉利汽车","unit":"min","monthType":[{"fastChargeTime":97.50,"satisfactionDegree":"低","month":"01"},{"fastChargeTime":41.00,"satisfactionDegree":"中","month":"02"},{"fastChargeTime":92.67,"satisfactionDegree":"低","month":"03"},{"fastChargeTime":0,"satisfactionDegree":"低","month":"04"},{"fastChargeTime":50.28,"satisfactionDegree":"低","month":"05"},{"fastChargeTime":49.00,"satisfactionDegree":"低","month":"06"},{"fastChargeTime":50.63,"satisfactionDegree":"低","month":"07"},{"fastChargeTime":48.96,"satisfactionDegree":"低","month":"08"},{"fastChargeTime":48.58,"satisfactionDegree":"低","month":"09"},{"fastChargeTime":50.00,"satisfactionDegree":"低","month":"10"},{"fastChargeTime":56.83,"satisfactionDegree":"低","month":"11"},{"fastChargeTime":64.19,"satisfactionDegree":"低","month":"12"}],"seasonType":[{"fastChargeTime":51.80,"satisfactionDegree":"低","season":"autumn"},{"fastChargeTime":71.48,"satisfactionDegree":"低","season":"spring"},{"fastChargeTime":49.53,"satisfactionDegree":"低","season":"summer"},{"fastChargeTime":67.56,"satisfactionDegree":"低","season":"winter"}]},"error":false,"code":"10000"}]]>
              </value>
            </param>
          </params>
          <reporter-output>
          </reporter-output>
        </test-method> <!-- ApiTestCode -->
        <test-method status="PASS" signature="ApiTestCode(java.lang.String, java.lang.String, java.lang.String, java.lang.String)[pri:0, instance:com.bitnei.apitest.testcases.saas.ApiTest@f4168b8]" name="ApiTestCode" duration-ms="29" started-at="2021-04-08T09:51:04Z" description="openapi接口" data-provider="dp" finished-at="2021-04-08T09:51:04Z">
          <params>
            <param index="0">
              <value>
                <![CDATA[微信小程序快充满意度详情厂家必填]]>
              </value>
            </param>
            <param index="1">
              <value>
                <![CDATA[/external-api/laboratory/models/reliable/charge/detail?]]>
              </value>
            </param>
            <param index="2">
              <value>
                <![CDATA[vehModel=HQ7002BEV15]]>
              </value>
            </param>
            <param index="3">
              <value>
                <![CDATA[{"status":400,"errorMsg":"请求参数vehFac不能为空！","data":null,"error":true,"code":"30001"}]]>
              </value>
            </param>
          </params>
          <reporter-output>
          </reporter-output>
        </test-method> <!-- ApiTestCode -->
        <test-method status="PASS" signature="ApiTestCode(java.lang.String, java.lang.String, java.lang.String, java.lang.String)[pri:0, instance:com.bitnei.apitest.testcases.saas.ApiTest@f4168b8]" name="ApiTestCode" duration-ms="24" started-at="2021-04-08T09:51:04Z" description="openapi接口" data-provider="dp" finished-at="2021-04-08T09:51:04Z">
          <params>
            <param index="0">
              <value>
                <![CDATA[微信小程序快充满意度详情车型必填]]>
              </value>
            </param>
            <param index="1">
              <value>
                <![CDATA[/external-api/laboratory/models/reliable/charge/detail?]]>
              </value>
            </param>
            <param index="2">
              <value>
                <![CDATA[vehFac=%E5%90%89%E5%88%A9%E6%B1%BD%E8%BD%A6]]>
              </value>
            </param>
            <param index="3">
              <value>
                <![CDATA[{"status":400,"errorMsg":"请求参数vehModel不能为空！","data":null,"error":true,"code":"30001"}]]>
              </value>
            </param>
          </params>
          <reporter-output>
          </reporter-output>
        </test-method> <!-- ApiTestCode -->
        <test-method status="FAIL" signature="ApiTestCode(java.lang.String, java.lang.String, java.lang.String, java.lang.String)[pri:0, instance:com.bitnei.apitest.testcases.saas.ApiTest@f4168b8]" name="ApiTestCode" duration-ms="95" started-at="2021-04-08T09:51:04Z" description="openapi接口" data-provider="dp" finished-at="2021-04-08T09:51:05Z">
          <params>
            <param index="0">
              <value>
                <![CDATA[鼎然科技行程汇总查询vin正确]]>
              </value>
            </param>
            <param index="1">
              <value>
                <![CDATA[/external-api/vrm/vehicle/summary/tags?]]>
              </value>
            </param>
            <param index="2">
              <value>
                <![CDATA[vin=L68GCS4B3JA000157]]>
              </value>
            </param>
            <param index="3">
              <value>
                <![CDATA[{"status":200,"errorMsg":null,"data":{"vin":"L68GCS4B3JA000157","displacement":"","length":"8560","manufacturer":"东莞中汽宏远汽车有限公司","brand":"宏远牌","charge_times":128,"fast_charge_times":95,"total_charge_time_length":382642.0,"total_fast_charge_time_length":201013.0,"end_charge_avg_soc":99.078125,"max_weight":"14000","max_speed":"69","drive_range":420.0,"motor_type":"永磁同步电机","kwh_100km":0.0,"cell_enterprise":"宁德时代新能源科技股份有限公司","battery_type":"磷酸铁锂","veh_category_2":"纯电动客车","veh_model_name":"KMT6861GBEV2","veh_level":"","produce_date":"2018"},"error":false,"code":"10000"}]]>
              </value>
            </param>
          </params>
          <exception class="java.lang.AssertionError">
            <message>
              <![CDATA[expected [{}] but found [{"data":{"actualValue":null,"expectedValue":{"vin":"L68GCS4B3JA000157","displacement":"","length":"8560","manufacturer":"东莞中汽宏远汽车有限公司","brand":"宏远牌","charge_times":128,"fast_charge_times":95,"total_charge_time_length":382642,"total_fast_charge_time_length":201013,"end_charge_avg_soc":99.078125,"max_weight":"14000","max_speed":"69","drive_range":420,"motor_type":"永磁同步电机","kwh_100km":0,"cell_enterprise":"宁德时代新能源科技股份有限公司","battery_type":"磷酸铁锂","veh_category_2":"纯电动客车","veh_model_name":"KMT6861GBEV2","veh_level":"","produce_date":"2018"}},"vin":{"actualKey":"不存在此vin","expectedKey":"vin"},"displacement":{"actualKey":"不存在此displacement","expectedKey":"displacement"},"length":{"actualKey":"不存在此length","expectedKey":"length"},"manufacturer":{"actualKey":"不存在此manufacturer","expectedKey":"manufacturer"},"brand":{"actualKey":"不存在此brand","expectedKey":"brand"},"charge_times":{"actualKey":"不存在此charge_times","expectedKey":"charge_times"},"fast_charge_times":{"actualKey":"不存在此fast_charge_times","expectedKey":"fast_charge_times"},"total_charge_time_length":{"actualKey":"不存在此total_charge_time_length","expectedKey":"total_charge_time_length"},"total_fast_charge_time_length":{"actualKey":"不存在此total_fast_charge_time_length","expectedKey":"total_fast_charge_time_length"},"end_charge_avg_soc":{"actualKey":"不存在此end_charge_avg_soc","expectedKey":"end_charge_avg_soc"},"max_weight":{"actualKey":"不存在此max_weight","expectedKey":"max_weight"},"max_speed":{"actualKey":"不存在此max_speed","expectedKey":"max_speed"},"drive_range":{"actualKey":"不存在此drive_range","expectedKey":"drive_range"},"motor_type":{"actualKey":"不存在此motor_type","expectedKey":"motor_type"},"kwh_100km":{"actualKey":"不存在此kwh_100km","expectedKey":"kwh_100km"},"cell_enterprise":{"actualKey":"不存在此cell_enterprise","expectedKey":"cell_enterprise"},"battery_type":{"actualKey":"不存在此battery_type","expectedKey":"battery_type"},"veh_category_2":{"actualKey":"不存在此veh_category_2","expectedKey":"veh_category_2"},"veh_model_name":{"actualKey":"不存在此veh_model_name","expectedKey":"veh_model_name"},"veh_level":{"actualKey":"不存在此veh_level","expectedKey":"veh_level"},"produce_date":{"actualKey":"不存在此produce_date","expectedKey":"produce_date"},"error":{"actualValue":null,"expectedValue":{"vin":"L68GCS4B3JA000157","displacement":"","length":"8560","manufacturer":"东莞中汽宏远汽车有限公司","brand":"宏远牌","charge_times":128,"fast_charge_times":95,"total_charge_time_length":382642,"total_fast_charge_time_length":201013,"end_charge_avg_soc":99.078125,"max_weight":"14000","max_speed":"69","drive_range":420,"motor_type":"永磁同步电机","kwh_100km":0,"cell_enterprise":"宁德时代新能源科技股份有限公司","battery_type":"磷酸铁锂","veh_category_2":"纯电动客车","veh_model_name":"KMT6861GBEV2","veh_level":"","produce_date":"2018"},"currentValue is ":true,"expectedValue is":false},"code":{"actualValue":null,"expectedValue":{"vin":"L68GCS4B3JA000157","displacement":"","length":"8560","manufacturer":"东莞中汽宏远汽车有限公司","brand":"宏远牌","charge_times":128,"fast_charge_times":95,"total_charge_time_length":382642,"total_fast_charge_time_length":201013,"end_charge_avg_soc":99.078125,"max_weight":"14000","max_speed":"69","drive_range":420,"motor_type":"永磁同步电机","kwh_100km":0,"cell_enterprise":"宁德时代新能源科技股份有限公司","battery_type":"磷酸铁锂","veh_category_2":"纯电动客车","veh_model_name":"KMT6861GBEV2","veh_level":"","produce_date":"2018"},"currentValue is ":"40000","expectedValue is":false,"expectedValue is ":"10000"}}]]]>
            </message>
            <full-stacktrace>
              <![CDATA[java.lang.AssertionError: expected [{}] but found [{"data":{"actualValue":null,"expectedValue":{"vin":"L68GCS4B3JA000157","displacement":"","length":"8560","manufacturer":"东莞中汽宏远汽车有限公司","brand":"宏远牌","charge_times":128,"fast_charge_times":95,"total_charge_time_length":382642,"total_fast_charge_time_length":201013,"end_charge_avg_soc":99.078125,"max_weight":"14000","max_speed":"69","drive_range":420,"motor_type":"永磁同步电机","kwh_100km":0,"cell_enterprise":"宁德时代新能源科技股份有限公司","battery_type":"磷酸铁锂","veh_category_2":"纯电动客车","veh_model_name":"KMT6861GBEV2","veh_level":"","produce_date":"2018"}},"vin":{"actualKey":"不存在此vin","expectedKey":"vin"},"displacement":{"actualKey":"不存在此displacement","expectedKey":"displacement"},"length":{"actualKey":"不存在此length","expectedKey":"length"},"manufacturer":{"actualKey":"不存在此manufacturer","expectedKey":"manufacturer"},"brand":{"actualKey":"不存在此brand","expectedKey":"brand"},"charge_times":{"actualKey":"不存在此charge_times","expectedKey":"charge_times"},"fast_charge_times":{"actualKey":"不存在此fast_charge_times","expectedKey":"fast_charge_times"},"total_charge_time_length":{"actualKey":"不存在此total_charge_time_length","expectedKey":"total_charge_time_length"},"total_fast_charge_time_length":{"actualKey":"不存在此total_fast_charge_time_length","expectedKey":"total_fast_charge_time_length"},"end_charge_avg_soc":{"actualKey":"不存在此end_charge_avg_soc","expectedKey":"end_charge_avg_soc"},"max_weight":{"actualKey":"不存在此max_weight","expectedKey":"max_weight"},"max_speed":{"actualKey":"不存在此max_speed","expectedKey":"max_speed"},"drive_range":{"actualKey":"不存在此drive_range","expectedKey":"drive_range"},"motor_type":{"actualKey":"不存在此motor_type","expectedKey":"motor_type"},"kwh_100km":{"actualKey":"不存在此kwh_100km","expectedKey":"kwh_100km"},"cell_enterprise":{"actualKey":"不存在此cell_enterprise","expectedKey":"cell_enterprise"},"battery_type":{"actualKey":"不存在此battery_type","expectedKey":"battery_type"},"veh_category_2":{"actualKey":"不存在此veh_category_2","expectedKey":"veh_category_2"},"veh_model_name":{"actualKey":"不存在此veh_model_name","expectedKey":"veh_model_name"},"veh_level":{"actualKey":"不存在此veh_level","expectedKey":"veh_level"},"produce_date":{"actualKey":"不存在此produce_date","expectedKey":"produce_date"},"error":{"actualValue":null,"expectedValue":{"vin":"L68GCS4B3JA000157","displacement":"","length":"8560","manufacturer":"东莞中汽宏远汽车有限公司","brand":"宏远牌","charge_times":128,"fast_charge_times":95,"total_charge_time_length":382642,"total_fast_charge_time_length":201013,"end_charge_avg_soc":99.078125,"max_weight":"14000","max_speed":"69","drive_range":420,"motor_type":"永磁同步电机","kwh_100km":0,"cell_enterprise":"宁德时代新能源科技股份有限公司","battery_type":"磷酸铁锂","veh_category_2":"纯电动客车","veh_model_name":"KMT6861GBEV2","veh_level":"","produce_date":"2018"},"currentValue is ":true,"expectedValue is":false},"code":{"actualValue":null,"expectedValue":{"vin":"L68GCS4B3JA000157","displacement":"","length":"8560","manufacturer":"东莞中汽宏远汽车有限公司","brand":"宏远牌","charge_times":128,"fast_charge_times":95,"total_charge_time_length":382642,"total_fast_charge_time_length":201013,"end_charge_avg_soc":99.078125,"max_weight":"14000","max_speed":"69","drive_range":420,"motor_type":"永磁同步电机","kwh_100km":0,"cell_enterprise":"宁德时代新能源科技股份有限公司","battery_type":"磷酸铁锂","veh_category_2":"纯电动客车","veh_model_name":"KMT6861GBEV2","veh_level":"","produce_date":"2018"},"currentValue is ":"40000","expectedValue is":false,"expectedValue is ":"10000"}}]
at org.testng.Assert.fail(Assert.java:96)
at org.testng.Assert.failNotEquals(Assert.java:776)
at org.testng.Assert.assertEqualsImpl(Assert.java:137)
at org.testng.Assert.assertEquals(Assert.java:118)
at org.testng.Assert.assertEquals(Assert.java:453)
at org.testng.Assert.assertEquals(Assert.java:463)
at com.bitnei.apitest.testcases.saas.ApiTest.ApiTestCode(ApiTest.java:102)
at sun.reflect.GeneratedMethodAccessor2.invoke(Unknown Source)
at sun.reflect.DelegatingMethodAccessorImpl.invoke(DelegatingMethodAccessorImpl.java:43)
at java.lang.reflect.Method.invoke(Method.java:498)
at org.testng.internal.MethodInvocationHelper.invokeMethod(MethodInvocationHelper.java:124)
at org.testng.internal.Invoker.invokeMethod(Invoker.java:580)
at org.testng.internal.Invoker.invokeTestMethod(Invoker.java:716)
at org.testng.internal.Invoker.invokeTestMethods(Invoker.java:988)
at org.testng.internal.TestMethodWorker.invokeTestMethods(TestMethodWorker.java:125)
at org.testng.internal.TestMethodWorker.run(TestMethodWorker.java:109)
at org.testng.TestRunner.privateRun(TestRunner.java:648)
at org.testng.TestRunner.run(TestRunner.java:505)
at org.testng.SuiteRunner.runTest(SuiteRunner.java:455)
at org.testng.SuiteRunner.runSequentially(SuiteRunner.java:450)
at org.testng.SuiteRunner.privateRun(SuiteRunner.java:415)
at org.testng.SuiteRunner.run(SuiteRunner.java:364)
at org.testng.SuiteRunnerWorker.runSuite(SuiteRunnerWorker.java:52)
at org.testng.SuiteRunnerWorker.run(SuiteRunnerWorker.java:84)
at org.testng.TestNG.runSuitesSequentially(TestNG.java:1208)
at org.testng.TestNG.runSuitesLocally(TestNG.java:1137)
at org.testng.TestNG.runSuites(TestNG.java:1049)
at org.testng.TestNG.run(TestNG.java:1017)
at org.testng.remote.AbstractRemoteTestNG.run(AbstractRemoteTestNG.java:114)
at org.testng.remote.RemoteTestNG.initAndRun(RemoteTestNG.java:251)
at org.testng.remote.RemoteTestNG.main(RemoteTestNG.java:77)
]]>
            </full-stacktrace>
          </exception> <!-- java.lang.AssertionError -->
          <reporter-output>
          </reporter-output>
        </test-method> <!-- ApiTestCode -->
        <test-method status="FAIL" signature="ApiTestCode(java.lang.String, java.lang.String, java.lang.String, java.lang.String)[pri:0, instance:com.bitnei.apitest.testcases.saas.ApiTest@f4168b8]" name="ApiTestCode" duration-ms="77" started-at="2021-04-08T09:51:05Z" description="openapi接口" data-provider="dp" finished-at="2021-04-08T09:51:05Z">
          <params>
            <param index="0">
              <value>
                <![CDATA[鼎然科技行程汇总查询vin无数据]]>
              </value>
            </param>
            <param index="1">
              <value>
                <![CDATA[/external-api/vrm/vehicle/summary/tags?]]>
              </value>
            </param>
            <param index="2">
              <value>
                <![CDATA[vin=123]]>
              </value>
            </param>
            <param index="3">
              <value>
                <![CDATA[{"status":200,"errorMsg":null,"data":null,"error":false,"code":"35000"}]]>
              </value>
            </param>
          </params>
          <exception class="java.lang.AssertionError">
            <message>
              <![CDATA[expected [{}] but found [{"error":{"currentValue is ":true,"expectedValue is":false},"code":{"currentValue is ":"40000","expectedValue is":false,"expectedValue is ":"35000"}}]]]>
            </message>
            <full-stacktrace>
              <![CDATA[java.lang.AssertionError: expected [{}] but found [{"error":{"currentValue is ":true,"expectedValue is":false},"code":{"currentValue is ":"40000","expectedValue is":false,"expectedValue is ":"35000"}}]
at org.testng.Assert.fail(Assert.java:96)
at org.testng.Assert.failNotEquals(Assert.java:776)
at org.testng.Assert.assertEqualsImpl(Assert.java:137)
at org.testng.Assert.assertEquals(Assert.java:118)
at org.testng.Assert.assertEquals(Assert.java:453)
at org.testng.Assert.assertEquals(Assert.java:463)
at com.bitnei.apitest.testcases.saas.ApiTest.ApiTestCode(ApiTest.java:102)
at sun.reflect.GeneratedMethodAccessor2.invoke(Unknown Source)
at sun.reflect.DelegatingMethodAccessorImpl.invoke(DelegatingMethodAccessorImpl.java:43)
at java.lang.reflect.Method.invoke(Method.java:498)
at org.testng.internal.MethodInvocationHelper.invokeMethod(MethodInvocationHelper.java:124)
at org.testng.internal.Invoker.invokeMethod(Invoker.java:580)
at org.testng.internal.Invoker.invokeTestMethod(Invoker.java:716)
at org.testng.internal.Invoker.invokeTestMethods(Invoker.java:988)
at org.testng.internal.TestMethodWorker.invokeTestMethods(TestMethodWorker.java:125)
at org.testng.internal.TestMethodWorker.run(TestMethodWorker.java:109)
at org.testng.TestRunner.privateRun(TestRunner.java:648)
at org.testng.TestRunner.run(TestRunner.java:505)
at org.testng.SuiteRunner.runTest(SuiteRunner.java:455)
at org.testng.SuiteRunner.runSequentially(SuiteRunner.java:450)
at org.testng.SuiteRunner.privateRun(SuiteRunner.java:415)
at org.testng.SuiteRunner.run(SuiteRunner.java:364)
at org.testng.SuiteRunnerWorker.runSuite(SuiteRunnerWorker.java:52)
at org.testng.SuiteRunnerWorker.run(SuiteRunnerWorker.java:84)
at org.testng.TestNG.runSuitesSequentially(TestNG.java:1208)
at org.testng.TestNG.runSuitesLocally(TestNG.java:1137)
at org.testng.TestNG.runSuites(TestNG.java:1049)
at org.testng.TestNG.run(TestNG.java:1017)
at org.testng.remote.AbstractRemoteTestNG.run(AbstractRemoteTestNG.java:114)
at org.testng.remote.RemoteTestNG.initAndRun(RemoteTestNG.java:251)
at org.testng.remote.RemoteTestNG.main(RemoteTestNG.java:77)
]]>
            </full-stacktrace>
          </exception> <!-- java.lang.AssertionError -->
          <reporter-output>
          </reporter-output>
        </test-method> <!-- ApiTestCode -->
        <test-method status="FAIL" signature="ApiTestCode(java.lang.String, java.lang.String, java.lang.String, java.lang.String)[pri:0, instance:com.bitnei.apitest.testcases.saas.ApiTest@f4168b8]" name="ApiTestCode" duration-ms="71" started-at="2021-04-08T09:51:05Z" description="openapi接口" data-provider="dp" finished-at="2021-04-08T09:51:05Z">
          <params>
            <param index="0">
              <value>
                <![CDATA[鼎然科技行程信息查询vin正确HDL421BGXK1000403]]>
              </value>
            </param>
            <param index="1">
              <value>
                <![CDATA[/external-api/vrm/vehicle/trips?]]>
              </value>
            </param>
            <param index="2">
              <value>
                <![CDATA[vin=HDL421BGXK1000403&statisticDate=2020-06-15]]>
              </value>
            </param>
            <param index="3">
              <value>
                <![CDATA[{"status":200,"errorMsg":null,"data":{"vin":"HDL421BGXK1000403","statisticDate":"2020-06-15","start_mileage":11560.0,"end_mileage":11570.0,"odo_mileage":10.0,"total_run_mile":10.0,"total_run_time_length":290,"total_run_times":1,"total_acc_count":0,"total_brake_acc_count":0},"error":false,"code":"10000"}]]>
              </value>
            </param>
          </params>
          <exception class="java.lang.AssertionError">
            <message>
              <![CDATA[expected [{}] but found [{"data":{"actualValue":null,"expectedValue":{"vin":"HDL421BGXK1000403","statisticDate":"2020-06-15","start_mileage":11560,"end_mileage":11570,"odo_mileage":10,"total_run_mile":10,"total_run_time_length":290,"total_run_times":1,"total_acc_count":0,"total_brake_acc_count":0}},"vin":{"actualKey":"不存在此vin","expectedKey":"vin"},"statisticDate":{"actualKey":"不存在此statisticDate","expectedKey":"statisticDate"},"start_mileage":{"actualKey":"不存在此start_mileage","expectedKey":"start_mileage"},"end_mileage":{"actualKey":"不存在此end_mileage","expectedKey":"end_mileage"},"odo_mileage":{"actualKey":"不存在此odo_mileage","expectedKey":"odo_mileage"},"total_run_mile":{"actualKey":"不存在此total_run_mile","expectedKey":"total_run_mile"},"total_run_time_length":{"actualKey":"不存在此total_run_time_length","expectedKey":"total_run_time_length"},"total_run_times":{"actualKey":"不存在此total_run_times","expectedKey":"total_run_times"},"total_acc_count":{"actualKey":"不存在此total_acc_count","expectedKey":"total_acc_count"},"total_brake_acc_count":{"actualKey":"不存在此total_brake_acc_count","expectedKey":"total_brake_acc_count"},"error":{"actualValue":null,"expectedValue":{"vin":"HDL421BGXK1000403","statisticDate":"2020-06-15","start_mileage":11560,"end_mileage":11570,"odo_mileage":10,"total_run_mile":10,"total_run_time_length":290,"total_run_times":1,"total_acc_count":0,"total_brake_acc_count":0},"currentValue is ":true,"expectedValue is":false},"code":{"actualValue":null,"expectedValue":{"vin":"HDL421BGXK1000403","statisticDate":"2020-06-15","start_mileage":11560,"end_mileage":11570,"odo_mileage":10,"total_run_mile":10,"total_run_time_length":290,"total_run_times":1,"total_acc_count":0,"total_brake_acc_count":0},"currentValue is ":"40000","expectedValue is":false,"expectedValue is ":"10000"}}]]]>
            </message>
            <full-stacktrace>
              <![CDATA[java.lang.AssertionError: expected [{}] but found [{"data":{"actualValue":null,"expectedValue":{"vin":"HDL421BGXK1000403","statisticDate":"2020-06-15","start_mileage":11560,"end_mileage":11570,"odo_mileage":10,"total_run_mile":10,"total_run_time_length":290,"total_run_times":1,"total_acc_count":0,"total_brake_acc_count":0}},"vin":{"actualKey":"不存在此vin","expectedKey":"vin"},"statisticDate":{"actualKey":"不存在此statisticDate","expectedKey":"statisticDate"},"start_mileage":{"actualKey":"不存在此start_mileage","expectedKey":"start_mileage"},"end_mileage":{"actualKey":"不存在此end_mileage","expectedKey":"end_mileage"},"odo_mileage":{"actualKey":"不存在此odo_mileage","expectedKey":"odo_mileage"},"total_run_mile":{"actualKey":"不存在此total_run_mile","expectedKey":"total_run_mile"},"total_run_time_length":{"actualKey":"不存在此total_run_time_length","expectedKey":"total_run_time_length"},"total_run_times":{"actualKey":"不存在此total_run_times","expectedKey":"total_run_times"},"total_acc_count":{"actualKey":"不存在此total_acc_count","expectedKey":"total_acc_count"},"total_brake_acc_count":{"actualKey":"不存在此total_brake_acc_count","expectedKey":"total_brake_acc_count"},"error":{"actualValue":null,"expectedValue":{"vin":"HDL421BGXK1000403","statisticDate":"2020-06-15","start_mileage":11560,"end_mileage":11570,"odo_mileage":10,"total_run_mile":10,"total_run_time_length":290,"total_run_times":1,"total_acc_count":0,"total_brake_acc_count":0},"currentValue is ":true,"expectedValue is":false},"code":{"actualValue":null,"expectedValue":{"vin":"HDL421BGXK1000403","statisticDate":"2020-06-15","start_mileage":11560,"end_mileage":11570,"odo_mileage":10,"total_run_mile":10,"total_run_time_length":290,"total_run_times":1,"total_acc_count":0,"total_brake_acc_count":0},"currentValue is ":"40000","expectedValue is":false,"expectedValue is ":"10000"}}]
at org.testng.Assert.fail(Assert.java:96)
at org.testng.Assert.failNotEquals(Assert.java:776)
at org.testng.Assert.assertEqualsImpl(Assert.java:137)
at org.testng.Assert.assertEquals(Assert.java:118)
at org.testng.Assert.assertEquals(Assert.java:453)
at org.testng.Assert.assertEquals(Assert.java:463)
at com.bitnei.apitest.testcases.saas.ApiTest.ApiTestCode(ApiTest.java:102)
at sun.reflect.GeneratedMethodAccessor2.invoke(Unknown Source)
at sun.reflect.DelegatingMethodAccessorImpl.invoke(DelegatingMethodAccessorImpl.java:43)
at java.lang.reflect.Method.invoke(Method.java:498)
at org.testng.internal.MethodInvocationHelper.invokeMethod(MethodInvocationHelper.java:124)
at org.testng.internal.Invoker.invokeMethod(Invoker.java:580)
at org.testng.internal.Invoker.invokeTestMethod(Invoker.java:716)
at org.testng.internal.Invoker.invokeTestMethods(Invoker.java:988)
at org.testng.internal.TestMethodWorker.invokeTestMethods(TestMethodWorker.java:125)
at org.testng.internal.TestMethodWorker.run(TestMethodWorker.java:109)
at org.testng.TestRunner.privateRun(TestRunner.java:648)
at org.testng.TestRunner.run(TestRunner.java:505)
at org.testng.SuiteRunner.runTest(SuiteRunner.java:455)
at org.testng.SuiteRunner.runSequentially(SuiteRunner.java:450)
at org.testng.SuiteRunner.privateRun(SuiteRunner.java:415)
at org.testng.SuiteRunner.run(SuiteRunner.java:364)
at org.testng.SuiteRunnerWorker.runSuite(SuiteRunnerWorker.java:52)
at org.testng.SuiteRunnerWorker.run(SuiteRunnerWorker.java:84)
at org.testng.TestNG.runSuitesSequentially(TestNG.java:1208)
at org.testng.TestNG.runSuitesLocally(TestNG.java:1137)
at org.testng.TestNG.runSuites(TestNG.java:1049)
at org.testng.TestNG.run(TestNG.java:1017)
at org.testng.remote.AbstractRemoteTestNG.run(AbstractRemoteTestNG.java:114)
at org.testng.remote.RemoteTestNG.initAndRun(RemoteTestNG.java:251)
at org.testng.remote.RemoteTestNG.main(RemoteTestNG.java:77)
]]>
            </full-stacktrace>
          </exception> <!-- java.lang.AssertionError -->
          <reporter-output>
          </reporter-output>
        </test-method> <!-- ApiTestCode -->
        <test-method status="FAIL" signature="ApiTestCode(java.lang.String, java.lang.String, java.lang.String, java.lang.String)[pri:0, instance:com.bitnei.apitest.testcases.saas.ApiTest@f4168b8]" name="ApiTestCode" duration-ms="28" started-at="2021-04-08T09:51:05Z" description="openapi接口" data-provider="dp" finished-at="2021-04-08T09:51:05Z">
          <params>
            <param index="0">
              <value>
                <![CDATA[鼎然科技行程信息查询vin无数据]]>
              </value>
            </param>
            <param index="1">
              <value>
                <![CDATA[/external-api/vrm/vehicle/trips?]]>
              </value>
            </param>
            <param index="2">
              <value>
                <![CDATA[vin=HDL421BGXK100040&statisticDate=2020-06-15]]>
              </value>
            </param>
            <param index="3">
              <value>
                <![CDATA[{"status":200,"errorMsg":null,"data":null,"error":false,"code":"35000"}]]>
              </value>
            </param>
          </params>
          <exception class="java.lang.AssertionError">
            <message>
              <![CDATA[expected [{}] but found [{"error":{"currentValue is ":true,"expectedValue is":false},"code":{"currentValue is ":"40000","expectedValue is":false,"expectedValue is ":"35000"}}]]]>
            </message>
            <full-stacktrace>
              <![CDATA[java.lang.AssertionError: expected [{}] but found [{"error":{"currentValue is ":true,"expectedValue is":false},"code":{"currentValue is ":"40000","expectedValue is":false,"expectedValue is ":"35000"}}]
at org.testng.Assert.fail(Assert.java:96)
at org.testng.Assert.failNotEquals(Assert.java:776)
at org.testng.Assert.assertEqualsImpl(Assert.java:137)
at org.testng.Assert.assertEquals(Assert.java:118)
at org.testng.Assert.assertEquals(Assert.java:453)
at org.testng.Assert.assertEquals(Assert.java:463)
at com.bitnei.apitest.testcases.saas.ApiTest.ApiTestCode(ApiTest.java:102)
at sun.reflect.GeneratedMethodAccessor2.invoke(Unknown Source)
at sun.reflect.DelegatingMethodAccessorImpl.invoke(DelegatingMethodAccessorImpl.java:43)
at java.lang.reflect.Method.invoke(Method.java:498)
at org.testng.internal.MethodInvocationHelper.invokeMethod(MethodInvocationHelper.java:124)
at org.testng.internal.Invoker.invokeMethod(Invoker.java:580)
at org.testng.internal.Invoker.invokeTestMethod(Invoker.java:716)
at org.testng.internal.Invoker.invokeTestMethods(Invoker.java:988)
at org.testng.internal.TestMethodWorker.invokeTestMethods(TestMethodWorker.java:125)
at org.testng.internal.TestMethodWorker.run(TestMethodWorker.java:109)
at org.testng.TestRunner.privateRun(TestRunner.java:648)
at org.testng.TestRunner.run(TestRunner.java:505)
at org.testng.SuiteRunner.runTest(SuiteRunner.java:455)
at org.testng.SuiteRunner.runSequentially(SuiteRunner.java:450)
at org.testng.SuiteRunner.privateRun(SuiteRunner.java:415)
at org.testng.SuiteRunner.run(SuiteRunner.java:364)
at org.testng.SuiteRunnerWorker.runSuite(SuiteRunnerWorker.java:52)
at org.testng.SuiteRunnerWorker.run(SuiteRunnerWorker.java:84)
at org.testng.TestNG.runSuitesSequentially(TestNG.java:1208)
at org.testng.TestNG.runSuitesLocally(TestNG.java:1137)
at org.testng.TestNG.runSuites(TestNG.java:1049)
at org.testng.TestNG.run(TestNG.java:1017)
at org.testng.remote.AbstractRemoteTestNG.run(AbstractRemoteTestNG.java:114)
at org.testng.remote.RemoteTestNG.initAndRun(RemoteTestNG.java:251)
at org.testng.remote.RemoteTestNG.main(RemoteTestNG.java:77)
]]>
            </full-stacktrace>
          </exception> <!-- java.lang.AssertionError -->
          <reporter-output>
          </reporter-output>
        </test-method> <!-- ApiTestCode -->
        <test-method status="FAIL" signature="ApiTestCode(java.lang.String, java.lang.String, java.lang.String, java.lang.String)[pri:0, instance:com.bitnei.apitest.testcases.saas.ApiTest@f4168b8]" name="ApiTestCode" duration-ms="60" started-at="2021-04-08T09:51:05Z" description="openapi接口" data-provider="dp" finished-at="2021-04-08T09:51:05Z">
          <params>
            <param index="0">
              <value>
                <![CDATA[鼎然科技行程信息查询日期格式不正确]]>
              </value>
            </param>
            <param index="1">
              <value>
                <![CDATA[/external-api/vrm/vehicle/trips?]]>
              </value>
            </param>
            <param index="2">
              <value>
                <![CDATA[vin=HDL421BGXK100040&statisticDate=2020-06-15%2000]]>
              </value>
            </param>
            <param index="3">
              <value>
                <![CDATA[{"status":400,"errorMsg":"statisticDate 日期格式不正确(yyyy-MM-dd)","data":null,"error":true,"code":"30001"}]]>
              </value>
            </param>
          </params>
          <exception class="java.lang.AssertionError">
            <message>
              <![CDATA[expected [{}] but found [{"status":{"currentValue is ":200,"expectedValue is":400},"errorMsg":{"currentValue is ":"Forwarding error","expectedValue is":400,"expectedValue is ":"statisticDate 日期格式不正确(yyyy-MM-dd)"},"code":{"currentValue is ":"40000","expectedValue is":400,"expectedValue is ":"30001"}}]]]>
            </message>
            <full-stacktrace>
              <![CDATA[java.lang.AssertionError: expected [{}] but found [{"status":{"currentValue is ":200,"expectedValue is":400},"errorMsg":{"currentValue is ":"Forwarding error","expectedValue is":400,"expectedValue is ":"statisticDate 日期格式不正确(yyyy-MM-dd)"},"code":{"currentValue is ":"40000","expectedValue is":400,"expectedValue is ":"30001"}}]
at org.testng.Assert.fail(Assert.java:96)
at org.testng.Assert.failNotEquals(Assert.java:776)
at org.testng.Assert.assertEqualsImpl(Assert.java:137)
at org.testng.Assert.assertEquals(Assert.java:118)
at org.testng.Assert.assertEquals(Assert.java:453)
at org.testng.Assert.assertEquals(Assert.java:463)
at com.bitnei.apitest.testcases.saas.ApiTest.ApiTestCode(ApiTest.java:102)
at sun.reflect.GeneratedMethodAccessor2.invoke(Unknown Source)
at sun.reflect.DelegatingMethodAccessorImpl.invoke(DelegatingMethodAccessorImpl.java:43)
at java.lang.reflect.Method.invoke(Method.java:498)
at org.testng.internal.MethodInvocationHelper.invokeMethod(MethodInvocationHelper.java:124)
at org.testng.internal.Invoker.invokeMethod(Invoker.java:580)
at org.testng.internal.Invoker.invokeTestMethod(Invoker.java:716)
at org.testng.internal.Invoker.invokeTestMethods(Invoker.java:988)
at org.testng.internal.TestMethodWorker.invokeTestMethods(TestMethodWorker.java:125)
at org.testng.internal.TestMethodWorker.run(TestMethodWorker.java:109)
at org.testng.TestRunner.privateRun(TestRunner.java:648)
at org.testng.TestRunner.run(TestRunner.java:505)
at org.testng.SuiteRunner.runTest(SuiteRunner.java:455)
at org.testng.SuiteRunner.runSequentially(SuiteRunner.java:450)
at org.testng.SuiteRunner.privateRun(SuiteRunner.java:415)
at org.testng.SuiteRunner.run(SuiteRunner.java:364)
at org.testng.SuiteRunnerWorker.runSuite(SuiteRunnerWorker.java:52)
at org.testng.SuiteRunnerWorker.run(SuiteRunnerWorker.java:84)
at org.testng.TestNG.runSuitesSequentially(TestNG.java:1208)
at org.testng.TestNG.runSuitesLocally(TestNG.java:1137)
at org.testng.TestNG.runSuites(TestNG.java:1049)
at org.testng.TestNG.run(TestNG.java:1017)
at org.testng.remote.AbstractRemoteTestNG.run(AbstractRemoteTestNG.java:114)
at org.testng.remote.RemoteTestNG.initAndRun(RemoteTestNG.java:251)
at org.testng.remote.RemoteTestNG.main(RemoteTestNG.java:77)
]]>
            </full-stacktrace>
          </exception> <!-- java.lang.AssertionError -->
          <reporter-output>
          </reporter-output>
        </test-method> <!-- ApiTestCode -->
        <test-method status="FAIL" signature="ApiTestCode(java.lang.String, java.lang.String, java.lang.String, java.lang.String)[pri:0, instance:com.bitnei.apitest.testcases.saas.ApiTest@f4168b8]" name="ApiTestCode" duration-ms="25" started-at="2021-04-08T09:51:05Z" description="openapi接口" data-provider="dp" finished-at="2021-04-08T09:51:05Z">
          <params>
            <param index="0">
              <value>
                <![CDATA[平安租赁实时数据按vin查询]]>
              </value>
            </param>
            <param index="1">
              <value>
                <![CDATA[/external-api/vrm/rent/vehicle/realTime?]]>
              </value>
            </param>
            <param index="2">
              <value>
                <![CDATA[vin=LNAA2AA14K5005789]]>
              </value>
            </param>
            <param index="3">
              <value>
                <![CDATA[{"status":200,"errorMsg":null,"error":false,"code":"10000"}]]>
              </value>
            </param>
          </params>
          <exception class="java.lang.AssertionError">
            <message>
              <![CDATA[expected [{}] but found [{"error":{"currentValue is ":true,"expectedValue is":false},"code":{"currentValue is ":"40000","expectedValue is":false,"expectedValue is ":"10000"}}]]]>
            </message>
[...]
at org.testng.Assert.fail(Assert.java:96)
at org.testng.Assert.failNotEquals(Assert.java:776)
at org.testng.Assert.assertEqualsImpl(Assert.java:137)
at org.testng.Assert.assertEquals(Assert.java:118)
at org.testng.Assert.assertEquals(Assert.java:453)
at org.testng.Assert.assertEquals(Assert.java:463)
at com.bitnei.apitest.testcases.saas.ApiTest.ApiTestCode(ApiTest.java:102)
at sun.reflect.GeneratedMethodAccessor2.invoke(Unknown Source)
at sun.reflect.DelegatingMethodAccessorImpl.invoke(DelegatingMethodAccessorImpl.java:43)
at java.lang.reflect.Method.invoke(Method.java:498)
at org.testng.internal.MethodInvocationHelper.invokeMethod(MethodInvocationHelper.java:124)
at org.testng.internal.Invoker.invokeMethod(Invoker.java:580)
at org.testng.internal.Invoker.invokeTestMethod(Invoker.java:716)
at org.testng.internal.Invoker.invokeTestMethods(Invoker.java:988)
at org.testng.internal.TestMethodWorker.invokeTestMethods(TestMethodWorker.java:125)
at org.testng.internal.TestMethodWorker.run(TestMethodWorker.java:109)
at org.testng.TestRunner.privateRun(TestRunner.java:648)
at org.testng.TestRunner.run(TestRunner.java:505)
at org.testng.SuiteRunner.runTest(SuiteRunner.java:455)
at org.testng.SuiteRunner.runSequentially(SuiteRunner.java:450)
at org.testng.SuiteRunner.privateRun(SuiteRunner.java:415)
at org.testng.SuiteRunner.run(SuiteRunner.java:364)
at org.testng.SuiteRunnerWorker.runSuite(SuiteRunnerWorker.java:52)
at org.testng.SuiteRunnerWorker.run(SuiteRunnerWorker.java:84)
at org.testng.TestNG.runSuitesSequentially(TestNG.java:1208)
at org.testng.TestNG.runSuitesLocally(TestNG.java:1137)
at org.testng.TestNG.runSuites(TestNG.java:1049)
at org.testng.TestNG.run(TestNG.java:1017)
at org.testng.remote.AbstractRemoteTestNG.run(AbstractRemoteTestNG.java:114)
at org.testng.remote.RemoteTestNG.initAndRun(RemoteTestNG.java:251)
at org.testng.remote.RemoteTestNG.main(RemoteTestNG.java:77)
]]>
            </full-stacktrace>
          </exception> <!-- java.lang.AssertionError -->
          <reporter-output>
          </reporter-output>
        </test-method> <!-- ApiTestCode -->
        <test-method status="FAIL" signature="ApiTestCode(java.lang.String, java.lang.String, java.lang.String, java.lang.String)[pri:0, instance:com.bitnei.apitest.testcases.saas.ApiTest@f4168b8]" name="ApiTestCode" duration-ms="61" started-at="2021-04-08T09:51:08Z" description="openapi接口" data-provider="dp" finished-at="2021-04-08T09:51:09Z">
          <params>
            <param index="0">
              <value>
                <![CDATA[优车库单次充电月等效续航里程随时间变化量按vin不能为空]]>
              </value>
            </param>
            <param index="1">
              <value>
                <![CDATA[/external-api/vehicle-battery/youcku/vehicle/twice/charge/equivalent/endurance/mileage?]]>
              </value>
            </param>
            <param index="2">
              <value>
                <![CDATA[vin=]]>
              </value>
            </param>
            <param index="3">
              <value>
                <![CDATA[{"status":400,"errorMsg":"参数vin未传","data":null,"error":true,"code":"30001"}]]>
              </value>
            </param>
          </params>
          <exception class="java.lang.AssertionError">
            <message>
              <![CDATA[expected [{}] but found [{"status":{"currentValue is ":200,"expectedValue is":400},"errorMsg":{"currentValue is ":"Forwarding error","expectedValue is":400,"expectedValue is ":"参数vin未传"},"code":{"currentValue is ":"40000","expectedValue is":400,"expectedValue is ":"30001"}}]]]>
            </message>
            <full-stacktrace>
              <![CDATA[java.lang.AssertionError: expected [{}] but found [{"status":{"currentValue is ":200,"expectedValue is":400},"errorMsg":{"currentValue is ":"Forwarding error","expectedValue is":400,"expectedValue is ":"参数vin未传"},"code":{"currentValue is ":"40000","expectedValue is":400,"expectedValue is ":"30001"}}]
at org.testng.Assert.fail(Assert.java:96)
at org.testng.Assert.failNotEquals(Assert.java:776)
at org.testng.Assert.assertEqualsImpl(Assert.java:137)
at org.testng.Assert.assertEquals(Assert.java:118)
at org.testng.Assert.assertEquals(Assert.java:453)
at org.testng.Assert.assertEquals(Assert.java:463)
at com.bitnei.apitest.testcases.saas.ApiTest.ApiTestCode(ApiTest.java:102)
at sun.reflect.GeneratedMethodAccessor2.invoke(Unknown Source)
at sun.reflect.DelegatingMethodAccessorImpl.invoke(DelegatingMethodAccessorImpl.java:43)
at java.lang.reflect.Method.invoke(Method.java:498)
at org.testng.internal.MethodInvocationHelper.invokeMethod(MethodInvocationHelper.java:124)
at org.testng.internal.Invoker.invokeMethod(Invoker.java:580)
at org.testng.internal.Invoker.invokeTestMethod(Invoker.java:716)
at org.testng.internal.Invoker.invokeTestMethods(Invoker.java:988)
at org.testng.internal.TestMethodWorker.invokeTestMethods(TestMethodWorker.java:125)
at org.testng.internal.TestMethodWorker.run(TestMethodWorker.java:109)
at org.testng.TestRunner.privateRun(TestRunner.java:648)
at org.testng.TestRunner.run(TestRunner.java:505)
at org.testng.SuiteRunner.runTest(SuiteRunner.java:455)
at org.testng.SuiteRunner.runSequentially(SuiteRunner.java:450)
at org.testng.SuiteRunner.privateRun(SuiteRunner.java:415)
at org.testng.SuiteRunner.run(SuiteRunner.java:364)
at org.testng.SuiteRunnerWorker.runSuite(SuiteRunnerWorker.java:52)
at org.testng.SuiteRunnerWorker.run(SuiteRunnerWorker.java:84)
at org.testng.TestNG.runSuitesSequentially(TestNG.java:1208)
at org.testng.TestNG.runSuitesLocally(TestNG.java:1137)
at org.testng.TestNG.runSuites(TestNG.java:1049)
at org.testng.TestNG.run(TestNG.java:1017)
at org.testng.remote.AbstractRemoteTestNG.run(AbstractRemoteTestNG.java:114)
at org.testng.remote.RemoteTestNG.initAndRun(RemoteTestNG.java:251)
at org.testng.remote.RemoteTestNG.main(RemoteTestNG.java:77)
]]>
            </full-stacktrace>
          </exception> <!-- java.lang.AssertionError -->
          <reporter-output>
          </reporter-output>
        </test-method> <!-- ApiTestCode -->
        <test-method status="FAIL" signature="ApiTestCode(java.lang.String, java.lang.String, java.lang.String, java.lang.String)[pri:0, instance:com.bitnei.apitest.testcases.saas.ApiTest@f4168b8]" name="ApiTestCode" duration-ms="35" started-at="2021-04-08T09:51:09Z" description="openapi接口" data-provider="dp" finished-at="2021-04-08T09:51:09Z">
          <params>
            <param index="0">
              <value>
                <![CDATA[优车库年均行驶里程按vin查询数据正确]]>
              </value>
            </param>
            <param index="1">
              <value>
                <![CDATA[/external-api/vehicle-battery/youcku/vehicle/year/average/drive/mileage?]]>
              </value>
            </param>
            <param index="2">
              <value>
                <![CDATA[vin=LVVDB17B9JE014837]]>
              </value>
            </param>
            <param index="3">
              <value>
                <![CDATA[{"status":200,"errorMsg":null,"data":[{"vin":"LVVDB17B9JE014837","yearLabel":"2018","averageMile":145500},{"vin":"LVVDB17B9JE014837","yearLabel":"2019","averageMile":374220},{"vin":"LVVDB17B9JE014837","yearLabel":"2020","averageMile":640290}],"error":false,"code":"10000"}]]>
              </value>
            </param>
          </params>
          <exception class="java.lang.AssertionError">
            <message>
              <![CDATA[expected [{}] but found [{"data":{"actualValue":null,"expectedValue":[{"vin":"LVVDB17B9JE014837","yearLabel":"2018","averageMile":145500},{"vin":"LVVDB17B9JE014837","yearLabel":"2019","averageMile":374220},{"vin":"LVVDB17B9JE014837","yearLabel":"2020","averageMile":640290}]},"Length":{"actualLenth":1,"expectLenth":3},"vin":{"actualKey":"不存在此vin","expectedKey":"vin"},"yearLabel":{"actualKey":"不存在此yearLabel","expectedKey":"yearLabel"},"averageMile":{"actualKey":"不存在此averageMile","expectedKey":"averageMile"},"error":{"actualValue":null,"expectedValue":[{"vin":"LVVDB17B9JE014837","yearLabel":"2018","averageMile":145500},{"vin":"LVVDB17B9JE014837","yearLabel":"2019","averageMile":374220},{"vin":"LVVDB17B9JE014837","yearLabel":"2020","averageMile":640290}],"currentValue is ":true,"expectedValue is":false},"code":{"actualValue":null,"expectedValue":[{"vin":"LVVDB17B9JE014837","yearLabel":"2018","averageMile":145500},{"vin":"LVVDB17B9JE014837","yearLabel":"2019","averageMile":374220},{"vin":"LVVDB17B9JE014837","yearLabel":"2020","averageMile":640290}],"currentValue is ":"40000","expectedValue is":false,"expectedValue is ":"10000"}}]]]>
            </message>
            <full-stacktrace>
              <![CDATA[java.lang.AssertionError: expected [{}] but found [{"data":{"actualValue":null,"expectedValue":[{"vin":"LVVDB17B9JE014837","yearLabel":"2018","averageMile":145500},{"vin":"LVVDB17B9JE014837","yearLabel":"2019","averageMile":374220},{"vin":"LVVDB17B9JE014837","yearLabel":"2020","averageMile":640290}]},"Length":{"actualLenth":1,"expectLenth":3},"vin":{"actualKey":"不存在此vin","expectedKey":"vin"},"yearLabel":{"actualKey":"不存在此yearLabel","expectedKey":"yearLabel"},"averageMile":{"actualKey":"不存在此averageMile","expectedKey":"averageMile"},"error":{"actualValue":null,"expectedValue":[{"vin":"LVVDB17B9JE014837","yearLabel":"2018","averageMile":145500},{"vin":"LVVDB17B9JE014837","yearLabel":"2019","averageMile":374220},{"vin":"LVVDB17B9JE014837","yearLabel":"2020","averageMile":640290}],"currentValue is ":true,"expectedValue is":false},"code":{"actualValue":null,"expectedValue":[{"vin":"LVVDB17B9JE014837","yearLabel":"2018","averageMile":145500},{"vin":"LVVDB17B9JE014837","yearLabel":"2019","averageMile":374220},{"vin":"LVVDB17B9JE014837","yearLabel":"2020","averageMile":640290}],"currentValue is ":"40000","expectedValue is":false,"expectedValue is ":"10000"}}]
at org.testng.Assert.fail(Assert.java:96)
at org.testng.Assert.failNotEquals(Assert.java:776)
at org.testng.Assert.assertEqualsImpl(Assert.java:137)
at org.testng.Assert.assertEquals(Assert.java:118)
at org.testng.Assert.assertEquals(Assert.java:453)
at org.testng.Assert.assertEquals(Assert.java:463)
at com.bitnei.apitest.testcases.saas.ApiTest.ApiTestCode(ApiTest.java:102)
at sun.reflect.GeneratedMethodAccessor2.invoke(Unknown Source)
at sun.reflect.DelegatingMethodAccessorImpl.invoke(DelegatingMethodAccessorImpl.java:43)
at java.lang.reflect.Method.invoke(Method.java:498)
at org.testng.internal.MethodInvocationHelper.invokeMethod(MethodInvocationHelper.java:124)
at org.testng.internal.Invoker.invokeMethod(Invoker.java:580)
at org.testng.internal.Invoker.invokeTestMethod(Invoker.java:716)
at org.testng.internal.Invoker.invokeTestMethods(Invoker.java:988)
at org.testng.internal.TestMethodWorker.invokeTestMethods(TestMethodWorker.java:125)
at org.testng.internal.TestMethodWorker.run(TestMethodWorker.java:109)
at org.testng.TestRunner.privateRun(TestRunner.java:648)
at org.testng.TestRunner.run(TestRunner.java:505)
at org.testng.SuiteRunner.runTest(SuiteRunner.java:455)
at org.testng.SuiteRunner.runSequentially(SuiteRunner.java:450)
at org.testng.SuiteRunner.privateRun(SuiteRunner.java:415)
at org.testng.SuiteRunner.run(SuiteRunner.java:364)
at org.testng.SuiteRunnerWorker.runSuite(SuiteRunnerWorker.java:52)
at org.testng.SuiteRunnerWorker.run(SuiteRunnerWorker.java:84)
at org.testng.TestNG.runSuitesSequentially(TestNG.java:1208)
at org.testng.TestNG.runSuitesLocally(TestNG.java:1137)
at org.testng.TestNG.runSuites(TestNG.java:1049)
at org.testng.TestNG.run(TestNG.java:1017)
at org.testng.remote.AbstractRemoteTestNG.run(AbstractRemoteTestNG.java:114)
at org.testng.remote.RemoteTestNG.initAndRun(RemoteTestNG.java:251)
at org.testng.remote.RemoteTestNG.main(RemoteTestNG.java:77)
]]>
            </full-stacktrace>
          </exception> <!-- java.lang.AssertionError -->
          <reporter-output>
          </reporter-output>
        </test-method> <!-- ApiTestCode -->
        <test-method status="FAIL" signature="ApiTestCode(java.lang.String, java.lang.String, java.lang.String, java.lang.String)[pri:0, instance:com.bitnei.apitest.testcases.saas.ApiTest@f4168b8]" name="ApiTestCode" duration-ms="23" started-at="2021-04-08T09:51:09Z" description="openapi接口" data-provider="dp" finished-at="2021-04-08T09:51:09Z">
          <params>
            <param index="0">
              <value>
                <![CDATA[优车库年均行驶里程按vin查询无数据]]>
              </value>
            </param>
            <param index="1">
              <value>
                <![CDATA[/external-api/vehicle-battery/youcku/vehicle/year/average/drive/mileage?]]>
              </value>
            </param>
            <param index="2">
              <value>
                <![CDATA[vin=123]]>
              </value>
            </param>
            <param index="3">
              <value>
                <![CDATA[{"status":200,"errorMsg":null,"data":null,"error":false,"code":"35000"}]]>
              </value>
            </param>
          </params>
          <exception class="java.lang.AssertionError">
            <message>
              <![CDATA[expected [{}] but found [{"error":{"currentValue is ":true,"expectedValue is":false},"code":{"currentValue is ":"40000","expectedValue is":false,"expectedValue is ":"35000"}}]]]>
            </message>
            <full-stacktrace>
              <![CDATA[java.lang.AssertionError: expected [{}] but found [{"error":{"currentValue is ":true,"expectedValue is":false},"code":{"currentValue is ":"40000","expectedValue is":false,"expectedValue is ":"35000"}}]
at org.testng.Assert.fail(Assert.java:96)
at org.testng.Assert.failNotEquals(Assert.java:776)
at org.testng.Assert.assertEqualsImpl(Assert.java:137)
at org.testng.Assert.assertEquals(Assert.java:118)
at org.testng.Assert.assertEquals(Assert.java:453)
at org.testng.Assert.assertEquals(Assert.java:463)
at com.bitnei.apitest.testcases.saas.ApiTest.ApiTestCode(ApiTest.java:102)
at sun.reflect.GeneratedMethodAccessor2.invoke(Unknown Source)
at sun.reflect.DelegatingMethodAccessorImpl.invoke(DelegatingMethodAccessorImpl.java:43)
at java.lang.reflect.Method.invoke(Method.java:498)
at org.testng.internal.MethodInvocationHelper.invokeMethod(MethodInvocationHelper.java:124)
at org.testng.internal.Invoker.invokeMethod(Invoker.java:580)
at org.testng.internal.Invoker.invokeTestMethod(Invoker.java:716)
at org.testng.internal.Invoker.invokeTestMethods(Invoker.java:988)
at org.testng.internal.TestMethodWorker.invokeTestMethods(TestMethodWorker.java:125)
at org.testng.internal.TestMethodWorker.run(TestMethodWorker.java:109)
at org.testng.TestRunner.privateRun(TestRunner.java:648)
at org.testng.TestRunner.run(TestRunner.java:505)
at org.testng.SuiteRunner.runTest(SuiteRunner.java:455)
at org.testng.SuiteRunner.runSequentially(SuiteRunner.java:450)
at org.testng.SuiteRunner.privateRun(SuiteRunner.java:415)
at org.testng.SuiteRunner.run(SuiteRunner.java:364)
at org.testng.SuiteRunnerWorker.runSuite(SuiteRunnerWorker.java:52)
at org.testng.SuiteRunnerWorker.run(SuiteRunnerWorker.java:84)
at org.testng.TestNG.runSuitesSequentially(TestNG.java:1208)
at org.testng.TestNG.runSuitesLocally(TestNG.java:1137)
at org.testng.TestNG.runSuites(TestNG.java:1049)
at org.testng.TestNG.run(TestNG.java:1017)
at org.testng.remote.AbstractRemoteTestNG.run(AbstractRemoteTestNG.java:114)
at org.testng.remote.RemoteTestNG.initAndRun(RemoteTestNG.java:251)
at org.testng.remote.RemoteTestNG.main(RemoteTestNG.java:77)
]]>
            </full-stacktrace>
          </exception> <!-- java.lang.AssertionError -->
          <reporter-output>
          </reporter-output>
        </test-method> <!-- ApiTestCode -->
        <test-method status="FAIL" signature="ApiTestCode(java.lang.String, java.lang.String, java.lang.String, java.lang.String)[pri:0, instance:com.bitnei.apitest.testcases.saas.ApiTest@f4168b8]" name="ApiTestCode" duration-ms="25" started-at="2021-04-08T09:51:09Z" description="openapi接口" data-provider="dp" finished-at="2021-04-08T09:51:09Z">
          <params>
            <param index="0">
              <value>
                <![CDATA[优车库年均行驶里程按vin不能为空]]>
              </value>
            </param>
            <param index="1">
              <value>
                <![CDATA[/external-api/vehicle-battery/youcku/vehicle/year/average/drive/mileage?]]>
              </value>
            </param>
            <param index="2">
              <value>
                <![CDATA[vin=]]>
              </value>
            </param>
            <param index="3">
              <value>
                <![CDATA[{"status":400,"errorMsg":"参数vin未传","data":null,"error":true,"code":"30001"}]]>
              </value>
            </param>
          </params>
          <exception class="java.lang.AssertionError">
            <message>
              <![CDATA[expected [{}] but found [{"status":{"currentValue is ":200,"expectedValue is":400},"errorMsg":{"currentValue is ":"Forwarding error","expectedValue is":400,"expectedValue is ":"参数vin未传"},"code":{"currentValue is ":"40000","expectedValue is":400,"expectedValue is ":"30001"}}]]]>
            </message>
            <full-stacktrace>
              <![CDATA[java.lang.AssertionError: expected [{}] but found [{"status":{"currentValue is ":200,"expectedValue is":400},"errorMsg":{"currentValue is ":"Forwarding error","expectedValue is":400,"expectedValue is ":"参数vin未传"},"code":{"currentValue is ":"40000","expectedValue is":400,"expectedValue is ":"30001"}}]
at org.testng.Assert.fail(Assert.java:96)
at org.testng.Assert.failNotEquals(Assert.java:776)
at org.testng.Assert.assertEqualsImpl(Assert.java:137)
at org.testng.Assert.assertEquals(Assert.java:118)
at org.testng.Assert.assertEquals(Assert.java:453)
at org.testng.Assert.assertEquals(Assert.java:463)
at com.bitnei.apitest.testcases.saas.ApiTest.ApiTestCode(ApiTest.java:102)
at sun.reflect.GeneratedMethodAccessor2.invoke(Unknown Source)
at sun.reflect.DelegatingMethodAccessorImpl.invoke(DelegatingMethodAccessorImpl.java:43)
at java.lang.reflect.Method.invoke(Method.java:498)
at org.testng.internal.MethodInvocationHelper.invokeMethod(MethodInvocationHelper.java:124)
at org.testng.internal.Invoker.invokeMethod(Invoker.java:580)
at org.testng.internal.Invoker.invokeTestMethod(Invoker.java:716)
at org.testng.internal.Invoker.invokeTestMethods(Invoker.java:988)
at org.testng.internal.TestMethodWorker.invokeTestMethods(TestMethodWorker.java:125)
at org.testng.internal.TestMethodWorker.run(TestMethodWorker.java:109)
at org.testng.TestRunner.privateRun(TestRunner.java:648)
at org.testng.TestRunner.run(TestRunner.java:505)
at org.testng.SuiteRunner.runTest(SuiteRunner.java:455)
at org.testng.SuiteRunner.runSequentially(SuiteRunner.java:450)
at org.testng.SuiteRunner.privateRun(SuiteRunner.java:415)
at org.testng.SuiteRunner.run(SuiteRunner.java:364)
at org.testng.SuiteRunnerWorker.runSuite(SuiteRunnerWorker.java:52)
at org.testng.SuiteRunnerWorker.run(SuiteRunnerWorker.java:84)
at org.testng.TestNG.runSuitesSequentially(TestNG.java:1208)
at org.testng.TestNG.runSuitesLocally(TestNG.java:1137)
at org.testng.TestNG.runSuites(TestNG.java:1049)
at org.testng.TestNG.run(TestNG.java:1017)
at org.testng.remote.AbstractRemoteTestNG.run(AbstractRemoteTestNG.java:114)
at org.testng.remote.RemoteTestNG.initAndRun(RemoteTestNG.java:251)
at org.testng.remote.RemoteTestNG.main(RemoteTestNG.java:77)
]]>
            </full-stacktrace>
          </exception> <!-- java.lang.AssertionError -->
          <reporter-output>
          </reporter-output>
        </test-method> <!-- ApiTestCode -->
      </class> <!-- com.bitnei.apitest.testcases.saas.ApiTest -->
    </test> <!-- Default test -->
  </suite> <!-- apitest -->
</testng-results>
