<?xml version="1.0" encoding="UTF-8"?>
<testng-results skipped="0" failed="0" ignored="0" total="18" passed="18">
  <reporter-output>
  </reporter-output>
  <suite name="apitest" duration-ms="37449" started-at="2020-02-12T09:30:03Z" finished-at="2020-02-12T09:30:41Z">
    <groups>
    </groups>
    <test name="Default test" duration-ms="37449" started-at="2020-02-12T09:30:03Z" finished-at="2020-02-12T09:30:41Z">
      <class name="com.bitnei.apitest.testcases.saas.UserInforRgisterByExcel">
        <test-method status="PASS" signature="setUp(java.lang.String, java.lang.String)[pri:0, instance:com.bitnei.apitest.testcases.saas.UserInforRgisterByExcel@530612ba]" name="setUp" is-config="true" duration-ms="21839" started-at="2020-02-12T09:30:03Z" finished-at="2020-02-12T09:30:25Z">
          <params>
            <param index="0">
              <value>
                <![CDATA[http://test-saas.bitnei.cn]]>
              </value>
            </param>
            <param index="1">
              <value>
                <![CDATA[src/main/resources/TEST.xlsx]]>
              </value>
            </param>
          </params>
          <reporter-output>
          </reporter-output>
        </test-method> <!-- setUp -->
        <test-method status="PASS" signature="UserInfoRgisterData(java.lang.String, java.lang.String, java.lang.String, java.lang.String)[pri:0, instance:com.bitnei.apitest.testcases.saas.UserInforRgisterByExcel@530612ba]" name="UserInfoRgisterData" duration-ms="612" started-at="2020-02-12T09:30:25Z" description="saas平台" data-provider="dp" finished-at="2020-02-12T09:30:26Z">
          <params>
            <param index="0">
              <value>
                <![CDATA[分组列表搜索]]>
              </value>
            </param>
            <param index="1">
              <value>
                <![CDATA[/user-center/group/list]]>
              </value>
            </param>
            <param index="2">
              <value>
                <![CDATA[?name=hg%E6%96%B0%E5%A2%9E%E5%88%86%E7%BB%84]]>
              </value>
            </param>
            <param index="3">
              <value>
                <![CDATA[{"status":200,"errorMsg":null,"data":[{"id":"a946dfe8a5504db2bdfd5f26be1a4071","name":"hg新增分组","description":"","createBy":"zhanghailong@bitnei.cn","tenant":"bitnei-cn"}],"error":false}]]>
              </value>
            </param>
          </params>
          <reporter-output>
          </reporter-output>
        </test-method> <!-- UserInfoRgisterData -->
        <test-method status="PASS" signature="UserInfoRgisterData(java.lang.String, java.lang.String, java.lang.String, java.lang.String)[pri:0, instance:com.bitnei.apitest.testcases.saas.UserInforRgisterByExcel@530612ba]" name="UserInfoRgisterData" duration-ms="598" started-at="2020-02-12T09:30:26Z" description="saas平台" data-provider="dp" finished-at="2020-02-12T09:30:26Z">
          <params>
            <param index="0">
              <value>
                <![CDATA[API管理用户获取TOKEN接口查询]]>
              </value>
            </param>
            <param index="1">
              <value>
                <![CDATA[/api-center/api/getAuthorizedApi]]>
              </value>
            </param>
            <param index="2">
              <value>
                <![CDATA[?apiName=%E7%94%A8%E6%88%B7%E8%8E%B7%E5%8F%96TOKEN%E6%8E%A5%E5%8F%A3&pageNumber=1&pageSize=12]]>
              </value>
            </param>
            <param index="3">
              <value>
                <![CDATA[{"status":200,"errorMsg":null,"error":false}]]>
              </value>
            </param>
          </params>
          <reporter-output>
          </reporter-output>
        </test-method> <!-- UserInfoRgisterData -->
        <test-method status="PASS" signature="UserInfoRgisterData(java.lang.String, java.lang.String, java.lang.String, java.lang.String)[pri:0, instance:com.bitnei.apitest.testcases.saas.UserInforRgisterByExcel@530612ba]" name="UserInfoRgisterData" duration-ms="4419" started-at="2020-02-12T09:30:26Z" description="saas平台" data-provider="dp" finished-at="2020-02-12T09:30:31Z">
          <params>
            <param index="0">
              <value>
                <![CDATA[单车画像查询]]>
              </value>
            </param>
            <param index="1">
              <value>
                <![CDATA[/vehicle-info/portrait/getVehiclePortrait/LNBSCC3H4HF327175]]>
              </value>
            </param>
            <param index="2">
              <value>
                <![CDATA[?modelName=BJ7000C5E7-BEV]]>
              </value>
            </param>
            <param index="3">
              <value>
                <![CDATA[{"status":200,"errorMsg":null,"data":{"portraitChargeMonth":{"vin":"LNBSCC3H4HF327175","modelName":"BJ7000C5E7-BEV","chargeTimes":68,"chargeQuick":17,"chargeSlow":51,"halfPriceTimes":46,"avgStartSoc":36.46,"avgEndSoc":71.53,"avgChargeTime":"1小时36分钟"},"portraitReduceMonth":{"vin":"LNBSCC3H4HF327175","modelName":"BJ7000C5E7-BEV","reducePercent":7.3,"reduceScore":78.1,"leftMonth":61.1,"actualDriveRange":253.3,"power100km":16.8,"createDate":"2019-06-25"},"portraitStaticMonth":{"vin":"LNBSCC3H4HF327175","modelName":"BJ7000C5E7-BEV","brand":"北汽新能源","level":"A","powerType":"BEV","driveRange":"300.0","cityDept":"北京市","dictName":"出租乘用车","dashboardMileage":"115884.0","createDate":"2019-06-27","detailModel":"EU260"},"portraitRunMonth":{"vin":"LNBSCC3H4HF327175","modelName":"BJ7000C5E7-BEV","runDays":27,"runTimes":145,"soc20Times":23,"runMileage":6512.0,"peakTimes":40,"maxSpeed":105.2,"createDate":"2019-06-26"},"modelCapacityCurveList":[{"boxKey":"BJ7000C5E7-BEV","mil":0.0,"vol":"127.8"},{"boxKey":"BJ7000C5E7-BEV","mil":5000.0,"vol":"127.5"},{"boxKey":"BJ7000C5E7-BEV","mil":10000.0,"vol":"127.2"},{"boxKey":"BJ7000C5E7-BEV","mil":15000.0,"vol":"126.9"},{"boxKey":"BJ7000C5E7-BEV","mil":20000.0,"vol":"126.6"},{"boxKey":"BJ7000C5E7-BEV","mil":25000.0,"vol":"126.3"},{"boxKey":"BJ7000C5E7-BEV","mil":30000.0,"vol":"126.0"},{"boxKey":"BJ7000C5E7-BEV","mil":35000.0,"vol":"125.7"},{"boxKey":"BJ7000C5E7-BEV","mil":40000.0,"vol":"125.4"},{"boxKey":"BJ7000C5E7-BEV","mil":45000.0,"vol":"125.0"},{"boxKey":"BJ7000C5E7-BEV","mil":50000.0,"vol":"124.7"},{"boxKey":"BJ7000C5E7-BEV","mil":55000.0,"vol":"124.4"},{"boxKey":"BJ7000C5E7-BEV","mil":60000.0,"vol":"124.1"},{"boxKey":"BJ7000C5E7-BEV","mil":65000.0,"vol":"123.8"},{"boxKey":"BJ7000C5E7-BEV","mil":70000.0,"vol":"123.5"},{"boxKey":"BJ7000C5E7-BEV","mil":75000.0,"vol":"123.2"},{"boxKey":"BJ7000C5E7-BEV","mil":80000.0,"vol":"122.9"},{"boxKey":"BJ7000C5E7-BEV","mil":85000.0,"vol":"122.6"},{"boxKey":"BJ7000C5E7-BEV","mil":90000.0,"vol":"122.3"},{"boxKey":"BJ7000C5E7-BEV","mil":95000.0,"vol":"122.0"},{"boxKey":"BJ7000C5E7-BEV","mil":100000.0,"vol":"121.7"},{"boxKey":"BJ7000C5E7-BEV","mil":105000.0,"vol":"121.4"},{"boxKey":"BJ7000C5E7-BEV","mil":110000.0,"vol":"121.1"},{"boxKey":"BJ7000C5E7-BEV","mil":115000.0,"vol":"120.7"},{"boxKey":"BJ7000C5E7-BEV","mil":120000.0,"vol":"120.4"},{"boxKey":"BJ7000C5E7-BEV","mil":125000.0,"vol":"120.1"},{"boxKey":"BJ7000C5E7-BEV","mil":130000.0,"vol":"119.8"},{"boxKey":"BJ7000C5E7-BEV","mil":135000.0,"vol":"119.5"},{"boxKey":"BJ7000C5E7-BEV","mil":140000.0,"vol":"119.2"},{"boxKey":"BJ7000C5E7-BEV","mil":145000.0,"vol":"118.9"},{"boxKey":"BJ7000C5E7-BEV","mil":150000.0,"vol":"118.6"},{"boxKey":"BJ7000C5E7-BEV","mil":155000.0,"vol":"118.3"},{"boxKey":"BJ7000C5E7-BEV","mil":160000.0,"vol":"118.0"},{"boxKey":"BJ7000C5E7-BEV","mil":165000.0,"vol":"117.7"},{"boxKey":"BJ7000C5E7-BEV","mil":170000.0,"vol":"117.4"},{"boxKey":"BJ7000C5E7-BEV","mil":175000.0,"vol":"117.1"},{"boxKey":"BJ7000C5E7-BEV","mil":180000.0,"vol":"116.8"},{"boxKey":"BJ7000C5E7-BEV","mil":185000.0,"vol":"116.4"},{"boxKey":"BJ7000C5E7-BEV","mil":190000.0,"vol":"116.1"},{"boxKey":"BJ7000C5E7-BEV","mil":195000.0,"vol":"115.8"},{"boxKey":"BJ7000C5E7-BEV","mil":200000.0,"vol":"115.5"},{"boxKey":"BJ7000C5E7-BEV","mil":205000.0,"vol":"115.2"},{"boxKey":"BJ7000C5E7-BEV","mil":210000.0,"vol":"114.9"},{"boxKey":"BJ7000C5E7-BEV","mil":215000.0,"vol":"114.6"},{"boxKey":"BJ7000C5E7-BEV","mil":220000.0,"vol":"114.3"},{"boxKey":"BJ7000C5E7-BEV","mil":225000.0,"vol":"114.0"},{"boxKey":"BJ7000C5E7-BEV","mil":230000.0,"vol":"113.7"},{"boxKey":"BJ7000C5E7-BEV","mil":235000.0,"vol":"113.4"},{"boxKey":"BJ7000C5E7-BEV","mil":240000.0,"vol":"113.1"},{"boxKey":"BJ7000C5E7-BEV","mil":245000.0,"vol":"112.8"},{"boxKey":"BJ7000C5E7-BEV","mil":250000.0,"vol":"112.5"},{"boxKey":"BJ7000C5E7-BEV","mil":255000.0,"vol":"112.1"},{"boxKey":"BJ7000C5E7-BEV","mil":260000.0,"vol":"111.8"},{"boxKey":"BJ7000C5E7-BEV","mil":265000.0,"vol":"111.5"},{"boxKey":"BJ7000C5E7-BEV","mil":270000.0,"vol":"111.2"},{"boxKey":"BJ7000C5E7-BEV","mil":275000.0,"vol":"110.9"},{"boxKey":"BJ7000C5E7-BEV","mil":280000.0,"vol":"110.6"},{"boxKey":"BJ7000C5E7-BEV","mil":285000.0,"vol":"110.3"},{"boxKey":"BJ7000C5E7-BEV","mil":290000.0,"vol":"110.0"},{"boxKey":"BJ7000C5E7-BEV","mil":295000.0,"vol":"109.7"},{"boxKey":"BJ7000C5E7-BEV","mil":300000.0,"vol":"109.4"},{"boxKey":"BJ7000C5E7-BEV","mil":305000.0,"vol":"109.1"},{"boxKey":"BJ7000C5E7-BEV","mil":310000.0,"vol":"108.8"},{"boxKey":"BJ7000C5E7-BEV","mil":315000.0,"vol":"108.5"},{"boxKey":"BJ7000C5E7-BEV","mil":320000.0,"vol":"108.2"},{"boxKey":"BJ7000C5E7-BEV","mil":325000.0,"vol":"107.8"},{"boxKey":"BJ7000C5E7-BEV","mil":330000.0,"vol":"107.5"},{"boxKey":"BJ7000C5E7-BEV","mil":335000.0,"vol":"107.2"},{"boxKey":"BJ7000C5E7-BEV","mil":340000.0,"vol":"106.9"},{"boxKey":"BJ7000C5E7-BEV","mil":345000.0,"vol":"106.6"},{"boxKey":"BJ7000C5E7-BEV","mil":350000.0,"vol":"106.3"},{"boxKey":"BJ7000C5E7-BEV","mil":355000.0,"vol":"106.0"},{"boxKey":"BJ7000C5E7-BEV","mil":360000.0,"vol":"105.7"},{"boxKey":"BJ7000C5E7-BEV","mil":365000.0,"vol":"105.4"},{"boxKey":"BJ7000C5E7-BEV","mil":370000.0,"vol":"105.1"},{"boxKey":"BJ7000C5E7-BEV","mil":375000.0,"vol":"104.8"},{"boxKey":"BJ7000C5E7-BEV","mil":380000.0,"vol":"104.5"},{"boxKey":"BJ7000C5E7-BEV","mil":385000.0,"vol":"104.2"},{"boxKey":"BJ7000C5E7-BEV","mil":390000.0,"vol":"103.9"},{"boxKey":"BJ7000C5E7-BEV","mil":395000.0,"vol":"103.5"},{"boxKey":"BJ7000C5E7-BEV","mil":400000.0,"vol":"103.2"},{"boxKey":"BJ7000C5E7-BEV","mil":405000.0,"vol":"102.9"},{"boxKey":"BJ7000C5E7-BEV","mil":410000.0,"vol":"102.6"},{"boxKey":"BJ7000C5E7-BEV","mil":415000.0,"vol":"102.3"}],"vehicleCapacityCurveList":[{"boxKey":"LNBSCC3H4HF327175","mil":0.0,"vol":"124.3"},{"boxKey":"LNBSCC3H4HF327175","mil":5000.0,"vol":"123.9"},{"boxKey":"LNBSCC3H4HF327175","mil":10000.0,"vol":"123.6"},{"boxKey":"LNBSCC3H4HF327175","mil":15000.0,"vol":"123.3"},{"boxKey":"LNBSCC3H4HF327175","mil":20000.0,"vol":"122.9"},{"boxKey":"LNBSCC3H4HF327175","mil":25000.0,"vol":"122.6"},{"boxKey":"LNBSCC3H4HF327175","mil":30000.0,"vol":"122.2"},{"boxKey":"LNBSCC3H4HF327175","mil":35000.0,"vol":"121.9"},{"boxKey":"LNBSCC3H4HF327175","mil":40000.0,"vol":"121.6"},{"boxKey":"LNBSCC3H4HF327175","mil":45000.0,"vol":"121.2"},{"boxKey":"LNBSCC3H4HF327175","mil":50000.0,"vol":"120.9"},{"boxKey":"LNBSCC3H4HF327175","mil":55000.0,"vol":"120.5"},{"boxKey":"LNBSCC3H4HF327175","mil":60000.0,"vol":"120.2"},{"boxKey":"LNBSCC3H4HF327175","mil":65000.0,"vol":"119.9"},{"boxKey":"LNBSCC3H4HF327175","mil":70000.0,"vol":"119.5"},{"boxKey":"LNBSCC3H4HF327175","mil":75000.0,"vol":"119.2"},{"boxKey":"LNBSCC3H4HF327175","mil":80000.0,"vol":"118.8"},{"boxKey":"LNBSCC3H4HF327175","mil":85000.0,"vol":"118.5"},{"boxKey":"LNBSCC3H4HF327175","mil":90000.0,"vol":"118.2"},{"boxKey":"LNBSCC3H4HF327175","mil":95000.0,"vol":"117.8"},{"boxKey":"LNBSCC3H4HF327175","mil":100000.0,"vol":"117.5"},{"boxKey":"LNBSCC3H4HF327175","mil":105000.0,"vol":"117.1"},{"boxKey":"LNBSCC3H4HF327175","mil":110000.0,"vol":"116.8"},{"boxKey":"LNBSCC3H4HF327175","mil":115000.0,"vol":"116.5"},{"boxKey":"LNBSCC3H4HF327175","mil":120000.0,"vol":"116.1"},{"boxKey":"LNBSCC3H4HF327175","mil":125000.0,"vol":"115.8"},{"boxKey":"LNBSCC3H4HF327175","mil":130000.0,"vol":"115.4"},{"boxKey":"LNBSCC3H4HF327175","mil":135000.0,"vol":"115.1"},{"boxKey":"LNBSCC3H4HF327175","mil":140000.0,"vol":"114.8"},{"boxKey":"LNBSCC3H4HF327175","mil":145000.0,"vol":"114.4"},{"boxKey":"LNBSCC3H4HF327175","mil":150000.0,"vol":"114.1"},{"boxKey":"LNBSCC3H4HF327175","mil":155000.0,"vol":"113.7"},{"boxKey":"LNBSCC3H4HF327175","mil":160000.0,"vol":"113.4"},{"boxKey":"LNBSCC3H4HF327175","mil":165000.0,"vol":"113.1"},{"boxKey":"LNBSCC3H4HF327175","mil":170000.0,"vol":"112.7"},{"boxKey":"LNBSCC3H4HF327175","mil":175000.0,"vol":"112.4"},{"boxKey":"LNBSCC3H4HF327175","mil":180000.0,"vol":"112.0"},{"boxKey":"LNBSCC3H4HF327175","mil":185000.0,"vol":"111.7"},{"boxKey":"LNBSCC3H4HF327175","mil":190000.0,"vol":"111.4"},{"boxKey":"LNBSCC3H4HF327175","mil":195000.0,"vol":"111.0"},{"boxKey":"LNBSCC3H4HF327175","mil":200000.0,"vol":"110.7"},{"boxKey":"LNBSCC3H4HF327175","mil":205000.0,"vol":"110.3"},{"boxKey":"LNBSCC3H4HF327175","mil":210000.0,"vol":"110.0"},{"boxKey":"LNBSCC3H4HF327175","mil":215000.0,"vol":"109.6"},{"boxKey":"LNBSCC3H4HF327175","mil":220000.0,"vol":"109.3"},{"boxKey":"LNBSCC3H4HF327175","mil":225000.0,"vol":"109.0"},{"boxKey":"LNBSCC3H4HF327175","mil":230000.0,"vol":"108.6"},{"boxKey":"LNBSCC3H4HF327175","mil":235000.0,"vol":"108.3"},{"boxKey":"LNBSCC3H4HF327175","mil":240000.0,"vol":"107.9"},{"boxKey":"LNBSCC3H4HF327175","mil":245000.0,"vol":"107.6"},{"boxKey":"LNBSCC3H4HF327175","mil":250000.0,"vol":"107.3"},{"boxKey":"LNBSCC3H4HF327175","mil":255000.0,"vol":"106.9"},{"boxKey":"LNBSCC3H4HF327175","mil":260000.0,"vol":"106.6"},{"boxKey":"LNBSCC3H4HF327175","mil":265000.0,"vol":"106.2"},{"boxKey":"LNBSCC3H4HF327175","mil":270000.0,"vol":"105.9"},{"boxKey":"LNBSCC3H4HF327175","mil":275000.0,"vol":"105.6"},{"boxKey":"LNBSCC3H4HF327175","mil":280000.0,"vol":"105.2"},{"boxKey":"LNBSCC3H4HF327175","mil":285000.0,"vol":"104.9"},{"boxKey":"LNBSCC3H4HF327175","mil":290000.0,"vol":"104.5"},{"boxKey":"LNBSCC3H4HF327175","mil":295000.0,"vol":"104.2"},{"boxKey":"LNBSCC3H4HF327175","mil":300000.0,"vol":"103.9"},{"boxKey":"LNBSCC3H4HF327175","mil":305000.0,"vol":"103.5"},{"boxKey":"LNBSCC3H4HF327175","mil":310000.0,"vol":"103.2"},{"boxKey":"LNBSCC3H4HF327175","mil":315000.0,"vol":"102.8"},{"boxKey":"LNBSCC3H4HF327175","mil":320000.0,"vol":"102.5"},{"boxKey":"LNBSCC3H4HF327175","mil":325000.0,"vol":"102.2"},{"boxKey":"LNBSCC3H4HF327175","mil":330000.0,"vol":"101.8"},{"boxKey":"LNBSCC3H4HF327175","mil":335000.0,"vol":"101.5"},{"boxKey":"LNBSCC3H4HF327175","mil":340000.0,"vol":"101.1"},{"boxKey":"LNBSCC3H4HF327175","mil":345000.0,"vol":"100.8"},{"boxKey":"LNBSCC3H4HF327175","mil":350000.0,"vol":"100.5"},{"boxKey":"LNBSCC3H4HF327175","mil":355000.0,"vol":"100.1"},{"boxKey":"LNBSCC3H4HF327175","mil":360000.0,"vol":"99.8"},{"boxKey":"LNBSCC3H4HF327175","mil":365000.0,"vol":"99.4"}]},"error":false}]]>
              </value>
            </param>
          </params>
          <reporter-output>
          </reporter-output>
        </test-method> <!-- UserInfoRgisterData -->
        <test-method status="PASS" signature="UserInfoRgisterData(java.lang.String, java.lang.String, java.lang.String, java.lang.String)[pri:0, instance:com.bitnei.apitest.testcases.saas.UserInforRgisterByExcel@530612ba]" name="UserInfoRgisterData" duration-ms="2505" started-at="2020-02-12T09:30:31Z" description="saas平台" data-provider="dp" finished-at="2020-02-12T09:30:33Z">
          <params>
            <param index="0">
              <value>
                <![CDATA[车型画像查询]]>
              </value>
            </param>
            <param index="1">
              <value>
                <![CDATA[/vehicle-info/portrait/getModelPortrait]]>
              </value>
            </param>
            <param index="2">
              <value>
                <![CDATA[?modelName=BJ7000C5E7-BEV]]>
              </value>
            </param>
            <param index="3">
              <value>
                <![CDATA[{"status":200,"errorMsg":null,"error":false}]]>
              </value>
            </param>
          </params>
          <reporter-output>
          </reporter-output>
        </test-method> <!-- UserInfoRgisterData -->
        <test-method status="PASS" signature="UserInfoRgisterData(java.lang.String, java.lang.String, java.lang.String, java.lang.String)[pri:0, instance:com.bitnei.apitest.testcases.saas.UserInforRgisterByExcel@530612ba]" name="UserInfoRgisterData" duration-ms="436" started-at="2020-02-12T09:30:33Z" description="saas平台" data-provider="dp" finished-at="2020-02-12T09:30:34Z">
          <params>
            <param index="0">
              <value>
                <![CDATA[单车画像列表查询]]>
              </value>
            </param>
            <param index="1">
              <value>
                <![CDATA[/vehicle-info/portrait/list]]>
              </value>
            </param>
            <param index="2">
              <value>
                <![CDATA[]]>
              </value>
            </param>
            <param index="3">
              <value>
                <![CDATA[{"status":200,"errorMsg":null,"data":[{"brand":"北汽新能源","capital":"B"},{"brand":"东风汽车","capital":"D"},{"brand":"吉利汽车","capital":"J"},{"brand":"猎豹汽车","capital":"L"},{"brand":"腾势汽车","capital":"T"}],"error":false}]]>
              </value>
            </param>
          </params>
          <reporter-output>
          </reporter-output>
        </test-method> <!-- UserInfoRgisterData -->
        <test-method status="PASS" signature="UserInfoRgisterData(java.lang.String, java.lang.String, java.lang.String, java.lang.String)[pri:0, instance:com.bitnei.apitest.testcases.saas.UserInforRgisterByExcel@530612ba]" name="UserInfoRgisterData" duration-ms="157" started-at="2020-02-12T09:30:34Z" description="saas平台" data-provider="dp" finished-at="2020-02-12T09:30:34Z">
          <params>
            <param index="0">
              <value>
                <![CDATA[单车画像列表厂商查询]]>
              </value>
            </param>
            <param index="1">
              <value>
                <![CDATA[/vehicle-info/portrait/getVehicleModel]]>
              </value>
            </param>
            <param index="2">
              <value>
                <![CDATA[?brand=%E5%8C%97%E6%B1%BD%E6%96%B0%E8%83%BD%E6%BA%90]]>
              </value>
            </param>
            <param index="3">
              <value>
                <![CDATA[{"status":200,"errorMsg":null,"data":[{"commonName":"EU260"}],"error":false}]]>
              </value>
            </param>
          </params>
          <reporter-output>
          </reporter-output>
        </test-method> <!-- UserInfoRgisterData -->
        <test-method status="PASS" signature="UserInfoRgisterData(java.lang.String, java.lang.String, java.lang.String, java.lang.String)[pri:0, instance:com.bitnei.apitest.testcases.saas.UserInforRgisterByExcel@530612ba]" name="UserInfoRgisterData" duration-ms="122" started-at="2020-02-12T09:30:34Z" description="saas平台" data-provider="dp" finished-at="2020-02-12T09:30:34Z">
          <params>
            <param index="0">
              <value>
                <![CDATA[单车画像列表厂商车型查询]]>
              </value>
            </param>
            <param index="1">
              <value>
                <![CDATA[/vehicle-info/portrait/getLicensePlate]]>
              </value>
            </param>
            <param index="2">
              <value>
                <![CDATA[?commonName=EU260]]>
              </value>
            </param>
            <param index="3">
              <value>
                <![CDATA[{"status":200,"errorMsg":null,"data":[{"licensePlate":"京BZ8342","vin":"LNBSCC3H4HF327175","vehModelName":"BJ7000C5E7-BEV"},{"licensePlate":"京BZC078","vin":"LNBSCC3H3HF328981","vehModelName":"BJ7000C5E7-BEV"},{"licensePlate":"贵BU2969","vin":"LNBSCC3HXHF328878","vehModelName":"BJ7000C5E7-BEV"},{"licensePlate":"贵BU2980","vin":"LNBSCC3H8HF329009","vehModelName":"BJ7000C5E7-BEV"},{"licensePlate":"京BZ8256","vin":"LNBSCC3HXHF327066","vehModelName":"BJ7000C5E7-BEV"},{"licensePlate":"贵BU2929","vin":"LNBSCC3H6HF328974","vehModelName":"BJ7000C5E7-BEV"},{"licensePlate":"京BZC001","vin":"LNBSCC3H6HF329008","vehModelName":"BJ7000C5E7-BEV"},{"licensePlate":"京BZ8437","vin":"LNBSCC3H0HF327190","vehModelName":"BJ7000C5E7-BEV"},{"licensePlate":"贵BU2916","vin":"LNBSCC3H5HF328898","vehModelName":"BJ7000C5E7-BEV"},{"licensePlate":"京BZ8418","vin":"LNBSCC3H6HF327050","vehModelName":"BJ7000C5E7-BEV"},{"licensePlate":"闽DD16056","vin":"LNBSCC3H6JF332593","vehModelName":"BJ7000C5E7-BEV"},{"licensePlate":"京BZD938","vin":"LNBSCC3H0HF329036","vehModelName":"BJ7000C5E7-BEV"},{"licensePlate":"京BZ8366","vin":"LNBSCC3H9HF327107","vehModelName":"BJ7000C5E7-BEV"},{"licensePlate":"京BZK575","vin":"LNBSCC3H1HF328932","vehModelName":"BJ7000C5E7-BEV"},{"licensePlate":"贵BU2222","vin":"LNBSCC3HXHF328900","vehModelName":"BJ7000C5E7-BEV"},{"licensePlate":"京BZ8393","vin":"LNBSCC3H9HF327141","vehModelName":"BJ7000C5E7-BEV"},{"licensePlate":"京BZ8364","vin":"LNBSCC3H2HF327188","vehModelName":"BJ7000C5E7-BEV"},{"licensePlate":"闽DD11973","vin":"LNBSCC3HXJF333410","vehModelName":"BJ7000C5E7-BEV"},{"licensePlate":"闽DD16726","vin":"LNBSCC3H4JF332642","vehModelName":"BJ7000C5E7-BEV"},{"licensePlate":"闽DD05883","vin":"LNBSCC3H5JF332276","vehModelName":"BJ7000C5E7-BEV"}],"error":false}]]>
              </value>
            </param>
          </params>
          <reporter-output>
          </reporter-output>
        </test-method> <!-- UserInfoRgisterData -->
        <test-method status="PASS" signature="UserInfoRgisterData(java.lang.String, java.lang.String, java.lang.String, java.lang.String)[pri:0, instance:com.bitnei.apitest.testcases.saas.UserInforRgisterByExcel@530612ba]" name="UserInfoRgisterData" duration-ms="628" started-at="2020-02-12T09:30:34Z" description="saas平台" data-provider="dp" finished-at="2020-02-12T09:30:35Z">
          <params>
            <param index="0">
              <value>
                <![CDATA[数据集按名称查询]]>
              </value>
            </param>
            <param index="1">
              <value>
                <![CDATA[/ras/dataset]]>
              </value>
            </param>
            <param index="2">
              <value>
                <![CDATA[?datasourcetype=&datasourceid=&datasetname=stat_alarm_18_01&orderby=UPDATE_TIME%20DESC&pageSize=10&pageNum=1]]>
              </value>
            </param>
            <param index="3">
              <value>
                <![CDATA[{"status":200,"errorMsg":null,"data":{"total":1,"list":[{"dataSetID":"DATASETd9c69ed37ddb434bb63fd6bb9a21cb35","dataSetName":"stat_alarm_18_01","dataSourceList":[{"dataSourceID":"DATASOURCE205cd94207fd4afab42393a08bb3a05b","dataSourceType":"mysql","dataSourceName":"yiqi"}],"selectedTables":["DATASOURCE205cd94207fd4afab42393a08bb3a05b.stat_alarm_18_01"],"createdBy":"zhanghailong@bitnei.cn","createdTime":"2019-10-09 11:09:56","updatedTime":"2019-12-04 10:42:54","cardNum":10,"action":"write","starSchemas":[],"fhCube":null,"olapEnable":true,"fhEnable":false,"userAction":"WRITE","groupAction":null,"dataSourceType":"mysql"}],"pageNum":1,"pageSize":10,"size":1,"startRow":0,"endRow":0,"pages":1,"prePage":0,"nextPage":0,"isFirstPage":true,"isLastPage":true,"hasPreviousPage":false,"hasNextPage":false,"navigatePages":8,"navigatepageNums":[1],"navigateFirstPage":1,"navigateLastPage":1},"error":false}]]>
              </value>
            </param>
          </params>
          <reporter-output>
          </reporter-output>
        </test-method> <!-- UserInfoRgisterData -->
        <test-method status="PASS" signature="UserInfoRgisterData(java.lang.String, java.lang.String, java.lang.String, java.lang.String)[pri:0, instance:com.bitnei.apitest.testcases.saas.UserInforRgisterByExcel@530612ba]" name="UserInfoRgisterData" duration-ms="326" started-at="2020-02-12T09:30:35Z" description="saas平台" data-provider="dp" finished-at="2020-02-12T09:30:35Z">
          <params>
            <param index="0">
              <value>
                <![CDATA[数据源按名称查询]]>
              </value>
            </param>
            <param index="1">
              <value>
                <![CDATA[/ras/datasource]]>
              </value>
            </param>
            <param index="2">
              <value>
                <![CDATA[?datasourcename=yiqi%E6%8A%A5%E8%A1%A8&pageNum=1&pageSize=10]]>
              </value>
            </param>
            <param index="3">
              <value>
                <![CDATA[{"status":200,"errorMsg":null,"data":{"total":1,"list":[{"id":"DATASOURCEf7286c2422e9413890e7cf41fe130def","name":"yiqi报表","dataSourceType":"mysql","databaseName":"yiqi","createBy":"yaomeng@bitnei.cn","databasePort":"3306","hostname":"10.10.21.67","username":"analysis","password":"analysis","dataSets":[{"dataSetId":"DATASETe2062694afdc4e9d88dcc0758e0a0c7c","dataSetName":"stat_alarm_4_04"},{"dataSetId":"DATASET89dfea946f8b495cbd6269bcfacc5596","dataSetName":"stat_alarm_4_11"},{"dataSetId":"DATASET5b98f2c5723845389fa976199bbf5c80","dataSetName":"stat_alarm_4_06"},{"dataSetId":"DATASET3b5ff25b6f24439a84db276bacfdadca","dataSetName":"stat_alarm_4_09"},{"dataSetId":"DATASET1e0f9452db064f15a4bfee525b998c66","dataSetName":"yiqistat_alarm_18_04"},{"dataSetId":"DATASET13be67c2705f4df9b251e9c2588dcf6b","dataSetName":"yiqistat_alarm_18_02"},{"dataSetId":"DATASET1e17a68e0c294ad196ccfecfac6e4613","dataSetName":"yiqistat_alarm_0_02"},{"dataSetId":"DATASET80ac6aaa43fd40f8ade7827dd7e41192","dataSetName":"yiqistat_alarm_0_01"},{"dataSetId":"DATASET2f5ed5c245cf455e941988fdcfb822ba","dataSetName":"yiqistat_alarm_0_09"},{"dataSetId":"DATASET29855c2063684157935dcc4c0e7db236","dataSetName":"yiqistat_alarm_0_05"},{"dataSetId":"DATASET1b0015d59f5d4428bb32debdab8185d0","dataSetName":"yiqistat_alarm_18_03"},{"dataSetId":"DATASET318a9e06ca6e4cb5aab1b51a02c13f81","dataSetName":"yiqistat_alarm_18_11"},{"dataSetId":"DATASETa073e247ac6340ae9c195d1d9875a397","dataSetName":"yiqistat_alarm_0_11"},{"dataSetId":"DATASET9e6b9c45e0ba488d854846461def889b","dataSetName":"stat_alarm_4_03"},{"dataSetId":"DATASET0cc60773b226497389a014add4bfe405","dataSetName":"yiqistat_alarm_0_07"},{"dataSetId":"DATASET3952559d758d4ef29420568b0e46af69","dataSetName":"yiqistat_alarm_18_05"},{"dataSetId":"DATASET909226085d064645870dbbc0f15bb76c","dataSetName":"yiqistat_alarm_0_08"},{"dataSetId":"DATASET8ec6fca34a1a4e58b4cc3a3a0792e767","dataSetName":"yiqistat_alarm_0_06"},{"dataSetId":"DATASET599214dc7a9e4253aeaf3aa93e0813b4","dataSetName":"yiqistat_alarm_18_10"},{"dataSetId":"DATASETaef6cb52f2d940689baf9573427d4abb","dataSetName":"stat_alarm_code_charge"},{"dataSetId":"DATASET7517b7cd256e460b8ee5a686747e26e3","dataSetName":"yiqistat_alarm_18_07"},{"dataSetId":"DATASETdd968e8cc46748ba9a221705e408d1f2","dataSetName":"stat_alarm_4_05"},{"dataSetId":"DATASETd96fa16744fd4c76880282b68f7e41dd","dataSetName":"stat_alarm_4_08"},{"dataSetId":"DATASET5f584a8c06ee4d10a595b1a125121e87","dataSetName":"stat_alarm_4_10"},{"dataSetId":"DATASET69cb1f1acb6d40ffae59ae82e4c8eec4","dataSetName":"yiqistat_alarm_0_03"},{"dataSetId":"DATASETae15cb05d9694bd48b519093fc2b7faf","dataSetName":"yiqistat_alarm_18_08"},{"dataSetId":"DATASETbb04be831df648719506fb510ad833dc","dataSetName":"yiqistat_alarm_0_04"},{"dataSetId":"DATASET55a03710ee6b469f9c0cfc38c0ef5af3","dataSetName":"stat_alarm_4_07"},{"dataSetId":"DATASET8aa19d1cdc1c4b78955e61ddeccd1a48","dataSetName":"yiqistat_alarm_18_06"},{"dataSetId":"DATASETa5cc1a4f749348bd9b4f78b5f0b12d64","dataSetName":"stat_alarm_4_02"}],"updateTime":"2019-10-12 11:57:49","createTime":"2019-10-12 11:57:49","action":"write"}],"pageNum":1,"pageSize":1,"size":1,"startRow":0,"endRow":0,"pages":1,"prePage":0,"nextPage":0,"isFirstPage":true,"isLastPage":true,"hasPreviousPage":false,"hasNextPage":false,"navigatePages":8,"navigatepageNums":[1],"navigateFirstPage":1,"navigateLastPage":1},"error":false}]]>
              </value>
            </param>
          </params>
          <reporter-output>
          </reporter-output>
        </test-method> <!-- UserInfoRgisterData -->
        <test-method status="PASS" signature="UserInfoRgisterData(java.lang.String, java.lang.String, java.lang.String, java.lang.String)[pri:0, instance:com.bitnei.apitest.testcases.saas.UserInforRgisterByExcel@530612ba]" name="UserInfoRgisterData" duration-ms="165" started-at="2020-02-12T09:30:35Z" description="saas平台" data-provider="dp" finished-at="2020-02-12T09:30:35Z">
          <params>
            <param index="0">
              <value>
                <![CDATA[仪表盘按名称查询]]>
              </value>
            </param>
            <param index="1">
              <value>
                <![CDATA[/ras/dashboard/abstract]]>
              </value>
            </param>
            <param index="2">
              <value>
                <![CDATA[?dashboardname=1128%E4%BB%AA%E8%A1%A8%E7%9B%98%E7%AD%9B%E9%80%89&pageNum=1&pageSize=10]]>
              </value>
            </param>
            <param index="3">
              <value>
                <![CDATA[{"status":200,"errorMsg":null,"data":{"total":1,"list":[{"dashboardID":"DASHBOARDbb3bb62d36af45119e881d1622829e4d","dashboardName":"1128仪表盘筛选","updateTime":"2019-12-19 09:02:21","createTime":"2019-11-22 11:02:55","createBy":"zhanghailong@bitnei.cn","action":"WRITE","type":"FH"}],"pageNum":1,"pageSize":10,"size":1,"startRow":0,"endRow":0,"pages":1,"prePage":0,"nextPage":0,"isFirstPage":true,"isLastPage":true,"hasPreviousPage":false,"hasNextPage":false,"navigatePages":8,"navigatepageNums":[1],"navigateFirstPage":1,"navigateLastPage":1},"error":false}]]>
              </value>
            </param>
          </params>
          <reporter-output>
          </reporter-output>
        </test-method> <!-- UserInfoRgisterData -->
        <test-method status="PASS" signature="UserInfoRgisterData(java.lang.String, java.lang.String, java.lang.String, java.lang.String)[pri:0, instance:com.bitnei.apitest.testcases.saas.UserInforRgisterByExcel@530612ba]" name="UserInfoRgisterData" duration-ms="170" started-at="2020-02-12T09:30:35Z" description="saas平台" data-provider="dp" finished-at="2020-02-12T09:30:35Z">
          <params>
            <param index="0">
              <value>
                <![CDATA[报表按名称查询]]>
              </value>
            </param>
            <param index="1">
              <value>
                <![CDATA[/ras/card]]>
              </value>
            </param>
            <param index="2">
              <value>
                <![CDATA[?dataSetId=&pageNum=1&pageSize=10&querytype=&cardName=stat_alarm_0_10_3]]>
              </value>
            </param>
            <param index="3">
              <value>
                <![CDATA[{"status":200,"errorMsg":null,"data":{"total":1,"list":[{"cardId":"CARD78cf7593b6384dfa861730513f1570c7","dataSetId":"DATASETbe09dbfc62b84820bd40e4bc7c3ddc2c","cardName":"stat_alarm_0_10_3","displayName":null,"avatarUrl":null,"action":"write","description":"","renderMode":"bar","dataBrief":[],"queryType":"FH","createTime":"2019-09-29 16:03:39","createBy":"hangang@bitnei.cn","content":{"measures":[{"fieldName":"total","fieldAlias":"total","fieldType":"Num","fieldNativeType":"INT","props":null,"sorted":null,"measureAlias":"total","aggs":"SUM"}],"dimensions":[{"fieldName":"cell_enterprise","fieldAlias":"cell_enterprise","fieldType":"Str","fieldNativeType":"VARCHAR","props":null,"sorted":null,"dimensionAlias":"cell_enterprise"}],"filters":[{"fieldName":"model_name","fieldAlias":"model_name","fieldType":"Str","fieldNativeType":"VARCHAR","props":null,"sorted":null,"filterAlias":"model_name","defValue":null,"operator":null,"policy":null,"cascadeFilter":null},{"fieldName":"battery_type","fieldAlias":"battery_type","fieldType":"Str","fieldNativeType":"VARCHAR","props":null,"sorted":null,"filterAlias":"battery_type","defValue":null,"operator":null,"policy":null,"cascadeFilter":null},{"fieldName":"alarm_date","fieldAlias":"alarm_date","fieldType":"Str","fieldNativeType":"VARCHAR","props":null,"sorted":null,"filterAlias":"alarm_date","defValue":null,"operator":null,"policy":null,"cascadeFilter":null},{"fieldName":"category","fieldAlias":"category","fieldType":"Str","fieldNativeType":"VARCHAR","props":null,"sorted":null,"filterAlias":"category","defValue":null,"operator":null,"policy":null,"cascadeFilter":null},{"fieldName":"province","fieldAlias":"province","fieldType":"Str","fieldNativeType":"VARCHAR","props":null,"sorted":null,"filterAlias":"province","defValue":null,"operator":null,"policy":null,"cascadeFilter":null},{"fieldName":"city","fieldAlias":"city","fieldType":"Str","fieldNativeType":"VARCHAR","props":null,"sorted":null,"filterAlias":"city","defValue":null,"operator":null,"policy":null,"cascadeFilter":null},{"fieldName":"cell_enterprise","fieldAlias":"cell_enterprise","fieldType":"Str","fieldNativeType":"VARCHAR","props":null,"sorted":null,"filterAlias":"cell_enterprise","defValue":null,"operator":null,"policy":null,"cascadeFilter":null},{"fieldName":"alarm_level","fieldAlias":"alarm_level","fieldType":"Num","fieldNativeType":"INT","props":null,"sorted":null,"filterAlias":"alarm_level","defValue":null,"operator":null,"policy":null,"cascadeFilter":null},{"fieldName":"env_temp_section","fieldAlias":"env_temp_section","fieldType":"Num","fieldNativeType":"INT","props":null,"sorted":null,"filterAlias":"env_temp_section","defValue":null,"operator":null,"policy":null,"cascadeFilter":null},{"fieldName":"mileage_section","fieldAlias":"mileage_section","fieldType":"Num","fieldNativeType":"INT","props":null,"sorted":null,"filterAlias":"mileage_section","defValue":null,"operator":null,"policy":null,"cascadeFilter":null},{"fieldName":"diff_temp_section","fieldAlias":"diff_temp_section","fieldType":"Num","fieldNativeType":"INT","props":null,"sorted":null,"filterAlias":"diff_temp_section","defValue":null,"operator":null,"policy":null,"cascadeFilter":null}],"props":{"saiku.ui.render.mode":"bar","saiku.ui.chart.options":{"xRotate":"","yRotate":""}},"switchAvailable":false,"availableMeasures":[],"availableDimensions":[],"converse":false,"converseModel":null,"cardName":null,"limit":1000,"export":false,"calRate":false,"datasetId":"DATASETbe09dbfc62b84820bd40e4bc7c3ddc2c","datasourceId":"DATASOURCE205cd94207fd4afab42393a08bb3a05b","catalog":"yiqi","schema":"stat_alarm_0_10","distinct":false,"calAggregate":false}}],"pageNum":1,"pageSize":1,"size":1,"startRow":0,"endRow":0,"pages":1,"prePage":0,"nextPage":0,"isFirstPage":true,"isLastPage":true,"hasPreviousPage":false,"hasNextPage":false,"navigatePages":8,"navigatepageNums":[1],"navigateFirstPage":1,"navigateLastPage":1},"error":false}]]>
              </value>
            </param>
          </params>
          <reporter-output>
          </reporter-output>
        </test-method> <!-- UserInfoRgisterData -->
        <test-method status="PASS" signature="UserInfoRgisterData(java.lang.String, java.lang.String, java.lang.String, java.lang.String)[pri:0, instance:com.bitnei.apitest.testcases.saas.UserInforRgisterByExcel@530612ba]" name="UserInfoRgisterData" duration-ms="361" started-at="2020-02-12T09:30:35Z" description="saas平台" data-provider="dp" finished-at="2020-02-12T09:30:36Z">
          <params>
            <param index="0">
              <value>
                <![CDATA[新增数据集页面跳转]]>
              </value>
            </param>
            <param index="1">
              <value>
                <![CDATA[/ras/datasource]]>
              </value>
            </param>
            <param index="2">
              <value>
                <![CDATA[]]>
              </value>
            </param>
            <param index="3">
              <value>
                <![CDATA[{"status":200,"errorMsg":null,"error":false}]]>
              </value>
            </param>
          </params>
          <reporter-output>
          </reporter-output>
        </test-method> <!-- UserInfoRgisterData -->
        <test-method status="PASS" signature="UserInfoRgisterData(java.lang.String, java.lang.String, java.lang.String, java.lang.String)[pri:0, instance:com.bitnei.apitest.testcases.saas.UserInforRgisterByExcel@530612ba]" name="UserInfoRgisterData" duration-ms="202" started-at="2020-02-12T09:30:36Z" description="saas平台" data-provider="dp" finished-at="2020-02-12T09:30:36Z">
          <params>
            <param index="0">
              <value>
                <![CDATA[新增报表获取仪表盘名称]]>
              </value>
            </param>
            <param index="1">
              <value>
                <![CDATA[/ras/dashboard/names]]>
              </value>
            </param>
            <param index="2">
              <value>
                <![CDATA[]]>
              </value>
            </param>
            <param index="3">
              <value>
                <![CDATA[{"status":200,"errorMsg":null,"error":false}]]>
              </value>
            </param>
          </params>
          <reporter-output>
          </reporter-output>
        </test-method> <!-- UserInfoRgisterData -->
        <test-method status="PASS" signature="UserInfoRgisterData(java.lang.String, java.lang.String, java.lang.String, java.lang.String)[pri:0, instance:com.bitnei.apitest.testcases.saas.UserInforRgisterByExcel@530612ba]" name="UserInfoRgisterData" duration-ms="181" started-at="2020-02-12T09:30:36Z" description="saas平台" data-provider="dp" finished-at="2020-02-12T09:30:36Z">
          <params>
            <param index="0">
              <value>
                <![CDATA[新增报表获取数据集]]>
              </value>
            </param>
            <param index="1">
              <value>
                <![CDATA[/ras/dataset/abstract]]>
              </value>
            </param>
            <param index="2">
              <value>
                <![CDATA[]]>
              </value>
            </param>
            <param index="3">
              <value>
                <![CDATA[{"status":200,"errorMsg":null,"error":false}]]>
              </value>
            </param>
          </params>
          <reporter-output>
          </reporter-output>
        </test-method> <!-- UserInfoRgisterData -->
        <test-method status="PASS" signature="UserInfoRgisterData(java.lang.String, java.lang.String, java.lang.String, java.lang.String)[pri:0, instance:com.bitnei.apitest.testcases.saas.UserInforRgisterByExcel@530612ba]" name="UserInfoRgisterData" duration-ms="143" started-at="2020-02-12T09:30:36Z" description="saas平台" data-provider="dp" finished-at="2020-02-12T09:30:36Z">
          <params>
            <param index="0">
              <value>
                <![CDATA[导出任务列表查询]]>
              </value>
            </param>
            <param index="1">
              <value>
                <![CDATA[/ras/job/list]]>
              </value>
            </param>
            <param index="2">
              <value>
                <![CDATA[?pageSize=10&pageNum=1&fileName=%E5%82%A8%E8%83%BD%E8%A3%85%E7%BD%AE%E4%BF%A1%E6%81%AF%E9%A1%BA%E5%BA%8F]]>
              </value>
            </param>
            <param index="3">
              <value>
                <![CDATA[{"status":200,"errorMsg":null,"data":{"total":2,"list":[{"jobId":1266,"jobName":"储能装置信息顺序_20191204143228827.csv","jobStatus":3,"functionCode":1,"fileGroup":"group1","filePath":"M00/00/03/CgoVRF3nUv-ANX5kAAAAW2mO0Ls656.csv","fileSize":"91.0B","finishTime":"2019-12-04 14:32:32","createBy":"zhanghailong@bitnei.cn","createTime":"2019-12-04 14:32:29","lastUpdateTime":"2019-12-04 14:32:31","tenant":"bitnei-cn","jobCondition":"{\"availableDimensions\":[],\"availableMeasures\":[],\"calAggregate\":false,\"calRate\":false,\"cardName\":\"储能装置信息顺序\",\"converse\":false,\"converseModel\":{\"columns\":[],\"measures\":[],\"rows\":[]},\"datasetId\":\"DATASET03a52a045c674530867164a4ecb06f1d\",\"dimensions\":[{\"dimensionAlias\":\"battery_type\",\"fieldAlias\":\"battery_type\",\"fieldName\":\"battery_type\",\"fieldNativeType\":\"VARCHAR\",\"fieldType\":\"Str\",\"sorted\":{\"fieldAlias\":\"battery_type_index\",\"fieldName\":\"battery_type_index\",\"fieldNativeType\":\"INT\",\"fieldType\":\"Num\",\"policy\":\"ASC\"}}],\"distinct\":false,\"export\":true,\"filters\":[],\"measures\":[{\"aggs\":\"SUM\",\"fieldAlias\":\"total\",\"fieldName\":\"total\",\"fieldNativeType\":\"BIGINT\",\"fieldType\":\"Num\",\"measureAlias\":\"total\"}],\"props\":{\"saiku.ui.render.mode\":\"bar\",\"saiku.ui.chart.options\":{\"xRotate\":0,\"yRotate\":0,\"unitX\":\"\",\"unitY\":\"hours\",\"titleY\":\"运行时长/天\",\"nameGapX\":0,\"nameGapY\":60,\"labelRotate\":0,\"align\":\"\",\"verticalAlign\":\"\",\"position\":\"\",\"distance\":0,\"maxZoom\":0,\"yAxisInfo\":true}},\"switchAvailable\":false}"},{"jobId":1263,"jobName":"储能装置信息顺序_20191204142413861.csv","jobStatus":4,"functionCode":1,"fileGroup":null,"filePath":null,"fileSize":null,"finishTime":null,"createBy":"zhanghailong@bitnei.cn","createTime":"2019-12-04 14:24:14","lastUpdateTime":"2019-12-04 14:24:16","tenant":"bitnei-cn","jobCondition":"{\"availableDimensions\":[],\"availableMeasures\":[],\"calAggregate\":false,\"calRate\":false,\"cardName\":\"储能装置信息顺序\",\"converse\":false,\"converseModel\":{\"columns\":[],\"measures\":[],\"rows\":[]},\"datasetId\":\"DATASET03a52a045c674530867164a4ecb06f1d\",\"dimensions\":[{\"dimensionAlias\":\"battery_type\",\"fieldAlias\":\"battery_type\",\"fieldName\":\"battery_type\",\"fieldNativeType\":\"VARCHAR\",\"fieldType\":\"Str\",\"sorted\":{\"fieldAlias\":\"battery_type_index\",\"fieldName\":\"battery_type_index\",\"fieldNativeType\":\"INT\",\"fieldType\":\"Num\",\"policy\":\"ASC\"}}],\"distinct\":false,\"export\":true,\"filters\":[],\"measures\":[{\"aggs\":\"SUM\",\"fieldAlias\":\"total\",\"fieldName\":\"total\",\"fieldNativeType\":\"BIGINT\",\"fieldType\":\"Num\",\"measureAlias\":\"total\"}],\"props\":{\"saiku.ui.render.mode\":\"bar\",\"saiku.ui.chart.options\":{\"xRotate\":0,\"yRotate\":0,\"unitX\":\"\",\"unitY\":\"hours\",\"titleY\":\"运行时长/天\",\"nameGapX\":0,\"nameGapY\":60,\"labelRotate\":0,\"align\":\"\",\"verticalAlign\":\"\",\"position\":\"\",\"distance\":0,\"maxZoom\":0,\"yAxisInfo\":true}},\"switchAvailable\":false}"}],"pageNum":1,"pageSize":10,"size":2,"startRow":1,"endRow":2,"pages":1,"prePage":0,"nextPage":0,"isFirstPage":true,"isLastPage":true,"hasPreviousPage":false,"hasNextPage":false,"navigatePages":8,"navigatepageNums":[1],"navigateFirstPage":1,"navigateLastPage":1},"error":false}]]>
              </value>
            </param>
          </params>
          <reporter-output>
          </reporter-output>
        </test-method> <!-- UserInfoRgisterData -->
        <test-method status="PASS" signature="UserInfoRgisterData(java.lang.String, java.lang.String, java.lang.String, java.lang.String)[pri:0, instance:com.bitnei.apitest.testcases.saas.UserInforRgisterByExcel@530612ba]" name="UserInfoRgisterData" duration-ms="269" started-at="2020-02-12T09:30:36Z" description="saas平台" data-provider="dp" finished-at="2020-02-12T09:30:37Z">
          <params>
            <param index="0">
              <value>
                <![CDATA[接口文档列表]]>
              </value>
            </param>
            <param index="1">
              <value>
                <![CDATA[/api-center/open/api/getCommonApiList]]>
              </value>
            </param>
            <param index="2">
              <value>
                <![CDATA[]]>
              </value>
            </param>
            <param index="3">
              <value>
                <![CDATA[{"status":200,"errorMsg":null,"error":false}]]>
              </value>
            </param>
          </params>
          <reporter-output>
          </reporter-output>
        </test-method> <!-- UserInfoRgisterData -->
        <test-method status="PASS" signature="UserInfoRgisterData(java.lang.String, java.lang.String, java.lang.String, java.lang.String)[pri:0, instance:com.bitnei.apitest.testcases.saas.UserInforRgisterByExcel@530612ba]" name="UserInfoRgisterData" duration-ms="3708" started-at="2020-02-12T09:30:37Z" description="saas平台" data-provider="dp" finished-at="2020-02-12T09:30:40Z">
          <params>
            <param index="0">
              <value>
                <![CDATA[用户获取TOKEN接口获取列表]]>
              </value>
            </param>
            <param index="1">
              <value>
                <![CDATA[/api-center/api/1]]>
              </value>
            </param>
            <param index="2">
              <value>
                <![CDATA[]]>
              </value>
            </param>
            <param index="3">
              <value>
                <![CDATA[{"status":200,"errorMsg":null,"data":{"apiId":"1","moduleName":"用户鉴权","moduleId":"e600b13d62d542be9edd4e6742615e29","projectName":"saas平台公共组件","projectId":"bf073f1b47594c47af8a34376b454d39","name":"用户获取TOKEN接口","url":"http://test-oauth.bitnei.cn/acquire/token","uri":"/acquire/token","method":"POST","scheme":"HTTP","description":"用户获取token","consume":"application/json","produce":"application/json","type":"2"},"error":false}]]>
              </value>
            </param>
          </params>
          <reporter-output>
          </reporter-output>
        </test-method> <!-- UserInfoRgisterData -->
        <test-method status="PASS" signature="UserInfoRgisterData(java.lang.String, java.lang.String, java.lang.String, java.lang.String)[pri:0, instance:com.bitnei.apitest.testcases.saas.UserInforRgisterByExcel@530612ba]" name="UserInfoRgisterData" duration-ms="461" started-at="2020-02-12T09:30:40Z" description="saas平台" data-provider="dp" finished-at="2020-02-12T09:30:41Z">
          <params>
            <param index="0">
              <value>
                <![CDATA[用户获取TOKEN接口获取参数]]>
              </value>
            </param>
            <param index="1">
              <value>
                <![CDATA[/api-center/requestParam/list/1]]>
              </value>
            </param>
            <param index="2">
              <value>
                <![CDATA[]]>
              </value>
            </param>
            <param index="3">
              <value>
                <![CDATA[{"status":200,"errorMsg":null,"data":[{"id":"960d6353f739496e874870937b731529","createDate":"2019-09-20 08:18:17","lastUpdateDate":null,"apiId":"1","name":"username","type":"sys_string","position":"query","required":true,"defaultValue":null,"createBy":"zhanghailong@bitnei.cn","tenant":"bitnei-cn","label":null,"description":"用户名"},{"id":"00c4da82117647dfbff016f096186e8a","createDate":"2019-09-20 08:18:37","lastUpdateDate":null,"apiId":"1","name":"password","type":"sys_string","position":"query","required":true,"defaultValue":null,"createBy":"zhanghailong@bitnei.cn","tenant":"bitnei-cn","label":null,"description":"密码"}],"error":false}]]>
              </value>
            </param>
          </params>
          <reporter-output>
          </reporter-output>
        </test-method> <!-- UserInfoRgisterData -->
      </class> <!-- com.bitnei.apitest.testcases.saas.UserInforRgisterByExcel -->
    </test> <!-- Default test -->
  </suite> <!-- apitest -->
</testng-results>
