<?xml version="1.0" encoding="UTF-8"?>
<testng-results skipped="0" failed="14" ignored="0" total="33" passed="19">
  <reporter-output>
  </reporter-output>
  <suite name="apitest" duration-ms="83268" started-at="2019-03-12T10:42:47Z" finished-at="2019-03-12T10:44:11Z">
    <groups>
    </groups>
    <test name="APITEST" duration-ms="83268" started-at="2019-03-12T10:42:47Z" finished-at="2019-03-12T10:44:11Z">
      <class name="com.bitnei.apitest.testcases.datasend.ForwardVehicleAddVehicle">
        <test-method status="PASS" signature="setUp(java.lang.String)[pri:0, instance:com.bitnei.apitest.testcases.datasend.ForwardVehicleAddVehicle@37574691]" name="setUp" is-config="true" duration-ms="211" started-at="2019-03-12T10:42:55Z" finished-at="2019-03-12T10:42:56Z">
          <params>
            <param index="0">
              <value>
                <![CDATA[http://bdp-app.bitnei.cn:7788]]>
              </value>
            </param>
          </params>
          <reporter-output>
          </reporter-output>
        </test-method> <!-- setUp -->
        <test-method status="PASS" signature="ForwardVehicleAddVehicles(java.lang.String)[pri:0, instance:com.bitnei.apitest.testcases.datasend.ForwardVehicleAddVehicle@37574691]" name="ForwardVehicleAddVehicles" duration-ms="72" started-at="2019-03-12T10:42:56Z" description="数据转发平台任务添加车辆" data-provider="dataprovider4" finished-at="2019-03-12T10:42:56Z">
          <params>
            <param index="0">
              <value>
                <![CDATA[{"status":200,"errorMsg":null,"data":null,"error":false}]]>
              </value>
            </param>
          </params>
          <reporter-output>
          </reporter-output>
        </test-method> <!-- ForwardVehicleAddVehicles -->
      </class> <!-- com.bitnei.apitest.testcases.datasend.ForwardVehicleAddVehicle -->
      <class name="com.bitnei.apitest.testcases.EvDetail">
        <test-method status="PASS" signature="setUp(java.lang.String)[pri:0, instance:com.bitnei.apitest.testcases.EvDetail@11e21d0e]" name="setUp" is-config="true" duration-ms="174" started-at="2019-03-12T10:44:00Z" finished-at="2019-03-12T10:44:01Z">
          <params>
            <param index="0">
              <value>
                <![CDATA[http://bdp-app.bitnei.cn:7788]]>
              </value>
            </param>
          </params>
          <reporter-output>
          </reporter-output>
        </test-method> <!-- setUp -->
        <test-method status="PASS" signature="getVehCountPerMonitorPlatformStatus(java.lang.String)[pri:1, instance:com.bitnei.apitest.testcases.EvDetail@11e21d0e]" name="getVehCountPerMonitorPlatformStatus" duration-ms="5483" started-at="2019-03-12T10:44:01Z" description="明细数据查询" data-provider="dataprovider1" finished-at="2019-03-12T10:44:06Z">
          <params>
            <param index="0">
              <value>
                <![CDATA[{"status":200,"errorMsg":null,"data":{"data":[{"terminalTime":"2018-09-22 14:16:10","carStatus":"2","chargeStatus":"0","carMode":"1","speed":"0.0","totalOdometer":"32218.199219","totalVoltage":"0.0","totalCurrent":"0.0","soc":"0","dcStatus":"2","insulateResistance":"0"},{"terminaltime":"2018-09-22 14:16:00","carStatus":"2","chargeStatus":"0","carMode":"1","speed":"0.0","totalOdometer":"32218.199219","totalVoltage":"0.0","totalCurrent":"0.0","soc":"0","dcStatus":"2","insulateResistance":"0"}],"titles":["数据采集时间","车辆状态","充电状态","运行模式","车速(km/h)","里程(km)","总电压(V)","总电流(A)","SOC","DC-DC状态","绝缘电阻(kΩ)"],"page":{"pageSize":10,"pageNumber":1,"endIndex":2,"startIndex":0,"totalSize":2,"totalPage":1}},"error":false}]]>
              </value>
            </param>
          </params>
          <reporter-output>
          </reporter-output>
        </test-method> <!-- getVehCountPerMonitorPlatformStatus -->
      </class> <!-- com.bitnei.apitest.testcases.EvDetail -->
      <class name="com.bitnei.apitest.testcases.datasend.PlatForm">
        <test-method status="PASS" signature="setUp(java.lang.String)[pri:0, instance:com.bitnei.apitest.testcases.datasend.PlatForm@31206beb]" name="setUp" is-config="true" duration-ms="228" started-at="2019-03-12T10:42:52Z" finished-at="2019-03-12T10:42:53Z">
          <params>
            <param index="0">
              <value>
                <![CDATA[http://bdp-app.bitnei.cn:7788]]>
              </value>
            </param>
          </params>
          <reporter-output>
          </reporter-output>
        </test-method> <!-- setUp -->
        <test-method status="PASS" signature="PlatFormAdd(java.lang.String)[pri:0, instance:com.bitnei.apitest.testcases.datasend.PlatForm@31206beb]" name="PlatFormAdd" duration-ms="357" started-at="2019-03-12T10:42:53Z" description="数据转发平台配置新增数据" data-provider="dataprovider1" finished-at="2019-03-12T10:42:53Z">
          <params>
            <param index="0">
              <value>
                <![CDATA[{"status":200,"errorMsg":null,"data":null,"error":false}]]>
              </value>
            </param>
          </params>
          <reporter-output>
          </reporter-output>
        </test-method> <!-- PlatFormAdd -->
      </class> <!-- com.bitnei.apitest.testcases.datasend.PlatForm -->
      <class name="com.bitnei.apitest.testcases.datasend.TaskDelete">
        <test-method status="PASS" signature="setUp(java.lang.String)[pri:0, instance:com.bitnei.apitest.testcases.datasend.TaskDelete@3444d69d]" name="setUp" is-config="true" duration-ms="1118" started-at="2019-03-12T10:44:08Z" finished-at="2019-03-12T10:44:09Z">
          <params>
            <param index="0">
              <value>
                <![CDATA[http://bdp-app.bitnei.cn:7788]]>
              </value>
            </param>
          </params>
          <reporter-output>
          </reporter-output>
        </test-method> <!-- setUp -->
        <test-method status="FAIL" signature="TaskDeleteData(java.lang.String)[pri:3, instance:com.bitnei.apitest.testcases.datasend.TaskDelete@3444d69d]" name="TaskDeleteData" duration-ms="23" started-at="2019-03-12T10:44:09Z" description="数据转发平台配置删除任务" data-provider="dataprovider1" finished-at="2019-03-12T10:44:09Z">
          <params>
            <param index="0">
              <value>
                <![CDATA[{"status":200,"errorMsg":null,"data":null,"error":false}]]>
              </value>
            </param>
          </params>
          <exception class="org.springframework.beans.factory.BeanDefinitionStoreException">
            <message>
              <![CDATA[Unexpected exception parsing XML document from class path resource [spring-mybatis.xml]; nested exception is java.lang.NoClassDefFoundError: org/w3c/dom/ElementTraversal]]>
            </message>
            <full-stacktrace>
              <![CDATA[org.springframework.beans.factory.BeanDefinitionStoreException: Unexpected exception parsing XML document from class path resource [spring-mybatis.xml]; nested exception is java.lang.NoClassDefFoundError: org/w3c/dom/ElementTraversal
at org.springframework.beans.factory.xml.XmlBeanDefinitionReader.doLoadBeanDefinitions(XmlBeanDefinitionReader.java:412)
at org.springframework.beans.factory.xml.XmlBeanDefinitionReader.loadBeanDefinitions(XmlBeanDefinitionReader.java:334)
at org.springframework.beans.factory.xml.XmlBeanDefinitionReader.loadBeanDefinitions(XmlBeanDefinitionReader.java:302)
at org.springframework.beans.factory.support.AbstractBeanDefinitionReader.loadBeanDefinitions(AbstractBeanDefinitionReader.java:174)
at org.springframework.beans.factory.support.AbstractBeanDefinitionReader.loadBeanDefinitions(AbstractBeanDefinitionReader.java:209)
at org.springframework.beans.factory.support.AbstractBeanDefinitionReader.loadBeanDefinitions(AbstractBeanDefinitionReader.java:180)
at org.springframework.beans.factory.support.AbstractBeanDefinitionReader.loadBeanDefinitions(AbstractBeanDefinitionReader.java:243)
at org.springframework.context.support.AbstractXmlApplicationContext.loadBeanDefinitions(AbstractXmlApplicationContext.java:127)
at org.springframework.context.support.AbstractXmlApplicationContext.loadBeanDefinitions(AbstractXmlApplicationContext.java:93)
at org.springframework.context.support.AbstractRefreshableApplicationContext.refreshBeanFactory(AbstractRefreshableApplicationContext.java:130)
at org.springframework.context.support.AbstractApplicationContext.obtainFreshBeanFactory(AbstractApplicationContext.java:539)
at org.springframework.context.support.AbstractApplicationContext.refresh(AbstractApplicationContext.java:451)
at org.springframework.context.support.ClassPathXmlApplicationContext.<init>(ClassPathXmlApplicationContext.java:139)
at org.springframework.context.support.ClassPathXmlApplicationContext.<init>(ClassPathXmlApplicationContext.java:83)
at com.bitnei.apitest.testcases.datasend.TaskDelete.TaskDeleteData(TaskDelete.java:66)
at sun.reflect.NativeMethodAccessorImpl.invoke0(Native Method)
at sun.reflect.NativeMethodAccessorImpl.invoke(NativeMethodAccessorImpl.java:62)
at sun.reflect.DelegatingMethodAccessorImpl.invoke(DelegatingMethodAccessorImpl.java:43)
at java.lang.reflect.Method.invoke(Method.java:498)
at org.testng.internal.MethodInvocationHelper.invokeMethod(MethodInvocationHelper.java:124)
at org.testng.internal.Invoker.invokeMethod(Invoker.java:580)
at org.testng.internal.Invoker.invokeTestMethod(Invoker.java:716)
at org.testng.internal.Invoker.invokeTestMethods(Invoker.java:988)
at org.testng.internal.TestMethodWorker.invokeTestMethods(TestMethodWorker.java:125)
at org.testng.internal.TestMethodWorker.run(TestMethodWorker.java:109)
at java.util.concurrent.ThreadPoolExecutor.runWorker(ThreadPoolExecutor.java:1149)
at java.util.concurrent.ThreadPoolExecutor$Worker.run(ThreadPoolExecutor.java:624)
at java.lang.Thread.run(Thread.java:748)
Caused by: java.lang.NoClassDefFoundError: org/w3c/dom/ElementTraversal
at java.lang.ClassLoader.defineClass1(Native Method)
at java.lang.ClassLoader.defineClass(ClassLoader.java:763)
at java.security.SecureClassLoader.defineClass(SecureClassLoader.java:142)
at java.net.URLClassLoader.defineClass(URLClassLoader.java:468)
at java.net.URLClassLoader.access$100(URLClassLoader.java:74)
at java.net.URLClassLoader$1.run(URLClassLoader.java:369)
at java.net.URLClassLoader$1.run(URLClassLoader.java:363)
at java.security.AccessController.doPrivileged(Native Method)
at java.net.URLClassLoader.findClass(URLClassLoader.java:362)
at java.lang.ClassLoader.loadClass(ClassLoader.java:424)
at sun.misc.Launcher$AppClassLoader.loadClass(Launcher.java:349)
at java.lang.ClassLoader.loadClass(ClassLoader.java:357)
at org.apache.xerces.parsers.AbstractDOMParser.startDocument(Unknown Source)
at org.apache.xerces.impl.xs.XMLSchemaValidator.startDocument(Unknown Source)
at org.apache.xerces.impl.dtd.XMLDTDValidator.startDocument(Unknown Source)
at org.apache.xerces.impl.XMLDocumentScannerImpl.startEntity(Unknown Source)
at org.apache.xerces.impl.XMLVersionDetector.startDocumentParsing(Unknown Source)
at org.apache.xerces.parsers.XML11Configuration.parse(Unknown Source)
at org.apache.xerces.parsers.XML11Configuration.parse(Unknown Source)
at org.apache.xerces.parsers.XMLParser.parse(Unknown Source)
at org.apache.xerces.parsers.DOMParser.parse(Unknown Source)
at org.apache.xerces.jaxp.DocumentBuilderImpl.parse(Unknown Source)
at org.springframework.beans.factory.xml.DefaultDocumentLoader.loadDocument(DefaultDocumentLoader.java:75)
at org.springframework.beans.factory.xml.XmlBeanDefinitionReader.doLoadBeanDefinitions(XmlBeanDefinitionReader.java:388)
... 27 more
Caused by: java.lang.ClassNotFoundException: org.w3c.dom.ElementTraversal
at java.net.URLClassLoader.findClass(URLClassLoader.java:382)
at java.lang.ClassLoader.loadClass(ClassLoader.java:424)
at sun.misc.Launcher$AppClassLoader.loadClass(Launcher.java:349)
at java.lang.ClassLoader.loadClass(ClassLoader.java:357)
... 51 more
]]>
            </full-stacktrace>
          </exception> <!-- org.springframework.beans.factory.BeanDefinitionStoreException -->
          <reporter-output>
          </reporter-output>
        </test-method> <!-- TaskDeleteData -->
      </class> <!-- com.bitnei.apitest.testcases.datasend.TaskDelete -->
      <class name="com.bitnei.apitest.testcases.datasend.ForwardVehicleRemoveVehicle">
        <test-method status="PASS" signature="setUp(java.lang.String)[pri:0, instance:com.bitnei.apitest.testcases.datasend.ForwardVehicleRemoveVehicle@25359ed8]" name="setUp" is-config="true" duration-ms="156" started-at="2019-03-12T10:42:56Z" finished-at="2019-03-12T10:42:56Z">
          <params>
            <param index="0">
              <value>
                <![CDATA[http://bdp-app.bitnei.cn:7788]]>
              </value>
            </param>
          </params>
          <reporter-output>
          </reporter-output>
        </test-method> <!-- setUp -->
        <test-method status="PASS" signature="ForwardVehicleRemoveVehicles(java.lang.String)[pri:0, instance:com.bitnei.apitest.testcases.datasend.ForwardVehicleRemoveVehicle@25359ed8]" name="ForwardVehicleRemoveVehicles" duration-ms="89" started-at="2019-03-12T10:42:56Z" description="数据转发平台任务移除车辆,并非删除" data-provider="dataprovider4" finished-at="2019-03-12T10:42:56Z">
          <params>
            <param index="0">
              <value>
                <![CDATA[{"status":200,"errorMsg":null,"data":null,"error":false}]]>
              </value>
            </param>
          </params>
          <reporter-output>
          </reporter-output>
        </test-method> <!-- ForwardVehicleRemoveVehicles -->
      </class> <!-- com.bitnei.apitest.testcases.datasend.ForwardVehicleRemoveVehicle -->
      <class name="com.bitnei.apitest.testcases.getVehCountPerMonitorPlatform">
        <test-method status="PASS" signature="setUp(java.lang.String)[pri:0, instance:com.bitnei.apitest.testcases.getVehCountPerMonitorPlatform@b59d31]" name="setUp" is-config="true" duration-ms="370" started-at="2019-03-12T10:43:59Z" finished-at="2019-03-12T10:44:00Z">
          <params>
            <param index="0">
              <value>
                <![CDATA[http://bdp-app.bitnei.cn:7788]]>
              </value>
            </param>
          </params>
          <reporter-output>
          </reporter-output>
        </test-method> <!-- setUp -->
        <test-method status="FAIL" signature="getVehCountPerMonitorPlatformStatus(java.lang.String)[pri:1, instance:com.bitnei.apitest.testcases.getVehCountPerMonitorPlatform@b59d31]" name="getVehCountPerMonitorPlatformStatus" duration-ms="736" started-at="2019-03-12T10:44:00Z" description="获取实时车辆信息" data-provider="dataprovider2" finished-at="2019-03-12T10:44:00Z">
          <params>
            <param index="0">
              <value>
                <![CDATA[{"status":200,"errorMsg":null,"data":[{"id":1,"monitorPlatform":"智云平台","num":274419},{"id":2,"monitorPlatform":"英泰斯特","num":14}],"error":false}]]>
              </value>
            </param>
          </params>
          <exception class="java.lang.AssertionError">
            <message>
              <![CDATA[expected [{}] but found [{"num":{"currentValue is ":253274,"expectedValue is":274419}}]]]>
            </message>
            <full-stacktrace>
              <![CDATA[java.lang.AssertionError: expected [{}] but found [{"num":{"currentValue is ":253274,"expectedValue is":274419}}]
at org.testng.Assert.fail(Assert.java:96)
at org.testng.Assert.failNotEquals(Assert.java:776)
at org.testng.Assert.assertEqualsImpl(Assert.java:137)
at org.testng.Assert.assertEquals(Assert.java:118)
at org.testng.Assert.assertEquals(Assert.java:453)
at org.testng.Assert.assertEquals(Assert.java:463)
at com.bitnei.apitest.testcases.getVehCountPerMonitorPlatform.getVehCountPerMonitorPlatformStatus(getVehCountPerMonitorPlatform.java:73)
at sun.reflect.NativeMethodAccessorImpl.invoke0(Native Method)
at sun.reflect.NativeMethodAccessorImpl.invoke(NativeMethodAccessorImpl.java:62)
at sun.reflect.DelegatingMethodAccessorImpl.invoke(DelegatingMethodAccessorImpl.java:43)
at java.lang.reflect.Method.invoke(Method.java:498)
at org.testng.internal.MethodInvocationHelper.invokeMethod(MethodInvocationHelper.java:124)
at org.testng.internal.Invoker.invokeMethod(Invoker.java:580)
at org.testng.internal.Invoker.invokeTestMethod(Invoker.java:716)
at org.testng.internal.Invoker.invokeTestMethods(Invoker.java:988)
at org.testng.internal.TestMethodWorker.invokeTestMethods(TestMethodWorker.java:125)
at org.testng.internal.TestMethodWorker.run(TestMethodWorker.java:109)
at java.util.concurrent.ThreadPoolExecutor.runWorker(ThreadPoolExecutor.java:1149)
at java.util.concurrent.ThreadPoolExecutor$Worker.run(ThreadPoolExecutor.java:624)
at java.lang.Thread.run(Thread.java:748)
]]>
            </full-stacktrace>
          </exception> <!-- java.lang.AssertionError -->
          <reporter-output>
          </reporter-output>
        </test-method> <!-- getVehCountPerMonitorPlatformStatus -->
      </class> <!-- com.bitnei.apitest.testcases.getVehCountPerMonitorPlatform -->
      <class name="com.bitnei.apitest.testcases.datasend.TaskAdd">
        <test-method status="PASS" signature="setUp(java.lang.String)[pri:0, instance:com.bitnei.apitest.testcases.datasend.TaskAdd@4ba2ca36]" name="setUp" is-config="true" duration-ms="134" started-at="2019-03-12T10:42:54Z" finished-at="2019-03-12T10:42:54Z">
          <params>
            <param index="0">
              <value>
                <![CDATA[http://bdp-app.bitnei.cn:7788]]>
              </value>
            </param>
          </params>
          <reporter-output>
          </reporter-output>
        </test-method> <!-- setUp -->
        <test-method status="FAIL" signature="TaskAddData(java.lang.String)[pri:0, instance:com.bitnei.apitest.testcases.datasend.TaskAdd@4ba2ca36]" name="TaskAddData" duration-ms="322" started-at="2019-03-12T10:42:54Z" description="数据转发平台新增任务" data-provider="dataprovider1" finished-at="2019-03-12T10:42:54Z">
          <params>
            <param index="0">
              <value>
                <![CDATA[{"status":200,"errorMsg":null,"data":null,"error":false}]]>
              </value>
            </param>
          </params>
          <exception class="java.lang.AssertionError">
            <message>
              <![CDATA[expected [{}] but found [{"status":{"currentValue is ":500,"expectedValue is":200},"error":{"currentValue is ":true,"expectedValue is":false}}]]]>
            </message>
            <full-stacktrace>
              <![CDATA[java.lang.AssertionError: expected [{}] but found [{"status":{"currentValue is ":500,"expectedValue is":200},"error":{"currentValue is ":true,"expectedValue is":false}}]
at org.testng.Assert.fail(Assert.java:96)
at org.testng.Assert.failNotEquals(Assert.java:776)
at org.testng.Assert.assertEqualsImpl(Assert.java:137)
at org.testng.Assert.assertEquals(Assert.java:118)
at org.testng.Assert.assertEquals(Assert.java:453)
at org.testng.Assert.assertEquals(Assert.java:463)
at com.bitnei.apitest.testcases.datasend.TaskAdd.TaskAddData(TaskAdd.java:85)
at sun.reflect.NativeMethodAccessorImpl.invoke0(Native Method)
at sun.reflect.NativeMethodAccessorImpl.invoke(NativeMethodAccessorImpl.java:62)
at sun.reflect.DelegatingMethodAccessorImpl.invoke(DelegatingMethodAccessorImpl.java:43)
at java.lang.reflect.Method.invoke(Method.java:498)
at org.testng.internal.MethodInvocationHelper.invokeMethod(MethodInvocationHelper.java:124)
at org.testng.internal.Invoker.invokeMethod(Invoker.java:580)
at org.testng.internal.Invoker.invokeTestMethod(Invoker.java:716)
at org.testng.internal.Invoker.invokeTestMethods(Invoker.java:988)
at org.testng.internal.TestMethodWorker.invokeTestMethods(TestMethodWorker.java:125)
at org.testng.internal.TestMethodWorker.run(TestMethodWorker.java:109)
at java.util.concurrent.ThreadPoolExecutor.runWorker(ThreadPoolExecutor.java:1149)
at java.util.concurrent.ThreadPoolExecutor$Worker.run(ThreadPoolExecutor.java:624)
at java.lang.Thread.run(Thread.java:748)
]]>
            </full-stacktrace>
          </exception> <!-- java.lang.AssertionError -->
          <reporter-output>
          </reporter-output>
        </test-method> <!-- TaskAddData -->
        <test-method status="FAIL" signature="TaskAddDataRep(java.lang.String)[pri:1, instance:com.bitnei.apitest.testcases.datasend.TaskAdd@4ba2ca36]" name="TaskAddDataRep" duration-ms="512" started-at="2019-03-12T10:44:07Z" description="数据转发平台新增任务时目标平台重复" data-provider="dataprovider3" finished-at="2019-03-12T10:44:07Z">
          <params>
            <param index="0">
              <value>
                <![CDATA[{"status":500,"errorMsg":"该平台已分配，不能重复添加","data":null,"error":true}]]>
              </value>
            </param>
          </params>
          <exception class="java.lang.AssertionError">
            <message>
              <![CDATA[expected [{}] but found [{"errorMsg":{"currentValue is ":"服务器内部异常","expectedValue":"该平台已分配，不能重复添加"}}]]]>
            </message>
            <full-stacktrace>
              <![CDATA[java.lang.AssertionError: expected [{}] but found [{"errorMsg":{"currentValue is ":"服务器内部异常","expectedValue":"该平台已分配，不能重复添加"}}]
at org.testng.Assert.fail(Assert.java:96)
at org.testng.Assert.failNotEquals(Assert.java:776)
at org.testng.Assert.assertEqualsImpl(Assert.java:137)
at org.testng.Assert.assertEquals(Assert.java:118)
at org.testng.Assert.assertEquals(Assert.java:453)
at org.testng.Assert.assertEquals(Assert.java:463)
at com.bitnei.apitest.testcases.datasend.TaskAdd.TaskAddDataRep(TaskAdd.java:117)
at sun.reflect.NativeMethodAccessorImpl.invoke0(Native Method)
at sun.reflect.NativeMethodAccessorImpl.invoke(NativeMethodAccessorImpl.java:62)
at sun.reflect.DelegatingMethodAccessorImpl.invoke(DelegatingMethodAccessorImpl.java:43)
at java.lang.reflect.Method.invoke(Method.java:498)
at org.testng.internal.MethodInvocationHelper.invokeMethod(MethodInvocationHelper.java:124)
at org.testng.internal.Invoker.invokeMethod(Invoker.java:580)
at org.testng.internal.Invoker.invokeTestMethod(Invoker.java:716)
at org.testng.internal.Invoker.invokeTestMethods(Invoker.java:988)
at org.testng.internal.TestMethodWorker.invokeTestMethods(TestMethodWorker.java:125)
at org.testng.internal.TestMethodWorker.run(TestMethodWorker.java:109)
at java.util.concurrent.ThreadPoolExecutor.runWorker(ThreadPoolExecutor.java:1149)
at java.util.concurrent.ThreadPoolExecutor$Worker.run(ThreadPoolExecutor.java:624)
at java.lang.Thread.run(Thread.java:748)
]]>
            </full-stacktrace>
          </exception> <!-- java.lang.AssertionError -->
          <reporter-output>
          </reporter-output>
        </test-method> <!-- TaskAddDataRep -->
        <test-method status="FAIL" signature="TaskAddDataRepTask(java.lang.String)[pri:2, instance:com.bitnei.apitest.testcases.datasend.TaskAdd@4ba2ca36]" name="TaskAddDataRepTask" duration-ms="74" started-at="2019-03-12T10:44:08Z" description="数据转发平台新增任务时目标任务名称重复" data-provider="dataprovider4" finished-at="2019-03-12T10:44:08Z">
          <params>
            <param index="0">
              <value>
                <![CDATA[{"status":500,"errorMsg":"任务名称已存在","data":null,"error":true}]]>
              </value>
            </param>
          </params>
          <exception class="java.lang.AssertionError">
            <message>
              <![CDATA[expected [{}] but found [{"errorMsg":{"currentValue is ":"服务器内部异常","expectedValue":"任务名称已存在"}}]]]>
            </message>
            <full-stacktrace>
              <![CDATA[java.lang.AssertionError: expected [{}] but found [{"errorMsg":{"currentValue is ":"服务器内部异常","expectedValue":"任务名称已存在"}}]
at org.testng.Assert.fail(Assert.java:96)
at org.testng.Assert.failNotEquals(Assert.java:776)
at org.testng.Assert.assertEqualsImpl(Assert.java:137)
at org.testng.Assert.assertEquals(Assert.java:118)
at org.testng.Assert.assertEquals(Assert.java:453)
at org.testng.Assert.assertEquals(Assert.java:463)
at com.bitnei.apitest.testcases.datasend.TaskAdd.TaskAddDataRepTask(TaskAdd.java:149)
at sun.reflect.NativeMethodAccessorImpl.invoke0(Native Method)
at sun.reflect.NativeMethodAccessorImpl.invoke(NativeMethodAccessorImpl.java:62)
at sun.reflect.DelegatingMethodAccessorImpl.invoke(DelegatingMethodAccessorImpl.java:43)
at java.lang.reflect.Method.invoke(Method.java:498)
at org.testng.internal.MethodInvocationHelper.invokeMethod(MethodInvocationHelper.java:124)
at org.testng.internal.Invoker.invokeMethod(Invoker.java:580)
at org.testng.internal.Invoker.invokeTestMethod(Invoker.java:716)
at org.testng.internal.Invoker.invokeTestMethods(Invoker.java:988)
at org.testng.internal.TestMethodWorker.invokeTestMethods(TestMethodWorker.java:125)
at org.testng.internal.TestMethodWorker.run(TestMethodWorker.java:109)
at java.util.concurrent.ThreadPoolExecutor.runWorker(ThreadPoolExecutor.java:1149)
at java.util.concurrent.ThreadPoolExecutor$Worker.run(ThreadPoolExecutor.java:624)
at java.lang.Thread.run(Thread.java:748)
]]>
            </full-stacktrace>
          </exception> <!-- java.lang.AssertionError -->
          <reporter-output>
          </reporter-output>
        </test-method> <!-- TaskAddDataRepTask -->
      </class> <!-- com.bitnei.apitest.testcases.datasend.TaskAdd -->
      <class name="com.bitnei.apitest.testcases.bidash.SchemeAdd">
        <test-method status="PASS" signature="setUp(java.lang.String)[pri:0, instance:com.bitnei.apitest.testcases.bidash.SchemeAdd@21a947fe]" name="setUp" is-config="true" duration-ms="140" started-at="2019-03-12T10:42:56Z" finished-at="2019-03-12T10:42:56Z">
          <params>
            <param index="0">
              <value>
                <![CDATA[http://bdp-app.bitnei.cn:7789]]>
              </value>
            </param>
          </params>
          <reporter-output>
          </reporter-output>
        </test-method> <!-- setUp -->
        <test-method status="PASS" signature="SchemeAddData(java.lang.String)[pri:0, instance:com.bitnei.apitest.testcases.bidash.SchemeAdd@21a947fe]" name="SchemeAddData" duration-ms="287" started-at="2019-03-12T10:42:56Z" description="配置后台新增方案" data-provider="dataprovider1" finished-at="2019-03-12T10:42:56Z">
          <params>
            <param index="0">
              <value>
                <![CDATA[{"status":200,"errorMsg":null,"data":null,"error":false}]]>
              </value>
            </param>
          </params>
          <reporter-output>
          </reporter-output>
        </test-method> <!-- SchemeAddData -->
        <test-method status="PASS" signature="SchemeAddDataRep(java.lang.String)[pri:1, instance:com.bitnei.apitest.testcases.bidash.SchemeAdd@21a947fe]" name="SchemeAddDataRep" duration-ms="200" started-at="2019-03-12T10:44:07Z" description="配置后台新增方案名称重复" data-provider="dataprovider2" finished-at="2019-03-12T10:44:07Z">
          <params>
            <param index="0">
              <value>
                <![CDATA[{"status":500,"errorMsg":"该方案名称已经存在！！！","data":null,"error":true}]]>
              </value>
            </param>
          </params>
          <reporter-output>
          </reporter-output>
        </test-method> <!-- SchemeAddDataRep -->
        <test-method status="FAIL" signature="SchemeDeleteData(java.lang.String)[pri:2, instance:com.bitnei.apitest.testcases.bidash.SchemeAdd@21a947fe]" name="SchemeDeleteData" duration-ms="25" started-at="2019-03-12T10:44:08Z" description="配置后台删除方案" data-provider="dataprovider1" finished-at="2019-03-12T10:44:08Z">
          <params>
            <param index="0">
              <value>
                <![CDATA[{"status":200,"errorMsg":null,"data":null,"error":false}]]>
              </value>
            </param>
          </params>
          <exception class="org.springframework.beans.factory.BeanDefinitionStoreException">
            <message>
              <![CDATA[Unexpected exception parsing XML document from class path resource [spring-mybatis.xml]; nested exception is java.lang.NoClassDefFoundError: org/w3c/dom/ElementTraversal]]>
            </message>
            <full-stacktrace>
              <![CDATA[org.springframework.beans.factory.BeanDefinitionStoreException: Unexpected exception parsing XML document from class path resource [spring-mybatis.xml]; nested exception is java.lang.NoClassDefFoundError: org/w3c/dom/ElementTraversal
at org.springframework.beans.factory.xml.XmlBeanDefinitionReader.doLoadBeanDefinitions(XmlBeanDefinitionReader.java:412)
at org.springframework.beans.factory.xml.XmlBeanDefinitionReader.loadBeanDefinitions(XmlBeanDefinitionReader.java:334)
at org.springframework.beans.factory.xml.XmlBeanDefinitionReader.loadBeanDefinitions(XmlBeanDefinitionReader.java:302)
at org.springframework.beans.factory.support.AbstractBeanDefinitionReader.loadBeanDefinitions(AbstractBeanDefinitionReader.java:174)
at org.springframework.beans.factory.support.AbstractBeanDefinitionReader.loadBeanDefinitions(AbstractBeanDefinitionReader.java:209)
at org.springframework.beans.factory.support.AbstractBeanDefinitionReader.loadBeanDefinitions(AbstractBeanDefinitionReader.java:180)
at org.springframework.beans.factory.support.AbstractBeanDefinitionReader.loadBeanDefinitions(AbstractBeanDefinitionReader.java:243)
at org.springframework.context.support.AbstractXmlApplicationContext.loadBeanDefinitions(AbstractXmlApplicationContext.java:127)
at org.springframework.context.support.AbstractXmlApplicationContext.loadBeanDefinitions(AbstractXmlApplicationContext.java:93)
at org.springframework.context.support.AbstractRefreshableApplicationContext.refreshBeanFactory(AbstractRefreshableApplicationContext.java:130)
at org.springframework.context.support.AbstractApplicationContext.obtainFreshBeanFactory(AbstractApplicationContext.java:539)
at org.springframework.context.support.AbstractApplicationContext.refresh(AbstractApplicationContext.java:451)
at org.springframework.context.support.ClassPathXmlApplicationContext.<init>(ClassPathXmlApplicationContext.java:139)
at org.springframework.context.support.ClassPathXmlApplicationContext.<init>(ClassPathXmlApplicationContext.java:83)
at com.bitnei.apitest.testcases.bidash.SchemeAdd.SchemeDeleteData(SchemeAdd.java:131)
at sun.reflect.NativeMethodAccessorImpl.invoke0(Native Method)
at sun.reflect.NativeMethodAccessorImpl.invoke(NativeMethodAccessorImpl.java:62)
at sun.reflect.DelegatingMethodAccessorImpl.invoke(DelegatingMethodAccessorImpl.java:43)
at java.lang.reflect.Method.invoke(Method.java:498)
at org.testng.internal.MethodInvocationHelper.invokeMethod(MethodInvocationHelper.java:124)
at org.testng.internal.Invoker.invokeMethod(Invoker.java:580)
at org.testng.internal.Invoker.invokeTestMethod(Invoker.java:716)
at org.testng.internal.Invoker.invokeTestMethods(Invoker.java:988)
at org.testng.internal.TestMethodWorker.invokeTestMethods(TestMethodWorker.java:125)
at org.testng.internal.TestMethodWorker.run(TestMethodWorker.java:109)
at java.util.concurrent.ThreadPoolExecutor.runWorker(ThreadPoolExecutor.java:1149)
at java.util.concurrent.ThreadPoolExecutor$Worker.run(ThreadPoolExecutor.java:624)
at java.lang.Thread.run(Thread.java:748)
Caused by: java.lang.NoClassDefFoundError: org/w3c/dom/ElementTraversal
at java.lang.ClassLoader.defineClass1(Native Method)
at java.lang.ClassLoader.defineClass(ClassLoader.java:763)
at java.security.SecureClassLoader.defineClass(SecureClassLoader.java:142)
at java.net.URLClassLoader.defineClass(URLClassLoader.java:468)
at java.net.URLClassLoader.access$100(URLClassLoader.java:74)
at java.net.URLClassLoader$1.run(URLClassLoader.java:369)
at java.net.URLClassLoader$1.run(URLClassLoader.java:363)
at java.security.AccessController.doPrivileged(Native Method)
at java.net.URLClassLoader.findClass(URLClassLoader.java:362)
at java.lang.ClassLoader.loadClass(ClassLoader.java:424)
at sun.misc.Launcher$AppClassLoader.loadClass(Launcher.java:349)
at java.lang.ClassLoader.loadClass(ClassLoader.java:357)
at org.apache.xerces.parsers.AbstractDOMParser.startDocument(Unknown Source)
at org.apache.xerces.impl.xs.XMLSchemaValidator.startDocument(Unknown Source)
at org.apache.xerces.impl.dtd.XMLDTDValidator.startDocument(Unknown Source)
at org.apache.xerces.impl.XMLDocumentScannerImpl.startEntity(Unknown Source)
at org.apache.xerces.impl.XMLVersionDetector.startDocumentParsing(Unknown Source)
at org.apache.xerces.parsers.XML11Configuration.parse(Unknown Source)
at org.apache.xerces.parsers.XML11Configuration.parse(Unknown Source)
at org.apache.xerces.parsers.XMLParser.parse(Unknown Source)
at org.apache.xerces.parsers.DOMParser.parse(Unknown Source)
at org.apache.xerces.jaxp.DocumentBuilderImpl.parse(Unknown Source)
at org.springframework.beans.factory.xml.DefaultDocumentLoader.loadDocument(DefaultDocumentLoader.java:75)
at org.springframework.beans.factory.xml.XmlBeanDefinitionReader.doLoadBeanDefinitions(XmlBeanDefinitionReader.java:388)
... 27 more
Caused by: java.lang.ClassNotFoundException: org.w3c.dom.ElementTraversal
at java.net.URLClassLoader.findClass(URLClassLoader.java:382)
at java.lang.ClassLoader.loadClass(ClassLoader.java:424)
at sun.misc.Launcher$AppClassLoader.loadClass(Launcher.java:349)
at java.lang.ClassLoader.loadClass(ClassLoader.java:357)
... 51 more
]]>
            </full-stacktrace>
          </exception> <!-- org.springframework.beans.factory.BeanDefinitionStoreException -->
          <reporter-output>
          </reporter-output>
        </test-method> <!-- SchemeDeleteData -->
      </class> <!-- com.bitnei.apitest.testcases.bidash.SchemeAdd -->
      <class name="com.bitnei.apitest.testcases.datasend.ForwardVehicleSelectVehicles">
        <test-method status="PASS" signature="setUp(java.lang.String)[pri:0, instance:com.bitnei.apitest.testcases.datasend.ForwardVehicleSelectVehicles@6a79c292]" name="setUp" is-config="true" duration-ms="146" started-at="2019-03-12T10:42:55Z" finished-at="2019-03-12T10:42:55Z">
          <params>
            <param index="0">
              <value>
                <![CDATA[http://bdp-app.bitnei.cn:7788]]>
              </value>
            </param>
          </params>
          <reporter-output>
          </reporter-output>
        </test-method> <!-- setUp -->
        <test-method status="FAIL" signature="ForwardVehicleSelect(java.lang.String)[pri:0, instance:com.bitnei.apitest.testcases.datasend.ForwardVehicleSelectVehicles@6a79c292]" name="ForwardVehicleSelect" duration-ms="384" started-at="2019-03-12T10:42:55Z" description="数据转发平台查询车辆byvin并添加" data-provider="dataprovider3" finished-at="2019-03-12T10:42:55Z">
          <params>
            <param index="0">
              <value>
                <![CDATA[{"status":200,"errorMsg":null,"data":{"total":1,"list":[{"id":458763,"vin":"LS4ASE2A1HJ121001","licensePlate":"川JHK979","vehType":"私家车","vehModelNo":"SC6491B5","vendor":"北京长安汽车有限公司","operatingCompany":"长安","city":"北京市","province":"北京市","monitorPlatform":"1","operationCity":"北京市","vehName":"我的爱车","vehSeriesNo":"S401","vehSeriesName":"CS95","vehModelName":"JL486ZQ3 2.0T 国Ⅴ 6AT 7座","vehConfNo":"SC6491B5.S92A","vehConfName":"9 商品车 L12 北京产 四驱7座","motorModelNo":"H9BJ020997","vehColor":"闪光月光白","purchaseDate":"2017-10-23 00:00:00","manufactureDate":"2017-08-28 00:00:00","registDate":"2017-10-23 15:32:34","activeDate":"2018-12-12 17:08:20","dealer":"遂宁骏骐汽车有限公司","baseServiceStatus":1,"serviceStartDate":"2017-10-24 09:52:05","serviceExpireDate":"2027-10-24 09:52:05","maskCode":"111","telephone":"15828897551","credentials":"身份证","credentialsNo":"1","realNameStatus":1,"owner":"辜良","realNameDate":"2017-10-24 09:52:05","infoSource":"monitor","createDate":"2017-10-23 15:32:34","createrId":"2010093000861440","firstOnlineTime":"2018-12-12 17:08:44","flushTime":"2018-12-16 13:05:30","terminalNo":"FOURG_TBOX","terminalBrand":"法雷奥集团","tenantId":"CA_PV_TENANT","tenantName":"chan_tenant_name","vehProperty":"非运营","tuid":"3.20010011707171E31","ecph":"111","dept":"私家车","carId":"ff1f77ce-1b26-4b32-a916-5d7d6a94b826"}],"pageNum":1,"pageSize":10,"size":1,"startRow":1,"endRow":1,"pages":1,"prePage":0,"nextPage":0,"isFirstPage":true,"isLastPage":true,"hasPreviousPage":false,"hasNextPage":false,"navigatePages":8,"navigatepageNums":[1],"navigateFirstPage":1,"navigateLastPage":1,"firstPage":1,"lastPage":1},"error":false}]]>
              </value>
            </param>
          </params>
          <exception class="java.lang.AssertionError">
            <message>
              <![CDATA[expected [{}] but found [{"status":{"currentValue is ":500,"expectedValue is":200},"data":{"currentValue is ":500,"expectedValue is":200,"actualValue":null,"expectedValue":{"total":1,"list":[{"id":458763,"vin":"LS4ASE2A1HJ121001","licensePlate":"川JHK979","vehType":"私家车","vehModelNo":"SC6491B5","vendor":"北京长安汽车有限公司","operatingCompany":"长安","city":"北京市","province":"北京市","monitorPlatform":"1","operationCity":"北京市","vehName":"我的爱车","vehSeriesNo":"S401","vehSeriesName":"CS95","vehModelName":"JL486ZQ3 2.0T 国Ⅴ 6AT 7座","vehConfNo":"SC6491B5.S92A","vehConfName":"9 商品车 L12 北京产 四驱7座","motorModelNo":"H9BJ020997","vehColor":"闪光月光白","purchaseDate":"2017-10-23 00:00:00","manufactureDate":"2017-08-28 00:00:00","registDate":"2017-10-23 15:32:34","activeDate":"2018-12-12 17:08:20","dealer":"遂宁骏骐汽车有限公司","baseServiceStatus":1,"serviceStartDate":"2017-10-24 09:52:05","serviceExpireDate":"2027-10-24 09:52:05","maskCode":"111","telephone":"15828897551","credentials":"身份证","credentialsNo":"1","realNameStatus":1,"owner":"辜良","realNameDate":"2017-10-24 09:52:05","infoSource":"monitor","createDate":"2017-10-23 15:32:34","createrId":"2010093000861440","firstOnlineTime":"2018-12-12 17:08:44","flushTime":"2018-12-16 13:05:30","terminalNo":"FOURG_TBOX","terminalBrand":"法雷奥集团","tenantId":"CA_PV_TENANT","tenantName":"chan_tenant_name","vehProperty":"非运营","tuid":"3.20010011707171E31","ecph":"111","dept":"私家车","carId":"ff1f77ce-1b26-4b32-a916-5d7d6a94b826"}],"pageNum":1,"pageSize":10,"size":1,"startRow":1,"endRow":1,"pages":1,"prePage":0,"nextPage":0,"isFirstPage":true,"isLastPage":true,"hasPreviousPage":false,"hasNextPage":false,"navigatePages":8,"navigatepageNums":[1],"navigateFirstPage":1,"navigateLastPage":1,"firstPage":1,"lastPage":1}},"total":{"actualKey":"不存在此total","expectedKey":"total"},"list":{"actualKey":"不存在此list","expectedKey":"list"},"pageNum":{"actualKey":"不存在此pageNum","expectedKey":"pageNum"},"pageSize":{"actualKey":"不存在此pageSize","expectedKey":"pageSize"},"size":{"actualKey":"不存在此size","expectedKey":"size"},"startRow":{"actualKey":"不存在此startRow","expectedKey":"startRow"},"endRow":{"actualKey":"不存在此endRow","expectedKey":"endRow"},"pages":{"actualKey":"不存在此pages","expectedKey":"pages"},"prePage":{"actualKey":"不存在此prePage","expectedKey":"prePage"},"nextPage":{"actualKey":"不存在此nextPage","expectedKey":"nextPage"},"isFirstPage":{"actualKey":"不存在此isFirstPage","expectedKey":"isFirstPage"},"isLastPage":{"actualKey":"不存在此isLastPage","expectedKey":"isLastPage"},"hasPreviousPage":{"actualKey":"不存在此hasPreviousPage","expectedKey":"hasPreviousPage"},"hasNextPage":{"actualKey":"不存在此hasNextPage","expectedKey":"hasNextPage"},"navigatePages":{"actualKey":"不存在此navigatePages","expectedKey":"navigatePages"},"navigatepageNums":{"actualKey":"不存在此navigatepageNums","expectedKey":"navigatepageNums"},"navigateFirstPage":{"actualKey":"不存在此navigateFirstPage","expectedKey":"navigateFirstPage"},"navigateLastPage":{"actualKey":"不存在此navigateLastPage","expectedKey":"navigateLastPage"},"firstPage":{"actualKey":"不存在此firstPage","expectedKey":"firstPage"},"lastPage":{"actualKey":"不存在此lastPage","expectedKey":"lastPage"},"error":{"currentValue is ":true,"expectedValue is":false,"actualValue":null,"expectedValue":{"total":1,"list":[{"id":458763,"vin":"LS4ASE2A1HJ121001","licensePlate":"川JHK979","vehType":"私家车","vehModelNo":"SC6491B5","vendor":"北京长安汽车有限公司","operatingCompany":"长安","city":"北京市","province":"北京市","monitorPlatform":"1","operationCity":"北京市","vehName":"我的爱车","vehSeriesNo":"S401","vehSeriesName":"CS95","vehModelName":"JL486ZQ3 2.0T 国Ⅴ 6AT 7座","vehConfNo":"SC6491B5.S92A","vehConfName":"9 商品车 L12 北京产 四驱7座","motorModelNo":"H9BJ020997","vehColor":"闪光月光白","purchaseDate":"2017-10-23 00:00:00","manufactureDate":"2017-08-28 00:00:00","registDate":"2017-10-23 15:32:34","activeDate":"2018-12-12 17:08:20","dealer":"遂宁骏骐汽车有限公司","baseServiceStatus":1,"serviceStartDate":"2017-10-24 09:52:05","serviceExpireDate":"2027-10-24 09:52:05","maskCode":"111","telephone":"15828897551","credentials":"身份证","credentialsNo":"1","realNameStatus":1,"owner":"辜良","realNameDate":"2017-10-24 09:52:05","infoSource":"monitor","createDate":"2017-10-23 15:32:34","createrId":"2010093000861440","firstOnlineTime":"2018-12-12 17:08:44","flushTime":"2018-12-16 13:05:30","terminalNo":"FOURG_TBOX","terminalBrand":"法雷奥集团","tenantId":"CA_PV_TENANT","tenantName":"chan_tenant_name","vehProperty":"非运营","tuid":"3.20010011707171E31","ecph":"111","dept":"私家车","carId":"ff1f77ce-1b26-4b32-a916-5d7d6a94b826"}],"pageNum":1,"pageSize":10,"size":1,"startRow":1,"endRow":1,"pages":1,"prePage":0,"nextPage":0,"isFirstPage":true,"isLastPage":true,"hasPreviousPage":false,"hasNextPage":false,"navigatePages":8,"navigatepageNums":[1],"navigateFirstPage":1,"navigateLastPage":1,"firstPage":1,"lastPage":1}}}]]]>
            </message>
            <full-stacktrace>
              <![CDATA[java.lang.AssertionError: expected [{}] but found [{"status":{"currentValue is ":500,"expectedValue is":200},"data":{"currentValue is ":500,"expectedValue is":200,"actualValue":null,"expectedValue":{"total":1,"list":[{"id":458763,"vin":"LS4ASE2A1HJ121001","licensePlate":"川JHK979","vehType":"私家车","vehModelNo":"SC6491B5","vendor":"北京长安汽车有限公司","operatingCompany":"长安","city":"北京市","province":"北京市","monitorPlatform":"1","operationCity":"北京市","vehName":"我的爱车","vehSeriesNo":"S401","vehSeriesName":"CS95","vehModelName":"JL486ZQ3 2.0T 国Ⅴ 6AT 7座","vehConfNo":"SC6491B5.S92A","vehConfName":"9 商品车 L12 北京产 四驱7座","motorModelNo":"H9BJ020997","vehColor":"闪光月光白","purchaseDate":"2017-10-23 00:00:00","manufactureDate":"2017-08-28 00:00:00","registDate":"2017-10-23 15:32:34","activeDate":"2018-12-12 17:08:20","dealer":"遂宁骏骐汽车有限公司","baseServiceStatus":1,"serviceStartDate":"2017-10-24 09:52:05","serviceExpireDate":"2027-10-24 09:52:05","maskCode":"111","telephone":"15828897551","credentials":"身份证","credentialsNo":"1","realNameStatus":1,"owner":"辜良","realNameDate":"2017-10-24 09:52:05","infoSource":"monitor","createDate":"2017-10-23 15:32:34","createrId":"2010093000861440","firstOnlineTime":"2018-12-12 17:08:44","flushTime":"2018-12-16 13:05:30","terminalNo":"FOURG_TBOX","terminalBrand":"法雷奥集团","tenantId":"CA_PV_TENANT","tenantName":"chan_tenant_name","vehProperty":"非运营","tuid":"3.20010011707171E31","ecph":"111","dept":"私家车","carId":"ff1f77ce-1b26-4b32-a916-5d7d6a94b826"}],"pageNum":1,"pageSize":10,"size":1,"startRow":1,"endRow":1,"pages":1,"prePage":0,"nextPage":0,"isFirstPage":true,"isLastPage":true,"hasPreviousPage":false,"hasNextPage":false,"navigatePages":8,"navigatepageNums":[1],"navigateFirstPage":1,"navigateLastPage":1,"firstPage":1,"lastPage":1}},"total":{"actualKey":"不存在此total","expectedKey":"total"},"list":{"actualKey":"不存在此list","expectedKey":"list"},"pageNum":{"actualKey":"不存在此pageNum","expectedKey":"pageNum"},"pageSize":{"actualKey":"不存在此pageSize","expectedKey":"pageSize"},"size":{"actualKey":"不存在此size","expectedKey":"size"},"startRow":{"actualKey":"不存在此startRow","expectedKey":"startRow"},"endRow":{"actualKey":"不存在此endRow","expectedKey":"endRow"},"pages":{"actualKey":"不存在此pages","expectedKey":"pages"},"prePage":{"actualKey":"不存在此prePage","expectedKey":"prePage"},"nextPage":{"actualKey":"不存在此nextPage","expectedKey":"nextPage"},"isFirstPage":{"actualKey":"不存在此isFirstPage","expectedKey":"isFirstPage"},"isLastPage":{"actualKey":"不存在此isLastPage","expectedKey":"isLastPage"},"hasPreviousPage":{"actualKey":"不存在此hasPreviousPage","expectedKey":"hasPreviousPage"},"hasNextPage":{"actualKey":"不存在此hasNextPage","expectedKey":"hasNextPage"},"navigatePages":{"actualKey":"不存在此navigatePages","expectedKey":"navigatePages"},"navigatepageNums":{"actualKey":"不存在此navigatepageNums","expectedKey":"navigatepageNums"},"navigateFirstPage":{"actualKey":"不存在此navigateFirstPage","expectedKey":"navigateFirstPage"},"navigateLastPage":{"actualKey":"不存在此navigateLastPage","expectedKey":"navigateLastPage"},"firstPage":{"actualKey":"不存在此firstPage","expectedKey":"firstPage"},"lastPage":{"actualKey":"不存在此lastPage","expectedKey":"lastPage"},"error":{"currentValue is ":true,"expectedValue is":false,"actualValue":null,"expectedValue":{"total":1,"list":[{"id":458763,"vin":"LS4ASE2A1HJ121001","licensePlate":"川JHK979","vehType":"私家车","vehModelNo":"SC6491B5","vendor":"北京长安汽车有限公司","operatingCompany":"长安","city":"北京市","province":"北京市","monitorPlatform":"1","operationCity":"北京市","vehName":"我的爱车","vehSeriesNo":"S401","vehSeriesName":"CS95","vehModelName":"JL486ZQ3 2.0T 国Ⅴ 6AT 7座","vehConfNo":"SC6491B5.S92A","vehConfName":"9 商品车 L12 北京产 四驱7座","motorModelNo":"H9BJ020997","vehColor":"闪光月光白","purchaseDate":"2017-10-23 00:00:00","manufactureDate":"2017-08-28 00:00:00","registDate":"2017-10-23 15:32:34","activeDate":"2018-12-12 17:08:20","dealer":"遂宁骏骐汽车有限公司","baseServiceStatus":1,"serviceStartDate":"2017-10-24 09:52:05","serviceExpireDate":"2027-10-24 09:52:05","maskCode":"111","telephone":"15828897551","credentials":"身份证","credentialsNo":"1","realNameStatus":1,"owner":"辜良","realNameDate":"2017-10-24 09:52:05","infoSource":"monitor","createDate":"2017-10-23 15:32:34","createrId":"2010093000861440","firstOnlineTime":"2018-12-12 17:08:44","flushTime":"2018-12-16 13:05:30","terminalNo":"FOURG_TBOX","terminalBrand":"法雷奥集团","tenantId":"CA_PV_TENANT","tenantName":"chan_tenant_name","vehProperty":"非运营","tuid":"3.20010011707171E31","ecph":"111","dept":"私家车","carId":"ff1f77ce-1b26-4b32-a916-5d7d6a94b826"}],"pageNum":1,"pageSize":10,"size":1,"startRow":1,"endRow":1,"pages":1,"prePage":0,"nextPage":0,"isFirstPage":true,"isLastPage":true,"hasPreviousPage":false,"hasNextPage":false,"navigatePages":8,"navigatepageNums":[1],"navigateFirstPage":1,"navigateLastPage":1,"firstPage":1,"lastPage":1}}}]
at org.testng.Assert.fail(Assert.java:96)
at org.testng.Assert.failNotEquals(Assert.java:776)
at org.testng.Assert.assertEqualsImpl(Assert.java:137)
at org.testng.Assert.assertEquals(Assert.java:118)
at org.testng.Assert.assertEquals(Assert.java:453)
at org.testng.Assert.assertEquals(Assert.java:463)
at com.bitnei.apitest.testcases.datasend.ForwardVehicleSelectVehicles.ForwardVehicleSelect(ForwardVehicleSelectVehicles.java:80)
at sun.reflect.NativeMethodAccessorImpl.invoke0(Native Method)
at sun.reflect.NativeMethodAccessorImpl.invoke(NativeMethodAccessorImpl.java:62)
at sun.reflect.DelegatingMethodAccessorImpl.invoke(DelegatingMethodAccessorImpl.java:43)
at java.lang.reflect.Method.invoke(Method.java:498)
at org.testng.internal.MethodInvocationHelper.invokeMethod(MethodInvocationHelper.java:124)
at org.testng.internal.Invoker.invokeMethod(Invoker.java:580)
at org.testng.internal.Invoker.invokeTestMethod(Invoker.java:716)
at org.testng.internal.Invoker.invokeTestMethods(Invoker.java:988)
at org.testng.internal.TestMethodWorker.invokeTestMethods(TestMethodWorker.java:125)
at org.testng.internal.TestMethodWorker.run(TestMethodWorker.java:109)
at java.util.concurrent.ThreadPoolExecutor.runWorker(ThreadPoolExecutor.java:1149)
at java.util.concurrent.ThreadPoolExecutor$Worker.run(ThreadPoolExecutor.java:624)
at java.lang.Thread.run(Thread.java:748)
]]>
            </full-stacktrace>
          </exception> <!-- java.lang.AssertionError -->
          <reporter-output>
          </reporter-output>
        </test-method> <!-- ForwardVehicleSelect -->
      </class> <!-- com.bitnei.apitest.testcases.datasend.ForwardVehicleSelectVehicles -->
      <class name="com.bitnei.apitest.testcases.datasend.PlatFormSelect">
        <test-method status="PASS" signature="setUp(java.lang.String)[pri:0, instance:com.bitnei.apitest.testcases.datasend.PlatFormSelect@1dd02175]" name="setUp" is-config="true" duration-ms="252" started-at="2019-03-12T10:42:52Z" finished-at="2019-03-12T10:42:52Z">
          <params>
            <param index="0">
              <value>
                <![CDATA[http://bdp-app.bitnei.cn:7788]]>
              </value>
            </param>
          </params>
          <reporter-output>
          </reporter-output>
        </test-method> <!-- setUp -->
        <test-method status="FAIL" signature="PlatFormAdd(java.lang.String)[pri:0, instance:com.bitnei.apitest.testcases.datasend.PlatFormSelect@1dd02175]" name="PlatFormAdd" duration-ms="358" started-at="2019-03-12T10:42:52Z" description="数据转发平台配置查询数据" data-provider="dataprovider2" finished-at="2019-03-12T10:42:52Z">
          <params>
            <param index="0">
              <value>
                <![CDATA[{"status":200,"errorMsg":null,"data":{"total":1,"list":[{"id":"05486f02-188d-11e9-9869-90e2bae77ed8","unitName":"yltest001","forwardMode":"SOCKET","address":"10.100.10.11","username":"ul213456","password":"ul213456","nsPort":"205","cdKey":null,"notes":null,"priority":"1","staticForwardPlatform":"无","isUse":0,"createTime":1547532957000}],"pageNum":1,"pageSize":10,"size":1,"startRow":1,"endRow":1,"pages":1,"prePage":0,"nextPage":0,"isFirstPage":true,"isLastPage":true,"hasPreviousPage":false,"hasNextPage":false,"navigatePages":8,"navigatepageNums":[1],"navigateFirstPage":1,"navigateLastPage":1,"firstPage":1,"lastPage":1},"error":false}]]>
              </value>
            </param>
          </params>
          <exception class="java.lang.AssertionError">
            <message>
              <![CDATA[expected [{}] but found [{"total":{"currentValue is ":0,"expectedValue is":1},"Length":{"actualLenth":0,"expectLenth":1},"pageNum":{"currentValue is ":0,"expectedValue is":1},"size":{"currentValue is ":0,"expectedValue is":1},"startRow":{"currentValue is ":0,"expectedValue is":1},"endRow":{"currentValue is ":0,"expectedValue is":1},"pages":{"currentValue is ":0,"expectedValue is":1},"isFirstPage":{"currentValue is ":false,"expectedValue is":true},"navigateFirstPage":{"currentValue is ":0,"expectedValue is":1},"navigateLastPage":{"currentValue is ":0,"expectedValue is":1},"firstPage":{"currentValue is ":0,"expectedValue is":1},"lastPage":{"currentValue is ":0,"expectedValue is":1}}]]]>
            </message>
            <full-stacktrace>
              <![CDATA[java.lang.AssertionError: expected [{}] but found [{"total":{"currentValue is ":0,"expectedValue is":1},"Length":{"actualLenth":0,"expectLenth":1},"pageNum":{"currentValue is ":0,"expectedValue is":1},"size":{"currentValue is ":0,"expectedValue is":1},"startRow":{"currentValue is ":0,"expectedValue is":1},"endRow":{"currentValue is ":0,"expectedValue is":1},"pages":{"currentValue is ":0,"expectedValue is":1},"isFirstPage":{"currentValue is ":false,"expectedValue is":true},"navigateFirstPage":{"currentValue is ":0,"expectedValue is":1},"navigateLastPage":{"currentValue is ":0,"expectedValue is":1},"firstPage":{"currentValue is ":0,"expectedValue is":1},"lastPage":{"currentValue is ":0,"expectedValue is":1}}]
at org.testng.Assert.fail(Assert.java:96)
at org.testng.Assert.failNotEquals(Assert.java:776)
at org.testng.Assert.assertEqualsImpl(Assert.java:137)
at org.testng.Assert.assertEquals(Assert.java:118)
at org.testng.Assert.assertEquals(Assert.java:453)
at org.testng.Assert.assertEquals(Assert.java:463)
at com.bitnei.apitest.testcases.datasend.PlatFormSelect.PlatFormAdd(PlatFormSelect.java:82)
at sun.reflect.NativeMethodAccessorImpl.invoke0(Native Method)
at sun.reflect.NativeMethodAccessorImpl.invoke(NativeMethodAccessorImpl.java:62)
at sun.reflect.DelegatingMethodAccessorImpl.invoke(DelegatingMethodAccessorImpl.java:43)
at java.lang.reflect.Method.invoke(Method.java:498)
at org.testng.internal.MethodInvocationHelper.invokeMethod(MethodInvocationHelper.java:124)
at org.testng.internal.Invoker.invokeMethod(Invoker.java:580)
at org.testng.internal.Invoker.invokeTestMethod(Invoker.java:716)
at org.testng.internal.Invoker.invokeTestMethods(Invoker.java:988)
at org.testng.internal.TestMethodWorker.invokeTestMethods(TestMethodWorker.java:125)
at org.testng.internal.TestMethodWorker.run(TestMethodWorker.java:109)
at java.util.concurrent.ThreadPoolExecutor.runWorker(ThreadPoolExecutor.java:1149)
at java.util.concurrent.ThreadPoolExecutor$Worker.run(ThreadPoolExecutor.java:624)
at java.lang.Thread.run(Thread.java:748)
]]>
            </full-stacktrace>
          </exception> <!-- java.lang.AssertionError -->
          <reporter-output>
          </reporter-output>
        </test-method> <!-- PlatFormAdd -->
      </class> <!-- com.bitnei.apitest.testcases.datasend.PlatFormSelect -->
      <class name="com.bitnei.apitest.testcases.datasend.ProtocolDelete">
        <test-method status="PASS" signature="setUp(java.lang.String)[pri:0, instance:com.bitnei.apitest.testcases.datasend.ProtocolDelete@120d6fe6]" name="setUp" is-config="true" duration-ms="172" started-at="2019-03-12T10:44:06Z" finished-at="2019-03-12T10:44:07Z">
          <params>
            <param index="0">
              <value>
                <![CDATA[http://bdp-app.bitnei.cn:7788]]>
              </value>
            </param>
          </params>
          <reporter-output>
          </reporter-output>
        </test-method> <!-- setUp -->
        <test-method status="FAIL" signature="ProtocolDeleteData(java.lang.String)[pri:1, instance:com.bitnei.apitest.testcases.datasend.ProtocolDelete@120d6fe6]" name="ProtocolDeleteData" duration-ms="19" started-at="2019-03-12T10:44:07Z" description="数据转发平台配置删除协议" data-provider="dataprovider1" finished-at="2019-03-12T10:44:07Z">
          <params>
            <param index="0">
              <value>
                <![CDATA[{"status":200,"errorMsg":null,"data":null,"error":false}]]>
              </value>
            </param>
          </params>
          <exception class="org.springframework.beans.factory.BeanDefinitionStoreException">
            <message>
              <![CDATA[Unexpected exception parsing XML document from class path resource [spring-mybatis.xml]; nested exception is java.lang.NoClassDefFoundError: org/w3c/dom/ElementTraversal]]>
            </message>
            <full-stacktrace>
              <![CDATA[org.springframework.beans.factory.BeanDefinitionStoreException: Unexpected exception parsing XML document from class path resource [spring-mybatis.xml]; nested exception is java.lang.NoClassDefFoundError: org/w3c/dom/ElementTraversal
at org.springframework.beans.factory.xml.XmlBeanDefinitionReader.doLoadBeanDefinitions(XmlBeanDefinitionReader.java:412)
at org.springframework.beans.factory.xml.XmlBeanDefinitionReader.loadBeanDefinitions(XmlBeanDefinitionReader.java:334)
at org.springframework.beans.factory.xml.XmlBeanDefinitionReader.loadBeanDefinitions(XmlBeanDefinitionReader.java:302)
at org.springframework.beans.factory.support.AbstractBeanDefinitionReader.loadBeanDefinitions(AbstractBeanDefinitionReader.java:174)
at org.springframework.beans.factory.support.AbstractBeanDefinitionReader.loadBeanDefinitions(AbstractBeanDefinitionReader.java:209)
at org.springframework.beans.factory.support.AbstractBeanDefinitionReader.loadBeanDefinitions(AbstractBeanDefinitionReader.java:180)
at org.springframework.beans.factory.support.AbstractBeanDefinitionReader.loadBeanDefinitions(AbstractBeanDefinitionReader.java:243)
at org.springframework.context.support.AbstractXmlApplicationContext.loadBeanDefinitions(AbstractXmlApplicationContext.java:127)
at org.springframework.context.support.AbstractXmlApplicationContext.loadBeanDefinitions(AbstractXmlApplicationContext.java:93)
at org.springframework.context.support.AbstractRefreshableApplicationContext.refreshBeanFactory(AbstractRefreshableApplicationContext.java:130)
at org.springframework.context.support.AbstractApplicationContext.obtainFreshBeanFactory(AbstractApplicationContext.java:539)
at org.springframework.context.support.AbstractApplicationContext.refresh(AbstractApplicationContext.java:451)
at org.springframework.context.support.ClassPathXmlApplicationContext.<init>(ClassPathXmlApplicationContext.java:139)
at org.springframework.context.support.ClassPathXmlApplicationContext.<init>(ClassPathXmlApplicationContext.java:83)
at com.bitnei.apitest.testcases.datasend.ProtocolDelete.ProtocolDeleteData(ProtocolDelete.java:67)
at sun.reflect.NativeMethodAccessorImpl.invoke0(Native Method)
at sun.reflect.NativeMethodAccessorImpl.invoke(NativeMethodAccessorImpl.java:62)
at sun.reflect.DelegatingMethodAccessorImpl.invoke(DelegatingMethodAccessorImpl.java:43)
at java.lang.reflect.Method.invoke(Method.java:498)
at org.testng.internal.MethodInvocationHelper.invokeMethod(MethodInvocationHelper.java:124)
at org.testng.internal.Invoker.invokeMethod(Invoker.java:580)
at org.testng.internal.Invoker.invokeTestMethod(Invoker.java:716)
at org.testng.internal.Invoker.invokeTestMethods(Invoker.java:988)
at org.testng.internal.TestMethodWorker.invokeTestMethods(TestMethodWorker.java:125)
at org.testng.internal.TestMethodWorker.run(TestMethodWorker.java:109)
at java.util.concurrent.ThreadPoolExecutor.runWorker(ThreadPoolExecutor.java:1149)
at java.util.concurrent.ThreadPoolExecutor$Worker.run(ThreadPoolExecutor.java:624)
at java.lang.Thread.run(Thread.java:748)
Caused by: java.lang.NoClassDefFoundError: org/w3c/dom/ElementTraversal
at java.lang.ClassLoader.defineClass1(Native Method)
at java.lang.ClassLoader.defineClass(ClassLoader.java:763)
at java.security.SecureClassLoader.defineClass(SecureClassLoader.java:142)
at java.net.URLClassLoader.defineClass(URLClassLoader.java:468)
at java.net.URLClassLoader.access$100(URLClassLoader.java:74)
at java.net.URLClassLoader$1.run(URLClassLoader.java:369)
at java.net.URLClassLoader$1.run(URLClassLoader.java:363)
at java.security.AccessController.doPrivileged(Native Method)
at java.net.URLClassLoader.findClass(URLClassLoader.java:362)
at java.lang.ClassLoader.loadClass(ClassLoader.java:424)
at sun.misc.Launcher$AppClassLoader.loadClass(Launcher.java:349)
at java.lang.ClassLoader.loadClass(ClassLoader.java:357)
at org.apache.xerces.parsers.AbstractDOMParser.startDocument(Unknown Source)
at org.apache.xerces.impl.xs.XMLSchemaValidator.startDocument(Unknown Source)
at org.apache.xerces.impl.dtd.XMLDTDValidator.startDocument(Unknown Source)
at org.apache.xerces.impl.XMLDocumentScannerImpl.startEntity(Unknown Source)
at org.apache.xerces.impl.XMLVersionDetector.startDocumentParsing(Unknown Source)
at org.apache.xerces.parsers.XML11Configuration.parse(Unknown Source)
at org.apache.xerces.parsers.XML11Configuration.parse(Unknown Source)
at org.apache.xerces.parsers.XMLParser.parse(Unknown Source)
at org.apache.xerces.parsers.DOMParser.parse(Unknown Source)
at org.apache.xerces.jaxp.DocumentBuilderImpl.parse(Unknown Source)
at org.springframework.beans.factory.xml.DefaultDocumentLoader.loadDocument(DefaultDocumentLoader.java:75)
at org.springframework.beans.factory.xml.XmlBeanDefinitionReader.doLoadBeanDefinitions(XmlBeanDefinitionReader.java:388)
... 27 more
Caused by: java.lang.ClassNotFoundException: org.w3c.dom.ElementTraversal
at java.net.URLClassLoader.findClass(URLClassLoader.java:382)
at java.lang.ClassLoader.loadClass(ClassLoader.java:424)
at sun.misc.Launcher$AppClassLoader.loadClass(Launcher.java:349)
at java.lang.ClassLoader.loadClass(ClassLoader.java:357)
... 51 more
]]>
            </full-stacktrace>
          </exception> <!-- org.springframework.beans.factory.BeanDefinitionStoreException -->
          <reporter-output>
          </reporter-output>
        </test-method> <!-- ProtocolDeleteData -->
      </class> <!-- com.bitnei.apitest.testcases.datasend.ProtocolDelete -->
      <class name="com.bitnei.apitest.testcases.datasend.ProtocolUpdate">
        <test-method status="PASS" signature="setUp(java.lang.String)[pri:0, instance:com.bitnei.apitest.testcases.datasend.ProtocolUpdate@1176dcec]" name="setUp" is-config="true" duration-ms="168" started-at="2019-03-12T10:42:53Z" finished-at="2019-03-12T10:42:54Z">
          <params>
            <param index="0">
              <value>
                <![CDATA[http://bdp-app.bitnei.cn:7788]]>
              </value>
            </param>
          </params>
          <reporter-output>
          </reporter-output>
        </test-method> <!-- setUp -->
        <test-method status="FAIL" signature="ProtocolUpdateData(java.lang.String)[pri:0, instance:com.bitnei.apitest.testcases.datasend.ProtocolUpdate@1176dcec]" name="ProtocolUpdateData" duration-ms="318" started-at="2019-03-12T10:42:54Z" description="数据转发平台新增协议" data-provider="dataprovider1" finished-at="2019-03-12T10:42:54Z">
          <params>
            <param index="0">
              <value>
                <![CDATA[{"status":200,"errorMsg":null,"data":null,"error":false}]]>
              </value>
            </param>
          </params>
          <exception class="org.springframework.beans.factory.BeanDefinitionStoreException">
            <message>
              <![CDATA[Unexpected exception parsing XML document from class path resource [spring-mybatis.xml]; nested exception is java.lang.NoClassDefFoundError: org/w3c/dom/ElementTraversal]]>
            </message>
            <full-stacktrace>
              <![CDATA[org.springframework.beans.factory.BeanDefinitionStoreException: Unexpected exception parsing XML document from class path resource [spring-mybatis.xml]; nested exception is java.lang.NoClassDefFoundError: org/w3c/dom/ElementTraversal
at org.springframework.beans.factory.xml.XmlBeanDefinitionReader.doLoadBeanDefinitions(XmlBeanDefinitionReader.java:412)
at org.springframework.beans.factory.xml.XmlBeanDefinitionReader.loadBeanDefinitions(XmlBeanDefinitionReader.java:334)
at org.springframework.beans.factory.xml.XmlBeanDefinitionReader.loadBeanDefinitions(XmlBeanDefinitionReader.java:302)
at org.springframework.beans.factory.support.AbstractBeanDefinitionReader.loadBeanDefinitions(AbstractBeanDefinitionReader.java:174)
at org.springframework.beans.factory.support.AbstractBeanDefinitionReader.loadBeanDefinitions(AbstractBeanDefinitionReader.java:209)
at org.springframework.beans.factory.support.AbstractBeanDefinitionReader.loadBeanDefinitions(AbstractBeanDefinitionReader.java:180)
at org.springframework.beans.factory.support.AbstractBeanDefinitionReader.loadBeanDefinitions(AbstractBeanDefinitionReader.java:243)
at org.springframework.context.support.AbstractXmlApplicationContext.loadBeanDefinitions(AbstractXmlApplicationContext.java:127)
at org.springframework.context.support.AbstractXmlApplicationContext.loadBeanDefinitions(AbstractXmlApplicationContext.java:93)
at org.springframework.context.support.AbstractRefreshableApplicationContext.refreshBeanFactory(AbstractRefreshableApplicationContext.java:130)
at org.springframework.context.support.AbstractApplicationContext.obtainFreshBeanFactory(AbstractApplicationContext.java:539)
at org.springframework.context.support.AbstractApplicationContext.refresh(AbstractApplicationContext.java:451)
at org.springframework.context.support.ClassPathXmlApplicationContext.<init>(ClassPathXmlApplicationContext.java:139)
at org.springframework.context.support.ClassPathXmlApplicationContext.<init>(ClassPathXmlApplicationContext.java:83)
at com.bitnei.apitest.testcases.datasend.ProtocolUpdate.ProtocolUpdateData(ProtocolUpdate.java:65)
at sun.reflect.NativeMethodAccessorImpl.invoke0(Native Method)
at sun.reflect.NativeMethodAccessorImpl.invoke(NativeMethodAccessorImpl.java:62)
at sun.reflect.DelegatingMethodAccessorImpl.invoke(DelegatingMethodAccessorImpl.java:43)
at java.lang.reflect.Method.invoke(Method.java:498)
at org.testng.internal.MethodInvocationHelper.invokeMethod(MethodInvocationHelper.java:124)
at org.testng.internal.Invoker.invokeMethod(Invoker.java:580)
at org.testng.internal.Invoker.invokeTestMethod(Invoker.java:716)
at org.testng.internal.Invoker.invokeTestMethods(Invoker.java:988)
at org.testng.internal.TestMethodWorker.invokeTestMethods(TestMethodWorker.java:125)
at org.testng.internal.TestMethodWorker.run(TestMethodWorker.java:109)
at java.util.concurrent.ThreadPoolExecutor.runWorker(ThreadPoolExecutor.java:1149)
at java.util.concurrent.ThreadPoolExecutor$Worker.run(ThreadPoolExecutor.java:624)
at java.lang.Thread.run(Thread.java:748)
Caused by: java.lang.NoClassDefFoundError: org/w3c/dom/ElementTraversal
at java.lang.ClassLoader.defineClass1(Native Method)
at java.lang.ClassLoader.defineClass(ClassLoader.java:763)
at java.security.SecureClassLoader.defineClass(SecureClassLoader.java:142)
at java.net.URLClassLoader.defineClass(URLClassLoader.java:468)
at java.net.URLClassLoader.access$100(URLClassLoader.java:74)
at java.net.URLClassLoader$1.run(URLClassLoader.java:369)
at java.net.URLClassLoader$1.run(URLClassLoader.java:363)
at java.security.AccessController.doPrivileged(Native Method)
at java.net.URLClassLoader.findClass(URLClassLoader.java:362)
at java.lang.ClassLoader.loadClass(ClassLoader.java:424)
at sun.misc.Launcher$AppClassLoader.loadClass(Launcher.java:349)
at java.lang.ClassLoader.loadClass(ClassLoader.java:357)
at org.apache.xerces.parsers.AbstractDOMParser.startDocument(Unknown Source)
at org.apache.xerces.impl.xs.XMLSchemaValidator.startDocument(Unknown Source)
at org.apache.xerces.impl.dtd.XMLDTDValidator.startDocument(Unknown Source)
at org.apache.xerces.impl.XMLDocumentScannerImpl.startEntity(Unknown Source)
at org.apache.xerces.impl.XMLVersionDetector.startDocumentParsing(Unknown Source)
at org.apache.xerces.parsers.XML11Configuration.parse(Unknown Source)
at org.apache.xerces.parsers.XML11Configuration.parse(Unknown Source)
at org.apache.xerces.parsers.XMLParser.parse(Unknown Source)
at org.apache.xerces.parsers.DOMParser.parse(Unknown Source)
at org.apache.xerces.jaxp.DocumentBuilderImpl.parse(Unknown Source)
at org.springframework.beans.factory.xml.DefaultDocumentLoader.loadDocument(DefaultDocumentLoader.java:75)
at org.springframework.beans.factory.xml.XmlBeanDefinitionReader.doLoadBeanDefinitions(XmlBeanDefinitionReader.java:388)
... 27 more
Caused by: java.lang.ClassNotFoundException: org.w3c.dom.ElementTraversal
at java.net.URLClassLoader.findClass(URLClassLoader.java:382)
at java.lang.ClassLoader.loadClass(ClassLoader.java:424)
at sun.misc.Launcher$AppClassLoader.loadClass(Launcher.java:349)
at java.lang.ClassLoader.loadClass(ClassLoader.java:357)
... 51 more
]]>
            </full-stacktrace>
          </exception> <!-- org.springframework.beans.factory.BeanDefinitionStoreException -->
          <reporter-output>
          </reporter-output>
        </test-method> <!-- ProtocolUpdateData -->
      </class> <!-- com.bitnei.apitest.testcases.datasend.ProtocolUpdate -->
      <class name="com.bitnei.apitest.testcases.datasend.ForwardVehicleQuery">
        <test-method status="PASS" signature="setUp(java.lang.String)[pri:0, instance:com.bitnei.apitest.testcases.datasend.ForwardVehicleQuery@1372ed45]" name="setUp" is-config="true" duration-ms="248" started-at="2019-03-12T10:42:54Z" finished-at="2019-03-12T10:42:55Z">
          <params>
            <param index="0">
              <value>
                <![CDATA[http://bdp-app.bitnei.cn:7788]]>
              </value>
            </param>
          </params>
          <reporter-output>
          </reporter-output>
        </test-method> <!-- setUp -->
        <test-method status="FAIL" signature="ForwardVehicleByVin(java.lang.String)[pri:0, instance:com.bitnei.apitest.testcases.datasend.ForwardVehicleQuery@1372ed45]" name="ForwardVehicleByVin" duration-ms="217" started-at="2019-03-12T10:42:55Z" description="数据转发平台查询车辆byvin" data-provider="dataprovider1" finished-at="2019-03-12T10:42:55Z">
          <params>
            <param index="0">
              <value>
                <![CDATA[{"status":200,"errorMsg":null,"data":{"total":1,"list":[{"id":662855,"taskId":50,"vehicleId":"458763","vin":"LS4ASE2A1HJ121001","licensePlate":"川JHK979","vehType":"私家车","vehModelNo":"SC6491B5","vendor":"北京长安汽车有限公司","operatingCompany":"长安","communicationProtocol":"1","city":"北京市","taskName":"testhg0227144","platformName":"testhg022716","platformId":"a2a51080-3a63-11e9-9869-90e2bae77ed8","protocolId":"6d8b1c1e-d7f7-11e8-a918-6c92bf645824","protocolName":"国标32960","monitorPlatform":"1","tenantName":"chan_tenant_name"}],"pageNum":1,"pageSize":10,"size":1,"startRow":1,"endRow":1,"pages":1,"prePage":0,"nextPage":0,"isFirstPage":true,"isLastPage":true,"hasPreviousPage":false,"hasNextPage":false,"navigatePages":8,"navigatepageNums":[1],"navigateFirstPage":1,"navigateLastPage":1,"firstPage":1,"lastPage":1},"error":false}]]>
              </value>
            </param>
          </params>
          <exception class="java.lang.AssertionError">
            <message>
              <![CDATA[expected [{}] but found [{"total":{"currentValue is ":2,"expectedValue is":1},"Length":{"actualLenth":2,"expectLenth":1},"id":{"currentValue is ":105451,"expectedValue is":662855},"taskId":{"currentValue is ":28,"expectedValue is":50},"vehicleId":{"currentValue is ":"499840","expectedValue is":50,"expectedValue":"458763"},"vehType":{"currentValue is ":null,"expectedValue is":50,"expectedValue":"私家车","actualValue":null},"operatingCompany":{"currentValue is ":null,"expectedValue is":50,"expectedValue":"长安","actualValue":null},"city":{"currentValue is ":null,"expectedValue is":50,"expectedValue":"北京市","actualValue":null},"taskName":{"currentValue is ":"userPerm任务","expectedValue is":50,"expectedValue":"testhg0227144","actualValue":null},"platformName":{"currentValue is ":"userPerm用户平台","expectedValue is":50,"expectedValue":"testhg022716","actualValue":null},"platformId":{"currentValue is ":"eef0b203-43a9-11e9-9869-90e2bae77ed8","expectedValue is":50,"expectedValue":"a2a51080-3a63-11e9-9869-90e2bae77ed8","actualValue":null},"tenantName":{"currentValue is ":null,"expectedValue is":50,"expectedValue":"chan_tenant_name","actualValue":null},"size":{"currentValue is ":2,"expectedValue is":1},"endRow":{"currentValue is ":2,"expectedValue is":1}}]]]>
            </message>
            <full-stacktrace>
              <![CDATA[java.lang.AssertionError: expected [{}] but found [{"total":{"currentValue is ":2,"expectedValue is":1},"Length":{"actualLenth":2,"expectLenth":1},"id":{"currentValue is ":105451,"expectedValue is":662855},"taskId":{"currentValue is ":28,"expectedValue is":50},"vehicleId":{"currentValue is ":"499840","expectedValue is":50,"expectedValue":"458763"},"vehType":{"currentValue is ":null,"expectedValue is":50,"expectedValue":"私家车","actualValue":null},"operatingCompany":{"currentValue is ":null,"expectedValue is":50,"expectedValue":"长安","actualValue":null},"city":{"currentValue is ":null,"expectedValue is":50,"expectedValue":"北京市","actualValue":null},"taskName":{"currentValue is ":"userPerm任务","expectedValue is":50,"expectedValue":"testhg0227144","actualValue":null},"platformName":{"currentValue is ":"userPerm用户平台","expectedValue is":50,"expectedValue":"testhg022716","actualValue":null},"platformId":{"currentValue is ":"eef0b203-43a9-11e9-9869-90e2bae77ed8","expectedValue is":50,"expectedValue":"a2a51080-3a63-11e9-9869-90e2bae77ed8","actualValue":null},"tenantName":{"currentValue is ":null,"expectedValue is":50,"expectedValue":"chan_tenant_name","actualValue":null},"size":{"currentValue is ":2,"expectedValue is":1},"endRow":{"currentValue is ":2,"expectedValue is":1}}]
at org.testng.Assert.fail(Assert.java:96)
at org.testng.Assert.failNotEquals(Assert.java:776)
at org.testng.Assert.assertEqualsImpl(Assert.java:137)
at org.testng.Assert.assertEquals(Assert.java:118)
at org.testng.Assert.assertEquals(Assert.java:453)
at org.testng.Assert.assertEquals(Assert.java:463)
at com.bitnei.apitest.testcases.datasend.ForwardVehicleQuery.ForwardVehicleByVin(ForwardVehicleQuery.java:83)
at sun.reflect.NativeMethodAccessorImpl.invoke0(Native Method)
at sun.reflect.NativeMethodAccessorImpl.invoke(NativeMethodAccessorImpl.java:62)
at sun.reflect.DelegatingMethodAccessorImpl.invoke(DelegatingMethodAccessorImpl.java:43)
at java.lang.reflect.Method.invoke(Method.java:498)
at org.testng.internal.MethodInvocationHelper.invokeMethod(MethodInvocationHelper.java:124)
at org.testng.internal.Invoker.invokeMethod(Invoker.java:580)
at org.testng.internal.Invoker.invokeTestMethod(Invoker.java:716)
at org.testng.internal.Invoker.invokeTestMethods(Invoker.java:988)
at org.testng.internal.TestMethodWorker.invokeTestMethods(TestMethodWorker.java:125)
at org.testng.internal.TestMethodWorker.run(TestMethodWorker.java:109)
at java.util.concurrent.ThreadPoolExecutor.runWorker(ThreadPoolExecutor.java:1149)
at java.util.concurrent.ThreadPoolExecutor$Worker.run(ThreadPoolExecutor.java:624)
at java.lang.Thread.run(Thread.java:748)
]]>
            </full-stacktrace>
          </exception> <!-- java.lang.AssertionError -->
          <reporter-output>
          </reporter-output>
        </test-method> <!-- ForwardVehicleByVin -->
        <test-method status="FAIL" signature="ForwardVehicleBylicense(java.lang.String)[pri:1, instance:com.bitnei.apitest.testcases.datasend.ForwardVehicleQuery@1372ed45]" name="ForwardVehicleBylicense" duration-ms="165" started-at="2019-03-12T10:44:07Z" description="数据转发平台查询车辆by车牌号" data-provider="dataprovider1" finished-at="2019-03-12T10:44:07Z">
          <params>
            <param index="0">
              <value>
                <![CDATA[{"status":200,"errorMsg":null,"data":{"total":1,"list":[{"id":662855,"taskId":50,"vehicleId":"458763","vin":"LS4ASE2A1HJ121001","licensePlate":"川JHK979","vehType":"私家车","vehModelNo":"SC6491B5","vendor":"北京长安汽车有限公司","operatingCompany":"长安","communicationProtocol":"1","city":"北京市","taskName":"testhg0227144","platformName":"testhg022716","platformId":"a2a51080-3a63-11e9-9869-90e2bae77ed8","protocolId":"6d8b1c1e-d7f7-11e8-a918-6c92bf645824","protocolName":"国标32960","monitorPlatform":"1","tenantName":"chan_tenant_name"}],"pageNum":1,"pageSize":10,"size":1,"startRow":1,"endRow":1,"pages":1,"prePage":0,"nextPage":0,"isFirstPage":true,"isLastPage":true,"hasPreviousPage":false,"hasNextPage":false,"navigatePages":8,"navigatepageNums":[1],"navigateFirstPage":1,"navigateLastPage":1,"firstPage":1,"lastPage":1},"error":false}]]>
              </value>
            </param>
          </params>
          <exception class="java.lang.AssertionError">
            <message>
              <![CDATA[expected [{}] but found [{"total":{"currentValue is ":2,"expectedValue is":1},"Length":{"actualLenth":2,"expectLenth":1},"id":{"currentValue is ":105451,"expectedValue is":662855},"taskId":{"currentValue is ":28,"expectedValue is":50},"vehicleId":{"currentValue is ":"499840","expectedValue is":50,"expectedValue":"458763"},"vehType":{"currentValue is ":null,"expectedValue is":50,"expectedValue":"私家车","actualValue":null},"operatingCompany":{"currentValue is ":null,"expectedValue is":50,"expectedValue":"长安","actualValue":null},"city":{"currentValue is ":null,"expectedValue is":50,"expectedValue":"北京市","actualValue":null},"taskName":{"currentValue is ":"userPerm任务","expectedValue is":50,"expectedValue":"testhg0227144","actualValue":null},"platformName":{"currentValue is ":"userPerm用户平台","expectedValue is":50,"expectedValue":"testhg022716","actualValue":null},"platformId":{"currentValue is ":"eef0b203-43a9-11e9-9869-90e2bae77ed8","expectedValue is":50,"expectedValue":"a2a51080-3a63-11e9-9869-90e2bae77ed8","actualValue":null},"tenantName":{"currentValue is ":null,"expectedValue is":50,"expectedValue":"chan_tenant_name","actualValue":null},"size":{"currentValue is ":2,"expectedValue is":1},"endRow":{"currentValue is ":2,"expectedValue is":1}}]]]>
            </message>
            <full-stacktrace>
              <![CDATA[java.lang.AssertionError: expected [{}] but found [{"total":{"currentValue is ":2,"expectedValue is":1},"Length":{"actualLenth":2,"expectLenth":1},"id":{"currentValue is ":105451,"expectedValue is":662855},"taskId":{"currentValue is ":28,"expectedValue is":50},"vehicleId":{"currentValue is ":"499840","expectedValue is":50,"expectedValue":"458763"},"vehType":{"currentValue is ":null,"expectedValue is":50,"expectedValue":"私家车","actualValue":null},"operatingCompany":{"currentValue is ":null,"expectedValue is":50,"expectedValue":"长安","actualValue":null},"city":{"currentValue is ":null,"expectedValue is":50,"expectedValue":"北京市","actualValue":null},"taskName":{"currentValue is ":"userPerm任务","expectedValue is":50,"expectedValue":"testhg0227144","actualValue":null},"platformName":{"currentValue is ":"userPerm用户平台","expectedValue is":50,"expectedValue":"testhg022716","actualValue":null},"platformId":{"currentValue is ":"eef0b203-43a9-11e9-9869-90e2bae77ed8","expectedValue is":50,"expectedValue":"a2a51080-3a63-11e9-9869-90e2bae77ed8","actualValue":null},"tenantName":{"currentValue is ":null,"expectedValue is":50,"expectedValue":"chan_tenant_name","actualValue":null},"size":{"currentValue is ":2,"expectedValue is":1},"endRow":{"currentValue is ":2,"expectedValue is":1}}]
at org.testng.Assert.fail(Assert.java:96)
at org.testng.Assert.failNotEquals(Assert.java:776)
at org.testng.Assert.assertEqualsImpl(Assert.java:137)
at org.testng.Assert.assertEquals(Assert.java:118)
at org.testng.Assert.assertEquals(Assert.java:453)
at org.testng.Assert.assertEquals(Assert.java:463)
at com.bitnei.apitest.testcases.datasend.ForwardVehicleQuery.ForwardVehicleBylicense(ForwardVehicleQuery.java:112)
at sun.reflect.NativeMethodAccessorImpl.invoke0(Native Method)
at sun.reflect.NativeMethodAccessorImpl.invoke(NativeMethodAccessorImpl.java:62)
at sun.reflect.DelegatingMethodAccessorImpl.invoke(DelegatingMethodAccessorImpl.java:43)
at java.lang.reflect.Method.invoke(Method.java:498)
at org.testng.internal.MethodInvocationHelper.invokeMethod(MethodInvocationHelper.java:124)
at org.testng.internal.Invoker.invokeMethod(Invoker.java:580)
at org.testng.internal.Invoker.invokeTestMethod(Invoker.java:716)
at org.testng.internal.Invoker.invokeTestMethods(Invoker.java:988)
at org.testng.internal.TestMethodWorker.invokeTestMethods(TestMethodWorker.java:125)
at org.testng.internal.TestMethodWorker.run(TestMethodWorker.java:109)
at java.util.concurrent.ThreadPoolExecutor.runWorker(ThreadPoolExecutor.java:1149)
at java.util.concurrent.ThreadPoolExecutor$Worker.run(ThreadPoolExecutor.java:624)
at java.lang.Thread.run(Thread.java:748)
]]>
            </full-stacktrace>
          </exception> <!-- java.lang.AssertionError -->
          <reporter-output>
          </reporter-output>
        </test-method> <!-- ForwardVehicleBylicense -->
      </class> <!-- com.bitnei.apitest.testcases.datasend.ForwardVehicleQuery -->
      <class name="com.bitnei.apitest.testcases.datasend.ProtocolAdd">
        <test-method status="PASS" signature="setUp(java.lang.String)[pri:0, instance:com.bitnei.apitest.testcases.datasend.ProtocolAdd@23bb8443]" name="setUp" is-config="true" duration-ms="216" started-at="2019-03-12T10:42:53Z" finished-at="2019-03-12T10:42:53Z">
          <params>
            <param index="0">
              <value>
                <![CDATA[http://bdp-app.bitnei.cn:7788]]>
              </value>
            </param>
          </params>
          <reporter-output>
          </reporter-output>
[...]
        </test-method> <!-- LoginNoName -->
        <test-method status="PASS" signature="afterTest()[pri:0, instance:com.bitnei.apitest.webtestcases.saas.SaasLogin@5606c0b]" name="afterTest" is-config="true" duration-ms="922" started-at="2019-03-12T10:43:22Z" finished-at="2019-03-12T10:43:23Z">
          <reporter-output>
          </reporter-output>
        </test-method> <!-- afterTest -->
        <test-method status="PASS" signature="setUp()[pri:0, instance:com.bitnei.apitest.webtestcases.saas.SaasLogin@5606c0b]" name="setUp" is-config="true" duration-ms="3432" started-at="2019-03-12T10:43:23Z" finished-at="2019-03-12T10:43:26Z">
          <reporter-output>
          </reporter-output>
        </test-method> <!-- setUp -->
        <test-method status="PASS" signature="LoginNoPassWord()[pri:0, instance:com.bitnei.apitest.webtestcases.saas.SaasLogin@5606c0b]" name="LoginNoPassWord" duration-ms="3498" started-at="2019-03-12T10:43:26Z" description="登录失败,请输入密码" finished-at="2019-03-12T10:43:30Z">
          <reporter-output>
          </reporter-output>
        </test-method> <!-- LoginNoPassWord -->
        <test-method status="PASS" signature="afterTest()[pri:0, instance:com.bitnei.apitest.webtestcases.saas.SaasLogin@5606c0b]" name="afterTest" is-config="true" duration-ms="971" started-at="2019-03-12T10:43:30Z" finished-at="2019-03-12T10:43:31Z">
          <reporter-output>
          </reporter-output>
        </test-method> <!-- afterTest -->
        <test-method status="PASS" signature="setUp()[pri:0, instance:com.bitnei.apitest.webtestcases.saas.SaasLogin@5606c0b]" name="setUp" is-config="true" duration-ms="3467" started-at="2019-03-12T10:43:31Z" finished-at="2019-03-12T10:43:34Z">
          <reporter-output>
          </reporter-output>
        </test-method> <!-- setUp -->
        <test-method status="PASS" signature="LoginSucsess()[pri:0, instance:com.bitnei.apitest.webtestcases.saas.SaasLogin@5606c0b]" name="LoginSucsess" duration-ms="9984" started-at="2019-03-12T10:43:34Z" description="登录成功" finished-at="2019-03-12T10:43:44Z">
          <reporter-output>
          </reporter-output>
        </test-method> <!-- LoginSucsess -->
        <test-method status="PASS" signature="afterTest()[pri:0, instance:com.bitnei.apitest.webtestcases.saas.SaasLogin@5606c0b]" name="afterTest" is-config="true" duration-ms="913" started-at="2019-03-12T10:43:44Z" finished-at="2019-03-12T10:43:45Z">
          <reporter-output>
          </reporter-output>
        </test-method> <!-- afterTest -->
      </class> <!-- com.bitnei.apitest.webtestcases.saas.SaasLogin -->
      <class name="com.bitnei.apitest.webtestcases.saas.UserManage">
        <test-method status="PASS" signature="setUp()[pri:0, instance:com.bitnei.apitest.webtestcases.saas.UserManage@80ec1f8]" name="setUp" is-config="true" duration-ms="3484" started-at="2019-03-12T10:43:45Z" finished-at="2019-03-12T10:43:49Z">
          <reporter-output>
          </reporter-output>
        </test-method> <!-- setUp -->
        <test-method status="PASS" signature="LoginToUser()[pri:0, instance:com.bitnei.apitest.webtestcases.saas.UserManage@80ec1f8]" name="LoginToUser" duration-ms="10718" started-at="2019-03-12T10:43:49Z" description="登录成功,跳转页面用户管理页面成功" finished-at="2019-03-12T10:43:59Z">
          <reporter-output>
          </reporter-output>
        </test-method> <!-- LoginToUser -->
        <test-method status="PASS" signature="UserOpen()[pri:1, instance:com.bitnei.apitest.webtestcases.saas.UserManage@80ec1f8]" name="UserOpen" duration-ms="141" started-at="2019-03-12T10:44:07Z" description="登录成功,用户管理页面展示高级查询成功" finished-at="2019-03-12T10:44:08Z">
          <reporter-output>
          </reporter-output>
        </test-method> <!-- UserOpen -->
        <test-method status="PASS" signature="UserQueryByEmail()[pri:2, instance:com.bitnei.apitest.webtestcases.saas.UserManage@80ec1f8]" name="UserQueryByEmail" duration-ms="398" started-at="2019-03-12T10:44:08Z" description="登录成功,用户管理页面按邮箱查询成功" finished-at="2019-03-12T10:44:08Z">
          <reporter-output>
          </reporter-output>
        </test-method> <!-- UserQueryByEmail -->
        <test-method status="PASS" signature="UserDetail()[pri:3, instance:com.bitnei.apitest.webtestcases.saas.UserManage@80ec1f8]" name="UserDetail" duration-ms="155" started-at="2019-03-12T10:44:09Z" description="登录成功,用户管理页面用户详情查看成功" finished-at="2019-03-12T10:44:09Z">
          <reporter-output>
          </reporter-output>
        </test-method> <!-- UserDetail -->
        <test-method status="PASS" signature="GourpQuery()[pri:4, instance:com.bitnei.apitest.webtestcases.saas.UserManage@80ec1f8]" name="GourpQuery" duration-ms="165" started-at="2019-03-12T10:44:09Z" description="登录成功,分组管理查看" finished-at="2019-03-12T10:44:10Z">
          <reporter-output>
          </reporter-output>
        </test-method> <!-- GourpQuery -->
        <test-method status="PASS" signature="PermissionQuery()[pri:5, instance:com.bitnei.apitest.webtestcases.saas.UserManage@80ec1f8]" name="PermissionQuery" duration-ms="155" started-at="2019-03-12T10:44:10Z" description="登录成功,权限管理查看" finished-at="2019-03-12T10:44:10Z">
          <reporter-output>
          </reporter-output>
        </test-method> <!-- PermissionQuery -->
        <test-method status="PASS" signature="afterTest()[pri:0, instance:com.bitnei.apitest.webtestcases.saas.UserManage@80ec1f8]" name="afterTest" is-config="true" duration-ms="1012" started-at="2019-03-12T10:44:10Z" finished-at="2019-03-12T10:44:11Z">
          <reporter-output>
          </reporter-output>
        </test-method> <!-- afterTest -->
      </class> <!-- com.bitnei.apitest.webtestcases.saas.UserManage -->
      <class name="com.bitnei.apitest.testcases.datasend.PlatFormDel">
        <test-method status="PASS" signature="setUp(java.lang.String)[pri:0, instance:com.bitnei.apitest.testcases.datasend.PlatFormDel@3ffcd140]" name="setUp" is-config="true" duration-ms="188" started-at="2019-03-12T10:44:06Z" finished-at="2019-03-12T10:44:06Z">
          <params>
            <param index="0">
              <value>
                <![CDATA[http://bdp-app.bitnei.cn:7788]]>
              </value>
            </param>
          </params>
          <reporter-output>
          </reporter-output>
        </test-method> <!-- setUp -->
        <test-method status="FAIL" signature="PlatFormDelData(java.lang.String)[pri:1, instance:com.bitnei.apitest.testcases.datasend.PlatFormDel@3ffcd140]" name="PlatFormDelData" duration-ms="6" started-at="2019-03-12T10:44:06Z" description="数据转发平台配置删除数据" data-provider="dataprovider1" finished-at="2019-03-12T10:44:06Z">
          <params>
            <param index="0">
              <value>
                <![CDATA[{"status":200,"errorMsg":null,"data":null,"error":false}]]>
              </value>
            </param>
          </params>
          <exception class="org.springframework.beans.factory.BeanDefinitionStoreException">
            <message>
              <![CDATA[Unexpected exception parsing XML document from class path resource [spring-mybatis.xml]; nested exception is java.lang.NoClassDefFoundError: org/w3c/dom/ElementTraversal]]>
            </message>
            <full-stacktrace>
              <![CDATA[org.springframework.beans.factory.BeanDefinitionStoreException: Unexpected exception parsing XML document from class path resource [spring-mybatis.xml]; nested exception is java.lang.NoClassDefFoundError: org/w3c/dom/ElementTraversal
at org.springframework.beans.factory.xml.XmlBeanDefinitionReader.doLoadBeanDefinitions(XmlBeanDefinitionReader.java:412)
at org.springframework.beans.factory.xml.XmlBeanDefinitionReader.loadBeanDefinitions(XmlBeanDefinitionReader.java:334)
at org.springframework.beans.factory.xml.XmlBeanDefinitionReader.loadBeanDefinitions(XmlBeanDefinitionReader.java:302)
at org.springframework.beans.factory.support.AbstractBeanDefinitionReader.loadBeanDefinitions(AbstractBeanDefinitionReader.java:174)
at org.springframework.beans.factory.support.AbstractBeanDefinitionReader.loadBeanDefinitions(AbstractBeanDefinitionReader.java:209)
at org.springframework.beans.factory.support.AbstractBeanDefinitionReader.loadBeanDefinitions(AbstractBeanDefinitionReader.java:180)
at org.springframework.beans.factory.support.AbstractBeanDefinitionReader.loadBeanDefinitions(AbstractBeanDefinitionReader.java:243)
at org.springframework.context.support.AbstractXmlApplicationContext.loadBeanDefinitions(AbstractXmlApplicationContext.java:127)
at org.springframework.context.support.AbstractXmlApplicationContext.loadBeanDefinitions(AbstractXmlApplicationContext.java:93)
at org.springframework.context.support.AbstractRefreshableApplicationContext.refreshBeanFactory(AbstractRefreshableApplicationContext.java:130)
at org.springframework.context.support.AbstractApplicationContext.obtainFreshBeanFactory(AbstractApplicationContext.java:539)
at org.springframework.context.support.AbstractApplicationContext.refresh(AbstractApplicationContext.java:451)
at org.springframework.context.support.ClassPathXmlApplicationContext.<init>(ClassPathXmlApplicationContext.java:139)
at org.springframework.context.support.ClassPathXmlApplicationContext.<init>(ClassPathXmlApplicationContext.java:83)
at com.bitnei.apitest.testcases.datasend.PlatFormDel.PlatFormDelData(PlatFormDel.java:67)
at sun.reflect.NativeMethodAccessorImpl.invoke0(Native Method)
at sun.reflect.NativeMethodAccessorImpl.invoke(NativeMethodAccessorImpl.java:62)
at sun.reflect.DelegatingMethodAccessorImpl.invoke(DelegatingMethodAccessorImpl.java:43)
at java.lang.reflect.Method.invoke(Method.java:498)
at org.testng.internal.MethodInvocationHelper.invokeMethod(MethodInvocationHelper.java:124)
at org.testng.internal.Invoker.invokeMethod(Invoker.java:580)
at org.testng.internal.Invoker.invokeTestMethod(Invoker.java:716)
at org.testng.internal.Invoker.invokeTestMethods(Invoker.java:988)
at org.testng.internal.TestMethodWorker.invokeTestMethods(TestMethodWorker.java:125)
at org.testng.internal.TestMethodWorker.run(TestMethodWorker.java:109)
at java.util.concurrent.ThreadPoolExecutor.runWorker(ThreadPoolExecutor.java:1149)
at java.util.concurrent.ThreadPoolExecutor$Worker.run(ThreadPoolExecutor.java:624)
at java.lang.Thread.run(Thread.java:748)
Caused by: java.lang.NoClassDefFoundError: org/w3c/dom/ElementTraversal
at java.lang.ClassLoader.defineClass1(Native Method)
at java.lang.ClassLoader.defineClass(ClassLoader.java:763)
at java.security.SecureClassLoader.defineClass(SecureClassLoader.java:142)
at java.net.URLClassLoader.defineClass(URLClassLoader.java:468)
at java.net.URLClassLoader.access$100(URLClassLoader.java:74)
at java.net.URLClassLoader$1.run(URLClassLoader.java:369)
at java.net.URLClassLoader$1.run(URLClassLoader.java:363)
at java.security.AccessController.doPrivileged(Native Method)
at java.net.URLClassLoader.findClass(URLClassLoader.java:362)
at java.lang.ClassLoader.loadClass(ClassLoader.java:424)
at sun.misc.Launcher$AppClassLoader.loadClass(Launcher.java:349)
at java.lang.ClassLoader.loadClass(ClassLoader.java:357)
at org.apache.xerces.parsers.AbstractDOMParser.startDocument(Unknown Source)
at org.apache.xerces.impl.xs.XMLSchemaValidator.startDocument(Unknown Source)
at org.apache.xerces.impl.dtd.XMLDTDValidator.startDocument(Unknown Source)
at org.apache.xerces.impl.XMLDocumentScannerImpl.startEntity(Unknown Source)
at org.apache.xerces.impl.XMLVersionDetector.startDocumentParsing(Unknown Source)
at org.apache.xerces.parsers.XML11Configuration.parse(Unknown Source)
at org.apache.xerces.parsers.XML11Configuration.parse(Unknown Source)
at org.apache.xerces.parsers.XMLParser.parse(Unknown Source)
at org.apache.xerces.parsers.DOMParser.parse(Unknown Source)
at org.apache.xerces.jaxp.DocumentBuilderImpl.parse(Unknown Source)
at org.springframework.beans.factory.xml.DefaultDocumentLoader.loadDocument(DefaultDocumentLoader.java:75)
at org.springframework.beans.factory.xml.XmlBeanDefinitionReader.doLoadBeanDefinitions(XmlBeanDefinitionReader.java:388)
... 27 more
Caused by: java.lang.ClassNotFoundException: org.w3c.dom.ElementTraversal
at java.net.URLClassLoader.findClass(URLClassLoader.java:382)
at java.lang.ClassLoader.loadClass(ClassLoader.java:424)
at sun.misc.Launcher$AppClassLoader.loadClass(Launcher.java:349)
at java.lang.ClassLoader.loadClass(ClassLoader.java:357)
... 51 more
]]>
            </full-stacktrace>
          </exception> <!-- org.springframework.beans.factory.BeanDefinitionStoreException -->
          <reporter-output>
          </reporter-output>
        </test-method> <!-- PlatFormDelData -->
      </class> <!-- com.bitnei.apitest.testcases.datasend.PlatFormDel -->
      <class name="com.bitnei.apitest.testcases.datasend.PlatFormUpdate">
        <test-method status="PASS" signature="setUp(java.lang.String)[pri:0, instance:com.bitnei.apitest.testcases.datasend.PlatFormUpdate@3e77a1ed]" name="setUp" is-config="true" duration-ms="182" started-at="2019-03-12T10:44:06Z" finished-at="2019-03-12T10:44:06Z">
          <params>
            <param index="0">
              <value>
                <![CDATA[http://bdp-app.bitnei.cn:7788]]>
              </value>
            </param>
          </params>
          <reporter-output>
          </reporter-output>
        </test-method> <!-- setUp -->
        <test-method status="FAIL" signature="PlatFormModify(java.lang.String)[pri:1, instance:com.bitnei.apitest.testcases.datasend.PlatFormUpdate@3e77a1ed]" name="PlatFormModify" duration-ms="12" started-at="2019-03-12T10:44:06Z" description="数据转发平台配置修改数据" data-provider="dataprovider1" finished-at="2019-03-12T10:44:06Z">
          <params>
            <param index="0">
              <value>
                <![CDATA[{"status":200,"errorMsg":null,"data":null,"error":false}]]>
              </value>
            </param>
          </params>
          <exception class="org.springframework.beans.factory.BeanDefinitionStoreException">
            <message>
              <![CDATA[Unexpected exception parsing XML document from class path resource [spring-mybatis.xml]; nested exception is java.lang.NoClassDefFoundError: org/w3c/dom/ElementTraversal]]>
            </message>
            <full-stacktrace>
              <![CDATA[org.springframework.beans.factory.BeanDefinitionStoreException: Unexpected exception parsing XML document from class path resource [spring-mybatis.xml]; nested exception is java.lang.NoClassDefFoundError: org/w3c/dom/ElementTraversal
at org.springframework.beans.factory.xml.XmlBeanDefinitionReader.doLoadBeanDefinitions(XmlBeanDefinitionReader.java:412)
at org.springframework.beans.factory.xml.XmlBeanDefinitionReader.loadBeanDefinitions(XmlBeanDefinitionReader.java:334)
at org.springframework.beans.factory.xml.XmlBeanDefinitionReader.loadBeanDefinitions(XmlBeanDefinitionReader.java:302)
at org.springframework.beans.factory.support.AbstractBeanDefinitionReader.loadBeanDefinitions(AbstractBeanDefinitionReader.java:174)
at org.springframework.beans.factory.support.AbstractBeanDefinitionReader.loadBeanDefinitions(AbstractBeanDefinitionReader.java:209)
at org.springframework.beans.factory.support.AbstractBeanDefinitionReader.loadBeanDefinitions(AbstractBeanDefinitionReader.java:180)
at org.springframework.beans.factory.support.AbstractBeanDefinitionReader.loadBeanDefinitions(AbstractBeanDefinitionReader.java:243)
at org.springframework.context.support.AbstractXmlApplicationContext.loadBeanDefinitions(AbstractXmlApplicationContext.java:127)
at org.springframework.context.support.AbstractXmlApplicationContext.loadBeanDefinitions(AbstractXmlApplicationContext.java:93)
at org.springframework.context.support.AbstractRefreshableApplicationContext.refreshBeanFactory(AbstractRefreshableApplicationContext.java:130)
at org.springframework.context.support.AbstractApplicationContext.obtainFreshBeanFactory(AbstractApplicationContext.java:539)
at org.springframework.context.support.AbstractApplicationContext.refresh(AbstractApplicationContext.java:451)
at org.springframework.context.support.ClassPathXmlApplicationContext.<init>(ClassPathXmlApplicationContext.java:139)
at org.springframework.context.support.ClassPathXmlApplicationContext.<init>(ClassPathXmlApplicationContext.java:83)
at com.bitnei.apitest.testcases.datasend.PlatFormUpdate.PlatFormModify(PlatFormUpdate.java:66)
at sun.reflect.NativeMethodAccessorImpl.invoke0(Native Method)
at sun.reflect.NativeMethodAccessorImpl.invoke(NativeMethodAccessorImpl.java:62)
at sun.reflect.DelegatingMethodAccessorImpl.invoke(DelegatingMethodAccessorImpl.java:43)
at java.lang.reflect.Method.invoke(Method.java:498)
at org.testng.internal.MethodInvocationHelper.invokeMethod(MethodInvocationHelper.java:124)
at org.testng.internal.Invoker.invokeMethod(Invoker.java:580)
at org.testng.internal.Invoker.invokeTestMethod(Invoker.java:716)
at org.testng.internal.Invoker.invokeTestMethods(Invoker.java:988)
at org.testng.internal.TestMethodWorker.invokeTestMethods(TestMethodWorker.java:125)
at org.testng.internal.TestMethodWorker.run(TestMethodWorker.java:109)
at java.util.concurrent.ThreadPoolExecutor.runWorker(ThreadPoolExecutor.java:1149)
at java.util.concurrent.ThreadPoolExecutor$Worker.run(ThreadPoolExecutor.java:624)
at java.lang.Thread.run(Thread.java:748)
Caused by: java.lang.NoClassDefFoundError: org/w3c/dom/ElementTraversal
at java.lang.ClassLoader.defineClass1(Native Method)
at java.lang.ClassLoader.defineClass(ClassLoader.java:763)
at java.security.SecureClassLoader.defineClass(SecureClassLoader.java:142)
at java.net.URLClassLoader.defineClass(URLClassLoader.java:468)
at java.net.URLClassLoader.access$100(URLClassLoader.java:74)
at java.net.URLClassLoader$1.run(URLClassLoader.java:369)
at java.net.URLClassLoader$1.run(URLClassLoader.java:363)
at java.security.AccessController.doPrivileged(Native Method)
at java.net.URLClassLoader.findClass(URLClassLoader.java:362)
at java.lang.ClassLoader.loadClass(ClassLoader.java:424)
at sun.misc.Launcher$AppClassLoader.loadClass(Launcher.java:349)
at java.lang.ClassLoader.loadClass(ClassLoader.java:357)
at org.apache.xerces.parsers.AbstractDOMParser.startDocument(Unknown Source)
at org.apache.xerces.impl.xs.XMLSchemaValidator.startDocument(Unknown Source)
at org.apache.xerces.impl.dtd.XMLDTDValidator.startDocument(Unknown Source)
at org.apache.xerces.impl.XMLDocumentScannerImpl.startEntity(Unknown Source)
at org.apache.xerces.impl.XMLVersionDetector.startDocumentParsing(Unknown Source)
at org.apache.xerces.parsers.XML11Configuration.parse(Unknown Source)
at org.apache.xerces.parsers.XML11Configuration.parse(Unknown Source)
at org.apache.xerces.parsers.XMLParser.parse(Unknown Source)
at org.apache.xerces.parsers.DOMParser.parse(Unknown Source)
at org.apache.xerces.jaxp.DocumentBuilderImpl.parse(Unknown Source)
at org.springframework.beans.factory.xml.DefaultDocumentLoader.loadDocument(DefaultDocumentLoader.java:75)
at org.springframework.beans.factory.xml.XmlBeanDefinitionReader.doLoadBeanDefinitions(XmlBeanDefinitionReader.java:388)
... 27 more
Caused by: java.lang.ClassNotFoundException: org.w3c.dom.ElementTraversal
at java.net.URLClassLoader.findClass(URLClassLoader.java:382)
at java.lang.ClassLoader.loadClass(ClassLoader.java:424)
at sun.misc.Launcher$AppClassLoader.loadClass(Launcher.java:349)
at java.lang.ClassLoader.loadClass(ClassLoader.java:357)
... 51 more
]]>
            </full-stacktrace>
          </exception> <!-- org.springframework.beans.factory.BeanDefinitionStoreException -->
          <reporter-output>
          </reporter-output>
        </test-method> <!-- PlatFormModify -->
      </class> <!-- com.bitnei.apitest.testcases.datasend.PlatFormUpdate -->
    </test> <!-- APITEST -->
  </suite> <!-- apitest -->
</testng-results>
