<?xml version="1.0" encoding="UTF-8"?>
<testng-results skipped="0" failed="1" ignored="0" total="2" passed="1">
  <reporter-output>
  </reporter-output>
  <suite name="Default suite" duration-ms="2934" started-at="2019-01-04T08:57:04Z" finished-at="2019-01-04T08:57:07Z">
    <groups>
    </groups>
    <test name="Default test" duration-ms="2934" started-at="2019-01-04T08:57:04Z" finished-at="2019-01-04T08:57:07Z">
      <class name="com.bitnei.apitest.testcases.PostVehicles">
        <test-method status="PASS" signature="setUp()[pri:0, instance:com.bitnei.apitest.testcases.PostVehicles@5ce81285]" name="setUp" is-config="true" duration-ms="682" started-at="2019-01-04T08:57:04Z" finished-at="2019-01-04T08:57:05Z">
          <reporter-output>
          </reporter-output>
        </test-method> <!-- setUp -->
        <test-method status="PASS" signature="postVehiclesForStatus(java.lang.String)[pri:0, instance:com.bitnei.apitest.testcases.PostVehicles@5ce81285]" name="postVehiclesForStatus" duration-ms="1558" started-at="2019-01-04T08:57:05Z" description="获取车辆列表,判断返回200" data-provider="dataprovider1" finished-at="2019-01-04T08:57:06Z">
          <params>
            <param index="0">
              <value>
                <![CDATA[{"status":20,"errorMsg":null,"data":{"total":2,"list":[{"id":"21","vin":"LS4AAB3C0GG700008"}]},"error":true}]]>
              </value>
            </param>
          </params>
          <reporter-output>
          </reporter-output>
        </test-method> <!-- postVehiclesForStatus -->
        <test-method status="FAIL" signature="PostVehiclesByVin(java.lang.String)[pri:1, instance:com.bitnei.apitest.testcases.PostVehicles@5ce81285]" name="PostVehiclesByVin" duration-ms="651" started-at="2019-01-04T08:57:06Z" description="获取车辆列表通VIN查询" data-provider="dataprovider1" finished-at="2019-01-04T08:57:07Z">
          <params>
            <param index="0">
              <value>
                <![CDATA[{"status":20,"errorMsg":null,"data":{"total":2,"list":[{"id":"21","vin":"LS4AAB3C0GG700008"}]},"error":true}]]>
              </value>
            </param>
          </params>
          <exception class="java.lang.AssertionError">
            <message>
              <![CDATA[expected [{}] but found [{"status":{"currentValue is ":200,"expectedValue is":20},"total":{"currentValue is ":0,"expectedValue is":2},"Length":{"actualLenth":0,"expectLenth":1},"error":{"currentValue is ":false,"expectedValue is":true}}]]]>
            </message>
            <full-stacktrace>
              <![CDATA[java.lang.AssertionError: expected [{}] but found [{"status":{"currentValue is ":200,"expectedValue is":20},"total":{"currentValue is ":0,"expectedValue is":2},"Length":{"actualLenth":0,"expectLenth":1},"error":{"currentValue is ":false,"expectedValue is":true}}]
at org.testng.Assert.fail(Assert.java:96)
at org.testng.Assert.failNotEquals(Assert.java:776)
at org.testng.Assert.assertEqualsImpl(Assert.java:137)
at org.testng.Assert.assertEquals(Assert.java:118)
at org.testng.Assert.assertEquals(Assert.java:453)
at org.testng.Assert.assertEquals(Assert.java:463)
at com.bitnei.apitest.testcases.PostVehicles.PostVehiclesByVin(PostVehicles.java:90)
at sun.reflect.NativeMethodAccessorImpl.invoke0(Native Method)
at sun.reflect.NativeMethodAccessorImpl.invoke(Unknown Source)
at sun.reflect.DelegatingMethodAccessorImpl.invoke(Unknown Source)
at java.lang.reflect.Method.invoke(Unknown Source)
at org.testng.internal.MethodInvocationHelper.invokeMethod(MethodInvocationHelper.java:124)
at org.testng.internal.Invoker.invokeMethod(Invoker.java:580)
at org.testng.internal.Invoker.invokeTestMethod(Invoker.java:716)
at org.testng.internal.Invoker.invokeTestMethods(Invoker.java:988)
at org.testng.internal.TestMethodWorker.invokeTestMethods(TestMethodWorker.java:125)
at org.testng.internal.TestMethodWorker.run(TestMethodWorker.java:109)
at org.testng.TestRunner.privateRun(TestRunner.java:648)
at org.testng.TestRunner.run(TestRunner.java:505)
at org.testng.SuiteRunner.runTest(SuiteRunner.java:455)
at org.testng.SuiteRunner.runSequentially(SuiteRunner.java:450)
at org.testng.SuiteRunner.privateRun(SuiteRunner.java:415)
at org.testng.SuiteRunner.run(SuiteRunner.java:364)
at org.testng.SuiteRunnerWorker.runSuite(SuiteRunnerWorker.java:52)
at org.testng.SuiteRunnerWorker.run(SuiteRunnerWorker.java:84)
at org.testng.TestNG.runSuitesSequentially(TestNG.java:1208)
at org.testng.TestNG.runSuitesLocally(TestNG.java:1137)
at org.testng.TestNG.runSuites(TestNG.java:1049)
at org.testng.TestNG.run(TestNG.java:1017)
at org.testng.remote.AbstractRemoteTestNG.run(AbstractRemoteTestNG.java:114)
at org.testng.remote.RemoteTestNG.initAndRun(RemoteTestNG.java:251)
at org.testng.remote.RemoteTestNG.main(RemoteTestNG.java:77)
]]>
            </full-stacktrace>
          </exception> <!-- java.lang.AssertionError -->
          <reporter-output>
          </reporter-output>
        </test-method> <!-- PostVehiclesByVin -->
      </class> <!-- com.bitnei.apitest.testcases.PostVehicles -->
    </test> <!-- Default test -->
  </suite> <!-- Default suite -->
</testng-results>
