<?xml version="1.0" encoding="UTF-8"?>
<testng-results skipped="0" failed="0" ignored="0" total="3" passed="3">
  <reporter-output>
  </reporter-output>
  <suite name="apitest" duration-ms="4706" started-at="2019-03-25T09:35:09Z" finished-at="2019-03-25T09:35:14Z">
    <groups>
    </groups>
    <test name="Default test" duration-ms="4706" started-at="2019-03-25T09:35:09Z" finished-at="2019-03-25T09:35:14Z">
      <class name="com.bitnei.apitest.testcases.bidash.SchemeAdd">
        <test-method status="PASS" signature="setUp(java.lang.String)[pri:0, instance:com.bitnei.apitest.testcases.bidash.SchemeAdd@3bd94634]" name="setUp" is-config="true" duration-ms="1161" started-at="2019-03-25T09:35:09Z" finished-at="2019-03-25T09:35:10Z">
          <params>
            <param index="0">
              <value>
                <![CDATA[http://bdp-app.bitnei.cn:7789]]>
              </value>
            </param>
          </params>
          <reporter-output>
          </reporter-output>
        </test-method> <!-- setUp -->
        <test-method status="PASS" signature="SchemeAddData(java.lang.String)[pri:0, instance:com.bitnei.apitest.testcases.bidash.SchemeAdd@3bd94634]" name="SchemeAddData" duration-ms="472" started-at="2019-03-25T09:35:10Z" description="配置后台新增方案" data-provider="dataprovider1" finished-at="2019-03-25T09:35:11Z">
          <params>
            <param index="0">
              <value>
                <![CDATA[{"status":200,"errorMsg":null,"data":null,"error":false}]]>
              </value>
            </param>
          </params>
          <reporter-output>
          </reporter-output>
        </test-method> <!-- SchemeAddData -->
        <test-method status="PASS" signature="SchemeAddDataRep(java.lang.String)[pri:1, instance:com.bitnei.apitest.testcases.bidash.SchemeAdd@3bd94634]" name="SchemeAddDataRep" duration-ms="264" started-at="2019-03-25T09:35:11Z" description="配置后台新增方案名称重复" data-provider="dataprovider2" finished-at="2019-03-25T09:35:11Z">
          <params>
            <param index="0">
              <value>
                <![CDATA[{"status":500,"errorMsg":"该方案名称已经存在！！！","data":null,"error":true}]]>
              </value>
            </param>
          </params>
          <reporter-output>
          </reporter-output>
        </test-method> <!-- SchemeAddDataRep -->
        <test-method status="PASS" signature="SchemeDeleteData(java.lang.String)[pri:2, instance:com.bitnei.apitest.testcases.bidash.SchemeAdd@3bd94634]" name="SchemeDeleteData" duration-ms="2779" started-at="2019-03-25T09:35:11Z" description="配置后台删除方案" data-provider="dataprovider1" finished-at="2019-03-25T09:35:14Z">
          <params>
            <param index="0">
              <value>
                <![CDATA[{"status":200,"errorMsg":null,"data":null,"error":false}]]>
              </value>
            </param>
          </params>
          <reporter-output>
          </reporter-output>
        </test-method> <!-- SchemeDeleteData -->
      </class> <!-- com.bitnei.apitest.testcases.bidash.SchemeAdd -->
    </test> <!-- Default test -->
  </suite> <!-- apitest -->
</testng-results>
