<?xml version="1.0" encoding="UTF-8"?>
<testng-results skipped="0" failed="0" ignored="0" total="1" passed="1">
  <reporter-output>
  </reporter-output>
  <suite name="apitest" duration-ms="27084" started-at="2019-09-23T03:00:47Z" finished-at="2019-09-23T03:01:14Z">
    <groups>
    </groups>
    <test name="Default test" duration-ms="27084" started-at="2019-09-23T03:00:47Z" finished-at="2019-09-23T03:01:14Z">
      <class name="com.bitnei.selenium.testcase.UserRole">
        <test-method status="PASS" signature="setUp(java.lang.String, java.lang.String)[pri:0, instance:com.bitnei.selenium.testcase.UserRole@4b9e255]" name="setUp" is-config="true" duration-ms="789" started-at="2019-09-23T03:00:47Z" finished-at="2019-09-23T03:00:47Z">
          <params>
            <param index="0">
              <value>
                <![CDATA[http://test-saas.bitnei.cn]]>
              </value>
            </param>
            <param index="1">
              <value>
                <![CDATA[src/main/resources/DATA.xlsx]]>
              </value>
            </param>
          </params>
          <reporter-output>
          </reporter-output>
        </test-method> <!-- setUp -->
        <test-method status="PASS" signature="User(java.lang.String, java.lang.String, java.lang.String, java.lang.String, java.lang.String)[pri:0, instance:com.bitnei.selenium.testcase.UserRole@4b9e255]" name="User" duration-ms="25078" started-at="2019-09-23T03:00:47Z" description="用户登录点击用户管理" data-provider="dp" finished-at="2019-09-23T03:01:13Z">
          <params>
            <param index="0">
              <value>
                <![CDATA[登录成功]]>
              </value>
            </param>
            <param index="1">
              <value>
                <![CDATA[/passport/login]]>
              </value>
            </param>
            <param index="2">
              <value>
                <![CDATA[zhanghailong@bitnei.cn>>abc123]]>
              </value>
            </param>
            <param index="3">
              <value>
                <![CDATA[/html/body/app/changan-layout/div/header/nav/div[1]/a[2]]]>
              </value>
            </param>
            <param index="4">
              <value>
                <![CDATA[智能网联汽车大数据云平台]]>
              </value>
            </param>
          </params>
          <reporter-output>
          </reporter-output>
        </test-method> <!-- User -->
        <test-method status="PASS" signature="afterTest()[pri:0, instance:com.bitnei.selenium.testcase.UserRole@4b9e255]" name="afterTest" is-config="true" duration-ms="1167" started-at="2019-09-23T03:01:13Z" finished-at="2019-09-23T03:01:14Z">
          <reporter-output>
          </reporter-output>
        </test-method> <!-- afterTest -->
      </class> <!-- com.bitnei.selenium.testcase.UserRole -->
    </test> <!-- Default test -->
  </suite> <!-- apitest -->
</testng-results>
