<?xml version="1.0" encoding="UTF-8"?>
<testng-results skipped="0" failed="0" ignored="0" total="1" passed="1">
  <reporter-output>
  </reporter-output>
  <suite name="apitest" duration-ms="2367" started-at="2019-09-19T09:38:05Z" finished-at="2019-09-19T09:38:07Z">
    <groups>
    </groups>
    <test name="Default test" duration-ms="2367" started-at="2019-09-19T09:38:05Z" finished-at="2019-09-19T09:38:07Z">
      <class name="com.bitnei.apitest.testcases.saas.UserInfoQueryByExcel">
        <test-method status="PASS" signature="setUp(java.lang.String, java.lang.String)[pri:0, instance:com.bitnei.apitest.testcases.saas.UserInfoQueryByExcel@50de0926]" name="setUp" is-config="true" duration-ms="968" started-at="2019-09-19T09:38:05Z" finished-at="2019-09-19T09:38:06Z">
          <params>
            <param index="0">
              <value>
                <![CDATA[http://test-saas.bitnei.cn]]>
              </value>
            </param>
            <param index="1">
              <value>
                <![CDATA[D:\\TEST.xlsx]]>
              </value>
            </param>
          </params>
          <reporter-output>
          </reporter-output>
        </test-method> <!-- setUp -->
        <test-method status="PASS" signature="UserInfoQueryData(java.lang.String, java.lang.String, java.lang.String, java.lang.String)[pri:0, instance:com.bitnei.apitest.testcases.saas.UserInfoQueryByExcel@50de0926]" name="UserInfoQueryData" duration-ms="1339" started-at="2019-09-19T09:38:06Z" description="saas平台用户查询" data-provider="dp" finished-at="2019-09-19T09:38:07Z">
          <params>
            <param index="0">
              <value>
                <![CDATA[用户管理查询]]>
              </value>
            </param>
            <param index="1">
              <value>
                <![CDATA[/user-center/userInfo/userWithRoles]]>
              </value>
            </param>
            <param index="2">
              <value>
                <![CDATA[{"createTimeRange":{"from":"","to":""},"email":"","mobile":"","nickName":"hangang","origin":"","status":"","userRole":""}]]>
              </value>
            </param>
            <param index="3">
              <value>
                <![CDATA[{"status":200,"errorMsg":null,"data":[{"id":"c2da7bb67b354e32b140fa4676310de1","username":"hangang@bitnei.cn","nickName":"hangang","email":"hangang@bitnei.cn","mobile":"133****2222","password":"N/A","title":"test","status":"ACTIVE","createBy":"hangang@bitnei.cn","createTime":"2019-09-16 13:50:38","tenant":"bitnei-cn","origin":"APPLY","admin":false,"super":false}],"error":false}]]>
              </value>
            </param>
          </params>
          <reporter-output>
          </reporter-output>
        </test-method> <!-- UserInfoQueryData -->
      </class> <!-- com.bitnei.apitest.testcases.saas.UserInfoQueryByExcel -->
    </test> <!-- Default test -->
  </suite> <!-- apitest -->
</testng-results>
