<?xml version="1.0" encoding="UTF-8"?>
<testng-results skipped="0" failed="0" ignored="0" total="5" passed="5">
  <reporter-output>
  </reporter-output>
  <suite name="apitest" duration-ms="43980" started-at="2020-01-09T09:51:31Z" finished-at="2020-01-09T09:52:15Z">
    <groups>
    </groups>
    <test name="Default test" duration-ms="43980" started-at="2020-01-09T09:51:31Z" finished-at="2020-01-09T09:52:15Z">
      <class name="com.bitnei.apitest.testcases.saas.TestGeodeData">
        <test-method status="PASS" signature="setUp(java.lang.String, java.lang.String)[pri:0, instance:com.bitnei.apitest.testcases.saas.TestGeodeData@50de0926]" name="setUp" is-config="true" duration-ms="894" started-at="2020-01-09T09:51:31Z" finished-at="2020-01-09T09:51:32Z">
          <params>
            <param index="0">
              <value>
                <![CDATA[http://10.10.21.70:7070]]>
              </value>
            </param>
            <param index="1">
              <value>
                <![CDATA[src/main/resources/TEST.xlsx]]>
              </value>
            </param>
          </params>
          <reporter-output>
          </reporter-output>
        </test-method> <!-- setUp -->
        <test-method status="PASS" signature="UserInfoRgisterData(java.lang.String, java.lang.String, java.lang.String, java.lang.String)[pri:0, instance:com.bitnei.apitest.testcases.saas.TestGeodeData@50de0926]" name="UserInfoRgisterData" duration-ms="5122" started-at="2020-01-09T09:51:32Z" description="geode数据验证" data-provider="dp" finished-at="2020-01-09T09:51:37Z">
          <params>
            <param index="0">
              <value>
                <![CDATA[车辆总数]]>
              </value>
            </param>
            <param index="1">
              <value>
                <![CDATA[/pulse/dataBrowserQuery]]>
              </value>
            </param>
            <param index="2">
              <value>
                <![CDATA[?query=select+count(1)+from+%2Fveh_realinfo+limit++1%3B&members=&limit=0&_=1578559299715]]>
              </value>
            </param>
            <param index="3">
              <value>
                <![CDATA[{"result":[["java.lang.Integer",2255219]]}]]>
              </value>
            </param>
          </params>
          <reporter-output>
          </reporter-output>
        </test-method> <!-- UserInfoRgisterData -->
        <test-method status="PASS" signature="UserInfoRgisterData(java.lang.String, java.lang.String, java.lang.String, java.lang.String)[pri:0, instance:com.bitnei.apitest.testcases.saas.TestGeodeData@50de0926]" name="UserInfoRgisterData" duration-ms="7874" started-at="2020-01-09T09:51:37Z" description="geode数据验证" data-provider="dp" finished-at="2020-01-09T09:51:45Z">
          <params>
            <param index="0">
              <value>
                <![CDATA[车速度大于220]]>
              </value>
            </param>
            <param index="1">
              <value>
                <![CDATA[/pulse/dataBrowserQuery]]>
              </value>
            </param>
            <param index="2">
              <value>
                <![CDATA[?query=select+count(1)+from+%2Fveh_realinfo+where+speed+%3E+220+limit+1&members=&limit=0&_=1578563123416]]>
              </value>
            </param>
            <param index="3">
              <value>
                <![CDATA[{"result":[["java.lang.Integer",86]]}]]>
              </value>
            </param>
          </params>
          <reporter-output>
          </reporter-output>
        </test-method> <!-- UserInfoRgisterData -->
        <test-method status="PASS" signature="UserInfoRgisterData(java.lang.String, java.lang.String, java.lang.String, java.lang.String)[pri:0, instance:com.bitnei.apitest.testcases.saas.TestGeodeData@50de0926]" name="UserInfoRgisterData" duration-ms="8232" started-at="2020-01-09T09:51:45Z" description="geode数据验证" data-provider="dp" finished-at="2020-01-09T09:51:53Z">
          <params>
            <param index="0">
              <value>
                <![CDATA[里程表大于200000]]>
              </value>
            </param>
            <param index="1">
              <value>
                <![CDATA[/pulse/dataBrowserQuery]]>
              </value>
            </param>
            <param index="2">
              <value>
                <![CDATA[?query=select+count(1)+from+%2Fveh_realinfo+where+mileage%3E200000+limit+1&members=&limit=0&_=1578563187896]]>
              </value>
            </param>
            <param index="3">
              <value>
                <![CDATA[{"result":[["java.lang.Integer",15507]]}]]>
              </value>
            </param>
          </params>
          <reporter-output>
          </reporter-output>
        </test-method> <!-- UserInfoRgisterData -->
        <test-method status="PASS" signature="UserInfoRgisterData(java.lang.String, java.lang.String, java.lang.String, java.lang.String)[pri:0, instance:com.bitnei.apitest.testcases.saas.TestGeodeData@50de0926]" name="UserInfoRgisterData" duration-ms="14527" started-at="2020-01-09T09:51:53Z" description="geode数据验证" data-provider="dp" finished-at="2020-01-09T09:52:08Z">
          <params>
            <param index="0">
              <value>
                <![CDATA[位置坐标异常]]>
              </value>
            </param>
            <param index="1">
              <value>
                <![CDATA[/pulse/dataBrowserQuery]]>
              </value>
            </param>
            <param index="2">
              <value>
                <![CDATA[?query=select+count(1)+from+%2Fveh_realinfo+where+lng+%3C73.66+or+lng+%3E135.05+or+lat+%3C+3.86+or+lat+%3E53.55+limit+1&members=&limit=0&_=1578563382007]]>
              </value>
            </param>
            <param index="3">
              <value>
                <![CDATA[{"result":[["java.lang.Integer",374583]]}]]>
              </value>
            </param>
          </params>
          <reporter-output>
          </reporter-output>
        </test-method> <!-- UserInfoRgisterData -->
        <test-method status="PASS" signature="UserInfoRgisterData(java.lang.String, java.lang.String, java.lang.String, java.lang.String)[pri:0, instance:com.bitnei.apitest.testcases.saas.TestGeodeData@50de0926]" name="UserInfoRgisterData" duration-ms="7282" started-at="2020-01-09T09:52:08Z" description="geode数据验证" data-provider="dp" finished-at="2020-01-09T09:52:15Z">
          <params>
            <param index="0">
              <value>
                <![CDATA[位置坐标为0,0]]>
              </value>
            </param>
            <param index="1">
              <value>
                <![CDATA[/pulse/dataBrowserQuery]]>
              </value>
            </param>
            <param index="2">
              <value>
                <![CDATA[?query=select+count(1)+from+%2Fveh_realinfo+where+lng%3D0+and+lat%3D0+limit+1&members=&limit=0&_=1578563056235]]>
              </value>
            </param>
            <param index="3">
              <value>
                <![CDATA[{"result":[["java.lang.Integer",369622]]}]]>
              </value>
            </param>
          </params>
          <reporter-output>
          </reporter-output>
        </test-method> <!-- UserInfoRgisterData -->
      </class> <!-- com.bitnei.apitest.testcases.saas.TestGeodeData -->
    </test> <!-- Default test -->
  </suite> <!-- apitest -->
</testng-results>
