<?xml version="1.0" encoding="UTF-8"?>
<testng-results skipped="0" failed="0" ignored="0" total="16" passed="16">
  <reporter-output>
  </reporter-output>
  <suite name="apitest" duration-ms="18490" started-at="2021-04-29T03:34:29Z" finished-at="2021-04-29T03:34:48Z">
    <groups>
    </groups>
    <test name="Default test" duration-ms="18490" started-at="2021-04-29T03:34:29Z" finished-at="2021-04-29T03:34:48Z">
      <class name="com.bitnei.apitest.testcases.saas.GetInsurance">
        <test-method status="PASS" signature="setUp(java.lang.String, java.lang.String)[pri:0, instance:com.bitnei.apitest.testcases.saas.GetInsurance@f4168b8]" name="setUp" is-config="true" duration-ms="17863" started-at="2021-04-29T03:34:29Z" finished-at="2021-04-29T03:34:47Z">
          <params>
            <param index="0">
              <value>
                <![CDATA[http://test-saas.bitnei.cn]]>
              </value>
            </param>
            <param index="1">
              <value>
                <![CDATA[src/main/resources/TEST.xlsx]]>
              </value>
            </param>
          </params>
          <reporter-output>
          </reporter-output>
        </test-method> <!-- setUp -->
        <test-method status="PASS" signature="Insurance(java.lang.String, java.lang.String, java.lang.String, java.lang.String, java.lang.String, java.lang.String)[pri:0, instance:com.bitnei.apitest.testcases.saas.GetInsurance@f4168b8]" name="Insurance" duration-ms="49" started-at="2021-04-29T03:34:47Z" description="openapi接口" data-provider="dp" finished-at="2021-04-29T03:34:47Z">
          <params>
            <param index="0">
              <value>
                <![CDATA[精励联讯保险调用正常--LGXCE6CB5J0172639]]>
              </value>
            </param>
            <param index="1">
              <value>
                <![CDATA[/external-api/vrm/genilex/insurance/lable?]]>
              </value>
            </param>
            <param index="2">
              <value>
                <![CDATA[vin=XWUvbK5%2B1o33MmFTkmtbkNZXbF69N3LkTuEh3wY37Be2gWLpBDmVaQThtG2bL7KuVNK%2FroIKMYPuctqSTYG5rh4nqIcZ9Cf7A49gCDVI51xqMWofmRno1WbAQp5oHzk6pKE5eHujcxlu5WSVns37J%2FK7UyJXB4030pJPhVvkB00%3D&customerId=123]]>
              </value>
            </param>
            <param index="3">
              <value>
                <![CDATA[wVOxnIgnXu1wZzDG+JGwr9q32wUgCNRFM32FzAa1bLHN3fxg5IH8DJiuMPZkel4fh8f5aXEpoIENwHV3vuIzn/GCAP82hXiTmb1gFM4KZ9jTcE4HeU2pW6z6mfwagUv1RpWrQ236YNtI1wdyyFQSaQgDesatiQD/eTa5f/+bj3g=]]>
              </value>
            </param>
            <param index="4">
              <value>
                <![CDATA[1596527919336]]>
              </value>
            </param>
            <param index="5">
              <value>
                <![CDATA[{"status":200,"errorMsg":null,"data":{"risk_score":30.61,"mileage_12":4.0,"mileage_24":1.0,"mileage_36":0.0},"error":false,"code":"10000"}]]>
              </value>
            </param>
          </params>
          <reporter-output>
          </reporter-output>
        </test-method> <!-- Insurance -->
        <test-method status="PASS" signature="Insurance(java.lang.String, java.lang.String, java.lang.String, java.lang.String, java.lang.String, java.lang.String)[pri:0, instance:com.bitnei.apitest.testcases.saas.GetInsurance@f4168b8]" name="Insurance" duration-ms="33" started-at="2021-04-29T03:34:47Z" description="openapi接口" data-provider="dp" finished-at="2021-04-29T03:34:47Z">
          <params>
            <param index="0">
              <value>
                <![CDATA[精励联讯保险车架号与车牌号至少传一个]]>
              </value>
            </param>
            <param index="1">
              <value>
                <![CDATA[/external-api/vrm/genilex/insurance/lable?]]>
              </value>
            </param>
            <param index="2">
              <value>
                <![CDATA[customerId=123]]>
              </value>
            </param>
            <param index="3">
              <value>
                <![CDATA[UvgSk2dsQjj4A5nsVlvEUuJSMveTKY2Zx67HuWCDkGAmInoi2pjnVMHZm3cLA7OHlpQSMy2/X+OiFyN0RkMKPP1LlHaJvNAQV24zf102/eAj4I3QbL39yFbtEVs0mhS30zgduraATJ0uYrPzim0mzc8PhbX+RV4cm/1V49w7ycc=]]>
              </value>
            </param>
            <param index="4">
              <value>
                <![CDATA[1584339230681]]>
              </value>
            </param>
            <param index="5">
              <value>
                <![CDATA[{"status":200,"errorMsg":"参数vin、licensePlate至少传一个","data":null,"error":true,"code":"30001"}]]>
              </value>
            </param>
          </params>
          <reporter-output>
          </reporter-output>
        </test-method> <!-- Insurance -->
        <test-method status="PASS" signature="Insurance(java.lang.String, java.lang.String, java.lang.String, java.lang.String, java.lang.String, java.lang.String)[pri:0, instance:com.bitnei.apitest.testcases.saas.GetInsurance@f4168b8]" name="Insurance" duration-ms="33" started-at="2021-04-29T03:34:47Z" description="openapi接口" data-provider="dp" finished-at="2021-04-29T03:34:47Z">
          <params>
            <param index="0">
              <value>
                <![CDATA[精励联讯保险查询vin无数据]]>
              </value>
            </param>
            <param index="1">
              <value>
                <![CDATA[/external-api/vrm/genilex/insurance/lable?]]>
              </value>
            </param>
            <param index="2">
              <value>
                <![CDATA[vin=KaXkK8k5Y3zhSSW1acBVm%2B%2BWOr5Kp8s1t5EWLAcftir1564%2BhsEdTemSjtk18KasjykZDWNshvLFIiQH1jazsVUVlojvthvy6fXe34g1Gsdx6a3hFB6XYxLFjAL%2Fq2wG5LU0yvZrToV8mXOnUOKRTFJTfV1WoQF0B%2F4E6Or4tXk%3D&customerId=123]]>
              </value>
            </param>
            <param index="3">
              <value>
                <![CDATA[oa1rG573rgsTa5xbgSfniR5kCjHxZZeuzAXJjZP5AdXwg5Kd4sjzMXipeLojJpa6vwY8d0Xpui2JdwBBeawWogi6XSCCyMJBiWr+fkrcac7r7ctU+cu357bpam4ARq16POBxApw3H/WaKTeWOfF+siVsIcFbMxIn6EkVahCtw5w=]]>
              </value>
            </param>
            <param index="4">
              <value>
                <![CDATA[1584343514140]]>
              </value>
            </param>
            <param index="5">
              <value>
                <![CDATA[{"status":200,"errorMsg":null,"data":null,"error":false,"code":"35000"}]]>
              </value>
            </param>
          </params>
          <reporter-output>
          </reporter-output>
        </test-method> <!-- Insurance -->
        <test-method status="PASS" signature="Insurance(java.lang.String, java.lang.String, java.lang.String, java.lang.String, java.lang.String, java.lang.String)[pri:0, instance:com.bitnei.apitest.testcases.saas.GetInsurance@f4168b8]" name="Insurance" duration-ms="57" started-at="2021-04-29T03:34:47Z" description="openapi接口" data-provider="dp" finished-at="2021-04-29T03:34:47Z">
          <params>
            <param index="0">
              <value>
                <![CDATA[平安保险核保标签查询正常vin为LGXC76C3XJ0108468]]>
              </value>
            </param>
            <param index="1">
              <value>
                <![CDATA[/external-api/vrm/insurance/lable?]]>
              </value>
            </param>
            <param index="2">
              <value>
                <![CDATA[vin=NFe889bT7ob1s%2B5eIv7VwCw1%2F5EF8gtQxhLJJIViPD1QP5LuAdCcF6TESnrnodTQek3TvKo%2BMZBRJcZIOnj8vymUQ8jwUJFYF%2BWvoqIvNj8ZOCx5KSC2xrsdfqsZ4te6u8kxy0jNlDL2DcclY4g0gjX1D%2BUscxt%2FGaaIBtAnKwA%3D]]>
              </value>
            </param>
            <param index="3">
              <value>
                <![CDATA[OlBcEL5lT/sJPHWVjpW3oBVgqWq0ewrMEtruLPD1Pzofh4Awn7Xjh+S988MXfnwuxZqOu7ZIyxvtoDDXAWLMu2i5vSW9NJbuVXkyHaht/NENPezQ0fVIv+RGJSLBB2z2mc7a/wQvckMnWliUJD4CooWhwxLWMFGluLRQPl43KzY=]]>
              </value>
            </param>
            <param index="4">
              <value>
                <![CDATA[1596529117113]]>
              </value>
            </param>
            <param index="5">
              <value>
                <![CDATA[{"status":200,"errorMsg":null,"data":{"risk_score":24.954246567451747,"mileage_12":42.0,"mileage_24":12450.0,"mileage_36":0.0,"avg_run_time_length_monthly":3.1509230769230768E7,"avg_run_speed":486.27997405250613,"brake_acc_count_per_100km":0.054377379010331704,"acc_count_per_100km":0.0,"speed_range00_rate":0.21017593913456967,"speed_range20_rate":0.2051038199397686,"speed_range40_rate":0.16880646695197338,"speed_range60_rate":0.08115390711681725,"speed_range80_rate":0.058804881914724993,"speed_range100_rate":0.06134094151212553,"speed_range120_rate":0.009827230939927089,"speed_range140_rate":9.510223490252021E-4,"fatigue_driving_rate":0.011056589033738587,"avg_run_days_monthly":4.384615384615385,"avg_run_count_monthly":11.692307692307692,"avg_fast_charge_count_monthly":0.3333333333333333,"avg_slow_charge_count_monthly":2.3333333333333335},"error":false,"code":"10000"}]]>
              </value>
            </param>
          </params>
          <reporter-output>
          </reporter-output>
        </test-method> <!-- Insurance -->
        <test-method status="PASS" signature="Insurance(java.lang.String, java.lang.String, java.lang.String, java.lang.String, java.lang.String, java.lang.String)[pri:0, instance:com.bitnei.apitest.testcases.saas.GetInsurance@f4168b8]" name="Insurance" duration-ms="29" started-at="2021-04-29T03:34:47Z" description="openapi接口" data-provider="dp" finished-at="2021-04-29T03:34:47Z">
          <params>
            <param index="0">
              <value>
                <![CDATA[平安保险核保标签查询timestamp有误验签失败]]>
              </value>
            </param>
            <param index="1">
              <value>
                <![CDATA[/external-api/vrm/insurance/lable?]]>
              </value>
            </param>
            <param index="2">
              <value>
                <![CDATA[vin=TQV1pZtSoCYtdUgtWFvTkpW3luttCnrFKdFqEmXzyQVGTyI2AD2spx2TPTBFUeJYNWNN0XV3%2ByjnnrlxtoqWQd4rLfMjzsY4wyzdWc4MGMaWNWpnocFzoJGr%2B7xWfblNmaZ7bW8E4psARR%2FcGXGOKuPkDAyLSJW%2BZ2o5CvIGuMU%3D]]>
              </value>
            </param>
            <param index="3">
              <value>
                <![CDATA[PInyLiz+Vcn4MjSsiRuVXnPbuURF5cFxryqaflShqFOcAuYr3SRoSpHspgEz4Dbi1iVxocxhIOYShyZSOWZuLwWyjypq3JPVKD/80N1HU0GBhpLY/k+4EF7nQhb54ShgT/cIxQEWjMt57q/wH4tBwRiJUBNeGVD8wtRdz84YeAw=]]>
              </value>
            </param>
            <param index="4">
              <value>
                <![CDATA[159489257419]]>
              </value>
            </param>
            <param index="5">
              <value>
                <![CDATA[{"status":200,"errorMsg":"验签失败","data":null,"error":true,"code":"30010"}]]>
              </value>
            </param>
          </params>
          <reporter-output>
          </reporter-output>
        </test-method> <!-- Insurance -->
        <test-method status="PASS" signature="Insurance(java.lang.String, java.lang.String, java.lang.String, java.lang.String, java.lang.String, java.lang.String)[pri:0, instance:com.bitnei.apitest.testcases.saas.GetInsurance@f4168b8]" name="Insurance" duration-ms="32" started-at="2021-04-29T03:34:47Z" description="openapi接口" data-provider="dp" finished-at="2021-04-29T03:34:47Z">
          <params>
            <param index="0">
              <value>
                <![CDATA[平安保险核保标签查询无结果vin为LGXC76C3XJ010846]]>
              </value>
            </param>
            <param index="1">
              <value>
                <![CDATA[/external-api/vrm/insurance/lable?]]>
              </value>
            </param>
            <param index="2">
              <value>
                <![CDATA[vin=JJ9f5rAzm5sjS43hifEef71gr4M5Dwqq6NoSc9G%2FBuLIJo2c0z2R5%2Bqljq6APZX4aVt%2B9B0%2Bp2fpHQ029X%2BFhpZIeRE6GAgzEgL5aHVCg4gefRLXs4cMKIC%2Bl9O9Nw1ufHN5F%2BHAQYuF8jTyaSZs0LgnoFZLt%2BY%2FM8VUNGKhnnI%3D]]>
              </value>
            </param>
            <param index="3">
              <value>
                <![CDATA[v8gO/yvRT1f7qAurXrkXc1O8fQBvRJb8oBfS8P2OovtQkpfdfVnbrwluHr84hJxXJkGnE2me2gTNwLbYuXEPDpYAIcR28Tq0AWqsZACU9CivxSvIZXWMiRZiUN68UBObKhuM8gA1sDyciJP4AQzEM2w2koMxikzio4bX3LMuIc0=]]>
              </value>
            </param>
            <param index="4">
              <value>
                <![CDATA[1594893586349]]>
              </value>
            </param>
            <param index="5">
              <value>
                <![CDATA[{"status":200,"errorMsg":null,"data":null,"error":false,"code":"35000"}]]>
              </value>
            </param>
          </params>
          <reporter-output>
          </reporter-output>
        </test-method> <!-- Insurance -->
        <test-method status="PASS" signature="Insurance(java.lang.String, java.lang.String, java.lang.String, java.lang.String, java.lang.String, java.lang.String)[pri:0, instance:com.bitnei.apitest.testcases.saas.GetInsurance@f4168b8]" name="Insurance" duration-ms="26" started-at="2021-04-29T03:34:47Z" description="openapi接口" data-provider="dp" finished-at="2021-04-29T03:34:47Z">
          <params>
            <param index="0">
              <value>
                <![CDATA[平安保险核保标签查询vin未加密]]>
              </value>
            </param>
            <param index="1">
              <value>
                <![CDATA[/external-api/vrm/insurance/lable?]]>
              </value>
            </param>
            <param index="2">
              <value>
                <![CDATA[vin=LGXC76C3XJ0108468]]>
              </value>
            </param>
            <param index="3">
              <value>
                <![CDATA[PInyLiz+Vcn4MjSsiRuVXnPbuURF5cFxryqaflShqFOcAuYr3SRoSpHspgEz4Dbi1iVxocxhIOYShyZSOWZuLwWyjypq3JPVKD/80N1HU0GBhpLY/k+4EF7nQhb54ShgT/cIxQEWjMt57q/wH4tBwRiJUBNeGVD8wtRdz84YeAw=]]>
              </value>
            </param>
            <param index="4">
              <value>
                <![CDATA[1594892574198]]>
              </value>
            </param>
            <param index="5">
              <value>
                <![CDATA[{"status":200,"errorMsg":"确保VIN是否已加密","data":null,"error":true,"code":"30008"}]]>
              </value>
            </param>
          </params>
          <reporter-output>
          </reporter-output>
        </test-method> <!-- Insurance -->
        <test-method status="PASS" signature="Insurance(java.lang.String, java.lang.String, java.lang.String, java.lang.String, java.lang.String, java.lang.String)[pri:0, instance:com.bitnei.apitest.testcases.saas.GetInsurance@f4168b8]" name="Insurance" duration-ms="30" started-at="2021-04-29T03:34:47Z" description="openapi接口" data-provider="dp" finished-at="2021-04-29T03:34:48Z">
          <params>
            <param index="0">
              <value>
                <![CDATA[平安保险车主服务数据查询正确LMVAFLEXXJA000323]]>
              </value>
            </param>
            <param index="1">
              <value>
                <![CDATA[/external-api/vrm/vehicle/battery/tag?]]>
              </value>
            </param>
            <param index="2">
              <value>
                <![CDATA[vin=dddU9ek%2FWXKMqbeDqq88Ey4DQzIqYXdTAFOmLWaXP2LCKtiV2Jg%2BtxVpiSJ%2FbPkg%2B%2BK2Cia9pYSu2%2FWdcG0mF%2FlrgkHcqLWDduhxIZ1fqOF7IgcLE3FGjsDsvQNQ8jPTfibJJwSqCVsQUu%2F9ou%2FfZeQ%2Fg8yVW8e%2FkJOyqstXKlQ%3D]]>
              </value>
            </param>
            <param index="3">
              <value>
                <![CDATA[VZALENJVTTjkR7ME6mqvCqTmRNIYZG+LxlDberB98+jBuG93YRyg+yqGAWBzu5vK3ekovELh4ZCcB5OAFiuBOaAysqsepYEMpeXt7Pn8JT2NibkTALQIHJw4EjLD0koAvxbUI0RyfbOHaL0aDLVI7/JEn3bbhJddlPLkde9UOn4=]]>
              </value>
            </param>
            <param index="4">
              <value>
                <![CDATA[1596529632499]]>
              </value>
            </param>
            <param index="5">
              <value>
                <![CDATA[{"status":200,"errorMsg":null,"data":{"vin":"LMVAFLEXXJA000323","reduce_percent":99.99454416,"soh_score":-1,"drive_range":315.0,"actual_drive_range":162.3621553884712,"battery_model":"NA01-ME10021D","battery_type":"三元材料"},"error":false,"code":"10000"}]]>
              </value>
            </param>
          </params>
          <reporter-output>
          </reporter-output>
        </test-method> <!-- Insurance -->
        <test-method status="PASS" signature="Insurance(java.lang.String, java.lang.String, java.lang.String, java.lang.String, java.lang.String, java.lang.String)[pri:0, instance:com.bitnei.apitest.testcases.saas.GetInsurance@f4168b8]" name="Insurance" duration-ms="25" started-at="2021-04-29T03:34:48Z" description="openapi接口" data-provider="dp" finished-at="2021-04-29T03:34:48Z">
          <params>
            <param index="0">
              <value>
                <![CDATA[平安保险车主服务数据查询验签失败]]>
              </value>
            </param>
            <param index="1">
              <value>
                <![CDATA[/external-api/vrm/vehicle/battery/tag?]]>
              </value>
            </param>
            <param index="2">
              <value>
                <![CDATA[vin=BPyYt6SH%2FxlnZlAYCXIUF0lQulsf8GCM%2BinAbX1%2BvtwMFCwWxUyNEDCy1H8jxwE%2FFrNZqLaerifR1xH1S8YUPrDJdXoBl5SAtsLY64UoYuvOj8jBQbEEFEdtjqj30ZptdLON4nxrzKNa%2BiMEvApeHmJYhlgUtdTRgGzF0qq6IoM%3D]]>
              </value>
            </param>
            <param index="3">
              <value>
                <![CDATA[hPXyRB64DMZPuw/pLG2yHgAzoRVaGrhjfG0odPvEto3LyBGWZNdh0hsz87fRKXlOve+Yo8DBazGZcDHVMkuJVWC2IAD6tcztiaeKMr+AcVL1ywas7LFgdlavDDV3GBfBkP1eCzc4SzqePbqI+el1XQQRqkHg4mbTRDXIcDW4MbI=]]>
              </value>
            </param>
            <param index="4">
              <value>
                <![CDATA[159489286961]]>
              </value>
            </param>
            <param index="5">
              <value>
                <![CDATA[{"status":200,"errorMsg":"验签失败","data":null,"error":true,"code":"30010"}]]>
              </value>
            </param>
          </params>
          <reporter-output>
          </reporter-output>
        </test-method> <!-- Insurance -->
        <test-method status="PASS" signature="Insurance(java.lang.String, java.lang.String, java.lang.String, java.lang.String, java.lang.String, java.lang.String)[pri:0, instance:com.bitnei.apitest.testcases.saas.GetInsurance@f4168b8]" name="Insurance" duration-ms="31" started-at="2021-04-29T03:34:48Z" description="openapi接口" data-provider="dp" finished-at="2021-04-29T03:34:48Z">
          <params>
            <param index="0">
              <value>
                <![CDATA[平安保险车主服务数据查询参数未加密]]>
              </value>
            </param>
            <param index="1">
              <value>
                <![CDATA[/external-api/vrm/vehicle/battery/tag?]]>
              </value>
            </param>
            <param index="2">
              <value>
                <![CDATA[vin=LGXC76C3XJ0108468]]>
              </value>
            </param>
            <param index="3">
              <value>
                <![CDATA[hPXyRB64DMZPuw/pLG2yHgAzoRVaGrhjfG0odPvEto3LyBGWZNdh0hsz87fRKXlOve+Yo8DBazGZcDHVMkuJVWC2IAD6tcztiaeKMr+AcVL1ywas7LFgdlavDDV3GBfBkP1eCzc4SzqePbqI+el1XQQRqkHg4mbTRDXIcDW4MbI=]]>
              </value>
            </param>
            <param index="4">
              <value>
                <![CDATA[1594892869614]]>
              </value>
            </param>
            <param index="5">
              <value>
                <![CDATA[{"status":200,"errorMsg":"参数未加密","data":null,"error":true,"code":"30008"}]]>
              </value>
            </param>
          </params>
          <reporter-output>
          </reporter-output>
        </test-method> <!-- Insurance -->
        <test-method status="PASS" signature="Insurance(java.lang.String, java.lang.String, java.lang.String, java.lang.String, java.lang.String, java.lang.String)[pri:0, instance:com.bitnei.apitest.testcases.saas.GetInsurance@f4168b8]" name="Insurance" duration-ms="32" started-at="2021-04-29T03:34:48Z" description="openapi接口" data-provider="dp" finished-at="2021-04-29T03:34:48Z">
          <params>
            <param index="0">
              <value>
                <![CDATA[平安保险车主服务数据查询为空]]>
              </value>
            </param>
            <param index="1">
              <value>
                <![CDATA[/external-api/vrm/vehicle/battery/tag?]]>
              </value>
            </param>
            <param index="2">
              <value>
                <![CDATA[vin=M01lSSdHdTVaAAnJQYpjTDjkCsPzcvb0BcU%2Buf3sTIBjdaBUhwLXTY56%2Bpw4fo4fvUraIMXdM3qBsljl%2FfUfQwU%2BJUIFG%2FbbKnF0WX%2BAID2j1jAo%2BX%2BJ8RgwWbROU%2B1mkA0%2FhapecQZrW95DGP6MkAP%2BmI7zsbaMHvqKdZGhpVM%3D]]>
              </value>
            </param>
            <param index="3">
              <value>
                <![CDATA[qp6bnSzOnQd+avywx31lcCsn8TeA7Up/NcxmCv41oJkSZ/1BdnovXKoOo2TPBE8lnMwMKt5v56UF94UFDTrSeSfDD1U3nVbyHCp4mDJrwMZEzoMY41WeBcA0pwdHH6u+4bjDFajJrWQh5H39VkrmSvndHvcUiJS9tqTzaC5bgbQ=]]>
              </value>
            </param>
            <param index="4">
              <value>
                <![CDATA[1594893074745]]>
              </value>
            </param>
            <param index="5">
              <value>
                <![CDATA[{"status":200,"errorMsg":null,"data":null,"error":false,"code":"35000"}]]>
              </value>
            </param>
          </params>
          <reporter-output>
          </reporter-output>
        </test-method> <!-- Insurance -->
        <test-method status="PASS" signature="Insurance(java.lang.String, java.lang.String, java.lang.String, java.lang.String, java.lang.String, java.lang.String)[pri:0, instance:com.bitnei.apitest.testcases.saas.GetInsurance@f4168b8]" name="Insurance" duration-ms="41" started-at="2021-04-29T03:34:48Z" description="openapi接口" data-provider="dp" finished-at="2021-04-29T03:34:48Z">
          <params>
            <param index="0">
              <value>
                <![CDATA[平安保险核保查询补充字段查询正常LGXCE6DB1J0061021]]>
              </value>
            </param>
            <param index="1">
              <value>
                <![CDATA[/external-api/vrm/pingan/insurance/label?]]>
              </value>
            </param>
            <param index="2">
              <value>
                <![CDATA[vin=HD3GmFZIXlFuT%2BRYbGDyeHYvGV%2B2RoDt2T%2BqJ4gC02F3Rt07xc1LgnK3V7cbtLs%2FgbVdxlHrbGFVloU%2FTV8Yi986qPy8DbSSot1FY8sK1CsPQPFckcA0XXw2P0SRxWXve9l2U094adfVN3PIaPnL8VIxx%2BF0g3lvZK2i4cqVH7s%3D]]>
              </value>
            </param>
            <param index="3">
              <value>
                <![CDATA[JCIMdCTzdbbW6CByxf6G0zAJR8hu8kyacQnvfjWrIISe5k+Q2tnCOEgpfVjMjJ/QRzR8XqL6/WFsxMsuAhyUwuzVVWfUqMGiyVudZobOwelfqQBK7upahbDv+Z0+RcEv01x+8Kcgi9ijERiI4oqTsetDlwv78v7xPr5lncu5QQU=]]>
              </value>
            </param>
            <param index="4">
              <value>
                <![CDATA[1619667064021]]>
              </value>
            </param>
            <param index="5">
              <value>
                <![CDATA[{"status":200,"errorMsg":null,"data":{"risk_score":83.88,"mileage_12":57513.0,"mileage_24":44988.0,"mileage_36":28159.0,"avg_run_time_length_monthly":6.4050472727E8,"avg_run_speed":305.66,"brake_acc_count_per_100km":0.03,"acc_count_per_100km":0.03,"speed_range00_rate":0.24,"speed_range20_rate":0.24,"speed_range40_rate":0.17,"speed_range60_rate":0.07,"speed_range80_rate":0.02,"speed_range100_rate":0.01,"speed_range120_rate":0.0,"speed_range140_rate":0.0,"fatigue_driving_rate":0.065464,"avg_run_days_monthly":20.0,"avg_run_count_monthly":109.86,"avg_fast_charge_count_monthly":22.79,"avg_slow_charge_count_monthly":0.58,"mileage_last_month":21170.0,"run_time_length_last_month":314204,"fast_charge_times_last_month":9,"slow_charge_times_last_month":1,"fatigue_driving_rate_last_month":0.086046,"battery_model":"HAEA","battery_power":61.0,"battery_type":"三元材料","avg_alarm_times_monthly":0.0,"avg_battery_alarm_times_month":0.0,"latest_battery_alarm_level":"0"},"error":false,"code":"10000"}]]>
              </value>
            </param>
          </params>
          <reporter-output>
          </reporter-output>
        </test-method> <!-- Insurance -->
        <test-method status="PASS" signature="Insurance(java.lang.String, java.lang.String, java.lang.String, java.lang.String, java.lang.String, java.lang.String)[pri:0, instance:com.bitnei.apitest.testcases.saas.GetInsurance@f4168b8]" name="Insurance" duration-ms="48" started-at="2021-04-29T03:34:48Z" description="openapi接口" data-provider="dp" finished-at="2021-04-29T03:34:48Z">
          <params>
            <param index="0">
              <value>
                <![CDATA[平安保险核保查询补充字段查询无数据123]]>
              </value>
            </param>
            <param index="1">
              <value>
                <![CDATA[/external-api/vrm/pingan/insurance/label?]]>
              </value>
            </param>
            <param index="2">
              <value>
                <![CDATA[vin=dUfYA/f7QYaJ1SxhEOtnFgAslvyycI8h2y7lryjx0i5GE6njGGQjhPWYyZx7D3TEcf22uUOQppI9SV6ceiJzEJ4HMIuHPkOW1XyR9pU8BuzEbRtsOzNKsz65G1Ak8yQeSgiGtOkPwSTX7xoJ8Fy1Z9NP1NT9iPyKDI5nSt9o0fc=]]>
              </value>
            </param>
            <param index="3">
              <value>
                <![CDATA[gqZprobh03hs/ywCN5R7JnNmRXLPBIM0FJGalEYDzE09z/2oTHXGLbsksFGSqVavBAkgwkyMF9jLIBLVEPl+7SGmOuk5grwFNNf9ndoZxDTiLayzIcbmLCOvm+sNHnlvVLKZlIsXhI8P8om183+Sji2yCpL6nUCPh2ifrBd9bTE=]]>
              </value>
            </param>
            <param index="4">
              <value>
                <![CDATA[1619663856796]]>
              </value>
            </param>
            <param index="5">
              <value>
                <![CDATA[{"status":200,"errorMsg":null,"data":null,"error":false,"code":"35000"}]]>
              </value>
            </param>
          </params>
          <reporter-output>
          </reporter-output>
        </test-method> <!-- Insurance -->
        <test-method status="PASS" signature="Insurance(java.lang.String, java.lang.String, java.lang.String, java.lang.String, java.lang.String, java.lang.String)[pri:0, instance:com.bitnei.apitest.testcases.saas.GetInsurance@f4168b8]" name="Insurance" duration-ms="31" started-at="2021-04-29T03:34:48Z" description="openapi接口" data-provider="dp" finished-at="2021-04-29T03:34:48Z">
          <params>
            <param index="0">
              <value>
                <![CDATA[平安保险核保查询补充字段查询验签失败]]>
              </value>
            </param>
            <param index="1">
              <value>
                <![CDATA[/external-api/vrm/pingan/insurance/label?]]>
              </value>
            </param>
            <param index="2">
              <value>
                <![CDATA[vin=dUfYA/f7QYaJ1SxhEOtnFgAslvyycI8h2y7lryjx0i5GE6njGGQjhPWYyZx7D3TEcf22uUOQppI9SV6ceiJzEJ4HMIuHPkOW1XyR9pU8BuzEbRtsOzNKsz65G1Ak8yQeSgiGtOkPwSTX7xoJ8Fy1Z9NP1NT9iPyKDI5nSt9o0fc=]]>
              </value>
            </param>
            <param index="3">
              <value>
                <![CDATA[gqZprobh03hs/ywCN5R7JnNmRXLPBIM0FJGalEYDzE09z/2oTHXGLbsksFGSqVavBAkgwkyMF9jLIBLVEPl+7SGmOuk5grwFNNf9ndoZxDTiLayzIcbmLCOvm+sNHnlvVLKZlIsXhI8P8om183+Sji2yCpL6nUCPh2ifrBd9bTE=]]>
              </value>
            </param>
            <param index="4">
              <value>
                <![CDATA[16196638567961]]>
              </value>
            </param>
            <param index="5">
              <value>
                <![CDATA[{"status":200,"errorMsg":"验签失败","data":null,"error":true,"code":"30010"}]]>
              </value>
            </param>
          </params>
          <reporter-output>
          </reporter-output>
        </test-method> <!-- Insurance -->
        <test-method status="PASS" signature="Insurance(java.lang.String, java.lang.String, java.lang.String, java.lang.String, java.lang.String, java.lang.String)[pri:0, instance:com.bitnei.apitest.testcases.saas.GetInsurance@f4168b8]" name="Insurance" duration-ms="27" started-at="2021-04-29T03:34:48Z" description="openapi接口" data-provider="dp" finished-at="2021-04-29T03:34:48Z">
          <params>
            <param index="0">
              <value>
                <![CDATA[平安保险核保查询补充字段查询确保VIN是否已加密]]>
              </value>
            </param>
            <param index="1">
              <value>
                <![CDATA[/external-api/vrm/pingan/insurance/label?]]>
              </value>
            </param>
            <param index="2">
              <value>
                <![CDATA[vin=]]>
              </value>
            </param>
            <param index="3">
              <value>
                <![CDATA[gqZprobh03hs/ywCN5R7JnNmRXLPBIM0FJGalEYDzE09z/2oTHXGLbsksFGSqVavBAkgwkyMF9jLIBLVEPl+7SGmOuk5grwFNNf9ndoZxDTiLayzIcbmLCOvm+sNHnlvVLKZlIsXhI8P8om183+Sji2yCpL6nUCPh2ifrBd9bTE=]]>
              </value>
            </param>
            <param index="4">
              <value>
                <![CDATA[1619663856796]]>
              </value>
            </param>
            <param index="5">
              <value>
                <![CDATA[{"status":200,"errorMsg":"确保VIN是否已加密","data":null,"error":true,"code":"30008"}]]>
              </value>
            </param>
          </params>
          <reporter-output>
          </reporter-output>
        </test-method> <!-- Insurance -->
        <test-method status="PASS" signature="Insurance(java.lang.String, java.lang.String, java.lang.String, java.lang.String, java.lang.String, java.lang.String)[pri:0, instance:com.bitnei.apitest.testcases.saas.GetInsurance@f4168b8]" name="Insurance" duration-ms="32" started-at="2021-04-29T03:34:48Z" description="openapi接口" data-provider="dp" finished-at="2021-04-29T03:34:48Z">
          <params>
            <param index="0">
              <value>
                <![CDATA[平安保险核保查询补充字段查询解密失败]]>
              </value>
            </param>
            <param index="1">
              <value>
                <![CDATA[/external-api/vrm/pingan/insurance/label?]]>
              </value>
            </param>
            <param index="2">
              <value>
                <![CDATA[vin=UfYA/f7QYaJ1SxhEOtnFgAslvyycI8h2y7lryjx0i5GE6njGGQjhPWYyZx7D3TEcf22uUOQppI9SV6ceiJzEJ4HMIuHPkOW1XyR9pU8BuzEbRtsOzNKsz65G1Ak8yQeSgiGtOkPwSTX7xoJ8Fy1Z9NP1NT9iPyKDI5nSt9o0fc=]]>
              </value>
            </param>
            <param index="3">
              <value>
                <![CDATA[gqZprobh03hs/ywCN5R7JnNmRXLPBIM0FJGalEYDzE09z/2oTHXGLbsksFGSqVavBAkgwkyMF9jLIBLVEPl+7SGmOuk5grwFNNf9ndoZxDTiLayzIcbmLCOvm+sNHnlvVLKZlIsXhI8P8om183+Sji2yCpL6nUCPh2ifrBd9bTE=]]>
              </value>
            </param>
            <param index="4">
              <value>
                <![CDATA[1619663856796]]>
              </value>
            </param>
            <param index="5">
              <value>
                <![CDATA[{"status":200,"errorMsg":"解密失败","data":null,"error":true,"code":"30009"}]]>
              </value>
            </param>
          </params>
          <reporter-output>
          </reporter-output>
        </test-method> <!-- Insurance -->
      </class> <!-- com.bitnei.apitest.testcases.saas.GetInsurance -->
    </test> <!-- Default test -->
  </suite> <!-- apitest -->
</testng-results>
