<?xml version="1.0" encoding="UTF-8"?>
<testng-results skipped="0" failed="2" ignored="0" total="4" passed="2">
  <reporter-output>
  </reporter-output>
  <suite name="apitest" duration-ms="5572" started-at="2019-01-17T10:41:46Z" finished-at="2019-01-17T10:41:52Z">
    <groups>
    </groups>
    <test name="APITEST" duration-ms="5572" started-at="2019-01-17T10:41:46Z" finished-at="2019-01-17T10:41:52Z">
      <class name="com.bitnei.apitest.testcases.EvDetail">
        <test-method status="PASS" signature="setUp(java.lang.String)[pri:0, instance:com.bitnei.apitest.testcases.EvDetail@4e9ba398]" name="setUp" is-config="true" duration-ms="255" started-at="2019-01-17T10:41:49Z" finished-at="2019-01-17T10:41:49Z">
          <params>
            <param index="0">
              <value>
                <![CDATA[http://bdp-app.bitnei.cn:7788]]>
              </value>
            </param>
          </params>
          <reporter-output>
          </reporter-output>
        </test-method> <!-- setUp -->
        <test-method status="PASS" signature="getVehCountPerMonitorPlatformStatus(java.lang.String)[pri:1, instance:com.bitnei.apitest.testcases.EvDetail@4e9ba398]" name="getVehCountPerMonitorPlatformStatus" duration-ms="1212" started-at="2019-01-17T10:41:49Z" description="明细数据查询" data-provider="dataprovider1" finished-at="2019-01-17T10:41:50Z">
          <params>
            <param index="0">
              <value>
                <![CDATA[{"status":200,"errorMsg":null,"data":{"data":[{"terminaltime":"2018-09-22 14:16:10","carStatus":"2","chargeStatus":"0","carMode":"1","speed":"0.0","totalOdometer":"32218.199219","totalVoltage":"0.0","totalCurrent":"0.0","soc":"0","dcStatus":"2","insulateResistance":"0"},{"terminaltime":"2018-09-22 14:16:00","carStatus":"2","chargeStatus":"0","carMode":"1","speed":"0.0","totalOdometer":"32218.199219","totalVoltage":"0.0","totalCurrent":"0.0","soc":"0","dcStatus":"2","insulateResistance":"0"}],"titles":["数据采集时间","车辆状态","充电状态","运行模式","车速(km/h)","里程(km)","总电压(V)","总电流(A)","SOC","DC-DC状态","绝缘电阻(kΩ)"],"page":{"pageSize":10,"pageNumber":1,"endIndex":2,"startIndex":0,"totalSize":2,"totalPage":1}},"error":false}]]>
              </value>
            </param>
          </params>
          <reporter-output>
          </reporter-output>
        </test-method> <!-- getVehCountPerMonitorPlatformStatus -->
      </class> <!-- com.bitnei.apitest.testcases.EvDetail -->
      <class name="com.bitnei.apitest.testcases.PostVehicles">
        <test-method status="PASS" signature="setUp(java.lang.String)[pri:0, instance:com.bitnei.apitest.testcases.PostVehicles@2286778]" name="setUp" is-config="true" duration-ms="838" started-at="2019-01-17T10:41:46Z" finished-at="2019-01-17T10:41:47Z">
          <params>
            <param index="0">
              <value>
                <![CDATA[http://bdp-app.bitnei.cn:7788]]>
              </value>
            </param>
          </params>
          <reporter-output>
          </reporter-output>
        </test-method> <!-- setUp -->
        <test-method status="PASS" signature="postVehiclesForStatus(java.lang.String)[pri:0, instance:com.bitnei.apitest.testcases.PostVehicles@2286778]" name="postVehiclesForStatus" duration-ms="1543" started-at="2019-01-17T10:41:47Z" description="获取车辆列表,判断返回200" data-provider="dataprovider1" finished-at="2019-01-17T10:41:49Z">
          <params>
            <param index="0">
              <value>
                <![CDATA[{"status":20,"errorMsg":null,"data":{"total":2,"list":[{"id":"21","vin":"LS4AAB3C0GG700008"}]},"error":true}]]>
              </value>
            </param>
          </params>
          <reporter-output>
          </reporter-output>
        </test-method> <!-- postVehiclesForStatus -->
        <test-method status="FAIL" signature="PostVehiclesByVin(java.lang.String)[pri:1, instance:com.bitnei.apitest.testcases.PostVehicles@2286778]" name="PostVehiclesByVin" duration-ms="3141" started-at="2019-01-17T10:41:49Z" description="获取车辆列表通VIN查询" data-provider="dataprovider1" finished-at="2019-01-17T10:41:52Z">
          <params>
            <param index="0">
              <value>
                <![CDATA[{"status":20,"errorMsg":null,"data":{"total":2,"list":[{"id":"21","vin":"LS4AAB3C0GG700008"}]},"error":true}]]>
              </value>
            </param>
          </params>
          <exception class="java.lang.AssertionError">
            <message>
              <![CDATA[expected [{}] but found [{"status":{"currentValue is ":200,"expectedValue is":20},"total":{"currentValue is ":0,"expectedValue is":2},"Length":{"actualLenth":0,"expectLenth":1},"error":{"currentValue is ":false,"expectedValue is":true}}]]]>
            </message>
            <full-stacktrace>
              <![CDATA[java.lang.AssertionError: expected [{}] but found [{"status":{"currentValue is ":200,"expectedValue is":20},"total":{"currentValue is ":0,"expectedValue is":2},"Length":{"actualLenth":0,"expectLenth":1},"error":{"currentValue is ":false,"expectedValue is":true}}]
at org.testng.Assert.fail(Assert.java:96)
at org.testng.Assert.failNotEquals(Assert.java:776)
at org.testng.Assert.assertEqualsImpl(Assert.java:137)
at org.testng.Assert.assertEquals(Assert.java:118)
at org.testng.Assert.assertEquals(Assert.java:453)
at org.testng.Assert.assertEquals(Assert.java:463)
at com.bitnei.apitest.testcases.PostVehicles.PostVehiclesByVin(PostVehicles.java:95)
at sun.reflect.NativeMethodAccessorImpl.invoke0(Native Method)
at sun.reflect.NativeMethodAccessorImpl.invoke(Unknown Source)
at sun.reflect.DelegatingMethodAccessorImpl.invoke(Unknown Source)
at java.lang.reflect.Method.invoke(Unknown Source)
at org.testng.internal.MethodInvocationHelper.invokeMethod(MethodInvocationHelper.java:124)
at org.testng.internal.Invoker.invokeMethod(Invoker.java:580)
at org.testng.internal.Invoker.invokeTestMethod(Invoker.java:716)
at org.testng.internal.Invoker.invokeTestMethods(Invoker.java:988)
at org.testng.internal.TestMethodWorker.invokeTestMethods(TestMethodWorker.java:125)
at org.testng.internal.TestMethodWorker.run(TestMethodWorker.java:109)
at java.util.concurrent.ThreadPoolExecutor.runWorker(Unknown Source)
at java.util.concurrent.ThreadPoolExecutor$Worker.run(Unknown Source)
at java.lang.Thread.run(Unknown Source)
]]>
            </full-stacktrace>
          </exception> <!-- java.lang.AssertionError -->
          <reporter-output>
          </reporter-output>
        </test-method> <!-- PostVehiclesByVin -->
      </class> <!-- com.bitnei.apitest.testcases.PostVehicles -->
      <class name="com.bitnei.apitest.testcases.getVehCountPerMonitorPlatform">
        <test-method status="PASS" signature="setUp(java.lang.String)[pri:0, instance:com.bitnei.apitest.testcases.getVehCountPerMonitorPlatform@5abca1e0]" name="setUp" is-config="true" duration-ms="320" started-at="2019-01-17T10:41:49Z" finished-at="2019-01-17T10:41:49Z">
          <params>
            <param index="0">
              <value>
                <![CDATA[http://bdp-app.bitnei.cn:7788]]>
              </value>
            </param>
          </params>
          <reporter-output>
          </reporter-output>
        </test-method> <!-- setUp -->
        <test-method status="FAIL" signature="getVehCountPerMonitorPlatformStatus(java.lang.String)[pri:1, instance:com.bitnei.apitest.testcases.getVehCountPerMonitorPlatform@5abca1e0]" name="getVehCountPerMonitorPlatformStatus" duration-ms="2825" started-at="2019-01-17T10:41:49Z" description="获取实时车辆信息" data-provider="dataprovider2" finished-at="2019-01-17T10:41:52Z">
          <params>
            <param index="0">
              <value>
                <![CDATA[{"status":200,"errorMsg":null,"data":[{"id":1,"monitorPlatform":"智云平台","num":19},{"id":2,"monitorPlatform":"英泰斯特","num":14}],"error":false}]]>
              </value>
            </param>
          </params>
          <exception class="java.lang.AssertionError">
            <message>
              <![CDATA[expected [{}] but found [{"num":{"currentValue is ":274419,"expectedValue is":19}}]]]>
            </message>
            <full-stacktrace>
              <![CDATA[java.lang.AssertionError: expected [{}] but found [{"num":{"currentValue is ":274419,"expectedValue is":19}}]
at org.testng.Assert.fail(Assert.java:96)
at org.testng.Assert.failNotEquals(Assert.java:776)
at org.testng.Assert.assertEqualsImpl(Assert.java:137)
at org.testng.Assert.assertEquals(Assert.java:118)
at org.testng.Assert.assertEquals(Assert.java:453)
at org.testng.Assert.assertEquals(Assert.java:463)
at com.bitnei.apitest.testcases.getVehCountPerMonitorPlatform.getVehCountPerMonitorPlatformStatus(getVehCountPerMonitorPlatform.java:73)
at sun.reflect.NativeMethodAccessorImpl.invoke0(Native Method)
at sun.reflect.NativeMethodAccessorImpl.invoke(Unknown Source)
at sun.reflect.DelegatingMethodAccessorImpl.invoke(Unknown Source)
at java.lang.reflect.Method.invoke(Unknown Source)
at org.testng.internal.MethodInvocationHelper.invokeMethod(MethodInvocationHelper.java:124)
at org.testng.internal.Invoker.invokeMethod(Invoker.java:580)
at org.testng.internal.Invoker.invokeTestMethod(Invoker.java:716)
at org.testng.internal.Invoker.invokeTestMethods(Invoker.java:988)
at org.testng.internal.TestMethodWorker.invokeTestMethods(TestMethodWorker.java:125)
at org.testng.internal.TestMethodWorker.run(TestMethodWorker.java:109)
at java.util.concurrent.ThreadPoolExecutor.runWorker(Unknown Source)
at java.util.concurrent.ThreadPoolExecutor$Worker.run(Unknown Source)
at java.lang.Thread.run(Unknown Source)
]]>
            </full-stacktrace>
          </exception> <!-- java.lang.AssertionError -->
          <reporter-output>
          </reporter-output>
        </test-method> <!-- getVehCountPerMonitorPlatformStatus -->
      </class> <!-- com.bitnei.apitest.testcases.getVehCountPerMonitorPlatform -->
    </test> <!-- APITEST -->
  </suite> <!-- apitest -->
</testng-results>
