<?xml version="1.0" encoding="UTF-8"?>
<testng-results skipped="0" failed="0" ignored="0" total="27" passed="27">
  <reporter-output>
  </reporter-output>
  <suite name="apitest" duration-ms="89385" started-at="2019-09-05T08:18:20Z" finished-at="2019-09-05T08:19:50Z">
    <groups>
    </groups>
    <test name="OPENAPI" duration-ms="76940" started-at="2019-09-05T08:18:20Z" finished-at="2019-09-05T08:19:37Z">
      <class name="com.bitnei.apitest.testcases.openapi.ChargingData">
        <test-method status="PASS" signature="setUp(java.lang.String)[pri:0, instance:com.bitnei.apitest.testcases.openapi.ChargingData@50de0926]" name="setUp" is-config="true" duration-ms="1546" started-at="2019-09-05T08:18:20Z" finished-at="2019-09-05T08:18:22Z">
          <params>
            <param index="0">
              <value>
                <![CDATA[http://61.149.8.78:83]]>
              </value>
            </param>
          </params>
          <reporter-output>
          </reporter-output>
        </test-method> <!-- setUp -->
        <test-method status="PASS" signature="ChargingDataNo(java.lang.String)[pri:0, instance:com.bitnei.apitest.testcases.openapi.ChargingData@50de0926]" name="ChargingDataNo" duration-ms="558" started-at="2019-09-05T08:18:22Z" description="查询珠海车辆充电数据缺少车牌号参数" data-provider="dataprovider14" finished-at="2019-09-05T08:18:22Z">
          <params>
            <param index="0">
              <value>
                <![CDATA[{"status":400,"errorMsg":"VALID","data":"Required String parameter 'licensePlate' is not present","error":true}]]>
              </value>
            </param>
          </params>
          <reporter-output>
          </reporter-output>
        </test-method> <!-- ChargingDataNo -->
        <test-method status="PASS" signature="ChargingDataNoFrom(java.lang.String)[pri:0, instance:com.bitnei.apitest.testcases.openapi.ChargingData@50de0926]" name="ChargingDataNoFrom" duration-ms="224" started-at="2019-09-05T08:18:22Z" description="查询珠海车辆充电数据缺少from参数" data-provider="dataprovider2" finished-at="2019-09-05T08:18:23Z">
          <params>
            <param index="0">
              <value>
                <![CDATA[{"status":400,"errorMsg":"VALID","data":"参数 from  不符合规则：yyyy-MM-dd HH:mm:ss","error":true}]]>
              </value>
            </param>
          </params>
          <reporter-output>
          </reporter-output>
        </test-method> <!-- ChargingDataNoFrom -->
        <test-method status="PASS" signature="ChargingDataNoTo(java.lang.String)[pri:0, instance:com.bitnei.apitest.testcases.openapi.ChargingData@50de0926]" name="ChargingDataNoTo" duration-ms="733" started-at="2019-09-05T08:18:23Z" description="查询珠海车辆充电数据缺少to参数" data-provider="dataprovider3" finished-at="2019-09-05T08:18:23Z">
          <params>
            <param index="0">
              <value>
                <![CDATA[{"status":400,"errorMsg":"VALID","data":"参数 to  不符合规则：yyyy-MM-dd HH:mm:ss","error":true}]]>
              </value>
            </param>
          </params>
          <reporter-output>
          </reporter-output>
        </test-method> <!-- ChargingDataNoTo -->
        <test-method status="PASS" signature="ChargingDataNormal(java.lang.String)[pri:0, instance:com.bitnei.apitest.testcases.openapi.ChargingData@50de0926]" name="ChargingDataNormal" duration-ms="21295" started-at="2019-09-05T08:18:23Z" description="查询珠海车辆充电数据正常" data-provider="dataprovider1" finished-at="2019-09-05T08:18:45Z">
          <params>
            <param index="0">
              <value>
                <![CDATA[{"status":200,"errorMsg":null,"data":[{"startElectricity":124.25,"endElectricity":150.5,"startTime":"2019-03-01 09:19:34","endTime":"2019-03-01 09:42:34"}],"error":false}]]>
              </value>
            </param>
          </params>
          <reporter-output>
          </reporter-output>
        </test-method> <!-- ChargingDataNormal -->
        <test-method status="PASS" signature="ChargingDataUpOneDay(java.lang.String)[pri:0, instance:com.bitnei.apitest.testcases.openapi.ChargingData@50de0926]" name="ChargingDataUpOneDay" duration-ms="456" started-at="2019-09-05T08:18:45Z" description="查询珠海车辆充电数据选择时间范围不得超过一个自然日" data-provider="dataprovider4" finished-at="2019-09-05T08:18:45Z">
          <params>
            <param index="0">
              <value>
                <![CDATA[{"status":400,"errorMsg":"VALID","data":"选择时间范围不得超过一个自然日","error":true}]]>
              </value>
            </param>
          </params>
          <reporter-output>
          </reporter-output>
        </test-method> <!-- ChargingDataUpOneDay -->
        <test-method status="PASS" signature="ChargingDataWrongTime(java.lang.String)[pri:0, instance:com.bitnei.apitest.testcases.openapi.ChargingData@50de0926]" name="ChargingDataWrongTime" duration-ms="173" started-at="2019-09-05T08:18:45Z" description="查询珠海车辆充电数据选择时间范围开始时间不能大于结束时间" data-provider="dataprovider5" finished-at="2019-09-05T08:18:45Z">
          <params>
            <param index="0">
              <value>
                <![CDATA[{"status":400,"errorMsg":"VALID","data":"参数 from 2019-03-03 10:49:21 不能大于 to 2019-03-02 10:49:21","error":true}]]>
              </value>
            </param>
          </params>
          <reporter-output>
          </reporter-output>
        </test-method> <!-- ChargingDataWrongTime -->
      </class> <!-- com.bitnei.apitest.testcases.openapi.ChargingData -->
      <class name="com.bitnei.apitest.testcases.openapi.RunningData">
        <test-method status="PASS" signature="setUp(java.lang.String)[pri:0, instance:com.bitnei.apitest.testcases.openapi.RunningData@60438a68]" name="setUp" is-config="true" duration-ms="63" started-at="2019-09-05T08:18:46Z" finished-at="2019-09-05T08:18:46Z">
          <params>
            <param index="0">
              <value>
                <![CDATA[http://61.149.8.78:83]]>
              </value>
            </param>
          </params>
          <reporter-output>
          </reporter-output>
        </test-method> <!-- setUp -->
        <test-method status="PASS" signature="EnergyConservationInvalidtoken(java.lang.String)[pri:0, instance:com.bitnei.apitest.testcases.openapi.RunningData@60438a68]" name="EnergyConservationInvalidtoken" duration-ms="61" started-at="2019-09-05T08:18:46Z" description="车辆行驶数数据查询token无效" data-provider="dataprovider13" finished-at="2019-09-05T08:18:46Z">
          <params>
            <param index="0">
              <value>
                <![CDATA[{"status":401,"errorMsg":"invalid_token: f829155c-9374-4673-a005-10ce548af1=>/external/1/zhuhai/api/runningData","data":null,"error":true}]]>
              </value>
            </param>
          </params>
          <reporter-output>
          </reporter-output>
        </test-method> <!-- EnergyConservationInvalidtoken -->
        <test-method status="PASS" signature="EnergyConservationNolicensePlate(java.lang.String)[pri:0, instance:com.bitnei.apitest.testcases.openapi.RunningData@60438a68]" name="EnergyConservationNolicensePlate" duration-ms="55" started-at="2019-09-05T08:18:46Z" description="车辆行驶数数据查询车牌号为空" data-provider="dataprovider12" finished-at="2019-09-05T08:18:46Z">
          <params>
            <param index="0">
              <value>
                <![CDATA[{"status":400,"errorMsg":"VALID","data":"参数 licensePlate  不能为空","error":true}]]>
              </value>
            </param>
          </params>
          <reporter-output>
          </reporter-output>
        </test-method> <!-- EnergyConservationNolicensePlate -->
        <test-method status="PASS" signature="EnergyConservationNormal(java.lang.String)[pri:0, instance:com.bitnei.apitest.testcases.openapi.RunningData@60438a68]" name="EnergyConservationNormal" duration-ms="3146" started-at="2019-09-05T08:18:46Z" description="车辆行驶数据查询正常" data-provider="dataprovider10" finished-at="2019-09-05T08:18:49Z">
          <params>
            <param index="0">
              <value>
                <![CDATA[{"status":200,"errorMsg":null,"data":[{"startSoc":87.0,"endSoc":81.0,"startLocation":"广东省珠海市金湾区红旗镇S3211珠海机场高速","endLocation":"广东省珠海市金湾区红旗镇永泰路","runTime":2730,"rumMileage":23.0,"startTime":"2019-03-01 13:08:19","endTime":"2019-03-01 13:53:49"},{"startSoc":93.0,"endSoc":87.0,"startLocation":"广东省珠海市金湾区红旗镇永泰路","endLocation":"广东省珠海市金湾区红旗镇589县道","runTime":2638,"rumMileage":20.0,"startTime":"2019-03-01 12:05:28","endTime":"2019-03-01 12:49:26"}],"error":false}]]>
              </value>
            </param>
          </params>
          <reporter-output>
          </reporter-output>
        </test-method> <!-- EnergyConservationNormal -->
        <test-method status="PASS" signature="EnergyConservationUpScope(java.lang.String)[pri:0, instance:com.bitnei.apitest.testcases.openapi.RunningData@60438a68]" name="EnergyConservationUpScope" duration-ms="65" started-at="2019-09-05T08:18:49Z" description="车辆行驶数选择时间范围不得超过一个自然日" data-provider="dataprovider4" finished-at="2019-09-05T08:18:49Z">
          <params>
            <param index="0">
              <value>
                <![CDATA[{"status":400,"errorMsg":"VALID","data":"选择时间范围不得超过一个自然日","error":true}]]>
              </value>
            </param>
          </params>
          <reporter-output>
          </reporter-output>
        </test-method> <!-- EnergyConservationUpScope -->
      </class> <!-- com.bitnei.apitest.testcases.openapi.RunningData -->
      <class name="com.bitnei.apitest.testcases.openapi.ChargingDataTest">
        <test-method status="PASS" signature="setUp(java.lang.String, java.lang.String)[pri:0, instance:com.bitnei.apitest.testcases.openapi.ChargingDataTest@140e5a13]" name="setUp" is-config="true" duration-ms="762" started-at="2019-09-05T08:18:49Z" finished-at="2019-09-05T08:18:50Z">
          <params>
            <param index="0">
              <value>
                <![CDATA[http://61.149.8.78:83]]>
              </value>
            </param>
            <param index="1">
              <value>
                <![CDATA[D:\\TEST.xlsx]]>
              </value>
            </param>
          </params>
          <reporter-output>
          </reporter-output>
        </test-method> <!-- setUp -->
        <test-method status="PASS" signature="ChargingDataNormal(java.lang.String, java.lang.String, java.lang.String, java.lang.String)[pri:0, instance:com.bitnei.apitest.testcases.openapi.ChargingDataTest@140e5a13]" name="ChargingDataNormal" duration-ms="24202" started-at="2019-09-05T08:18:50Z" description="查询珠海车辆充电数据" data-provider="dp" finished-at="2019-09-05T08:19:14Z">
          <params>
            <param index="0">
              <value>
                <![CDATA[查询结果正常]]>
              </value>
            </param>
            <param index="1">
              <value>
                <![CDATA[/external/1/zhuhai/api/chargingData]]>
              </value>
            </param>
            <param index="2">
              <value>
                <![CDATA[?licensePlate=粤C00859D&from=2019-03-01+07:49:21&to=2019-03-01+10:49:21]]>
              </value>
            </param>
            <param index="3">
              <value>
                <![CDATA[{"status":200,"errorMsg":null,"data":[{"startElectricity":124.25,"endElectricity":150.5,"startTime":"2019-03-01 09:19:34","endTime":"2019-03-01 09:42:34","startCurrent":"-230.3","endCurrent":"-0.8","startVolt":"594.7","endVolt":"586.4"}],"error":false}]]>
              </value>
            </param>
          </params>
          <reporter-output>
          </reporter-output>
        </test-method> <!-- ChargingDataNormal -->
        <test-method status="PASS" signature="ChargingDataNormal(java.lang.String, java.lang.String, java.lang.String, java.lang.String)[pri:0, instance:com.bitnei.apitest.testcases.openapi.ChargingDataTest@140e5a13]" name="ChargingDataNormal" duration-ms="637" started-at="2019-09-05T08:19:14Z" description="查询珠海车辆充电数据" data-provider="dp" finished-at="2019-09-05T08:19:15Z">
          <params>
            <param index="0">
              <value>
                <![CDATA[参数from不符合规则]]>
              </value>
            </param>
            <param index="1">
              <value>
                <![CDATA[/external/1/zhuhai/api/chargingData]]>
              </value>
            </param>
            <param index="2">
              <value>
                <![CDATA[?licensePlate=粤C00859D&from=&to=2019-03-01+10:49:21]]>
              </value>
            </param>
            <param index="3">
              <value>
                <![CDATA[{"status":400,"errorMsg":"VALID","data":"参数 from  不符合规则：yyyy-MM-dd HH:mm:ss","error":true}]]>
              </value>
            </param>
          </params>
          <reporter-output>
          </reporter-output>
        </test-method> <!-- ChargingDataNormal -->
        <test-method status="PASS" signature="ChargingDataNormal(java.lang.String, java.lang.String, java.lang.String, java.lang.String)[pri:0, instance:com.bitnei.apitest.testcases.openapi.ChargingDataTest@140e5a13]" name="ChargingDataNormal" duration-ms="192" started-at="2019-09-05T08:19:15Z" description="查询珠海车辆充电数据" data-provider="dp" finished-at="2019-09-05T08:19:15Z">
          <params>
            <param index="0">
              <value>
                <![CDATA[参数to不符合规则]]>
              </value>
            </param>
            <param index="1">
              <value>
                <![CDATA[/external/1/zhuhai/api/chargingData]]>
              </value>
            </param>
            <param index="2">
              <value>
                <![CDATA[?licensePlate=粤C00859D&from=2019-03-01+10:49:21&to=]]>
              </value>
            </param>
            <param index="3">
              <value>
                <![CDATA[{"status":400,"errorMsg":"VALID","data":"参数 to  不符合规则：yyyy-MM-dd HH:mm:ss","error":true}]]>
              </value>
            </param>
          </params>
          <reporter-output>
          </reporter-output>
        </test-method> <!-- ChargingDataNormal -->
        <test-method status="PASS" signature="ChargingDataNormal(java.lang.String, java.lang.String, java.lang.String, java.lang.String)[pri:0, instance:com.bitnei.apitest.testcases.openapi.ChargingDataTest@140e5a13]" name="ChargingDataNormal" duration-ms="264" started-at="2019-09-05T08:19:15Z" description="查询珠海车辆充电数据" data-provider="dp" finished-at="2019-09-05T08:19:15Z">
          <params>
            <param index="0">
              <value>
                <![CDATA[选择时间范围不得超过一个自然日]]>
              </value>
            </param>
            <param index="1">
              <value>
                <![CDATA[/external/1/zhuhai/api/chargingData]]>
              </value>
            </param>
            <param index="2">
              <value>
                <![CDATA[?licensePlate=粤C00859D&from=2019-03-01+10:49:21&to=2019-03-03+10:49:21]]>
              </value>
            </param>
            <param index="3">
              <value>
                <![CDATA[{"status":400,"errorMsg":"VALID","data":"选择时间范围不得超过一个自然日","error":true}]]>
              </value>
            </param>
          </params>
          <reporter-output>
          </reporter-output>
        </test-method> <!-- ChargingDataNormal -->
        <test-method status="PASS" signature="ChargingDataNormal(java.lang.String, java.lang.String, java.lang.String, java.lang.String)[pri:0, instance:com.bitnei.apitest.testcases.openapi.ChargingDataTest@140e5a13]" name="ChargingDataNormal" duration-ms="261" started-at="2019-09-05T08:19:15Z" description="查询珠海车辆充电数据" data-provider="dp" finished-at="2019-09-05T08:19:15Z">
          <params>
            <param index="0">
              <value>
                <![CDATA[选择时间范围开始时间不能大于结束时间]]>
              </value>
            </param>
            <param index="1">
              <value>
                <![CDATA[/external/1/zhuhai/api/chargingData]]>
              </value>
            </param>
            <param index="2">
              <value>
                <![CDATA[?licensePlate=粤C00859D&from=2019-03-03+10:49:21&to=2019-03-02+10:49:21]]>
              </value>
            </param>
            <param index="3">
              <value>
                <![CDATA[{"status":400,"errorMsg":"VALID","data":"参数 from 2019-03-03 10:49:21 不能大于 to 2019-03-02 10:49:21","error":true}]]>
              </value>
            </param>
          </params>
          <reporter-output>
          </reporter-output>
        </test-method> <!-- ChargingDataNormal -->
        <test-method status="PASS" signature="ChargingDataNormal(java.lang.String, java.lang.String, java.lang.String, java.lang.String)[pri:0, instance:com.bitnei.apitest.testcases.openapi.ChargingDataTest@140e5a13]" name="ChargingDataNormal" duration-ms="169" started-at="2019-09-05T08:19:15Z" description="查询珠海车辆充电数据" data-provider="dp" finished-at="2019-09-05T08:19:16Z">
          <params>
            <param index="0">
              <value>
                <![CDATA[数据缺少车牌号参数]]>
              </value>
            </param>
            <param index="1">
              <value>
                <![CDATA[/external/1/zhuhai/api/chargingData]]>
              </value>
            </param>
            <param index="2">
              <value>
                <![CDATA[?from=2019-03-03+10:49:21&to=2019-03-02+10:49:21]]>
              </value>
            </param>
            <param index="3">
              <value>
                <![CDATA[{"status":400,"errorMsg":"VALID","data":"Required String parameter 'licensePlate' is not present","error":true}]]>
              </value>
            </param>
          </params>
          <reporter-output>
          </reporter-output>
        </test-method> <!-- ChargingDataNormal -->
        <test-method status="PASS" signature="ChargingDataNormal(java.lang.String, java.lang.String, java.lang.String, java.lang.String)[pri:0, instance:com.bitnei.apitest.testcases.openapi.ChargingDataTest@140e5a13]" name="ChargingDataNormal" duration-ms="21715" started-at="2019-09-05T08:19:16Z" description="查询珠海车辆充电数据" data-provider="dp" finished-at="2019-09-05T08:19:37Z">
          <params>
            <param index="0">
              <value>
                <![CDATA[参数车牌号无效]]>
              </value>
            </param>
            <param index="1">
              <value>
                <![CDATA[/external/1/zhuhai/api/chargingData]]>
              </value>
            </param>
            <param index="2">
              <value>
                <![CDATA[?licensePlate=粤C00859&from=2019-03-01+07:49:21&to=2019-03-01+10:49:21]]>
              </value>
            </param>
            <param index="3">
              <value>
                <![CDATA[{"status":400,"errorMsg":"VALID","data":"车牌粤C00859号无效或没有车辆充电数据","error":true}]]>
              </value>
            </param>
          </params>
          <reporter-output>
          </reporter-output>
        </test-method> <!-- ChargingDataNormal -->
      </class> <!-- com.bitnei.apitest.testcases.openapi.ChargingDataTest -->
      <class name="com.bitnei.apitest.testcases.openapi.EnergyConservation">
        <test-method status="PASS" signature="setUp(java.lang.String)[pri:0, instance:com.bitnei.apitest.testcases.openapi.EnergyConservation@2473b9ce]" name="setUp" is-config="true" duration-ms="74" started-at="2019-09-05T08:18:45Z" finished-at="2019-09-05T08:18:45Z">
          <params>
            <param index="0">
              <value>
                <![CDATA[http://61.149.8.78:83]]>
              </value>
            </param>
          </params>
          <reporter-output>
          </reporter-output>
        </test-method> <!-- setUp -->
        <test-method status="PASS" signature="EnergyConservationNormal(java.lang.String)[pri:0, instance:com.bitnei.apitest.testcases.openapi.EnergyConservation@2473b9ce]" name="EnergyConservationNormal" duration-ms="56" started-at="2019-09-05T08:18:45Z" description="碳排放接口查询正常" data-provider="dataprovider6" finished-at="2019-09-05T08:18:46Z">
          <params>
            <param index="0">
              <value>
                <![CDATA[{"status":200,"errorMsg":null,"data":0.5072,"error":false}]]>
              </value>
            </param>
          </params>
          <reporter-output>
          </reporter-output>
        </test-method> <!-- EnergyConservationNormal -->
        <test-method status="PASS" signature="EnergyConservationUpScope(java.lang.String)[pri:0, instance:com.bitnei.apitest.testcases.openapi.EnergyConservation@2473b9ce]" name="EnergyConservationUpScope" duration-ms="49" started-at="2019-09-05T08:18:46Z" description="碳排放接口时间超3个月" data-provider="dataprovider7" finished-at="2019-09-05T08:18:46Z">
          <params>
            <param index="0">
              <value>
                <![CDATA[{"status":400,"errorMsg":"VALID","data":"选择时间范围不得超过3个月","error":true}]]>
              </value>
            </param>
          </params>
          <reporter-output>
          </reporter-output>
        </test-method> <!-- EnergyConservationUpScope -->
        <test-method status="PASS" signature="EnergyConservationWrongDateFormat(java.lang.String)[pri:0, instance:com.bitnei.apitest.testcases.openapi.EnergyConservation@2473b9ce]" name="EnergyConservationWrongDateFormat" duration-ms="42" started-at="2019-09-05T08:18:46Z" description="碳排放接口开始时间不符合规则" data-provider="dataprovider9" finished-at="2019-09-05T08:18:46Z">
          <params>
            <param index="0">
              <value>
                <![CDATA[{"status":400,"errorMsg":"VALID","data":"参数 from 2019.05.10 不符合规则：yyyy-MM-dd","error":true}]]>
              </value>
            </param>
          </params>
          <reporter-output>
          </reporter-output>
        </test-method> <!-- EnergyConservationWrongDateFormat -->
        <test-method status="PASS" signature="EnergyConservationWrongTime(java.lang.String)[pri:0, instance:com.bitnei.apitest.testcases.openapi.EnergyConservation@2473b9ce]" name="EnergyConservationWrongTime" duration-ms="53" started-at="2019-09-05T08:18:46Z" description="碳排放接口开始间大于结束时间" data-provider="dataprovider8" finished-at="2019-09-05T08:18:46Z">
          <params>
            <param index="0">
              <value>
                <![CDATA[{"status":400,"errorMsg":"VALID","data":"参数 from 2019-05-10 不能大于 to 2019-04-13","error":true}]]>
              </value>
            </param>
          </params>
          <reporter-output>
          </reporter-output>
        </test-method> <!-- EnergyConservationWrongTime -->
      </class> <!-- com.bitnei.apitest.testcases.openapi.EnergyConservation -->
    </test> <!-- OPENAPI -->
    <test name="DATASEND" duration-ms="12355" started-at="2019-09-05T08:19:37Z" finished-at="2019-09-05T08:19:50Z">
      <class name="com.bitnei.apitest.testcases.datasend.ProtocolUpdate">
        <test-method status="PASS" signature="setUp(java.lang.String)[pri:0, instance:com.bitnei.apitest.testcases.datasend.ProtocolUpdate@16267862]" name="setUp" is-config="true" duration-ms="1059" started-at="2019-09-05T08:19:40Z" finished-at="2019-09-05T08:19:41Z">
          <params>
            <param index="0">
              <value>
                <![CDATA[http://10.10.26.3:81]]>
              </value>
            </param>
          </params>
          <reporter-output>
          </reporter-output>
        </test-method> <!-- setUp -->
        <test-method status="PASS" signature="ProtocolUpdateData(java.lang.String)[pri:0, instance:com.bitnei.apitest.testcases.datasend.ProtocolUpdate@16267862]" name="ProtocolUpdateData" duration-ms="2760" started-at="2019-09-05T08:19:41Z" description="数据转发平台新增协议" data-provider="dataprovider1" finished-at="2019-09-05T08:19:44Z">
          <params>
            <param index="0">
              <value>
                <![CDATA[{"status":200,"errorMsg":null,"data":null,"error":false}]]>
              </value>
            </param>
          </params>
          <reporter-output>
          </reporter-output>
        </test-method> <!-- ProtocolUpdateData -->
      </class> <!-- com.bitnei.apitest.testcases.datasend.ProtocolUpdate -->
      <class name="com.bitnei.apitest.testcases.datasend.PlatForm">
        <test-method status="PASS" signature="setUp(java.lang.String)[pri:0, instance:com.bitnei.apitest.testcases.datasend.PlatForm@10b48321]" name="setUp" is-config="true" duration-ms="1321" started-at="2019-09-05T08:19:37Z" finished-at="2019-09-05T08:19:39Z">
          <params>
            <param index="0">
              <value>
                <![CDATA[http://10.10.26.3:81]]>
              </value>
            </param>
          </params>
          <reporter-output>
          </reporter-output>
        </test-method> <!-- setUp -->
        <test-method status="PASS" signature="PlatFormAdd(java.lang.String)[pri:0, instance:com.bitnei.apitest.testcases.datasend.PlatForm@10b48321]" name="PlatFormAdd" duration-ms="282" started-at="2019-09-05T08:19:39Z" description="数据转发平台配置新增数据" data-provider="dataprovider1" finished-at="2019-09-05T08:19:39Z">
          <params>
            <param index="0">
              <value>
                <![CDATA[{"status":200,"errorMsg":null,"data":null,"error":false}]]>
              </value>
            </param>
          </params>
          <reporter-output>
          </reporter-output>
        </test-method> <!-- PlatFormAdd -->
      </class> <!-- com.bitnei.apitest.testcases.datasend.PlatForm -->
      <class name="com.bitnei.apitest.testcases.datasend.ProtocolAdd">
        <test-method status="PASS" signature="setUp(java.lang.String)[pri:0, instance:com.bitnei.apitest.testcases.datasend.ProtocolAdd@6b67034]" name="setUp" is-config="true" duration-ms="1084" started-at="2019-09-05T08:19:39Z" finished-at="2019-09-05T08:19:40Z">
          <params>
            <param index="0">
              <value>
                <![CDATA[http://10.10.26.3:81]]>
              </value>
            </param>
          </params>
          <reporter-output>
          </reporter-output>
        </test-method> <!-- setUp -->
        <test-method status="PASS" signature="ProtocolAddData(java.lang.String)[pri:0, instance:com.bitnei.apitest.testcases.datasend.ProtocolAdd@6b67034]" name="ProtocolAddData" duration-ms="75" started-at="2019-09-05T08:19:40Z" description="数据转发平台新增协议" data-provider="dataprovider1" finished-at="2019-09-05T08:19:40Z">
          <params>
            <param index="0">
              <value>
                <![CDATA[{"status":200,"errorMsg":null,"data":null,"error":false}]]>
              </value>
            </param>
          </params>
          <reporter-output>
          </reporter-output>
        </test-method> <!-- ProtocolAddData -->
      </class> <!-- com.bitnei.apitest.testcases.datasend.ProtocolAdd -->
      <class name="com.bitnei.apitest.testcases.datasend.VehicleAdd">
        <test-method status="PASS" signature="setUp(java.lang.String)[pri:0, instance:com.bitnei.apitest.testcases.datasend.VehicleAdd@71248c21]" name="setUp" is-config="true" duration-ms="1219" started-at="2019-09-05T08:19:46Z" finished-at="2019-09-05T08:19:47Z">
          <params>
            <param index="0">
              <value>
                <![CDATA[http://10.10.26.3:81]]>
              </value>
            </param>
          </params>
          <reporter-output>
          </reporter-output>
        </test-method> <!-- setUp -->
        <test-method status="PASS" signature="VehicleAddData(java.lang.String)[pri:0, instance:com.bitnei.apitest.testcases.datasend.VehicleAdd@71248c21]" name="VehicleAddData" duration-ms="752" started-at="2019-09-05T08:19:47Z" description="任务添加车辆" data-provider="dataprovider5" finished-at="2019-09-05T08:19:48Z">
          <params>
            <param index="0">
              <value>
                <![CDATA[{"status":200,"errorMsg":null,"data":{"existVehicle":[],"insertCount":"1"},"error":false}]]>
              </value>
            </param>
          </params>
          <reporter-output>
          </reporter-output>
        </test-method> <!-- VehicleAddData -->
      </class> <!-- com.bitnei.apitest.testcases.datasend.VehicleAdd -->
      <class name="com.bitnei.apitest.testcases.datasend.VehicleRemove">
        <test-method status="PASS" signature="setUp(java.lang.String)[pri:0, instance:com.bitnei.apitest.testcases.datasend.VehicleRemove@442675e1]" name="setUp" is-config="true" duration-ms="1042" started-at="2019-09-05T08:19:48Z" finished-at="2019-09-05T08:19:49Z">
          <params>
            <param index="0">
              <value>
                <![CDATA[http://10.10.26.3:81]]>
              </value>
            </param>
          </params>
          <reporter-output>
          </reporter-output>
        </test-method> <!-- setUp -->
        <test-method status="PASS" signature="VehicleRemoveData(java.lang.String)[pri:0, instance:com.bitnei.apitest.testcases.datasend.VehicleRemove@442675e1]" name="VehicleRemoveData" duration-ms="1035" started-at="2019-09-05T08:19:49Z" description="任务添加车辆" data-provider="dataprovider1" finished-at="2019-09-05T08:19:50Z">
          <params>
            <param index="0">
              <value>
                <![CDATA[{"status":200,"errorMsg":null,"data":null,"error":false}]]>
              </value>
            </param>
          </params>
          <reporter-output>
          </reporter-output>
        </test-method> <!-- VehicleRemoveData -->
      </class> <!-- com.bitnei.apitest.testcases.datasend.VehicleRemove -->
      <class name="com.bitnei.apitest.testcases.datasend.TaskAdd">
        <test-method status="PASS" signature="setUp(java.lang.String)[pri:0, instance:com.bitnei.apitest.testcases.datasend.TaskAdd@453da22c]" name="setUp" is-config="true" duration-ms="1096" started-at="2019-09-05T08:19:44Z" finished-at="2019-09-05T08:19:45Z">
          <params>
            <param index="0">
              <value>
                <![CDATA[http://10.10.26.3:81]]>
              </value>
            </param>
          </params>
          <reporter-output>
          </reporter-output>
        </test-method> <!-- setUp -->
        <test-method status="PASS" signature="TaskAddData(java.lang.String)[pri:0, instance:com.bitnei.apitest.testcases.datasend.TaskAdd@453da22c]" name="TaskAddData" duration-ms="615" started-at="2019-09-05T08:19:45Z" description="数据转发平台新增任务" data-provider="dataprovider1" finished-at="2019-09-05T08:19:46Z">
          <params>
            <param index="0">
              <value>
                <![CDATA[{"status":200,"errorMsg":null,"data":null,"error":false}]]>
              </value>
            </param>
          </params>
          <reporter-output>
          </reporter-output>
        </test-method> <!-- TaskAddData -->
      </class> <!-- com.bitnei.apitest.testcases.datasend.TaskAdd -->
    </test> <!-- DATASEND -->
  </suite> <!-- apitest -->
</testng-results>
