<?xml version="1.0" encoding="UTF-8"?>
<testng-results skipped="0" failed="0" ignored="0" total="1" passed="1">
  <reporter-output>
  </reporter-output>
  <suite name="apitest" duration-ms="3559" started-at="2019-02-22T03:18:49Z" finished-at="2019-02-22T03:18:53Z">
    <groups>
    </groups>
    <test name="Default test" duration-ms="3559" started-at="2019-02-22T03:18:49Z" finished-at="2019-02-22T03:18:53Z">
      <class name="com.bitnei.apitest.testcases.bidash.SchemeAdd">
        <test-method status="PASS" signature="setUp(java.lang.String)[pri:0, instance:com.bitnei.apitest.testcases.bidash.SchemeAdd@32709393]" name="setUp" is-config="true" duration-ms="1069" started-at="2019-02-22T03:18:49Z" finished-at="2019-02-22T03:18:50Z">
          <params>
            <param index="0">
              <value>
                <![CDATA[http://bdp-app.bitnei.cn:7789]]>
              </value>
            </param>
          </params>
          <reporter-output>
          </reporter-output>
        </test-method> <!-- setUp -->
        <test-method status="PASS" signature="SchemeDeleteData(java.lang.String)[pri:2, instance:com.bitnei.apitest.testcases.bidash.SchemeAdd@32709393]" name="SchemeDeleteData" duration-ms="2469" started-at="2019-02-22T03:18:50Z" description="配置后台删除方案" data-provider="dataprovider1" finished-at="2019-02-22T03:18:53Z">
          <params>
            <param index="0">
              <value>
                <![CDATA[{"status":200,"errorMsg":null,"data":null,"error":false}]]>
              </value>
            </param>
          </params>
          <reporter-output>
          </reporter-output>
        </test-method> <!-- SchemeDeleteData -->
      </class> <!-- com.bitnei.apitest.testcases.bidash.SchemeAdd -->
    </test> <!-- Default test -->
  </suite> <!-- apitest -->
</testng-results>
