<?xml version="1.0" encoding="UTF-8"?>
<testng-results skipped="0" failed="0" ignored="0" total="11" passed="11">
  <reporter-output>
  </reporter-output>
  <suite name="apitest" duration-ms="3888" started-at="2020-01-06T03:30:32Z" finished-at="2020-01-06T03:30:36Z">
    <groups>
    </groups>
    <test name="Default test" duration-ms="3888" started-at="2020-01-06T03:30:32Z" finished-at="2020-01-06T03:30:36Z">
      <class name="com.bitnei.apitest.testcases.saas.ApiTest">
        <test-method status="PASS" signature="setUp(java.lang.String, java.lang.String)[pri:0, instance:com.bitnei.apitest.testcases.saas.ApiTest@50de0926]" name="setUp" is-config="true" duration-ms="2398" started-at="2020-01-06T03:30:32Z" finished-at="2020-01-06T03:30:35Z">
          <params>
            <param index="0">
              <value>
                <![CDATA[http://test-saas.bitnei.cn]]>
              </value>
            </param>
            <param index="1">
              <value>
                <![CDATA[src/main/resources/TEST.xlsx]]>
              </value>
            </param>
          </params>
          <reporter-output>
          </reporter-output>
        </test-method> <!-- setUp -->
        <test-method status="PASS" signature="ApiTestCode(java.lang.String, java.lang.String, java.lang.String, java.lang.String)[pri:0, instance:com.bitnei.apitest.testcases.saas.ApiTest@50de0926]" name="ApiTestCode" duration-ms="266" started-at="2020-01-06T03:30:35Z" description="api返回码验证为10000" data-provider="dp" finished-at="2020-01-06T03:30:35Z">
          <params>
            <param index="0">
              <value>
                <![CDATA[好车伯乐接口返回为空]]>
              </value>
            </param>
            <param index="1">
              <value>
                <![CDATA[/external-api/vehicle-battery/autobole/vehicle/static?]]>
              </value>
            </param>
            <param index="2">
              <value>
                <![CDATA[vin=123]]>
              </value>
            </param>
            <param index="3">
              <value>
                <![CDATA[{"status":200,"errorMsg":null,"data":null,"error":false,"code":"35000"}]]>
              </value>
            </param>
          </params>
          <reporter-output>
          </reporter-output>
        </test-method> <!-- ApiTestCode -->
        <test-method status="PASS" signature="ApiTestCode(java.lang.String, java.lang.String, java.lang.String, java.lang.String)[pri:0, instance:com.bitnei.apitest.testcases.saas.ApiTest@50de0926]" name="ApiTestCode" duration-ms="88" started-at="2020-01-06T03:30:35Z" description="api返回码验证为10000" data-provider="dp" finished-at="2020-01-06T03:30:35Z">
          <params>
            <param index="0">
              <value>
                <![CDATA[好车伯乐正常调用]]>
              </value>
            </param>
            <param index="1">
              <value>
                <![CDATA[/external-api/vehicle-battery/autobole/vehicle/static?]]>
              </value>
            </param>
            <param index="2">
              <value>
                <![CDATA[vin=LGXCD4D48J0211179]]>
              </value>
            </param>
            <param index="3">
              <value>
                <![CDATA[{"status":200,"errorMsg":null,"data":{"brand":"比亚迪","bsie":18.0,"bulletinNO":"BYD6460STHEV10","joinTime":"2019-07-27 06:31:16","platform":"私人","series":"未知","seurityMonitor":true,"type":"BYD6460STHEV10","use":"02","vin":"14b8e610b61d2e7e6102144c1fa9df24"},"error":false,"code":"10000"}]]>
              </value>
            </param>
          </params>
          <reporter-output>
          </reporter-output>
        </test-method> <!-- ApiTestCode -->
        <test-method status="PASS" signature="ApiTestCode(java.lang.String, java.lang.String, java.lang.String, java.lang.String)[pri:0, instance:com.bitnei.apitest.testcases.saas.ApiTest@50de0926]" name="ApiTestCode" duration-ms="199" started-at="2020-01-06T03:30:35Z" description="api返回码验证为10000" data-provider="dp" finished-at="2020-01-06T03:30:35Z">
          <params>
            <param index="0">
              <value>
                <![CDATA[获取车辆实时位置及里程接口参数vin]]>
              </value>
            </param>
            <param index="1">
              <value>
                <![CDATA[/external-api/lbs/test/vehicle/realTimeData?]]>
              </value>
            </param>
            <param index="2">
              <value>
                <![CDATA[vin=LHWCJ95D0H1170711]]>
              </value>
            </param>
            <param index="3">
              <value>
                <![CDATA[{"status":200,"errorMsg":null,"error":false,"code":"10000"}]]>
              </value>
            </param>
          </params>
          <reporter-output>
          </reporter-output>
        </test-method> <!-- ApiTestCode -->
        <test-method status="PASS" signature="ApiTestCode(java.lang.String, java.lang.String, java.lang.String, java.lang.String)[pri:0, instance:com.bitnei.apitest.testcases.saas.ApiTest@50de0926]" name="ApiTestCode" duration-ms="74" started-at="2020-01-06T03:30:35Z" description="api返回码验证为10000" data-provider="dp" finished-at="2020-01-06T03:30:36Z">
          <params>
            <param index="0">
              <value>
                <![CDATA[获取车辆实时位置及里程为空]]>
              </value>
            </param>
            <param index="1">
              <value>
                <![CDATA[/external-api/lbs/test/vehicle/realTimeData?]]>
              </value>
            </param>
            <param index="2">
              <value>
                <![CDATA[vin=123]]>
              </value>
            </param>
            <param index="3">
              <value>
                <![CDATA[{"status":200,"errorMsg":null,"data":null,"error":false,"code":"35000"}]]>
              </value>
            </param>
          </params>
          <reporter-output>
          </reporter-output>
        </test-method> <!-- ApiTestCode -->
        <test-method status="PASS" signature="ApiTestCode(java.lang.String, java.lang.String, java.lang.String, java.lang.String)[pri:0, instance:com.bitnei.apitest.testcases.saas.ApiTest@50de0926]" name="ApiTestCode" duration-ms="92" started-at="2020-01-06T03:30:36Z" description="api返回码验证为10000" data-provider="dp" finished-at="2020-01-06T03:30:36Z">
          <params>
            <param index="0">
              <value>
                <![CDATA[获取车辆实时位置及里程接口参数carNO]]>
              </value>
            </param>
            <param index="1">
              <value>
                <![CDATA[/external-api/lbs/test/vehicle/realTimeData?]]>
              </value>
            </param>
            <param index="2">
              <value>
                <![CDATA[carNO=湘N0J881]]>
              </value>
            </param>
            <param index="3">
              <value>
                <![CDATA[{"status":200,"errorMsg":null,"error":false,"code":"10000"}]]>
              </value>
            </param>
          </params>
          <reporter-output>
          </reporter-output>
        </test-method> <!-- ApiTestCode -->
        <test-method status="PASS" signature="ApiTestCode(java.lang.String, java.lang.String, java.lang.String, java.lang.String)[pri:0, instance:com.bitnei.apitest.testcases.saas.ApiTest@50de0926]" name="ApiTestCode" duration-ms="236" started-at="2020-01-06T03:30:36Z" description="api返回码验证为10000" data-provider="dp" finished-at="2020-01-06T03:30:36Z">
          <params>
            <param index="0">
              <value>
                <![CDATA[获取车辆轨迹接口参数vin]]>
              </value>
            </param>
            <param index="1">
              <value>
                <![CDATA[/external-api/lbs/test/vehicle/locations?]]>
              </value>
            </param>
            <param index="2">
              <value>
                <![CDATA[vin=L1HBBDA52JS000282&fromDate=2019-10-20%2007:16:20&toDate=2019-10-20%2007:16:30]]>
              </value>
            </param>
            <param index="3">
              <value>
                <![CDATA[{"status":200,"errorMsg":null,"data":[{"id":"700_730}","locations":[["113.317816","22.698654"]]}],"error":false,"code":"10000"}]]>
              </value>
            </param>
          </params>
          <reporter-output>
          </reporter-output>
        </test-method> <!-- ApiTestCode -->
        <test-method status="PASS" signature="ApiTestCode(java.lang.String, java.lang.String, java.lang.String, java.lang.String)[pri:0, instance:com.bitnei.apitest.testcases.saas.ApiTest@50de0926]" name="ApiTestCode" duration-ms="157" started-at="2020-01-06T03:30:36Z" description="api返回码验证为10000" data-provider="dp" finished-at="2020-01-06T03:30:36Z">
          <params>
            <param index="0">
              <value>
                <![CDATA[获取车辆轨迹接口参数carNO]]>
              </value>
            </param>
            <param index="1">
              <value>
                <![CDATA[/external-api/lbs/test/vehicle/locations?]]>
              </value>
            </param>
            <param index="2">
              <value>
                <![CDATA[carNO=%E7%B2%A4T09400D&fromDate=2019-10-20%2007:16:20&toDate=2019-10-20%2007:16:30]]>
              </value>
            </param>
            <param index="3">
              <value>
                <![CDATA[{"status":200,"errorMsg":null,"data":[{"id":"700_730}","locations":[["113.317816","22.698654"]]}],"error":false,"code":"10000"}]]>
              </value>
            </param>
          </params>
          <reporter-output>
          </reporter-output>
        </test-method> <!-- ApiTestCode -->
        <test-method status="PASS" signature="ApiTestCode(java.lang.String, java.lang.String, java.lang.String, java.lang.String)[pri:0, instance:com.bitnei.apitest.testcases.saas.ApiTest@50de0926]" name="ApiTestCode" duration-ms="52" started-at="2020-01-06T03:30:36Z" description="api返回码验证为10000" data-provider="dp" finished-at="2020-01-06T03:30:36Z">
          <params>
            <param index="0">
              <value>
                <![CDATA[获取车辆轨迹接口返回为空]]>
              </value>
            </param>
            <param index="1">
              <value>
                <![CDATA[/external-api/lbs/test/vehicle/locations?]]>
              </value>
            </param>
            <param index="2">
              <value>
                <![CDATA[vin=123&fromDate=2019-10-20%2007:16:20&toDate=2019-10-20%2007:16:30]]>
              </value>
            </param>
            <param index="3">
              <value>
                <![CDATA[{"status":200,"errorMsg":null,"data":null,"error":false,"code":"35000"}]]>
              </value>
            </param>
          </params>
          <reporter-output>
          </reporter-output>
        </test-method> <!-- ApiTestCode -->
        <test-method status="PASS" signature="ApiTestCode(java.lang.String, java.lang.String, java.lang.String, java.lang.String)[pri:0, instance:com.bitnei.apitest.testcases.saas.ApiTest@50de0926]" name="ApiTestCode" duration-ms="166" started-at="2020-01-06T03:30:36Z" description="api返回码验证为10000" data-provider="dp" finished-at="2020-01-06T03:30:36Z">
          <params>
            <param index="0">
              <value>
                <![CDATA[获取车辆风险评分和三年内行驶里程参数vin]]>
              </value>
            </param>
            <param index="1">
              <value>
                <![CDATA[/external-api/vrm/insurance/lable?]]>
              </value>
            </param>
            <param index="2">
              <value>
                <![CDATA[vin=L6T78Y4W1HN038079]]>
              </value>
            </param>
            <param index="3">
              <value>
                <![CDATA[{"status":200,"errorMsg":null,"data":{"risk_score":25.8533,"mileage_12":5881.0,"mileage_24":6272.0,"mileage_36":4300.0},"error":false,"code":"10000"}]]>
              </value>
            </param>
          </params>
          <reporter-output>
          </reporter-output>
        </test-method> <!-- ApiTestCode -->
        <test-method status="PASS" signature="ApiTestCode(java.lang.String, java.lang.String, java.lang.String, java.lang.String)[pri:0, instance:com.bitnei.apitest.testcases.saas.ApiTest@50de0926]" name="ApiTestCode" duration-ms="47" started-at="2020-01-06T03:30:36Z" description="api返回码验证为10000" data-provider="dp" finished-at="2020-01-06T03:30:36Z">
          <params>
            <param index="0">
              <value>
                <![CDATA[获取车辆风险评分和三年内行驶里程参数carNO]]>
              </value>
            </param>
            <param index="1">
              <value>
                <![CDATA[/external-api/vrm/insurance/lable?]]>
              </value>
            </param>
            <param index="2">
              <value>
                <![CDATA[carNO=%E4%BA%ACN05EV5]]>
              </value>
            </param>
            <param index="3">
              <value>
                <![CDATA[{"status":200,"errorMsg":null,"data":{"risk_score":25.8533,"mileage_12":5881.0,"mileage_24":6272.0,"mileage_36":4300.0},"error":false,"code":"10000"}]]>
              </value>
            </param>
          </params>
          <reporter-output>
          </reporter-output>
        </test-method> <!-- ApiTestCode -->
        <test-method status="PASS" signature="ApiTestCode(java.lang.String, java.lang.String, java.lang.String, java.lang.String)[pri:0, instance:com.bitnei.apitest.testcases.saas.ApiTest@50de0926]" name="ApiTestCode" duration-ms="45" started-at="2020-01-06T03:30:36Z" description="api返回码验证为10000" data-provider="dp" finished-at="2020-01-06T03:30:36Z">
          <params>
            <param index="0">
              <value>
                <![CDATA[获取车辆风险评分和三年内行驶里程参数返回为空]]>
              </value>
            </param>
            <param index="1">
              <value>
                <![CDATA[/external-api/vrm/insurance/lable?]]>
              </value>
            </param>
            <param index="2">
              <value>
                <![CDATA[vin=123]]>
              </value>
            </param>
            <param index="3">
              <value>
                <![CDATA[{"status":200,"errorMsg":null,"data":{"risk_score":null,"mileage_12":null,"mileage_24":null,"mileage_36":null},"error":false,"code":"10000"}]]>
              </value>
            </param>
          </params>
          <reporter-output>
          </reporter-output>
        </test-method> <!-- ApiTestCode -->
      </class> <!-- com.bitnei.apitest.testcases.saas.ApiTest -->
    </test> <!-- Default test -->
  </suite> <!-- apitest -->
</testng-results>
