<?xml version="1.0" encoding="UTF-8"?>
<testng-results skipped="0" failed="0" ignored="0" total="14" passed="14">
  <reporter-output>
  </reporter-output>
  <suite name="apitest" duration-ms="26053" started-at="2021-03-24T02:57:16Z" finished-at="2021-03-24T02:57:42Z">
    <groups>
    </groups>
    <test name="Default test" duration-ms="26053" started-at="2021-03-24T02:57:16Z" finished-at="2021-03-24T02:57:42Z">
      <class name="com.bitnei.apitest.testcases.saas.PostApiTestParas">
        <test-method status="PASS" signature="setUp(java.lang.String, java.lang.String)[pri:0, instance:com.bitnei.apitest.testcases.saas.PostApiTestParas@679b62af]" name="setUp" is-config="true" duration-ms="17461" started-at="2021-03-24T02:57:16Z" finished-at="2021-03-24T02:57:34Z">
          <params>
            <param index="0">
              <value>
                <![CDATA[http://test-saas.bitnei.cn]]>
              </value>
            </param>
            <param index="1">
              <value>
                <![CDATA[src/main/resources/TEST.xlsx]]>
              </value>
            </param>
          </params>
          <reporter-output>
          </reporter-output>
        </test-method> <!-- setUp -->
        <test-method status="PASS" signature="ApiTest(java.lang.String, java.lang.String, java.lang.String, java.lang.String)[pri:0, instance:com.bitnei.apitest.testcases.saas.PostApiTestParas@679b62af]" name="ApiTest" duration-ms="2550" started-at="2021-03-24T02:57:34Z" description="api接口" data-provider="dp" finished-at="2021-03-24T02:57:36Z">
          <params>
            <param index="0">
              <value>
                <![CDATA[API接口EC动力接收充电数据]]>
              </value>
            </param>
            <param index="1">
              <value>
                <![CDATA[/external-api/vehicle-charge/charge/herui/vehicle/receive]]>
              </value>
            </param>
            <param index="2">
              <value>
                <![CDATA[{"carNO":"京ADK2768","startSoc":"41","endSoc":"100","lat":"40.1297269989","lng":"116.5992975284","station":"EC动力顺丰充电站","startTime":"2019-10-12 21:38:25","endTime":"2019-10-13 01:24:25","id":"38145","electricAmount":"29.97","current":"1.9","voltage":"402","type":"1"}]]>
              </value>
            </param>
            <param index="3">
              <value>
                <![CDATA[{"status":200,"errorMsg":null,"data":null,"error":false,"code":"10000"}]]>
              </value>
            </param>
          </params>
          <reporter-output>
          </reporter-output>
        </test-method> <!-- ApiTest -->
        <test-method status="PASS" signature="ApiTest(java.lang.String, java.lang.String, java.lang.String, java.lang.String)[pri:0, instance:com.bitnei.apitest.testcases.saas.PostApiTestParas@679b62af]" name="ApiTest" duration-ms="531" started-at="2021-03-24T02:57:36Z" description="api接口" data-provider="dp" finished-at="2021-03-24T02:57:37Z">
          <params>
            <param index="0">
              <value>
                <![CDATA[鼎然科技白名单添加]]>
              </value>
            </param>
            <param index="1">
              <value>
                <![CDATA[/external-api/vrm/special/dingran/white/roster/receive?vin=LC0DE6CB9H1000142&actionType=1]]>
              </value>
            </param>
            <param index="2">
              <value>
                <![CDATA[]]>
              </value>
            </param>
            <param index="3">
              <value>
                <![CDATA[{"status":200,"errorMsg":null,"data":1,"error":false,"code":"10000"}]]>
              </value>
            </param>
          </params>
          <reporter-output>
          </reporter-output>
        </test-method> <!-- ApiTest -->
        <test-method status="PASS" signature="ApiTest(java.lang.String, java.lang.String, java.lang.String, java.lang.String)[pri:0, instance:com.bitnei.apitest.testcases.saas.PostApiTestParas@679b62af]" name="ApiTest" duration-ms="564" started-at="2021-03-24T02:57:37Z" description="api接口" data-provider="dp" finished-at="2021-03-24T02:57:37Z">
          <params>
            <param index="0">
              <value>
                <![CDATA[鼎然科技白名单删除]]>
              </value>
            </param>
            <param index="1">
              <value>
                <![CDATA[/external-api/vrm/special/dingran/white/roster/receive?vin=LC0DE6CB9H1000142&actionType=2]]>
              </value>
            </param>
            <param index="2">
              <value>
                <![CDATA[]]>
              </value>
            </param>
            <param index="3">
              <value>
                <![CDATA[{"status":200,"errorMsg":null,"data":1,"error":false,"code":"10000"}]]>
              </value>
            </param>
          </params>
          <reporter-output>
          </reporter-output>
        </test-method> <!-- ApiTest -->
        <test-method status="PASS" signature="ApiTest(java.lang.String, java.lang.String, java.lang.String, java.lang.String)[pri:0, instance:com.bitnei.apitest.testcases.saas.PostApiTestParas@679b62af]" name="ApiTest" duration-ms="445" started-at="2021-03-24T02:57:37Z" description="api接口" data-provider="dp" finished-at="2021-03-24T02:57:38Z">
          <params>
            <param index="0">
              <value>
                <![CDATA[鼎然科技白名单操作类型输入错误3]]>
              </value>
            </param>
            <param index="1">
              <value>
                <![CDATA[/external-api/vrm/special/dingran/white/roster/receive?vin=LC0DE6CB9H1000142&actionType=3]]>
              </value>
            </param>
            <param index="2">
              <value>
                <![CDATA[]]>
              </value>
            </param>
            <param index="3">
              <value>
                <![CDATA[{"status":200,"errorMsg":"操作类型不正确","data":null,"error":true,"code":"30001"}]]>
              </value>
            </param>
          </params>
          <reporter-output>
          </reporter-output>
        </test-method> <!-- ApiTest -->
        <test-method status="PASS" signature="ApiTest(java.lang.String, java.lang.String, java.lang.String, java.lang.String)[pri:0, instance:com.bitnei.apitest.testcases.saas.PostApiTestParas@679b62af]" name="ApiTest" duration-ms="431" started-at="2021-03-24T02:57:38Z" description="api接口" data-provider="dp" finished-at="2021-03-24T02:57:38Z">
          <params>
            <param index="0">
              <value>
                <![CDATA[鼎然科技车辆查询不存在的vin返回false]]>
              </value>
            </param>
            <param index="1">
              <value>
                <![CDATA[/external-api/vrm/dingran/vehicle/provide]]>
              </value>
            </param>
            <param index="2">
              <value>
                <![CDATA[["123"]]]>
              </value>
            </param>
            <param index="3">
              <value>
                <![CDATA[{"status":200,"errorMsg":null,"data":[{"vin":"123","result":false}],"error":false,"code":"10000"}]]>
              </value>
            </param>
          </params>
          <reporter-output>
          </reporter-output>
        </test-method> <!-- ApiTest -->
        <test-method status="PASS" signature="ApiTest(java.lang.String, java.lang.String, java.lang.String, java.lang.String)[pri:0, instance:com.bitnei.apitest.testcases.saas.PostApiTestParas@679b62af]" name="ApiTest" duration-ms="426" started-at="2021-03-24T02:57:38Z" description="api接口" data-provider="dp" finished-at="2021-03-24T02:57:39Z">
          <params>
            <param index="0">
              <value>
                <![CDATA[鼎然科技车辆查询存在的vin返回true]]>
              </value>
            </param>
            <param index="1">
              <value>
                <![CDATA[/external-api/vrm/dingran/vehicle/provide]]>
              </value>
            </param>
            <param index="2">
              <value>
                <![CDATA[["LHWCJ95D8K1195508", "LHWCJ95D8K1195511"]]]>
              </value>
            </param>
            <param index="3">
              <value>
                <![CDATA[{"status":200,"errorMsg":null,"data":[{"vin":"LHWCJ95D8K1195508","result":true},{"vin":"LHWCJ95D8K1195511","result":true}],"error":false,"code":"10000"}]]>
              </value>
            </param>
          </params>
          <reporter-output>
          </reporter-output>
        </test-method> <!-- ApiTest -->
        <test-method status="PASS" signature="ApiTest(java.lang.String, java.lang.String, java.lang.String, java.lang.String)[pri:0, instance:com.bitnei.apitest.testcases.saas.PostApiTestParas@679b62af]" name="ApiTest" duration-ms="457" started-at="2021-03-24T02:57:39Z" description="api接口" data-provider="dp" finished-at="2021-03-24T02:57:39Z">
          <params>
            <param index="0">
              <value>
                <![CDATA[鼎然科技车辆查询vin参数为空]]>
              </value>
            </param>
            <param index="1">
              <value>
                <![CDATA[/external-api/vrm/dingran/vehicle/provide]]>
              </value>
            </param>
            <param index="2">
              <value>
                <![CDATA[[]]]>
              </value>
            </param>
            <param index="3">
              <value>
                <![CDATA[{"status":400,"errorMsg":"参数不能为空且最多支持50个","data":null,"error":true,"code":"30001"}]]>
              </value>
            </param>
          </params>
          <reporter-output>
          </reporter-output>
        </test-method> <!-- ApiTest -->
        <test-method status="PASS" signature="ApiTest(java.lang.String, java.lang.String, java.lang.String, java.lang.String)[pri:0, instance:com.bitnei.apitest.testcases.saas.PostApiTestParas@679b62af]" name="ApiTest" duration-ms="441" started-at="2021-03-24T02:57:39Z" description="api接口" data-provider="dp" finished-at="2021-03-24T02:57:40Z">
          <params>
            <param index="0">
              <value>
                <![CDATA[鼎然科技车辆查询vin参数超过50个]]>
              </value>
            </param>
            <param index="1">
              <value>
                <![CDATA[/external-api/vrm/dingran/vehicle/provide]]>
              </value>
            </param>
            <param index="2">
              <value>
                <![CDATA[["123","123","123","123","123","123","123","123","123","123","123","123","123","123","123","123","123","123","123","123","123","123","123","123","123","123","123","123","123","123","123","123","123","123","123","123","123","123","123","123","123","123","123","123","123","123","123","123","123","123","234"]]]>
              </value>
            </param>
            <param index="3">
              <value>
                <![CDATA[{"status":400,"errorMsg":"参数不能为空且最多支持50个","data":null,"error":true,"code":"30001"}]]>
              </value>
            </param>
          </params>
          <reporter-output>
          </reporter-output>
        </test-method> <!-- ApiTest -->
        <test-method status="PASS" signature="ApiTest(java.lang.String, java.lang.String, java.lang.String, java.lang.String)[pri:0, instance:com.bitnei.apitest.testcases.saas.PostApiTestParas@679b62af]" name="ApiTest" duration-ms="420" started-at="2021-03-24T02:57:40Z" description="api接口" data-provider="dp" finished-at="2021-03-24T02:57:40Z">
          <params>
            <param index="0">
              <value>
                <![CDATA[鼎然科技车辆查询vin参数相同结果去重]]>
              </value>
            </param>
            <param index="1">
              <value>
                <![CDATA[/external-api/vrm/dingran/vehicle/provide]]>
              </value>
            </param>
            <param index="2">
              <value>
                <![CDATA[["123","123","123"]]]>
              </value>
            </param>
            <param index="3">
              <value>
                <![CDATA[{"status":200,"errorMsg":null,"data":[{"vin":"123","result":false}],"error":false,"code":"10000"}]]>
              </value>
            </param>
          </params>
          <reporter-output>
          </reporter-output>
        </test-method> <!-- ApiTest -->
        <test-method status="PASS" signature="ApiTest(java.lang.String, java.lang.String, java.lang.String, java.lang.String)[pri:0, instance:com.bitnei.apitest.testcases.saas.PostApiTestParas@679b62af]" name="ApiTest" duration-ms="534" started-at="2021-03-24T02:57:40Z" description="api接口" data-provider="dp" finished-at="2021-03-24T02:57:41Z">
          <params>
            <param index="0">
              <value>
                <![CDATA[获取国家电网需要关注车辆vin格式不合法]]>
              </value>
            </param>
            <param index="1">
              <value>
                <![CDATA[/external-api/gw/vehicle/vin/interest?vin=123&operate=A]]>
              </value>
            </param>
            <param index="2">
              <value>
                <![CDATA[]]>
              </value>
            </param>
            <param index="3">
              <value>
                <![CDATA[{"status":200,"errorMsg":"VIN 规则不合法。","data":null,"error":true,"code":"31001"}]]>
              </value>
            </param>
          </params>
          <reporter-output>
          </reporter-output>
        </test-method> <!-- ApiTest -->
        <test-method status="PASS" signature="ApiTest(java.lang.String, java.lang.String, java.lang.String, java.lang.String)[pri:0, instance:com.bitnei.apitest.testcases.saas.PostApiTestParas@679b62af]" name="ApiTest" duration-ms="445" started-at="2021-03-24T02:57:41Z" description="api接口" data-provider="dp" finished-at="2021-03-24T02:57:41Z">
          <params>
            <param index="0">
              <value>
                <![CDATA[获取国家电网需要关注车辆操作类型不合法]]>
              </value>
            </param>
            <param index="1">
              <value>
                <![CDATA[/external-api/gw/vehicle/vin/interest?vin=LGXCE6DB3K0047395&operate=1]]>
              </value>
            </param>
            <param index="2">
              <value>
                <![CDATA[]]>
              </value>
            </param>
            <param index="3">
              <value>
                <![CDATA[{"status":200,"errorMsg":"A：新增；D：删除；其他操作类型不支持；","data":null,"error":true,"code":"31001"}]]>
              </value>
            </param>
          </params>
          <reporter-output>
          </reporter-output>
        </test-method> <!-- ApiTest -->
        <test-method status="PASS" signature="ApiTest(java.lang.String, java.lang.String, java.lang.String, java.lang.String)[pri:0, instance:com.bitnei.apitest.testcases.saas.PostApiTestParas@679b62af]" name="ApiTest" duration-ms="430" started-at="2021-03-24T02:57:41Z" description="api接口" data-provider="dp" finished-at="2021-03-24T02:57:41Z">
          <params>
            <param index="0">
              <value>
                <![CDATA[获取国家电网需要关注车辆vin未传]]>
              </value>
            </param>
            <param index="1">
              <value>
                <![CDATA[/external-api/gw/vehicle/vin/interest?operate=A]]>
              </value>
            </param>
            <param index="2">
              <value>
                <![CDATA[]]>
              </value>
            </param>
            <param index="3">
              <value>
                <![CDATA[{"status":200,"errorMsg":"null在国家平台不存在或未录入国家平台","data":null,"error":true,"code":"31002"}]]>
              </value>
            </param>
          </params>
          <reporter-output>
          </reporter-output>
        </test-method> <!-- ApiTest -->
        <test-method status="PASS" signature="ApiTest(java.lang.String, java.lang.String, java.lang.String, java.lang.String)[pri:0, instance:com.bitnei.apitest.testcases.saas.PostApiTestParas@679b62af]" name="ApiTest" duration-ms="449" started-at="2021-03-24T02:57:41Z" description="api接口" data-provider="dp" finished-at="2021-03-24T02:57:42Z">
          <params>
            <param index="0">
              <value>
                <![CDATA[获取国家电网需要关注车辆操作类型未传]]>
              </value>
            </param>
            <param index="1">
              <value>
                <![CDATA[/external-api/gw/vehicle/vin/interest?vin=LGXCE6DB3K0047395]]>
              </value>
            </param>
            <param index="2">
              <value>
                <![CDATA[]]>
              </value>
            </param>
            <param index="3">
              <value>
                <![CDATA[{"status":200,"errorMsg":"Name is null","data":null,"error":true,"code":"40000"}]]>
              </value>
            </param>
          </params>
          <reporter-output>
          </reporter-output>
        </test-method> <!-- ApiTest -->
        <test-method status="PASS" signature="ApiTest(java.lang.String, java.lang.String, java.lang.String, java.lang.String)[pri:0, instance:com.bitnei.apitest.testcases.saas.PostApiTestParas@679b62af]" name="ApiTest" duration-ms="416" started-at="2021-03-24T02:57:42Z" description="api接口" data-provider="dp" finished-at="2021-03-24T02:57:42Z">
          <params>
            <param index="0">
              <value>
                <![CDATA[获取国家电网需要关注车辆新增不存在的vin]]>
              </value>
            </param>
            <param index="1">
              <value>
                <![CDATA[/external-api/gw/vehicle/vin/interest?vin=LGXCE6DB3K0047391&operate=A]]>
              </value>
            </param>
            <param index="2">
              <value>
                <![CDATA[]]>
              </value>
            </param>
            <param index="3">
              <value>
                <![CDATA[{"status":200,"errorMsg":"LGXCE6DB3K0047391在国家平台不存在或未录入国家平台","data":null,"error":true,"code":"31002"}]]>
              </value>
            </param>
          </params>
          <reporter-output>
          </reporter-output>
        </test-method> <!-- ApiTest -->
      </class> <!-- com.bitnei.apitest.testcases.saas.PostApiTestParas -->
    </test> <!-- Default test -->
  </suite> <!-- apitest -->
</testng-results>
