<?xml version="1.0" encoding="UTF-8"?>
<testng-results skipped="0" failed="2" ignored="0" total="22" passed="20">
  <reporter-output>
  </reporter-output>
  <suite name="apitest" duration-ms="12615" started-at="2019-02-28T01:42:11Z" finished-at="2019-02-28T01:42:24Z">
    <groups>
    </groups>
    <test name="APITEST" duration-ms="12615" started-at="2019-02-28T01:42:11Z" finished-at="2019-02-28T01:42:24Z">
      <class name="com.bitnei.apitest.testcases.datasend.ForwardVehicleAddVehicle">
        <test-method status="PASS" signature="setUp(java.lang.String)[pri:0, instance:com.bitnei.apitest.testcases.datasend.ForwardVehicleAddVehicle@396f6598]" name="setUp" is-config="true" duration-ms="168" started-at="2019-02-28T01:42:18Z" finished-at="2019-02-28T01:42:18Z">
          <params>
            <param index="0">
              <value>
                <![CDATA[http://bdp-app.bitnei.cn:7788]]>
              </value>
            </param>
          </params>
          <reporter-output>
          </reporter-output>
        </test-method> <!-- setUp -->
        <test-method status="PASS" signature="ForwardVehicleAddVehicles(java.lang.String)[pri:0, instance:com.bitnei.apitest.testcases.datasend.ForwardVehicleAddVehicle@396f6598]" name="ForwardVehicleAddVehicles" duration-ms="136" started-at="2019-02-28T01:42:18Z" description="数据转发平台任务添加车辆" data-provider="dataprovider4" finished-at="2019-02-28T01:42:18Z">
          <params>
            <param index="0">
              <value>
                <![CDATA[{"status":200,"errorMsg":null,"data":null,"error":false}]]>
              </value>
            </param>
          </params>
          <reporter-output>
          </reporter-output>
        </test-method> <!-- ForwardVehicleAddVehicles -->
      </class> <!-- com.bitnei.apitest.testcases.datasend.ForwardVehicleAddVehicle -->
      <class name="com.bitnei.apitest.testcases.EvDetail">
        <test-method status="PASS" signature="setUp(java.lang.String)[pri:0, instance:com.bitnei.apitest.testcases.EvDetail@d44fc21]" name="setUp" is-config="true" duration-ms="192" started-at="2019-02-28T01:42:19Z" finished-at="2019-02-28T01:42:19Z">
          <params>
            <param index="0">
              <value>
                <![CDATA[http://bdp-app.bitnei.cn:7788]]>
              </value>
            </param>
          </params>
          <reporter-output>
          </reporter-output>
        </test-method> <!-- setUp -->
        <test-method status="PASS" signature="getVehCountPerMonitorPlatformStatus(java.lang.String)[pri:1, instance:com.bitnei.apitest.testcases.EvDetail@d44fc21]" name="getVehCountPerMonitorPlatformStatus" duration-ms="862" started-at="2019-02-28T01:42:19Z" description="明细数据查询" data-provider="dataprovider1" finished-at="2019-02-28T01:42:20Z">
          <params>
            <param index="0">
              <value>
                <![CDATA[{"status":200,"errorMsg":null,"data":{"data":[{"terminalTime":"2018-09-22 14:16:10","carStatus":"2","chargeStatus":"0","carMode":"1","speed":"0.0","totalOdometer":"32218.199219","totalVoltage":"0.0","totalCurrent":"0.0","soc":"0","dcStatus":"2","insulateResistance":"0"},{"terminaltime":"2018-09-22 14:16:00","carStatus":"2","chargeStatus":"0","carMode":"1","speed":"0.0","totalOdometer":"32218.199219","totalVoltage":"0.0","totalCurrent":"0.0","soc":"0","dcStatus":"2","insulateResistance":"0"}],"titles":["数据采集时间","车辆状态","充电状态","运行模式","车速(km/h)","里程(km)","总电压(V)","总电流(A)","SOC","DC-DC状态","绝缘电阻(kΩ)"],"page":{"pageSize":10,"pageNumber":1,"endIndex":2,"startIndex":0,"totalSize":2,"totalPage":1}},"error":false}]]>
              </value>
            </param>
          </params>
          <reporter-output>
          </reporter-output>
        </test-method> <!-- getVehCountPerMonitorPlatformStatus -->
      </class> <!-- com.bitnei.apitest.testcases.EvDetail -->
      <class name="com.bitnei.apitest.testcases.datasend.TaskDelete">
        <test-method status="PASS" signature="setUp(java.lang.String)[pri:0, instance:com.bitnei.apitest.testcases.datasend.TaskDelete@56aac163]" name="setUp" is-config="true" duration-ms="171" started-at="2019-02-28T01:42:23Z" finished-at="2019-02-28T01:42:23Z">
          <params>
            <param index="0">
              <value>
                <![CDATA[http://bdp-app.bitnei.cn:7788]]>
              </value>
            </param>
          </params>
          <reporter-output>
          </reporter-output>
        </test-method> <!-- setUp -->
        <test-method status="PASS" signature="TaskDeleteData(java.lang.String)[pri:3, instance:com.bitnei.apitest.testcases.datasend.TaskDelete@56aac163]" name="TaskDeleteData" duration-ms="499" started-at="2019-02-28T01:42:23Z" description="数据转发平台配置删除任务" data-provider="dataprovider1" finished-at="2019-02-28T01:42:24Z">
          <params>
            <param index="0">
              <value>
                <![CDATA[{"status":200,"errorMsg":null,"data":null,"error":false}]]>
              </value>
            </param>
          </params>
          <reporter-output>
          </reporter-output>
        </test-method> <!-- TaskDeleteData -->
      </class> <!-- com.bitnei.apitest.testcases.datasend.TaskDelete -->
      <class name="com.bitnei.apitest.testcases.datasend.PlatForm">
        <test-method status="PASS" signature="setUp(java.lang.String)[pri:0, instance:com.bitnei.apitest.testcases.datasend.PlatForm@2d6eabae]" name="setUp" is-config="true" duration-ms="212" started-at="2019-02-28T01:42:13Z" finished-at="2019-02-28T01:42:13Z">
          <params>
            <param index="0">
              <value>
                <![CDATA[http://bdp-app.bitnei.cn:7788]]>
              </value>
            </param>
          </params>
          <reporter-output>
          </reporter-output>
        </test-method> <!-- setUp -->
        <test-method status="PASS" signature="PlatFormAdd(java.lang.String)[pri:0, instance:com.bitnei.apitest.testcases.datasend.PlatForm@2d6eabae]" name="PlatFormAdd" duration-ms="150" started-at="2019-02-28T01:42:13Z" description="数据转发平台配置新增数据" data-provider="dataprovider1" finished-at="2019-02-28T01:42:13Z">
          <params>
            <param index="0">
              <value>
                <![CDATA[{"status":200,"errorMsg":null,"data":null,"error":false}]]>
              </value>
            </param>
          </params>
          <reporter-output>
          </reporter-output>
        </test-method> <!-- PlatFormAdd -->
      </class> <!-- com.bitnei.apitest.testcases.datasend.PlatForm -->
      <class name="com.bitnei.apitest.testcases.datasend.ForwardVehicleRemoveVehicle">
        <test-method status="PASS" signature="setUp(java.lang.String)[pri:0, instance:com.bitnei.apitest.testcases.datasend.ForwardVehicleRemoveVehicle@394e1a0f]" name="setUp" is-config="true" duration-ms="177" started-at="2019-02-28T01:42:18Z" finished-at="2019-02-28T01:42:18Z">
          <params>
            <param index="0">
              <value>
                <![CDATA[http://bdp-app.bitnei.cn:7788]]>
              </value>
            </param>
          </params>
          <reporter-output>
          </reporter-output>
        </test-method> <!-- setUp -->
        <test-method status="PASS" signature="ForwardVehicleRemoveVehicles(java.lang.String)[pri:0, instance:com.bitnei.apitest.testcases.datasend.ForwardVehicleRemoveVehicle@394e1a0f]" name="ForwardVehicleRemoveVehicles" duration-ms="76" started-at="2019-02-28T01:42:18Z" description="数据转发平台任务移除车辆,并非删除" data-provider="dataprovider4" finished-at="2019-02-28T01:42:18Z">
          <params>
            <param index="0">
              <value>
                <![CDATA[{"status":200,"errorMsg":null,"data":null,"error":false}]]>
              </value>
            </param>
          </params>
          <reporter-output>
          </reporter-output>
        </test-method> <!-- ForwardVehicleRemoveVehicles -->
      </class> <!-- com.bitnei.apitest.testcases.datasend.ForwardVehicleRemoveVehicle -->
      <class name="com.bitnei.apitest.testcases.getVehCountPerMonitorPlatform">
        <test-method status="PASS" signature="setUp(java.lang.String)[pri:0, instance:com.bitnei.apitest.testcases.getVehCountPerMonitorPlatform@7f13d6e]" name="setUp" is-config="true" duration-ms="183" started-at="2019-02-28T01:42:19Z" finished-at="2019-02-28T01:42:19Z">
          <params>
            <param index="0">
              <value>
                <![CDATA[http://bdp-app.bitnei.cn:7788]]>
              </value>
            </param>
          </params>
          <reporter-output>
          </reporter-output>
        </test-method> <!-- setUp -->
        <test-method status="FAIL" signature="getVehCountPerMonitorPlatformStatus(java.lang.String)[pri:1, instance:com.bitnei.apitest.testcases.getVehCountPerMonitorPlatform@7f13d6e]" name="getVehCountPerMonitorPlatformStatus" duration-ms="136" started-at="2019-02-28T01:42:19Z" description="获取实时车辆信息" data-provider="dataprovider2" finished-at="2019-02-28T01:42:19Z">
          <params>
            <param index="0">
              <value>
                <![CDATA[{"status":200,"errorMsg":null,"data":[{"id":1,"monitorPlatform":"智云平台","num":274419},{"id":2,"monitorPlatform":"英泰斯特","num":14}],"error":false}]]>
              </value>
            </param>
          </params>
          <exception class="java.lang.AssertionError">
            <message>
              <![CDATA[expected [{}] but found [{"status":{"currentValue is ":401,"expectedValue is":200},"data":{"currentValue is ":401,"expectedValue is":200,"actualValue":null,"expectedValue":[{"id":1,"monitorPlatform":"智云平台","num":274419},{"id":2,"monitorPlatform":"英泰斯特","num":14}]},"Length":{"actualLenth":1,"expectLenth":2},"id":{"actualKey":"不存在此id","expectedKey":"id"},"monitorPlatform":{"actualKey":"不存在此monitorPlatform","expectedKey":"monitorPlatform"},"num":{"actualKey":"不存在此num","expectedKey":"num"},"error":{"currentValue is ":true,"expectedValue is":false,"actualValue":null,"expectedValue":[{"id":1,"monitorPlatform":"智云平台","num":274419},{"id":2,"monitorPlatform":"英泰斯特","num":14}]}}]]]>
            </message>
            <full-stacktrace>
              <![CDATA[java.lang.AssertionError: expected [{}] but found [{"status":{"currentValue is ":401,"expectedValue is":200},"data":{"currentValue is ":401,"expectedValue is":200,"actualValue":null,"expectedValue":[{"id":1,"monitorPlatform":"智云平台","num":274419},{"id":2,"monitorPlatform":"英泰斯特","num":14}]},"Length":{"actualLenth":1,"expectLenth":2},"id":{"actualKey":"不存在此id","expectedKey":"id"},"monitorPlatform":{"actualKey":"不存在此monitorPlatform","expectedKey":"monitorPlatform"},"num":{"actualKey":"不存在此num","expectedKey":"num"},"error":{"currentValue is ":true,"expectedValue is":false,"actualValue":null,"expectedValue":[{"id":1,"monitorPlatform":"智云平台","num":274419},{"id":2,"monitorPlatform":"英泰斯特","num":14}]}}]
at org.testng.Assert.fail(Assert.java:96)
at org.testng.Assert.failNotEquals(Assert.java:776)
at org.testng.Assert.assertEqualsImpl(Assert.java:137)
at org.testng.Assert.assertEquals(Assert.java:118)
at org.testng.Assert.assertEquals(Assert.java:453)
at org.testng.Assert.assertEquals(Assert.java:463)
at com.bitnei.apitest.testcases.getVehCountPerMonitorPlatform.getVehCountPerMonitorPlatformStatus(getVehCountPerMonitorPlatform.java:73)
at sun.reflect.NativeMethodAccessorImpl.invoke0(Native Method)
at sun.reflect.NativeMethodAccessorImpl.invoke(NativeMethodAccessorImpl.java:62)
at sun.reflect.DelegatingMethodAccessorImpl.invoke(DelegatingMethodAccessorImpl.java:43)
at java.lang.reflect.Method.invoke(Method.java:498)
at org.testng.internal.MethodInvocationHelper.invokeMethod(MethodInvocationHelper.java:124)
at org.testng.internal.Invoker.invokeMethod(Invoker.java:580)
at org.testng.internal.Invoker.invokeTestMethod(Invoker.java:716)
at org.testng.internal.Invoker.invokeTestMethods(Invoker.java:988)
at org.testng.internal.TestMethodWorker.invokeTestMethods(TestMethodWorker.java:125)
at org.testng.internal.TestMethodWorker.run(TestMethodWorker.java:109)
at java.util.concurrent.ThreadPoolExecutor.runWorker(ThreadPoolExecutor.java:1149)
at java.util.concurrent.ThreadPoolExecutor$Worker.run(ThreadPoolExecutor.java:624)
at java.lang.Thread.run(Thread.java:748)
]]>
            </full-stacktrace>
          </exception> <!-- java.lang.AssertionError -->
          <reporter-output>
          </reporter-output>
        </test-method> <!-- getVehCountPerMonitorPlatformStatus -->
      </class> <!-- com.bitnei.apitest.testcases.getVehCountPerMonitorPlatform -->
      <class name="com.bitnei.apitest.testcases.bidash.SchemeAdd">
        <test-method status="PASS" signature="setUp(java.lang.String)[pri:0, instance:com.bitnei.apitest.testcases.bidash.SchemeAdd@27a5f880]" name="setUp" is-config="true" duration-ms="159" started-at="2019-02-28T01:42:18Z" finished-at="2019-02-28T01:42:19Z">
          <params>
            <param index="0">
              <value>
                <![CDATA[http://bdp-app.bitnei.cn:7789]]>
              </value>
            </param>
          </params>
          <reporter-output>
          </reporter-output>
        </test-method> <!-- setUp -->
        <test-method status="PASS" signature="SchemeAddData(java.lang.String)[pri:0, instance:com.bitnei.apitest.testcases.bidash.SchemeAdd@27a5f880]" name="SchemeAddData" duration-ms="216" started-at="2019-02-28T01:42:19Z" description="配置后台新增方案" data-provider="dataprovider1" finished-at="2019-02-28T01:42:19Z">
          <params>
            <param index="0">
              <value>
                <![CDATA[{"status":200,"errorMsg":null,"data":null,"error":false}]]>
              </value>
            </param>
          </params>
          <reporter-output>
          </reporter-output>
        </test-method> <!-- SchemeAddData -->
        <test-method status="PASS" signature="SchemeAddDataRep(java.lang.String)[pri:1, instance:com.bitnei.apitest.testcases.bidash.SchemeAdd@27a5f880]" name="SchemeAddDataRep" duration-ms="32" started-at="2019-02-28T01:42:22Z" description="配置后台新增方案名称重复" data-provider="dataprovider2" finished-at="2019-02-28T01:42:23Z">
          <params>
            <param index="0">
              <value>
                <![CDATA[{"status":500,"errorMsg":"该方案名称已经存在！！！","data":null,"error":true}]]>
              </value>
            </param>
          </params>
          <reporter-output>
          </reporter-output>
        </test-method> <!-- SchemeAddDataRep -->
        <test-method status="PASS" signature="SchemeDeleteData(java.lang.String)[pri:2, instance:com.bitnei.apitest.testcases.bidash.SchemeAdd@27a5f880]" name="SchemeDeleteData" duration-ms="549" started-at="2019-02-28T01:42:23Z" description="配置后台删除方案" data-provider="dataprovider1" finished-at="2019-02-28T01:42:23Z">
          <params>
            <param index="0">
              <value>
                <![CDATA[{"status":200,"errorMsg":null,"data":null,"error":false}]]>
              </value>
            </param>
          </params>
          <reporter-output>
          </reporter-output>
        </test-method> <!-- SchemeDeleteData -->
      </class> <!-- com.bitnei.apitest.testcases.bidash.SchemeAdd -->
      <class name="com.bitnei.apitest.testcases.datasend.TaskAdd">
        <test-method status="PASS" signature="setUp(java.lang.String)[pri:0, instance:com.bitnei.apitest.testcases.datasend.TaskAdd@184f6be2]" name="setUp" is-config="true" duration-ms="182" started-at="2019-02-28T01:42:16Z" finished-at="2019-02-28T01:42:16Z">
          <params>
            <param index="0">
              <value>
                <![CDATA[http://bdp-app.bitnei.cn:7788]]>
              </value>
            </param>
          </params>
          <reporter-output>
          </reporter-output>
        </test-method> <!-- setUp -->
        <test-method status="PASS" signature="TaskAddData(java.lang.String)[pri:0, instance:com.bitnei.apitest.testcases.datasend.TaskAdd@184f6be2]" name="TaskAddData" duration-ms="126" started-at="2019-02-28T01:42:16Z" description="数据转发平台新增任务" data-provider="dataprovider1" finished-at="2019-02-28T01:42:16Z">
          <params>
            <param index="0">
              <value>
                <![CDATA[{"status":200,"errorMsg":null,"data":null,"error":false}]]>
              </value>
            </param>
          </params>
          <reporter-output>
          </reporter-output>
        </test-method> <!-- TaskAddData -->
        <test-method status="PASS" signature="TaskAddDataRep(java.lang.String)[pri:1, instance:com.bitnei.apitest.testcases.datasend.TaskAdd@184f6be2]" name="TaskAddDataRep" duration-ms="71" started-at="2019-02-28T01:42:22Z" description="数据转发平台新增任务时目标平台重复" data-provider="dataprovider3" finished-at="2019-02-28T01:42:22Z">
          <params>
            <param index="0">
              <value>
                <![CDATA[{"status":500,"errorMsg":"该平台已分配，不能重复添加","data":null,"error":true}]]>
              </value>
            </param>
          </params>
          <reporter-output>
          </reporter-output>
        </test-method> <!-- TaskAddDataRep -->
        <test-method status="PASS" signature="TaskAddDataRepTask(java.lang.String)[pri:2, instance:com.bitnei.apitest.testcases.datasend.TaskAdd@184f6be2]" name="TaskAddDataRepTask" duration-ms="44" started-at="2019-02-28T01:42:23Z" description="数据转发平台新增任务时目标任务名称重复" data-provider="dataprovider4" finished-at="2019-02-28T01:42:23Z">
          <params>
            <param index="0">
              <value>
                <![CDATA[{"status":500,"errorMsg":"任务名称已存在","data":null,"error":true}]]>
              </value>
            </param>
          </params>
          <reporter-output>
          </reporter-output>
        </test-method> <!-- TaskAddDataRepTask -->
      </class> <!-- com.bitnei.apitest.testcases.datasend.TaskAdd -->
      <class name="com.bitnei.apitest.testcases.datasend.ForwardVehicleSelectVehicles">
        <test-method status="PASS" signature="setUp(java.lang.String)[pri:0, instance:com.bitnei.apitest.testcases.datasend.ForwardVehicleSelectVehicles@5a1c0542]" name="setUp" is-config="true" duration-ms="144" started-at="2019-02-28T01:42:16Z" finished-at="2019-02-28T01:42:16Z">
          <params>
            <param index="0">
              <value>
                <![CDATA[http://bdp-app.bitnei.cn:7788]]>
              </value>
            </param>
          </params>
          <reporter-output>
          </reporter-output>
        </test-method> <!-- setUp -->
        <test-method status="PASS" signature="ForwardVehicleSelect(java.lang.String)[pri:0, instance:com.bitnei.apitest.testcases.datasend.ForwardVehicleSelectVehicles@5a1c0542]" name="ForwardVehicleSelect" duration-ms="1349" started-at="2019-02-28T01:42:16Z" description="数据转发平台查询车辆byvin并添加" data-provider="dataprovider3" finished-at="2019-02-28T01:42:18Z">
          <params>
            <param index="0">
              <value>
                <![CDATA[{"status":200,"errorMsg":null,"data":{"total":1,"list":[{"id":458763,"vin":"LS4ASE2A1HJ121001","licensePlate":"川JHK979","vehType":"私家车","vehModelNo":"SC6491B5","vendor":"北京长安汽车有限公司","operatingCompany":"长安","city":"北京市","province":"北京市","monitorPlatform":"1","operationCity":"北京市","vehName":"我的爱车","vehSeriesNo":"S401","vehSeriesName":"CS95","vehModelName":"JL486ZQ3 2.0T 国Ⅴ 6AT 7座","vehConfNo":"SC6491B5.S92A","vehConfName":"9 商品车 L12 北京产 四驱7座","motorModelNo":"H9BJ020997","vehColor":"闪光月光白","purchaseDate":"2017-10-23 00:00:00","manufactureDate":"2017-08-28 00:00:00","registDate":"2017-10-23 15:32:34","activeDate":"2018-12-12 17:08:20","dealer":"遂宁骏骐汽车有限公司","baseServiceStatus":1,"serviceStartDate":"2017-10-24 09:52:05","serviceExpireDate":"2027-10-24 09:52:05","maskCode":"111","telephone":"15828897551","credentials":"身份证","credentialsNo":"1","realNameStatus":1,"owner":"辜良","realNameDate":"2017-10-24 09:52:05","infoSource":"monitor","createDate":"2017-10-23 15:32:34","createrId":"2010093000861440","firstOnlineTime":"2018-12-12 17:08:44","flushTime":"2018-12-16 13:05:30","terminalNo":"FOURG_TBOX","terminalBrand":"法雷奥集团","tenantId":"CA_PV_TENANT","tenantName":"chan_tenant_name","vehProperty":"非运营","tuid":"3.20010011707171E31","ecph":"111","dept":"私家车","carId":"ff1f77ce-1b26-4b32-a916-5d7d6a94b826"}],"pageNum":1,"pageSize":10,"size":1,"startRow":1,"endRow":1,"pages":1,"prePage":0,"nextPage":0,"isFirstPage":true,"isLastPage":true,"hasPreviousPage":false,"hasNextPage":false,"navigatePages":8,"navigatepageNums":[1],"navigateFirstPage":1,"navigateLastPage":1,"firstPage":1,"lastPage":1},"error":false}]]>
              </value>
            </param>
          </params>
          <reporter-output>
          </reporter-output>
        </test-method> <!-- ForwardVehicleSelect -->
      </class> <!-- com.bitnei.apitest.testcases.datasend.ForwardVehicleSelectVehicles -->
      <class name="com.bitnei.apitest.testcases.datasend.PlatFormSelect">
        <test-method status="PASS" signature="setUp(java.lang.String)[pri:0, instance:com.bitnei.apitest.testcases.datasend.PlatFormSelect@23faf8f2]" name="setUp" is-config="true" duration-ms="159" started-at="2019-02-28T01:42:12Z" finished-at="2019-02-28T01:42:13Z">
          <params>
            <param index="0">
              <value>
                <![CDATA[http://bdp-app.bitnei.cn:7788]]>
              </value>
            </param>
          </params>
          <reporter-output>
          </reporter-output>
        </test-method> <!-- setUp -->
        <test-method status="PASS" signature="PlatFormAdd(java.lang.String)[pri:0, instance:com.bitnei.apitest.testcases.datasend.PlatFormSelect@23faf8f2]" name="PlatFormAdd" duration-ms="199" started-at="2019-02-28T01:42:13Z" description="数据转发平台配置查询数据" data-provider="dataprovider2" finished-at="2019-02-28T01:42:13Z">
          <params>
            <param index="0">
              <value>
                <![CDATA[{"status":200,"errorMsg":null,"data":{"total":1,"list":[{"id":"05486f02-188d-11e9-9869-90e2bae77ed8","unitName":"yltest001","forwardMode":"SOCKET","address":"10.100.10.11","username":"ul213456","password":"ul213456","nsPort":"205","cdKey":null,"notes":null,"priority":"1","staticForwardPlatform":"无","isUse":0,"createTime":1547532957000}],"pageNum":1,"pageSize":10,"size":1,"startRow":1,"endRow":1,"pages":1,"prePage":0,"nextPage":0,"isFirstPage":true,"isLastPage":true,"hasPreviousPage":false,"hasNextPage":false,"navigatePages":8,"navigatepageNums":[1],"navigateFirstPage":1,"navigateLastPage":1,"firstPage":1,"lastPage":1},"error":false}]]>
              </value>
            </param>
          </params>
          <reporter-output>
          </reporter-output>
        </test-method> <!-- PlatFormAdd -->
      </class> <!-- com.bitnei.apitest.testcases.datasend.PlatFormSelect -->
      <class name="com.bitnei.apitest.testcases.datasend.ProtocolUpdate">
        <test-method status="PASS" signature="setUp(java.lang.String)[pri:0, instance:com.bitnei.apitest.testcases.datasend.ProtocolUpdate@48503868]" name="setUp" is-config="true" duration-ms="144" started-at="2019-02-28T01:42:13Z" finished-at="2019-02-28T01:42:14Z">
          <params>
            <param index="0">
              <value>
                <![CDATA[http://bdp-app.bitnei.cn:7788]]>
              </value>
            </param>
          </params>
          <reporter-output>
          </reporter-output>
        </test-method> <!-- setUp -->
        <test-method status="PASS" signature="ProtocolUpdateData(java.lang.String)[pri:0, instance:com.bitnei.apitest.testcases.datasend.ProtocolUpdate@48503868]" name="ProtocolUpdateData" duration-ms="2138" started-at="2019-02-28T01:42:14Z" description="数据转发平台新增协议" data-provider="dataprovider1" finished-at="2019-02-28T01:42:16Z">
          <params>
            <param index="0">
              <value>
                <![CDATA[{"status":200,"errorMsg":null,"data":null,"error":false}]]>
              </value>
            </param>
          </params>
          <reporter-output>
          </reporter-output>
        </test-method> <!-- ProtocolUpdateData -->
      </class> <!-- com.bitnei.apitest.testcases.datasend.ProtocolUpdate -->
      <class name="com.bitnei.apitest.testcases.datasend.ProtocolDelete">
        <test-method status="PASS" signature="setUp(java.lang.String)[pri:0, instance:com.bitnei.apitest.testcases.datasend.ProtocolDelete@6895a785]" name="setUp" is-config="true" duration-ms="163" started-at="2019-02-28T01:42:22Z" finished-at="2019-02-28T01:42:22Z">
          <params>
            <param index="0">
              <value>
                <![CDATA[http://bdp-app.bitnei.cn:7788]]>
              </value>
            </param>
          </params>
          <reporter-output>
          </reporter-output>
        </test-method> <!-- setUp -->
        <test-method status="PASS" signature="ProtocolDeleteData(java.lang.String)[pri:1, instance:com.bitnei.apitest.testcases.datasend.ProtocolDelete@6895a785]" name="ProtocolDeleteData" duration-ms="492" started-at="2019-02-28T01:42:22Z" description="数据转发平台配置删除协议" data-provider="dataprovider1" finished-at="2019-02-28T01:42:22Z">
          <params>
            <param index="0">
              <value>
                <![CDATA[{"status":200,"errorMsg":null,"data":null,"error":false}]]>
              </value>
            </param>
          </params>
          <reporter-output>
          </reporter-output>
        </test-method> <!-- ProtocolDeleteData -->
      </class> <!-- com.bitnei.apitest.testcases.datasend.ProtocolDelete -->
      <class name="com.bitnei.apitest.testcases.datasend.ProtocolAdd">
        <test-method status="PASS" signature="setUp(java.lang.String)[pri:0, instance:com.bitnei.apitest.testcases.datasend.ProtocolAdd@10bbd20a]" name="setUp" is-config="true" duration-ms="167" started-at="2019-02-28T01:42:13Z" finished-at="2019-02-28T01:42:13Z">
          <params>
            <param index="0">
              <value>
                <![CDATA[http://bdp-app.bitnei.cn:7788]]>
              </value>
            </param>
          </params>
          <reporter-output>
          </reporter-output>
        </test-method> <!-- setUp -->
        <test-method status="PASS" signature="ProtocolAddData(java.lang.String)[pri:0, instance:com.bitnei.apitest.testcases.datasend.ProtocolAdd@10bbd20a]" name="ProtocolAddData" duration-ms="105" started-at="2019-02-28T01:42:13Z" description="数据转发平台新增协议" data-provider="dataprovider1" finished-at="2019-02-28T01:42:13Z">
          <params>
            <param index="0">
              <value>
                <![CDATA[{"status":200,"errorMsg":null,"data":null,"error":false}]]>
              </value>
            </param>
          </params>
          <reporter-output>
          </reporter-output>
        </test-method> <!-- ProtocolAddData -->
      </class> <!-- com.bitnei.apitest.testcases.datasend.ProtocolAdd -->
      <class name="com.bitnei.apitest.testcases.datasend.ForwardVehicleQuery">
        <test-method status="PASS" signature="setUp(java.lang.String)[pri:0, instance:com.bitnei.apitest.testcases.datasend.ForwardVehicleQuery@1f7030a6]" name="setUp" is-config="true" duration-ms="198" started-at="2019-02-28T01:42:16Z" finished-at="2019-02-28T01:42:16Z">
          <params>
            <param index="0">
              <value>
                <![CDATA[http://bdp-app.bitnei.cn:7788]]>
              </value>
            </param>
          </params>
          <reporter-output>
          </reporter-output>
        </test-method> <!-- setUp -->
        <test-method status="PASS" signature="ForwardVehicleByVin(java.lang.String)[pri:0, instance:com.bitnei.apitest.testcases.datasend.ForwardVehicleQuery@1f7030a6]" name="ForwardVehicleByVin" duration-ms="116" started-at="2019-02-28T01:42:16Z" description="数据转发平台查询车辆byvin" data-provider="dataprovider1" finished-at="2019-02-28T01:42:16Z">
          <params>
            <param index="0">
              <value>
                <![CDATA[{"status":200,"errorMsg":null,"data":{"total":1,"list":[{"id":662855,"taskId":50,"vehicleId":"458763","vin":"LS4ASE2A1HJ121001","licensePlate":"川JHK979","vehType":"私家车","vehModelNo":"SC6491B5","vendor":"北京长安汽车有限公司","operatingCompany":"长安","communicationProtocol":"1","city":"北京市","taskName":"testhg0227144","platformName":"testhg022716","platformId":"a2a51080-3a63-11e9-9869-90e2bae77ed8","protocolId":"6d8b1c1e-d7f7-11e8-a918-6c92bf645824","protocolName":"国标32960","monitorPlatform":"1","tenantName":"chan_tenant_name"}],"pageNum":1,"pageSize":10,"size":1,"startRow":1,"endRow":1,"pages":1,"prePage":0,"nextPage":0,"isFirstPage":true,"isLastPage":true,"hasPreviousPage":false,"hasNextPage":false,"navigatePages":8,"navigatepageNums":[1],"navigateFirstPage":1,"navigateLastPage":1,"firstPage":1,"lastPage":1},"error":false}]]>
              </value>
            </param>
          </params>
          <reporter-output>
          </reporter-output>
        </test-method> <!-- ForwardVehicleByVin -->
        <test-method status="PASS" signature="ForwardVehicleBylicense(java.lang.String)[pri:1, instance:com.bitnei.apitest.testcases.datasend.ForwardVehicleQuery@1f7030a6]" name="ForwardVehicleBylicense" duration-ms="53" started-at="2019-02-28T01:42:22Z" description="数据转发平台查询车辆by车牌号" data-provider="dataprovider1" finished-at="2019-02-28T01:42:22Z">
          <params>
            <param index="0">
              <value>
                <![CDATA[{"status":200,"errorMsg":null,"data":{"total":1,"list":[{"id":662855,"taskId":50,"vehicleId":"458763","vin":"LS4ASE2A1HJ121001","licensePlate":"川JHK979","vehType":"私家车","vehModelNo":"SC6491B5","vendor":"北京长安汽车有限公司","operatingCompany":"长安","communicationProtocol":"1","city":"北京市","taskName":"testhg0227144","platformName":"testhg022716","platformId":"a2a51080-3a63-11e9-9869-90e2bae77ed8","protocolId":"6d8b1c1e-d7f7-11e8-a918-6c92bf645824","protocolName":"国标32960","monitorPlatform":"1","tenantName":"chan_tenant_name"}],"pageNum":1,"pageSize":10,"size":1,"startRow":1,"endRow":1,"pages":1,"prePage":0,"nextPage":0,"isFirstPage":true,"isLastPage":true,"hasPreviousPage":false,"hasNextPage":false,"navigatePages":8,"navigatepageNums":[1],"navigateFirstPage":1,"navigateLastPage":1,"firstPage":1,"lastPage":1},"error":false}]]>
              </value>
            </param>
          </params>
          <reporter-output>
          </reporter-output>
        </test-method> <!-- ForwardVehicleBylicense -->
      </class> <!-- com.bitnei.apitest.testcases.datasend.ForwardVehicleQuery -->
      <class name="com.bitnei.apitest.testcases.PostVehicles">
        <test-method status="PASS" signature="setUp(java.lang.String)[pri:0, instance:com.bitnei.apitest.testcases.PostVehicles@51cdd8a]" name="setUp" is-config="true" duration-ms="984" started-at="2019-02-28T01:42:11Z" finished-at="2019-02-28T01:42:12Z">
          <params>
            <param index="0">
              <value>
                <![CDATA[http://bdp-app.bitnei.cn:7788]]>
              </value>
            </param>
          </params>
          <reporter-output>
          </reporter-output>
        </test-method> <!-- setUp -->
        <test-method status="FAIL" signature="postVehiclesForStatus(java.lang.String)[pri:0, instance:com.bitnei.apitest.testcases.PostVehicles@51cdd8a]" name="postVehiclesForStatus" duration-ms="191" started-at="2019-02-28T01:42:12Z" description="获取车辆列表,判断返回200" data-provider="dataprovider1" finished-at="2019-02-28T01:42:12Z">
          <params>
            <param index="0">
              <value>
                <![CDATA[{"status":200,"errorMsg":null,"data":{"total":2,"list":[{"id":"21","vin":"LS4AAB3C0GG700008"}]},"error":true}]]>
              </value>
            </param>
          </params>
          <exception class="java.lang.AssertionError">
            <message>
              <![CDATA[status code is not 200 expected [200] but found [401]]]>
            </message>
            <full-stacktrace>
              <![CDATA[java.lang.AssertionError: status code is not 200 expected [200] but found [401]
at org.testng.Assert.fail(Assert.java:96)
at org.testng.Assert.failNotEquals(Assert.java:776)
at org.testng.Assert.assertEqualsImpl(Assert.java:137)
at org.testng.Assert.assertEquals(Assert.java:118)
at org.testng.Assert.assertEquals(Assert.java:652)
at com.bitnei.apitest.testcases.PostVehicles.postVehiclesForStatus(PostVehicles.java:72)
at sun.reflect.NativeMethodAccessorImpl.invoke0(Native Method)
at sun.reflect.NativeMethodAccessorImpl.invoke(NativeMethodAccessorImpl.java:62)
at sun.reflect.DelegatingMethodAccessorImpl.invoke(DelegatingMethodAccessorImpl.java:43)
at java.lang.reflect.Method.invoke(Method.java:498)
at org.testng.internal.MethodInvocationHelper.invokeMethod(MethodInvocationHelper.java:124)
at org.testng.internal.Invoker.invokeMethod(Invoker.java:580)
at org.testng.internal.Invoker.invokeTestMethod(Invoker.java:716)
at org.testng.internal.Invoker.invokeTestMethods(Invoker.java:988)
at org.testng.internal.TestMethodWorker.invokeTestMethods(TestMethodWorker.java:125)
at org.testng.internal.TestMethodWorker.run(TestMethodWorker.java:109)
at java.util.concurrent.ThreadPoolExecutor.runWorker(ThreadPoolExecutor.java:1149)
at java.util.concurrent.ThreadPoolExecutor$Worker.run(ThreadPoolExecutor.java:624)
at java.lang.Thread.run(Thread.java:748)
]]>
            </full-stacktrace>
          </exception> <!-- java.lang.AssertionError -->
          <reporter-output>
          </reporter-output>
        </test-method> <!-- postVehiclesForStatus -->
      </class> <!-- com.bitnei.apitest.testcases.PostVehicles -->
      <class name="com.bitnei.apitest.testcases.datasend.PlatFormDel">
        <test-method status="PASS" signature="setUp(java.lang.String)[pri:0, instance:com.bitnei.apitest.testcases.datasend.PlatFormDel@64729b1e]" name="setUp" is-config="true" duration-ms="156" started-at="2019-02-28T01:42:21Z" finished-at="2019-02-28T01:42:21Z">
          <params>
            <param index="0">
              <value>
                <![CDATA[http://bdp-app.bitnei.cn:7788]]>
              </value>
            </param>
          </params>
          <reporter-output>
          </reporter-output>
        </test-method> <!-- setUp -->
        <test-method status="PASS" signature="PlatFormDelData(java.lang.String)[pri:1, instance:com.bitnei.apitest.testcases.datasend.PlatFormDel@64729b1e]" name="PlatFormDelData" duration-ms="579" started-at="2019-02-28T01:42:21Z" description="数据转发平台配置删除数据" data-provider="dataprovider1" finished-at="2019-02-28T01:42:22Z">
          <params>
            <param index="0">
              <value>
                <![CDATA[{"status":200,"errorMsg":null,"data":null,"error":false}]]>
              </value>
            </param>
          </params>
          <reporter-output>
          </reporter-output>
        </test-method> <!-- PlatFormDelData -->
      </class> <!-- com.bitnei.apitest.testcases.datasend.PlatFormDel -->
      <class name="com.bitnei.apitest.testcases.datasend.PlatFormUpdate">
        <test-method status="PASS" signature="setUp(java.lang.String)[pri:0, instance:com.bitnei.apitest.testcases.datasend.PlatFormUpdate@4e7dc304]" name="setUp" is-config="true" duration-ms="202" started-at="2019-02-28T01:42:20Z" finished-at="2019-02-28T01:42:20Z">
          <params>
            <param index="0">
              <value>
                <![CDATA[http://bdp-app.bitnei.cn:7788]]>
              </value>
            </param>
          </params>
          <reporter-output>
          </reporter-output>
        </test-method> <!-- setUp -->
        <test-method status="PASS" signature="PlatFormModify(java.lang.String)[pri:1, instance:com.bitnei.apitest.testcases.datasend.PlatFormUpdate@4e7dc304]" name="PlatFormModify" duration-ms="616" started-at="2019-02-28T01:42:20Z" description="数据转发平台配置修改数据" data-provider="dataprovider1" finished-at="2019-02-28T01:42:21Z">
          <params>
            <param index="0">
              <value>
                <![CDATA[{"status":200,"errorMsg":null,"data":null,"error":false}]]>
              </value>
            </param>
          </params>
          <reporter-output>
          </reporter-output>
        </test-method> <!-- PlatFormModify -->
      </class> <!-- com.bitnei.apitest.testcases.datasend.PlatFormUpdate -->
    </test> <!-- APITEST -->
  </suite> <!-- apitest -->
</testng-results>
