<?xml version="1.0" encoding="UTF-8"?>
<testng-results skipped="0" failed="0" ignored="0" total="49" passed="49">
  <reporter-output>
  </reporter-output>
  <suite name="apitest" duration-ms="49993" started-at="2020-08-12T08:45:54Z" finished-at="2020-08-12T08:46:44Z">
    <groups>
    </groups>
    <test name="Default test" duration-ms="49993" started-at="2020-08-12T08:45:54Z" finished-at="2020-08-12T08:46:44Z">
      <class name="com.bitnei.apitest.testcases.saas.ApiTest">
        <test-method status="PASS" signature="setUp(java.lang.String, java.lang.String)[pri:0, instance:com.bitnei.apitest.testcases.saas.ApiTest@f4168b8]" name="setUp" is-config="true" duration-ms="19335" started-at="2020-08-12T08:45:54Z" finished-at="2020-08-12T08:46:13Z">
          <params>
            <param index="0">
              <value>
                <![CDATA[http://test-saas.bitnei.cn]]>
              </value>
            </param>
            <param index="1">
              <value>
                <![CDATA[src/main/resources/TEST.xlsx]]>
              </value>
            </param>
          </params>
          <reporter-output>
          </reporter-output>
        </test-method> <!-- setUp -->
        <test-method status="PASS" signature="ApiTestCode(java.lang.String, java.lang.String, java.lang.String, java.lang.String)[pri:0, instance:com.bitnei.apitest.testcases.saas.ApiTest@f4168b8]" name="ApiTestCode" duration-ms="75" started-at="2020-08-12T08:46:13Z" description="openapi接口" data-provider="dp" finished-at="2020-08-12T08:46:13Z">
          <params>
            <param index="0">
              <value>
                <![CDATA[好车伯乐接口返回为空]]>
              </value>
            </param>
            <param index="1">
              <value>
                <![CDATA[/external-api/vehicle-battery/autobole/vehicle/static?]]>
              </value>
            </param>
            <param index="2">
              <value>
                <![CDATA[vin=123]]>
              </value>
            </param>
            <param index="3">
              <value>
                <![CDATA[{"status":200,"errorMsg":null,"data":null,"error":false,"code":"35000"}]]>
              </value>
            </param>
          </params>
          <reporter-output>
          </reporter-output>
        </test-method> <!-- ApiTestCode -->
        <test-method status="PASS" signature="ApiTestCode(java.lang.String, java.lang.String, java.lang.String, java.lang.String)[pri:0, instance:com.bitnei.apitest.testcases.saas.ApiTest@f4168b8]" name="ApiTestCode" duration-ms="55" started-at="2020-08-12T08:46:13Z" description="openapi接口" data-provider="dp" finished-at="2020-08-12T08:46:13Z">
          <params>
            <param index="0">
              <value>
                <![CDATA[好车伯乐接口查询正确L1HBAEB13JS000067]]>
              </value>
            </param>
            <param index="1">
              <value>
                <![CDATA[/external-api/vehicle-battery/autobole/vehicle/static?]]>
              </value>
            </param>
            <param index="2">
              <value>
                <![CDATA[vin=L1HBAEB13JS000067]]>
              </value>
            </param>
            <param index="3">
              <value>
                <![CDATA[{"status":200,"errorMsg":null,"data":{"area":"中山市","brand":"上佳","bsie":100.7,"bulletinNO":"HA6805BEVB1","joinTime":"2019-07-08","leaveTime":"2020-02-06 08:24:49","platform":"中山市公共交通运输集团有限公司","series":"未知","seurityMonitor":true,"type":"HA6805BEVB1","use":"01","vin":"ba6eb1233fbf4110628c3722c56d7ca3"},"error":false,"code":"10000"}]]>
              </value>
            </param>
          </params>
          <reporter-output>
          </reporter-output>
        </test-method> <!-- ApiTestCode -->
        <test-method status="PASS" signature="ApiTestCode(java.lang.String, java.lang.String, java.lang.String, java.lang.String)[pri:0, instance:com.bitnei.apitest.testcases.saas.ApiTest@f4168b8]" name="ApiTestCode" duration-ms="37" started-at="2020-08-12T08:46:13Z" description="openapi接口" data-provider="dp" finished-at="2020-08-12T08:46:13Z">
          <params>
            <param index="0">
              <value>
                <![CDATA[车辆轨迹获取车辆轨迹接口返回为空]]>
              </value>
            </param>
            <param index="1">
              <value>
                <![CDATA[/external-api/lbs/test/vehicle/locations?]]>
              </value>
            </param>
            <param index="2">
              <value>
                <![CDATA[vin=123&dateFrom=2019-10-20%2007%3A16%3A20&dateTo=2019-10-21%2007%3A16%3A20]]>
              </value>
            </param>
            <param index="3">
              <value>
                <![CDATA[{"status":200,"errorMsg":null,"data":null,"error":false,"code":"35000"}]]>
              </value>
            </param>
          </params>
          <reporter-output>
          </reporter-output>
        </test-method> <!-- ApiTestCode -->
        <test-method status="PASS" signature="ApiTestCode(java.lang.String, java.lang.String, java.lang.String, java.lang.String)[pri:0, instance:com.bitnei.apitest.testcases.saas.ApiTest@f4168b8]" name="ApiTestCode" duration-ms="86" started-at="2020-08-12T08:46:13Z" description="openapi接口" data-provider="dp" finished-at="2020-08-12T08:46:13Z">
          <params>
            <param index="0">
              <value>
                <![CDATA[微信小程序获取车辆厂家及车型]]>
              </value>
            </param>
            <param index="1">
              <value>
                <![CDATA[/external-api/laboratory/models/reliable/factory/information?]]>
              </value>
            </param>
            <param index="2">
              <value>
                <![CDATA[type=01]]>
              </value>
            </param>
            <param index="3">
              <value>
                <![CDATA[{"status":200,"errorMsg":null,"data":[{"vehFac":"合众汽车","vehModelInfos":[{"vehCommonName":"哪吒N01","vehModel":"THZ7000BEVS004","standardDriverMileage":301.00,"standardPower":14.00}]},{"vehFac":"比亚迪","vehModelInfos":[{"vehCommonName":"E5","vehModel":"BYD7005BEV1","standardDriverMileage":400.00,"standardPower":14.80},{"vehCommonName":"比亚迪唐","vehModel":"BYD6490SBEV1","standardDriverMileage":520.00,"standardPower":17.30}]},{"vehFac":"北汽新能源","vehModelInfos":[{"vehCommonName":"EU5","vehModel":"BJ7000C5D3-BEV","standardDriverMileage":416.00,"standardPower":13.90}]},{"vehFac":"吉利汽车","vehModelInfos":[{"vehCommonName":"帝豪GSE400","vehModel":"HQ7002BEV15","standardDriverMileage":353.00,"standardPower":14.53}]},{"vehFac":"威马汽车","vehModelInfos":[{"vehCommonName":"EX5","vehModel":"SZS6460A06BEV","standardDriverMileage":303.00,"standardPower":16.20}]},{"vehFac":"上汽集团","vehModelInfos":[{"vehCommonName":"荣威ERX5","vehModel":"CSA6456BEV2","standardDriverMileage":320.00,"standardPower":15.49},{"vehCommonName":"Marvel X","vehModel":"CSA6461FBEV1","standardDriverMileage":403.00,"standardPower":14.20}]},{"vehFac":"长安汽车","vehModelInfos":[{"vehCommonName":"EADO","vehModel":"SC7003ACBEV","standardDriverMileage":305.00,"standardPower":13.40},{"vehCommonName":"EADO","vehModel":"SC7003AEBEV","standardDriverMileage":405.00,"standardPower":13.80}]},{"vehFac":"广汽新能源","vehModelInfos":[{"vehCommonName":"传祺AION.S","vehModel":"GAM7000BEVA0C","standardDriverMileage":510.00,"standardPower":13.10}]},{"vehFac":"蔚来汽车","vehModelInfos":[{"vehCommonName":"ES6","vehModel":"HFC6483ECEV-W","standardDriverMileage":430.00,"standardPower":18.10},{"vehCommonName":"ES8","vehModel":"HFC6502ECEV2-W","standardDriverMileage":355.00,"standardPower":21.00}]}],"error":false,"code":"10000"}]]>
              </value>
            </param>
          </params>
          <reporter-output>
          </reporter-output>
        </test-method> <!-- ApiTestCode -->
        <test-method status="PASS" signature="ApiTestCode(java.lang.String, java.lang.String, java.lang.String, java.lang.String)[pri:0, instance:com.bitnei.apitest.testcases.saas.ApiTest@f4168b8]" name="ApiTestCode" duration-ms="57" started-at="2020-08-12T08:46:13Z" description="openapi接口" data-provider="dp" finished-at="2020-08-12T08:46:13Z">
          <params>
            <param index="0">
              <value>
                <![CDATA[微信小程序获取车型的所有靠谱指数全国HQ7002BEV15吉利汽车]]>
              </value>
            </param>
            <param index="1">
              <value>
                <![CDATA[/external-api/laboratory/models/reliable/exponent?]]>
              </value>
            </param>
            <param index="2">
              <value>
                <![CDATA[vehModel=HQ7002BEV15&vehFac=%E5%90%89%E5%88%A9%E6%B1%BD%E8%BD%A6]]>
              </value>
            </param>
            <param index="3">
              <value>
                <![CDATA[{"status":200,"errorMsg":null,"data":{"driverRange":289.59,"middleChargeStartSoc":37.53,"standardDriverMileage":353.00,"standardPower":null,"power100km":null,"fastChargeDuration":54.47,"middleAnxiety":"中","satisfactionDegree":"低","onlineHailedCarRatio":null,"onlineHailedCarNumber":null},"error":false,"code":"10000"}]]>
              </value>
            </param>
          </params>
          <reporter-output>
          </reporter-output>
        </test-method> <!-- ApiTestCode -->
        <test-method status="PASS" signature="ApiTestCode(java.lang.String, java.lang.String, java.lang.String, java.lang.String)[pri:0, instance:com.bitnei.apitest.testcases.saas.ApiTest@f4168b8]" name="ApiTestCode" duration-ms="64" started-at="2020-08-12T08:46:13Z" description="openapi接口" data-provider="dp" finished-at="2020-08-12T08:46:13Z">
          <params>
            <param index="0">
              <value>
                <![CDATA[微信小程序获取车型的所有靠谱指数北京市]]>
              </value>
            </param>
            <param index="1">
              <value>
                <![CDATA[/external-api/laboratory/models/reliable/exponent?]]>
              </value>
            </param>
            <param index="2">
              <value>
                <![CDATA[city=%E5%8C%97%E4%BA%AC%E5%B8%82&vehModel=HQ7002BEV15&vehFac=%E5%90%89%E5%88%A9%E6%B1%BD%E8%BD%A6]]>
              </value>
            </param>
            <param index="3">
              <value>
                <![CDATA[{"status":200,"errorMsg":null,"data":{"driverRange":291.55,"middleChargeStartSoc":35.42,"standardDriverMileage":353.00,"standardPower":null,"power100km":null,"fastChargeDuration":59.06,"middleAnxiety":"中","satisfactionDegree":"低","onlineHailedCarRatio":null,"onlineHailedCarNumber":null},"error":false,"code":"10000"}]]>
              </value>
            </param>
          </params>
          <reporter-output>
          </reporter-output>
        </test-method> <!-- ApiTestCode -->
        <test-method status="PASS" signature="ApiTestCode(java.lang.String, java.lang.String, java.lang.String, java.lang.String)[pri:0, instance:com.bitnei.apitest.testcases.saas.ApiTest@f4168b8]" name="ApiTestCode" duration-ms="42" started-at="2020-08-12T08:46:13Z" description="openapi接口" data-provider="dp" finished-at="2020-08-12T08:46:13Z">
          <params>
            <param index="0">
              <value>
                <![CDATA[微信小程序获取车型的所有靠谱指数车型必填]]>
              </value>
            </param>
            <param index="1">
              <value>
                <![CDATA[/external-api/laboratory/models/reliable/exponent?]]>
              </value>
            </param>
            <param index="2">
              <value>
                <![CDATA[vehFac=%E5%90%89%E5%88%A9%E6%B1%BD%E8%BD%A6]]>
              </value>
            </param>
            <param index="3">
              <value>
                <![CDATA[{"status":400,"errorMsg":"请求参数vehModel不能为空！","data":null,"error":true,"code":"30001"}]]>
              </value>
            </param>
          </params>
          <reporter-output>
          </reporter-output>
        </test-method> <!-- ApiTestCode -->
        <test-method status="PASS" signature="ApiTestCode(java.lang.String, java.lang.String, java.lang.String, java.lang.String)[pri:0, instance:com.bitnei.apitest.testcases.saas.ApiTest@f4168b8]" name="ApiTestCode" duration-ms="32" started-at="2020-08-12T08:46:13Z" description="openapi接口" data-provider="dp" finished-at="2020-08-12T08:46:14Z">
          <params>
            <param index="0">
              <value>
                <![CDATA[微信小程序获取车型的所有靠谱指数厂家必填]]>
              </value>
            </param>
            <param index="1">
              <value>
                <![CDATA[/external-api/laboratory/models/reliable/exponent?]]>
              </value>
            </param>
            <param index="2">
              <value>
                <![CDATA[vehModel=HQ7002BEV15]]>
              </value>
            </param>
            <param index="3">
              <value>
                <![CDATA[{"status":400,"errorMsg":"请求参数vehFac不能为空！","data":null,"error":true,"code":"30001"}]]>
              </value>
            </param>
          </params>
          <reporter-output>
          </reporter-output>
        </test-method> <!-- ApiTestCode -->
        <test-method status="PASS" signature="ApiTestCode(java.lang.String, java.lang.String, java.lang.String, java.lang.String)[pri:0, instance:com.bitnei.apitest.testcases.saas.ApiTest@f4168b8]" name="ApiTestCode" duration-ms="44" started-at="2020-08-12T08:46:14Z" description="openapi接口" data-provider="dp" finished-at="2020-08-12T08:46:14Z">
          <params>
            <param index="0">
              <value>
                <![CDATA[微信小程序获取车型的所有靠谱指数为空]]>
              </value>
            </param>
            <param index="1">
              <value>
                <![CDATA[/external-api/laboratory/models/reliable/exponent?]]>
              </value>
            </param>
            <param index="2">
              <value>
                <![CDATA[vehModel=123&vehFac=123]]>
              </value>
            </param>
            <param index="3">
              <value>
                <![CDATA[{"status":200,"errorMsg":null,"data":null,"error":false,"code":"35000"}]]>
              </value>
            </param>
          </params>
          <reporter-output>
          </reporter-output>
        </test-method> <!-- ApiTestCode -->
        <test-method status="PASS" signature="ApiTestCode(java.lang.String, java.lang.String, java.lang.String, java.lang.String)[pri:0, instance:com.bitnei.apitest.testcases.saas.ApiTest@f4168b8]" name="ApiTestCode" duration-ms="46" started-at="2020-08-12T08:46:14Z" description="openapi接口" data-provider="dp" finished-at="2020-08-12T08:46:14Z">
          <params>
            <param index="0">
              <value>
                <![CDATA[微信小程序靠谱指数查询全国]]>
              </value>
            </param>
            <param index="1">
              <value>
                <![CDATA[/external-api/laboratory/models/reliable/rank?]]>
              </value>
            </param>
            <param index="2">
              <value>
                <![CDATA[type=01]]>
              </value>
            </param>
            <param index="3">
              <value>
                <![CDATA[{"status":200,"errorMsg":null,"data":[{"vehModel":"THZ7000BEVS004","vehCommonName":"哪吒N01","unit":"km","standardDriverRange":301.0,"standardPower":14.0,"vehFac":"合众汽车"},{"vehModel":"BYD7005BEV1","vehCommonName":"E5","unit":"km","standardDriverRange":400.0,"standardPower":14.8,"vehFac":"比亚迪"},{"vehModel":"BJ7000C5D3-BEV","vehCommonName":"EU5","unit":"km","standardDriverRange":416.0,"standardPower":13.9,"vehFac":"北汽新能源"}],"error":false,"code":"10000"}]]>
              </value>
            </param>
          </params>
          <reporter-output>
          </reporter-output>
        </test-method> <!-- ApiTestCode -->
        <test-method status="PASS" signature="ApiTestCode(java.lang.String, java.lang.String, java.lang.String, java.lang.String)[pri:0, instance:com.bitnei.apitest.testcases.saas.ApiTest@f4168b8]" name="ApiTestCode" duration-ms="54" started-at="2020-08-12T08:46:14Z" description="openapi接口" data-provider="dp" finished-at="2020-08-12T08:46:14Z">
          <params>
            <param index="0">
              <value>
                <![CDATA[微信小程序靠谱指数查询北京市]]>
              </value>
            </param>
            <param index="1">
              <value>
                <![CDATA[/external-api/laboratory/models/reliable/rank?]]>
              </value>
            </param>
            <param index="2">
              <value>
                <![CDATA[city=%E5%8C%97%E4%BA%AC%E5%B8%82&type=01]]>
              </value>
            </param>
            <param index="3">
              <value>
                <![CDATA[{"status":200,"errorMsg":null,"data":[{"vehModel":"THZ7000BEVS004","vehCommonName":"哪吒N01","unit":"km","standardDriverRange":301.00,"standardPower":14.00,"vehFac":"合众汽车"},{"vehModel":"BYD7005BEV1","vehCommonName":"E5","unit":"km","standardDriverRange":400.00,"standardPower":14.80,"vehFac":"比亚迪"},{"vehModel":"HQ7002BEV15","vehCommonName":"帝豪GSE400","unit":"km","standardDriverRange":353.00,"standardPower":14.53,"vehFac":"吉利汽车"}],"error":false,"code":"10000"}]]>
              </value>
            </param>
          </params>
          <reporter-output>
          </reporter-output>
        </test-method> <!-- ApiTestCode -->
        <test-method status="PASS" signature="ApiTestCode(java.lang.String, java.lang.String, java.lang.String, java.lang.String)[pri:0, instance:com.bitnei.apitest.testcases.saas.ApiTest@f4168b8]" name="ApiTestCode" duration-ms="47" started-at="2020-08-12T08:46:14Z" description="openapi接口" data-provider="dp" finished-at="2020-08-12T08:46:14Z">
          <params>
            <param index="0">
              <value>
                <![CDATA[微信小程序靠谱指数查询类型必填]]>
              </value>
            </param>
            <param index="1">
              <value>
                <![CDATA[/external-api/laboratory/models/reliable/rank?]]>
              </value>
            </param>
            <param index="2">
              <value>
                <![CDATA[]]>
              </value>
            </param>
            <param index="3">
              <value>
                <![CDATA[{"status":400,"errorMsg":"请求参数type不能为空！","data":null,"error":true,"code":"30001"}]]>
              </value>
            </param>
          </params>
          <reporter-output>
          </reporter-output>
        </test-method> <!-- ApiTestCode -->
        <test-method status="PASS" signature="ApiTestCode(java.lang.String, java.lang.String, java.lang.String, java.lang.String)[pri:0, instance:com.bitnei.apitest.testcases.saas.ApiTest@f4168b8]" name="ApiTestCode" duration-ms="42" started-at="2020-08-12T08:46:14Z" description="openapi接口" data-provider="dp" finished-at="2020-08-12T08:46:14Z">
          <params>
            <param index="0">
              <value>
                <![CDATA[微信小程序靠谱指数查询全国返回1条]]>
              </value>
            </param>
            <param index="1">
              <value>
                <![CDATA[/external-api/laboratory/models/reliable/rank?]]>
              </value>
            </param>
            <param index="2">
              <value>
                <![CDATA[size=1&type=02]]>
              </value>
            </param>
            <param index="3">
              <value>
                <![CDATA[{"status":200,"errorMsg":null,"data":[{"vehModel":"BJ7000U3D7G-BEV","vehCommonName":"EX360","unit":"km","standardDriverRange":318.0,"standardPower":16.7,"vehFac":"北汽新能源"}],"error":false,"code":"10000"}]]>
              </value>
            </param>
          </params>
          <reporter-output>
          </reporter-output>
        </test-method> <!-- ApiTestCode -->
        <test-method status="PASS" signature="ApiTestCode(java.lang.String, java.lang.String, java.lang.String, java.lang.String)[pri:0, instance:com.bitnei.apitest.testcases.saas.ApiTest@f4168b8]" name="ApiTestCode" duration-ms="74" started-at="2020-08-12T08:46:14Z" description="openapi接口" data-provider="dp" finished-at="2020-08-12T08:46:14Z">
          <params>
            <param index="0">
              <value>
                <![CDATA[微信小程序实际行驶总里程详情全国HQ7002BEV15吉利汽车]]>
              </value>
            </param>
            <param index="1">
              <value>
                <![CDATA[/external-api/laboratory/models/reliable/mileage/detail?]]>
              </value>
            </param>
            <param index="2">
              <value>
                <![CDATA[vehModel=HQ7002BEV15&vehFac=%E5%90%89%E5%88%A9%E6%B1%BD%E8%BD%A6]]>
              </value>
            </param>
            <param index="3">
              <value>
                <![CDATA[{"status":200,"errorMsg":null,"data":{"vehModel":"帝豪GSE400","driverRange":289.59,"standardDriverMileage":353.0,"vehFac":"吉利汽车","unit":"km","monthType":[{"driverMileage":206.0,"month":"01"},{"driverMileage":234.76,"month":"02"},{"driverMileage":285.52,"month":"03"},{"driverMileage":298.19,"month":"04"},{"driverMileage":323.13,"month":"05"},{"driverMileage":321.67,"month":"06"},{"driverMileage":316.4,"month":"07"},{"driverMileage":320.0,"month":"08"},{"driverMileage":324.62,"month":"09"},{"driverMileage":315.65,"month":"10"},{"driverMileage":283.3,"month":"11"},{"driverMileage":245.88,"month":"12"}],"seasonType":[{"driverMileage":307.86,"season":"autumn"},{"driverMileage":302.28,"season":"spring"},{"driverMileage":319.36,"season":"summer"},{"driverMileage":228.88,"season":"winter"}]},"error":false,"code":"10000"}]]>
              </value>
            </param>
          </params>
          <reporter-output>
          </reporter-output>
        </test-method> <!-- ApiTestCode -->
        <test-method status="PASS" signature="ApiTestCode(java.lang.String, java.lang.String, java.lang.String, java.lang.String)[pri:0, instance:com.bitnei.apitest.testcases.saas.ApiTest@f4168b8]" name="ApiTestCode" duration-ms="59" started-at="2020-08-12T08:46:14Z" description="openapi接口" data-provider="dp" finished-at="2020-08-12T08:46:14Z">
          <params>
            <param index="0">
              <value>
                <![CDATA[微信小程序实际行驶总里程详情北京市]]>
              </value>
            </param>
            <param index="1">
              <value>
                <![CDATA[/external-api/laboratory/models/reliable/mileage/detail?]]>
              </value>
            </param>
            <param index="2">
              <value>
                <![CDATA[city=%E5%8C%97%E4%BA%AC%E5%B8%82&vehModel=HQ7002BEV15&vehFac=%E5%90%89%E5%88%A9%E6%B1%BD%E8%BD%A6]]>
              </value>
            </param>
            <param index="3">
              <value>
                <![CDATA[{"status":200,"errorMsg":null,"data":{"vehModel":"帝豪GSE400","driverRange":291.55,"standardDriverMileage":353.00,"vehFac":"吉利汽车","unit":"km","monthType":[{"driverMileage":209.00,"month":"01"},{"driverMileage":233.67,"month":"02"},{"driverMileage":289.40,"month":"03"},{"driverMileage":292.50,"month":"04"},{"driverMileage":332.49,"month":"05"},{"driverMileage":329.00,"month":"06"},{"driverMileage":321.29,"month":"07"},{"driverMileage":331.23,"month":"08"},{"driverMileage":338.00,"month":"09"},{"driverMileage":324.67,"month":"10"},{"driverMileage":274.93,"month":"11"},{"driverMileage":222.44,"month":"12"}],"seasonType":[{"driverMileage":312.53,"season":"autumn"},{"driverMileage":304.80,"season":"spring"},{"driverMileage":327.17,"season":"summer"},{"driverMileage":221.70,"season":"winter"}]},"error":false,"code":"10000"}]]>
              </value>
            </param>
          </params>
          <reporter-output>
          </reporter-output>
        </test-method> <!-- ApiTestCode -->
        <test-method status="PASS" signature="ApiTestCode(java.lang.String, java.lang.String, java.lang.String, java.lang.String)[pri:0, instance:com.bitnei.apitest.testcases.saas.ApiTest@f4168b8]" name="ApiTestCode" duration-ms="32" started-at="2020-08-12T08:46:14Z" description="openapi接口" data-provider="dp" finished-at="2020-08-12T08:46:14Z">
          <params>
            <param index="0">
              <value>
                <![CDATA[微信小程序实际行驶总里程详情厂家必填]]>
              </value>
            </param>
            <param index="1">
              <value>
                <![CDATA[/external-api/laboratory/models/reliable/mileage/detail?]]>
              </value>
            </param>
            <param index="2">
              <value>
                <![CDATA[vehModel=HQ7002BEV15]]>
              </value>
            </param>
            <param index="3">
              <value>
                <![CDATA[{"status":400,"errorMsg":"请求参数vehFac不能为空！","data":null,"error":true,"code":"30001"}]]>
              </value>
            </param>
          </params>
          <reporter-output>
          </reporter-output>
        </test-method> <!-- ApiTestCode -->
        <test-method status="PASS" signature="ApiTestCode(java.lang.String, java.lang.String, java.lang.String, java.lang.String)[pri:0, instance:com.bitnei.apitest.testcases.saas.ApiTest@f4168b8]" name="ApiTestCode" duration-ms="30" started-at="2020-08-12T08:46:14Z" description="openapi接口" data-provider="dp" finished-at="2020-08-12T08:46:14Z">
          <params>
            <param index="0">
              <value>
                <![CDATA[微信小程序实际行驶总里程详情车型必填]]>
              </value>
            </param>
            <param index="1">
              <value>
                <![CDATA[/external-api/laboratory/models/reliable/mileage/detail?]]>
              </value>
            </param>
            <param index="2">
              <value>
                <![CDATA[vehFac=%E5%90%89%E5%88%A9%E6%B1%BD%E8%BD%A6]]>
              </value>
            </param>
            <param index="3">
              <value>
                <![CDATA[{"status":400,"errorMsg":"请求参数vehModel不能为空！","data":null,"error":true,"code":"30001"}]]>
              </value>
            </param>
          </params>
          <reporter-output>
          </reporter-output>
        </test-method> <!-- ApiTestCode -->
        <test-method status="PASS" signature="ApiTestCode(java.lang.String, java.lang.String, java.lang.String, java.lang.String)[pri:0, instance:com.bitnei.apitest.testcases.saas.ApiTest@f4168b8]" name="ApiTestCode" duration-ms="59" started-at="2020-08-12T08:46:14Z" description="openapi接口" data-provider="dp" finished-at="2020-08-12T08:46:14Z">
          <params>
            <param index="0">
              <value>
                <![CDATA[微信小程序使用焦虑度详情全国HQ7002BEV15吉利汽车]]>
              </value>
            </param>
            <param index="1">
              <value>
                <![CDATA[/external-api/laboratory/models/reliable/anxiety/detail?]]>
              </value>
            </param>
            <param index="2">
              <value>
                <![CDATA[vehModel=HQ7002BEV15&vehFac=%E5%90%89%E5%88%A9%E6%B1%BD%E8%BD%A6]]>
              </value>
            </param>
            <param index="3">
              <value>
                <![CDATA[{"status":200,"errorMsg":null,"data":{"vehModel":"帝豪GSE400","middleChargeStartSoc":37.53,"middleAnxiety":"中","vehFac":"吉利汽车","unit":"%","monthType":[{"chargeStartSoc":42.50,"anxiety":"中","month":"01"},{"chargeStartSoc":31.50,"anxiety":"中","month":"02"},{"chargeStartSoc":37.00,"anxiety":"中","month":"03"},{"chargeStartSoc":39.50,"anxiety":"中","month":"04"},{"chargeStartSoc":39.00,"anxiety":"中","month":"05"},{"chargeStartSoc":37.98,"anxiety":"中","month":"06"},{"chargeStartSoc":37.00,"anxiety":"中","month":"07"},{"chargeStartSoc":37.00,"anxiety":"中","month":"08"},{"chargeStartSoc":38.00,"anxiety":"中","month":"09"},{"chargeStartSoc":38.00,"anxiety":"中","month":"10"},{"chargeStartSoc":36.92,"anxiety":"中","month":"11"},{"chargeStartSoc":36.00,"anxiety":"中","month":"12"}],"seasonType":[{"chargeStartSoc":37.64,"anxiety":"中","season":"autumn"},{"chargeStartSoc":38.50,"anxiety":"中","season":"spring"},{"chargeStartSoc":37.33,"anxiety":"中","season":"summer"},{"chargeStartSoc":36.67,"anxiety":"中","season":"winter"}]},"error":false,"code":"10000"}]]>
              </value>
            </param>
          </params>
          <reporter-output>
          </reporter-output>
        </test-method> <!-- ApiTestCode -->
        <test-method status="PASS" signature="ApiTestCode(java.lang.String, java.lang.String, java.lang.String, java.lang.String)[pri:0, instance:com.bitnei.apitest.testcases.saas.ApiTest@f4168b8]" name="ApiTestCode" duration-ms="86" started-at="2020-08-12T08:46:14Z" description="openapi接口" data-provider="dp" finished-at="2020-08-12T08:46:14Z">
          <params>
            <param index="0">
              <value>
                <![CDATA[微信小程序使用焦虑度详情北京市]]>
              </value>
            </param>
            <param index="1">
              <value>
                <![CDATA[/external-api/laboratory/models/reliable/anxiety/detail?]]>
              </value>
            </param>
            <param index="2">
              <value>
                <![CDATA[city=%E5%8C%97%E4%BA%AC%E5%B8%82&vehModel=HQ7002BEV15&vehFac=%E5%90%89%E5%88%A9%E6%B1%BD%E8%BD%A6]]>
              </value>
            </param>
            <param index="3">
              <value>
                <![CDATA[{"status":200,"errorMsg":null,"data":{"vehModel":"帝豪GSE400","middleChargeStartSoc":35.42,"middleAnxiety":"中","vehFac":"吉利汽车","unit":"%","monthType":[{"chargeStartSoc":42.00,"anxiety":"中","month":"01"},{"chargeStartSoc":31.00,"anxiety":"中","month":"02"},{"chargeStartSoc":37.00,"anxiety":"中","month":"03"},{"chargeStartSoc":39.00,"anxiety":"中","month":"04"},{"chargeStartSoc":36.00,"anxiety":"中","month":"05"},{"chargeStartSoc":35.00,"anxiety":"中","month":"06"},{"chargeStartSoc":34.00,"anxiety":"中","month":"07"},{"chargeStartSoc":35.00,"anxiety":"中","month":"08"},{"chargeStartSoc":35.08,"anxiety":"中","month":"09"},{"chargeStartSoc":35.00,"anxiety":"中","month":"10"},{"chargeStartSoc":33.00,"anxiety":"中","month":"11"},{"chargeStartSoc":33.00,"anxiety":"中","month":"12"}],"seasonType":[{"chargeStartSoc":34.36,"anxiety":"中","season":"autumn"},{"chargeStartSoc":37.33,"anxiety":"中","season":"spring"},{"chargeStartSoc":34.67,"anxiety":"中","season":"summer"},{"chargeStartSoc":35.33,"anxiety":"中","season":"winter"}]},"error":false,"code":"10000"}]]>
              </value>
            </param>
          </params>
          <reporter-output>
          </reporter-output>
        </test-method> <!-- ApiTestCode -->
        <test-method status="PASS" signature="ApiTestCode(java.lang.String, java.lang.String, java.lang.String, java.lang.String)[pri:0, instance:com.bitnei.apitest.testcases.saas.ApiTest@f4168b8]" name="ApiTestCode" duration-ms="39" started-at="2020-08-12T08:46:14Z" description="openapi接口" data-provider="dp" finished-at="2020-08-12T08:46:14Z">
          <params>
            <param index="0">
              <value>
                <![CDATA[微信小程序使用焦虑度详情厂家必填]]>
              </value>
            </param>
            <param index="1">
              <value>
                <![CDATA[/external-api/laboratory/models/reliable/anxiety/detail?]]>
              </value>
            </param>
            <param index="2">
              <value>
                <![CDATA[vehModel=HQ7002BEV15]]>
              </value>
            </param>
            <param index="3">
              <value>
                <![CDATA[{"status":400,"errorMsg":"请求参数vehFac不能为空！","data":null,"error":true,"code":"30001"}]]>
              </value>
            </param>
          </params>
          <reporter-output>
          </reporter-output>
        </test-method> <!-- ApiTestCode -->
        <test-method status="PASS" signature="ApiTestCode(java.lang.String, java.lang.String, java.lang.String, java.lang.String)[pri:0, instance:com.bitnei.apitest.testcases.saas.ApiTest@f4168b8]" name="ApiTestCode" duration-ms="34" started-at="2020-08-12T08:46:14Z" description="openapi接口" data-provider="dp" finished-at="2020-08-12T08:46:14Z">
          <params>
            <param index="0">
              <value>
                <![CDATA[微信小程序使用焦虑度详情车型必填]]>
              </value>
            </param>
            <param index="1">
              <value>
                <![CDATA[/external-api/laboratory/models/reliable/anxiety/detail?]]>
              </value>
            </param>
            <param index="2">
              <value>
                <![CDATA[vehFac=%E5%90%89%E5%88%A9%E6%B1%BD%E8%BD%A6]]>
              </value>
            </param>
            <param index="3">
              <value>
                <![CDATA[{"status":400,"errorMsg":"请求参数vehModel不能为空！","data":null,"error":true,"code":"30001"}]]>
              </value>
            </param>
          </params>
          <reporter-output>
          </reporter-output>
        </test-method> <!-- ApiTestCode -->
        <test-method status="PASS" signature="ApiTestCode(java.lang.String, java.lang.String, java.lang.String, java.lang.String)[pri:0, instance:com.bitnei.apitest.testcases.saas.ApiTest@f4168b8]" name="ApiTestCode" duration-ms="67" started-at="2020-08-12T08:46:14Z" description="openapi接口" data-provider="dp" finished-at="2020-08-12T08:46:14Z">
          <params>
            <param index="0">
              <value>
                <![CDATA[微信小程序快充满意度详情全国HQ7002BEV15吉利汽车]]>
              </value>
            </param>
            <param index="1">
              <value>
                <![CDATA[/external-api/laboratory/models/reliable/charge/detail?]]>
              </value>
            </param>
            <param index="2">
              <value>
                <![CDATA[vehModel=HQ7002BEV15&vehFac=%E5%90%89%E5%88%A9%E6%B1%BD%E8%BD%A6]]>
              </value>
            </param>
            <param index="3">
              <value>
                <![CDATA[{"status":200,"errorMsg":null,"data":{"vehModel":"帝豪GSE400","fastChargeDuration":54.47,"satisfactionDegree":"低","vehFac":"吉利汽车","unit":"min","monthType":[{"fastChargeTime":97.50,"satisfactionDegree":"低","month":"01"},{"fastChargeTime":41.00,"satisfactionDegree":"中","month":"02"},{"fastChargeTime":92.67,"satisfactionDegree":"低","month":"03"},{"fastChargeTime":0,"satisfactionDegree":"低","month":"04"},{"fastChargeTime":45.67,"satisfactionDegree":"低","month":"05"},{"fastChargeTime":44.50,"satisfactionDegree":"中","month":"06"},{"fastChargeTime":45.14,"satisfactionDegree":"低","month":"07"},{"fastChargeTime":44.34,"satisfactionDegree":"中","month":"08"},{"fastChargeTime":44.73,"satisfactionDegree":"中","month":"09"},{"fastChargeTime":45.18,"satisfactionDegree":"低","month":"10"},{"fastChargeTime":47.66,"satisfactionDegree":"低","month":"11"},{"fastChargeTime":50.83,"satisfactionDegree":"低","month":"12"}],"seasonType":[{"fastChargeTime":45.86,"satisfactionDegree":"低","season":"autumn"},{"fastChargeTime":69.17,"satisfactionDegree":"低","season":"spring"},{"fastChargeTime":44.66,"satisfactionDegree":"中","season":"summer"},{"fastChargeTime":63.11,"satisfactionDegree":"低","season":"winter"}]},"error":false,"code":"10000"}]]>
              </value>
            </param>
          </params>
          <reporter-output>
          </reporter-output>
        </test-method> <!-- ApiTestCode -->
        <test-method status="PASS" signature="ApiTestCode(java.lang.String, java.lang.String, java.lang.String, java.lang.String)[pri:0, instance:com.bitnei.apitest.testcases.saas.ApiTest@f4168b8]" name="ApiTestCode" duration-ms="75" started-at="2020-08-12T08:46:14Z" description="openapi接口" data-provider="dp" finished-at="2020-08-12T08:46:14Z">
          <params>
            <param index="0">
              <value>
                <![CDATA[微信小程序快充满意度详情北京市]]>
              </value>
            </param>
            <param index="1">
              <value>
                <![CDATA[/external-api/laboratory/models/reliable/charge/detail?]]>
              </value>
            </param>
            <param index="2">
              <value>
                <![CDATA[city=%E5%8C%97%E4%BA%AC%E5%B8%82&vehModel=HQ7002BEV15&vehFac=%E5%90%89%E5%88%A9%E6%B1%BD%E8%BD%A6]]>
              </value>
            </param>
            <param index="3">
              <value>
                <![CDATA[{"status":200,"errorMsg":null,"data":{"vehModel":"帝豪GSE400","fastChargeDuration":59.06,"satisfactionDegree":"低","vehFac":"吉利汽车","unit":"min","monthType":[{"fastChargeTime":97.50,"satisfactionDegree":"低","month":"01"},{"fastChargeTime":41.00,"satisfactionDegree":"中","month":"02"},{"fastChargeTime":92.67,"satisfactionDegree":"低","month":"03"},{"fastChargeTime":0,"satisfactionDegree":"低","month":"04"},{"fastChargeTime":50.28,"satisfactionDegree":"低","month":"05"},{"fastChargeTime":49.00,"satisfactionDegree":"低","month":"06"},{"fastChargeTime":50.63,"satisfactionDegree":"低","month":"07"},{"fastChargeTime":48.96,"satisfactionDegree":"低","month":"08"},{"fastChargeTime":48.58,"satisfactionDegree":"低","month":"09"},{"fastChargeTime":50.00,"satisfactionDegree":"低","month":"10"},{"fastChargeTime":56.83,"satisfactionDegree":"低","month":"11"},{"fastChargeTime":64.19,"satisfactionDegree":"低","month":"12"}],"seasonType":[{"fastChargeTime":51.80,"satisfactionDegree":"低","season":"autumn"},{"fastChargeTime":71.48,"satisfactionDegree":"低","season":"spring"},{"fastChargeTime":49.53,"satisfactionDegree":"低","season":"summer"},{"fastChargeTime":67.56,"satisfactionDegree":"低","season":"winter"}]},"error":false,"code":"10000"}]]>
              </value>
            </param>
          </params>
          <reporter-output>
          </reporter-output>
        </test-method> <!-- ApiTestCode -->
        <test-method status="PASS" signature="ApiTestCode(java.lang.String, java.lang.String, java.lang.String, java.lang.String)[pri:0, instance:com.bitnei.apitest.testcases.saas.ApiTest@f4168b8]" name="ApiTestCode" duration-ms="39" started-at="2020-08-12T08:46:14Z" description="openapi接口" data-provider="dp" finished-at="2020-08-12T08:46:14Z">
          <params>
            <param index="0">
              <value>
                <![CDATA[微信小程序快充满意度详情厂家必填]]>
              </value>
            </param>
            <param index="1">
              <value>
                <![CDATA[/external-api/laboratory/models/reliable/charge/detail?]]>
              </value>
            </param>
            <param index="2">
              <value>
                <![CDATA[vehModel=HQ7002BEV15]]>
              </value>
            </param>
            <param index="3">
              <value>
                <![CDATA[{"status":400,"errorMsg":"请求参数vehFac不能为空！","data":null,"error":true,"code":"30001"}]]>
              </value>
            </param>
          </params>
          <reporter-output>
          </reporter-output>
        </test-method> <!-- ApiTestCode -->
        <test-method status="PASS" signature="ApiTestCode(java.lang.String, java.lang.String, java.lang.String, java.lang.String)[pri:0, instance:com.bitnei.apitest.testcases.saas.ApiTest@f4168b8]" name="ApiTestCode" duration-ms="33" started-at="2020-08-12T08:46:14Z" description="openapi接口" data-provider="dp" finished-at="2020-08-12T08:46:14Z">
          <params>
            <param index="0">
              <value>
                <![CDATA[微信小程序快充满意度详情车型必填]]>
              </value>
            </param>
            <param index="1">
              <value>
                <![CDATA[/external-api/laboratory/models/reliable/charge/detail?]]>
              </value>
            </param>
            <param index="2">
              <value>
                <![CDATA[vehFac=%E5%90%89%E5%88%A9%E6%B1%BD%E8%BD%A6]]>
              </value>
            </param>
            <param index="3">
              <value>
                <![CDATA[{"status":400,"errorMsg":"请求参数vehModel不能为空！","data":null,"error":true,"code":"30001"}]]>
              </value>
            </param>
          </params>
          <reporter-output>
          </reporter-output>
        </test-method> <!-- ApiTestCode -->
        <test-method status="PASS" signature="ApiTestCode(java.lang.String, java.lang.String, java.lang.String, java.lang.String)[pri:0, instance:com.bitnei.apitest.testcases.saas.ApiTest@f4168b8]" name="ApiTestCode" duration-ms="16651" started-at="2020-08-12T08:46:14Z" description="openapi接口" data-provider="dp" finished-at="2020-08-12T08:46:31Z">
          <params>
            <param index="0">
              <value>
                <![CDATA[鼎然科技行程汇总查询vin正确]]>
              </value>
            </param>
            <param index="1">
              <value>
                <![CDATA[/external-api/vrm/vehicle/summary/tags?]]>
              </value>
            </param>
            <param index="2">
              <value>
                <![CDATA[vin=L68GCS4B3JA000157]]>
              </value>
            </param>
            <param index="3">
              <value>
                <![CDATA[{"status":200,"errorMsg":null,"data":{"vin":"L68GCS4B3JA000157","displacement":"","length":"8560","manufacturer":"东莞中汽宏远汽车有限公司","brand":"宏远牌","charge_times":128,"fast_charge_times":95,"total_charge_time_length":382642.0,"total_fast_charge_time_length":201013.0,"end_charge_avg_soc":99.078125,"max_weight":"14000","max_speed":"69","drive_range":420.0,"motor_type":"永磁同步电机","kwh_100km":0.0,"cell_enterprise":"宁德时代新能源科技股份有限公司","battery_type":"磷酸铁锂","veh_category_2":"纯电动客车","veh_model_name":"KMT6861GBEV2","veh_level":"","produce_date":"2018"},"error":false,"code":"10000"}]]>
              </value>
            </param>
          </params>
          <reporter-output>
          </reporter-output>
        </test-method> <!-- ApiTestCode -->
        <test-method status="PASS" signature="ApiTestCode(java.lang.String, java.lang.String, java.lang.String, java.lang.String)[pri:0, instance:com.bitnei.apitest.testcases.saas.ApiTest@f4168b8]" name="ApiTestCode" duration-ms="1400" started-at="2020-08-12T08:46:31Z" description="openapi接口" data-provider="dp" finished-at="2020-08-12T08:46:32Z">
          <params>
            <param index="0">
              <value>
                <![CDATA[鼎然科技行程汇总查询vin无数据]]>
              </value>
            </param>
            <param index="1">
              <value>
                <![CDATA[/external-api/vrm/vehicle/summary/tags?]]>
              </value>
            </param>
            <param index="2">
              <value>
                <![CDATA[vin=123]]>
              </value>
            </param>
            <param index="3">
              <value>
                <![CDATA[{"status":200,"errorMsg":null,"data":null,"error":false,"code":"35000"}]]>
              </value>
            </param>
          </params>
          <reporter-output>
          </reporter-output>
        </test-method> <!-- ApiTestCode -->
        <test-method status="PASS" signature="ApiTestCode(java.lang.String, java.lang.String, java.lang.String, java.lang.String)[pri:0, instance:com.bitnei.apitest.testcases.saas.ApiTest@f4168b8]" name="ApiTestCode" duration-ms="806" started-at="2020-08-12T08:46:32Z" description="openapi接口" data-provider="dp" finished-at="2020-08-12T08:46:33Z">
          <params>
            <param index="0">
              <value>
                <![CDATA[鼎然科技行程信息查询vin正确HDL421BGXK1000403]]>
              </value>
            </param>
            <param index="1">
              <value>
                <![CDATA[/external-api/vrm/vehicle/trips?]]>
              </value>
            </param>
            <param index="2">
              <value>
                <![CDATA[vin=HDL421BGXK1000403&statisticDate=2020-06-15]]>
              </value>
            </param>
            <param index="3">
              <value>
                <![CDATA[{"status":200,"errorMsg":null,"data":{"vin":"HDL421BGXK1000403","statisticDate":"2020-06-15","start_mileage":11560.0,"end_mileage":11570.0,"odo_mileage":10.0,"total_run_mile":10.0,"total_run_time_length":290,"total_run_times":1,"total_acc_count":0,"total_brake_acc_count":0},"error":false,"code":"10000"}]]>
              </value>
            </param>
          </params>
          <reporter-output>
          </reporter-output>
        </test-method> <!-- ApiTestCode -->
        <test-method status="PASS" signature="ApiTestCode(java.lang.String, java.lang.String, java.lang.String, java.lang.String)[pri:0, instance:com.bitnei.apitest.testcases.saas.ApiTest@f4168b8]" name="ApiTestCode" duration-ms="1191" started-at="2020-08-12T08:46:33Z" description="openapi接口" data-provider="dp" finished-at="2020-08-12T08:46:34Z">
          <params>
            <param index="0">
              <value>
                <![CDATA[鼎然科技行程信息查询vin无数据]]>
              </value>
            </param>
            <param index="1">
              <value>
                <![CDATA[/external-api/vrm/vehicle/trips?]]>
              </value>
            </param>
            <param index="2">
              <value>
                <![CDATA[vin=HDL421BGXK100040&statisticDate=2020-06-15]]>
              </value>
            </param>
            <param index="3">
              <value>
                <![CDATA[{"status":200,"errorMsg":null,"data":null,"error":false,"code":"35000"}]]>
              </value>
            </param>
          </params>
          <reporter-output>
          </reporter-output>
        </test-method> <!-- ApiTestCode -->
        <test-method status="PASS" signature="ApiTestCode(java.lang.String, java.lang.String, java.lang.String, java.lang.String)[pri:0, instance:com.bitnei.apitest.testcases.saas.ApiTest@f4168b8]" name="ApiTestCode" duration-ms="95" started-at="2020-08-12T08:46:34Z" description="openapi接口" data-provider="dp" finished-at="2020-08-12T08:46:35Z">
          <params>
            <param index="0">
              <value>
                <![CDATA[鼎然科技行程信息查询日期格式不正确]]>
              </value>
            </param>
            <param index="1">
              <value>
                <![CDATA[/external-api/vrm/vehicle/trips?]]>
              </value>
            </param>
            <param index="2">
              <value>
                <![CDATA[vin=HDL421BGXK100040&statisticDate=2020-06-15%2000]]>
              </value>
            </param>
            <param index="3">
              <value>
                <![CDATA[{"status":400,"errorMsg":"statisticDate 日期格式不正确(yyyy-MM-dd)","data":null,"error":true,"code":"30001"}]]>
              </value>
            </param>
          </params>
          <reporter-output>
          </reporter-output>
        </test-method> <!-- ApiTestCode -->
        <test-method status="PASS" signature="ApiTestCode(java.lang.String, java.lang.String, java.lang.String, java.lang.String)[pri:0, instance:com.bitnei.apitest.testcases.saas.ApiTest@f4168b8]" name="ApiTestCode" duration-ms="2541" started-at="2020-08-12T08:46:35Z" description="openapi接口" data-provider="dp" finished-at="2020-08-12T08:46:37Z">
          <params>
            <param index="0">
              <value>
                <![CDATA[平安租赁实时数据按vin查询]]>
              </value>
            </param>
            <param index="1">
              <value>
                <![CDATA[/external-api/vrm/rent/vehicle/realTime?]]>
              </value>
            </param>
            <param index="2">
              <value>
                <![CDATA[vin=LNAA2AA14K5005789]]>
              </value>
            </param>
            <param index="3">
              <value>
                <![CDATA[{"status":200,"errorMsg":null,"error":false,"code":"10000"}]]>
              </value>
            </param>
          </params>
          <reporter-output>
          </reporter-output>
        </test-method> <!-- ApiTestCode -->
        <test-method status="PASS" signature="ApiTestCode(java.lang.String, java.lang.String, java.lang.String, java.lang.String)[pri:0, instance:com.bitnei.apitest.testcases.saas.ApiTest@f4168b8]" name="ApiTestCode" duration-ms="55" started-at="2020-08-12T08:46:37Z" description="openapi接口" data-provider="dp" finished-at="2020-08-12T08:46:37Z">
          <params>
            <param index="0">
              <value>
                <![CDATA[平安租赁实时数据按vin查询无数据]]>
              </value>
            </param>
            <param index="1">
              <value>
                <![CDATA[/external-api/vrm/rent/vehicle/realTime?]]>
              </value>
            </param>
            <param index="2">
              <value>
                <![CDATA[vin=123]]>
              </value>
            </param>
            <param index="3">
              <value>
                <![CDATA[{"status":400,"errorMsg":"此车不在查询范围内","data":null,"error":true,"code":"30004"}]]>
              </value>
            </param>
          </params>
          <reporter-output>
          </reporter-output>
        </test-method> <!-- ApiTestCode -->
        <test-method status="PASS" signature="ApiTestCode(java.lang.String, java.lang.String, java.lang.String, java.lang.String)[pri:0, instance:com.bitnei.apitest.testcases.saas.ApiTest@f4168b8]" name="ApiTestCode" duration-ms="103" started-at="2020-08-12T08:46:37Z" description="openapi接口" data-provider="dp" finished-at="2020-08-12T08:46:37Z">
          <params>
            <param index="0">
              <value>
                <![CDATA[中保信车辆静态信息按vin查询正确]]>
              </value>
            </param>
            <param index="1">
              <value>
                <![CDATA[/external-api/vrm/ciitc/vehicle/static/tag?]]>
              </value>
            </param>
            <param index="2">
              <value>
                <![CDATA[vin=LNBSCC3H5HF323314]]>
              </value>
            </param>
            <param index="3">
              <value>
                <![CDATA[{"status":200,"errorMsg":null,"data":{"vin":"LNBSCC3H5HF323314","brand":"北京牌","manufacturer":"北京汽车股份有限公司","power_type":"纯电动","license_plate":"沪AD88753","veh_model_name":"BJ7000C5E2-BEV","veh_common_name":"EU260","curb_weight":1613.0,"max_speed":100.0,"drive_range":252.0,"positive_material":"层状三元材料","cell_manufacturer":"宁德时代新能源科技股份有限公司","kwh_100km":null,"is_online":1,"first_live_date":"2020-03-22","run_city":"上海市","run_province":"上海市","veh_category_2":"网约车","unit_name":"上海强生出租汽车有限公司","veh_level":"A","first_run_date":"1584850157000","first_charge_date":"1584865537000"},"error":false,"code":"10000"}]]>
              </value>
            </param>
          </params>
          <reporter-output>
          </reporter-output>
        </test-method> <!-- ApiTestCode -->
        <test-method status="PASS" signature="ApiTestCode(java.lang.String, java.lang.String, java.lang.String, java.lang.String)[pri:0, instance:com.bitnei.apitest.testcases.saas.ApiTest@f4168b8]" name="ApiTestCode" duration-ms="90" started-at="2020-08-12T08:46:37Z" description="openapi接口" data-provider="dp" finished-at="2020-08-12T08:46:37Z">
          <params>
            <param index="0">
              <value>
                <![CDATA[中保信车辆静态信息按vin查询无数据]]>
              </value>
            </param>
            <param index="1">
              <value>
                <![CDATA[/external-api/vrm/ciitc/vehicle/static/tag?]]>
              </value>
            </param>
            <param index="2">
              <value>
                <![CDATA[vin=123]]>
              </value>
            </param>
            <param index="3">
              <value>
                <![CDATA[{"status":200,"errorMsg":null,"data":null,"error":false,"code":"35000"}]]>
              </value>
            </param>
          </params>
          <reporter-output>
          </reporter-output>
        </test-method> <!-- ApiTestCode -->
        <test-method status="PASS" signature="ApiTestCode(java.lang.String, java.lang.String, java.lang.String, java.lang.String)[pri:0, instance:com.bitnei.apitest.testcases.saas.ApiTest@f4168b8]" name="ApiTestCode" duration-ms="70" started-at="2020-08-12T08:46:37Z" description="openapi接口" data-provider="dp" finished-at="2020-08-12T08:46:37Z">
          <params>
            <param index="0">
              <value>
                <![CDATA[中保信车辆静态信息按licensePlate查询正确]]>
              </value>
            </param>
            <param index="1">
              <value>
                <![CDATA[/external-api/vrm/ciitc/vehicle/static/tag?]]>
              </value>
            </param>
            <param index="2">
              <value>
                <![CDATA[licensePlate=%E6%B2%AAAD88753]]>
              </value>
            </param>
            <param index="3">
              <value>
                <![CDATA[{"status":200,"errorMsg":null,"data":{"vin":"LNBSCC3H5HF323314","brand":"北京牌","manufacturer":"北京汽车股份有限公司","power_type":"纯电动","license_plate":"沪AD88753","veh_model_name":"BJ7000C5E2-BEV","veh_common_name":"EU260","curb_weight":1613.0,"max_speed":100.0,"drive_range":252.0,"positive_material":"层状三元材料","cell_manufacturer":"宁德时代新能源科技股份有限公司","kwh_100km":null,"is_online":1,"first_live_date":"2020-03-22","run_city":"上海市","run_province":"上海市","veh_category_2":"网约车","unit_name":"上海强生出租汽车有限公司","veh_level":"A","first_run_date":"1584850157000","first_charge_date":"1584865537000"},"error":false,"code":"10000"}]]>
              </value>
            </param>
          </params>
          <reporter-output>
          </reporter-output>
        </test-method> <!-- ApiTestCode -->
        <test-method status="PASS" signature="ApiTestCode(java.lang.String, java.lang.String, java.lang.String, java.lang.String)[pri:0, instance:com.bitnei.apitest.testcases.saas.ApiTest@f4168b8]" name="ApiTestCode" duration-ms="58" started-at="2020-08-12T08:46:37Z" description="openapi接口" data-provider="dp" finished-at="2020-08-12T08:46:37Z">
          <params>
            <param index="0">
              <value>
                <![CDATA[中保信车辆静态信息按licensePlate查询无数据]]>
              </value>
            </param>
            <param index="1">
              <value>
                <![CDATA[/external-api/vrm/ciitc/vehicle/static/tag?]]>
              </value>
            </param>
            <param index="2">
              <value>
                <![CDATA[licensePlate=123]]>
              </value>
            </param>
            <param index="3">
              <value>
                <![CDATA[{"status":200,"errorMsg":null,"data":null,"error":false,"code":"35000"}]]>
              </value>
            </param>
          </params>
          <reporter-output>
          </reporter-output>
        </test-method> <!-- ApiTestCode -->
        <test-method status="PASS" signature="ApiTestCode(java.lang.String, java.lang.String, java.lang.String, java.lang.String)[pri:0, instance:com.bitnei.apitest.testcases.saas.ApiTest@f4168b8]" name="ApiTestCode" duration-ms="66" started-at="2020-08-12T08:46:37Z" description="openapi接口" data-provider="dp" finished-at="2020-08-12T08:46:38Z">
          <params>
            <param index="0">
              <value>
                <![CDATA[中保信车辆静态信息参数必传验证]]>
              </value>
            </param>
            <param index="1">
              <value>
                <![CDATA[/external-api/vrm/ciitc/vehicle/static/tag]]>
              </value>
            </param>
            <param index="2">
              <value>
                <![CDATA[]]>
              </value>
            </param>
            <param index="3">
              <value>
                <![CDATA[{"status":400,"errorMsg":"参数vin和licensePlate至少传一个","data":null,"error":true,"code":"30001"}]]>
              </value>
            </param>
          </params>
          <reporter-output>
          </reporter-output>
        </test-method> <!-- ApiTestCode -->
        <test-method status="PASS" signature="ApiTestCode(java.lang.String, java.lang.String, java.lang.String, java.lang.String)[pri:0, instance:com.bitnei.apitest.testcases.saas.ApiTest@f4168b8]" name="ApiTestCode" duration-ms="114" started-at="2020-08-12T08:46:38Z" description="openapi接口" data-provider="dp" finished-at="2020-08-12T08:46:38Z">
          <params>
            <param index="0">
              <value>
                <![CDATA[中保信整体标签查询按vin查询正确]]>
              </value>
            </param>
            <param index="1">
              <value>
                <![CDATA[/external-api/vrm/ciitc/vehicle/whole/tag?]]>
              </value>
            </param>
            <param index="2">
              <value>
                <![CDATA[vin=LJ1EEKPP1J7410252]]>
              </value>
            </param>
            <param index="3">
              <value>
                <![CDATA[{"status":200,"errorMsg":null,"data":{"vin":"LJ1EEKPP1J7410252","brand":"江淮牌","power_type":"纯电动","veh_model_name":"HFC7000W3EV","drive_range":156.0,"positive_material":"橄榄石型磷酸铁锂材料","cell_manufacturer":"合肥国轩高科动力能源有限公司","kwh_100km":13.0,"is_online":1,"run_location":"江西省九江市瑞昌市","province_dept":"安徽省","city_dept":"合肥市","veh_category_2":"私人乘用车","first_run_date":"2018-11-24","first_charge_date":"2018-12-08","total_run_mile":61981.0,"total_high_temp_run_mile":1058.0,"total_low_temp_run_mile":0.0,"total_low_soc_run_times":1,"avg_daily_run_mile":300.878640776699,"avg_daily_run_time_length":3511.223300970874,"avg_charge_times_per_100km":1.048708475177877,"avg_charge_start_soc":47.353846153846156,"avg_charge_end_soc":96.3076923076923,"last_charge_time":"2020-06-26","last_charge_location":"江西省九江市","total_alarm_times":null,"max_alarm_name":null,"risk_score":0.0,"total_night_run_mile":16516.0,"total_night_run_time_length":187797.0,"total_summer_run_mile":12907.0,"total_winter_run_mile":10454.0,"charge_times":65,"fast_charge_times":1,"avg_run_speed":385.1281183882615,"max_run_speed":1072.0,"avg_charge_time_length":14396.8,"latest_dashboard_mile":111309.0,"total_run_times":516},"error":false,"code":"10000"}]]>
              </value>
            </param>
          </params>
          <reporter-output>
          </reporter-output>
        </test-method> <!-- ApiTestCode -->
        <test-method status="PASS" signature="ApiTestCode(java.lang.String, java.lang.String, java.lang.String, java.lang.String)[pri:0, instance:com.bitnei.apitest.testcases.saas.ApiTest@f4168b8]" name="ApiTestCode" duration-ms="95" started-at="2020-08-12T08:46:38Z" description="openapi接口" data-provider="dp" finished-at="2020-08-12T08:46:38Z">
          <params>
            <param index="0">
              <value>
                <![CDATA[中保信整体标签查询按vin查询无数据]]>
              </value>
            </param>
            <param index="1">
              <value>
                <![CDATA[/external-api/vrm/ciitc/vehicle/whole/tag?]]>
              </value>
            </param>
            <param index="2">
              <value>
                <![CDATA[vin=123]]>
              </value>
            </param>
            <param index="3">
              <value>
                <![CDATA[{"status":200,"errorMsg":null,"data":null,"error":false,"code":"35000"}]]>
              </value>
            </param>
          </params>
          <reporter-output>
          </reporter-output>
        </test-method> <!-- ApiTestCode -->
        <test-method status="PASS" signature="ApiTestCode(java.lang.String, java.lang.String, java.lang.String, java.lang.String)[pri:0, instance:com.bitnei.apitest.testcases.saas.ApiTest@f4168b8]" name="ApiTestCode" duration-ms="896" started-at="2020-08-12T08:46:38Z" description="openapi接口" data-provider="dp" finished-at="2020-08-12T08:46:39Z">
          <params>
            <param index="0">
              <value>
                <![CDATA[平安租赁查询行程列表查询正确LNAA2AA14K5005789]]>
              </value>
            </param>
            <param index="1">
              <value>
                <![CDATA[/external-api/vrm/rent/vehicle/trip/list?]]>
              </value>
            </param>
            <param index="2">
              <value>
                <![CDATA[vin=LNAA2AA14K5005789&startDate=2020-02-02%2000%3A00%3A00&stopDate=2020-02-02%2023%3A59%3A59]]>
              </value>
            </param>
            <param index="3">
              <value>
                <![CDATA[{"status":200,"errorMsg":null,"data":[{"vin":"LNAA2AA14K5005789","statistic_date":1580599875000},{"vin":"LNAA2AA14K5005789","statistic_date":1580602235000},{"vin":"LNAA2AA14K5005789","statistic_date":1580609895000},{"vin":"LNAA2AA14K5005789","statistic_date":1580611185000},{"vin":"LNAA2AA14K5005789","statistic_date":1580611315000}],"error":false,"code":"10000"}]]>
              </value>
            </param>
          </params>
          <reporter-output>
          </reporter-output>
        </test-method> <!-- ApiTestCode -->
        <test-method status="PASS" signature="ApiTestCode(java.lang.String, java.lang.String, java.lang.String, java.lang.String)[pri:0, instance:com.bitnei.apitest.testcases.saas.ApiTest@f4168b8]" name="ApiTestCode" duration-ms="594" started-at="2020-08-12T08:46:39Z" description="openapi接口" data-provider="dp" finished-at="2020-08-12T08:46:39Z">
          <params>
            <param index="0">
              <value>
                <![CDATA[平安租赁查询行程列表查询为空LNAA2AA14K500578]]>
              </value>
            </param>
            <param index="1">
              <value>
                <![CDATA[/external-api/vrm/rent/vehicle/trip/list?]]>
              </value>
            </param>
            <param index="2">
              <value>
                <![CDATA[vin=LNAA2AA14K500578&startDate=2020-02-02%2000%3A00%3A00&stopDate=2020-02-02%2023%3A59%3A59]]>
              </value>
            </param>
            <param index="3">
              <value>
                <![CDATA[{"status":200,"errorMsg":null,"data":null,"error":false,"code":"35000"}]]>
              </value>
            </param>
          </params>
          <reporter-output>
          </reporter-output>
        </test-method> <!-- ApiTestCode -->
        <test-method status="PASS" signature="ApiTestCode(java.lang.String, java.lang.String, java.lang.String, java.lang.String)[pri:0, instance:com.bitnei.apitest.testcases.saas.ApiTest@f4168b8]" name="ApiTestCode" duration-ms="3513" started-at="2020-08-12T08:46:39Z" description="openapi接口" data-provider="dp" finished-at="2020-08-12T08:46:43Z">
          <params>
            <param index="0">
              <value>
                <![CDATA[平安租赁查询单个行程查询正确LNAA2AA14K5005789]]>
              </value>
            </param>
            <param index="1">
              <value>
                <![CDATA[/external-api/vrm/rent/vehicle/trip?]]>
              </value>
            </param>
            <param index="2">
              <value>
                <![CDATA[vin=LNAA2AA14K5005789&statisticDate=1580599875000]]>
              </value>
            </param>
            <param index="3">
              <value>
                <![CDATA[{"status":200,"errorMsg":null,"error":false,"code":"10000"}]]>
              </value>
            </param>
          </params>
          <reporter-output>
          </reporter-output>
        </test-method> <!-- ApiTestCode -->
        <test-method status="PASS" signature="ApiTestCode(java.lang.String, java.lang.String, java.lang.String, java.lang.String)[pri:0, instance:com.bitnei.apitest.testcases.saas.ApiTest@f4168b8]" name="ApiTestCode" duration-ms="532" started-at="2020-08-12T08:46:43Z" description="openapi接口" data-provider="dp" finished-at="2020-08-12T08:46:43Z">
          <params>
            <param index="0">
              <value>
                <![CDATA[平安租赁查询单个行程查询为空LNAA2AA14K500578]]>
              </value>
            </param>
            <param index="1">
              <value>
                <![CDATA[/external-api/vrm/rent/vehicle/trip?]]>
              </value>
            </param>
            <param index="2">
              <value>
                <![CDATA[vin=LNAA2AA14K500578&statisticDate=1580599875000]]>
              </value>
            </param>
            <param index="3">
              <value>
                <![CDATA[{"status":200,"errorMsg":null,"data":null,"error":false,"code":"35000"}]]>
              </value>
            </param>
          </params>
          <reporter-output>
          </reporter-output>
        </test-method> <!-- ApiTestCode -->
        <test-method status="PASS" signature="ApiTestCode(java.lang.String, java.lang.String, java.lang.String, java.lang.String)[pri:0, instance:com.bitnei.apitest.testcases.saas.ApiTest@f4168b8]" name="ApiTestCode" duration-ms="75" started-at="2020-08-12T08:46:43Z" description="openapi接口" data-provider="dp" finished-at="2020-08-12T08:46:43Z">
          <params>
            <param index="0">
              <value>
                <![CDATA[车辆电池换电查询根据vin查询无换电只查vin]]>
              </value>
            </param>
            <param index="1">
              <value>
                <![CDATA[/external-api/vehicle-battery/customer/change/battery/vin?]]>
              </value>
            </param>
            <param index="2">
              <value>
                <![CDATA[vin=LC0CE4DC3J0100191]]>
              </value>
            </param>
            <param index="3">
              <value>
                <![CDATA[{"status":200,"errorMsg":null,"data":{"change":false,"lastPackCode":"010B200WQJ815AB520","latestPackCode":"010B200WQJ815AB520","replaceDate":null},"error":false,"code":"10000"}]]>
              </value>
            </param>
          </params>
          <reporter-output>
          </reporter-output>
        </test-method> <!-- ApiTestCode -->
        <test-method status="PASS" signature="ApiTestCode(java.lang.String, java.lang.String, java.lang.String, java.lang.String)[pri:0, instance:com.bitnei.apitest.testcases.saas.ApiTest@f4168b8]" name="ApiTestCode" duration-ms="55" started-at="2020-08-12T08:46:43Z" description="openapi接口" data-provider="dp" finished-at="2020-08-12T08:46:43Z">
          <params>
            <param index="0">
              <value>
                <![CDATA[车辆电池换电查询根据vin查询无换电输入电池包]]>
              </value>
            </param>
            <param index="1">
              <value>
                <![CDATA[/external-api/vehicle-battery/customer/change/battery/vin?]]>
              </value>
            </param>
            <param index="2">
              <value>
                <![CDATA[vin=LC0CE4DC3J0100191&packCode=010B200WQJ815AB520]]>
              </value>
            </param>
            <param index="3">
              <value>
                <![CDATA[{"status":200,"errorMsg":null,"data":{"change":false,"lastPackCode":"010B200WQJ815AB520","latestPackCode":"010B200WQJ815AB520","replaceDate":null},"error":false,"code":"10000"}]]>
              </value>
            </param>
          </params>
          <reporter-output>
          </reporter-output>
        </test-method> <!-- ApiTestCode -->
        <test-method status="PASS" signature="ApiTestCode(java.lang.String, java.lang.String, java.lang.String, java.lang.String)[pri:0, instance:com.bitnei.apitest.testcases.saas.ApiTest@f4168b8]" name="ApiTestCode" duration-ms="58" started-at="2020-08-12T08:46:43Z" description="openapi接口" data-provider="dp" finished-at="2020-08-12T08:46:43Z">
          <params>
            <param index="0">
              <value>
                <![CDATA[车辆电池换电查询根据vin查询有换电输入电池包123]]>
              </value>
            </param>
            <param index="1">
              <value>
                <![CDATA[/external-api/vehicle-battery/customer/change/battery/vin?]]>
              </value>
            </param>
            <param index="2">
              <value>
                <![CDATA[vin=LC0CE4DC3J0100191&packCode=123]]>
              </value>
            </param>
            <param index="3">
              <value>
                <![CDATA[{"status":200,"errorMsg":null,"data":{"change":true,"lastPackCode":"010B200WQJ815AB520","latestPackCode":"123","replaceDate":null},"error":false,"code":"10000"}]]>
              </value>
            </param>
          </params>
          <reporter-output>
          </reporter-output>
        </test-method> <!-- ApiTestCode -->
        <test-method status="PASS" signature="ApiTestCode(java.lang.String, java.lang.String, java.lang.String, java.lang.String)[pri:0, instance:com.bitnei.apitest.testcases.saas.ApiTest@f4168b8]" name="ApiTestCode" duration-ms="52" started-at="2020-08-12T08:46:43Z" description="openapi接口" data-provider="dp" finished-at="2020-08-12T08:46:44Z">
          <params>
            <param index="0">
              <value>
                <![CDATA[车辆电池换电查询根据车牌号查询无换电只查车牌号]]>
              </value>
            </param>
            <param index="1">
              <value>
                <![CDATA[/external-api/vehicle-battery/customer/change/battery/licensePlate?]]>
              </value>
            </param>
            <param index="2">
              <value>
                <![CDATA[licensePlate=%E5%B7%9DQD09882]]>
              </value>
            </param>
            <param index="3">
              <value>
                <![CDATA[{"status":200,"errorMsg":null,"data":{"change":false,"lastPackCode":"010B200WQJ815AB520","latestPackCode":"010B200WQJ815AB520","replaceDate":null},"error":false,"code":"10000"}]]>
              </value>
            </param>
          </params>
          <reporter-output>
          </reporter-output>
        </test-method> <!-- ApiTestCode -->
        <test-method status="PASS" signature="ApiTestCode(java.lang.String, java.lang.String, java.lang.String, java.lang.String)[pri:0, instance:com.bitnei.apitest.testcases.saas.ApiTest@f4168b8]" name="ApiTestCode" duration-ms="54" started-at="2020-08-12T08:46:44Z" description="openapi接口" data-provider="dp" finished-at="2020-08-12T08:46:44Z">
          <params>
            <param index="0">
              <value>
                <![CDATA[车辆电池换电查询根据车牌号查询无换电输入电池包]]>
              </value>
            </param>
            <param index="1">
              <value>
                <![CDATA[/external-api/vehicle-battery/customer/change/battery/licensePlate?]]>
              </value>
            </param>
            <param index="2">
              <value>
                <![CDATA[licensePlate=%E5%B7%9DQD09882&packCode=010B200WQJ815AB520]]>
              </value>
            </param>
            <param index="3">
              <value>
                <![CDATA[{"status":200,"errorMsg":null,"data":{"change":false,"lastPackCode":"010B200WQJ815AB520","latestPackCode":"010B200WQJ815AB520","replaceDate":null},"error":false,"code":"10000"}]]>
              </value>
            </param>
          </params>
          <reporter-output>
          </reporter-output>
        </test-method> <!-- ApiTestCode -->
        <test-method status="PASS" signature="ApiTestCode(java.lang.String, java.lang.String, java.lang.String, java.lang.String)[pri:0, instance:com.bitnei.apitest.testcases.saas.ApiTest@f4168b8]" name="ApiTestCode" duration-ms="49" started-at="2020-08-12T08:46:44Z" description="openapi接口" data-provider="dp" finished-at="2020-08-12T08:46:44Z">
          <params>
            <param index="0">
              <value>
                <![CDATA[车辆电池换电查询根据车牌号查询有换电输入电池包123]]>
              </value>
            </param>
            <param index="1">
              <value>
                <![CDATA[/external-api/vehicle-battery/customer/change/battery/licensePlate?]]>
              </value>
            </param>
            <param index="2">
              <value>
                <![CDATA[licensePlate=%E5%B7%9DQD09882&packCode=123]]>
              </value>
            </param>
            <param index="3">
              <value>
                <![CDATA[{"status":200,"errorMsg":null,"data":{"change":true,"lastPackCode":"010B200WQJ815AB520","latestPackCode":"123","replaceDate":null},"error":false,"code":"10000"}]]>
              </value>
            </param>
          </params>
          <reporter-output>
          </reporter-output>
        </test-method> <!-- ApiTestCode -->
      </class> <!-- com.bitnei.apitest.testcases.saas.ApiTest -->
    </test> <!-- Default test -->
  </suite> <!-- apitest -->
</testng-results>
