<?xml version="1.0" encoding="UTF-8"?>
<testng-results skipped="0" failed="1" ignored="0" total="19" passed="18">
  <reporter-output>
  </reporter-output>
  <suite name="apitest" duration-ms="22490" started-at="2019-02-18T07:15:44Z" finished-at="2019-02-18T07:16:07Z">
    <groups>
    </groups>
    <test name="APITEST" duration-ms="22490" started-at="2019-02-18T07:15:44Z" finished-at="2019-02-18T07:16:07Z">
      <class name="com.bitnei.apitest.testcases.EvDetail">
        <test-method status="PASS" signature="setUp(java.lang.String)[pri:0, instance:com.bitnei.apitest.testcases.EvDetail@7f13d6e]" name="setUp" is-config="true" duration-ms="179" started-at="2019-02-18T07:15:59Z" finished-at="2019-02-18T07:15:59Z">
          <params>
            <param index="0">
              <value>
                <![CDATA[http://bdp-app.bitnei.cn:7788]]>
              </value>
            </param>
          </params>
          <reporter-output>
          </reporter-output>
        </test-method> <!-- setUp -->
        <test-method status="PASS" signature="getVehCountPerMonitorPlatformStatus(java.lang.String)[pri:1, instance:com.bitnei.apitest.testcases.EvDetail@7f13d6e]" name="getVehCountPerMonitorPlatformStatus" duration-ms="2978" started-at="2019-02-18T07:15:59Z" description="明细数据查询" data-provider="dataprovider1" finished-at="2019-02-18T07:16:02Z">
          <params>
            <param index="0">
              <value>
                <![CDATA[{"status":200,"errorMsg":null,"data":{"data":[{"terminalTime":"2018-09-22 14:16:10","carStatus":"2","chargeStatus":"0","carMode":"1","speed":"0.0","totalOdometer":"32218.199219","totalVoltage":"0.0","totalCurrent":"0.0","soc":"0","dcStatus":"2","insulateResistance":"0"},{"terminaltime":"2018-09-22 14:16:00","carStatus":"2","chargeStatus":"0","carMode":"1","speed":"0.0","totalOdometer":"32218.199219","totalVoltage":"0.0","totalCurrent":"0.0","soc":"0","dcStatus":"2","insulateResistance":"0"}],"titles":["数据采集时间","车辆状态","充电状态","运行模式","车速(km/h)","里程(km)","总电压(V)","总电流(A)","SOC","DC-DC状态","绝缘电阻(kΩ)"],"page":{"pageSize":10,"pageNumber":1,"endIndex":2,"startIndex":0,"totalSize":2,"totalPage":1}},"error":false}]]>
              </value>
            </param>
          </params>
          <reporter-output>
          </reporter-output>
        </test-method> <!-- getVehCountPerMonitorPlatformStatus -->
      </class> <!-- com.bitnei.apitest.testcases.EvDetail -->
      <class name="com.bitnei.apitest.testcases.datasend.ForwardVehicleAddVehicle">
        <test-method status="PASS" signature="setUp(java.lang.String)[pri:0, instance:com.bitnei.apitest.testcases.datasend.ForwardVehicleAddVehicle@56aac163]" name="setUp" is-config="true" duration-ms="192" started-at="2019-02-18T07:15:58Z" finished-at="2019-02-18T07:15:58Z">
          <params>
            <param index="0">
              <value>
                <![CDATA[http://bdp-app.bitnei.cn:7788]]>
              </value>
            </param>
          </params>
          <reporter-output>
          </reporter-output>
        </test-method> <!-- setUp -->
        <test-method status="PASS" signature="ForwardVehicleAddVehicles(java.lang.String)[pri:0, instance:com.bitnei.apitest.testcases.datasend.ForwardVehicleAddVehicle@56aac163]" name="ForwardVehicleAddVehicles" duration-ms="107" started-at="2019-02-18T07:15:58Z" description="数据转发平台任务添加车辆" data-provider="dataprovider4" finished-at="2019-02-18T07:15:58Z">
          <params>
            <param index="0">
              <value>
                <![CDATA[{"status":200,"errorMsg":null,"data":null,"error":false}]]>
              </value>
            </param>
          </params>
          <reporter-output>
          </reporter-output>
        </test-method> <!-- ForwardVehicleAddVehicles -->
      </class> <!-- com.bitnei.apitest.testcases.datasend.ForwardVehicleAddVehicle -->
      <class name="com.bitnei.apitest.testcases.datasend.PlatForm">
        <test-method status="PASS" signature="setUp(java.lang.String)[pri:0, instance:com.bitnei.apitest.testcases.datasend.PlatForm@d44fc21]" name="setUp" is-config="true" duration-ms="385" started-at="2019-02-18T07:15:51Z" finished-at="2019-02-18T07:15:51Z">
          <params>
            <param index="0">
              <value>
                <![CDATA[http://bdp-app.bitnei.cn:7788]]>
              </value>
            </param>
          </params>
          <reporter-output>
          </reporter-output>
        </test-method> <!-- setUp -->
        <test-method status="PASS" signature="PlatFormAdd(java.lang.String)[pri:0, instance:com.bitnei.apitest.testcases.datasend.PlatForm@d44fc21]" name="PlatFormAdd" duration-ms="460" started-at="2019-02-18T07:15:51Z" description="数据转发平台配置新增数据" data-provider="dataprovider1" finished-at="2019-02-18T07:15:52Z">
          <params>
            <param index="0">
              <value>
                <![CDATA[{"status":200,"errorMsg":null,"data":null,"error":false}]]>
              </value>
            </param>
          </params>
          <reporter-output>
          </reporter-output>
        </test-method> <!-- PlatFormAdd -->
      </class> <!-- com.bitnei.apitest.testcases.datasend.PlatForm -->
      <class name="com.bitnei.apitest.testcases.datasend.TaskDelete">
        <test-method status="PASS" signature="setUp(java.lang.String)[pri:0, instance:com.bitnei.apitest.testcases.datasend.TaskDelete@5a1c0542]" name="setUp" is-config="true" duration-ms="164" started-at="2019-02-18T07:16:06Z" finished-at="2019-02-18T07:16:06Z">
          <params>
            <param index="0">
              <value>
                <![CDATA[http://bdp-app.bitnei.cn:7788]]>
              </value>
            </param>
          </params>
          <reporter-output>
          </reporter-output>
        </test-method> <!-- setUp -->
        <test-method status="PASS" signature="TaskDeleteData(java.lang.String)[pri:3, instance:com.bitnei.apitest.testcases.datasend.TaskDelete@5a1c0542]" name="TaskDeleteData" duration-ms="577" started-at="2019-02-18T07:16:06Z" description="数据转发平台配置删除任务" data-provider="dataprovider1" finished-at="2019-02-18T07:16:07Z">
          <params>
            <param index="0">
              <value>
                <![CDATA[{"status":200,"errorMsg":null,"data":null,"error":false}]]>
              </value>
            </param>
          </params>
          <reporter-output>
          </reporter-output>
        </test-method> <!-- TaskDeleteData -->
      </class> <!-- com.bitnei.apitest.testcases.datasend.TaskDelete -->
      <class name="com.bitnei.apitest.testcases.getVehCountPerMonitorPlatform">
        <test-method status="PASS" signature="setUp(java.lang.String)[pri:0, instance:com.bitnei.apitest.testcases.getVehCountPerMonitorPlatform@711f39f9]" name="setUp" is-config="true" duration-ms="177" started-at="2019-02-18T07:15:58Z" finished-at="2019-02-18T07:15:58Z">
          <params>
            <param index="0">
              <value>
                <![CDATA[http://bdp-app.bitnei.cn:7788]]>
              </value>
            </param>
          </params>
          <reporter-output>
          </reporter-output>
        </test-method> <!-- setUp -->
        <test-method status="FAIL" signature="getVehCountPerMonitorPlatformStatus(java.lang.String)[pri:1, instance:com.bitnei.apitest.testcases.getVehCountPerMonitorPlatform@711f39f9]" name="getVehCountPerMonitorPlatformStatus" duration-ms="851" started-at="2019-02-18T07:15:58Z" description="获取实时车辆信息" data-provider="dataprovider2" finished-at="2019-02-18T07:15:59Z">
          <params>
            <param index="0">
              <value>
                <![CDATA[{"status":200,"errorMsg":null,"data":[{"id":1,"monitorPlatform":"智云平台","num":274419},{"id":2,"monitorPlatform":"英泰斯特","num":14}],"error":false}]]>
              </value>
            </param>
          </params>
          <exception class="java.lang.AssertionError">
            <message>
              <![CDATA[expected [{}] but found [{"num":{"currentValue is ":274421,"expectedValue is":274419}}]]]>
            </message>
            <full-stacktrace>
              <![CDATA[java.lang.AssertionError: expected [{}] but found [{"num":{"currentValue is ":274421,"expectedValue is":274419}}]
at org.testng.Assert.fail(Assert.java:96)
at org.testng.Assert.failNotEquals(Assert.java:776)
at org.testng.Assert.assertEqualsImpl(Assert.java:137)
at org.testng.Assert.assertEquals(Assert.java:118)
at org.testng.Assert.assertEquals(Assert.java:453)
at org.testng.Assert.assertEquals(Assert.java:463)
at com.bitnei.apitest.testcases.getVehCountPerMonitorPlatform.getVehCountPerMonitorPlatformStatus(getVehCountPerMonitorPlatform.java:73)
at sun.reflect.NativeMethodAccessorImpl.invoke0(Native Method)
at sun.reflect.NativeMethodAccessorImpl.invoke(NativeMethodAccessorImpl.java:62)
at sun.reflect.DelegatingMethodAccessorImpl.invoke(DelegatingMethodAccessorImpl.java:43)
at java.lang.reflect.Method.invoke(Method.java:498)
at org.testng.internal.MethodInvocationHelper.invokeMethod(MethodInvocationHelper.java:124)
at org.testng.internal.Invoker.invokeMethod(Invoker.java:580)
at org.testng.internal.Invoker.invokeTestMethod(Invoker.java:716)
at org.testng.internal.Invoker.invokeTestMethods(Invoker.java:988)
at org.testng.internal.TestMethodWorker.invokeTestMethods(TestMethodWorker.java:125)
at org.testng.internal.TestMethodWorker.run(TestMethodWorker.java:109)
at java.util.concurrent.ThreadPoolExecutor.runWorker(ThreadPoolExecutor.java:1149)
at java.util.concurrent.ThreadPoolExecutor$Worker.run(ThreadPoolExecutor.java:624)
at java.lang.Thread.run(Thread.java:748)
]]>
            </full-stacktrace>
          </exception> <!-- java.lang.AssertionError -->
          <reporter-output>
          </reporter-output>
        </test-method> <!-- getVehCountPerMonitorPlatformStatus -->
      </class> <!-- com.bitnei.apitest.testcases.getVehCountPerMonitorPlatform -->
      <class name="com.bitnei.apitest.testcases.datasend.ForwardVehicleRemoveVehicle">
        <test-method status="PASS" signature="setUp(java.lang.String)[pri:0, instance:com.bitnei.apitest.testcases.datasend.ForwardVehicleRemoveVehicle@1f7030a6]" name="setUp" is-config="true" duration-ms="169" started-at="2019-02-18T07:15:58Z" finished-at="2019-02-18T07:15:58Z">
          <params>
            <param index="0">
              <value>
                <![CDATA[http://bdp-app.bitnei.cn:7788]]>
              </value>
            </param>
          </params>
          <reporter-output>
          </reporter-output>
        </test-method> <!-- setUp -->
        <test-method status="PASS" signature="ForwardVehicleRemoveVehicles(java.lang.String)[pri:0, instance:com.bitnei.apitest.testcases.datasend.ForwardVehicleRemoveVehicle@1f7030a6]" name="ForwardVehicleRemoveVehicles" duration-ms="111" started-at="2019-02-18T07:15:58Z" description="数据转发平台任务移除车辆" data-provider="dataprovider4" finished-at="2019-02-18T07:15:58Z">
          <params>
            <param index="0">
              <value>
                <![CDATA[{"status":200,"errorMsg":null,"data":null,"error":false}]]>
              </value>
            </param>
          </params>
          <reporter-output>
          </reporter-output>
        </test-method> <!-- ForwardVehicleRemoveVehicles -->
      </class> <!-- com.bitnei.apitest.testcases.datasend.ForwardVehicleRemoveVehicle -->
      <class name="com.bitnei.apitest.testcases.datasend.TaskAdd">
        <test-method status="PASS" signature="setUp(java.lang.String)[pri:0, instance:com.bitnei.apitest.testcases.datasend.TaskAdd@48503868]" name="setUp" is-config="true" duration-ms="163" started-at="2019-02-18T07:15:55Z" finished-at="2019-02-18T07:15:55Z">
          <params>
            <param index="0">
              <value>
                <![CDATA[http://bdp-app.bitnei.cn:7788]]>
              </value>
            </param>
          </params>
          <reporter-output>
          </reporter-output>
        </test-method> <!-- setUp -->
        <test-method status="PASS" signature="TaskAddData(java.lang.String)[pri:0, instance:com.bitnei.apitest.testcases.datasend.TaskAdd@48503868]" name="TaskAddData" duration-ms="83" started-at="2019-02-18T07:15:55Z" description="数据转发平台新增任务" data-provider="dataprovider1" finished-at="2019-02-18T07:15:55Z">
          <params>
            <param index="0">
              <value>
                <![CDATA[{"status":200,"errorMsg":null,"data":null,"error":false}]]>
              </value>
            </param>
          </params>
          <reporter-output>
          </reporter-output>
        </test-method> <!-- TaskAddData -->
        <test-method status="PASS" signature="TaskAddDataRep(java.lang.String)[pri:1, instance:com.bitnei.apitest.testcases.datasend.TaskAdd@48503868]" name="TaskAddDataRep" duration-ms="47" started-at="2019-02-18T07:16:05Z" description="数据转发平台新增任务时目标平台重复" data-provider="dataprovider3" finished-at="2019-02-18T07:16:05Z">
          <params>
            <param index="0">
              <value>
                <![CDATA[{"status":500,"errorMsg":"该平台已分配，不能重复添加","data":null,"error":true}]]>
              </value>
            </param>
          </params>
          <reporter-output>
          </reporter-output>
        </test-method> <!-- TaskAddDataRep -->
        <test-method status="PASS" signature="TaskAddDataRepTask(java.lang.String)[pri:2, instance:com.bitnei.apitest.testcases.datasend.TaskAdd@48503868]" name="TaskAddDataRepTask" duration-ms="51" started-at="2019-02-18T07:16:06Z" description="数据转发平台新增任务时目标任务名称重复" data-provider="dataprovider4" finished-at="2019-02-18T07:16:06Z">
          <params>
            <param index="0">
              <value>
                <![CDATA[{"status":500,"errorMsg":"任务名称已存在","data":null,"error":true}]]>
              </value>
            </param>
          </params>
          <reporter-output>
          </reporter-output>
        </test-method> <!-- TaskAddDataRepTask -->
      </class> <!-- com.bitnei.apitest.testcases.datasend.TaskAdd -->
      <class name="com.bitnei.apitest.testcases.datasend.ForwardVehicleSelectVehicles">
        <test-method status="PASS" signature="setUp(java.lang.String)[pri:0, instance:com.bitnei.apitest.testcases.datasend.ForwardVehicleSelectVehicles@184f6be2]" name="setUp" is-config="true" duration-ms="165" started-at="2019-02-18T07:15:56Z" finished-at="2019-02-18T07:15:56Z">
          <params>
            <param index="0">
              <value>
                <![CDATA[http://bdp-app.bitnei.cn:7788]]>
              </value>
            </param>
          </params>
          <reporter-output>
          </reporter-output>
        </test-method> <!-- setUp -->
        <test-method status="PASS" signature="ForwardVehicleSelect(java.lang.String)[pri:0, instance:com.bitnei.apitest.testcases.datasend.ForwardVehicleSelectVehicles@184f6be2]" name="ForwardVehicleSelect" duration-ms="1289" started-at="2019-02-18T07:15:56Z" description="数据转发平台查询车辆byvin并添加" data-provider="dataprovider3" finished-at="2019-02-18T07:15:58Z">
          <params>
            <param index="0">
              <value>
                <![CDATA[{"status":200,"errorMsg":null,"data":{"total":1,"list":[{"id":"786457","vin":"LS5A2AJX5GA002716","licensePlate":"黑P7700E","vehType":null,"vehModelNo":"SC7155ABBH5","vendor":null,"operatingCompany":null,"communicationProtocol":"HU_CHANGAN_V2","city":null,"monitorPlatform":"1","vehProperty":null,"vehSeriesNo":"S201"}],"pageNum":1,"pageSize":10,"size":1,"startRow":1,"endRow":1,"pages":1,"prePage":0,"nextPage":0,"isFirstPage":true,"isLastPage":true,"hasPreviousPage":false,"hasNextPage":false,"navigatePages":8,"navigatepageNums":[1],"navigateFirstPage":1,"navigateLastPage":1,"firstPage":1,"lastPage":1},"error":false}]]>
              </value>
            </param>
          </params>
          <reporter-output>
          </reporter-output>
        </test-method> <!-- ForwardVehicleSelect -->
      </class> <!-- com.bitnei.apitest.testcases.datasend.ForwardVehicleSelectVehicles -->
      <class name="com.bitnei.apitest.testcases.datasend.PlatFormSelect">
        <test-method status="PASS" signature="setUp(java.lang.String)[pri:0, instance:com.bitnei.apitest.testcases.datasend.PlatFormSelect@51cdd8a]" name="setUp" is-config="true" duration-ms="269" started-at="2019-02-18T07:15:49Z" finished-at="2019-02-18T07:15:49Z">
          <params>
            <param index="0">
              <value>
                <![CDATA[http://bdp-app.bitnei.cn:7788]]>
              </value>
            </param>
          </params>
          <reporter-output>
          </reporter-output>
        </test-method> <!-- setUp -->
        <test-method status="PASS" signature="PlatFormAdd(java.lang.String)[pri:0, instance:com.bitnei.apitest.testcases.datasend.PlatFormSelect@51cdd8a]" name="PlatFormAdd" duration-ms="1808" started-at="2019-02-18T07:15:49Z" description="数据转发平台配置查询数据" data-provider="dataprovider2" finished-at="2019-02-18T07:15:51Z">
          <params>
            <param index="0">
              <value>
                <![CDATA[{"status":200,"errorMsg":null,"data":{"total":1,"list":[{"id":"05486f02-188d-11e9-9869-90e2bae77ed8","unitName":"yltest001","forwardMode":"SOCKET","address":"10.100.10.11","username":"ul213456","password":"ul213456","nsPort":"205","cdKey":null,"notes":null,"priority":"1","staticForwardPlatform":"无","isUse":0,"createTime":1547532957000}],"pageNum":1,"pageSize":10,"size":1,"startRow":1,"endRow":1,"pages":1,"prePage":0,"nextPage":0,"isFirstPage":true,"isLastPage":true,"hasPreviousPage":false,"hasNextPage":false,"navigatePages":8,"navigatepageNums":[1],"navigateFirstPage":1,"navigateLastPage":1,"firstPage":1,"lastPage":1},"error":false}]]>
              </value>
            </param>
          </params>
          <reporter-output>
          </reporter-output>
        </test-method> <!-- PlatFormAdd -->
      </class> <!-- com.bitnei.apitest.testcases.datasend.PlatFormSelect -->
      <class name="com.bitnei.apitest.testcases.datasend.ProtocolDelete">
        <test-method status="PASS" signature="setUp(java.lang.String)[pri:0, instance:com.bitnei.apitest.testcases.datasend.ProtocolDelete@10bbd20a]" name="setUp" is-config="true" duration-ms="152" started-at="2019-02-18T07:16:04Z" finished-at="2019-02-18T07:16:05Z">
          <params>
            <param index="0">
              <value>
                <![CDATA[http://bdp-app.bitnei.cn:7788]]>
              </value>
            </param>
          </params>
          <reporter-output>
          </reporter-output>
        </test-method> <!-- setUp -->
        <test-method status="PASS" signature="ProtocolDeleteData(java.lang.String)[pri:1, instance:com.bitnei.apitest.testcases.datasend.ProtocolDelete@10bbd20a]" name="ProtocolDeleteData" duration-ms="493" started-at="2019-02-18T07:16:05Z" description="数据转发平台配置删除协议" data-provider="dataprovider1" finished-at="2019-02-18T07:16:05Z">
          <params>
            <param index="0">
              <value>
                <![CDATA[{"status":200,"errorMsg":null,"data":null,"error":false}]]>
              </value>
            </param>
          </params>
          <reporter-output>
          </reporter-output>
        </test-method> <!-- ProtocolDeleteData -->
      </class> <!-- com.bitnei.apitest.testcases.datasend.ProtocolDelete -->
      <class name="com.bitnei.apitest.testcases.datasend.ProtocolUpdate">
        <test-method status="PASS" signature="setUp(java.lang.String)[pri:0, instance:com.bitnei.apitest.testcases.datasend.ProtocolUpdate@64729b1e]" name="setUp" is-config="true" duration-ms="155" started-at="2019-02-18T07:15:52Z" finished-at="2019-02-18T07:15:53Z">
          <params>
            <param index="0">
              <value>
                <![CDATA[http://bdp-app.bitnei.cn:7788]]>
              </value>
            </param>
          </params>
          <reporter-output>
          </reporter-output>
        </test-method> <!-- setUp -->
        <test-method status="PASS" signature="ProtocolUpdateData(java.lang.String)[pri:0, instance:com.bitnei.apitest.testcases.datasend.ProtocolUpdate@64729b1e]" name="ProtocolUpdateData" duration-ms="2424" started-at="2019-02-18T07:15:53Z" description="数据转发平台新增协议" data-provider="dataprovider1" finished-at="2019-02-18T07:15:55Z">
          <params>
            <param index="0">
              <value>
                <![CDATA[{"status":200,"errorMsg":null,"data":null,"error":false}]]>
              </value>
            </param>
          </params>
          <reporter-output>
          </reporter-output>
        </test-method> <!-- ProtocolUpdateData -->
      </class> <!-- com.bitnei.apitest.testcases.datasend.ProtocolUpdate -->
      <class name="com.bitnei.apitest.testcases.datasend.ProtocolAdd">
        <test-method status="PASS" signature="setUp(java.lang.String)[pri:0, instance:com.bitnei.apitest.testcases.datasend.ProtocolAdd@4e7dc304]" name="setUp" is-config="true" duration-ms="181" started-at="2019-02-18T07:15:52Z" finished-at="2019-02-18T07:15:52Z">
          <params>
            <param index="0">
              <value>
                <![CDATA[http://bdp-app.bitnei.cn:7788]]>
              </value>
            </param>
          </params>
          <reporter-output>
          </reporter-output>
        </test-method> <!-- setUp -->
        <test-method status="PASS" signature="ProtocolAddData(java.lang.String)[pri:0, instance:com.bitnei.apitest.testcases.datasend.ProtocolAdd@4e7dc304]" name="ProtocolAddData" duration-ms="513" started-at="2019-02-18T07:15:52Z" description="数据转发平台新增协议" data-provider="dataprovider1" finished-at="2019-02-18T07:15:52Z">
          <params>
            <param index="0">
              <value>
                <![CDATA[{"status":200,"errorMsg":null,"data":null,"error":false}]]>
              </value>
            </param>
          </params>
          <reporter-output>
          </reporter-output>
        </test-method> <!-- ProtocolAddData -->
      </class> <!-- com.bitnei.apitest.testcases.datasend.ProtocolAdd -->
      <class name="com.bitnei.apitest.testcases.datasend.ForwardVehicleQuery">
        <test-method status="PASS" signature="setUp(java.lang.String)[pri:0, instance:com.bitnei.apitest.testcases.datasend.ForwardVehicleQuery@6895a785]" name="setUp" is-config="true" duration-ms="181" started-at="2019-02-18T07:15:55Z" finished-at="2019-02-18T07:15:55Z">
          <params>
            <param index="0">
              <value>
                <![CDATA[http://bdp-app.bitnei.cn:7788]]>
              </value>
            </param>
          </params>
          <reporter-output>
          </reporter-output>
        </test-method> <!-- setUp -->
        <test-method status="PASS" signature="ForwardVehicleByVin(java.lang.String)[pri:0, instance:com.bitnei.apitest.testcases.datasend.ForwardVehicleQuery@6895a785]" name="ForwardVehicleByVin" duration-ms="722" started-at="2019-02-18T07:15:55Z" description="数据转发平台查询车辆byvin" data-provider="dataprovider1" finished-at="2019-02-18T07:15:56Z">
          <params>
            <param index="0">
              <value>
                <![CDATA[{"status":200,"errorMsg":null,"data":{"total":1,"list":[{"id":381966,"taskId":22,"vehicleId":"732527","vin":"LSCAB23E8JG117597","licensePlate":null,"vehType":null,"vehModelNo":"SC1027SJA5","vendor":null,"operatingCompany":null,"communicationProtocol":"1","city":null,"taskName":"任务1","platformName":"合肥长安国家平台","platformId":"3328f1f3-d8e6-11e8-a918-6c92bf645824","protocolId":"6d8b1c1e-d7f7-11e8-a918-6c92bf645824","protocolName":"国标32960","monitorPlatform":"1"}],"pageNum":1,"pageSize":10,"size":1,"startRow":1,"endRow":1,"pages":1,"prePage":0,"nextPage":0,"isFirstPage":true,"isLastPage":true,"hasPreviousPage":false,"hasNextPage":false,"navigatePages":8,"navigatepageNums":[1],"navigateFirstPage":1,"navigateLastPage":1,"firstPage":1,"lastPage":1},"error":false}]]>
              </value>
            </param>
          </params>
          <reporter-output>
          </reporter-output>
        </test-method> <!-- ForwardVehicleByVin -->
        <test-method status="PASS" signature="ForwardVehicleBylicense(java.lang.String)[pri:1, instance:com.bitnei.apitest.testcases.datasend.ForwardVehicleQuery@6895a785]" name="ForwardVehicleBylicense" duration-ms="802" started-at="2019-02-18T07:16:05Z" description="数据转发平台查询车辆by车牌号" data-provider="dataprovider2" finished-at="2019-02-18T07:16:06Z">
          <params>
            <param index="0">
              <value>
                <![CDATA[{"status":200,"errorMsg":null,"data":{"total":1,"list":[{"id":353859,"taskId":22,"vehicleId":"458750","vin":"LS5A3DBE6HA014855","licensePlate":"新QLR007","vehType":"私家车","vehModelNo":"SC7169G5","vendor":"重庆长安汽车有限公司","operatingCompany":"长安","communicationProtocol":"1","city":"北京市","taskName":"任务1","platformName":"合肥长安国家平台","platformId":"3328f1f3-d8e6-11e8-a918-6c92bf645824","protocolId":"6d8b1c1e-d7f7-11e8-a918-6c92bf645824","protocolName":"国标32960","monitorPlatform":"2"}],"pageNum":1,"pageSize":10,"size":1,"startRow":1,"endRow":1,"pages":1,"prePage":0,"nextPage":0,"isFirstPage":true,"isLastPage":true,"hasPreviousPage":false,"hasNextPage":false,"navigatePages":8,"navigatepageNums":[1],"navigateFirstPage":1,"navigateLastPage":1,"firstPage":1,"lastPage":1},"error":false}]]>
              </value>
            </param>
          </params>
          <reporter-output>
          </reporter-output>
        </test-method> <!-- ForwardVehicleBylicense -->
      </class> <!-- com.bitnei.apitest.testcases.datasend.ForwardVehicleQuery -->
      <class name="com.bitnei.apitest.testcases.PostVehicles">
        <test-method status="PASS" signature="setUp(java.lang.String)[pri:0, instance:com.bitnei.apitest.testcases.PostVehicles@71bbf57e]" name="setUp" is-config="true" duration-ms="917" started-at="2019-02-18T07:15:44Z" finished-at="2019-02-18T07:15:45Z">
          <params>
            <param index="0">
              <value>
                <![CDATA[http://bdp-app.bitnei.cn:7788]]>
              </value>
            </param>
          </params>
          <reporter-output>
          </reporter-output>
        </test-method> <!-- setUp -->
        <test-method status="PASS" signature="postVehiclesForStatus(java.lang.String)[pri:0, instance:com.bitnei.apitest.testcases.PostVehicles@71bbf57e]" name="postVehiclesForStatus" duration-ms="3675" started-at="2019-02-18T07:15:45Z" description="获取车辆列表,判断返回200" data-provider="dataprovider1" finished-at="2019-02-18T07:15:49Z">
          <params>
            <param index="0">
              <value>
                <![CDATA[{"status":200,"errorMsg":null,"data":{"total":2,"list":[{"id":"21","vin":"LS4AAB3C0GG700008"}]},"error":true}]]>
              </value>
            </param>
          </params>
          <reporter-output>
          </reporter-output>
        </test-method> <!-- postVehiclesForStatus -->
      </class> <!-- com.bitnei.apitest.testcases.PostVehicles -->
      <class name="com.bitnei.apitest.testcases.datasend.PlatFormDel">
        <test-method status="PASS" signature="setUp(java.lang.String)[pri:0, instance:com.bitnei.apitest.testcases.datasend.PlatFormDel@2d6eabae]" name="setUp" is-config="true" duration-ms="467" started-at="2019-02-18T07:16:03Z" finished-at="2019-02-18T07:16:04Z">
          <params>
            <param index="0">
              <value>
                <![CDATA[http://bdp-app.bitnei.cn:7788]]>
              </value>
            </param>
          </params>
          <reporter-output>
          </reporter-output>
        </test-method> <!-- setUp -->
        <test-method status="PASS" signature="PlatFormDel(java.lang.String)[pri:1, instance:com.bitnei.apitest.testcases.datasend.PlatFormDel@2d6eabae]" name="PlatFormDel" duration-ms="580" started-at="2019-02-18T07:16:04Z" description="数据转发平台配置删除数据" data-provider="dataprovider1" finished-at="2019-02-18T07:16:04Z">
          <params>
            <param index="0">
              <value>
                <![CDATA[{"status":200,"errorMsg":null,"data":null,"error":false}]]>
              </value>
            </param>
          </params>
          <reporter-output>
          </reporter-output>
        </test-method> <!-- PlatFormDel -->
      </class> <!-- com.bitnei.apitest.testcases.datasend.PlatFormDel -->
      <class name="com.bitnei.apitest.testcases.datasend.PlatFormUpdate">
        <test-method status="PASS" signature="setUp(java.lang.String)[pri:0, instance:com.bitnei.apitest.testcases.datasend.PlatFormUpdate@23faf8f2]" name="setUp" is-config="true" duration-ms="173" started-at="2019-02-18T07:16:02Z" finished-at="2019-02-18T07:16:03Z">
          <params>
            <param index="0">
              <value>
                <![CDATA[http://bdp-app.bitnei.cn:7788]]>
              </value>
            </param>
          </params>
          <reporter-output>
          </reporter-output>
        </test-method> <!-- setUp -->
        <test-method status="PASS" signature="PlatFormModify(java.lang.String)[pri:1, instance:com.bitnei.apitest.testcases.datasend.PlatFormUpdate@23faf8f2]" name="PlatFormModify" duration-ms="745" started-at="2019-02-18T07:16:03Z" description="数据转发平台配置修改数据" data-provider="dataprovider1" finished-at="2019-02-18T07:16:03Z">
          <params>
            <param index="0">
              <value>
                <![CDATA[{"status":200,"errorMsg":null,"data":null,"error":false}]]>
              </value>
            </param>
          </params>
          <reporter-output>
          </reporter-output>
        </test-method> <!-- PlatFormModify -->
      </class> <!-- com.bitnei.apitest.testcases.datasend.PlatFormUpdate -->
    </test> <!-- APITEST -->
  </suite> <!-- apitest -->
</testng-results>
