<?xml version="1.0" encoding="UTF-8"?>
<testng-results skipped="0" failed="0" ignored="0" total="191" passed="191">
  <reporter-output>
  </reporter-output>
  <suite name="apitest" duration-ms="337596" started-at="2021-01-15T09:16:12Z" finished-at="2021-01-15T09:21:49Z">
    <groups>
    </groups>
    <test name="SAASTEST" duration-ms="69789" started-at="2021-01-15T09:16:12Z" finished-at="2021-01-15T09:17:21Z">
      <class name="com.bitnei.selenium.testcase.SaasLoginTest">
        <test-method status="PASS" signature="setUp(java.lang.String, java.lang.String)[pri:0, instance:com.bitnei.selenium.testcase.SaasLoginTest@1ad282e0]" name="setUp" is-config="true" duration-ms="622" started-at="2021-01-15T09:16:12Z" finished-at="2021-01-15T09:16:12Z">
          <params>
            <param index="0">
              <value>
                <![CDATA[http://test-saas.bitnei.cn]]>
              </value>
            </param>
            <param index="1">
              <value>
                <![CDATA[src/main/resources/DATA.xlsx]]>
              </value>
            </param>
          </params>
          <reporter-output>
          </reporter-output>
        </test-method> <!-- setUp -->
        <test-method status="PASS" signature="LoginFaild(java.lang.String, java.lang.String, java.lang.String, java.lang.String, java.lang.String)[pri:0, instance:com.bitnei.selenium.testcase.SaasLoginTest@1ad282e0]" name="LoginFaild" duration-ms="13375" started-at="2021-01-15T09:16:12Z" description="用户登录" data-provider="dp" finished-at="2021-01-15T09:16:26Z">
          <params>
            <param index="0">
              <value>
                <![CDATA[登录失败,用户名密码错误]]>
              </value>
            </param>
            <param index="1">
              <value>
                <![CDATA[/passport/login]]>
              </value>
            </param>
            <param index="2">
              <value>
                <![CDATA[yaomeng@bitnei.cn>>123]]>
              </value>
            </param>
            <param index="3">
              <value>
                <![CDATA[/html/body/app-root/layout-passport/passport-login/div/div/div/form/nz-alert/div/span]]>
              </value>
            </param>
            <param index="4">
              <value>
                <![CDATA[用户名或密码错误]]>
              </value>
            </param>
          </params>
          <reporter-output>
          </reporter-output>
        </test-method> <!-- LoginFaild -->
        <test-method status="PASS" signature="afterTest()[pri:0, instance:com.bitnei.selenium.testcase.SaasLoginTest@1ad282e0]" name="afterTest" is-config="true" duration-ms="1086" started-at="2021-01-15T09:16:26Z" finished-at="2021-01-15T09:16:27Z">
          <reporter-output>
          </reporter-output>
        </test-method> <!-- afterTest -->
        <test-method status="PASS" signature="LoginFaild(java.lang.String, java.lang.String, java.lang.String, java.lang.String, java.lang.String)[pri:0, instance:com.bitnei.selenium.testcase.SaasLoginTest@1ad282e0]" name="LoginFaild" duration-ms="11553" started-at="2021-01-15T09:16:27Z" description="用户登录" data-provider="dp" finished-at="2021-01-15T09:16:38Z">
          <params>
            <param index="0">
              <value>
                <![CDATA[请输入用户名]]>
              </value>
            </param>
            <param index="1">
              <value>
                <![CDATA[/passport/login]]>
              </value>
            </param>
            <param index="2">
              <value>
                <![CDATA[>>123]]>
              </value>
            </param>
            <param index="3">
              <value>
                <![CDATA[/html/body/app-root/layout-passport/passport-login/div/div/div/form/nz-alert/div/span]]>
              </value>
            </param>
            <param index="4">
              <value>
                <![CDATA[请输入用户名]]>
              </value>
            </param>
          </params>
          <reporter-output>
          </reporter-output>
        </test-method> <!-- LoginFaild -->
        <test-method status="PASS" signature="afterTest()[pri:0, instance:com.bitnei.selenium.testcase.SaasLoginTest@1ad282e0]" name="afterTest" is-config="true" duration-ms="938" started-at="2021-01-15T09:16:38Z" finished-at="2021-01-15T09:16:39Z">
          <reporter-output>
          </reporter-output>
        </test-method> <!-- afterTest -->
        <test-method status="PASS" signature="LoginFaild(java.lang.String, java.lang.String, java.lang.String, java.lang.String, java.lang.String)[pri:0, instance:com.bitnei.selenium.testcase.SaasLoginTest@1ad282e0]" name="LoginFaild" duration-ms="11374" started-at="2021-01-15T09:16:39Z" description="用户登录" data-provider="dp" finished-at="2021-01-15T09:16:51Z">
          <params>
            <param index="0">
              <value>
                <![CDATA[用户名不是有效的邮箱！]]>
              </value>
            </param>
            <param index="1">
              <value>
                <![CDATA[/passport/login]]>
              </value>
            </param>
            <param index="2">
              <value>
                <![CDATA[yaomeng>>123]]>
              </value>
            </param>
            <param index="3">
              <value>
                <![CDATA[/html/body/app-root/layout-passport/passport-login/div/div/div/form/nz-alert/div/span]]>
              </value>
            </param>
            <param index="4">
              <value>
                <![CDATA[用户名不是有效的邮箱！]]>
              </value>
            </param>
          </params>
          <reporter-output>
          </reporter-output>
        </test-method> <!-- LoginFaild -->
        <test-method status="PASS" signature="afterTest()[pri:0, instance:com.bitnei.selenium.testcase.SaasLoginTest@1ad282e0]" name="afterTest" is-config="true" duration-ms="993" started-at="2021-01-15T09:16:51Z" finished-at="2021-01-15T09:16:52Z">
          <reporter-output>
          </reporter-output>
        </test-method> <!-- afterTest -->
        <test-method status="PASS" signature="LoginFaild(java.lang.String, java.lang.String, java.lang.String, java.lang.String, java.lang.String)[pri:0, instance:com.bitnei.selenium.testcase.SaasLoginTest@1ad282e0]" name="LoginFaild" duration-ms="12898" started-at="2021-01-15T09:16:52Z" description="用户登录" data-provider="dp" finished-at="2021-01-15T09:17:05Z">
          <params>
            <param index="0">
              <value>
                <![CDATA[登录成功]]>
              </value>
            </param>
            <param index="1">
              <value>
                <![CDATA[/passport/login]]>
              </value>
            </param>
            <param index="2">
              <value>
                <![CDATA[zhanghailong@bitnei.cn>>abc123]]>
              </value>
            </param>
            <param index="3">
              <value>
                <![CDATA[/html/body/app/changan-layout/div/header/nav/div[1]/a[2]]]>
              </value>
            </param>
            <param index="4">
              <value>
                <![CDATA[新能源汽车大数据平台]]>
              </value>
            </param>
          </params>
          <reporter-output>
          </reporter-output>
        </test-method> <!-- LoginFaild -->
        <test-method status="PASS" signature="afterTest()[pri:0, instance:com.bitnei.selenium.testcase.SaasLoginTest@1ad282e0]" name="afterTest" is-config="true" duration-ms="1569" started-at="2021-01-15T09:17:05Z" finished-at="2021-01-15T09:17:06Z">
          <reporter-output>
          </reporter-output>
        </test-method> <!-- afterTest -->
      </class> <!-- com.bitnei.selenium.testcase.SaasLoginTest -->
      <class name="com.bitnei.selenium.testcase.UserRole">
        <test-method status="PASS" signature="setUp(java.lang.String, java.lang.String)[pri:0, instance:com.bitnei.selenium.testcase.UserRole@7f416310]" name="setUp" is-config="true" duration-ms="28" started-at="2021-01-15T09:17:06Z" finished-at="2021-01-15T09:17:06Z">
          <params>
            <param index="0">
              <value>
                <![CDATA[http://test-saas.bitnei.cn]]>
              </value>
            </param>
            <param index="1">
              <value>
                <![CDATA[src/main/resources/DATA.xlsx]]>
              </value>
            </param>
          </params>
          <reporter-output>
          </reporter-output>
        </test-method> <!-- setUp -->
        <test-method status="PASS" signature="User(java.lang.String, java.lang.String, java.lang.String, java.lang.String, java.lang.String)[pri:0, instance:com.bitnei.selenium.testcase.UserRole@7f416310]" name="User" duration-ms="14250" started-at="2021-01-15T09:17:06Z" description="用户登录点击用户管理" data-provider="dp" finished-at="2021-01-15T09:17:20Z">
          <params>
            <param index="0">
              <value>
                <![CDATA[登录成功]]>
              </value>
            </param>
            <param index="1">
              <value>
                <![CDATA[/passport/login]]>
              </value>
            </param>
            <param index="2">
              <value>
                <![CDATA[hangang@bitnei.cn>>abcd1234]]>
              </value>
            </param>
            <param index="3">
              <value>
                <![CDATA[/html/body/app/changan-layout/div/header/nav/div[1]/a[2]]]>
              </value>
            </param>
            <param index="4">
              <value>
                <![CDATA[新能源汽车大数据平台]]>
              </value>
            </param>
          </params>
          <reporter-output>
          </reporter-output>
        </test-method> <!-- User -->
        <test-method status="PASS" signature="afterTest()[pri:0, instance:com.bitnei.selenium.testcase.UserRole@7f416310]" name="afterTest" is-config="true" duration-ms="1056" started-at="2021-01-15T09:17:20Z" finished-at="2021-01-15T09:17:21Z">
          <reporter-output>
          </reporter-output>
        </test-method> <!-- afterTest -->
      </class> <!-- com.bitnei.selenium.testcase.UserRole -->
    </test> <!-- SAASTEST -->
    <test name="openapi" duration-ms="77240" started-at="2021-01-15T09:17:22Z" finished-at="2021-01-15T09:18:39Z">
      <class name="com.bitnei.apitest.testcases.openapi.ChargingData">
        <test-method status="PASS" signature="setUp(java.lang.String)[pri:0, instance:com.bitnei.apitest.testcases.openapi.ChargingData@12028586]" name="setUp" is-config="true" duration-ms="454" started-at="2021-01-15T09:17:22Z" finished-at="2021-01-15T09:17:22Z">
          <params>
            <param index="0">
              <value>
                <![CDATA[http://61.149.8.78:83]]>
              </value>
            </param>
          </params>
          <reporter-output>
          </reporter-output>
        </test-method> <!-- setUp -->
        <test-method status="PASS" signature="ChargingDataNo(java.lang.String)[pri:0, instance:com.bitnei.apitest.testcases.openapi.ChargingData@12028586]" name="ChargingDataNo" duration-ms="369" started-at="2021-01-15T09:17:22Z" description="查询珠海车辆充电数据缺少车牌号参数" data-provider="dataprovider14" finished-at="2021-01-15T09:17:22Z">
          <params>
            <param index="0">
              <value>
                <![CDATA[{"status":400,"errorMsg":"VALID","data":"Required String parameter 'licensePlate' is not present","error":true}]]>
              </value>
            </param>
          </params>
          <reporter-output>
          </reporter-output>
        </test-method> <!-- ChargingDataNo -->
        <test-method status="PASS" signature="ChargingDataNoFrom(java.lang.String)[pri:0, instance:com.bitnei.apitest.testcases.openapi.ChargingData@12028586]" name="ChargingDataNoFrom" duration-ms="253" started-at="2021-01-15T09:17:22Z" description="查询珠海车辆充电数据缺少from参数" data-provider="dataprovider2" finished-at="2021-01-15T09:17:23Z">
          <params>
            <param index="0">
              <value>
                <![CDATA[{"status":400,"errorMsg":"VALID","data":"参数 from  不符合规则：yyyy-MM-dd HH:mm:ss","error":true}]]>
              </value>
            </param>
          </params>
          <reporter-output>
          </reporter-output>
        </test-method> <!-- ChargingDataNoFrom -->
        <test-method status="PASS" signature="ChargingDataNoTo(java.lang.String)[pri:0, instance:com.bitnei.apitest.testcases.openapi.ChargingData@12028586]" name="ChargingDataNoTo" duration-ms="185" started-at="2021-01-15T09:17:23Z" description="查询珠海车辆充电数据缺少to参数" data-provider="dataprovider3" finished-at="2021-01-15T09:17:23Z">
          <params>
            <param index="0">
              <value>
                <![CDATA[{"status":400,"errorMsg":"VALID","data":"参数 to  不符合规则：yyyy-MM-dd HH:mm:ss","error":true}]]>
              </value>
            </param>
          </params>
          <reporter-output>
          </reporter-output>
        </test-method> <!-- ChargingDataNoTo -->
        <test-method status="PASS" signature="ChargingDataNormal(java.lang.String)[pri:0, instance:com.bitnei.apitest.testcases.openapi.ChargingData@12028586]" name="ChargingDataNormal" duration-ms="21971" started-at="2021-01-15T09:17:23Z" description="查询珠海车辆充电数据正常" data-provider="dataprovider1" finished-at="2021-01-15T09:17:45Z">
          <params>
            <param index="0">
              <value>
                <![CDATA[{"status":200,"errorMsg":null,"data":[{"startElectricity":124.25,"endElectricity":150.5,"startTime":"2019-03-01 09:19:34","endTime":"2019-03-01 09:42:34"}],"error":false}]]>
              </value>
            </param>
          </params>
          <reporter-output>
          </reporter-output>
        </test-method> <!-- ChargingDataNormal -->
        <test-method status="PASS" signature="ChargingDataUpOneDay(java.lang.String)[pri:0, instance:com.bitnei.apitest.testcases.openapi.ChargingData@12028586]" name="ChargingDataUpOneDay" duration-ms="455" started-at="2021-01-15T09:17:45Z" description="查询珠海车辆充电数据选择时间范围不得超过一个自然日" data-provider="dataprovider4" finished-at="2021-01-15T09:17:45Z">
          <params>
            <param index="0">
              <value>
                <![CDATA[{"status":400,"errorMsg":"VALID","data":"选择时间范围不得超过一个自然日","error":true}]]>
              </value>
            </param>
          </params>
          <reporter-output>
          </reporter-output>
        </test-method> <!-- ChargingDataUpOneDay -->
        <test-method status="PASS" signature="ChargingDataWrongTime(java.lang.String)[pri:0, instance:com.bitnei.apitest.testcases.openapi.ChargingData@12028586]" name="ChargingDataWrongTime" duration-ms="483" started-at="2021-01-15T09:17:45Z" description="查询珠海车辆充电数据选择时间范围开始时间不能大于结束时间" data-provider="dataprovider5" finished-at="2021-01-15T09:17:46Z">
          <params>
            <param index="0">
              <value>
                <![CDATA[{"status":400,"errorMsg":"VALID","data":"参数 from 2019-03-03 10:49:21 不能大于 to 2019-03-02 10:49:21","error":true}]]>
              </value>
            </param>
          </params>
          <reporter-output>
          </reporter-output>
        </test-method> <!-- ChargingDataWrongTime -->
      </class> <!-- com.bitnei.apitest.testcases.openapi.ChargingData -->
      <class name="com.bitnei.apitest.testcases.openapi.RunningData">
        <test-method status="PASS" signature="setUp(java.lang.String)[pri:0, instance:com.bitnei.apitest.testcases.openapi.RunningData@69a10787]" name="setUp" is-config="true" duration-ms="62" started-at="2021-01-15T09:17:46Z" finished-at="2021-01-15T09:17:46Z">
          <params>
            <param index="0">
              <value>
                <![CDATA[http://61.149.8.78:83]]>
              </value>
            </param>
          </params>
          <reporter-output>
          </reporter-output>
        </test-method> <!-- setUp -->
        <test-method status="PASS" signature="EnergyConservationInvalidtoken(java.lang.String)[pri:0, instance:com.bitnei.apitest.testcases.openapi.RunningData@69a10787]" name="EnergyConservationInvalidtoken" duration-ms="31" started-at="2021-01-15T09:17:46Z" description="车辆行驶数数据查询token无效" data-provider="dataprovider13" finished-at="2021-01-15T09:17:46Z">
          <params>
            <param index="0">
              <value>
                <![CDATA[{"status":401,"errorMsg":"invalid_token: f829155c-9374-4673-a005-10ce548af1=>/external/1/zhuhai/api/runningData","data":null,"error":true}]]>
              </value>
            </param>
          </params>
          <reporter-output>
          </reporter-output>
        </test-method> <!-- EnergyConservationInvalidtoken -->
        <test-method status="PASS" signature="EnergyConservationNolicensePlate(java.lang.String)[pri:0, instance:com.bitnei.apitest.testcases.openapi.RunningData@69a10787]" name="EnergyConservationNolicensePlate" duration-ms="60" started-at="2021-01-15T09:17:46Z" description="车辆行驶数数据查询车牌号为空" data-provider="dataprovider12" finished-at="2021-01-15T09:17:46Z">
          <params>
            <param index="0">
              <value>
                <![CDATA[{"status":400,"errorMsg":"VALID","data":"参数 licensePlate  不能为空","error":true}]]>
              </value>
            </param>
          </params>
          <reporter-output>
          </reporter-output>
        </test-method> <!-- EnergyConservationNolicensePlate -->
        <test-method status="PASS" signature="EnergyConservationNormal(java.lang.String)[pri:0, instance:com.bitnei.apitest.testcases.openapi.RunningData@69a10787]" name="EnergyConservationNormal" duration-ms="7660" started-at="2021-01-15T09:17:46Z" description="车辆行驶数据查询正常" data-provider="dataprovider10" finished-at="2021-01-15T09:17:54Z">
          <params>
            <param index="0">
              <value>
                <![CDATA[{"status":200,"errorMsg":null,"error":false}]]>
              </value>
            </param>
          </params>
          <reporter-output>
          </reporter-output>
        </test-method> <!-- EnergyConservationNormal -->
        <test-method status="PASS" signature="EnergyConservationUpScope(java.lang.String)[pri:0, instance:com.bitnei.apitest.testcases.openapi.RunningData@69a10787]" name="EnergyConservationUpScope" duration-ms="184" started-at="2021-01-15T09:17:54Z" description="车辆行驶数选择时间范围不得超过一个自然日" data-provider="dataprovider4" finished-at="2021-01-15T09:17:54Z">
          <params>
            <param index="0">
              <value>
                <![CDATA[{"status":400,"errorMsg":"VALID","data":"选择时间范围不得超过一个自然日","error":true}]]>
              </value>
            </param>
          </params>
          <reporter-output>
          </reporter-output>
        </test-method> <!-- EnergyConservationUpScope -->
      </class> <!-- com.bitnei.apitest.testcases.openapi.RunningData -->
      <class name="com.bitnei.apitest.testcases.openapi.ChargingDataTest">
        <test-method status="PASS" signature="setUp(java.lang.String, java.lang.String)[pri:0, instance:com.bitnei.apitest.testcases.openapi.ChargingDataTest@2d127a61]" name="setUp" is-config="true" duration-ms="320" started-at="2021-01-15T09:17:54Z" finished-at="2021-01-15T09:17:54Z">
          <params>
            <param index="0">
              <value>
                <![CDATA[http://61.149.8.78:83]]>
              </value>
            </param>
            <param index="1">
              <value>
                <![CDATA[src/main/resources/TEST.xlsx]]>
              </value>
            </param>
          </params>
          <reporter-output>
          </reporter-output>
        </test-method> <!-- setUp -->
        <test-method status="PASS" signature="ChargingDataNormal(java.lang.String, java.lang.String, java.lang.String, java.lang.String)[pri:0, instance:com.bitnei.apitest.testcases.openapi.ChargingDataTest@2d127a61]" name="ChargingDataNormal" duration-ms="21760" started-at="2021-01-15T09:17:54Z" description="查询珠海车辆充电数据" data-provider="dp" finished-at="2021-01-15T09:18:16Z">
          <params>
            <param index="0">
              <value>
                <![CDATA[查询结果正常]]>
              </value>
            </param>
            <param index="1">
              <value>
                <![CDATA[/external/1/zhuhai/api/chargingData]]>
              </value>
            </param>
            <param index="2">
              <value>
                <![CDATA[?licensePlate=粤C00859D&from=2019-03-01+07:49:21&to=2019-03-01+10:49:21]]>
              </value>
            </param>
            <param index="3">
              <value>
                <![CDATA[{"status":200,"errorMsg":null,"data":[{"startElectricity":124.25,"endElectricity":150.5,"startTime":"2019-03-01 09:19:34","endTime":"2019-03-01 09:42:34","startCurrent":"-230.3","endCurrent":"-0.8","startVolt":"594.7","endVolt":"586.4"}],"error":false}]]>
              </value>
            </param>
          </params>
          <reporter-output>
          </reporter-output>
        </test-method> <!-- ChargingDataNormal -->
        <test-method status="PASS" signature="ChargingDataNormal(java.lang.String, java.lang.String, java.lang.String, java.lang.String)[pri:0, instance:com.bitnei.apitest.testcases.openapi.ChargingDataTest@2d127a61]" name="ChargingDataNormal" duration-ms="469" started-at="2021-01-15T09:18:16Z" description="查询珠海车辆充电数据" data-provider="dp" finished-at="2021-01-15T09:18:17Z">
          <params>
            <param index="0">
              <value>
                <![CDATA[参数from不符合规则]]>
              </value>
            </param>
            <param index="1">
              <value>
                <![CDATA[/external/1/zhuhai/api/chargingData]]>
              </value>
            </param>
            <param index="2">
              <value>
                <![CDATA[?licensePlate=粤C00859D&from=&to=2019-03-01+10:49:21]]>
              </value>
            </param>
            <param index="3">
              <value>
                <![CDATA[{"status":400,"errorMsg":"VALID","data":"参数 from  不符合规则：yyyy-MM-dd HH:mm:ss","error":true}]]>
              </value>
            </param>
          </params>
          <reporter-output>
          </reporter-output>
        </test-method> <!-- ChargingDataNormal -->
        <test-method status="PASS" signature="ChargingDataNormal(java.lang.String, java.lang.String, java.lang.String, java.lang.String)[pri:0, instance:com.bitnei.apitest.testcases.openapi.ChargingDataTest@2d127a61]" name="ChargingDataNormal" duration-ms="190" started-at="2021-01-15T09:18:17Z" description="查询珠海车辆充电数据" data-provider="dp" finished-at="2021-01-15T09:18:17Z">
          <params>
            <param index="0">
              <value>
                <![CDATA[参数to不符合规则]]>
              </value>
            </param>
            <param index="1">
              <value>
                <![CDATA[/external/1/zhuhai/api/chargingData]]>
              </value>
            </param>
            <param index="2">
              <value>
                <![CDATA[?licensePlate=粤C00859D&from=2019-03-01+10:49:21&to=]]>
              </value>
            </param>
            <param index="3">
              <value>
                <![CDATA[{"status":400,"errorMsg":"VALID","data":"参数 to  不符合规则：yyyy-MM-dd HH:mm:ss","error":true}]]>
              </value>
            </param>
          </params>
          <reporter-output>
          </reporter-output>
        </test-method> <!-- ChargingDataNormal -->
        <test-method status="PASS" signature="ChargingDataNormal(java.lang.String, java.lang.String, java.lang.String, java.lang.String)[pri:0, instance:com.bitnei.apitest.testcases.openapi.ChargingDataTest@2d127a61]" name="ChargingDataNormal" duration-ms="59" started-at="2021-01-15T09:18:17Z" description="查询珠海车辆充电数据" data-provider="dp" finished-at="2021-01-15T09:18:17Z">
          <params>
            <param index="0">
              <value>
                <![CDATA[选择时间范围不得超过一个自然日]]>
              </value>
            </param>
            <param index="1">
              <value>
                <![CDATA[/external/1/zhuhai/api/chargingData]]>
              </value>
            </param>
            <param index="2">
              <value>
                <![CDATA[?licensePlate=粤C00859D&from=2019-03-01+10:49:21&to=2019-03-03+10:49:21]]>
              </value>
            </param>
            <param index="3">
              <value>
                <![CDATA[{"status":400,"errorMsg":"VALID","data":"选择时间范围不得超过一个自然日","error":true}]]>
              </value>
            </param>
          </params>
          <reporter-output>
          </reporter-output>
        </test-method> <!-- ChargingDataNormal -->
        <test-method status="PASS" signature="ChargingDataNormal(java.lang.String, java.lang.String, java.lang.String, java.lang.String)[pri:0, instance:com.bitnei.apitest.testcases.openapi.ChargingDataTest@2d127a61]" name="ChargingDataNormal" duration-ms="51" started-at="2021-01-15T09:18:17Z" description="查询珠海车辆充电数据" data-provider="dp" finished-at="2021-01-15T09:18:17Z">
          <params>
            <param index="0">
              <value>
                <![CDATA[选择时间范围开始时间不能大于结束时间]]>
              </value>
            </param>
            <param index="1">
              <value>
                <![CDATA[/external/1/zhuhai/api/chargingData]]>
              </value>
            </param>
            <param index="2">
              <value>
                <![CDATA[?licensePlate=粤C00859D&from=2019-03-03+10:49:21&to=2019-03-02+10:49:21]]>
              </value>
            </param>
            <param index="3">
              <value>
                <![CDATA[{"status":400,"errorMsg":"VALID","data":"参数 from 2019-03-03 10:49:21 不能大于 to 2019-03-02 10:49:21","error":true}]]>
              </value>
            </param>
          </params>
          <reporter-output>
          </reporter-output>
        </test-method> <!-- ChargingDataNormal -->
        <test-method status="PASS" signature="ChargingDataNormal(java.lang.String, java.lang.String, java.lang.String, java.lang.String)[pri:0, instance:com.bitnei.apitest.testcases.openapi.ChargingDataTest@2d127a61]" name="ChargingDataNormal" duration-ms="46" started-at="2021-01-15T09:18:17Z" description="查询珠海车辆充电数据" data-provider="dp" finished-at="2021-01-15T09:18:17Z">
          <params>
            <param index="0">
              <value>
                <![CDATA[数据缺少车牌号参数]]>
              </value>
            </param>
            <param index="1">
              <value>
                <![CDATA[/external/1/zhuhai/api/chargingData]]>
              </value>
            </param>
            <param index="2">
              <value>
                <![CDATA[?from=2019-03-03+10:49:21&to=2019-03-02+10:49:21]]>
              </value>
            </param>
            <param index="3">
              <value>
                <![CDATA[{"status":400,"errorMsg":"VALID","data":"Required String parameter 'licensePlate' is not present","error":true}]]>
              </value>
            </param>
          </params>
          <reporter-output>
          </reporter-output>
        </test-method> <!-- ChargingDataNormal -->
        <test-method status="PASS" signature="ChargingDataNormal(java.lang.String, java.lang.String, java.lang.String, java.lang.String)[pri:0, instance:com.bitnei.apitest.testcases.openapi.ChargingDataTest@2d127a61]" name="ChargingDataNormal" duration-ms="21849" started-at="2021-01-15T09:18:17Z" description="查询珠海车辆充电数据" data-provider="dp" finished-at="2021-01-15T09:18:39Z">
          <params>
            <param index="0">
              <value>
                <![CDATA[参数车牌号无效]]>
              </value>
            </param>
            <param index="1">
              <value>
                <![CDATA[/external/1/zhuhai/api/chargingData]]>
              </value>
            </param>
            <param index="2">
              <value>
                <![CDATA[?licensePlate=粤C00859&from=2019-03-01+07:49:21&to=2019-03-01+10:49:21]]>
              </value>
            </param>
            <param index="3">
              <value>
                <![CDATA[{"status":400,"errorMsg":"VALID","data":"车牌粤C00859号无效或没有车辆充电数据","error":true}]]>
              </value>
            </param>
          </params>
          <reporter-output>
          </reporter-output>
        </test-method> <!-- ChargingDataNormal -->
      </class> <!-- com.bitnei.apitest.testcases.openapi.ChargingDataTest -->
      <class name="com.bitnei.apitest.testcases.openapi.EnergyConservation">
        <test-method status="PASS" signature="setUp(java.lang.String)[pri:0, instance:com.bitnei.apitest.testcases.openapi.EnergyConservation@17776a8]" name="setUp" is-config="true" duration-ms="67" started-at="2021-01-15T09:17:46Z" finished-at="2021-01-15T09:17:46Z">
          <params>
            <param index="0">
              <value>
                <![CDATA[http://61.149.8.78:83]]>
              </value>
            </param>
          </params>
          <reporter-output>
          </reporter-output>
        </test-method> <!-- setUp -->
        <test-method status="PASS" signature="EnergyConservationNormal(java.lang.String)[pri:0, instance:com.bitnei.apitest.testcases.openapi.EnergyConservation@17776a8]" name="EnergyConservationNormal" duration-ms="57" started-at="2021-01-15T09:17:46Z" description="碳排放接口查询正常" data-provider="dataprovider6" finished-at="2021-01-15T09:17:46Z">
          <params>
            <param index="0">
              <value>
                <![CDATA[{"status":200,"errorMsg":null,"data":0.5072,"error":false}]]>
              </value>
            </param>
          </params>
          <reporter-output>
          </reporter-output>
        </test-method> <!-- EnergyConservationNormal -->
        <test-method status="PASS" signature="EnergyConservationUpScope(java.lang.String)[pri:0, instance:com.bitnei.apitest.testcases.openapi.EnergyConservation@17776a8]" name="EnergyConservationUpScope" duration-ms="46" started-at="2021-01-15T09:17:46Z" description="碳排放接口时间超3个月" data-provider="dataprovider7" finished-at="2021-01-15T09:17:46Z">
          <params>
            <param index="0">
              <value>
                <![CDATA[{"status":400,"errorMsg":"VALID","data":"选择时间范围不得超过3个月","error":true}]]>
              </value>
            </param>
          </params>
          <reporter-output>
          </reporter-output>
        </test-method> <!-- EnergyConservationUpScope -->
        <test-method status="PASS" signature="EnergyConservationWrongDateFormat(java.lang.String)[pri:0, instance:com.bitnei.apitest.testcases.openapi.EnergyConservation@17776a8]" name="EnergyConservationWrongDateFormat" duration-ms="48" started-at="2021-01-15T09:17:46Z" description="碳排放接口开始时间不符合规则" data-provider="dataprovider9" finished-at="2021-01-15T09:17:46Z">
          <params>
            <param index="0">
              <value>
                <![CDATA[{"status":400,"errorMsg":"VALID","data":"参数 from 2019.05.10 不符合规则：yyyy-MM-dd","error":true}]]>
              </value>
            </param>
          </params>
          <reporter-output>
          </reporter-output>
        </test-method> <!-- EnergyConservationWrongDateFormat -->
        <test-method status="PASS" signature="EnergyConservationWrongTime(java.lang.String)[pri:0, instance:com.bitnei.apitest.testcases.openapi.EnergyConservation@17776a8]" name="EnergyConservationWrongTime" duration-ms="56" started-at="2021-01-15T09:17:46Z" description="碳排放接口开始间大于结束时间" data-provider="dataprovider8" finished-at="2021-01-15T09:17:46Z">
          <params>
            <param index="0">
              <value>
                <![CDATA[{"status":400,"errorMsg":"VALID","data":"参数 from 2019-05-10 不能大于 to 2019-04-13","error":true}]]>
              </value>
            </param>
          </params>
          <reporter-output>
          </reporter-output>
        </test-method> <!-- EnergyConservationWrongTime -->
      </class> <!-- com.bitnei.apitest.testcases.openapi.EnergyConservation -->
    </test> <!-- openapi -->
    <test name="SAAS" duration-ms="190488" started-at="2021-01-15T09:18:39Z" finished-at="2021-01-15T09:21:49Z">
      <class name="com.bitnei.apitest.testcases.saas.UserInforRgisterByExcel">
        <test-method status="PASS" signature="setUp(java.lang.String, java.lang.String)[pri:0, instance:com.bitnei.apitest.testcases.saas.UserInforRgisterByExcel@516be40f]" name="setUp" is-config="true" duration-ms="13469" started-at="2021-01-15T09:19:01Z" finished-at="2021-01-15T09:19:14Z">
          <params>
            <param index="0">
              <value>
                <![CDATA[http://test-saas.bitnei.cn]]>
              </value>
            </param>
            <param index="1">
              <value>
                <![CDATA[src/main/resources/TEST.xlsx]]>
              </value>
            </param>
          </params>
          <reporter-output>
          </reporter-output>
        </test-method> <!-- setUp -->
        <test-method status="PASS" signature="UserInfoRgisterData(java.lang.String, java.lang.String, java.lang.String, java.lang.String)[pri:0, instance:com.bitnei.apitest.testcases.saas.UserInforRgisterByExcel@516be40f]" name="UserInfoRgisterData" duration-ms="214" started-at="2021-01-15T09:19:14Z" description="saas平台" data-provider="dp" finished-at="2021-01-15T09:19:15Z">
          <params>
            <param index="0">
              <value>
                <![CDATA[分组列表搜索]]>
              </value>
            </param>
            <param index="1">
              <value>
                <![CDATA[/user-center/group/list/paged]]>
              </value>
            </param>
            <param index="2">
              <value>
                <![CDATA[?pageNum=1&pageSize=10&name=%E6%B5%8B%E8%AF%95%E7%BB%840910]]>
              </value>
            </param>
            <param index="3">
              <value>
                <![CDATA[{"status":200,"errorMsg":null,"data":{"pageNum":1,"pageSize":10,"size":1,"pages":1,"total":1,"list":[{"id":"e1da606f70ef4ce6b06aad05836fd4a9","name":"测试组0910","description":"测试组091010","createBy":"","createTime":"2020-09-10 09:22:43","lastUpdateTime":"2020-09-10 01:23:43","tenant":"bitnei-cn"}]},"error":false}]]>
              </value>
            </param>
          </params>
          <reporter-output>
          </reporter-output>
        </test-method> <!-- UserInfoRgisterData -->
        <test-method status="PASS" signature="UserInfoRgisterData(java.lang.String, java.lang.String, java.lang.String, java.lang.String)[pri:0, instance:com.bitnei.apitest.testcases.saas.UserInforRgisterByExcel@516be40f]" name="UserInfoRgisterData" duration-ms="289" started-at="2021-01-15T09:19:15Z" description="saas平台" data-provider="dp" finished-at="2021-01-15T09:19:15Z">
          <params>
            <param index="0">
              <value>
                <![CDATA[API管理用户获取TOKEN接口查询]]>
              </value>
            </param>
            <param index="1">
              <value>
                <![CDATA[/api-center/api/getAuthorizedApi]]>
              </value>
            </param>
            <param index="2">
              <value>
                <![CDATA[?apiName=%E7%94%A8%E6%88%B7%E8%8E%B7%E5%8F%96TOKEN%E6%8E%A5%E5%8F%A3&pageNumber=1&pageSize=12]]>
              </value>
            </param>
            <param index="3">
              <value>
                <![CDATA[{"status":200,"errorMsg":null,"error":false}]]>
              </value>
            </param>
          </params>
          <reporter-output>
          </reporter-output>
        </test-method> <!-- UserInfoRgisterData -->
        <test-method status="PASS" signature="UserInfoRgisterData(java.lang.String, java.lang.String, java.lang.String, java.lang.String)[pri:0, instance:com.bitnei.apitest.testcases.saas.UserInforRgisterByExcel@516be40f]" name="UserInfoRgisterData" duration-ms="197" started-at="2021-01-15T09:19:15Z" description="saas平台" data-provider="dp" finished-at="2021-01-15T09:19:15Z">
          <params>
            <param index="0">
              <value>
                <![CDATA[车型画像查询正常]]>
              </value>
            </param>
            <param index="1">
              <value>
                <![CDATA[/vehicle-info/portrait/getModelPortrait]]>
              </value>
            </param>
            <param index="2">
              <value>
                <![CDATA[?modelName=BJ7000C5E7-BEV]]>
              </value>
            </param>
            <param index="3">
              <value>
                <![CDATA[{"status":200,"errorMsg":null,"error":false}]]>
              </value>
            </param>
          </params>
          <reporter-output>
          </reporter-output>
        </test-method> <!-- UserInfoRgisterData -->
        <test-method status="PASS" signature="UserInfoRgisterData(java.lang.String, java.lang.String, java.lang.String, java.lang.String)[pri:0, instance:com.bitnei.apitest.testcases.saas.UserInforRgisterByExcel@516be40f]" name="UserInfoRgisterData" duration-ms="275" started-at="2021-01-15T09:19:15Z" description="saas平台" data-provider="dp" finished-at="2021-01-15T09:19:15Z">
          <params>
            <param index="0">
              <value>
                <![CDATA[数据集按名称查询]]>
              </value>
            </param>
            <param index="1">
              <value>
                <![CDATA[/ras/dataset/v2/list/paged]]>
              </value>
            </param>
            <param index="2">
              <value>
                <![CDATA[?datasetName=%E5%85%85%E7%94%B5%E8%A1%8C%E4%B8%BA-%E5%8D%95%E6%97%A5%E5%85%85%E7%94%B5%E6%97%B6%E9%95%BF_test&datasourceId=&pageNumber=1&pageSize=10]]>
              </value>
            </param>
            <param index="3">
              <value>
                <![CDATA[{"status":200,"data":{"total":1,"list":[{"id":"DATASET1738b039046a473aa4b1ff68a028cfd5","name":"充电行为-单日充电时长_test","createBy":"tangzhiyuan@bitnei.cn","createTime":"2020-07-27 13:30:24","updateTime":"2020-07-27 14:13:15","userAuthorize":{"action":"WRITE","authorizeType":"USER"},"groupAuthorizes":[{"action":"WRITE","authorizeType":"GROUP","groupName":"test_group","groupId":"2af1175b329545afb6b90ad68fac1a12"}],"action":"WRITE","cardCount":0,"datasourceName":"唐志远专用","datasourceType":"TIDB","datasourceId":"DATASOURCEa654ae3a2f584242afca0a8b1e387894"}],"pageNum":1,"pageSize":10,"size":1,"startRow":1,"endRow":1,"pages":1,"prePage":0,"nextPage":0,"isFirstPage":true,"isLastPage":true,"hasPreviousPage":false,"hasNextPage":false,"navigatePages":8,"navigatepageNums":[1],"navigateFirstPage":1,"navigateLastPage":1},"error":false}]]>
              </value>
            </param>
          </params>
          <reporter-output>
          </reporter-output>
        </test-method> <!-- UserInfoRgisterData -->
        <test-method status="PASS" signature="UserInfoRgisterData(java.lang.String, java.lang.String, java.lang.String, java.lang.String)[pri:0, instance:com.bitnei.apitest.testcases.saas.UserInforRgisterByExcel@516be40f]" name="UserInfoRgisterData" duration-ms="248" started-at="2021-01-15T09:19:15Z" description="saas平台" data-provider="dp" finished-at="2021-01-15T09:19:16Z">
          <params>
            <param index="0">
              <value>
                <![CDATA[数据源按名称查询]]>
              </value>
            </param>
            <param index="1">
              <value>
                <![CDATA[/ras/datasource/v2/list/paged]]>
              </value>
            </param>
            <param index="2">
              <value>
                <![CDATA[?datasourceName=test_tidb111&datasourceType=&pageNumber=1&pageSize=10]]>
              </value>
            </param>
            <param index="3">
              <value>
                <![CDATA[{"status":200,"data":{"total":1,"list":[{"id":"DATASOURCE5d0c0eef627945f2b4cbeec6ca842018","name":"test_tidb111","createBy":"guoxin@bitnei.cn","createTime":"2020-09-27 13:39:21","updateTime":"2020-12-15 11:22:15","property":"TIDB","userAuthorize":{"action":"WRITE","authorizeType":"USER"},"groupAuthorizes":[{"action":"WRITE","authorizeType":"GROUP","groupName":"总师办","groupId":"6772593beeaf4ac39f6f6fab7f849ea4"},{"action":"WRITE","authorizeType":"GROUP","groupName":"11111","groupId":"3fa9b97019114f81989249fc62b3aead"}],"action":"WRITE","datasetCount":1}],"pageNum":1,"pageSize":10,"size":1,"startRow":1,"endRow":1,"pages":1,"prePage":0,"nextPage":0,"isFirstPage":true,"isLastPage":true,"hasPreviousPage":false,"hasNextPage":false,"navigatePages":8,"navigatepageNums":[1],"navigateFirstPage":1,"navigateLastPage":1},"error":false}]]>
              </value>
            </param>
          </params>
          <reporter-output>
          </reporter-output>
        </test-method> <!-- UserInfoRgisterData -->
        <test-method status="PASS" signature="UserInfoRgisterData(java.lang.String, java.lang.String, java.lang.String, java.lang.String)[pri:0, instance:com.bitnei.apitest.testcases.saas.UserInforRgisterByExcel@516be40f]" name="UserInfoRgisterData" duration-ms="145" started-at="2021-01-15T09:19:16Z" description="saas平台" data-provider="dp" finished-at="2021-01-15T09:19:16Z">
          <params>
            <param index="0">
              <value>
                <![CDATA[仪表盘按名称查询]]>
              </value>
            </param>
            <param index="1">
              <value>
                <![CDATA[/ras/dashboard/v2/list/paged]]>
              </value>
            </param>
            <param index="2">
              <value>
                <![CDATA[?dashboardName=13&pageNumber=1&pageSize=10&queryType=]]>
              </value>
            </param>
            <param index="3">
              <value>
                <![CDATA[{"status":200,"data":{"total":1,"list":[{"id":"DASHBOARD0ba71d67592947ad8b94e331e868030a","name":"13","createBy":"tangzhiyuan@bitnei.cn","createTime":"2020-09-28 15:16:50","updateTime":"2020-10-13 09:07:39","property":"FH","userAuthorize":{"action":"WRITE","authorizeType":"USER"},"groupAuthorizes":[{"action":"READ","authorizeType":"GROUP","groupName":"总","groupId":"65a891d1ff4845f2aaaf2925e22a9563"}],"action":"WRITE","pageCount":1,"prefer":false}],"pageNum":1,"pageSize":10,"size":1,"startRow":1,"endRow":1,"pages":1,"prePage":0,"nextPage":0,"isFirstPage":true,"isLastPage":true,"hasPreviousPage":false,"hasNextPage":false,"navigatePages":8,"navigatepageNums":[1],"navigateFirstPage":1,"navigateLastPage":1},"error":false}]]>
              </value>
            </param>
          </params>
          <reporter-output>
          </reporter-output>
        </test-method> <!-- UserInfoRgisterData -->
        <test-method status="PASS" signature="UserInfoRgisterData(java.lang.String, java.lang.String, java.lang.String, java.lang.String)[pri:0, instance:com.bitnei.apitest.testcases.saas.UserInforRgisterByExcel@516be40f]" name="UserInfoRgisterData" duration-ms="151" started-at="2021-01-15T09:19:16Z" description="saas平台" data-provider="dp" finished-at="2021-01-15T09:19:16Z">
          <params>
            <param index="0">
              <value>
                <![CDATA[报表按名称查询]]>
              </value>
            </param>
            <param index="1">
              <value>
                <![CDATA[/ras/card/V2/list/paged]]>
              </value>
            </param>
            <param index="2">
              <value>
                <![CDATA[?cardName=test1215&dataSetId=&pageNumber=1&pageSize=10&queryType=]]>
              </value>
            </param>
            <param index="3">
              <value>
                <![CDATA[{"status":200,"data":{"total":1,"list":[{"id":"CARD874ed6dbff514d9fafbd8ab10be806fb","name":"test1215","createBy":"hangang@bitnei.cn","createTime":"2020-12-15 11:24:37","updateTime":"2020-12-15 11:24:55","property":"FH","userAuthorize":{"action":"WRITE","authorizeType":"USER"},"action":"WRITE","datasetId":"DATASET9991a02f429f4bccb96c99af482d63d5","datasourceId":"DATASOURCEe3746292181c41ac8f7b5697277f23a7"}],"pageNum":1,"pageSize":10,"size":1,"startRow":1,"endRow":1,"pages":1,"prePage":0,"nextPage":0,"isFirstPage":true,"isLastPage":true,"hasPreviousPage":false,"hasNextPage":false,"navigatePages":8,"navigatepageNums":[1],"navigateFirstPage":1,"navigateLastPage":1},"error":false}]]>
              </value>
            </param>
          </params>
          <reporter-output>
          </reporter-output>
        </test-method> <!-- UserInfoRgisterData -->
      </class> <!-- com.bitnei.apitest.testcases.saas.UserInforRgisterByExcel -->
      <class name="com.bitnei.apitest.testcases.saas.PostBackSaas">
        <test-method status="PASS" signature="setUp(java.lang.String, java.lang.String)[pri:0, instance:com.bitnei.apitest.testcases.saas.PostBackSaas@3c0a50da]" name="setUp" is-config="true" duration-ms="13632" started-at="2021-01-15T09:19:16Z" finished-at="2021-01-15T09:19:30Z">
          <params>
            <param index="0">
              <value>
                <![CDATA[http://test-back-saas.bitnei.cn]]>
              </value>
            </param>
            <param index="1">
              <value>
                <![CDATA[src/main/resources/TEST.xlsx]]>
              </value>
            </param>
          </params>
          <reporter-output>
          </reporter-output>
        </test-method> <!-- setUp -->
        <test-method status="PASS" signature="UserInfoQueryData(java.lang.String, java.lang.String, java.lang.String, java.lang.String)[pri:0, instance:com.bitnei.apitest.testcases.saas.PostBackSaas@3c0a50da]" name="UserInfoQueryData" duration-ms="187" started-at="2021-01-15T09:19:30Z" description="saas后台用户查询" data-provider="dp" finished-at="2021-01-15T09:19:30Z">
          <params>
            <param index="0">
              <value>
                <![CDATA[按企业名称查询租户]]>
              </value>
            </param>
            <param index="1">
              <value>
                <![CDATA[/user-center/tenant/list]]>
              </value>
            </param>
            <param index="2">
              <value>
                <![CDATA[{"startTime":"","endTime":"","email":"","mobile":"","origin":"REGISTER_FREE","status":"","tenant":"新源科技"}]]>
              </value>
            </param>
            <param index="3">
              <value>
                <![CDATA[{"status":200,"errorMsg":null,"data":{"pageNum":1,"pageSize":10,"size":1,"pages":1,"total":1,"list":[{"id":"96e1e2dd22b744e4978d76ac2b3f8cd3","organization":"新源科技","tenant":"bitnei-cn","contactName":"bitnei","contactEmail":"SaaS@bitnei.cn","connectMobile":"15800000000","origin":"REGISTER_FREE","createTime":"2019-07-05 11:03:31","status":"ACTIVE","title":"bitnei","superId":"eef023f445604e7a92f25dd8c1b44c14","createBy":"SaaS@bitnei.cn","projectName":"新能源汽车大数据平台","userQuantity":50,"logo":null,"assemblyCode":"107","manufacturer":"电池厂名称"}]},"error":false}]]>
              </value>
            </param>
          </params>
          <reporter-output>
          </reporter-output>
        </test-method> <!-- UserInfoQueryData -->
        <test-method status="PASS" signature="UserInfoQueryData(java.lang.String, java.lang.String, java.lang.String, java.lang.String)[pri:0, instance:com.bitnei.apitest.testcases.saas.PostBackSaas@3c0a50da]" name="UserInfoQueryData" duration-ms="135" started-at="2021-01-15T09:19:30Z" description="saas后台用户查询" data-provider="dp" finished-at="2021-01-15T09:19:30Z">
          <params>
            <param index="0">
              <value>
                <![CDATA[按手机号码查询租户]]>
              </value>
            </param>
            <param index="1">
              <value>
                <![CDATA[/user-center/tenant/list]]>
              </value>
            </param>
            <param index="2">
              <value>
                <![CDATA[{"startTime":"","endTime":"","email":"","mobile":"15800000000","origin":"","status":"","tenant":""}]]>
              </value>
            </param>
            <param index="3">
              <value>
                <![CDATA[{"status":200,"errorMsg":null,"data":{"pageNum":1,"pageSize":10,"size":1,"pages":1,"total":1,"list":[{"id":"96e1e2dd22b744e4978d76ac2b3f8cd3","organization":"新源科技","tenant":"bitnei-cn","contactName":"bitnei","contactEmail":"SaaS@bitnei.cn","connectMobile":"15800000000","origin":"REGISTER_FREE","createTime":"2019-07-05 11:03:31","status":"ACTIVE","title":"bitnei","superId":"eef023f445604e7a92f25dd8c1b44c14","createBy":"SaaS@bitnei.cn","projectName":"新能源汽车大数据平台","userQuantity":50,"logo":null,"assemblyCode":"107","manufacturer":"电池厂名称"}]},"error":false}]]>
              </value>
            </param>
          </params>
          <reporter-output>
          </reporter-output>
        </test-method> <!-- UserInfoQueryData -->
        <test-method status="PASS" signature="UserInfoQueryData(java.lang.String, java.lang.String, java.lang.String, java.lang.String)[pri:0, instance:com.bitnei.apitest.testcases.saas.PostBackSaas@3c0a50da]" name="UserInfoQueryData" duration-ms="141" started-at="2021-01-15T09:19:30Z" description="saas后台用户查询" data-provider="dp" finished-at="2021-01-15T09:19:30Z">
          <params>
            <param index="0">
              <value>
                <![CDATA[按创建时间查询租户]]>
              </value>
            </param>
            <param index="1">
              <value>
                <![CDATA[/user-center/tenant/list]]>
              </value>
            </param>
            <param index="2">
              <value>
                <![CDATA[{"startTime":"2019-07-04 03:56:44","endTime":"2019-07-06 03:56:44","email":"","mobile":"","origin":"","status":"","tenant":""}]]>
              </value>
            </param>
            <param index="3">
              <value>
                <![CDATA[{"status":200,"errorMsg":null,"data":{"pageNum":1,"pageSize":10,"size":1,"pages":1,"total":1,"list":[{"id":"96e1e2dd22b744e4978d76ac2b3f8cd3","organization":"新源科技","tenant":"bitnei-cn","contactName":"bitnei","contactEmail":"SaaS@bitnei.cn","connectMobile":"15800000000","origin":"REGISTER_FREE","createTime":"2019-07-05 11:03:31","status":"ACTIVE","title":"bitnei","superId":"eef023f445604e7a92f25dd8c1b44c14","createBy":"SaaS@bitnei.cn","projectName":"新能源汽车大数据平台","userQuantity":50,"logo":null,"assemblyCode":"107","manufacturer":"电池厂名称"}]},"error":false}]]>
              </value>
            </param>
          </params>
          <reporter-output>
          </reporter-output>
        </test-method> <!-- UserInfoQueryData -->
        <test-method status="PASS" signature="UserInfoQueryData(java.lang.String, java.lang.String, java.lang.String, java.lang.String)[pri:0, instance:com.bitnei.apitest.testcases.saas.PostBackSaas@3c0a50da]" name="UserInfoQueryData" duration-ms="129" started-at="2021-01-15T09:19:30Z" description="saas后台用户查询" data-provider="dp" finished-at="2021-01-15T09:19:30Z">
          <params>
            <param index="0">
              <value>
                <![CDATA[按用户类型和邮箱查询租户]]>
              </value>
            </param>
            <param index="1">
              <value>
                <![CDATA[/user-center/tenant/list]]>
              </value>
            </param>
            <param index="2">
              <value>
                <![CDATA[{"startTime":"","endTime":"","email":"SaaS@bitnei.cn","mobile":"","origin":"","status":"","tenant":""}]]>
              </value>
            </param>
            <param index="3">
              <value>
                <![CDATA[{"status":200,"errorMsg":null,"data":{"pageNum":1,"pageSize":10,"size":1,"pages":1,"total":1,"list":[{"id":"96e1e2dd22b744e4978d76ac2b3f8cd3","organization":"新源科技","tenant":"bitnei-cn","contactName":"bitnei","contactEmail":"SaaS@bitnei.cn","connectMobile":"15800000000","origin":"REGISTER_FREE","createTime":"2019-07-05 11:03:31","status":"ACTIVE","title":"bitnei","superId":"eef023f445604e7a92f25dd8c1b44c14","createBy":"SaaS@bitnei.cn","projectName":"新能源汽车大数据平台","userQuantity":50,"logo":null,"assemblyCode":"107","manufacturer":"电池厂名称"}]},"error":false}]]>
              </value>
            </param>
          </params>
          <reporter-output>
          </reporter-output>
        </test-method> <!-- UserInfoQueryData -->
        <test-method status="PASS" signature="UserInfoQueryData(java.lang.String, java.lang.String, java.lang.String, java.lang.String)[pri:0, instance:com.bitnei.apitest.testcases.saas.PostBackSaas@3c0a50da]" name="UserInfoQueryData" duration-ms="139" started-at="2021-01-15T09:19:30Z" description="saas后台用户查询" data-provider="dp" finished-at="2021-01-15T09:19:30Z">
          <params>
            <param index="0">
              <value>
                <![CDATA[重复添加租户]]>
              </value>
            </param>
            <param index="1">
              <value>
                <![CDATA[/user-center/tenant]]>
              </value>
            </param>
            <param index="2">
              <value>
                <![CDATA[{"email":"hangang@bitnei.cn","mobile":"13311123333","name":"hangang","title":"","organization":"test","password":"abc123","conformPassword":""}]]>
              </value>
            </param>
            <param index="3">
              <value>
                <![CDATA[{"status":400,"errorMsg":"str:用户hangang@bitnei.cn已经存在","data":null,"error":true}]]>
              </value>
            </param>
          </params>
          <reporter-output>
          </reporter-output>
        </test-method> <!-- UserInfoQueryData -->
        <test-method status="PASS" signature="UserInfoQueryData(java.lang.String, java.lang.String, java.lang.String, java.lang.String)[pri:0, instance:com.bitnei.apitest.testcases.saas.PostBackSaas@3c0a50da]" name="UserInfoQueryData" duration-ms="315" started-at="2021-01-15T09:19:30Z" description="saas后台用户查询" data-provider="dp" finished-at="2021-01-15T09:19:31Z">
          <params>
            <param index="0">
              <value>
                <![CDATA[后台租户邀请用户已存在]]>
              </value>
            </param>
            <param index="1">
              <value>
                <![CDATA[/user-center/user/bitnei-cn/invite]]>
              </value>
            </param>
            <param index="2">
              <value>
                <![CDATA[{"admin":false,"email":"hangang@bitnei.cn","mobile":"13411112222","nickName":"hangang","title":""}]]>
              </value>
            </param>
            <param index="3">
              <value>
                <![CDATA[{"status":400,"errorMsg":"str:用户hangang@bitnei.cn已经存在","data":null,"error":true}]]>
              </value>
            </param>
          </params>
          <reporter-output>
          </reporter-output>
        </test-method> <!-- UserInfoQueryData -->
      </class> <!-- com.bitnei.apitest.testcases.saas.PostBackSaas -->
      <class name="com.bitnei.apitest.testcases.saas.ApiTest">
        <test-method status="PASS" signature="setUp(java.lang.String, java.lang.String)[pri:0, instance:com.bitnei.apitest.testcases.saas.ApiTest@646be2c3]" name="setUp" is-config="true" duration-ms="13684" started-at="2021-01-15T09:19:31Z" finished-at="2021-01-15T09:19:44Z">
          <params>
            <param index="0">
              <value>
                <![CDATA[http://test-saas.bitnei.cn]]>
              </value>
            </param>
            <param index="1">
              <value>
                <![CDATA[src/main/resources/TEST.xlsx]]>
              </value>
            </param>
          </params>
          <reporter-output>
          </reporter-output>
        </test-method> <!-- setUp -->
        <test-method status="PASS" signature="ApiTestCode(java.lang.String, java.lang.String, java.lang.String, java.lang.String)[pri:0, instance:com.bitnei.apitest.testcases.saas.ApiTest@646be2c3]" name="ApiTestCode" duration-ms="36" started-at="2021-01-15T09:19:44Z" description="openapi接口" data-provider="dp" finished-at="2021-01-15T09:19:44Z">
          <params>
            <param index="0">
              <value>
                <![CDATA[好车伯乐接口返回为空]]>
              </value>
            </param>
            <param index="1">
              <value>
                <![CDATA[/external-api/vehicle-battery/autobole/vehicle/static?]]>
              </value>
            </param>
            <param index="2">
              <value>
                <![CDATA[vin=123]]>
              </value>
            </param>
            <param index="3">
              <value>
                <![CDATA[{"status":200,"errorMsg":null,"data":null,"error":false,"code":"35000"}]]>
              </value>
            </param>
          </params>
          <reporter-output>
          </reporter-output>
        </test-method> <!-- ApiTestCode -->
        <test-method status="PASS" signature="ApiTestCode(java.lang.String, java.lang.String, java.lang.String, java.lang.String)[pri:0, instance:com.bitnei.apitest.testcases.saas.ApiTest@646be2c3]" name="ApiTestCode" duration-ms="26" started-at="2021-01-15T09:19:44Z" description="openapi接口" data-provider="dp" finished-at="2021-01-15T09:19:44Z">
          <params>
            <param index="0">
              <value>
                <![CDATA[好车伯乐接口查询正确L1HBAEB13JS000067]]>
              </value>
            </param>
            <param index="1">
              <value>
                <![CDATA[/external-api/vehicle-battery/autobole/vehicle/static?]]>
              </value>
            </param>
            <param index="2">
              <value>
                <![CDATA[vin=L1HBAEB13JS000067]]>
              </value>
            </param>
            <param index="3">
              <value>
                <![CDATA[{"status":200,"errorMsg":null,"data":{"area":"中山市","brand":"上佳","bsie":100.7,"bulletinNO":"HA6805BEVB1","joinTime":"2019-07-08","leaveTime":"2020-02-06 08:24:49","platform":"中山市公共交通运输集团有限公司","series":"未知","seurityMonitor":true,"type":"HA6805BEVB1","use":"01","vin":"ba6eb1233fbf4110628c3722c56d7ca3"},"error":false,"code":"10000"}]]>
              </value>
            </param>
          </params>
          <reporter-output>
          </reporter-output>
        </test-method> <!-- ApiTestCode -->
        <test-method status="PASS" signature="ApiTestCode(java.lang.String, java.lang.String, java.lang.String, java.lang.String)[pri:0, instance:com.bitnei.apitest.testcases.saas.ApiTest@646be2c3]" name="ApiTestCode" duration-ms="28" started-at="2021-01-15T09:19:44Z" description="openapi接口" data-provider="dp" finished-at="2021-01-15T09:19:44Z">
          <params>
            <param index="0">
              <value>
                <![CDATA[车辆轨迹获取车辆轨迹接口返回为空]]>
              </value>
            </param>
            <param index="1">
              <value>
                <![CDATA[/external-api/lbs/test/vehicle/locations?]]>
              </value>
            </param>
            <param index="2">
              <value>
                <![CDATA[vin=123&dateFrom=2019-10-20%2007%3A16%3A20&dateTo=2019-10-21%2007%3A16%3A20]]>
              </value>
            </param>
            <param index="3">
              <value>
                <![CDATA[{"status":200,"errorMsg":null,"data":null,"error":false,"code":"35000"}]]>
              </value>
            </param>
          </params>
          <reporter-output>
          </reporter-output>
        </test-method> <!-- ApiTestCode -->
        <test-method status="PASS" signature="ApiTestCode(java.lang.String, java.lang.String, java.lang.String, java.lang.String)[pri:0, instance:com.bitnei.apitest.testcases.saas.ApiTest@646be2c3]" name="ApiTestCode" duration-ms="89" started-at="2021-01-15T09:19:44Z" description="openapi接口" data-provider="dp" finished-at="2021-01-15T09:19:45Z">
          <params>
            <param index="0">
              <value>
                <![CDATA[微信小程序获取车辆厂家及车型]]>
              </value>
            </param>
            <param index="1">
              <value>
                <![CDATA[/external-api/laboratory/models/reliable/factory/information?]]>
              </value>
            </param>
            <param index="2">
              <value>
                <![CDATA[type=01]]>
              </value>
            </param>
            <param index="3">
              <value>
                <![CDATA[{"status":200,"errorMsg":null,"data":[{"vehFac":"合众汽车","vehModelInfos":[{"vehCommonName":"哪吒N01","vehModel":"THZ7000BEVS004","standardDriverMileage":301.00,"standardPower":14.00}]},{"vehFac":"比亚迪","vehModelInfos":[{"vehCommonName":"E5","vehModel":"BYD7005BEV1","standardDriverMileage":400.00,"standardPower":14.80},{"vehCommonName":"比亚迪唐","vehModel":"BYD6490SBEV1","standardDriverMileage":520.00,"standardPower":17.30}]},{"vehFac":"北汽新能源","vehModelInfos":[{"vehCommonName":"EU5","vehModel":"BJ7000C5D3-BEV","standardDriverMileage":416.00,"standardPower":13.90}]},{"vehFac":"吉利汽车","vehModelInfos":[{"vehCommonName":"帝豪GSE400","vehModel":"HQ7002BEV15","standardDriverMileage":353.00,"standardPower":14.53}]},{"vehFac":"威马汽车","vehModelInfos":[{"vehCommonName":"EX5","vehModel":"SZS6460A06BEV","standardDriverMileage":303.00,"standardPower":16.20}]},{"vehFac":"上汽集团","vehModelInfos":[{"vehCommonName":"荣威ERX5","vehModel":"CSA6456BEV2","standardDriverMileage":320.00,"standardPower":15.49},{"vehCommonName":"Marvel X","vehModel":"CSA6461FBEV1","standardDriverMileage":403.00,"standardPower":14.20}]},{"vehFac":"长安汽车","vehModelInfos":[{"vehCommonName":"EADO","vehModel":"SC7003ACBEV","standardDriverMileage":305.00,"standardPower":13.40},{"vehCommonName":"EADO","vehModel":"SC7003AEBEV","standardDriverMileage":405.00,"standardPower":13.80}]},{"vehFac":"广汽新能源","vehModelInfos":[{"vehCommonName":"传祺AION.S","vehModel":"GAM7000BEVA0C","standardDriverMileage":510.00,"standardPower":13.10}]},{"vehFac":"蔚来汽车","vehModelInfos":[{"vehCommonName":"ES6","vehModel":"HFC6483ECEV-W","standardDriverMileage":430.00,"standardPower":18.10},{"vehCommonName":"ES8","vehModel":"HFC6502ECEV2-W","standardDriverMileage":355.00,"standardPower":21.00}]}],"error":false,"code":"10000"}]]>
              </value>
            </param>
          </params>
          <reporter-output>
          </reporter-output>
        </test-method> <!-- ApiTestCode -->
        <test-method status="PASS" signature="ApiTestCode(java.lang.String, java.lang.String, java.lang.String, java.lang.String)[pri:0, instance:com.bitnei.apitest.testcases.saas.ApiTest@646be2c3]" name="ApiTestCode" duration-ms="54" started-at="2021-01-15T09:19:45Z" description="openapi接口" data-provider="dp" finished-at="2021-01-15T09:19:45Z">
          <params>
            <param index="0">
              <value>
                <![CDATA[微信小程序获取车型的所有靠谱指数全国HQ7002BEV15吉利汽车]]>
              </value>
            </param>
            <param index="1">
              <value>
                <![CDATA[/external-api/laboratory/models/reliable/exponent?]]>
              </value>
            </param>
            <param index="2">
              <value>
                <![CDATA[vehModel=HQ7002BEV15&vehFac=%E5%90%89%E5%88%A9%E6%B1%BD%E8%BD%A6]]>
              </value>
            </param>
            <param index="3">
              <value>
                <![CDATA[{"status":200,"errorMsg":null,"data":{"driverRange":289.59,"middleChargeStartSoc":37.53,"standardDriverMileage":353.00,"standardPower":null,"power100km":null,"fastChargeDuration":54.47,"middleAnxiety":"中","satisfactionDegree":"低","onlineHailedCarRatio":null,"onlineHailedCarNumber":null},"error":false,"code":"10000"}]]>
              </value>
            </param>
          </params>
          <reporter-output>
          </reporter-output>
        </test-method> <!-- ApiTestCode -->
        <test-method status="PASS" signature="ApiTestCode(java.lang.String, java.lang.String, java.lang.String, java.lang.String)[pri:0, instance:com.bitnei.apitest.testcases.saas.ApiTest@646be2c3]" name="ApiTestCode" duration-ms="42" started-at="2021-01-15T09:19:45Z" description="openapi接口" data-provider="dp" finished-at="2021-01-15T09:19:45Z">
          <params>
            <param index="0">
              <value>
                <![CDATA[微信小程序获取车型的所有靠谱指数北京市]]>
              </value>
            </param>
            <param index="1">
              <value>
                <![CDATA[/external-api/laboratory/models/reliable/exponent?]]>
              </value>
            </param>
            <param index="2">
              <value>
                <![CDATA[city=%E5%8C%97%E4%BA%AC%E5%B8%82&vehModel=HQ7002BEV15&vehFac=%E5%90%89%E5%88%A9%E6%B1%BD%E8%BD%A6]]>
              </value>
            </param>
            <param index="3">
              <value>
                <![CDATA[{"status":200,"errorMsg":null,"data":{"driverRange":291.55,"middleChargeStartSoc":35.42,"standardDriverMileage":353.00,"standardPower":null,"power100km":null,"fastChargeDuration":59.06,"middleAnxiety":"中","satisfactionDegree":"低","onlineHailedCarRatio":null,"onlineHailedCarNumber":null},"error":false,"code":"10000"}]]>
              </value>
            </param>
          </params>
          <reporter-output>
          </reporter-output>
        </test-method> <!-- ApiTestCode -->
        <test-method status="PASS" signature="ApiTestCode(java.lang.String, java.lang.String, java.lang.String, java.lang.String)[pri:0, instance:com.bitnei.apitest.testcases.saas.ApiTest@646be2c3]" name="ApiTestCode" duration-ms="24" started-at="2021-01-15T09:19:45Z" description="openapi接口" data-provider="dp" finished-at="2021-01-15T09:19:45Z">
          <params>
            <param index="0">
              <value>
                <![CDATA[微信小程序获取车型的所有靠谱指数车型必填]]>
              </value>
            </param>
            <param index="1">
              <value>
                <![CDATA[/external-api/laboratory/models/reliable/exponent?]]>
              </value>
            </param>
            <param index="2">
              <value>
                <![CDATA[vehFac=%E5%90%89%E5%88%A9%E6%B1%BD%E8%BD%A6]]>
              </value>
            </param>
            <param index="3">
              <value>
                <![CDATA[{"status":400,"errorMsg":"请求参数vehModel不能为空！","data":null,"error":true,"code":"30001"}]]>
              </value>
            </param>
          </params>
          <reporter-output>
          </reporter-output>
        </test-method> <!-- ApiTestCode -->
        <test-method status="PASS" signature="ApiTestCode(java.lang.String, java.lang.String, java.lang.String, java.lang.String)[pri:0, instance:com.bitnei.apitest.testcases.saas.ApiTest@646be2c3]" name="ApiTestCode" duration-ms="24" started-at="2021-01-15T09:19:45Z" description="openapi接口" data-provider="dp" finished-at="2021-01-15T09:19:45Z">
          <params>
            <param index="0">
              <value>
                <![CDATA[微信小程序获取车型的所有靠谱指数厂家必填]]>
              </value>
            </param>
            <param index="1">
              <value>
                <![CDATA[/external-api/laboratory/models/reliable/exponent?]]>
              </value>
            </param>
            <param index="2">
              <value>
                <![CDATA[vehModel=HQ7002BEV15]]>
              </value>
            </param>
            <param index="3">
              <value>
                <![CDATA[{"status":400,"errorMsg":"请求参数vehFac不能为空！","data":null,"error":true,"code":"30001"}]]>
              </value>
            </param>
          </params>
          <reporter-output>
          </reporter-output>
        </test-method> <!-- ApiTestCode -->
        <test-method status="PASS" signature="ApiTestCode(java.lang.String, java.lang.String, java.lang.String, java.lang.String)[pri:0, instance:com.bitnei.apitest.testcases.saas.ApiTest@646be2c3]" name="ApiTestCode" duration-ms="36" started-at="2021-01-15T09:19:45Z" description="openapi接口" data-provider="dp" finished-at="2021-01-15T09:19:45Z">
          <params>
            <param index="0">
              <value>
                <![CDATA[微信小程序获取车型的所有靠谱指数为空]]>
              </value>
            </param>
            <param index="1">
              <value>
                <![CDATA[/external-api/laboratory/models/reliable/exponent?]]>
              </value>
            </param>
            <param index="2">
              <value>
                <![CDATA[vehModel=123&vehFac=123]]>
              </value>
            </param>
            <param index="3">
              <value>
                <![CDATA[{"status":200,"errorMsg":null,"data":null,"error":false,"code":"35000"}]]>
              </value>
            </param>
          </params>
          <reporter-output>
          </reporter-output>
        </test-method> <!-- ApiTestCode -->
        <test-method status="PASS" signature="ApiTestCode(java.lang.String, java.lang.String, java.lang.String, java.lang.String)[pri:0, instance:com.bitnei.apitest.testcases.saas.ApiTest@646be2c3]" name="ApiTestCode" duration-ms="47" started-at="2021-01-15T09:19:45Z" description="openapi接口" data-provider="dp" finished-at="2021-01-15T09:19:45Z">
          <params>
            <param index="0">
              <value>
                <![CDATA[微信小程序靠谱指数查询全国]]>
              </value>
            </param>
            <param index="1">
              <value>
                <![CDATA[/external-api/laboratory/models/reliable/rank?]]>
              </value>
            </param>
            <param index="2">
              <value>
                <![CDATA[type=01]]>
              </value>
            </param>
            <param index="3">
              <value>
                <![CDATA[{"status":200,"errorMsg":null,"data":[{"vehModel":"THZ7000BEVS004","vehCommonName":"哪吒N01","unit":"km","standardDriverRange":301.0,"standardPower":14.0,"vehFac":"合众汽车"},{"vehModel":"BYD7005BEV1","vehCommonName":"E5","unit":"km","standardDriverRange":400.0,"standardPower":14.8,"vehFac":"比亚迪"},{"vehModel":"BJ7000C5D3-BEV","vehCommonName":"EU5","unit":"km","standardDriverRange":416.0,"standardPower":13.9,"vehFac":"北汽新能源"}],"error":false,"code":"10000"}]]>
              </value>
            </param>
          </params>
          <reporter-output>
          </reporter-output>
        </test-method> <!-- ApiTestCode -->
        <test-method status="PASS" signature="ApiTestCode(java.lang.String, java.lang.String, java.lang.String, java.lang.String)[pri:0, instance:com.bitnei.apitest.testcases.saas.ApiTest@646be2c3]" name="ApiTestCode" duration-ms="35" started-at="2021-01-15T09:19:45Z" description="openapi接口" data-provider="dp" finished-at="2021-01-15T09:19:45Z">
          <params>
            <param index="0">
              <value>
                <![CDATA[微信小程序靠谱指数查询北京市]]>
              </value>
            </param>
            <param index="1">
              <value>
                <![CDATA[/external-api/laboratory/models/reliable/rank?]]>
              </value>
            </param>
            <param index="2">
              <value>
                <![CDATA[city=%E5%8C%97%E4%BA%AC%E5%B8%82&type=01]]>
              </value>
            </param>
            <param index="3">
              <value>
                <![CDATA[{"status":200,"errorMsg":null,"data":[{"vehModel":"THZ7000BEVS004","vehCommonName":"哪吒N01","unit":"km","standardDriverRange":301.00,"standardPower":14.00,"vehFac":"合众汽车"},{"vehModel":"BYD7005BEV1","vehCommonName":"E5","unit":"km","standardDriverRange":400.00,"standardPower":14.80,"vehFac":"比亚迪"},{"vehModel":"HQ7002BEV15","vehCommonName":"帝豪GSE400","unit":"km","standardDriverRange":353.00,"standardPower":14.53,"vehFac":"吉利汽车"}],"error":false,"code":"10000"}]]>
              </value>
            </param>
          </params>
          <reporter-output>
          </reporter-output>
        </test-method> <!-- ApiTestCode -->
        <test-method status="PASS" signature="ApiTestCode(java.lang.String, java.lang.String, java.lang.String, java.lang.String)[pri:0, instance:com.bitnei.apitest.testcases.saas.ApiTest@646be2c3]" name="ApiTestCode" duration-ms="25" started-at="2021-01-15T09:19:45Z" description="openapi接口" data-provider="dp" finished-at="2021-01-15T09:19:45Z">
          <params>
            <param index="0">
              <value>
                <![CDATA[微信小程序靠谱指数查询类型必填]]>
              </value>
            </param>
            <param index="1">
              <value>
                <![CDATA[/external-api/laboratory/models/reliable/rank?]]>
              </value>
            </param>
            <param index="2">
              <value>
                <![CDATA[]]>
              </value>
            </param>
            <param index="3">
              <value>
                <![CDATA[{"status":400,"errorMsg":"请求参数type不能为空！","data":null,"error":true,"code":"30001"}]]>
              </value>
            </param>
          </params>
          <reporter-output>
          </reporter-output>
        </test-method> <!-- ApiTestCode -->
        <test-method status="PASS" signature="ApiTestCode(java.lang.String, java.lang.String, java.lang.String, java.lang.String)[pri:0, instance:com.bitnei.apitest.testcases.saas.ApiTest@646be2c3]" name="ApiTestCode" duration-ms="30" started-at="2021-01-15T09:19:45Z" description="openapi接口" data-provider="dp" finished-at="2021-01-15T09:19:45Z">
          <params>
            <param index="0">
              <value>
                <![CDATA[微信小程序靠谱指数查询全国返回1条]]>
              </value>
            </param>
            <param index="1">
              <value>
                <![CDATA[/external-api/laboratory/models/reliable/rank?]]>
              </value>
            </param>
            <param index="2">
              <value>
                <![CDATA[size=1&type=02]]>
              </value>
            </param>
            <param index="3">
              <value>
                <![CDATA[{"status":200,"errorMsg":null,"data":[{"vehModel":"BJ7000U3D7G-BEV","vehCommonName":"EX360","unit":"km","standardDriverRange":318.0,"standardPower":16.7,"vehFac":"北汽新能源"}],"error":false,"code":"10000"}]]>
              </value>
            </param>
          </params>
          <reporter-output>
          </reporter-output>
        </test-method> <!-- ApiTestCode -->
        <test-method status="PASS" signature="ApiTestCode(java.lang.String, java.lang.String, java.lang.String, java.lang.String)[pri:0, instance:com.bitnei.apitest.testcases.saas.ApiTest@646be2c3]" name="ApiTestCode" duration-ms="51" started-at="2021-01-15T09:19:45Z" description="openapi接口" data-provider="dp" finished-at="2021-01-15T09:19:45Z">
          <params>
            <param index="0">
              <value>
                <![CDATA[微信小程序实际行驶总里程详情全国HQ7002BEV15吉利汽车]]>
              </value>
            </param>
            <param index="1">
              <value>
                <![CDATA[/external-api/laboratory/models/reliable/mileage/detail?]]>
              </value>
            </param>
            <param index="2">
              <value>
                <![CDATA[vehModel=HQ7002BEV15&vehFac=%E5%90%89%E5%88%A9%E6%B1%BD%E8%BD%A6]]>
              </value>
            </param>
            <param index="3">
              <value>
                <![CDATA[{"status":200,"errorMsg":null,"data":{"vehModel":"帝豪GSE400","driverRange":289.59,"standardDriverMileage":353.0,"vehFac":"吉利汽车","unit":"km","monthType":[{"driverMileage":206.0,"month":"01"},{"driverMileage":234.76,"month":"02"},{"driverMileage":285.52,"month":"03"},{"driverMileage":298.19,"month":"04"},{"driverMileage":323.13,"month":"05"},{"driverMileage":321.67,"month":"06"},{"driverMileage":316.4,"month":"07"},{"driverMileage":320.0,"month":"08"},{"driverMileage":324.62,"month":"09"},{"driverMileage":315.65,"month":"10"},{"driverMileage":283.3,"month":"11"},{"driverMileage":245.88,"month":"12"}],"seasonType":[{"driverMileage":307.86,"season":"autumn"},{"driverMileage":302.28,"season":"spring"},{"driverMileage":319.36,"season":"summer"},{"driverMileage":228.88,"season":"winter"}]},"error":false,"code":"10000"}]]>
              </value>
            </param>
          </params>
          <reporter-output>
          </reporter-output>
        </test-method> <!-- ApiTestCode -->
        <test-method status="PASS" signature="ApiTestCode(java.lang.String, java.lang.String, java.lang.String, java.lang.String)[pri:0, instance:com.bitnei.apitest.testcases.saas.ApiTest@646be2c3]" name="ApiTestCode" duration-ms="45" started-at="2021-01-15T09:19:45Z" description="openapi接口" data-provider="dp" finished-at="2021-01-15T09:19:45Z">
          <params>
            <param index="0">
              <value>
                <![CDATA[微信小程序实际行驶总里程详情北京市]]>
              </value>
            </param>
            <param index="1">
              <value>
                <![CDATA[/external-api/laboratory/models/reliable/mileage/detail?]]>
              </value>
            </param>
            <param index="2">
              <value>
                <![CDATA[city=%E5%8C%97%E4%BA%AC%E5%B8%82&vehModel=HQ7002BEV15&vehFac=%E5%90%89%E5%88%A9%E6%B1%BD%E8%BD%A6]]>
              </value>
            </param>
            <param index="3">
              <value>
                <![CDATA[{"status":200,"errorMsg":null,"data":{"vehModel":"帝豪GSE400","driverRange":291.55,"standardDriverMileage":353.00,"vehFac":"吉利汽车","unit":"km","monthType":[{"driverMileage":209.00,"month":"01"},{"driverMileage":233.67,"month":"02"},{"driverMileage":289.40,"month":"03"},{"driverMileage":292.50,"month":"04"},{"driverMileage":332.49,"month":"05"},{"driverMileage":329.00,"month":"06"},{"driverMileage":321.29,"month":"07"},{"driverMileage":331.23,"month":"08"},{"driverMileage":338.00,"month":"09"},{"driverMileage":324.67,"month":"10"},{"driverMileage":274.93,"month":"11"},{"driverMileage":222.44,"month":"12"}],"seasonType":[{"driverMileage":312.53,"season":"autumn"},{"driverMileage":304.80,"season":"spring"},{"driverMileage":327.17,"season":"summer"},{"driverMileage":221.70,"season":"winter"}]},"error":false,"code":"10000"}]]>
              </value>
            </param>
          </params>
          <reporter-output>
          </reporter-output>
        </test-method> <!-- ApiTestCode -->
        <test-method status="PASS" signature="ApiTestCode(java.lang.String, java.lang.String, java.lang.String, java.lang.String)[pri:0, instance:com.bitnei.apitest.testcases.saas.ApiTest@646be2c3]" name="ApiTestCode" duration-ms="26" started-at="2021-01-15T09:19:45Z" description="openapi接口" data-provider="dp" finished-at="2021-01-15T09:19:45Z">
          <params>
            <param index="0">
              <value>
                <![CDATA[微信小程序实际行驶总里程详情厂家必填]]>
              </value>
            </param>
            <param index="1">
              <value>
                <![CDATA[/external-api/laboratory/models/reliable/mileage/detail?]]>
              </value>
            </param>
            <param index="2">
              <value>
                <![CDATA[vehModel=HQ7002BEV15]]>
              </value>
            </param>
[...]
          <params>
            <param index="0">
              <value>
                <![CDATA[鼎然科技白名单操作类型输入错误3]]>
              </value>
            </param>
            <param index="1">
              <value>
                <![CDATA[/external-api/vrm/special/dingran/white/roster/receive?vin=LC0DE6CB9H1000142&actionType=3]]>
              </value>
            </param>
            <param index="2">
              <value>
                <![CDATA[]]>
              </value>
            </param>
            <param index="3">
              <value>
                <![CDATA[{"status":200,"errorMsg":"操作类型不正确","data":null,"error":true,"code":"30001"}]]>
              </value>
            </param>
          </params>
          <reporter-output>
          </reporter-output>
        </test-method> <!-- ApiTest -->
        <test-method status="PASS" signature="ApiTest(java.lang.String, java.lang.String, java.lang.String, java.lang.String)[pri:0, instance:com.bitnei.apitest.testcases.saas.PostApiTestParas@797badd3]" name="ApiTest" duration-ms="355" started-at="2021-01-15T09:20:15Z" description="api接口" data-provider="dp" finished-at="2021-01-15T09:20:15Z">
          <params>
            <param index="0">
              <value>
                <![CDATA[鼎然科技车辆查询不存在的vin返回false]]>
              </value>
            </param>
            <param index="1">
              <value>
                <![CDATA[/external-api/vrm/dingran/vehicle/provide]]>
              </value>
            </param>
            <param index="2">
              <value>
                <![CDATA[["123"]]]>
              </value>
            </param>
            <param index="3">
              <value>
                <![CDATA[{"status":200,"errorMsg":null,"data":[{"vin":"123","result":false}],"error":false,"code":"10000"}]]>
              </value>
            </param>
          </params>
          <reporter-output>
          </reporter-output>
        </test-method> <!-- ApiTest -->
        <test-method status="PASS" signature="ApiTest(java.lang.String, java.lang.String, java.lang.String, java.lang.String)[pri:0, instance:com.bitnei.apitest.testcases.saas.PostApiTestParas@797badd3]" name="ApiTest" duration-ms="387" started-at="2021-01-15T09:20:15Z" description="api接口" data-provider="dp" finished-at="2021-01-15T09:20:15Z">
          <params>
            <param index="0">
              <value>
                <![CDATA[鼎然科技车辆查询存在的vin返回true]]>
              </value>
            </param>
            <param index="1">
              <value>
                <![CDATA[/external-api/vrm/dingran/vehicle/provide]]>
              </value>
            </param>
            <param index="2">
              <value>
                <![CDATA[["LHWCJ95D8K1195508", "LHWCJ95D8K1195511"]]]>
              </value>
            </param>
            <param index="3">
              <value>
                <![CDATA[{"status":200,"errorMsg":null,"data":[{"vin":"LHWCJ95D8K1195508","result":true},{"vin":"LHWCJ95D8K1195511","result":true}],"error":false,"code":"10000"}]]>
              </value>
            </param>
          </params>
          <reporter-output>
          </reporter-output>
        </test-method> <!-- ApiTest -->
        <test-method status="PASS" signature="ApiTest(java.lang.String, java.lang.String, java.lang.String, java.lang.String)[pri:0, instance:com.bitnei.apitest.testcases.saas.PostApiTestParas@797badd3]" name="ApiTest" duration-ms="499" started-at="2021-01-15T09:20:15Z" description="api接口" data-provider="dp" finished-at="2021-01-15T09:20:16Z">
          <params>
            <param index="0">
              <value>
                <![CDATA[鼎然科技车辆查询vin参数为空]]>
              </value>
            </param>
            <param index="1">
              <value>
                <![CDATA[/external-api/vrm/dingran/vehicle/provide]]>
              </value>
            </param>
            <param index="2">
              <value>
                <![CDATA[[]]]>
              </value>
            </param>
            <param index="3">
              <value>
                <![CDATA[{"status":400,"errorMsg":"参数不能为空且最多支持50个","data":null,"error":true,"code":"30001"}]]>
              </value>
            </param>
          </params>
          <reporter-output>
          </reporter-output>
        </test-method> <!-- ApiTest -->
        <test-method status="PASS" signature="ApiTest(java.lang.String, java.lang.String, java.lang.String, java.lang.String)[pri:0, instance:com.bitnei.apitest.testcases.saas.PostApiTestParas@797badd3]" name="ApiTest" duration-ms="388" started-at="2021-01-15T09:20:16Z" description="api接口" data-provider="dp" finished-at="2021-01-15T09:20:16Z">
          <params>
            <param index="0">
              <value>
                <![CDATA[鼎然科技车辆查询vin参数超过50个]]>
              </value>
            </param>
            <param index="1">
              <value>
                <![CDATA[/external-api/vrm/dingran/vehicle/provide]]>
              </value>
            </param>
            <param index="2">
              <value>
                <![CDATA[["123","123","123","123","123","123","123","123","123","123","123","123","123","123","123","123","123","123","123","123","123","123","123","123","123","123","123","123","123","123","123","123","123","123","123","123","123","123","123","123","123","123","123","123","123","123","123","123","123","123","234"]]]>
              </value>
            </param>
            <param index="3">
              <value>
                <![CDATA[{"status":400,"errorMsg":"参数不能为空且最多支持50个","data":null,"error":true,"code":"30001"}]]>
              </value>
            </param>
          </params>
          <reporter-output>
          </reporter-output>
        </test-method> <!-- ApiTest -->
        <test-method status="PASS" signature="ApiTest(java.lang.String, java.lang.String, java.lang.String, java.lang.String)[pri:0, instance:com.bitnei.apitest.testcases.saas.PostApiTestParas@797badd3]" name="ApiTest" duration-ms="358" started-at="2021-01-15T09:20:16Z" description="api接口" data-provider="dp" finished-at="2021-01-15T09:20:17Z">
          <params>
            <param index="0">
              <value>
                <![CDATA[鼎然科技车辆查询vin参数相同结果去重]]>
              </value>
            </param>
            <param index="1">
              <value>
                <![CDATA[/external-api/vrm/dingran/vehicle/provide]]>
              </value>
            </param>
            <param index="2">
              <value>
                <![CDATA[["123","123","123"]]]>
              </value>
            </param>
            <param index="3">
              <value>
                <![CDATA[{"status":200,"errorMsg":null,"data":[{"vin":"123","result":false}],"error":false,"code":"10000"}]]>
              </value>
            </param>
          </params>
          <reporter-output>
          </reporter-output>
        </test-method> <!-- ApiTest -->
      </class> <!-- com.bitnei.apitest.testcases.saas.PostApiTestParas -->
      <class name="com.bitnei.apitest.testcases.saas.UserInfoQueryByExcel">
        <test-method status="PASS" signature="setUp(java.lang.String, java.lang.String)[pri:0, instance:com.bitnei.apitest.testcases.saas.UserInfoQueryByExcel@473b46c3]" name="setUp" is-config="true" duration-ms="20989" started-at="2021-01-15T09:18:39Z" finished-at="2021-01-15T09:19:00Z">
          <params>
            <param index="0">
              <value>
                <![CDATA[http://test-saas.bitnei.cn]]>
              </value>
            </param>
            <param index="1">
              <value>
                <![CDATA[src/main/resources/TEST.xlsx]]>
              </value>
            </param>
          </params>
          <reporter-output>
          </reporter-output>
        </test-method> <!-- setUp -->
        <test-method status="PASS" signature="UserInfoQueryData(java.lang.String, java.lang.String, java.lang.String, java.lang.String)[pri:0, instance:com.bitnei.apitest.testcases.saas.UserInfoQueryByExcel@473b46c3]" name="UserInfoQueryData" duration-ms="191" started-at="2021-01-15T09:19:00Z" description="saas平台用户查询" data-provider="dp" finished-at="2021-01-15T09:19:00Z">
          <params>
            <param index="0">
              <value>
                <![CDATA[按用户名称查询用户]]>
              </value>
            </param>
            <param index="1">
              <value>
                <![CDATA[/user-center/userInfo/userWithRoles]]>
              </value>
            </param>
            <param index="2">
              <value>
                <![CDATA[{"createTimeRange":{"from":"","to":""},"email":"","mobile":"","nickName":"hangang","origin":"","status":"","userRole":""}]]>
              </value>
            </param>
            <param index="3">
              <value>
                <![CDATA[{"status":200,"errorMsg":null,"data":{"pageNum":1,"pageSize":10,"size":1,"pages":1,"total":1,"list":[{"typeName":"UserAdmin","id":"9954286ba69c4c51962c88aa2342dc34","username":"hangang11@bitnei.cn","nickName":"hangang","email":"hangang11@bitnei.cn","mobile":"189****6589","password":"N/A","title":"","status":"ACTIVE","createBy":"SaaS@bitnei.cn","createTime":"2020-05-14 02:12:59","lastUpdateTime":"2021-01-15 05:40:03","tenant":"bitnei-cn","origin":"INVITE","admin":true,"super":false}]},"error":false}]]>
              </value>
            </param>
          </params>
          <reporter-output>
          </reporter-output>
        </test-method> <!-- UserInfoQueryData -->
        <test-method status="PASS" signature="UserInfoQueryData(java.lang.String, java.lang.String, java.lang.String, java.lang.String)[pri:0, instance:com.bitnei.apitest.testcases.saas.UserInfoQueryByExcel@473b46c3]" name="UserInfoQueryData" duration-ms="140" started-at="2021-01-15T09:19:00Z" description="saas平台用户查询" data-provider="dp" finished-at="2021-01-15T09:19:00Z">
          <params>
            <param index="0">
              <value>
                <![CDATA[按手机号码查询用户]]>
              </value>
            </param>
            <param index="1">
              <value>
                <![CDATA[/user-center/userInfo/userWithRoles]]>
              </value>
            </param>
            <param index="2">
              <value>
                <![CDATA[{"createTimeRange":{"from":"","to":""},"email":"","mobile":"18945696589","nickName":"","origin":"","status":"","userRole":""}]]>
              </value>
            </param>
            <param index="3">
              <value>
                <![CDATA[{"status":200,"errorMsg":null,"data":{"pageNum":1,"pageSize":10,"size":1,"pages":1,"total":1,"list":[{"typeName":"UserAdmin","id":"9954286ba69c4c51962c88aa2342dc34","username":"hangang11@bitnei.cn","nickName":"hangang","email":"hangang11@bitnei.cn","mobile":"189****6589","password":"N/A","title":"","status":"ACTIVE","createBy":"SaaS@bitnei.cn","createTime":"2020-05-14 02:12:59","lastUpdateTime":"2021-01-15 05:40:03","tenant":"bitnei-cn","origin":"INVITE","admin":true,"super":false}]},"error":false}]]>
              </value>
            </param>
          </params>
          <reporter-output>
          </reporter-output>
        </test-method> <!-- UserInfoQueryData -->
        <test-method status="PASS" signature="UserInfoQueryData(java.lang.String, java.lang.String, java.lang.String, java.lang.String)[pri:0, instance:com.bitnei.apitest.testcases.saas.UserInfoQueryByExcel@473b46c3]" name="UserInfoQueryData" duration-ms="166" started-at="2021-01-15T09:19:00Z" description="saas平台用户查询" data-provider="dp" finished-at="2021-01-15T09:19:00Z">
          <params>
            <param index="0">
              <value>
                <![CDATA[按创建时间查询用户]]>
              </value>
            </param>
            <param index="1">
              <value>
                <![CDATA[/user-center/userInfo/userWithRoles]]>
              </value>
            </param>
            <param index="2">
              <value>
                <![CDATA[{"createTimeRange":{"from":"2019-07-04 01:46:37","to":"2019-07-11 01:46:37"},"email":"","mobile":"","nickName":"","origin":"","status":"","userRole":""}]]>
              </value>
            </param>
            <param index="3">
              <value>
                <![CDATA[{"status":200,"errorMsg":null,"data":{"pageNum":1,"pageSize":10,"size":1,"pages":1,"total":1,"list":[{"typeName":"UserAdmin","id":"eef023f445604e7a92f25dd8c1b44c14","username":"SaaS@bitnei.cn","nickName":"bitnei","email":"SaaS@bitnei.cn","mobile":"158****0000","password":"N/A","title":"bitnei","status":"ACTIVE","createBy":"SaaS@bitnei.cn","createTime":"2019-07-05 11:03:31","lastUpdateTime":"2020-09-08 07:03:35","tenant":"bitnei-cn","origin":"REGISTER","admin":true,"super":true}]},"error":false}]]>
              </value>
            </param>
          </params>
          <reporter-output>
          </reporter-output>
        </test-method> <!-- UserInfoQueryData -->
        <test-method status="PASS" signature="UserInfoQueryData(java.lang.String, java.lang.String, java.lang.String, java.lang.String)[pri:0, instance:com.bitnei.apitest.testcases.saas.UserInfoQueryByExcel@473b46c3]" name="UserInfoQueryData" duration-ms="142" started-at="2021-01-15T09:19:00Z" description="saas平台用户查询" data-provider="dp" finished-at="2021-01-15T09:19:00Z">
          <params>
            <param index="0">
              <value>
                <![CDATA[按用户类型查询用户]]>
              </value>
            </param>
            <param index="1">
              <value>
                <![CDATA[/user-center/userInfo/userWithRoles]]>
              </value>
            </param>
            <param index="2">
              <value>
                <![CDATA[{"createTimeRange":{"from":"","to":""},"email":"","mobile":"","nickName":"","origin":"REGISTER","status":"","userRole":""}]]>
              </value>
            </param>
            <param index="3">
              <value>
                <![CDATA[{"status":200,"errorMsg":null,"data":{"pageNum":1,"pageSize":10,"size":1,"pages":1,"total":1,"list":[{"typeName":"UserAdmin","id":"eef023f445604e7a92f25dd8c1b44c14","username":"SaaS@bitnei.cn","nickName":"bitnei","email":"SaaS@bitnei.cn","mobile":"158****0000","password":"N/A","title":"bitnei","status":"ACTIVE","createBy":"SaaS@bitnei.cn","createTime":"2019-07-05 11:03:31","lastUpdateTime":"2020-09-08 07:03:35","tenant":"bitnei-cn","origin":"REGISTER","admin":true,"super":true}]},"error":false}]]>
              </value>
            </param>
          </params>
          <reporter-output>
          </reporter-output>
        </test-method> <!-- UserInfoQueryData -->
        <test-method status="PASS" signature="UserInfoQueryData(java.lang.String, java.lang.String, java.lang.String, java.lang.String)[pri:0, instance:com.bitnei.apitest.testcases.saas.UserInfoQueryByExcel@473b46c3]" name="UserInfoQueryData" duration-ms="128" started-at="2021-01-15T09:19:00Z" description="saas平台用户查询" data-provider="dp" finished-at="2021-01-15T09:19:01Z">
          <params>
            <param index="0">
              <value>
                <![CDATA[按邮箱查询用户]]>
              </value>
            </param>
            <param index="1">
              <value>
                <![CDATA[/user-center/userInfo/userWithRoles]]>
              </value>
            </param>
            <param index="2">
              <value>
                <![CDATA[{"createTimeRange":{"from":"","to":""},"email":"SaaS@bitnei.cn","mobile":"","nickName":"","origin":"","status":"","userRole":""}]]>
              </value>
            </param>
            <param index="3">
              <value>
                <![CDATA[{"status":200,"errorMsg":null,"data":{"pageNum":1,"pageSize":10,"size":1,"pages":1,"total":1,"list":[{"typeName":"UserAdmin","id":"eef023f445604e7a92f25dd8c1b44c14","username":"SaaS@bitnei.cn","nickName":"bitnei","email":"SaaS@bitnei.cn","mobile":"158****0000","password":"N/A","title":"bitnei","status":"ACTIVE","createBy":"SaaS@bitnei.cn","createTime":"2019-07-05 11:03:31","lastUpdateTime":"2020-09-08 07:03:35","tenant":"bitnei-cn","origin":"REGISTER","admin":true,"super":true}]},"error":false}]]>
              </value>
            </param>
          </params>
          <reporter-output>
          </reporter-output>
        </test-method> <!-- UserInfoQueryData -->
        <test-method status="PASS" signature="UserInfoQueryData(java.lang.String, java.lang.String, java.lang.String, java.lang.String)[pri:0, instance:com.bitnei.apitest.testcases.saas.UserInfoQueryByExcel@473b46c3]" name="UserInfoQueryData" duration-ms="182" started-at="2021-01-15T09:19:01Z" description="saas平台用户查询" data-provider="dp" finished-at="2021-01-15T09:19:01Z">
          <params>
            <param index="0">
              <value>
                <![CDATA[按用户角色（超管）查询用户]]>
              </value>
            </param>
            <param index="1">
              <value>
                <![CDATA[/user-center/userInfo/userWithRoles]]>
              </value>
            </param>
            <param index="2">
              <value>
                <![CDATA[{"createTimeRange":{"from":"","to":""},"email":"","mobile":"","nickName":"","origin":"REGISTER","status":"","userRole":"USER_SUPER_ADMIN"}]]>
              </value>
            </param>
            <param index="3">
              <value>
                <![CDATA[{"status":200,"errorMsg":null,"data":{"pageNum":1,"pageSize":10,"size":1,"pages":1,"total":1,"list":[{"typeName":"UserAdmin","id":"eef023f445604e7a92f25dd8c1b44c14","username":"SaaS@bitnei.cn","nickName":"bitnei","email":"SaaS@bitnei.cn","mobile":"158****0000","password":"N/A","title":"bitnei","status":"ACTIVE","createBy":"SaaS@bitnei.cn","createTime":"2019-07-05 11:03:31","lastUpdateTime":"2020-09-08 07:03:35","tenant":"bitnei-cn","origin":"REGISTER","admin":true,"super":true}]},"error":false}]]>
              </value>
            </param>
          </params>
          <reporter-output>
          </reporter-output>
        </test-method> <!-- UserInfoQueryData -->
        <test-method status="PASS" signature="UserInfoQueryData(java.lang.String, java.lang.String, java.lang.String, java.lang.String)[pri:0, instance:com.bitnei.apitest.testcases.saas.UserInfoQueryByExcel@473b46c3]" name="UserInfoQueryData" duration-ms="189" started-at="2021-01-15T09:19:01Z" description="saas平台用户查询" data-provider="dp" finished-at="2021-01-15T09:19:01Z">
          <params>
            <param index="0">
              <value>
                <![CDATA[邀请用户hangang@bitnei.cn已经存在]]>
              </value>
            </param>
            <param index="1">
              <value>
                <![CDATA[/user-center/user/invite]]>
              </value>
            </param>
            <param index="2">
              <value>
                <![CDATA[{"admin":false,"email":"hangang@bitnei.cn","mobile":"13312223333","nickName":"hangang","title":""}]]>
              </value>
            </param>
            <param index="3">
              <value>
                <![CDATA[{"status":400,"errorMsg":"str:用户hangang@bitnei.cn已经存在","data":null,"error":true}]]>
              </value>
            </param>
          </params>
          <reporter-output>
          </reporter-output>
        </test-method> <!-- UserInfoQueryData -->
      </class> <!-- com.bitnei.apitest.testcases.saas.UserInfoQueryByExcel -->
    </test> <!-- SAAS -->
  </suite> <!-- apitest -->
</testng-results>
