<?xml version="1.0" encoding="UTF-8"?>
<testng-results skipped="0" failed="0" ignored="0" total="2" passed="2">
  <reporter-output>
  </reporter-output>
  <suite name="apitest" duration-ms="1654" started-at="2019-03-27T09:59:55Z" finished-at="2019-03-27T09:59:57Z">
    <groups>
    </groups>
    <test name="Default test" duration-ms="1654" started-at="2019-03-27T09:59:55Z" finished-at="2019-03-27T09:59:57Z">
      <class name="com.bitnei.apitest.testcases.saas.UserInfoQueryByExcel">
        <test-method status="PASS" signature="setUp(java.lang.String, java.lang.String)[pri:0, instance:com.bitnei.apitest.testcases.saas.UserInfoQueryByExcel@51b279c9]" name="setUp" is-config="true" duration-ms="1498" started-at="2019-03-27T09:59:55Z" finished-at="2019-03-27T09:59:57Z">
          <params>
            <param index="0">
              <value>
                <![CDATA[http://61.149.8.78:85]]>
              </value>
            </param>
            <param index="1">
              <value>
                <![CDATA[D:\\TEST.xlsx]]>
              </value>
            </param>
          </params>
          <reporter-output>
          </reporter-output>
        </test-method> <!-- setUp -->
        <test-method status="PASS" signature="UserInfoQueryData(java.lang.String, java.lang.String, java.lang.String)[pri:0, instance:com.bitnei.apitest.testcases.saas.UserInfoQueryByExcel@51b279c9]" name="UserInfoQueryData" duration-ms="51" started-at="2019-03-27T09:59:57Z" description="saas平台用户查询" data-provider="dp" finished-at="2019-03-27T09:59:57Z">
          <params>
            <param index="0">
              <value>
                <![CDATA[/userInfo/userWithRoles]]>
              </value>
            </param>
            <param index="1">
              <value>
                <![CDATA[{"nickName":"xiejunjun"}]]>
              </value>
            </param>
            <param index="2">
              <value>
                <![CDATA[{"status":200,"errorMsg":null,"data":[{"id":"5a51de0cc97e48ea8580d46796724a82","username":"xiejunjun@bitnei.cn","nickName":"xiejunjun","email":"xiejunjun@bitnei.cn","mobile":"13122223333","password":null,"title":"","status":"ACTIVE","createBy":"yaomeng@bitnei.cn","createTime":"2019-02-22 06:25:52","lastUpdateTime":"2019-03-08 10:29:02","tenant":"bitnei-cn","origin":"INVITE","admin":false}],"error":false} 09:19:34","endTime":"2019-03-01 09:42:34"}],"error":false}]]>
              </value>
            </param>
          </params>
          <reporter-output>
          </reporter-output>
        </test-method> <!-- UserInfoQueryData -->
        <test-method status="PASS" signature="UserInfoQueryData(java.lang.String, java.lang.String, java.lang.String)[pri:0, instance:com.bitnei.apitest.testcases.saas.UserInfoQueryByExcel@51b279c9]" name="UserInfoQueryData" duration-ms="71" started-at="2019-03-27T09:59:57Z" description="saas平台用户查询" data-provider="dp" finished-at="2019-03-27T09:59:57Z">
          <params>
            <param index="0">
              <value>
                <![CDATA[/userInfo/userWithRoles]]>
              </value>
            </param>
            <param index="1">
              <value>
                <![CDATA[{"createTimeRange":{"from":"","to":""},"email":"xiejunjun@bitnei.cn","mobile":"","nickName":"","origin":"","status":"","userRole":""}]]>
              </value>
            </param>
            <param index="2">
              <value>
                <![CDATA[{"status":200,"errorMsg":null,"data":[{"id":"5a51de0cc97e48ea8580d46796724a82","username":"xiejunjun@bitnei.cn","nickName":"xiejunjun","email":"xiejunjun@bitnei.cn","mobile":"13122223333","password":null,"title":"","status":"ACTIVE","createBy":"yaomeng@bitnei.cn","createTime":"2019-02-22 06:25:52","lastUpdateTime":"2019-03-08 10:29:02","tenant":"bitnei-cn","origin":"INVITE","admin":false}],"error":false} 09:19:34","endTime":"2019-03-01 09:42:34"}],"error":false}]]>
              </value>
            </param>
          </params>
          <reporter-output>
          </reporter-output>
        </test-method> <!-- UserInfoQueryData -->
      </class> <!-- com.bitnei.apitest.testcases.saas.UserInfoQueryByExcel -->
    </test> <!-- Default test -->
  </suite> <!-- apitest -->
</testng-results>
