<?xml version="1.0" encoding="UTF-8"?>
<testng-results skipped="0" failed="0" ignored="0" total="2" passed="2">
  <reporter-output>
  </reporter-output>
  <suite name="apitest" duration-ms="30354" started-at="2021-01-22T07:12:13Z" finished-at="2021-01-22T07:12:43Z">
    <groups>
    </groups>
    <test name="Default test" duration-ms="30354" started-at="2021-01-22T07:12:13Z" finished-at="2021-01-22T07:12:43Z">
      <class name="com.bitnei.selenium.testcase.BackSaasInterface">
        <test-method status="PASS" signature="setUp(java.lang.String, java.lang.String)[pri:0, instance:com.bitnei.selenium.testcase.BackSaasInterface@133e16fd]" name="setUp" is-config="true" duration-ms="666" started-at="2021-01-22T07:12:13Z" finished-at="2021-01-22T07:12:13Z">
          <params>
            <param index="0">
              <value>
                <![CDATA[http://test-back-saas.bitnei.cn]]>
              </value>
            </param>
            <param index="1">
              <value>
                <![CDATA[src/main/resources/DATA.xlsx]]>
              </value>
            </param>
          </params>
          <reporter-output>
          </reporter-output>
        </test-method> <!-- setUp -->
        <test-method status="PASS" signature="InterfaceTest(java.lang.String, java.lang.String, java.lang.String, java.lang.String, java.lang.String)[pri:0, instance:com.bitnei.selenium.testcase.BackSaasInterface@133e16fd]" name="InterfaceTest" duration-ms="14365" started-at="2021-01-22T07:12:13Z" description="验证API接口" data-provider="dp" finished-at="2021-01-22T07:12:28Z">
          <params>
            <param index="0">
              <value>
                <![CDATA[接口信息]]>
              </value>
            </param>
            <param index="1">
              <value>
                <![CDATA[/passport/login]]>
              </value>
            </param>
            <param index="2">
              <value>
                <![CDATA[]]>
              </value>
            </param>
            <param index="3">
              <value>
                <![CDATA[/html/body/app-root/app-sass/div/div/div[2]/ng-component/div/div/div[2]/ng-component/div/div[2]/span[1]]]>
              </value>
            </param>
            <param index="4">
              <value>
                <![CDATA[基本信息]]>
              </value>
            </param>
          </params>
          <reporter-output>
          </reporter-output>
        </test-method> <!-- InterfaceTest -->
        <test-method status="PASS" signature="afterTest()[pri:0, instance:com.bitnei.selenium.testcase.BackSaasInterface@133e16fd]" name="afterTest" is-config="true" duration-ms="1145" started-at="2021-01-22T07:12:28Z" finished-at="2021-01-22T07:12:29Z">
          <reporter-output>
          </reporter-output>
        </test-method> <!-- afterTest -->
        <test-method status="PASS" signature="InterfaceTest(java.lang.String, java.lang.String, java.lang.String, java.lang.String, java.lang.String)[pri:0, instance:com.bitnei.selenium.testcase.BackSaasInterface@133e16fd]" name="InterfaceTest" duration-ms="13032" started-at="2021-01-22T07:12:29Z" description="验证API接口" data-provider="dp" finished-at="2021-01-22T07:12:42Z">
          <params>
            <param index="0">
              <value>
                <![CDATA[接口字段接口类型验证]]>
              </value>
            </param>
            <param index="1">
              <value>
                <![CDATA[/passport/login]]>
              </value>
            </param>
            <param index="2">
              <value>
                <![CDATA[]]>
              </value>
            </param>
            <param index="3">
              <value>
                <![CDATA[/html/body/app-root/app-sass/div/div/div[2]/ng-component/div/div/div[2]/ng-component/div/div[3]/form/nz-form-item[1]/nz-form-label/label]]>
              </value>
            </param>
            <param index="4">
              <value>
                <![CDATA[接口类型]]>
              </value>
            </param>
          </params>
          <reporter-output>
          </reporter-output>
        </test-method> <!-- InterfaceTest -->
        <test-method status="PASS" signature="afterTest()[pri:0, instance:com.bitnei.selenium.testcase.BackSaasInterface@133e16fd]" name="afterTest" is-config="true" duration-ms="1102" started-at="2021-01-22T07:12:42Z" finished-at="2021-01-22T07:12:43Z">
          <reporter-output>
          </reporter-output>
        </test-method> <!-- afterTest -->
      </class> <!-- com.bitnei.selenium.testcase.BackSaasInterface -->
    </test> <!-- Default test -->
  </suite> <!-- apitest -->
</testng-results>
