<?xml version="1.0" encoding="UTF-8"?>
<testng-results skipped="0" failed="0" ignored="0" total="15" passed="15">
  <reporter-output>
  </reporter-output>
  <suite name="apitest" duration-ms="10889" started-at="2019-12-13T08:34:31Z" finished-at="2019-12-13T08:34:42Z">
    <groups>
    </groups>
    <test name="Default test" duration-ms="10889" started-at="2019-12-13T08:34:31Z" finished-at="2019-12-13T08:34:42Z">
      <class name="com.bitnei.apitest.testcases.saas.UserInforRgisterByExcel">
        <test-method status="PASS" signature="setUp(java.lang.String, java.lang.String)[pri:0, instance:com.bitnei.apitest.testcases.saas.UserInforRgisterByExcel@50de0926]" name="setUp" is-config="true" duration-ms="1204" started-at="2019-12-13T08:34:31Z" finished-at="2019-12-13T08:34:32Z">
          <params>
            <param index="0">
              <value>
                <![CDATA[http://test-saas.bitnei.cn]]>
              </value>
            </param>
            <param index="1">
              <value>
                <![CDATA[src/main/resources/TEST.xlsx]]>
              </value>
            </param>
          </params>
          <reporter-output>
          </reporter-output>
        </test-method> <!-- setUp -->
        <test-method status="PASS" signature="UserInfoRgisterData(java.lang.String, java.lang.String, java.lang.String, java.lang.String)[pri:0, instance:com.bitnei.apitest.testcases.saas.UserInforRgisterByExcel@50de0926]" name="UserInfoRgisterData" duration-ms="1722" started-at="2019-12-13T08:34:32Z" description="saas平台" data-provider="dp" finished-at="2019-12-13T08:34:34Z">
          <params>
            <param index="0">
              <value>
                <![CDATA[用户已经存在]]>
              </value>
            </param>
            <param index="1">
              <value>
                <![CDATA[/user-center/user/register]]>
              </value>
            </param>
            <param index="2">
              <value>
                <![CDATA[?email=hangang@bitnei.cn&force=false]]>
              </value>
            </param>
            <param index="3">
              <value>
                <![CDATA[{"status":400,"errorMsg":"str:用户hangang@bitnei.cn已经存在","data":null,"error":true}]]>
              </value>
            </param>
          </params>
          <reporter-output>
          </reporter-output>
        </test-method> <!-- UserInfoRgisterData -->
        <test-method status="PASS" signature="UserInfoRgisterData(java.lang.String, java.lang.String, java.lang.String, java.lang.String)[pri:0, instance:com.bitnei.apitest.testcases.saas.UserInforRgisterByExcel@50de0926]" name="UserInfoRgisterData" duration-ms="192" started-at="2019-12-13T08:34:34Z" description="saas平台" data-provider="dp" finished-at="2019-12-13T08:34:34Z">
          <params>
            <param index="0">
              <value>
                <![CDATA[分组列表搜索]]>
              </value>
            </param>
            <param index="1">
              <value>
                <![CDATA[/user-center/group/list]]>
              </value>
            </param>
            <param index="2">
              <value>
                <![CDATA[?name=test]]>
              </value>
            </param>
            <param index="3">
              <value>
                <![CDATA[{"status":200,"errorMsg":null,"data":[{"id":"40577066f90f411c9811824d2f8edf1f","name":"test","description":"","createBy":"zhanghailong@bitnei.cn","createTime":"1970-01-01 16:39:50","lastUpdateTime":"2019-11-11 16:39:49","tenant":"bitnei-cn"}],"error":false}]]>
              </value>
            </param>
          </params>
          <reporter-output>
          </reporter-output>
        </test-method> <!-- UserInfoRgisterData -->
        <test-method status="PASS" signature="UserInfoRgisterData(java.lang.String, java.lang.String, java.lang.String, java.lang.String)[pri:0, instance:com.bitnei.apitest.testcases.saas.UserInforRgisterByExcel@50de0926]" name="UserInfoRgisterData" duration-ms="294" started-at="2019-12-13T08:34:34Z" description="saas平台" data-provider="dp" finished-at="2019-12-13T08:34:35Z">
          <params>
            <param index="0">
              <value>
                <![CDATA[API管理用户获取TOKEN接口查询]]>
              </value>
            </param>
            <param index="1">
              <value>
                <![CDATA[/api-center/api/getAuthorizedApi]]>
              </value>
            </param>
            <param index="2">
              <value>
                <![CDATA[?apiName=%E7%94%A8%E6%88%B7%E8%8E%B7%E5%8F%96TOKEN%E6%8E%A5%E5%8F%A3&pageNumber=1&pageSize=12]]>
              </value>
            </param>
            <param index="3">
              <value>
                <![CDATA[{"status":200,"errorMsg":null,"data":{"pageNumber":1,"pageSize":12,"totalCount":7,"start":0,"list":[{"id":"1","name":"用户获取TOKEN接口","description":"获取token","strategy":"{\"typeName\":\"ApiThrottleStrategy\",\"apiId\":\"1\",\"tenantId\":\"9c178ab462874ed28e92d245310e719f\",\"frequency\":0,\"maturityDate\":\"2019-12-21\",\"restrictIps\":[],\"expire\":false}","apiThrottleStrategy":{"typeName":"ApiThrottleStrategy","apiId":"1","tenantId":"9c178ab462874ed28e92d245310e719f","frequency":0,"maturityDate":"2019-12-21","restrictIps":[],"expire":false},"type":"2","logo":"iVBORw0KGgoAAAANSUhEUgAAAEYAAABGCAYAAABxLuKEAAAAGXRFWHRTb2Z0d2FyZQBBZG9iZSBJ\nbWFnZVJlYWR5ccllPAAAAyFpVFh0WE1MOmNvbS5hZG9iZS54bXAAAAAAADw/eHBhY2tldCBiZWdp\nbj0i77u/IiBpZD0iVzVNME1wQ2VoaUh6cmVTek5UY3prYzlkIj8+IDx4OnhtcG1ldGEgeG1sbnM6\neD0iYWRvYmU6bnM6bWV0YS8iIHg6eG1wdGs9IkFkb2JlIFhNUCBDb3JlIDUuNS1jMDE0IDc5LjE1\nMTQ4MSwgMjAxMy8wMy8xMy0xMjowOToxNSAgICAgICAgIj4gPHJkZjpSREYgeG1sbnM6cmRmPSJo\ndHRwOi8vd3d3LnczLm9yZy8xOTk5LzAyLzIyLXJkZi1zeW50YXgtbnMjIj4gPHJkZjpEZXNjcmlw\ndGlvbiByZGY6YWJvdXQ9IiIgeG1sbnM6eG1wPSJodHRwOi8vbnMuYWRvYmUuY29tL3hhcC8xLjAv\nIiB4bWxuczp4bXBNTT0iaHR0cDovL25zLmFkb2JlLmNvbS94YXAvMS4wL21tLyIgeG1sbnM6c3RS\nZWY9Imh0dHA6Ly9ucy5hZG9iZS5jb20veGFwLzEuMC9zVHlwZS9SZXNvdXJjZVJlZiMiIHhtcDpD\ncmVhdG9yVG9vbD0iQWRvYmUgUGhvdG9zaG9wIENDIChXaW5kb3dzKSIgeG1wTU06SW5zdGFuY2VJ\nRD0ieG1wLmlpZDo3RTA4RjZGREVDM0UxMUU2QjlDQUIyNUIzMDIwN0MwRiIgeG1wTU06RG9jdW1l\nbnRJRD0ieG1wLmRpZDo3RTA4RjZGRUVDM0UxMUU2QjlDQUIyNUIzMDIwN0MwRiI+IDx4bXBNTTpE\nZXJpdmVkRnJvbSBzdFJlZjppbnN0YW5jZUlEPSJ4bXAuaWlkOjdFMDhGNkZCRUMzRTExRTZCOUNB\nQjI1QjMwMjA3QzBGIiBzdFJlZjpkb2N1bWVudElEPSJ4bXAuZGlkOjdFMDhGNkZDRUMzRTExRTZC\nOUNBQjI1QjMwMjA3QzBGIi8+IDwvcmRmOkRlc2NyaXB0aW9uPiA8L3JkZjpSREY+IDwveDp4bXBt\nZXRhPiA8P3hwYWNrZXQgZW5kPSJyIj8+YQLNsQAAAq1JREFUeNrsmT1oFEEYhnflarXQQghaaCT+\nYNQEBBtFgz+kMNqKnhxBiYWlGFBzwSb+dWoUVFSwEcSAJkbRiIVgRBEsTVALO9NELRSE9Rn4hGW9\n3Bl3j927ez94GEKWudtnXmY+bvwgCDzV3zVHCiRGYiRGYiRGYiRGYiRGYiRGJTESIzESIzESIzES\nIzES06CVq/TApWND0fsVH4JNOza48SOsgxEowCm4ALvhFSyBHzAFrTAKB+Ek3IRt8BaWwgS0wzDk\n4TSch/3wCFbDNHyHlTZXD/TCLdgOb6AZ3kMbPINdcMU+8zDch7WrNi8qlntvv9K9UlTM3neD/u01\nPYEbs7ran4/eqPgMYuIlxhIy0xcolZiLocQshp/wxRLzEA7Z6l2HnSUSM2IpOQvnYB88tpR8hW/u\nvUJzHS+RGDfXehiDPTBon+kS9sC+S3+sxETS4xLjWWKyGhg/icTMevPNbZ3O9KaJFJfwSZgLry21\nw7bnXIUu6Iu9+ZYRlNoe8+vpvBn/13TmgJOzzP5st7HTxm4bh6omxp1MaUj51HavwNpnb48Z65jy\ntjxZEOQXDqS2hyAn9iRJnEolK9/a7ffnOtPoYwpJ9DFQrEpi3DjblUZkZjbpxE+l/y2kuJ6kA+5A\nC4yD20U/WK/kTpL58ALc5nkXNsJlS+AJOGKJ+TOXe2Y5vLS5Jm2uCTuVXIKaQqfSNTuVihVXMUYf\n0/Cdr6fOV52vOt/Mdr7lutc4VdOdLw3aCtavvvaYhDrfRLrXeux8W9L+BS/tzjdT3W6iiXEyYnS7\nvV5Gf/ONnZiomFBi/H+UU5+JiZ4+SPFDL9y4nW+F65OarardEjwfHQ9qW0yXn9ip1EilK1qJkRiJ\nkRiJkRiJkRiJkRiJUUmMxEiMxEiMxEiMxEhM3ddvAQYATJSOLBcyLw8AAAAASUVORK5CYII="}]},"error":false}]]>
              </value>
            </param>
          </params>
          <reporter-output>
          </reporter-output>
        </test-method> <!-- UserInfoRgisterData -->
        <test-method status="PASS" signature="UserInfoRgisterData(java.lang.String, java.lang.String, java.lang.String, java.lang.String)[pri:0, instance:com.bitnei.apitest.testcases.saas.UserInforRgisterByExcel@50de0926]" name="UserInfoRgisterData" duration-ms="3257" started-at="2019-12-13T08:34:35Z" description="saas平台" data-provider="dp" finished-at="2019-12-13T08:34:38Z">
          <params>
            <param index="0">
              <value>
                <![CDATA[单车画像查询]]>
              </value>
            </param>
            <param index="1">
              <value>
                <![CDATA[/vehicle-info/portrait/getVehiclePortrait/LNBSCC3H4HF327175]]>
              </value>
            </param>
            <param index="2">
              <value>
                <![CDATA[?modelName=BJ7000C5E7-BEV]]>
              </value>
            </param>
            <param index="3">
              <value>
                <![CDATA[{"status":200,"errorMsg":null,"data":{"portraitChargeMonth":{"vin":"LNBSCC3H4HF327175","modelName":"BJ7000C5E7-BEV","chargeTimes":68,"chargeQuick":17,"chargeSlow":51,"halfPriceTimes":46,"avgStartSoc":36.46,"avgEndSoc":71.53,"avgChargeTime":"1小时36分钟"},"portraitReduceMonth":{"vin":"LNBSCC3H4HF327175","modelName":"BJ7000C5E7-BEV","reducePercent":7.3,"reduceScore":78.1,"leftMonth":61.1,"actualDriveRange":253.3,"power100km":16.8,"createDate":"2019-06-25"},"portraitStaticMonth":{"vin":"LNBSCC3H4HF327175","modelName":"BJ7000C5E7-BEV","brand":"北汽新能源","level":"A","powerType":"BEV","driveRange":"300.0","cityDept":"北京市","dictName":"出租乘用车","dashboardMileage":"115884.0","createDate":"2019-06-27","detailModel":"EU260"},"portraitRunMonth":{"vin":"LNBSCC3H4HF327175","modelName":"BJ7000C5E7-BEV","runDays":27,"runTimes":145,"soc20Times":23,"runMileage":6512.0,"peakTimes":40,"maxSpeed":105.2,"createDate":"2019-06-26"},"modelCapacityCurveList":[{"boxKey":"BJ7000C5E7-BEV","mil":0.0,"vol":"127.8"},{"boxKey":"BJ7000C5E7-BEV","mil":5000.0,"vol":"127.5"},{"boxKey":"BJ7000C5E7-BEV","mil":10000.0,"vol":"127.2"},{"boxKey":"BJ7000C5E7-BEV","mil":15000.0,"vol":"126.9"},{"boxKey":"BJ7000C5E7-BEV","mil":20000.0,"vol":"126.6"},{"boxKey":"BJ7000C5E7-BEV","mil":25000.0,"vol":"126.3"},{"boxKey":"BJ7000C5E7-BEV","mil":30000.0,"vol":"126.0"},{"boxKey":"BJ7000C5E7-BEV","mil":35000.0,"vol":"125.7"},{"boxKey":"BJ7000C5E7-BEV","mil":40000.0,"vol":"125.4"},{"boxKey":"BJ7000C5E7-BEV","mil":45000.0,"vol":"125.0"},{"boxKey":"BJ7000C5E7-BEV","mil":50000.0,"vol":"124.7"},{"boxKey":"BJ7000C5E7-BEV","mil":55000.0,"vol":"124.4"},{"boxKey":"BJ7000C5E7-BEV","mil":60000.0,"vol":"124.1"},{"boxKey":"BJ7000C5E7-BEV","mil":65000.0,"vol":"123.8"},{"boxKey":"BJ7000C5E7-BEV","mil":70000.0,"vol":"123.5"},{"boxKey":"BJ7000C5E7-BEV","mil":75000.0,"vol":"123.2"},{"boxKey":"BJ7000C5E7-BEV","mil":80000.0,"vol":"122.9"},{"boxKey":"BJ7000C5E7-BEV","mil":85000.0,"vol":"122.6"},{"boxKey":"BJ7000C5E7-BEV","mil":90000.0,"vol":"122.3"},{"boxKey":"BJ7000C5E7-BEV","mil":95000.0,"vol":"122.0"},{"boxKey":"BJ7000C5E7-BEV","mil":100000.0,"vol":"121.7"},{"boxKey":"BJ7000C5E7-BEV","mil":105000.0,"vol":"121.4"},{"boxKey":"BJ7000C5E7-BEV","mil":110000.0,"vol":"121.1"},{"boxKey":"BJ7000C5E7-BEV","mil":115000.0,"vol":"120.7"},{"boxKey":"BJ7000C5E7-BEV","mil":120000.0,"vol":"120.4"},{"boxKey":"BJ7000C5E7-BEV","mil":125000.0,"vol":"120.1"},{"boxKey":"BJ7000C5E7-BEV","mil":130000.0,"vol":"119.8"},{"boxKey":"BJ7000C5E7-BEV","mil":135000.0,"vol":"119.5"},{"boxKey":"BJ7000C5E7-BEV","mil":140000.0,"vol":"119.2"},{"boxKey":"BJ7000C5E7-BEV","mil":145000.0,"vol":"118.9"},{"boxKey":"BJ7000C5E7-BEV","mil":150000.0,"vol":"118.6"},{"boxKey":"BJ7000C5E7-BEV","mil":155000.0,"vol":"118.3"},{"boxKey":"BJ7000C5E7-BEV","mil":160000.0,"vol":"118.0"},{"boxKey":"BJ7000C5E7-BEV","mil":165000.0,"vol":"117.7"},{"boxKey":"BJ7000C5E7-BEV","mil":170000.0,"vol":"117.4"},{"boxKey":"BJ7000C5E7-BEV","mil":175000.0,"vol":"117.1"},{"boxKey":"BJ7000C5E7-BEV","mil":180000.0,"vol":"116.8"},{"boxKey":"BJ7000C5E7-BEV","mil":185000.0,"vol":"116.4"},{"boxKey":"BJ7000C5E7-BEV","mil":190000.0,"vol":"116.1"},{"boxKey":"BJ7000C5E7-BEV","mil":195000.0,"vol":"115.8"},{"boxKey":"BJ7000C5E7-BEV","mil":200000.0,"vol":"115.5"},{"boxKey":"BJ7000C5E7-BEV","mil":205000.0,"vol":"115.2"},{"boxKey":"BJ7000C5E7-BEV","mil":210000.0,"vol":"114.9"},{"boxKey":"BJ7000C5E7-BEV","mil":215000.0,"vol":"114.6"},{"boxKey":"BJ7000C5E7-BEV","mil":220000.0,"vol":"114.3"},{"boxKey":"BJ7000C5E7-BEV","mil":225000.0,"vol":"114.0"},{"boxKey":"BJ7000C5E7-BEV","mil":230000.0,"vol":"113.7"},{"boxKey":"BJ7000C5E7-BEV","mil":235000.0,"vol":"113.4"},{"boxKey":"BJ7000C5E7-BEV","mil":240000.0,"vol":"113.1"},{"boxKey":"BJ7000C5E7-BEV","mil":245000.0,"vol":"112.8"},{"boxKey":"BJ7000C5E7-BEV","mil":250000.0,"vol":"112.5"},{"boxKey":"BJ7000C5E7-BEV","mil":255000.0,"vol":"112.1"},{"boxKey":"BJ7000C5E7-BEV","mil":260000.0,"vol":"111.8"},{"boxKey":"BJ7000C5E7-BEV","mil":265000.0,"vol":"111.5"},{"boxKey":"BJ7000C5E7-BEV","mil":270000.0,"vol":"111.2"},{"boxKey":"BJ7000C5E7-BEV","mil":275000.0,"vol":"110.9"},{"boxKey":"BJ7000C5E7-BEV","mil":280000.0,"vol":"110.6"},{"boxKey":"BJ7000C5E7-BEV","mil":285000.0,"vol":"110.3"},{"boxKey":"BJ7000C5E7-BEV","mil":290000.0,"vol":"110.0"},{"boxKey":"BJ7000C5E7-BEV","mil":295000.0,"vol":"109.7"},{"boxKey":"BJ7000C5E7-BEV","mil":300000.0,"vol":"109.4"},{"boxKey":"BJ7000C5E7-BEV","mil":305000.0,"vol":"109.1"},{"boxKey":"BJ7000C5E7-BEV","mil":310000.0,"vol":"108.8"},{"boxKey":"BJ7000C5E7-BEV","mil":315000.0,"vol":"108.5"},{"boxKey":"BJ7000C5E7-BEV","mil":320000.0,"vol":"108.2"},{"boxKey":"BJ7000C5E7-BEV","mil":325000.0,"vol":"107.8"},{"boxKey":"BJ7000C5E7-BEV","mil":330000.0,"vol":"107.5"},{"boxKey":"BJ7000C5E7-BEV","mil":335000.0,"vol":"107.2"},{"boxKey":"BJ7000C5E7-BEV","mil":340000.0,"vol":"106.9"},{"boxKey":"BJ7000C5E7-BEV","mil":345000.0,"vol":"106.6"},{"boxKey":"BJ7000C5E7-BEV","mil":350000.0,"vol":"106.3"},{"boxKey":"BJ7000C5E7-BEV","mil":355000.0,"vol":"106.0"},{"boxKey":"BJ7000C5E7-BEV","mil":360000.0,"vol":"105.7"},{"boxKey":"BJ7000C5E7-BEV","mil":365000.0,"vol":"105.4"},{"boxKey":"BJ7000C5E7-BEV","mil":370000.0,"vol":"105.1"},{"boxKey":"BJ7000C5E7-BEV","mil":375000.0,"vol":"104.8"},{"boxKey":"BJ7000C5E7-BEV","mil":380000.0,"vol":"104.5"},{"boxKey":"BJ7000C5E7-BEV","mil":385000.0,"vol":"104.2"},{"boxKey":"BJ7000C5E7-BEV","mil":390000.0,"vol":"103.9"},{"boxKey":"BJ7000C5E7-BEV","mil":395000.0,"vol":"103.5"},{"boxKey":"BJ7000C5E7-BEV","mil":400000.0,"vol":"103.2"},{"boxKey":"BJ7000C5E7-BEV","mil":405000.0,"vol":"102.9"},{"boxKey":"BJ7000C5E7-BEV","mil":410000.0,"vol":"102.6"},{"boxKey":"BJ7000C5E7-BEV","mil":415000.0,"vol":"102.3"}],"vehicleCapacityCurveList":[{"boxKey":"LNBSCC3H4HF327175","mil":0.0,"vol":"124.3"},{"boxKey":"LNBSCC3H4HF327175","mil":5000.0,"vol":"123.9"},{"boxKey":"LNBSCC3H4HF327175","mil":10000.0,"vol":"123.6"},{"boxKey":"LNBSCC3H4HF327175","mil":15000.0,"vol":"123.3"},{"boxKey":"LNBSCC3H4HF327175","mil":20000.0,"vol":"122.9"},{"boxKey":"LNBSCC3H4HF327175","mil":25000.0,"vol":"122.6"},{"boxKey":"LNBSCC3H4HF327175","mil":30000.0,"vol":"122.2"},{"boxKey":"LNBSCC3H4HF327175","mil":35000.0,"vol":"121.9"},{"boxKey":"LNBSCC3H4HF327175","mil":40000.0,"vol":"121.6"},{"boxKey":"LNBSCC3H4HF327175","mil":45000.0,"vol":"121.2"},{"boxKey":"LNBSCC3H4HF327175","mil":50000.0,"vol":"120.9"},{"boxKey":"LNBSCC3H4HF327175","mil":55000.0,"vol":"120.5"},{"boxKey":"LNBSCC3H4HF327175","mil":60000.0,"vol":"120.2"},{"boxKey":"LNBSCC3H4HF327175","mil":65000.0,"vol":"119.9"},{"boxKey":"LNBSCC3H4HF327175","mil":70000.0,"vol":"119.5"},{"boxKey":"LNBSCC3H4HF327175","mil":75000.0,"vol":"119.2"},{"boxKey":"LNBSCC3H4HF327175","mil":80000.0,"vol":"118.8"},{"boxKey":"LNBSCC3H4HF327175","mil":85000.0,"vol":"118.5"},{"boxKey":"LNBSCC3H4HF327175","mil":90000.0,"vol":"118.2"},{"boxKey":"LNBSCC3H4HF327175","mil":95000.0,"vol":"117.8"},{"boxKey":"LNBSCC3H4HF327175","mil":100000.0,"vol":"117.5"},{"boxKey":"LNBSCC3H4HF327175","mil":105000.0,"vol":"117.1"},{"boxKey":"LNBSCC3H4HF327175","mil":110000.0,"vol":"116.8"},{"boxKey":"LNBSCC3H4HF327175","mil":115000.0,"vol":"116.5"},{"boxKey":"LNBSCC3H4HF327175","mil":120000.0,"vol":"116.1"},{"boxKey":"LNBSCC3H4HF327175","mil":125000.0,"vol":"115.8"},{"boxKey":"LNBSCC3H4HF327175","mil":130000.0,"vol":"115.4"},{"boxKey":"LNBSCC3H4HF327175","mil":135000.0,"vol":"115.1"},{"boxKey":"LNBSCC3H4HF327175","mil":140000.0,"vol":"114.8"},{"boxKey":"LNBSCC3H4HF327175","mil":145000.0,"vol":"114.4"},{"boxKey":"LNBSCC3H4HF327175","mil":150000.0,"vol":"114.1"},{"boxKey":"LNBSCC3H4HF327175","mil":155000.0,"vol":"113.7"},{"boxKey":"LNBSCC3H4HF327175","mil":160000.0,"vol":"113.4"},{"boxKey":"LNBSCC3H4HF327175","mil":165000.0,"vol":"113.1"},{"boxKey":"LNBSCC3H4HF327175","mil":170000.0,"vol":"112.7"},{"boxKey":"LNBSCC3H4HF327175","mil":175000.0,"vol":"112.4"},{"boxKey":"LNBSCC3H4HF327175","mil":180000.0,"vol":"112.0"},{"boxKey":"LNBSCC3H4HF327175","mil":185000.0,"vol":"111.7"},{"boxKey":"LNBSCC3H4HF327175","mil":190000.0,"vol":"111.4"},{"boxKey":"LNBSCC3H4HF327175","mil":195000.0,"vol":"111.0"},{"boxKey":"LNBSCC3H4HF327175","mil":200000.0,"vol":"110.7"},{"boxKey":"LNBSCC3H4HF327175","mil":205000.0,"vol":"110.3"},{"boxKey":"LNBSCC3H4HF327175","mil":210000.0,"vol":"110.0"},{"boxKey":"LNBSCC3H4HF327175","mil":215000.0,"vol":"109.6"},{"boxKey":"LNBSCC3H4HF327175","mil":220000.0,"vol":"109.3"},{"boxKey":"LNBSCC3H4HF327175","mil":225000.0,"vol":"109.0"},{"boxKey":"LNBSCC3H4HF327175","mil":230000.0,"vol":"108.6"},{"boxKey":"LNBSCC3H4HF327175","mil":235000.0,"vol":"108.3"},{"boxKey":"LNBSCC3H4HF327175","mil":240000.0,"vol":"107.9"},{"boxKey":"LNBSCC3H4HF327175","mil":245000.0,"vol":"107.6"},{"boxKey":"LNBSCC3H4HF327175","mil":250000.0,"vol":"107.3"},{"boxKey":"LNBSCC3H4HF327175","mil":255000.0,"vol":"106.9"},{"boxKey":"LNBSCC3H4HF327175","mil":260000.0,"vol":"106.6"},{"boxKey":"LNBSCC3H4HF327175","mil":265000.0,"vol":"106.2"},{"boxKey":"LNBSCC3H4HF327175","mil":270000.0,"vol":"105.9"},{"boxKey":"LNBSCC3H4HF327175","mil":275000.0,"vol":"105.6"},{"boxKey":"LNBSCC3H4HF327175","mil":280000.0,"vol":"105.2"},{"boxKey":"LNBSCC3H4HF327175","mil":285000.0,"vol":"104.9"},{"boxKey":"LNBSCC3H4HF327175","mil":290000.0,"vol":"104.5"},{"boxKey":"LNBSCC3H4HF327175","mil":295000.0,"vol":"104.2"},{"boxKey":"LNBSCC3H4HF327175","mil":300000.0,"vol":"103.9"},{"boxKey":"LNBSCC3H4HF327175","mil":305000.0,"vol":"103.5"},{"boxKey":"LNBSCC3H4HF327175","mil":310000.0,"vol":"103.2"},{"boxKey":"LNBSCC3H4HF327175","mil":315000.0,"vol":"102.8"},{"boxKey":"LNBSCC3H4HF327175","mil":320000.0,"vol":"102.5"},{"boxKey":"LNBSCC3H4HF327175","mil":325000.0,"vol":"102.2"},{"boxKey":"LNBSCC3H4HF327175","mil":330000.0,"vol":"101.8"},{"boxKey":"LNBSCC3H4HF327175","mil":335000.0,"vol":"101.5"},{"boxKey":"LNBSCC3H4HF327175","mil":340000.0,"vol":"101.1"},{"boxKey":"LNBSCC3H4HF327175","mil":345000.0,"vol":"100.8"},{"boxKey":"LNBSCC3H4HF327175","mil":350000.0,"vol":"100.5"},{"boxKey":"LNBSCC3H4HF327175","mil":355000.0,"vol":"100.1"},{"boxKey":"LNBSCC3H4HF327175","mil":360000.0,"vol":"99.8"},{"boxKey":"LNBSCC3H4HF327175","mil":365000.0,"vol":"99.4"}]},"error":false}]]>
              </value>
            </param>
          </params>
          <reporter-output>
          </reporter-output>
        </test-method> <!-- UserInfoRgisterData -->
        <test-method status="PASS" signature="UserInfoRgisterData(java.lang.String, java.lang.String, java.lang.String, java.lang.String)[pri:0, instance:com.bitnei.apitest.testcases.saas.UserInforRgisterByExcel@50de0926]" name="UserInfoRgisterData" duration-ms="1869" started-at="2019-12-13T08:34:38Z" description="saas平台" data-provider="dp" finished-at="2019-12-13T08:34:40Z">
          <params>
            <param index="0">
              <value>
                <![CDATA[车型画像查询]]>
              </value>
            </param>
            <param index="1">
              <value>
                <![CDATA[/vehicle-info/portrait/getModelPortrait]]>
              </value>
            </param>
            <param index="2">
              <value>
                <![CDATA[?modelName=BJ7000C5E7-BEV]]>
              </value>
            </param>
            <param index="3">
              <value>
                <![CDATA[{"status":200,"errorMsg":null,"data":{"modelPortrait":{"model_name":"BJ7000C5E7-BEV","avg_charge_times_month":22.0,"quick_percent_month":72,"avg_start_soc":34,"avg_end_soc":76,"avg_charge_time_length":"0h54min","half_price_times":79,"city_percent":"昆明市:31_北京市:27_其他:42","cars_nu":3430,"dict_percent":"公务乘用车:72_出租乘用车:26_其他:2","active_percent":100,"avg_run_mileage_month":4812.5,"start_soc_20_less_percent":1,"holiday_percent":32,"avg_run_days_month":21.0,"avg_run_times_month":132.0,"run_100km_more_percent":8,"run_20km_less_percent":47,"workday_percent":68,"material":"三元","produce_date":"2017","cell_enterprise":"CATL","power_amount":"","veh_level":"紧凑型车","power_type":"BEV","drive_range_ev":"300","brand":"北京","power_100km":"16.4","reduce_percent":"2.33","actual_drive_range":"230","prediction_life_time":"46.21","avg_alarm_level1_2_3_nu_month":"三级:1_二级:1_一级:1","avg_bat_fault_nu_month":null,"avg_bat_fault_nu_month_num":"3","alarm_name_percent":"制动系统报警:22_SOC低报警:67","avg_alarm_nu_month":null},"modelCapacityCurveList":[{"boxKey":"BJ7000C5E7-BEV","mil":0.0,"vol":"127.8"},{"boxKey":"BJ7000C5E7-BEV","mil":5000.0,"vol":"127.5"},{"boxKey":"BJ7000C5E7-BEV","mil":10000.0,"vol":"127.2"},{"boxKey":"BJ7000C5E7-BEV","mil":15000.0,"vol":"126.9"},{"boxKey":"BJ7000C5E7-BEV","mil":20000.0,"vol":"126.6"},{"boxKey":"BJ7000C5E7-BEV","mil":25000.0,"vol":"126.3"},{"boxKey":"BJ7000C5E7-BEV","mil":30000.0,"vol":"126.0"},{"boxKey":"BJ7000C5E7-BEV","mil":35000.0,"vol":"125.7"},{"boxKey":"BJ7000C5E7-BEV","mil":40000.0,"vol":"125.4"},{"boxKey":"BJ7000C5E7-BEV","mil":45000.0,"vol":"125.0"},{"boxKey":"BJ7000C5E7-BEV","mil":50000.0,"vol":"124.7"},{"boxKey":"BJ7000C5E7-BEV","mil":55000.0,"vol":"124.4"},{"boxKey":"BJ7000C5E7-BEV","mil":60000.0,"vol":"124.1"},{"boxKey":"BJ7000C5E7-BEV","mil":65000.0,"vol":"123.8"},{"boxKey":"BJ7000C5E7-BEV","mil":70000.0,"vol":"123.5"},{"boxKey":"BJ7000C5E7-BEV","mil":75000.0,"vol":"123.2"},{"boxKey":"BJ7000C5E7-BEV","mil":80000.0,"vol":"122.9"},{"boxKey":"BJ7000C5E7-BEV","mil":85000.0,"vol":"122.6"},{"boxKey":"BJ7000C5E7-BEV","mil":90000.0,"vol":"122.3"},{"boxKey":"BJ7000C5E7-BEV","mil":95000.0,"vol":"122.0"},{"boxKey":"BJ7000C5E7-BEV","mil":100000.0,"vol":"121.7"},{"boxKey":"BJ7000C5E7-BEV","mil":105000.0,"vol":"121.4"},{"boxKey":"BJ7000C5E7-BEV","mil":110000.0,"vol":"121.1"},{"boxKey":"BJ7000C5E7-BEV","mil":115000.0,"vol":"120.7"},{"boxKey":"BJ7000C5E7-BEV","mil":120000.0,"vol":"120.4"},{"boxKey":"BJ7000C5E7-BEV","mil":125000.0,"vol":"120.1"},{"boxKey":"BJ7000C5E7-BEV","mil":130000.0,"vol":"119.8"},{"boxKey":"BJ7000C5E7-BEV","mil":135000.0,"vol":"119.5"},{"boxKey":"BJ7000C5E7-BEV","mil":140000.0,"vol":"119.2"},{"boxKey":"BJ7000C5E7-BEV","mil":145000.0,"vol":"118.9"},{"boxKey":"BJ7000C5E7-BEV","mil":150000.0,"vol":"118.6"},{"boxKey":"BJ7000C5E7-BEV","mil":155000.0,"vol":"118.3"},{"boxKey":"BJ7000C5E7-BEV","mil":160000.0,"vol":"118.0"},{"boxKey":"BJ7000C5E7-BEV","mil":165000.0,"vol":"117.7"},{"boxKey":"BJ7000C5E7-BEV","mil":170000.0,"vol":"117.4"},{"boxKey":"BJ7000C5E7-BEV","mil":175000.0,"vol":"117.1"},{"boxKey":"BJ7000C5E7-BEV","mil":180000.0,"vol":"116.8"},{"boxKey":"BJ7000C5E7-BEV","mil":185000.0,"vol":"116.4"},{"boxKey":"BJ7000C5E7-BEV","mil":190000.0,"vol":"116.1"},{"boxKey":"BJ7000C5E7-BEV","mil":195000.0,"vol":"115.8"},{"boxKey":"BJ7000C5E7-BEV","mil":200000.0,"vol":"115.5"},{"boxKey":"BJ7000C5E7-BEV","mil":205000.0,"vol":"115.2"},{"boxKey":"BJ7000C5E7-BEV","mil":210000.0,"vol":"114.9"},{"boxKey":"BJ7000C5E7-BEV","mil":215000.0,"vol":"114.6"},{"boxKey":"BJ7000C5E7-BEV","mil":220000.0,"vol":"114.3"},{"boxKey":"BJ7000C5E7-BEV","mil":225000.0,"vol":"114.0"},{"boxKey":"BJ7000C5E7-BEV","mil":230000.0,"vol":"113.7"},{"boxKey":"BJ7000C5E7-BEV","mil":235000.0,"vol":"113.4"},{"boxKey":"BJ7000C5E7-BEV","mil":240000.0,"vol":"113.1"},{"boxKey":"BJ7000C5E7-BEV","mil":245000.0,"vol":"112.8"},{"boxKey":"BJ7000C5E7-BEV","mil":250000.0,"vol":"112.5"},{"boxKey":"BJ7000C5E7-BEV","mil":255000.0,"vol":"112.1"},{"boxKey":"BJ7000C5E7-BEV","mil":260000.0,"vol":"111.8"},{"boxKey":"BJ7000C5E7-BEV","mil":265000.0,"vol":"111.5"},{"boxKey":"BJ7000C5E7-BEV","mil":270000.0,"vol":"111.2"},{"boxKey":"BJ7000C5E7-BEV","mil":275000.0,"vol":"110.9"},{"boxKey":"BJ7000C5E7-BEV","mil":280000.0,"vol":"110.6"},{"boxKey":"BJ7000C5E7-BEV","mil":285000.0,"vol":"110.3"},{"boxKey":"BJ7000C5E7-BEV","mil":290000.0,"vol":"110.0"},{"boxKey":"BJ7000C5E7-BEV","mil":295000.0,"vol":"109.7"},{"boxKey":"BJ7000C5E7-BEV","mil":300000.0,"vol":"109.4"},{"boxKey":"BJ7000C5E7-BEV","mil":305000.0,"vol":"109.1"},{"boxKey":"BJ7000C5E7-BEV","mil":310000.0,"vol":"108.8"},{"boxKey":"BJ7000C5E7-BEV","mil":315000.0,"vol":"108.5"},{"boxKey":"BJ7000C5E7-BEV","mil":320000.0,"vol":"108.2"},{"boxKey":"BJ7000C5E7-BEV","mil":325000.0,"vol":"107.8"},{"boxKey":"BJ7000C5E7-BEV","mil":330000.0,"vol":"107.5"},{"boxKey":"BJ7000C5E7-BEV","mil":335000.0,"vol":"107.2"},{"boxKey":"BJ7000C5E7-BEV","mil":340000.0,"vol":"106.9"},{"boxKey":"BJ7000C5E7-BEV","mil":345000.0,"vol":"106.6"},{"boxKey":"BJ7000C5E7-BEV","mil":350000.0,"vol":"106.3"},{"boxKey":"BJ7000C5E7-BEV","mil":355000.0,"vol":"106.0"},{"boxKey":"BJ7000C5E7-BEV","mil":360000.0,"vol":"105.7"},{"boxKey":"BJ7000C5E7-BEV","mil":365000.0,"vol":"105.4"},{"boxKey":"BJ7000C5E7-BEV","mil":370000.0,"vol":"105.1"},{"boxKey":"BJ7000C5E7-BEV","mil":375000.0,"vol":"104.8"},{"boxKey":"BJ7000C5E7-BEV","mil":380000.0,"vol":"104.5"},{"boxKey":"BJ7000C5E7-BEV","mil":385000.0,"vol":"104.2"},{"boxKey":"BJ7000C5E7-BEV","mil":390000.0,"vol":"103.9"},{"boxKey":"BJ7000C5E7-BEV","mil":395000.0,"vol":"103.5"},{"boxKey":"BJ7000C5E7-BEV","mil":400000.0,"vol":"103.2"},{"boxKey":"BJ7000C5E7-BEV","mil":405000.0,"vol":"102.9"},{"boxKey":"BJ7000C5E7-BEV","mil":410000.0,"vol":"102.6"},{"boxKey":"BJ7000C5E7-BEV","mil":415000.0,"vol":"102.3"}]},"error":false}]]>
              </value>
            </param>
          </params>
          <reporter-output>
          </reporter-output>
        </test-method> <!-- UserInfoRgisterData -->
        <test-method status="PASS" signature="UserInfoRgisterData(java.lang.String, java.lang.String, java.lang.String, java.lang.String)[pri:0, instance:com.bitnei.apitest.testcases.saas.UserInforRgisterByExcel@50de0926]" name="UserInfoRgisterData" duration-ms="169" started-at="2019-12-13T08:34:40Z" description="saas平台" data-provider="dp" finished-at="2019-12-13T08:34:40Z">
          <params>
            <param index="0">
              <value>
                <![CDATA[单车画像列表查询]]>
              </value>
            </param>
            <param index="1">
              <value>
                <![CDATA[/vehicle-info/portrait/list]]>
              </value>
            </param>
            <param index="2">
              <value>
                <![CDATA[]]>
              </value>
            </param>
            <param index="3">
              <value>
                <![CDATA[{"status":200,"errorMsg":null,"data":[{"brand":"北汽新能源","capital":"B"},{"brand":"东风汽车","capital":"D"},{"brand":"吉利汽车","capital":"J"},{"brand":"猎豹汽车","capital":"L"},{"brand":"腾势汽车","capital":"T"}],"error":false}]]>
              </value>
            </param>
          </params>
          <reporter-output>
          </reporter-output>
        </test-method> <!-- UserInfoRgisterData -->
        <test-method status="PASS" signature="UserInfoRgisterData(java.lang.String, java.lang.String, java.lang.String, java.lang.String)[pri:0, instance:com.bitnei.apitest.testcases.saas.UserInforRgisterByExcel@50de0926]" name="UserInfoRgisterData" duration-ms="138" started-at="2019-12-13T08:34:40Z" description="saas平台" data-provider="dp" finished-at="2019-12-13T08:34:40Z">
          <params>
            <param index="0">
              <value>
                <![CDATA[单车画像列表厂商查询]]>
              </value>
            </param>
            <param index="1">
              <value>
                <![CDATA[/vehicle-info/portrait/getVehicleModel]]>
              </value>
            </param>
            <param index="2">
              <value>
                <![CDATA[?brand=%E5%8C%97%E6%B1%BD%E6%96%B0%E8%83%BD%E6%BA%90]]>
              </value>
            </param>
            <param index="3">
              <value>
                <![CDATA[{"status":200,"errorMsg":null,"data":[{"commonName":"EU260"}],"error":false}]]>
              </value>
            </param>
          </params>
          <reporter-output>
          </reporter-output>
        </test-method> <!-- UserInfoRgisterData -->
        <test-method status="PASS" signature="UserInfoRgisterData(java.lang.String, java.lang.String, java.lang.String, java.lang.String)[pri:0, instance:com.bitnei.apitest.testcases.saas.UserInforRgisterByExcel@50de0926]" name="UserInfoRgisterData" duration-ms="109" started-at="2019-12-13T08:34:40Z" description="saas平台" data-provider="dp" finished-at="2019-12-13T08:34:40Z">
          <params>
            <param index="0">
              <value>
                <![CDATA[单车画像列表厂商车型查询]]>
              </value>
            </param>
            <param index="1">
              <value>
                <![CDATA[/vehicle-info/portrait/getLicensePlate]]>
              </value>
            </param>
            <param index="2">
              <value>
                <![CDATA[?commonName=EU260]]>
              </value>
            </param>
            <param index="3">
              <value>
                <![CDATA[{"status":200,"errorMsg":null,"data":[{"licensePlate":"京BZ8342","vin":"LNBSCC3H4HF327175","vehModelName":"BJ7000C5E7-BEV"},{"licensePlate":"京BZC078","vin":"LNBSCC3H3HF328981","vehModelName":"BJ7000C5E7-BEV"},{"licensePlate":"贵BU2969","vin":"LNBSCC3HXHF328878","vehModelName":"BJ7000C5E7-BEV"},{"licensePlate":"贵BU2980","vin":"LNBSCC3H8HF329009","vehModelName":"BJ7000C5E7-BEV"},{"licensePlate":"京BZ8256","vin":"LNBSCC3HXHF327066","vehModelName":"BJ7000C5E7-BEV"},{"licensePlate":"贵BU2929","vin":"LNBSCC3H6HF328974","vehModelName":"BJ7000C5E7-BEV"},{"licensePlate":"京BZC001","vin":"LNBSCC3H6HF329008","vehModelName":"BJ7000C5E7-BEV"},{"licensePlate":"京BZ8437","vin":"LNBSCC3H0HF327190","vehModelName":"BJ7000C5E7-BEV"},{"licensePlate":"贵BU2916","vin":"LNBSCC3H5HF328898","vehModelName":"BJ7000C5E7-BEV"},{"licensePlate":"京BZ8418","vin":"LNBSCC3H6HF327050","vehModelName":"BJ7000C5E7-BEV"},{"licensePlate":"闽DD16056","vin":"LNBSCC3H6JF332593","vehModelName":"BJ7000C5E7-BEV"},{"licensePlate":"京BZD938","vin":"LNBSCC3H0HF329036","vehModelName":"BJ7000C5E7-BEV"},{"licensePlate":"京BZ8366","vin":"LNBSCC3H9HF327107","vehModelName":"BJ7000C5E7-BEV"},{"licensePlate":"京BZK575","vin":"LNBSCC3H1HF328932","vehModelName":"BJ7000C5E7-BEV"},{"licensePlate":"贵BU2222","vin":"LNBSCC3HXHF328900","vehModelName":"BJ7000C5E7-BEV"},{"licensePlate":"京BZ8393","vin":"LNBSCC3H9HF327141","vehModelName":"BJ7000C5E7-BEV"},{"licensePlate":"京BZ8364","vin":"LNBSCC3H2HF327188","vehModelName":"BJ7000C5E7-BEV"},{"licensePlate":"闽DD11973","vin":"LNBSCC3HXJF333410","vehModelName":"BJ7000C5E7-BEV"},{"licensePlate":"闽DD16726","vin":"LNBSCC3H4JF332642","vehModelName":"BJ7000C5E7-BEV"},{"licensePlate":"闽DD05883","vin":"LNBSCC3H5JF332276","vehModelName":"BJ7000C5E7-BEV"}],"error":false}]]>
              </value>
            </param>
          </params>
          <reporter-output>
          </reporter-output>
        </test-method> <!-- UserInfoRgisterData -->
        <test-method status="PASS" signature="UserInfoRgisterData(java.lang.String, java.lang.String, java.lang.String, java.lang.String)[pri:0, instance:com.bitnei.apitest.testcases.saas.UserInforRgisterByExcel@50de0926]" name="UserInfoRgisterData" duration-ms="609" started-at="2019-12-13T08:34:40Z" description="saas平台" data-provider="dp" finished-at="2019-12-13T08:34:41Z">
          <params>
            <param index="0">
              <value>
                <![CDATA[数据集按名称查询]]>
              </value>
            </param>
            <param index="1">
              <value>
                <![CDATA[/ras/dataset]]>
              </value>
            </param>
            <param index="2">
              <value>
                <![CDATA[?datasourcetype=&datasourceid=&datasetname=stat_alarm_18_01&orderby=UPDATE_TIME%20DESC&pageSize=10&pageNum=1]]>
              </value>
            </param>
            <param index="3">
              <value>
                <![CDATA[{"status":200,"errorMsg":null,"data":{"total":1,"list":[{"dataSetID":"DATASETd9c69ed37ddb434bb63fd6bb9a21cb35","dataSetName":"stat_alarm_18_01","dataSourceList":[{"dataSourceID":"DATASOURCE205cd94207fd4afab42393a08bb3a05b","dataSourceType":"mysql","dataSourceName":"yiqi"}],"selectedTables":["DATASOURCE205cd94207fd4afab42393a08bb3a05b.stat_alarm_18_01"],"createdBy":"zhanghailong@bitnei.cn","createdTime":"2019-10-09 11:09:56","updatedTime":"2019-12-04 10:42:54","cardNum":10,"action":"write","starSchemas":[],"fhCube":{"datasourceId":"DATASOURCE205cd94207fd4afab42393a08bb3a05b","schema":{"catalog":"yiqi","name":"stat_alarm_18_01","fields":[{"fieldName":"diff_cell_volt","fieldAlias":"diff_cell_volt","fieldType":"Str","fieldNativeType":"VARCHAR","props":{"unit":"v"},"sorted":null},{"fieldName":"alarm_level","fieldAlias":"alarm_level","fieldType":"Str","fieldNativeType":"VARCHAR","props":{"unit":""},"sorted":null},{"fieldName":"day_type","fieldAlias":"day_type","fieldType":"Str","fieldNativeType":"VARCHAR","props":null,"sorted":null},{"fieldName":"season","fieldAlias":"season","fieldType":"Str","fieldNativeType":"VARCHAR","props":null,"sorted":null},{"fieldName":"province","fieldAlias":"province","fieldType":"Str","fieldNativeType":"VARCHAR","props":{"unit":"省份"},"sorted":null},{"fieldName":"city","fieldAlias":"city","fieldType":"Str","fieldNativeType":"VARCHAR","props":{"unit":"市"},"sorted":null},{"fieldName":"category","fieldAlias":"category","fieldType":"Str","fieldNativeType":"VARCHAR","props":null,"sorted":null},{"fieldName":"charge_type","fieldAlias":"charge_type","fieldType":"Str","fieldNativeType":"VARCHAR","props":null,"sorted":null},{"fieldName":"mileage","fieldAlias":"mileage","fieldType":"Str","fieldNativeType":"VARCHAR","props":{"unit":"km"},"sorted":null},{"fieldName":"speed","fieldAlias":"speed","fieldType":"Str","fieldNativeType":"VARCHAR","props":{"unit":"Km/h"},"sorted":null},{"fieldName":"power","fieldAlias":"power","fieldType":"Str","fieldNativeType":"VARCHAR","props":{"unit":"KW"},"sorted":null},{"fieldName":"model_name","fieldAlias":"model_name","fieldType":"Str","fieldNativeType":"VARCHAR","props":null,"sorted":null},{"fieldName":"dict_name","fieldAlias":"dict_name","fieldType":"Str","fieldNativeType":"VARCHAR","props":null,"sorted":null},{"fieldName":"veh_level","fieldAlias":"veh_level","fieldType":"Str","fieldNativeType":"VARCHAR","props":null,"sorted":null},{"fieldName":"veh_type","fieldAlias":"veh_type","fieldType":"Str","fieldNativeType":"VARCHAR","props":null,"sorted":null},{"fieldName":"power_amount","fieldAlias":"power_amount","fieldType":"Str","fieldNativeType":"VARCHAR","props":{"unit":"KwH"},"sorted":null},{"fieldName":"rating_volt","fieldAlias":"rating_volt","fieldType":"Str","fieldNativeType":"VARCHAR","props":{"unit":"V"},"sorted":null},{"fieldName":"rating_volumn","fieldAlias":"rating_volumn","fieldType":"Str","fieldNativeType":"VARCHAR","props":{"unit":"Ah"},"sorted":null},{"fieldName":"battery_type","fieldAlias":"battery_type","fieldType":"Str","fieldNativeType":"VARCHAR","props":null,"sorted":null},{"fieldName":"cell_enterprise","fieldAlias":"cell_enterprise","fieldType":"Str","fieldNativeType":"VARCHAR","props":null,"sorted":null},{"fieldName":"package_enterprise","fieldAlias":"package_enterprise","fieldType":"Str","fieldNativeType":"VARCHAR","props":null,"sorted":null},{"fieldName":"is_biz","fieldAlias":"is_biz","fieldType":"Str","fieldNativeType":"VARCHAR","props":null,"sorted":null},{"fieldName":"run_time_hour","fieldAlias":"run_time_hour","fieldType":"Str","fieldNativeType":"VARCHAR","props":{"unit":"小时"},"sorted":null},{"fieldName":"active_time_month","fieldAlias":"active_time_month","fieldType":"Str","fieldNativeType":"VARCHAR","props":{"unit":"月"},"sorted":null},{"fieldName":"speed_30_minute","fieldAlias":"speed_30_minute","fieldType":"Str","fieldNativeType":"VARCHAR","props":{"unit":"km/h"},"sorted":null},{"fieldName":"curb_weight","fieldAlias":"curb_weight","fieldType":"Str","fieldNativeType":"VARCHAR","props":{"unit":"kg"},"sorted":null},{"fieldName":"drive_range","fieldAlias":"drive_range","fieldType":"Str","fieldNativeType":"VARCHAR","props":null,"sorted":null},{"fieldName":"month","fieldAlias":"month","fieldType":"Str","fieldNativeType":"VARCHAR","props":null,"sorted":null},{"fieldName":"total","fieldAlias":"total","fieldType":"Num","fieldNativeType":"BIGINT","props":{"unit":"总数"},"sorted":{"fieldName":"total","fieldAlias":"total","fieldType":"Num","fieldNativeType":"BIGINT","props":null,"sorted":null,"policy":"ASC"}}]},"dataSourceType":"mysql"},"olapEnable":true,"fhEnable":true,"dataSourceType":"mysql"}],"pageNum":1,"pageSize":10,"size":1,"startRow":0,"endRow":0,"pages":1,"prePage":0,"nextPage":0,"isFirstPage":true,"isLastPage":true,"hasPreviousPage":false,"hasNextPage":false,"navigatePages":8,"navigatepageNums":[1],"navigateFirstPage":1,"navigateLastPage":1},"error":false}]]>
              </value>
            </param>
          </params>
          <reporter-output>
          </reporter-output>
        </test-method> <!-- UserInfoRgisterData -->
        <test-method status="PASS" signature="UserInfoRgisterData(java.lang.String, java.lang.String, java.lang.String, java.lang.String)[pri:0, instance:com.bitnei.apitest.testcases.saas.UserInforRgisterByExcel@50de0926]" name="UserInfoRgisterData" duration-ms="201" started-at="2019-12-13T08:34:41Z" description="saas平台" data-provider="dp" finished-at="2019-12-13T08:34:41Z">
          <params>
            <param index="0">
              <value>
                <![CDATA[数据源按名称查询]]>
              </value>
            </param>
            <param index="1">
              <value>
                <![CDATA[/ras/datasource]]>
              </value>
            </param>
            <param index="2">
              <value>
                <![CDATA[?datasourcename=yiqi%E6%8A%A5%E8%A1%A8&pageNum=1&pageSize=10]]>
              </value>
            </param>
            <param index="3">
              <value>
                <![CDATA[{"status":200,"errorMsg":null,"data":{"total":1,"list":[{"id":"DATASOURCEf7286c2422e9413890e7cf41fe130def","name":"yiqi报表","dataSourceType":"mysql","databaseName":"yiqi","createBy":"yaomeng@bitnei.cn","databasePort":"3306","hostname":"10.10.21.67","username":"analysis","password":"analysis","dataSets":[{"dataSetId":"DATASETe2062694afdc4e9d88dcc0758e0a0c7c","dataSetName":"stat_alarm_4_04"},{"dataSetId":"DATASET89dfea946f8b495cbd6269bcfacc5596","dataSetName":"stat_alarm_4_11"},{"dataSetId":"DATASET5b98f2c5723845389fa976199bbf5c80","dataSetName":"stat_alarm_4_06"},{"dataSetId":"DATASET3b5ff25b6f24439a84db276bacfdadca","dataSetName":"stat_alarm_4_09"},{"dataSetId":"DATASET1e0f9452db064f15a4bfee525b998c66","dataSetName":"yiqistat_alarm_18_04"},{"dataSetId":"DATASET13be67c2705f4df9b251e9c2588dcf6b","dataSetName":"yiqistat_alarm_18_02"},{"dataSetId":"DATASET1e17a68e0c294ad196ccfecfac6e4613","dataSetName":"yiqistat_alarm_0_02"},{"dataSetId":"DATASET80ac6aaa43fd40f8ade7827dd7e41192","dataSetName":"yiqistat_alarm_0_01"},{"dataSetId":"DATASET2f5ed5c245cf455e941988fdcfb822ba","dataSetName":"yiqistat_alarm_0_09"},{"dataSetId":"DATASET29855c2063684157935dcc4c0e7db236","dataSetName":"yiqistat_alarm_0_05"},{"dataSetId":"DATASET1b0015d59f5d4428bb32debdab8185d0","dataSetName":"yiqistat_alarm_18_03"},{"dataSetId":"DATASET318a9e06ca6e4cb5aab1b51a02c13f81","dataSetName":"yiqistat_alarm_18_11"},{"dataSetId":"DATASETa073e247ac6340ae9c195d1d9875a397","dataSetName":"yiqistat_alarm_0_11"},{"dataSetId":"DATASET9e6b9c45e0ba488d854846461def889b","dataSetName":"stat_alarm_4_03"},{"dataSetId":"DATASET0cc60773b226497389a014add4bfe405","dataSetName":"yiqistat_alarm_0_07"},{"dataSetId":"DATASET3952559d758d4ef29420568b0e46af69","dataSetName":"yiqistat_alarm_18_05"},{"dataSetId":"DATASET909226085d064645870dbbc0f15bb76c","dataSetName":"yiqistat_alarm_0_08"},{"dataSetId":"DATASET8ec6fca34a1a4e58b4cc3a3a0792e767","dataSetName":"yiqistat_alarm_0_06"},{"dataSetId":"DATASET599214dc7a9e4253aeaf3aa93e0813b4","dataSetName":"yiqistat_alarm_18_10"},{"dataSetId":"DATASETaef6cb52f2d940689baf9573427d4abb","dataSetName":"stat_alarm_code_charge"},{"dataSetId":"DATASET7517b7cd256e460b8ee5a686747e26e3","dataSetName":"yiqistat_alarm_18_07"},{"dataSetId":"DATASETdd968e8cc46748ba9a221705e408d1f2","dataSetName":"stat_alarm_4_05"},{"dataSetId":"DATASETd96fa16744fd4c76880282b68f7e41dd","dataSetName":"stat_alarm_4_08"},{"dataSetId":"DATASET5f584a8c06ee4d10a595b1a125121e87","dataSetName":"stat_alarm_4_10"},{"dataSetId":"DATASET69cb1f1acb6d40ffae59ae82e4c8eec4","dataSetName":"yiqistat_alarm_0_03"},{"dataSetId":"DATASETae15cb05d9694bd48b519093fc2b7faf","dataSetName":"yiqistat_alarm_18_08"},{"dataSetId":"DATASETbb04be831df648719506fb510ad833dc","dataSetName":"yiqistat_alarm_0_04"},{"dataSetId":"DATASET55a03710ee6b469f9c0cfc38c0ef5af3","dataSetName":"stat_alarm_4_07"},{"dataSetId":"DATASET8aa19d1cdc1c4b78955e61ddeccd1a48","dataSetName":"yiqistat_alarm_18_06"},{"dataSetId":"DATASETa5cc1a4f749348bd9b4f78b5f0b12d64","dataSetName":"stat_alarm_4_02"}],"updateTime":"2019-10-12 11:57:49","createTime":"2019-10-12 11:57:49","action":"write"}],"pageNum":1,"pageSize":1,"size":1,"startRow":0,"endRow":0,"pages":1,"prePage":0,"nextPage":0,"isFirstPage":true,"isLastPage":true,"hasPreviousPage":false,"hasNextPage":false,"navigatePages":8,"navigatepageNums":[1],"navigateFirstPage":1,"navigateLastPage":1},"error":false}]]>
              </value>
            </param>
          </params>
          <reporter-output>
          </reporter-output>
        </test-method> <!-- UserInfoRgisterData -->
        <test-method status="PASS" signature="UserInfoRgisterData(java.lang.String, java.lang.String, java.lang.String, java.lang.String)[pri:0, instance:com.bitnei.apitest.testcases.saas.UserInforRgisterByExcel@50de0926]" name="UserInfoRgisterData" duration-ms="169" started-at="2019-12-13T08:34:41Z" description="saas平台" data-provider="dp" finished-at="2019-12-13T08:34:41Z">
          <params>
            <param index="0">
              <value>
                <![CDATA[仪表盘按名称查询]]>
              </value>
            </param>
            <param index="1">
              <value>
                <![CDATA[/ras/dashboard/abstract]]>
              </value>
            </param>
            <param index="2">
              <value>
                <![CDATA[?dashboardname=1128%E4%BB%AA%E8%A1%A8%E7%9B%98%E7%AD%9B%E9%80%89&pageNum=1&pageSize=10]]>
              </value>
            </param>
            <param index="3">
              <value>
                <![CDATA[{"status":200,"errorMsg":null,"data":{"total":1,"list":[{"dashboardID":"DASHBOARDbb3bb62d36af45119e881d1622829e4d","dashboardName":"1128仪表盘筛选","updateTime":"2019-12-13 10:18:38","createTime":"2019-11-22 11:02:55","createBy":"zhanghailong@bitnei.cn","action":"WRITE","type":"FH","pages":1}],"pageNum":1,"pageSize":10,"size":1,"startRow":0,"endRow":0,"pages":1,"prePage":0,"nextPage":0,"isFirstPage":true,"isLastPage":true,"hasPreviousPage":false,"hasNextPage":false,"navigatePages":8,"navigatepageNums":[1],"navigateFirstPage":1,"navigateLastPage":1},"error":false}]]>
              </value>
            </param>
          </params>
          <reporter-output>
          </reporter-output>
        </test-method> <!-- UserInfoRgisterData -->
        <test-method status="PASS" signature="UserInfoRgisterData(java.lang.String, java.lang.String, java.lang.String, java.lang.String)[pri:0, instance:com.bitnei.apitest.testcases.saas.UserInforRgisterByExcel@50de0926]" name="UserInfoRgisterData" duration-ms="305" started-at="2019-12-13T08:34:41Z" description="saas平台" data-provider="dp" finished-at="2019-12-13T08:34:41Z">
          <params>
            <param index="0">
              <value>
                <![CDATA[报表按名称查询]]>
              </value>
            </param>
            <param index="1">
              <value>
                <![CDATA[/ras/card]]>
              </value>
            </param>
            <param index="2">
              <value>
                <![CDATA[?dataSetId=&pageNum=1&pageSize=10&querytype=&cardName=test1210%E7%94%B5%E6%B1%A0%E7%B1%BB%E5%9E%8B]]>
              </value>
            </param>
            <param index="3">
              <value>
                <![CDATA[{"status":200,"errorMsg":null,"data":{"total":1,"list":[{"cardId":"CARDead55b5a8c3a4348939e11203aba8f00","dataSetId":"DATASET03a52a045c674530867164a4ecb06f1d","cardName":"test1210电池类型","displayName":null,"avatarUrl":null,"action":"write","description":"","renderMode":"bar","dataBrief":[],"queryType":"FH","updateTime":"2019-12-10 13:28:18","createTime":"2019-12-10 11:56:45","createBy":"zhanghailong@bitnei.cn","content":{"measures":[{"fieldName":"total","fieldAlias":"total","fieldType":"Num","fieldNativeType":"BIGINT","props":{"unit":"all"},"sorted":{"fieldName":"total","fieldAlias":"total","fieldType":"Num","fieldNativeType":"BIGINT","props":null,"sorted":null,"policy":"ASC"},"measureAlias":"total","aggs":"SUM"}],"dimensions":[{"fieldName":"battery_type","fieldAlias":"电池类型","fieldType":"Str","fieldNativeType":"VARCHAR","props":{"unit":"电池"},"sorted":{"fieldName":"battery_type_index","fieldAlias":"Num","fieldType":"Num","fieldNativeType":"INT","props":null,"sorted":null,"policy":"ASC"},"dimensionAlias":"电池类型"}],"filters":[{"fieldName":"active_time_month","fieldAlias":"active_time_month","fieldType":"Str","fieldNativeType":"VARCHAR","props":{"unit":"月"},"sorted":{"fieldName":"active_time_month_index","fieldAlias":"Num","fieldType":"Num","fieldNativeType":"INT","props":null,"sorted":null,"policy":"ASC"},"filterAlias":"active_time_month","defValue":null,"operator":null,"policy":null,"cascadeFilter":null},{"fieldName":"battery_type","fieldAlias":"电池类型","fieldType":"Str","fieldNativeType":"VARCHAR","props":{"unit":"电池"},"sorted":{"fieldName":"battery_type_index","fieldAlias":"Num","fieldType":"Num","fieldNativeType":"INT","props":null,"sorted":null,"policy":"ASC"},"filterAlias":"电池类型","defValue":null,"operator":null,"policy":null,"cascadeFilter":null},{"fieldName":"category","fieldAlias":"category","fieldType":"Str","fieldNativeType":"VARCHAR","props":{"unit":"ca"},"sorted":null,"filterAlias":"category","defValue":null,"operator":null,"policy":null,"cascadeFilter":null},{"fieldName":"cell_enterprise","fieldAlias":"cell_enterprise","fieldType":"Str","fieldNativeType":"VARCHAR","props":{"unit":"CELL"},"sorted":null,"filterAlias":"cell_enterprise","defValue":null,"operator":null,"policy":null,"cascadeFilter":null},{"fieldName":"charge_type","fieldAlias":"charge_type","fieldType":"Str","fieldNativeType":"VARCHAR","props":{"unit":"电池类型"},"sorted":null,"filterAlias":"charge_type","defValue":null,"operator":null,"policy":null,"cascadeFilter":null},{"fieldName":"city","fieldAlias":"city","fieldType":"Str","fieldNativeType":"VARCHAR","props":{"unit":"城市"},"sorted":null,"filterAlias":"city","defValue":null,"operator":null,"policy":null,"cascadeFilter":null},{"fieldName":"curb_weight","fieldAlias":"curb_weight","fieldType":"Str","fieldNativeType":"VARCHAR","props":{"unit":"kg"},"sorted":{"fieldName":"curb_weight_index","fieldAlias":"Num","fieldType":"Num","fieldNativeType":"INT","props":null,"sorted":null,"policy":"ASC"},"filterAlias":"curb_weight","defValue":null,"operator":null,"policy":null,"cascadeFilter":null},{"fieldName":"day_type","fieldAlias":"day_type","fieldType":"Str","fieldNativeType":"VARCHAR","props":{"unit":"日期类型"},"sorted":null,"filterAlias":"day_type","defValue":null,"operator":null,"policy":null,"cascadeFilter":null},{"fieldName":"dict_name","fieldAlias":"dict_name","fieldType":"Str","fieldNativeType":"VARCHAR","props":{"unit":"dict"},"sorted":null,"filterAlias":"dict_name","defValue":null,"operator":null,"policy":null,"cascadeFilter":null},{"fieldName":"drive_range","fieldAlias":"drive_range","fieldType":"Str","fieldNativeType":"VARCHAR","props":{"unit":"dr"},"sorted":{"fieldName":"drive_range_index","fieldAlias":"Num","fieldType":"Num","fieldNativeType":"INT","props":null,"sorted":null,"policy":"ASC"},"filterAlias":"drive_range","defValue":null,"operator":null,"policy":null,"cascadeFilter":null},{"fieldName":"is_biz","fieldAlias":"is_biz","fieldType":"Str","fieldNativeType":"VARCHAR","props":null,"sorted":null,"filterAlias":"is_biz","defValue":null,"operator":null,"policy":null,"cascadeFilter":null},{"fieldName":"mileage","fieldAlias":"mileage","fieldType":"Str","fieldNativeType":"VARCHAR","props":{"unit":"km"},"sorted":{"fieldName":"mileage_index","fieldAlias":"Num","fieldType":"Num","fieldNativeType":"INT","props":null,"sorted":null,"policy":"ASC"},"filterAlias":"mileage","defValue":null,"operator":null,"policy":null,"cascadeFilter":null},{"fieldName":"model_name","fieldAlias":"model_name","fieldType":"Str","fieldNativeType":"VARCHAR","props":{"unit":"m"},"sorted":null,"filterAlias":"model_name","defValue":null,"operator":null,"policy":null,"cascadeFilter":null},{"fieldName":"month","fieldAlias":"month","fieldType":"Str","fieldNativeType":"VARCHAR","props":{"unit":"月份"},"sorted":null,"filterAlias":"month","defValue":null,"operator":null,"policy":null,"cascadeFilter":null},{"fieldName":"package_enterprise","fieldAlias":"package_enterprise","fieldType":"Str","fieldNativeType":"VARCHAR","props":null,"sorted":null,"filterAlias":"package_enterprise","defValue":null,"operator":null,"policy":null,"cascadeFilter":null},{"fieldName":"power","fieldAlias":"power","fieldType":"Str","fieldNativeType":"VARCHAR","props":{"unit":"KW"},"sorted":{"fieldName":"power_index","fieldAlias":"Num","fieldType":"Num","fieldNativeType":"INT","props":null,"sorted":null,"policy":"ASC"},"filterAlias":"power","defValue":null,"operator":null,"policy":null,"cascadeFilter":null},{"fieldName":"power_100km","fieldAlias":"power_100km","fieldType":"Str","fieldNativeType":"VARCHAR","props":{"unit":"KwH"},"sorted":{"fieldName":"power_100km_index","fieldAlias":"Num","fieldType":"Num","fieldNativeType":"INT","props":null,"sorted":null,"policy":"ASC"},"filterAlias":"power_100km","defValue":null,"operator":null,"policy":null,"cascadeFilter":null},{"fieldName":"power_amount","fieldAlias":"power_amount","fieldType":"Str","fieldNativeType":"VARCHAR","props":{"unit":"KwH"},"sorted":{"fieldName":"power_amount_index","fieldAlias":"Num","fieldType":"Num","fieldNativeType":"INT","props":null,"sorted":null,"policy":"ASC"},"filterAlias":"power_amount","defValue":null,"operator":null,"policy":null,"cascadeFilter":null},{"fieldName":"province","fieldAlias":"province","fieldType":"Str","fieldNativeType":"VARCHAR","props":{"unit":"省份"},"sorted":null,"filterAlias":"province","defValue":null,"operator":null,"policy":null,"cascadeFilter":null},{"fieldName":"rating_volt","fieldAlias":"rating_volt","fieldType":"Str","fieldNativeType":"VARCHAR","props":{"unit":"V"},"sorted":{"fieldName":"rating_volt_index","fieldAlias":"Num","fieldType":"Num","fieldNativeType":"INT","props":null,"sorted":null,"policy":"ASC"},"filterAlias":"rating_volt","defValue":null,"operator":null,"policy":null,"cascadeFilter":null},{"fieldName":"rating_volumn","fieldAlias":"rating_volumn","fieldType":"Str","fieldNativeType":"VARCHAR","props":{"unit":"Ah"},"sorted":{"fieldName":"rating_volumn_index","fieldAlias":"Num","fieldType":"Num","fieldNativeType":"INT","props":null,"sorted":null,"policy":"ASC"},"filterAlias":"rating_volumn","defValue":null,"operator":null,"policy":null,"cascadeFilter":null},{"fieldName":"run_time_hour","fieldAlias":"run_time_hour","fieldType":"Str","fieldNativeType":"VARCHAR","props":{"unit":"小时"},"sorted":{"fieldName":"run_time_hour_index","fieldAlias":"Num","fieldType":"Num","fieldNativeType":"INT","props":null,"sorted":null,"policy":"ASC"},"filterAlias":"run_time_hour","defValue":null,"operator":null,"policy":null,"cascadeFilter":null},{"fieldName":"season","fieldAlias":"season","fieldType":"Str","fieldNativeType":"VARCHAR","props":{"unit":"季节"},"sorted":{"fieldName":"category","fieldAlias":"category","fieldType":"Str","fieldNativeType":"VARCHAR","props":null,"sorted":null,"policy":"DESC"},"filterAlias":"season","defValue":null,"operator":null,"policy":null,"cascadeFilter":null},{"fieldName":"speed","fieldAlias":"speed","fieldType":"Str","fieldNativeType":"VARCHAR","props":{"unit":"Km/h"},"sorted":{"fieldName":"speed_index","fieldAlias":"Num","fieldType":"Num","fieldNativeType":"INT","props":null,"sorted":null,"policy":"ASC"},"filterAlias":"speed","defValue":null,"operator":null,"policy":null,"cascadeFilter":null},{"fieldName":"speed_30_minute","fieldAlias":"speed_30_minute","fieldType":"Str","fieldNativeType":"VARCHAR","props":{"unit":"km/h"},"sorted":{"fieldName":"speed_30_minute_index","fieldAlias":"Num","fieldType":"Num","fieldNativeType":"INT","props":null,"sorted":null,"policy":"ASC"},"filterAlias":"speed_30_minute","defValue":null,"operator":null,"policy":null,"cascadeFilter":null},{"fieldName":"veh_level","fieldAlias":"veh_level","fieldType":"Str","fieldNativeType":"VARCHAR","props":{"unit":"ve"},"sorted":null,"filterAlias":"veh_level","defValue":null,"operator":null,"policy":null,"cascadeFilter":null},{"fieldName":"veh_type","fieldAlias":"veh_type","fieldType":"Str","fieldNativeType":"VARCHAR","props":{"unit":"v类型"},"sorted":null,"filterAlias":"veh_type","defValue":null,"operator":null,"policy":null,"cascadeFilter":null},{"fieldName":"speed_index","fieldAlias":"speed_index","fieldType":"Num","fieldNativeType":"INT","props":null,"sorted":null,"filterAlias":"speed_index","defValue":null,"operator":null,"policy":null,"cascadeFilter":null},{"fieldName":"speed_30_minute_index","fieldAlias":"speed_30_minute_index","fieldType":"Num","fieldNativeType":"INT","props":null,"sorted":null,"filterAlias":"speed_30_minute_index","defValue":null,"operator":null,"policy":null,"cascadeFilter":null},{"fieldName":"run_time_hour_index","fieldAlias":"run_time_hour_index","fieldType":"Num","fieldNativeType":"INT","props":null,"sorted":null,"filterAlias":"run_time_hour_index","defValue":null,"operator":null,"policy":null,"cascadeFilter":null},{"fieldName":"rating_volumn_index","fieldAlias":"rating_volumn_index","fieldType":"Num","fieldNativeType":"INT","props":null,"sorted":null,"filterAlias":"rating_volumn_index","defValue":null,"operator":null,"policy":null,"cascadeFilter":null},{"fieldName":"rating_volt_index","fieldAlias":"rating_volt_index","fieldType":"Num","fieldNativeType":"INT","props":null,"sorted":null,"filterAlias":"rating_volt_index","defValue":null,"operator":null,"policy":null,"cascadeFilter":null},{"fieldName":"power_index","fieldAlias":"power_index","fieldType":"Num","fieldNativeType":"INT","props":null,"sorted":null,"filterAlias":"power_index","defValue":null,"operator":null,"policy":null,"cascadeFilter":null},{"fieldName":"power_amount_index","fieldAlias":"power_amount_index","fieldType":"Num","fieldNativeType":"INT","props":null,"sorted":null,"filterAlias":"power_amount_index","defValue":null,"operator":null,"policy":null,"cascadeFilter":null},{"fieldName":"power_100km_index","fieldAlias":"power_100km_index","fieldType":"Num","fieldNativeType":"INT","props":null,"sorted":null,"filterAlias":"power_100km_index","defValue":null,"operator":null,"policy":null,"cascadeFilter":null},{"fieldName":"mileage_index","fieldAlias":"mileage_index","fieldType":"Num","fieldNativeType":"INT","props":{"unit":"m_d"},"sorted":null,"filterAlias":"mileage_index","defValue":null,"operator":null,"policy":null,"cascadeFilter":null},{"fieldName":"drive_range_index","fieldAlias":"drive_range_index","fieldType":"Num","fieldNativeType":"INT","props":null,"sorted":null,"filterAlias":"drive_range_index","defValue":null,"operator":null,"policy":null,"cascadeFilter":null},{"fieldName":"curb_weight_index","fieldAlias":"curb_weight_index","fieldType":"Num","fieldNativeType":"INT","props":null,"sorted":null,"filterAlias":"curb_weight_index","defValue":null,"operator":null,"policy":null,"cascadeFilter":null},{"fieldName":"battery_type_index","fieldAlias":"battery_type_index","fieldType":"Num","fieldNativeType":"INT","props":null,"sorted":null,"filterAlias":"battery_type_index","defValue":null,"operator":null,"policy":null,"cascadeFilter":null},{"fieldName":"active_time_month_index","fieldAlias":"active_time_month_index","fieldType":"Num","fieldNativeType":"INT","props":null,"sorted":null,"filterAlias":"active_time_month_index","defValue":null,"operator":null,"policy":null,"cascadeFilter":null},{"fieldName":"total","fieldAlias":"total","fieldType":"Num","fieldNativeType":"BIGINT","props":{"unit":"all"},"sorted":{"fieldName":"total","fieldAlias":"total","fieldType":"Num","fieldNativeType":"BIGINT","props":null,"sorted":null,"policy":"ASC"},"filterAlias":"total","defValue":null,"operator":null,"policy":null,"cascadeFilter":null},{"fieldName":"env_temp","fieldAlias":"env_temp","fieldType":"Num","fieldNativeType":"INT","props":null,"sorted":{"fieldName":"env_temp","fieldAlias":"env_temp","fieldType":"Num","fieldNativeType":"INT","props":null,"sorted":null,"policy":"ASC"},"filterAlias":"env_temp","defValue":null,"operator":null,"policy":null,"cascadeFilter":null},{"fieldName":"alarm_level","fieldAlias":"报警等级","fieldType":"Num","fieldNativeType":"INT","props":{"unit":"级别"},"sorted":null,"filterAlias":"报警等级","defValue":null,"operator":null,"policy":null,"cascadeFilter":null}],"props":{"saiku.ui.render.mode":"bar","saiku.ui.chart.options":{"xRotate":0,"yRotate":0,"unitX":"","unitY":"","titleY":"","labelRotate":0,"align":"","verticalAlign":"","position":"","distance":0,"maxZoom":0},"default":{"unitX":"电池","unitY":"all"}},"switchAvailable":false,"availableMeasures":[],"availableDimensions":[],"converse":false,"converseModel":{"measures":[],"rows":[],"columns":[]},"cardName":null,"limit":1000,"export":false,"calRate":false,"datasetId":"DATASET03a52a045c674530867164a4ecb06f1d","datasourceId":"DATASOURCE205cd94207fd4afab42393a08bb3a05b","catalog":"yiqi","schema":"stat_alarm_0_02","distinct":false,"calAggregate":false}}],"pageNum":1,"pageSize":1,"size":1,"startRow":0,"endRow":0,"pages":1,"prePage":0,"nextPage":0,"isFirstPage":true,"isLastPage":true,"hasPreviousPage":false,"hasNextPage":false,"navigatePages":8,"navigatepageNums":[1],"navigateFirstPage":1,"navigateLastPage":1},"error":false}]]>
              </value>
            </param>
          </params>
          <reporter-output>
          </reporter-output>
        </test-method> <!-- UserInfoRgisterData -->
        <test-method status="PASS" signature="UserInfoRgisterData(java.lang.String, java.lang.String, java.lang.String, java.lang.String)[pri:0, instance:com.bitnei.apitest.testcases.saas.UserInforRgisterByExcel@50de0926]" name="UserInfoRgisterData" duration-ms="225" started-at="2019-12-13T08:34:41Z" description="saas平台" data-provider="dp" finished-at="2019-12-13T08:34:42Z">
          <params>
            <param index="0">
              <value>
                <![CDATA[新增数据集页面跳转]]>
              </value>
            </param>
            <param index="1">
              <value>
                <![CDATA[/ras/datasource]]>
              </value>
            </param>
            <param index="2">
              <value>
                <![CDATA[]]>
              </value>
            </param>
            <param index="3">
              <value>
                <![CDATA[{"status":200,"errorMsg":null,"data":{"total":10,"list":[{"id":"DATASOURCE205cd94207fd4afab42393a08bb3a05b","name":"yiqi","dataSourceType":"mysql","databaseName":"yiqi","createBy":"hangang@bitnei.cn","databasePort":"3306","hostname":"10.10.21.67","username":"analysis","password":"analysis","dataSets":[{"dataSetId":"DATASETf619a97a4c6844ef8554cda6aae2fe11","dataSetName":"1114"},{"dataSetId":"DATASETbfc2a1ded81a4f0c89b3442a07490ed3","dataSetName":"afdsaf"},{"dataSetId":"DATASET10e4ab9872fb42b6bfcfc0cd4ae49fb0","dataSetName":"111"},{"dataSetId":"DATASETf67b2d2ecb8e446ba53ae19b7dc1f2b5","dataSetName":"stat_alarm_1_08"},{"dataSetId":"DATASET139fd1584be44e0ebf679585069645a2","dataSetName":"stat_alarm_3_01"},{"dataSetId":"DATASETd9c69ed37ddb434bb63fd6bb9a21cb35","dataSetName":"stat_alarm_18_01"},{"dataSetId":"DATASET4894994cc6fe4b68a2ae4094115a6890","dataSetName":"hg004"},{"dataSetId":"DATASETb35bdce7238f4fddb338302ff7c50285","dataSetName":"stat_alarm_1_01"},{"dataSetId":"DATASETbf221f10b1d646e3bc6337dbf2edbde1","dataSetName":"1012t"},{"dataSetId":"DATASETe1067bf6b212495ab1edb14f27d99887","dataSetName":"stat_alarm_1_03"},{"dataSetId":"DATASET723fae6f8d454691837542032c963f36","dataSetName":"tat_alarm_4_02"},{"dataSetId":"DATASET48490ca482bc4051a5772d5df3679758","dataSetName":"stat_alarm_1_07"},{"dataSetId":"DATASETb5e4948c95164daaa065374068adb90f","dataSetName":"一汽数据集"},{"dataSetId":"DATASET287779cdc48d4282ae6aa3e59fd06fda","dataSetName":"test_123_dataset"},{"dataSetId":"DATASET371f868dcd0547a0b9544b9c35d61110","dataSetName":"stat_alarm_0_08"},{"dataSetId":"DATASETadcc11335bb84a71a5706ad6064e6ebf","dataSetName":"hgstat_alarm_0_01"},{"dataSetId":"DATASET122e60954740482aa1dc50df794156b1","dataSetName":"tat_alarm_4_05"},{"dataSetId":"DATASETcdf7338c185244b3a840afa285c5fa53","dataSetName":"11088"},{"dataSetId":"DATASET066a73a5d6f746d19a3d1e5b066f0250","dataSetName":"stat_alarm_0_05"},{"dataSetId":"DATASET047711c77a3340d085bba9b429fd1b4e","dataSetName":"总体报警级别分布"},{"dataSetId":"DATASET8e1602e2de7547268751e3e352a30239","dataSetName":"stat_alarm_0_11"},{"dataSetId":"DATASET9dd5ecb5da124f8ea5258464ce3ff897","dataSetName":"stat_alarm_0_04"},{"dataSetId":"DATASET07a36fcf18c048e1ab20b1408f0e2b69","dataSetName":"tat_alarm_4_10"},{"dataSetId":"DATASET6747d574ad8c4dd7a467b4070f5c5960","dataSetName":"stat_alarm_0_09"},{"dataSetId":"DATASET1853456a18524b4fbe99cd3899307074","dataSetName":"stat_alarm_0_01"},{"dataSetId":"DATASET47c8414ecb7c4b3b8158d3bbd7d133fe","dataSetName":"test1108"},{"dataSetId":"DATASETb04c055b3ff64fb2849511c2db9a17a2","dataSetName":"数据集ypp"},{"dataSetId":"DATASET53997b548e1a4a009251819ded9ac124","dataSetName":"test23"},{"dataSetId":"DATASET2e7eba32c07a47449478f104fadf71ed","dataSetName":"stat_alarm_1_10"},{"dataSetId":"DATASET2cdb1755ee5c41efb870499d3e61011d","dataSetName":"0929"},{"dataSetId":"DATASETcafe2d309c9643f4a0a5dc963483b9e5","dataSetName":"stat_alarm_1_05"},{"dataSetId":"DATASET0823adc34c164272a884fe57d67d22e7","dataSetName":"stat_alarm_battery_power"},{"dataSetId":"DATASETcb5ba7069db14224810e92675a099c0a","dataSetName":"11111111347"},{"dataSetId":"DATASET926b64610d2f4ade9aebc83051818b7d","dataSetName":"3千万"},{"dataSetId":"DATASET14bf5b7b30604f5d98e5c1e5715b08bb","dataSetName":"1210test"},{"dataSetId":"DATASETdd9d363975324d50b816244ecc1c00b3","dataSetName":"stat_alarm_2_01"},{"dataSetId":"DATASET68f1a108f04f42859b06c9a64163542f","dataSetName":"stat_alarm_0_061"},{"dataSetId":"DATASET0077e2efd2684bad8f8692ccdd3ebc5c","dataSetName":"10_03"},{"dataSetId":"DATASET0a04215dd05d4fcba41944141dcf90be","dataSetName":"stat_alarm_1_09"},{"dataSetId":"DATASET00ec5c34bb3048edb4fb06d575166b62","dataSetName":"测试_性能"},{"dataSetId":"DATASETf2f288d68aba4c37bec9ac62ef73f44a","dataSetName":"1011测试"},{"dataSetId":"DATASETb054c04f07e34842ad240ec553c2f64e","dataSetName":"stat_alarm_1_02"},{"dataSetId":"DATASET5e4d84b814f548aea83d943715b42468","dataSetName":"37911"},{"dataSetId":"DATASET29e66b9191bb4a1da94f7be790a163f5","dataSetName":"tat_alarm_4_09"},{"dataSetId":"DATASET29dab496c4214393969b32f146c731a5","dataSetName":"hg401"},{"dataSetId":"DATASET7a75eba21dc447a38932363209a50f84","dataSetName":"108数据集"},{"dataSetId":"DATASETe32d1c3b3dd84d668f4809c45f7147ab","dataSetName":"tat_alarm_4_11"},{"dataSetId":"DATASET3a2c50ed8fcd465daba35967cb850742","dataSetName":"stat_alarm_1_04"},{"dataSetId":"DATASET986cc59fbec946d2a16c17dc9a09807d","dataSetName":"tat_alarm_4_08"},{"dataSetId":"DATASETc1aa8dea87a74542bac93b86be0b22ad","dataSetName":"stat_alarm_1_11"},{"dataSetId":"DATASET667c5d05fbc84f13ad34c5ccfb30f08b","dataSetName":"大量数据性能"},{"dataSetId":"DATASET022e8b005315466aadc6c19e6d134187","dataSetName":"tat_alarm_4_01"},{"dataSetId":"DATASETb7236c943d9b45ffbfe558361e5e8696","dataSetName":"t-1106-t"},{"dataSetId":"DATASET5aedbca678ac49e891462e5abf11d05d","dataSetName":"tat_alarm_4_06"},{"dataSetId":"DATASETf4e88430837b47d3abad8fe5222ae8bb","dataSetName":"test1206003"},{"dataSetId":"DATASET56e00884da3e447e858f10c82dfea30a","dataSetName":"数据集模型单位"},{"dataSetId":"DATASETfd5bc11ec9e442ae894135376c0a7536","dataSetName":"tat_alarm_4_07"},{"dataSetId":"DATASET3990cde974ed4b8caaadf31b89a374b8","dataSetName":"tat_alarm_4_04"},{"dataSetId":"DATASETbe09dbfc62b84820bd40e4bc7c3ddc2c","dataSetName":"stat_alarm_0_10"},{"dataSetId":"DATASETa8beb0bc8cfb45c5a10a54241dbbd5f7","dataSetName":"yiqi_test_0925"},{"dataSetId":"DATASET03a52a045c674530867164a4ecb06f1d","dataSetName":"stat_alarm_0_02"}],"updateTime":"2019-10-31 16:35:09","createTime":"2019-09-23 17:48:53","action":"write"},{"id":"DATASOURCE48933d543e4943bbbf7fec0f922ebfa9","name":"yiqi_self_test","dataSourceType":"mysql","databaseName":"bit_test_liu","createBy":"liutianao@bitnei.cn","databasePort":"3306","hostname":"10.10.26.29","username":"liutianao","password":"liutianao","dataSets":[{"dataSetId":"DATASET21c22bfd99c04bcdba89075e583d34d4","dataSetName":"yiqi_self_test"}],"updateTime":"2019-09-25 10:12:17","createTime":"2019-09-25 10:12:18","action":"write"},{"id":"DATASOURCE4ecf322f6fbb4d07bcc56e8768dbca7f","name":"test1","dataSourceType":"mysql","databaseName":"bi","createBy":"zhanghailong@bitnei.cn","databasePort":"3306","hostname":"10.10.21.8","username":"remote","password":"ABCabc123...","dataSets":[{"dataSetId":"DATASET0e812c0c5fcf4b8a9a119f099808220d","dataSetName":"1234"},{"dataSetId":"DATASETec13c5c19ac34363b8d911f161417321","dataSetName":"少时诵诗书1"},{"dataSetId":"DATASET2b6e4bda219c49bfa09e0c2101cdb0ed","dataSetName":"dataset_1112"}],"updateTime":"2019-09-23 10:50:05","createTime":"2019-09-23 10:50:06","action":"write"},{"id":"DATASOURCE5094f85a4d6e433387acab4182e1466a","name":"test_postgre","dataSourceType":"postgreSQL","databaseName":"test","createBy":"zhanghailong@bitnei.cn","databasePort":"5432","hostname":"10.10.21.8","username":"postgres","password":"bianqi123456","dataSets":[{"dataSetId":"DATASETe0eaa0dcc91744b7a9ba3b779a26061b","dataSetName":"test_postgresql"}],"updateTime":"2019-12-13 10:38:46","createTime":"2019-12-13 09:36:21","action":"write"},{"id":"DATASOURCE5fb834f13bd748d092d54d160e8b98a1","name":"1万条数据","dataSourceType":"mysql","databaseName":"bit_test_liu","createBy":"liutianao@bitnei.cn","databasePort":"3306","hostname":"10.10.26.29","username":"liutianao","password":"liutianao","dataSets":[{"dataSetId":"DATASET037982d9ef7a43e697a520b898d46330","dataSetName":"yiqibigbigbig_copy36"},{"dataSetId":"DATASETfaf2ca207c174aeb91480a3aac3b09b7","dataSetName":"yiqibigbigbig_copy39"},{"dataSetId":"DATASETefd3d6f6639e466f81aedcad7f2eceb7","dataSetName":"yiqibigbigbig_copy40"},{"dataSetId":"DATASETfdf00aa7698848948c98dec59ad5dfe9","dataSetName":"yiqibigbigbig_copy35"},{"dataSetId":"DATASET7306a6afbee944f3bb64582afd159d49","dataSetName":"yiqibigbigbig_copy03"},{"dataSetId":"DATASET61261637423048b0a3b10fa1b58f0548","dataSetName":"yiqibigbigbig_copy06"},{"dataSetId":"DATASET338eba2e400049feaafd013154e6fce2","dataSetName":"40万1"},{"dataSetId":"DATASET127f354eedf84dd6979efce58bfe32ee","dataSetName":"yiqibigbigbig_copy25"},{"dataSetId":"DATASETac6b06d0d83b453d88954f3c104daf53","dataSetName":"yiqibigbigbig_copy32"},{"dataSetId":"DATASETbe8fcfdb7c6841cb96a8521eb80813ff","dataSetName":"yiqibigbigbig_copy27"},{"dataSetId":"DATASET987bfe08eded42cc98a8a5680bdbd0f4","dataSetName":"yiqibigbigbig_copy18"},{"dataSetId":"DATASETc2524433f2b04920a4d9d3aa244d196c","dataSetName":"yiqibigbigbig_copy37"},{"dataSetId":"DATASET9b074a58d79e4720a86a2c3ef19639f0","dataSetName":"yiqibigbigbig_copy07"},{"dataSetId":"DATASETc6e4cada283f4856bae0f8a13857cd04","dataSetName":"yiqibigbigbig_copy10"},{"dataSetId":"DATASET680e1c719a974228ad2ec1e22d846015","dataSetName":"yiqibigbigbig_copy04"},{"dataSetId":"DATASETa6fbdd081d6c40a894a41398965665b5","dataSetName":"yiqibigbigbig_copy33"},{"dataSetId":"DATASETfbd6e750857c4230a27ac3cf4faa7abe","dataSetName":"yiqibigbigbig_copy26"},{"dataSetId":"DATASET22d3bc91c86f4d30ac021d6c322007a0","dataSetName":"yiqibigbigbig_copy31"},{"dataSetId":"DATASET957703dde5c0439ba7c82fd608f70d93","dataSetName":"yiqibigbigbig_copy23"},{"dataSetId":"DATASETa9ac065871d94322b0d6fa4f40f4f4d3","dataSetName":"yiqibigbigbig_copy08"},{"dataSetId":"DATASETe1d563a3916a4694a515af792957c9f2","dataSetName":"yiqibigbigbig_copy05"},{"dataSetId":"DATASET3c9cdbe056934910aee32c68481fddb6","dataSetName":"yiqibigbigbig_copy21"},{"dataSetId":"DATASET05fb0fd2849f40f8a1edece97acca459","dataSetName":"40w2"},{"dataSetId":"DATASET185d4549698d4cf0aca6ec581fee68f7","dataSetName":"yiqibigbigbig_copy54"},{"dataSetId":"DATASET7e496a58812f4c899c04b074b3be6be2","dataSetName":"yiqibigbigbig_copy53"},{"dataSetId":"DATASETc4bb820ed5cb4f40a6f2c808f598c8a1","dataSetName":"yiqibigbigbig_copy41"},{"dataSetId":"DATASET92ca0e35278742fc9a82926f0c5f0752","dataSetName":"yiqibigbigbig_copy02"},{"dataSetId":"DATASETf64a3209847347538a78bd4978d0b5ea","dataSetName":"100万数据集"},{"dataSetId":"DATASET8885e0f755d545d9ac18ff914c1fd48d","dataSetName":"yiqibigbigbig_copy30"},{"dataSetId":"DATASET67b9353ddac04d708e36655173e932ee","dataSetName":"yiqibigbigbig_copy38"},{"dataSetId":"DATASET351ace10e2f74b16aa2603875a0ec6c2","dataSetName":"yiqibigbigbig_copy45"},{"dataSetId":"DATASET54bc8199be1b4179822bdb84a27b813f","dataSetName":"yiqibigbigbig_copy15"},{"dataSetId":"DATASET95833bfab804455fafd634b5c4d9afa6","dataSetName":"yiqibigbigbig_copy17"},{"dataSetId":"DATASETfd8873c56a8f455795b810819a0d5b2a","dataSetName":"yiqibigbigbig_copy50"},{"dataSetId":"DATASETddc47467fcad45d9bda1394ceaab0557","dataSetName":"yiqibigbigbig_copy14"},{"dataSetId":"DATASETee248d39eb0d46cdaa2684ad0932bdf6","dataSetName":"yiqibigbigbig_copy20"},{"dataSetId":"DATASETf51baf0272304e159db1dd0260ccbd6e","dataSetName":"yiqibigbigbig_copy13"},{"dataSetId":"DATASET8a121a9e5d7742c8bf3f283d60e79f51","dataSetName":"yiqibigbigbig_copy12"},{"dataSetId":"DATASET697290961a364dbb91a6f8f34969d530","dataSetName":"yiqibigbigbig_copy34"},{"dataSetId":"DATASETc899cab7f4124d1ba18f74833a57b6b5","dataSetName":"yiqibigbigbig_copy52"},{"dataSetId":"DATASET274e2674b4ee4a91b970c5c761d21fc6","dataSetName":"yiqibigbigbig_copy29"},{"dataSetId":"DATASETf20354cc08a341e3815809265ac70890","dataSetName":"yiqibigbigbig_copy42"},{"dataSetId":"DATASETb52700f9d75f479dafe480b138650634","dataSetName":"yiqibigbigbig_copy43"},{"dataSetId":"DATASET9fc71a51d6ba4f5cabc245916b5f647e","dataSetName":"yiqibigbigbig_copy24"},{"dataSetId":"DATASETde02e192f48a4bff94c7ea38d814b265","dataSetName":"yiqibigbigbig_copy51"},{"dataSetId":"DATASETd2b443f070474e13ab085e328fbf8312","dataSetName":"yiqibigbigbig_copy28"},{"dataSetId":"DATASETc4695fa2ff164c8a9afdaeb2861aa9e1","dataSetName":"yiqibigbigbig_copy11"},{"dataSetId":"DATASET35bdddc292264152a8849fd1b59351ef","dataSetName":"yiqibigbigbig_copy16"},{"dataSetId":"DATASET0e8edd8a867e4f9d8a2d2e357f4266a2","dataSetName":"yiqibigbigbig_copy44"},{"dataSetId":"DATASET5e0ee03579a644d9810a4973446c2cf8","dataSetName":"yiqibigbigbig_copy19"},{"dataSetId":"DATASETa713eb64b30c47d2bc9db8667d116ee7","dataSetName":"yiqibigbigbig_copy09"},{"dataSetId":"DATASET21520ad4f39d4114ae64475e9aa3a067","dataSetName":"yiqibigbigbig_copy22"},{"dataSetId":"DATASET8e97cad2e45a4f8fb923f6e904755201","dataSetName":"yiqibigbigbig_copy01"},{"dataSetId":"DATASET3e5b1a59d3d843dc9c8093b72d181ef1","dataSetName":"这张表里目前有40万条数据"}],"updateTime":"2019-10-12 11:23:59","createTime":"2019-10-12 11:24:00","action":"write"},{"id":"DATASOURCEcac770f3d20546baa64370069139ab82","name":"heatmap","dataSourceType":"mysql","databaseName":"analysis","createBy":"zhanghailong@bitnei.cn","databasePort":"3306","hostname":"10.10.21.67","username":"analysis","password":"analysis","dataSets":[{"dataSetId":"DATASET620212e4b63441a2b9887bee2b585a9c","dataSetName":"热力图"}],"updateTime":"2019-09-18 13:50:46","createTime":"2019-09-18 13:50:46","action":"write"},{"id":"DATASOURCEe2670211678541f5ace007fe088e9c8b","name":"impala_test","dataSourceType":"impala","databaseName":"nei_dws","createBy":"zhanghailong@bitnei.cn","databasePort":"21050","hostname":"10.10.21.18","username":"remote","password":"ABCabc123...","dataSets":[{"dataSetId":"DATASETd6f9afa52dba41489a86e1b1b0b75b7a","dataSetName":"split_fact_table"}],"updateTime":"2019-09-10 09:14:38","createTime":"2019-09-10 09:14:38","action":"write"},{"id":"DATASOURCEf3dfedf07fd5462e99f455c41bb98607","name":"test","dataSourceType":"mysql","databaseName":"changan","createBy":"zhanghailong@bitnei.cn","databasePort":"3306","hostname":"10.10.21.8","username":"remote","password":"ABCabc123...","dataSets":[{"dataSetId":"DATASETc83dd1c55b034643ada6afe1a365b802","dataSetName":"test1"},{"dataSetId":"DATASET60410d882e1c4a18b12cf8e218427982","dataSetName":"数据集测试"},{"dataSetId":"DATASETcbfc4f2202cc440db79ad1439d9142bc","dataSetName":"123456"}],"updateTime":"2019-09-11 09:27:57","createTime":"2019-09-11 09:27:58","action":"write"},{"id":"DATASOURCEf55124074107475aa365bb378eb697a8","name":"123","dataSourceType":"mysql","databaseName":"bi_test","createBy":"zhanghailong@bitnei.cn","databasePort":"3306","hostname":"10.10.21.8","username":"remote","password":"ABCabc123...","dataSets":[{"dataSetId":"DATASET1f798639cc3842f394df6605e471218f","dataSetName":"test12"},{"dataSetId":"DATASET55cd868c8a3242019586ddccb8bd19d1","dataSetName":"test123"},{"dataSetId":"DATASET808fea24acb845c9a406553f30404216","dataSetName":"123"}],"updateTime":"2019-09-06 14:15:39","createTime":"2019-09-06 14:15:40","action":"write"},{"id":"DATASOURCEf7286c2422e9413890e7cf41fe130def","name":"yiqi报表","dataSourceType":"mysql","databaseName":"yiqi","createBy":"yaomeng@bitnei.cn","databasePort":"3306","hostname":"10.10.21.67","username":"analysis","password":"analysis","dataSets":[{"dataSetId":"DATASETe2062694afdc4e9d88dcc0758e0a0c7c","dataSetName":"stat_alarm_4_04"},{"dataSetId":"DATASET89dfea946f8b495cbd6269bcfacc5596","dataSetName":"stat_alarm_4_11"},{"dataSetId":"DATASET5b98f2c5723845389fa976199bbf5c80","dataSetName":"stat_alarm_4_06"},{"dataSetId":"DATASET3b5ff25b6f24439a84db276bacfdadca","dataSetName":"stat_alarm_4_09"},{"dataSetId":"DATASET1e0f9452db064f15a4bfee525b998c66","dataSetName":"yiqistat_alarm_18_04"},{"dataSetId":"DATASET13be67c2705f4df9b251e9c2588dcf6b","dataSetName":"yiqistat_alarm_18_02"},{"dataSetId":"DATASET1e17a68e0c294ad196ccfecfac6e4613","dataSetName":"yiqistat_alarm_0_02"},{"dataSetId":"DATASET80ac6aaa43fd40f8ade7827dd7e41192","dataSetName":"yiqistat_alarm_0_01"},{"dataSetId":"DATASET2f5ed5c245cf455e941988fdcfb822ba","dataSetName":"yiqistat_alarm_0_09"},{"dataSetId":"DATASET29855c2063684157935dcc4c0e7db236","dataSetName":"yiqistat_alarm_0_05"},{"dataSetId":"DATASET1b0015d59f5d4428bb32debdab8185d0","dataSetName":"yiqistat_alarm_18_03"},{"dataSetId":"DATASET318a9e06ca6e4cb5aab1b51a02c13f81","dataSetName":"yiqistat_alarm_18_11"},{"dataSetId":"DATASETa073e247ac6340ae9c195d1d9875a397","dataSetName":"yiqistat_alarm_0_11"},{"dataSetId":"DATASET9e6b9c45e0ba488d854846461def889b","dataSetName":"stat_alarm_4_03"},{"dataSetId":"DATASET0cc60773b226497389a014add4bfe405","dataSetName":"yiqistat_alarm_0_07"},{"dataSetId":"DATASET3952559d758d4ef29420568b0e46af69","dataSetName":"yiqistat_alarm_18_05"},{"dataSetId":"DATASET909226085d064645870dbbc0f15bb76c","dataSetName":"yiqistat_alarm_0_08"},{"dataSetId":"DATASET8ec6fca34a1a4e58b4cc3a3a0792e767","dataSetName":"yiqistat_alarm_0_06"},{"dataSetId":"DATASET599214dc7a9e4253aeaf3aa93e0813b4","dataSetName":"yiqistat_alarm_18_10"},{"dataSetId":"DATASETaef6cb52f2d940689baf9573427d4abb","dataSetName":"stat_alarm_code_charge"},{"dataSetId":"DATASET7517b7cd256e460b8ee5a686747e26e3","dataSetName":"yiqistat_alarm_18_07"},{"dataSetId":"DATASETdd968e8cc46748ba9a221705e408d1f2","dataSetName":"stat_alarm_4_05"},{"dataSetId":"DATASETd96fa16744fd4c76880282b68f7e41dd","dataSetName":"stat_alarm_4_08"},{"dataSetId":"DATASET5f584a8c06ee4d10a595b1a125121e87","dataSetName":"stat_alarm_4_10"},{"dataSetId":"DATASET69cb1f1acb6d40ffae59ae82e4c8eec4","dataSetName":"yiqistat_alarm_0_03"},{"dataSetId":"DATASETae15cb05d9694bd48b519093fc2b7faf","dataSetName":"yiqistat_alarm_18_08"},{"dataSetId":"DATASETbb04be831df648719506fb510ad833dc","dataSetName":"yiqistat_alarm_0_04"},{"dataSetId":"DATASET55a03710ee6b469f9c0cfc38c0ef5af3","dataSetName":"stat_alarm_4_07"},{"dataSetId":"DATASET8aa19d1cdc1c4b78955e61ddeccd1a48","dataSetName":"yiqistat_alarm_18_06"},{"dataSetId":"DATASETa5cc1a4f749348bd9b4f78b5f0b12d64","dataSetName":"stat_alarm_4_02"}],"updateTime":"2019-10-12 11:57:49","createTime":"2019-10-12 11:57:49","action":"write"}],"pageNum":1,"pageSize":10,"size":10,"startRow":0,"endRow":9,"pages":1,"prePage":0,"nextPage":0,"isFirstPage":true,"isLastPage":true,"hasPreviousPage":false,"hasNextPage":false,"navigatePages":8,"navigatepageNums":[1],"navigateFirstPage":1,"navigateLastPage":1},"error":false}]]>
              </value>
            </param>
          </params>
          <reporter-output>
          </reporter-output>
        </test-method> <!-- UserInfoRgisterData -->
        <test-method status="PASS" signature="UserInfoRgisterData(java.lang.String, java.lang.String, java.lang.String, java.lang.String)[pri:0, instance:com.bitnei.apitest.testcases.saas.UserInforRgisterByExcel@50de0926]" name="UserInfoRgisterData" duration-ms="154" started-at="2019-12-13T08:34:42Z" description="saas平台" data-provider="dp" finished-at="2019-12-13T08:34:42Z">
          <params>
            <param index="0">
              <value>
                <![CDATA[新增报表获取仪表盘名称]]>
              </value>
            </param>
            <param index="1">
              <value>
                <![CDATA[/ras/dashboard/names]]>
              </value>
            </param>
            <param index="2">
              <value>
                <![CDATA[]]>
              </value>
            </param>
            <param index="3">
              <value>
                <![CDATA[{"status":200,"errorMsg":null,"error":false}]]>
              </value>
            </param>
          </params>
          <reporter-output>
          </reporter-output>
        </test-method> <!-- UserInfoRgisterData -->
        <test-method status="PASS" signature="UserInfoRgisterData(java.lang.String, java.lang.String, java.lang.String, java.lang.String)[pri:0, instance:com.bitnei.apitest.testcases.saas.UserInforRgisterByExcel@50de0926]" name="UserInfoRgisterData" duration-ms="178" started-at="2019-12-13T08:34:42Z" description="saas平台" data-provider="dp" finished-at="2019-12-13T08:34:42Z">
          <params>
            <param index="0">
              <value>
                <![CDATA[新增报表获取数据集]]>
              </value>
            </param>
            <param index="1">
              <value>
                <![CDATA[/ras/dataset/abstract]]>
              </value>
            </param>
            <param index="2">
              <value>
                <![CDATA[]]>
              </value>
            </param>
            <param index="3">
              <value>
                <![CDATA[{"status":200,"errorMsg":null,"error":false}]]>
              </value>
            </param>
          </params>
          <reporter-output>
          </reporter-output>
        </test-method> <!-- UserInfoRgisterData -->
      </class> <!-- com.bitnei.apitest.testcases.saas.UserInforRgisterByExcel -->
    </test> <!-- Default test -->
  </suite> <!-- apitest -->
</testng-results>
