<?xml version="1.0" encoding="UTF-8"?>
<testng-results skipped="0" failed="0" ignored="0" total="1" passed="1">
  <reporter-output>
  </reporter-output>
  <suite name="apitest" duration-ms="1737" started-at="2019-02-21T11:03:32Z" finished-at="2019-02-21T11:03:34Z">
    <groups>
    </groups>
    <test name="Default test" duration-ms="1737" started-at="2019-02-21T11:03:32Z" finished-at="2019-02-21T11:03:34Z">
      <class name="com.bitnei.apitest.testcases.bidash.SchemeAdd">
        <test-method status="PASS" signature="setUp(java.lang.String)[pri:0, instance:com.bitnei.apitest.testcases.bidash.SchemeAdd@61f8bee4]" name="setUp" is-config="true" duration-ms="1007" started-at="2019-02-21T11:03:32Z" finished-at="2019-02-21T11:03:33Z">
          <params>
            <param index="0">
              <value>
                <![CDATA[http://bdp-app.bitnei.cn:7789]]>
              </value>
            </param>
          </params>
          <reporter-output>
          </reporter-output>
        </test-method> <!-- setUp -->
        <test-method status="PASS" signature="SchemeAddDataRep(java.lang.String)[pri:1, instance:com.bitnei.apitest.testcases.bidash.SchemeAdd@61f8bee4]" name="SchemeAddDataRep" duration-ms="706" started-at="2019-02-21T11:03:33Z" description="配置后台新增方案名称重复" data-provider="dataprovider2" finished-at="2019-02-21T11:03:34Z">
          <params>
            <param index="0">
              <value>
                <![CDATA[{"status":500,"errorMsg":"该方案名称已经存在！！！","data":null,"error":true}]]>
              </value>
            </param>
          </params>
          <reporter-output>
          </reporter-output>
        </test-method> <!-- SchemeAddDataRep -->
      </class> <!-- com.bitnei.apitest.testcases.bidash.SchemeAdd -->
    </test> <!-- Default test -->
  </suite> <!-- apitest -->
</testng-results>
