<?xml version="1.0" encoding="UTF-8"?>
<testng-results skipped="0" failed="1" ignored="0" total="1" passed="0">
  <reporter-output>
  </reporter-output>
  <suite name="apitest" duration-ms="1534" started-at="2019-09-06T09:41:14Z" finished-at="2019-09-06T09:41:15Z">
    <groups>
    </groups>
    <test name="Default test" duration-ms="1534" started-at="2019-09-06T09:41:14Z" finished-at="2019-09-06T09:41:15Z">
      <class name="com.bitnei.apitest.testcases.EvDetail">
        <test-method status="PASS" signature="setUp(java.lang.String)[pri:0, instance:com.bitnei.apitest.testcases.EvDetail@5e955596]" name="setUp" is-config="true" duration-ms="1296" started-at="2019-09-06T09:41:14Z" finished-at="2019-09-06T09:41:15Z">
          <params>
            <param index="0">
              <value>
                <![CDATA[http://10.10.26.3:81]]>
              </value>
            </param>
          </params>
          <reporter-output>
          </reporter-output>
        </test-method> <!-- setUp -->
        <test-method status="FAIL" signature="getVehCountPerMonitorPlatformStatus(java.lang.String)[pri:1, instance:com.bitnei.apitest.testcases.EvDetail@5e955596]" name="getVehCountPerMonitorPlatformStatus" duration-ms="204" started-at="2019-09-06T09:41:15Z" description="明细数据查询" data-provider="dataprovider1" finished-at="2019-09-06T09:41:15Z">
          <params>
            <param index="0">
              <value>
                <![CDATA[{"status":200,"errorMsg":null,"data":{"data":[{"terminalTime":"2018-09-22 14:16:10","carStatus":"2","chargeStatus":"0","carMode":"1","speed":"0.0","totalOdometer":"32218.199219","totalVoltage":"0.0","totalCurrent":"0.0","soc":"0","dcStatus":"2","insulateResistance":"0"},{"terminaltime":"2018-09-22 14:16:00","carStatus":"2","chargeStatus":"0","carMode":"1","speed":"0.0","totalOdometer":"32218.199219","totalVoltage":"0.0","totalCurrent":"0.0","soc":"0","dcStatus":"2","insulateResistance":"0"}],"titles":["数据采集时间","车辆状态","充电状态","运行模式","车速(km/h)","里程(km)","总电压(V)","总电流(A)","SOC","DC-DC状态","绝缘电阻(kΩ)"],"page":{"pageSize":10,"pageNumber":1,"endIndex":2,"startIndex":0,"totalSize":2,"totalPage":1}},"error":false}]]>
              </value>
            </param>
          </params>
          <exception class="net.sf.json.JSONException">
            <message>
              <![CDATA[A JSONObject text must begin with '{' at character 1 of <html>
<head><title>404 Not Found</title></head>
<body>
<center><h1>404 Not Found</h1></center>
<hr><center>nginx/1.15.12</center>
</body>
</html>]]>
            </message>
            <full-stacktrace>
              <![CDATA[net.sf.json.JSONException: A JSONObject text must begin with '{' at character 1 of <html>
<head><title>404 Not Found</title></head>
<body>
<center><h1>404 Not Found</h1></center>
<hr><center>nginx/1.15.12</center>
</body>
</html>
at net.sf.json.util.JSONTokener.syntaxError(JSONTokener.java:499)
at net.sf.json.JSONObject._fromJSONTokener(JSONObject.java:972)
at net.sf.json.JSONObject._fromString(JSONObject.java:1201)
at net.sf.json.JSONObject.fromObject(JSONObject.java:165)
at net.sf.json.JSONObject.fromObject(JSONObject.java:134)
at com.bitnei.apitest.testcases.EvDetail.getVehCountPerMonitorPlatformStatus(EvDetail.java:75)
at sun.reflect.NativeMethodAccessorImpl.invoke0(Native Method)
at sun.reflect.NativeMethodAccessorImpl.invoke(NativeMethodAccessorImpl.java:62)
at sun.reflect.DelegatingMethodAccessorImpl.invoke(DelegatingMethodAccessorImpl.java:43)
at java.lang.reflect.Method.invoke(Method.java:498)
at org.testng.internal.MethodInvocationHelper.invokeMethod(MethodInvocationHelper.java:124)
at org.testng.internal.Invoker.invokeMethod(Invoker.java:580)
at org.testng.internal.Invoker.invokeTestMethod(Invoker.java:716)
at org.testng.internal.Invoker.invokeTestMethods(Invoker.java:988)
at org.testng.internal.TestMethodWorker.invokeTestMethods(TestMethodWorker.java:125)
at org.testng.internal.TestMethodWorker.run(TestMethodWorker.java:109)
at org.testng.TestRunner.privateRun(TestRunner.java:648)
at org.testng.TestRunner.run(TestRunner.java:505)
at org.testng.SuiteRunner.runTest(SuiteRunner.java:455)
at org.testng.SuiteRunner.runSequentially(SuiteRunner.java:450)
at org.testng.SuiteRunner.privateRun(SuiteRunner.java:415)
at org.testng.SuiteRunner.run(SuiteRunner.java:364)
at org.testng.SuiteRunnerWorker.runSuite(SuiteRunnerWorker.java:52)
at org.testng.SuiteRunnerWorker.run(SuiteRunnerWorker.java:84)
at org.testng.TestNG.runSuitesSequentially(TestNG.java:1208)
at org.testng.TestNG.runSuitesLocally(TestNG.java:1137)
at org.testng.TestNG.runSuites(TestNG.java:1049)
at org.testng.TestNG.run(TestNG.java:1017)
at org.testng.remote.AbstractRemoteTestNG.run(AbstractRemoteTestNG.java:114)
at org.testng.remote.RemoteTestNG.initAndRun(RemoteTestNG.java:251)
at org.testng.remote.RemoteTestNG.main(RemoteTestNG.java:77)
]]>
            </full-stacktrace>
          </exception> <!-- net.sf.json.JSONException -->
          <reporter-output>
          </reporter-output>
        </test-method> <!-- getVehCountPerMonitorPlatformStatus -->
      </class> <!-- com.bitnei.apitest.testcases.EvDetail -->
    </test> <!-- Default test -->
  </suite> <!-- apitest -->
</testng-results>
