<?xml version="1.0" encoding="UTF-8"?>
<!-- Generated by org.testng.reporters.JUnitXMLReporter -->
<testsuite hostname="DESKTOP-Q37MKND" ignored="0" name="APITEST" tests="14" failures="0" timestamp="16 三月 2019 03:15:17 GMT" time="1.118" errors="0">
  <testcase name="ChargingDataNo" time="0.29" classname="com.bitnei.apitest.testcases.openapi.ChargingData"/>
  <testcase name="EnergyConservationNormal" time="0.29" classname="com.bitnei.apitest.testcases.openapi.EnergyConservation"/>
  <testcase name="EnergyConservationUpScope" time="0.046" classname="com.bitnei.apitest.testcases.openapi.EnergyConservation"/>
  <testcase name="ChargingDataNoFrom" time="0.054" classname="com.bitnei.apitest.testcases.openapi.ChargingData"/>
  <testcase name="EnergyConservationWrongDateFormat" time="0.052" classname="com.bitnei.apitest.testcases.openapi.EnergyConservation"/>
  <testcase name="ChargingDataNoTo" time="0.05" classname="com.bitnei.apitest.testcases.openapi.ChargingData"/>
  <testcase name="EnergyConservationWrongTime" time="0.051" classname="com.bitnei.apitest.testcases.openapi.EnergyConservation"/>
  <testcase name="EnergyConservationInvalidtoken" time="0.022" classname="com.bitnei.apitest.testcases.openapi.RunningData"/>
  <testcase name="EnergyConservationNolicensePlate" time="0.042" classname="com.bitnei.apitest.testcases.openapi.RunningData"/>
  <testcase name="ChargingDataNormal" time="0.415" classname="com.bitnei.apitest.testcases.openapi.ChargingData"/>
  <testcase name="ChargingDataUpOneDay" time="0.046" classname="com.bitnei.apitest.testcases.openapi.ChargingData"/>
  <testcase name="ChargingDataWrongTime" time="0.06" classname="com.bitnei.apitest.testcases.openapi.ChargingData"/>
  <testcase name="EnergyConservationNormal" time="0.541" classname="com.bitnei.apitest.testcases.openapi.RunningData"/>
  <testcase name="EnergyConservationUpScope" time="0.05" classname="com.bitnei.apitest.testcases.openapi.RunningData"/>
</testsuite> <!-- APITEST -->
