<?xml version="1.0" encoding="UTF-8"?>
<!-- Generated by org.testng.reporters.JUnitXMLReporter -->
<testsuite hostname="DESKTOP-Q37MKND" ignored="0" name="APITEST1" tests="5" failures="0" timestamp="20 二月 2019 10:05:02 GMT" time="3.612" errors="0">
  <testcase name="ForwardVehicleByVin" time="0.815" classname="com.bitnei.apitest.testcases.datasend.ForwardVehicleQuery"/>
  <testcase name="ForwardVehicleSelect" time="1.228" classname="com.bitnei.apitest.testcases.datasend.ForwardVehicleSelectVehicles"/>
  <testcase name="ForwardVehicleAddVehicles" time="0.066" classname="com.bitnei.apitest.testcases.datasend.ForwardVehicleAddVehicle"/>
  <testcase name="ForwardVehicleRemoveVehicles" time="0.113" classname="com.bitnei.apitest.testcases.datasend.ForwardVehicleRemoveVehicle"/>
  <testcase name="ForwardVehicleBylicense" time="0.571" classname="com.bitnei.apitest.testcases.datasend.ForwardVehicleQuery"/>
</testsuite> <!-- APITEST1 -->
