<?xml version="1.0" encoding="UTF-8"?>
<!-- Generated by org.testng.reporters.JUnitXMLReporter -->
<testsuite hostname="DESKTOP-Q37MKND" ignored="0" name="APITEST" tests="22" failures="2" timestamp="28 二月 2019 01:42:24 GMT" time="12.615" errors="0">
  <testcase name="postVehiclesForStatus" time="0.191" classname="com.bitnei.apitest.testcases.PostVehicles">
    <failure type="java.lang.AssertionError" message="status code is not 200 expected [200] but found [401]">
      <![CDATA[java.lang.AssertionError: status code is not 200 expected [200] but found [401]
at org.testng.Assert.fail(Assert.java:96)
at org.testng.Assert.failNotEquals(Assert.java:776)
at org.testng.Assert.assertEqualsImpl(Assert.java:137)
at org.testng.Assert.assertEquals(Assert.java:118)
at org.testng.Assert.assertEquals(Assert.java:652)
at com.bitnei.apitest.testcases.PostVehicles.postVehiclesForStatus(PostVehicles.java:72)
at sun.reflect.NativeMethodAccessorImpl.invoke0(Native Method)
at sun.reflect.NativeMethodAccessorImpl.invoke(NativeMethodAccessorImpl.java:62)
at sun.reflect.DelegatingMethodAccessorImpl.invoke(DelegatingMethodAccessorImpl.java:43)
at java.lang.reflect.Method.invoke(Method.java:498)
at org.testng.internal.MethodInvocationHelper.invokeMethod(MethodInvocationHelper.java:124)
at org.testng.internal.Invoker.invokeMethod(Invoker.java:580)
at org.testng.internal.Invoker.invokeTestMethod(Invoker.java:716)
at org.testng.internal.Invoker.invokeTestMethods(Invoker.java:988)
at org.testng.internal.TestMethodWorker.invokeTestMethods(TestMethodWorker.java:125)
at org.testng.internal.TestMethodWorker.run(TestMethodWorker.java:109)
at java.util.concurrent.ThreadPoolExecutor.runWorker(ThreadPoolExecutor.java:1149)
at java.util.concurrent.ThreadPoolExecutor$Worker.run(ThreadPoolExecutor.java:624)
at java.lang.Thread.run(Thread.java:748)
]]>
    </failure>
  </testcase> <!-- postVehiclesForStatus -->
  <testcase name="PlatFormAdd" time="0.199" classname="com.bitnei.apitest.testcases.datasend.PlatFormSelect"/>
  <testcase name="PlatFormAdd" time="0.15" classname="com.bitnei.apitest.testcases.datasend.PlatForm"/>
  <testcase name="ProtocolAddData" time="0.105" classname="com.bitnei.apitest.testcases.datasend.ProtocolAdd"/>
  <testcase name="ProtocolUpdateData" time="2.138" classname="com.bitnei.apitest.testcases.datasend.ProtocolUpdate"/>
  <testcase name="TaskAddData" time="0.126" classname="com.bitnei.apitest.testcases.datasend.TaskAdd"/>
  <testcase name="ForwardVehicleByVin" time="0.116" classname="com.bitnei.apitest.testcases.datasend.ForwardVehicleQuery"/>
  <testcase name="ForwardVehicleSelect" time="1.349" classname="com.bitnei.apitest.testcases.datasend.ForwardVehicleSelectVehicles"/>
  <testcase name="ForwardVehicleAddVehicles" time="0.136" classname="com.bitnei.apitest.testcases.datasend.ForwardVehicleAddVehicle"/>
  <testcase name="ForwardVehicleRemoveVehicles" time="0.076" classname="com.bitnei.apitest.testcases.datasend.ForwardVehicleRemoveVehicle"/>
  <testcase name="SchemeAddData" time="0.216" classname="com.bitnei.apitest.testcases.bidash.SchemeAdd"/>
  <testcase name="getVehCountPerMonitorPlatformStatus" time="0.136" classname="com.bitnei.apitest.testcases.getVehCountPerMonitorPlatform">
    <failure type="java.lang.AssertionError" message="expected [{}] but found [{&amp;quot;status&amp;quot;:{&amp;quot;currentValue is &amp;quot;:401,&amp;quot;expectedValue is&amp;quot;:200},&amp;quot;data&amp;quot;:{&amp;quot;currentValue is &amp;quot;:401,&amp;quot;expectedValue is&amp;quot;:200,&amp;quot;actualValue&amp;quot;:null,&amp;quot;expectedValue&amp;quot;:[{&amp;quot;id&amp;quot;:1,&amp;quot;monitorPlatform&amp;quot;:&amp;quot;智云平台&amp;quot;,&amp;quot;num&amp;quot;:274419},{&amp;quot;id&amp;quot;:2,&amp;quot;monitorPlatform&amp;quot;:&amp;quot;英泰斯特&amp;quot;,&amp;quot;num&amp;quot;:14}]},&amp;quot;Length&amp;quot;:{&amp;quot;actualLenth&amp;quot;:1,&amp;quot;expectLenth&amp;quot;:2},&amp;quot;id&amp;quot;:{&amp;quot;actualKey&amp;quot;:&amp;quot;不存在此id&amp;quot;,&amp;quot;expectedKey&amp;quot;:&amp;quot;id&amp;quot;},&amp;quot;monitorPlatform&amp;quot;:{&amp;quot;actualKey&amp;quot;:&amp;quot;不存在此monitorPlatform&amp;quot;,&amp;quot;expectedKey&amp;quot;:&amp;quot;monitorPlatform&amp;quot;},&amp;quot;num&amp;quot;:{&amp;quot;actualKey&amp;quot;:&amp;quot;不存在此num&amp;quot;,&amp;quot;expectedKey&amp;quot;:&amp;quot;num&amp;quot;},&amp;quot;error&amp;quot;:{&amp;quot;currentValue is &amp;quot;:true,&amp;quot;expectedValue is&amp;quot;:false,&amp;quot;actualValue&amp;quot;:null,&amp;quot;expectedValue&amp;quot;:[{&amp;quot;id&amp;quot;:1,&amp;quot;monitorPlatform&amp;quot;:&amp;quot;智云平台&amp;quot;,&amp;quot;num&amp;quot;:274419},{&amp;quot;id&amp;quot;:2,&amp;quot;monitorPlatform&amp;quot;:&amp;quot;英泰斯特&amp;quot;,&amp;quot;num&amp;quot;:14}]}}]">
      <![CDATA[java.lang.AssertionError: expected [{}] but found [{"status":{"currentValue is ":401,"expectedValue is":200},"data":{"currentValue is ":401,"expectedValue is":200,"actualValue":null,"expectedValue":[{"id":1,"monitorPlatform":"智云平台","num":274419},{"id":2,"monitorPlatform":"英泰斯特","num":14}]},"Length":{"actualLenth":1,"expectLenth":2},"id":{"actualKey":"不存在此id","expectedKey":"id"},"monitorPlatform":{"actualKey":"不存在此monitorPlatform","expectedKey":"monitorPlatform"},"num":{"actualKey":"不存在此num","expectedKey":"num"},"error":{"currentValue is ":true,"expectedValue is":false,"actualValue":null,"expectedValue":[{"id":1,"monitorPlatform":"智云平台","num":274419},{"id":2,"monitorPlatform":"英泰斯特","num":14}]}}]
at org.testng.Assert.fail(Assert.java:96)
at org.testng.Assert.failNotEquals(Assert.java:776)
at org.testng.Assert.assertEqualsImpl(Assert.java:137)
at org.testng.Assert.assertEquals(Assert.java:118)
at org.testng.Assert.assertEquals(Assert.java:453)
at org.testng.Assert.assertEquals(Assert.java:463)
at com.bitnei.apitest.testcases.getVehCountPerMonitorPlatform.getVehCountPerMonitorPlatformStatus(getVehCountPerMonitorPlatform.java:73)
at sun.reflect.NativeMethodAccessorImpl.invoke0(Native Method)
at sun.reflect.NativeMethodAccessorImpl.invoke(NativeMethodAccessorImpl.java:62)
at sun.reflect.DelegatingMethodAccessorImpl.invoke(DelegatingMethodAccessorImpl.java:43)
at java.lang.reflect.Method.invoke(Method.java:498)
at org.testng.internal.MethodInvocationHelper.invokeMethod(MethodInvocationHelper.java:124)
at org.testng.internal.Invoker.invokeMethod(Invoker.java:580)
at org.testng.internal.Invoker.invokeTestMethod(Invoker.java:716)
at org.testng.internal.Invoker.invokeTestMethods(Invoker.java:988)
at org.testng.internal.TestMethodWorker.invokeTestMethods(TestMethodWorker.java:125)
at org.testng.internal.TestMethodWorker.run(TestMethodWorker.java:109)
at java.util.concurrent.ThreadPoolExecutor.runWorker(ThreadPoolExecutor.java:1149)
at java.util.concurrent.ThreadPoolExecutor$Worker.run(ThreadPoolExecutor.java:624)
at java.lang.Thread.run(Thread.java:748)
]]>
    </failure>
  </testcase> <!-- getVehCountPerMonitorPlatformStatus -->
  <testcase name="getVehCountPerMonitorPlatformStatus" time="0.862" classname="com.bitnei.apitest.testcases.EvDetail"/>
  <testcase name="PlatFormModify" time="0.616" classname="com.bitnei.apitest.testcases.datasend.PlatFormUpdate"/>
  <testcase name="PlatFormDelData" time="0.579" classname="com.bitnei.apitest.testcases.datasend.PlatFormDel"/>
  <testcase name="ProtocolDeleteData" time="0.492" classname="com.bitnei.apitest.testcases.datasend.ProtocolDelete"/>
  <testcase name="TaskAddDataRep" time="0.071" classname="com.bitnei.apitest.testcases.datasend.TaskAdd"/>
  <testcase name="ForwardVehicleBylicense" time="0.053" classname="com.bitnei.apitest.testcases.datasend.ForwardVehicleQuery"/>
  <testcase name="SchemeAddDataRep" time="0.032" classname="com.bitnei.apitest.testcases.bidash.SchemeAdd"/>
  <testcase name="TaskAddDataRepTask" time="0.044" classname="com.bitnei.apitest.testcases.datasend.TaskAdd"/>
  <testcase name="SchemeDeleteData" time="0.549" classname="com.bitnei.apitest.testcases.bidash.SchemeAdd"/>
  <testcase name="TaskDeleteData" time="0.499" classname="com.bitnei.apitest.testcases.datasend.TaskDelete"/>
</testsuite> <!-- APITEST -->
