<?xml version="1.0" encoding="UTF-8"?>
<!-- Generated by org.testng.reporters.JUnitXMLReporter -->
<testsuite hostname="DESKTOP-Q37MKND" ignored="0" name="DATASEND" tests="6" failures="0" timestamp="05 九月 2019 08:19:50 GMT" time="12.355" errors="0">
  <testcase name="PlatFormAdd" time="0.282" classname="com.bitnei.apitest.testcases.datasend.PlatForm"/>
  <testcase name="ProtocolAddData" time="0.075" classname="com.bitnei.apitest.testcases.datasend.ProtocolAdd"/>
  <testcase name="ProtocolUpdateData" time="2.76" classname="com.bitnei.apitest.testcases.datasend.ProtocolUpdate"/>
  <testcase name="TaskAddData" time="0.615" classname="com.bitnei.apitest.testcases.datasend.TaskAdd"/>
  <testcase name="VehicleAddData" time="0.752" classname="com.bitnei.apitest.testcases.datasend.VehicleAdd"/>
  <testcase name="VehicleRemoveData" time="1.035" classname="com.bitnei.apitest.testcases.datasend.VehicleRemove"/>
</testsuite> <!-- DATASEND -->
