<?xml version="1.0" encoding="UTF-8"?>
<!-- Generated by org.testng.reporters.JUnitXMLReporter -->
<testsuite hostname="DESKTOP-Q37MKND" ignored="0" name="Default test" tests="11" failures="0" timestamp="27 九月 2019 09:00:50 GMT" time="9.616" errors="0">
  <testcase name="UserInfoQueryData" time="2.978" classname="com.bitnei.apitest.testcases.saas.YiQiDataSet"/>
  <testcase name="UserInfoQueryData" time="0.566" classname="com.bitnei.apitest.testcases.saas.YiQiDataSet"/>
  <testcase name="UserInfoQueryData" time="2.012" classname="com.bitnei.apitest.testcases.saas.YiQiDataSet"/>
  <testcase name="UserInfoQueryData" time="0.471" classname="com.bitnei.apitest.testcases.saas.YiQiDataSet"/>
  <testcase name="UserInfoQueryData" time="0.414" classname="com.bitnei.apitest.testcases.saas.YiQiDataSet"/>
  <testcase name="UserInfoQueryData" time="0.367" classname="com.bitnei.apitest.testcases.saas.YiQiDataSet"/>
  <testcase name="UserInfoQueryData" time="0.383" classname="com.bitnei.apitest.testcases.saas.YiQiDataSet"/>
  <testcase name="UserInfoQueryData" time="0.347" classname="com.bitnei.apitest.testcases.saas.YiQiDataSet"/>
  <testcase name="UserInfoQueryData" time="0.312" classname="com.bitnei.apitest.testcases.saas.YiQiDataSet"/>
  <testcase name="UserInfoQueryData" time="0.28" classname="com.bitnei.apitest.testcases.saas.YiQiDataSet"/>
  <testcase name="UserInfoQueryData" time="0.314" classname="com.bitnei.apitest.testcases.saas.YiQiDataSet"/>
</testsuite> <!-- Default test -->
