<?xml version="1.0" encoding="UTF-8"?>
<!-- Generated by org.testng.reporters.JUnitXMLReporter -->
<testsuite hostname="DESKTOP-Q37MKND" ignored="0" name="SAAS" tests="58" failures="0" timestamp="10 八月 2020 02:38:47 GMT" time="132.84" errors="0">
  <testcase name="ApiTestCode" time="0.054" classname="com.bitnei.apitest.testcases.saas.ApiTest"/>
  <testcase name="ApiTestCode" time="0.043" classname="com.bitnei.apitest.testcases.saas.ApiTest"/>
  <testcase name="ApiTestCode" time="0.053" classname="com.bitnei.apitest.testcases.saas.ApiTest"/>
  <testcase name="ApiTestCode" time="0.067" classname="com.bitnei.apitest.testcases.saas.ApiTest"/>
  <testcase name="ApiTestCode" time="0.057" classname="com.bitnei.apitest.testcases.saas.ApiTest"/>
  <testcase name="ApiTestCode" time="0.038" classname="com.bitnei.apitest.testcases.saas.ApiTest"/>
  <testcase name="ApiTestCode" time="0.033" classname="com.bitnei.apitest.testcases.saas.ApiTest"/>
  <testcase name="ApiTestCode" time="0.051" classname="com.bitnei.apitest.testcases.saas.ApiTest"/>
  <testcase name="ApiTestCode" time="0.179" classname="com.bitnei.apitest.testcases.saas.ApiTest"/>
  <testcase name="ApiTestCode" time="0.061" classname="com.bitnei.apitest.testcases.saas.ApiTest"/>
  <testcase name="ApiTestCode" time="0.034" classname="com.bitnei.apitest.testcases.saas.ApiTest"/>
  <testcase name="ApiTestCode" time="0.085" classname="com.bitnei.apitest.testcases.saas.ApiTest"/>
  <testcase name="ApiTestCode" time="0.051" classname="com.bitnei.apitest.testcases.saas.ApiTest"/>
  <testcase name="ApiTestCode" time="0.052" classname="com.bitnei.apitest.testcases.saas.ApiTest"/>
  <testcase name="ApiTestCode" time="0.035" classname="com.bitnei.apitest.testcases.saas.ApiTest"/>
  <testcase name="ApiTestCode" time="0.058" classname="com.bitnei.apitest.testcases.saas.ApiTest"/>
  <testcase name="ApiTestCode" time="0.061" classname="com.bitnei.apitest.testcases.saas.ApiTest"/>
  <testcase name="ApiTestCode" time="0.066" classname="com.bitnei.apitest.testcases.saas.ApiTest"/>
  <testcase name="ApiTestCode" time="0.049" classname="com.bitnei.apitest.testcases.saas.ApiTest"/>
  <testcase name="ApiTestCode" time="0.033" classname="com.bitnei.apitest.testcases.saas.ApiTest"/>
  <testcase name="ApiTestCode" time="0.057" classname="com.bitnei.apitest.testcases.saas.ApiTest"/>
  <testcase name="ApiTestCode" time="0.05" classname="com.bitnei.apitest.testcases.saas.ApiTest"/>
  <testcase name="ApiTestCode" time="0.03" classname="com.bitnei.apitest.testcases.saas.ApiTest"/>
  <testcase name="ApiTestCode" time="0.028" classname="com.bitnei.apitest.testcases.saas.ApiTest"/>
  <testcase name="ApiTestCode" time="0.516" classname="com.bitnei.apitest.testcases.saas.ApiTest"/>
  <testcase name="ApiTestCode" time="0.271" classname="com.bitnei.apitest.testcases.saas.ApiTest"/>
  <testcase name="ApiTestCode" time="0.227" classname="com.bitnei.apitest.testcases.saas.ApiTest"/>
  <testcase name="ApiTestCode" time="0.264" classname="com.bitnei.apitest.testcases.saas.ApiTest"/>
  <testcase name="ApiTestCode" time="0.051" classname="com.bitnei.apitest.testcases.saas.ApiTest"/>
  <testcase name="ApiTestCode" time="0.382" classname="com.bitnei.apitest.testcases.saas.ApiTest"/>
  <testcase name="ApiTestCode" time="0.078" classname="com.bitnei.apitest.testcases.saas.ApiTest"/>
  <testcase name="ApiTestCode" time="0.06" classname="com.bitnei.apitest.testcases.saas.ApiTest"/>
  <testcase name="ApiTestCode" time="0.05" classname="com.bitnei.apitest.testcases.saas.ApiTest"/>
  <testcase name="ApiTestCode" time="0.05" classname="com.bitnei.apitest.testcases.saas.ApiTest"/>
  <testcase name="ApiTestCode" time="0.052" classname="com.bitnei.apitest.testcases.saas.ApiTest"/>
  <testcase name="ApiTestCode" time="0.039" classname="com.bitnei.apitest.testcases.saas.ApiTest"/>
  <testcase name="ApiTestCode" time="0.061" classname="com.bitnei.apitest.testcases.saas.ApiTest"/>
  <testcase name="ApiTestCode" time="0.032" classname="com.bitnei.apitest.testcases.saas.ApiTest"/>
  <testcase name="ApiTestCode" time="0.241" classname="com.bitnei.apitest.testcases.saas.ApiTest"/>
  <testcase name="ApiTestCode" time="0.242" classname="com.bitnei.apitest.testcases.saas.ApiTest"/>
  <testcase name="ApiTest" time="0.0" classname="com.bitnei.apitest.testcases.saas.PostApiTestParas">
    <skipped/>
  </testcase> <!-- ApiTest -->
  <testcase name="UserInfoRgisterData" time="5.604" classname="com.bitnei.apitest.testcases.saas.TestGeodeData"/>
  <testcase name="UserInfoRgisterData" time="9.651" classname="com.bitnei.apitest.testcases.saas.TestGeodeData"/>
  <testcase name="UserInfoRgisterData" time="10.221" classname="com.bitnei.apitest.testcases.saas.TestGeodeData"/>
  <testcase name="UserInfoRgisterData" time="19.58" classname="com.bitnei.apitest.testcases.saas.TestGeodeData"/>
  <testcase name="UserInfoRgisterData" time="10.11" classname="com.bitnei.apitest.testcases.saas.TestGeodeData"/>
  <testcase name="UserInfoRgisterData" time="22.368" classname="com.bitnei.apitest.testcases.saas.TestGeodeData"/>
  <testcase name="Insurance" time="0.07" classname="com.bitnei.apitest.testcases.saas.GetInsurance"/>
  <testcase name="Insurance" time="0.036" classname="com.bitnei.apitest.testcases.saas.GetInsurance"/>
  <testcase name="Insurance" time="0.038" classname="com.bitnei.apitest.testcases.saas.GetInsurance"/>
  <testcase name="Insurance" time="0.048" classname="com.bitnei.apitest.testcases.saas.GetInsurance"/>
  <testcase name="Insurance" time="0.034" classname="com.bitnei.apitest.testcases.saas.GetInsurance"/>
  <testcase name="Insurance" time="0.056" classname="com.bitnei.apitest.testcases.saas.GetInsurance"/>
  <testcase name="Insurance" time="0.028" classname="com.bitnei.apitest.testcases.saas.GetInsurance"/>
  <testcase name="Insurance" time="0.041" classname="com.bitnei.apitest.testcases.saas.GetInsurance"/>
  <testcase name="Insurance" time="0.035" classname="com.bitnei.apitest.testcases.saas.GetInsurance"/>
  <testcase name="Insurance" time="0.027" classname="com.bitnei.apitest.testcases.saas.GetInsurance"/>
  <testcase name="Insurance" time="0.035" classname="com.bitnei.apitest.testcases.saas.GetInsurance"/>
</testsuite> <!-- SAAS -->
