<?xml version="1.0" encoding="UTF-8"?>
<!-- Generated by org.testng.reporters.JUnitXMLReporter -->
<testsuite hostname="DESKTOP-Q37MKND" ignored="0" name="SAAS" tests="47" failures="0" timestamp="06 七月 2020 03:00:14 GMT" time="136.534" errors="0">
  <testcase name="ApiTestCode" time="0.052" classname="com.bitnei.apitest.testcases.saas.ApiTest"/>
  <testcase name="ApiTestCode" time="0.036" classname="com.bitnei.apitest.testcases.saas.ApiTest"/>
  <testcase name="ApiTestCode" time="0.057" classname="com.bitnei.apitest.testcases.saas.ApiTest"/>
  <testcase name="ApiTestCode" time="0.075" classname="com.bitnei.apitest.testcases.saas.ApiTest"/>
  <testcase name="ApiTestCode" time="0.11" classname="com.bitnei.apitest.testcases.saas.ApiTest"/>
  <testcase name="ApiTestCode" time="0.084" classname="com.bitnei.apitest.testcases.saas.ApiTest"/>
  <testcase name="ApiTestCode" time="0.032" classname="com.bitnei.apitest.testcases.saas.ApiTest"/>
  <testcase name="ApiTestCode" time="0.082" classname="com.bitnei.apitest.testcases.saas.ApiTest"/>
  <testcase name="ApiTestCode" time="0.06" classname="com.bitnei.apitest.testcases.saas.ApiTest"/>
  <testcase name="ApiTestCode" time="0.059" classname="com.bitnei.apitest.testcases.saas.ApiTest"/>
  <testcase name="ApiTestCode" time="0.041" classname="com.bitnei.apitest.testcases.saas.ApiTest"/>
  <testcase name="ApiTestCode" time="0.114" classname="com.bitnei.apitest.testcases.saas.ApiTest"/>
  <testcase name="ApiTestCode" time="0.072" classname="com.bitnei.apitest.testcases.saas.ApiTest"/>
  <testcase name="ApiTestCode" time="0.058" classname="com.bitnei.apitest.testcases.saas.ApiTest"/>
  <testcase name="ApiTestCode" time="0.042" classname="com.bitnei.apitest.testcases.saas.ApiTest"/>
  <testcase name="ApiTestCode" time="0.036" classname="com.bitnei.apitest.testcases.saas.ApiTest"/>
  <testcase name="ApiTestCode" time="0.121" classname="com.bitnei.apitest.testcases.saas.ApiTest"/>
  <testcase name="ApiTestCode" time="0.074" classname="com.bitnei.apitest.testcases.saas.ApiTest"/>
  <testcase name="ApiTestCode" time="0.048" classname="com.bitnei.apitest.testcases.saas.ApiTest"/>
  <testcase name="ApiTestCode" time="0.036" classname="com.bitnei.apitest.testcases.saas.ApiTest"/>
  <testcase name="ApiTestCode" time="0.067" classname="com.bitnei.apitest.testcases.saas.ApiTest"/>
  <testcase name="ApiTestCode" time="0.077" classname="com.bitnei.apitest.testcases.saas.ApiTest"/>
  <testcase name="ApiTestCode" time="0.048" classname="com.bitnei.apitest.testcases.saas.ApiTest"/>
  <testcase name="ApiTestCode" time="0.05" classname="com.bitnei.apitest.testcases.saas.ApiTest"/>
  <testcase name="ApiTestCode" time="0.292" classname="com.bitnei.apitest.testcases.saas.ApiTest"/>
  <testcase name="ApiTestCode" time="0.302" classname="com.bitnei.apitest.testcases.saas.ApiTest"/>
  <testcase name="ApiTestCode" time="0.196" classname="com.bitnei.apitest.testcases.saas.ApiTest"/>
  <testcase name="ApiTestCode" time="4.729" classname="com.bitnei.apitest.testcases.saas.ApiTest"/>
  <testcase name="ApiTestCode" time="0.046" classname="com.bitnei.apitest.testcases.saas.ApiTest"/>
  <testcase name="ApiTestCode" time="0.053" classname="com.bitnei.apitest.testcases.saas.ApiTest"/>
  <testcase name="ApiTestCode" time="0.07" classname="com.bitnei.apitest.testcases.saas.ApiTest"/>
  <testcase name="ApiTestCode" time="0.715" classname="com.bitnei.apitest.testcases.saas.ApiTest"/>
  <testcase name="ApiTestCode" time="0.684" classname="com.bitnei.apitest.testcases.saas.ApiTest"/>
  <testcase name="ApiTestCode" time="0.046" classname="com.bitnei.apitest.testcases.saas.ApiTest"/>
  <testcase name="ApiTestCode" time="0.059" classname="com.bitnei.apitest.testcases.saas.ApiTest"/>
  <testcase name="ApiTestCode" time="0.047" classname="com.bitnei.apitest.testcases.saas.ApiTest"/>
  <testcase name="ApiTest" time="4.826" classname="com.bitnei.apitest.testcases.saas.PostApiTestParas"/>
  <testcase name="UserInfoRgisterData" time="2.97" classname="com.bitnei.apitest.testcases.saas.TestGeodeData"/>
  <testcase name="UserInfoRgisterData" time="9.168" classname="com.bitnei.apitest.testcases.saas.TestGeodeData"/>
  <testcase name="UserInfoRgisterData" time="8.275" classname="com.bitnei.apitest.testcases.saas.TestGeodeData"/>
  <testcase name="UserInfoRgisterData" time="18.815" classname="com.bitnei.apitest.testcases.saas.TestGeodeData"/>
  <testcase name="UserInfoRgisterData" time="9.56" classname="com.bitnei.apitest.testcases.saas.TestGeodeData"/>
  <testcase name="UserInfoRgisterData" time="19.28" classname="com.bitnei.apitest.testcases.saas.TestGeodeData"/>
  <testcase name="Insurance" time="0.06" classname="com.bitnei.apitest.testcases.saas.GetInsurance"/>
  <testcase name="Insurance" time="1.113" classname="com.bitnei.apitest.testcases.saas.GetInsurance"/>
  <testcase name="Insurance" time="0.037" classname="com.bitnei.apitest.testcases.saas.GetInsurance"/>
  <testcase name="Insurance" time="0.046" classname="com.bitnei.apitest.testcases.saas.GetInsurance"/>
</testsuite> <!-- SAAS -->
