<?xml version="1.0" encoding="UTF-8"?>
<!-- Generated by org.testng.reporters.JUnitXMLReporter -->
<testsuite hostname="DESKTOP-Q37MKND" ignored="0" name="SAAS" tests="113" failures="2" timestamp="17 十二月 2020 01:22:58 GMT" time="147.673" errors="0">
  <testcase name="ApiTestCode" time="0.088" classname="com.bitnei.apitest.testcases.saas.ApiTest"/>
  <testcase name="ApiTestCode" time="0.083" classname="com.bitnei.apitest.testcases.saas.ApiTest"/>
  <testcase name="ApiTestCode" time="0.034" classname="com.bitnei.apitest.testcases.saas.ApiTest"/>
  <testcase name="ApiTestCode" time="0.055" classname="com.bitnei.apitest.testcases.saas.ApiTest"/>
  <testcase name="ApiTestCode" time="0.114" classname="com.bitnei.apitest.testcases.saas.ApiTest"/>
  <testcase name="ApiTestCode" time="0.045" classname="com.bitnei.apitest.testcases.saas.ApiTest"/>
  <testcase name="ApiTestCode" time="0.026" classname="com.bitnei.apitest.testcases.saas.ApiTest"/>
  <testcase name="ApiTestCode" time="0.023" classname="com.bitnei.apitest.testcases.saas.ApiTest"/>
  <testcase name="ApiTestCode" time="0.045" classname="com.bitnei.apitest.testcases.saas.ApiTest"/>
  <testcase name="ApiTestCode" time="0.222" classname="com.bitnei.apitest.testcases.saas.ApiTest"/>
  <testcase name="ApiTestCode" time="0.184" classname="com.bitnei.apitest.testcases.saas.ApiTest"/>
  <testcase name="ApiTestCode" time="0.024" classname="com.bitnei.apitest.testcases.saas.ApiTest"/>
  <testcase name="ApiTestCode" time="0.104" classname="com.bitnei.apitest.testcases.saas.ApiTest"/>
  <testcase name="ApiTestCode" time="0.046" classname="com.bitnei.apitest.testcases.saas.ApiTest"/>
  <testcase name="ApiTestCode" time="0.047" classname="com.bitnei.apitest.testcases.saas.ApiTest"/>
  <testcase name="ApiTestCode" time="0.027" classname="com.bitnei.apitest.testcases.saas.ApiTest"/>
  <testcase name="ApiTestCode" time="0.023" classname="com.bitnei.apitest.testcases.saas.ApiTest"/>
  <testcase name="ApiTestCode" time="0.043" classname="com.bitnei.apitest.testcases.saas.ApiTest"/>
  <testcase name="ApiTestCode" time="0.045" classname="com.bitnei.apitest.testcases.saas.ApiTest"/>
  <testcase name="ApiTestCode" time="0.026" classname="com.bitnei.apitest.testcases.saas.ApiTest"/>
  <testcase name="ApiTestCode" time="0.029" classname="com.bitnei.apitest.testcases.saas.ApiTest"/>
  <testcase name="ApiTestCode" time="0.05" classname="com.bitnei.apitest.testcases.saas.ApiTest"/>
  <testcase name="ApiTestCode" time="0.046" classname="com.bitnei.apitest.testcases.saas.ApiTest"/>
  <testcase name="ApiTestCode" time="0.025" classname="com.bitnei.apitest.testcases.saas.ApiTest"/>
  <testcase name="ApiTestCode" time="0.025" classname="com.bitnei.apitest.testcases.saas.ApiTest"/>
  <testcase name="ApiTestCode" time="0.458" classname="com.bitnei.apitest.testcases.saas.ApiTest"/>
  <testcase name="ApiTestCode" time="0.273" classname="com.bitnei.apitest.testcases.saas.ApiTest"/>
  <testcase name="ApiTestCode" time="0.246" classname="com.bitnei.apitest.testcases.saas.ApiTest"/>
  <testcase name="ApiTestCode" time="0.169" classname="com.bitnei.apitest.testcases.saas.ApiTest"/>
  <testcase name="ApiTestCode" time="0.025" classname="com.bitnei.apitest.testcases.saas.ApiTest"/>
  <testcase name="ApiTestCode" time="0.063" classname="com.bitnei.apitest.testcases.saas.ApiTest"/>
  <testcase name="ApiTestCode" time="0.033" classname="com.bitnei.apitest.testcases.saas.ApiTest"/>
  <testcase name="ApiTestCode" time="0.055" classname="com.bitnei.apitest.testcases.saas.ApiTest"/>
  <testcase name="ApiTestCode" time="0.089" classname="com.bitnei.apitest.testcases.saas.ApiTest"/>
  <testcase name="ApiTestCode" time="0.228" classname="com.bitnei.apitest.testcases.saas.ApiTest"/>
  <testcase name="ApiTestCode" time="0.161" classname="com.bitnei.apitest.testcases.saas.ApiTest"/>
  <testcase name="ApiTestCode" time="0.075" classname="com.bitnei.apitest.testcases.saas.ApiTest"/>
  <testcase name="ApiTestCode" time="0.041" classname="com.bitnei.apitest.testcases.saas.ApiTest"/>
  <testcase name="ApiTestCode" time="0.028" classname="com.bitnei.apitest.testcases.saas.ApiTest"/>
  <testcase name="ApiTestCode" time="0.288" classname="com.bitnei.apitest.testcases.saas.ApiTest"/>
  <testcase name="ApiTestCode" time="0.236" classname="com.bitnei.apitest.testcases.saas.ApiTest"/>
  <testcase name="ApiTestCode" time="0.36" classname="com.bitnei.apitest.testcases.saas.ApiTest"/>
  <testcase name="ApiTestCode" time="0.212" classname="com.bitnei.apitest.testcases.saas.ApiTest"/>
  <testcase name="ApiTestCode" time="0.059" classname="com.bitnei.apitest.testcases.saas.ApiTest"/>
  <testcase name="ApiTestCode" time="0.046" classname="com.bitnei.apitest.testcases.saas.ApiTest"/>
  <testcase name="ApiTestCode" time="0.044" classname="com.bitnei.apitest.testcases.saas.ApiTest"/>
  <testcase name="ApiTestCode" time="0.06" classname="com.bitnei.apitest.testcases.saas.ApiTest"/>
  <testcase name="ApiTestCode" time="0.033" classname="com.bitnei.apitest.testcases.saas.ApiTest"/>
  <testcase name="ApiTestCode" time="0.064" classname="com.bitnei.apitest.testcases.saas.ApiTest"/>
  <testcase name="ApiTestCode" time="0.034" classname="com.bitnei.apitest.testcases.saas.ApiTest"/>
  <testcase name="ApiTestCode" time="0.066" classname="com.bitnei.apitest.testcases.saas.ApiTest"/>
  <testcase name="ApiTestCode" time="0.103" classname="com.bitnei.apitest.testcases.saas.ApiTest"/>
  <testcase name="ApiTestCode" time="0.092" classname="com.bitnei.apitest.testcases.saas.ApiTest"/>
  <testcase name="ApiTestCode" time="0.024" classname="com.bitnei.apitest.testcases.saas.ApiTest"/>
  <testcase name="ApiTestCode" time="0.084" classname="com.bitnei.apitest.testcases.saas.ApiTest"/>
  <testcase name="ApiTestCode" time="0.088" classname="com.bitnei.apitest.testcases.saas.ApiTest"/>
  <testcase name="ApiTestCode" time="0.097" classname="com.bitnei.apitest.testcases.saas.ApiTest"/>
  <testcase name="ApiTestCode" time="0.052" classname="com.bitnei.apitest.testcases.saas.ApiTest"/>
  <testcase name="ApiTestCode" time="0.046" classname="com.bitnei.apitest.testcases.saas.ApiTest"/>
  <testcase name="ApiTestCode" time="0.098" classname="com.bitnei.apitest.testcases.saas.ApiTest"/>
  <testcase name="ApiTestCode" time="0.029" classname="com.bitnei.apitest.testcases.saas.ApiTest"/>
  <testcase name="ApiTestCode" time="0.075" classname="com.bitnei.apitest.testcases.saas.ApiTest"/>
  <testcase name="ApiTestCode" time="0.029" classname="com.bitnei.apitest.testcases.saas.ApiTest"/>
  <testcase name="ApiTestCode" time="0.025" classname="com.bitnei.apitest.testcases.saas.ApiTest"/>
  <testcase name="ApiTestCode" time="0.034" classname="com.bitnei.apitest.testcases.saas.ApiTest">
    <failure type="java.lang.AssertionError" message="expected [{}] but found [{&amp;quot;data&amp;quot;:{&amp;quot;actualValue&amp;quot;:null,&amp;quot;expectedValue&amp;quot;:{&amp;quot;productType&amp;quot;:&amp;quot;P&amp;quot;,&amp;quot;assessmentTime&amp;quot;:&amp;quot;20200621&amp;quot;,&amp;quot;internalResistanceScore&amp;quot;:100,&amp;quot;volumeScore&amp;quot;:100,&amp;quot;selfDischargeRateScore&amp;quot;:99.96,&amp;quot;voltConsistenceScore&amp;quot;:95.55,&amp;quot;temperatureConsistenceScore&amp;quot;:98.37,&amp;quot;synthesizeScore&amp;quot;:98.5,&amp;quot;lastReportTime&amp;quot;:null}},&amp;quot;productType&amp;quot;:{&amp;quot;actualKey&amp;quot;:&amp;quot;不存在此productType&amp;quot;,&amp;quot;expectedKey&amp;quot;:&amp;quot;productType&amp;quot;},&amp;quot;assessmentTime&amp;quot;:{&amp;quot;actualKey&amp;quot;:&amp;quot;不存在此assessmentTime&amp;quot;,&amp;quot;expectedKey&amp;quot;:&amp;quot;assessmentTime&amp;quot;},&amp;quot;internalResistanceScore&amp;quot;:{&amp;quot;actualKey&amp;quot;:&amp;quot;不存在此internalResistanceScore&amp;quot;,&amp;quot;expectedKey&amp;quot;:&amp;quot;internalResistanceScore&amp;quot;},&amp;quot;volumeScore&amp;quot;:{&amp;quot;actualKey&amp;quot;:&amp;quot;不存在此volumeScore&amp;quot;,&amp;quot;expectedKey&amp;quot;:&amp;quot;volumeScore&amp;quot;},&amp;quot;selfDischargeRateScore&amp;quot;:{&amp;quot;actualKey&amp;quot;:&amp;quot;不存在此selfDischargeRateScore&amp;quot;,&amp;quot;expectedKey&amp;quot;:&amp;quot;selfDischargeRateScore&amp;quot;},&amp;quot;voltConsistenceScore&amp;quot;:{&amp;quot;actualKey&amp;quot;:&amp;quot;不存在此voltConsistenceScore&amp;quot;,&amp;quot;expectedKey&amp;quot;:&amp;quot;voltConsistenceScore&amp;quot;},&amp;quot;temperatureConsistenceScore&amp;quot;:{&amp;quot;actualKey&amp;quot;:&amp;quot;不存在此temperatureConsistenceScore&amp;quot;,&amp;quot;expectedKey&amp;quot;:&amp;quot;temperatureConsistenceScore&amp;quot;},&amp;quot;synthesizeScore&amp;quot;:{&amp;quot;actualKey&amp;quot;:&amp;quot;不存在此synthesizeScore&amp;quot;,&amp;quot;expectedKey&amp;quot;:&amp;quot;synthesizeScore&amp;quot;},&amp;quot;lastReportTime&amp;quot;:{&amp;quot;actualKey&amp;quot;:&amp;quot;不存在此lastReportTime&amp;quot;,&amp;quot;expectedKey&amp;quot;:&amp;quot;lastReportTime&amp;quot;},&amp;quot;code&amp;quot;:{&amp;quot;actualValue&amp;quot;:null,&amp;quot;expectedValue&amp;quot;:{&amp;quot;productType&amp;quot;:&amp;quot;P&amp;quot;,&amp;quot;assessmentTime&amp;quot;:&amp;quot;20200621&amp;quot;,&amp;quot;internalResistanceScore&amp;quot;:100,&amp;quot;volumeScore&amp;quot;:100,&amp;quot;selfDischargeRateScore&amp;quot;:99.96,&amp;quot;voltConsistenceScore&amp;quot;:95.55,&amp;quot;temperatureConsistenceScore&amp;quot;:98.37,&amp;quot;synthesizeScore&amp;quot;:98.5,&amp;quot;lastReportTime&amp;quot;:null},&amp;quot;currentValue is &amp;quot;:&amp;quot;35000&amp;quot;,&amp;quot;expectedValue is &amp;quot;:&amp;quot;10000&amp;quot;}}]">
      <![CDATA[java.lang.AssertionError: expected [{}] but found [{"data":{"actualValue":null,"expectedValue":{"productType":"P","assessmentTime":"20200621","internalResistanceScore":100,"volumeScore":100,"selfDischargeRateScore":99.96,"voltConsistenceScore":95.55,"temperatureConsistenceScore":98.37,"synthesizeScore":98.5,"lastReportTime":null}},"productType":{"actualKey":"不存在此productType","expectedKey":"productType"},"assessmentTime":{"actualKey":"不存在此assessmentTime","expectedKey":"assessmentTime"},"internalResistanceScore":{"actualKey":"不存在此internalResistanceScore","expectedKey":"internalResistanceScore"},"volumeScore":{"actualKey":"不存在此volumeScore","expectedKey":"volumeScore"},"selfDischargeRateScore":{"actualKey":"不存在此selfDischargeRateScore","expectedKey":"selfDischargeRateScore"},"voltConsistenceScore":{"actualKey":"不存在此voltConsistenceScore","expectedKey":"voltConsistenceScore"},"temperatureConsistenceScore":{"actualKey":"不存在此temperatureConsistenceScore","expectedKey":"temperatureConsistenceScore"},"synthesizeScore":{"actualKey":"不存在此synthesizeScore","expectedKey":"synthesizeScore"},"lastReportTime":{"actualKey":"不存在此lastReportTime","expectedKey":"lastReportTime"},"code":{"actualValue":null,"expectedValue":{"productType":"P","assessmentTime":"20200621","internalResistanceScore":100,"volumeScore":100,"selfDischargeRateScore":99.96,"voltConsistenceScore":95.55,"temperatureConsistenceScore":98.37,"synthesizeScore":98.5,"lastReportTime":null},"currentValue is ":"35000","expectedValue is ":"10000"}}]
at com.bitnei.apitest.testcases.saas.ApiTest.ApiTestCode(ApiTest.java:101)
at java.util.concurrent.ThreadPoolExecutor.runWorker(ThreadPoolExecutor.java:1149)
at java.util.concurrent.ThreadPoolExecutor$Worker.run(ThreadPoolExecutor.java:624)
at java.lang.Thread.run(Thread.java:748)
... Removed 15 stack frames]]>
    </failure>
  </testcase> <!-- ApiTestCode -->
  <testcase name="ApiTestCode" time="0.027" classname="com.bitnei.apitest.testcases.saas.ApiTest"/>
  <testcase name="ApiTestCode" time="0.024" classname="com.bitnei.apitest.testcases.saas.ApiTest"/>
  <testcase name="ApiTestCode" time="0.037" classname="com.bitnei.apitest.testcases.saas.ApiTest">
    <failure type="java.lang.AssertionError" message="expected [{}] but found [{&amp;quot;data&amp;quot;:{&amp;quot;actualValue&amp;quot;:null,&amp;quot;expectedValue&amp;quot;:[{&amp;quot;mileageRange&amp;quot;:0,&amp;quot;volFading&amp;quot;:2,&amp;quot;lastReportTime&amp;quot;:null},{&amp;quot;mileageRange&amp;quot;:1,&amp;quot;volFading&amp;quot;:2.21,&amp;quot;lastReportTime&amp;quot;:null},{&amp;quot;mileageRange&amp;quot;:2,&amp;quot;volFading&amp;quot;:2.32,&amp;quot;lastReportTime&amp;quot;:null},{&amp;quot;mileageRange&amp;quot;:3,&amp;quot;volFading&amp;quot;:2.27,&amp;quot;lastReportTime&amp;quot;:null}]},&amp;quot;Length&amp;quot;:{&amp;quot;actualLenth&amp;quot;:1,&amp;quot;expectLenth&amp;quot;:4},&amp;quot;mileageRange&amp;quot;:{&amp;quot;actualKey&amp;quot;:&amp;quot;不存在此mileageRange&amp;quot;,&amp;quot;expectedKey&amp;quot;:&amp;quot;mileageRange&amp;quot;},&amp;quot;volFading&amp;quot;:{&amp;quot;actualKey&amp;quot;:&amp;quot;不存在此volFading&amp;quot;,&amp;quot;expectedKey&amp;quot;:&amp;quot;volFading&amp;quot;},&amp;quot;lastReportTime&amp;quot;:{&amp;quot;actualKey&amp;quot;:&amp;quot;不存在此lastReportTime&amp;quot;,&amp;quot;expectedKey&amp;quot;:&amp;quot;lastReportTime&amp;quot;},&amp;quot;code&amp;quot;:{&amp;quot;actualValue&amp;quot;:null,&amp;quot;expectedValue&amp;quot;:[{&amp;quot;mileageRange&amp;quot;:0,&amp;quot;volFading&amp;quot;:2,&amp;quot;lastReportTime&amp;quot;:null},{&amp;quot;mileageRange&amp;quot;:1,&amp;quot;volFading&amp;quot;:2.21,&amp;quot;lastReportTime&amp;quot;:null},{&amp;quot;mileageRange&amp;quot;:2,&amp;quot;volFading&amp;quot;:2.32,&amp;quot;lastReportTime&amp;quot;:null},{&amp;quot;mileageRange&amp;quot;:3,&amp;quot;volFading&amp;quot;:2.27,&amp;quot;lastReportTime&amp;quot;:null}],&amp;quot;currentValue is &amp;quot;:&amp;quot;35000&amp;quot;,&amp;quot;expectedValue is &amp;quot;:&amp;quot;10000&amp;quot;}}]">
      <![CDATA[java.lang.AssertionError: expected [{}] but found [{"data":{"actualValue":null,"expectedValue":[{"mileageRange":0,"volFading":2,"lastReportTime":null},{"mileageRange":1,"volFading":2.21,"lastReportTime":null},{"mileageRange":2,"volFading":2.32,"lastReportTime":null},{"mileageRange":3,"volFading":2.27,"lastReportTime":null}]},"Length":{"actualLenth":1,"expectLenth":4},"mileageRange":{"actualKey":"不存在此mileageRange","expectedKey":"mileageRange"},"volFading":{"actualKey":"不存在此volFading","expectedKey":"volFading"},"lastReportTime":{"actualKey":"不存在此lastReportTime","expectedKey":"lastReportTime"},"code":{"actualValue":null,"expectedValue":[{"mileageRange":0,"volFading":2,"lastReportTime":null},{"mileageRange":1,"volFading":2.21,"lastReportTime":null},{"mileageRange":2,"volFading":2.32,"lastReportTime":null},{"mileageRange":3,"volFading":2.27,"lastReportTime":null}],"currentValue is ":"35000","expectedValue is ":"10000"}}]
at com.bitnei.apitest.testcases.saas.ApiTest.ApiTestCode(ApiTest.java:101)
at java.util.concurrent.ThreadPoolExecutor.runWorker(ThreadPoolExecutor.java:1149)
at java.util.concurrent.ThreadPoolExecutor$Worker.run(ThreadPoolExecutor.java:624)
at java.lang.Thread.run(Thread.java:748)
... Removed 15 stack frames]]>
    </failure>
  </testcase> <!-- ApiTestCode -->
  <testcase name="ApiTestCode" time="0.032" classname="com.bitnei.apitest.testcases.saas.ApiTest"/>
  <testcase name="ApiTestCode" time="0.034" classname="com.bitnei.apitest.testcases.saas.ApiTest"/>
  <testcase name="ApiTestCode" time="0.035" classname="com.bitnei.apitest.testcases.saas.ApiTest"/>
  <testcase name="ApiTestCode" time="0.028" classname="com.bitnei.apitest.testcases.saas.ApiTest"/>
  <testcase name="ApiTestCode" time="0.028" classname="com.bitnei.apitest.testcases.saas.ApiTest"/>
  <testcase name="ApiTestCode" time="0.029" classname="com.bitnei.apitest.testcases.saas.ApiTest"/>
  <testcase name="ApiTestCode" time="0.025" classname="com.bitnei.apitest.testcases.saas.ApiTest"/>
  <testcase name="ApiTestCode" time="0.029" classname="com.bitnei.apitest.testcases.saas.ApiTest"/>
  <testcase name="ApiTestCode" time="0.025" classname="com.bitnei.apitest.testcases.saas.ApiTest"/>
  <testcase name="ApiTestCode" time="0.033" classname="com.bitnei.apitest.testcases.saas.ApiTest"/>
  <testcase name="ApiTestCode" time="0.035" classname="com.bitnei.apitest.testcases.saas.ApiTest"/>
  <testcase name="ApiTestCode" time="0.03" classname="com.bitnei.apitest.testcases.saas.ApiTest"/>
  <testcase name="ApiTestCode" time="0.026" classname="com.bitnei.apitest.testcases.saas.ApiTest"/>
  <testcase name="ApiTestCode" time="0.032" classname="com.bitnei.apitest.testcases.saas.ApiTest"/>
  <testcase name="ApiTestCode" time="0.037" classname="com.bitnei.apitest.testcases.saas.ApiTest"/>
  <testcase name="ApiTestCode" time="0.028" classname="com.bitnei.apitest.testcases.saas.ApiTest"/>
  <testcase name="ApiTestCode" time="0.032" classname="com.bitnei.apitest.testcases.saas.ApiTest"/>
  <testcase name="ApiTestCode" time="0.032" classname="com.bitnei.apitest.testcases.saas.ApiTest"/>
  <testcase name="ApiTestCode" time="0.028" classname="com.bitnei.apitest.testcases.saas.ApiTest"/>
  <testcase name="ApiTest" time="4.13" classname="com.bitnei.apitest.testcases.saas.PostApiTestParas"/>
  <testcase name="ApiTest" time="0.673" classname="com.bitnei.apitest.testcases.saas.PostApiTestParas"/>
  <testcase name="ApiTest" time="0.692" classname="com.bitnei.apitest.testcases.saas.PostApiTestParas"/>
  <testcase name="ApiTest" time="0.662" classname="com.bitnei.apitest.testcases.saas.PostApiTestParas"/>
  <testcase name="ApiTest" time="0.618" classname="com.bitnei.apitest.testcases.saas.PostApiTestParas"/>
  <testcase name="ApiTest" time="0.608" classname="com.bitnei.apitest.testcases.saas.PostApiTestParas"/>
  <testcase name="ApiTest" time="0.557" classname="com.bitnei.apitest.testcases.saas.PostApiTestParas"/>
  <testcase name="ApiTest" time="0.494" classname="com.bitnei.apitest.testcases.saas.PostApiTestParas"/>
  <testcase name="ApiTest" time="0.479" classname="com.bitnei.apitest.testcases.saas.PostApiTestParas"/>
  <testcase name="UserInfoRgisterData" time="5.679" classname="com.bitnei.apitest.testcases.saas.TestGeodeData"/>
  <testcase name="UserInfoRgisterData" time="10.025" classname="com.bitnei.apitest.testcases.saas.TestGeodeData"/>
  <testcase name="UserInfoRgisterData" time="9.235" classname="com.bitnei.apitest.testcases.saas.TestGeodeData"/>
  <testcase name="UserInfoRgisterData" time="20.857" classname="com.bitnei.apitest.testcases.saas.TestGeodeData"/>
  <testcase name="UserInfoRgisterData" time="9.935" classname="com.bitnei.apitest.testcases.saas.TestGeodeData"/>
  <testcase name="UserInfoRgisterData" time="20.946" classname="com.bitnei.apitest.testcases.saas.TestGeodeData"/>
  <testcase name="Insurance" time="0.056" classname="com.bitnei.apitest.testcases.saas.GetInsurance"/>
  <testcase name="Insurance" time="0.041" classname="com.bitnei.apitest.testcases.saas.GetInsurance"/>
  <testcase name="Insurance" time="0.054" classname="com.bitnei.apitest.testcases.saas.GetInsurance"/>
  <testcase name="Insurance" time="0.06" classname="com.bitnei.apitest.testcases.saas.GetInsurance"/>
  <testcase name="Insurance" time="0.035" classname="com.bitnei.apitest.testcases.saas.GetInsurance"/>
  <testcase name="Insurance" time="0.041" classname="com.bitnei.apitest.testcases.saas.GetInsurance"/>
  <testcase name="Insurance" time="0.056" classname="com.bitnei.apitest.testcases.saas.GetInsurance"/>
  <testcase name="Insurance" time="0.041" classname="com.bitnei.apitest.testcases.saas.GetInsurance"/>
  <testcase name="Insurance" time="0.038" classname="com.bitnei.apitest.testcases.saas.GetInsurance"/>
  <testcase name="Insurance" time="0.031" classname="com.bitnei.apitest.testcases.saas.GetInsurance"/>
  <testcase name="Insurance" time="0.078" classname="com.bitnei.apitest.testcases.saas.GetInsurance"/>
</testsuite> <!-- SAAS -->
