<?xml version="1.0" encoding="UTF-8"?>
<!-- Generated by org.testng.reporters.JUnitXMLReporter -->
<testsuite hostname="DESKTOP-Q37MKND" ignored="0" name="SAAS" tests="55" failures="9" timestamp="11 二月 2020 08:25:51 GMT" time="199.32" errors="0">
  <testcase name="UserInfoQueryData" time="0.454" classname="com.bitnei.apitest.testcases.saas.UserInfoQueryByExcel"/>
  <testcase name="UserInfoQueryData" time="0.175" classname="com.bitnei.apitest.testcases.saas.UserInfoQueryByExcel"/>
  <testcase name="UserInfoQueryData" time="0.177" classname="com.bitnei.apitest.testcases.saas.UserInfoQueryByExcel"/>
  <testcase name="UserInfoQueryData" time="0.188" classname="com.bitnei.apitest.testcases.saas.UserInfoQueryByExcel"/>
  <testcase name="UserInfoQueryData" time="0.19" classname="com.bitnei.apitest.testcases.saas.UserInfoQueryByExcel"/>
  <testcase name="UserInfoQueryData" time="0.21" classname="com.bitnei.apitest.testcases.saas.UserInfoQueryByExcel"/>
  <testcase name="UserInfoQueryData" time="0.217" classname="com.bitnei.apitest.testcases.saas.UserInfoQueryByExcel"/>
  <testcase name="UserInfoRgisterData" time="0.312" classname="com.bitnei.apitest.testcases.saas.UserInforRgisterByExcel"/>
  <testcase name="UserInfoRgisterData" time="0.51" classname="com.bitnei.apitest.testcases.saas.UserInforRgisterByExcel">
    <failure type="java.lang.AssertionError" message="expected [{}] but found [{&amp;quot;Length&amp;quot;:{&amp;quot;actualLenth&amp;quot;:0,&amp;quot;expectLenth&amp;quot;:1}}]">
      <![CDATA[java.lang.AssertionError: expected [{}] but found [{"Length":{"actualLenth":0,"expectLenth":1}}]
at org.testng.Assert.fail(Assert.java:96)
at org.testng.Assert.failNotEquals(Assert.java:776)
at org.testng.Assert.assertEqualsImpl(Assert.java:137)
at org.testng.Assert.assertEquals(Assert.java:118)
at org.testng.Assert.assertEquals(Assert.java:453)
at org.testng.Assert.assertEquals(Assert.java:463)
at com.bitnei.apitest.testcases.saas.UserInforRgisterByExcel.UserInfoRgisterData(UserInforRgisterByExcel.java:70)
at sun.reflect.NativeMethodAccessorImpl.invoke0(Native Method)
at sun.reflect.NativeMethodAccessorImpl.invoke(NativeMethodAccessorImpl.java:62)
at sun.reflect.DelegatingMethodAccessorImpl.invoke(DelegatingMethodAccessorImpl.java:43)
at java.lang.reflect.Method.invoke(Method.java:498)
at org.testng.internal.MethodInvocationHelper.invokeMethod(MethodInvocationHelper.java:124)
at org.testng.internal.Invoker.invokeMethod(Invoker.java:580)
at org.testng.internal.Invoker.invokeTestMethod(Invoker.java:716)
at org.testng.internal.Invoker.invokeTestMethods(Invoker.java:988)
at org.testng.internal.TestMethodWorker.invokeTestMethods(TestMethodWorker.java:125)
at org.testng.internal.TestMethodWorker.run(TestMethodWorker.java:109)
at java.util.concurrent.ThreadPoolExecutor.runWorker(ThreadPoolExecutor.java:1149)
at java.util.concurrent.ThreadPoolExecutor$Worker.run(ThreadPoolExecutor.java:624)
at java.lang.Thread.run(Thread.java:748)
]]>
    </failure>
  </testcase> <!-- UserInfoRgisterData -->
  <testcase name="UserInfoRgisterData" time="4.32" classname="com.bitnei.apitest.testcases.saas.UserInforRgisterByExcel"/>
  <testcase name="UserInfoRgisterData" time="2.122" classname="com.bitnei.apitest.testcases.saas.UserInforRgisterByExcel">
    <failure type="java.lang.AssertionError" message="expected [{}] but found [{&amp;quot;avg_end_soc&amp;quot;:{&amp;quot;currentValue is &amp;quot;:78,&amp;quot;expectedValue is&amp;quot;:77},&amp;quot;avg_charge_time_length&amp;quot;:{&amp;quot;currentValue is &amp;quot;:&amp;quot;1h0min&amp;quot;,&amp;quot;expectedValue is&amp;quot;:77,&amp;quot;expectedValue is &amp;quot;:&amp;quot;0h54min&amp;quot;},&amp;quot;half_price_times&amp;quot;:{&amp;quot;currentValue is &amp;quot;:78,&amp;quot;expectedValue is&amp;quot;:79,&amp;quot;expectedValue is &amp;quot;:&amp;quot;0h54min&amp;quot;},&amp;quot;city_percent&amp;quot;:{&amp;quot;currentValue is &amp;quot;:&amp;quot;昆明市:31_北京市:28_其他:41&amp;quot;,&amp;quot;expectedValue is&amp;quot;:79,&amp;quot;expectedValue is &amp;quot;:&amp;quot;昆明市:31_北京市:27_其他:42&amp;quot;},&amp;quot;cars_nu&amp;quot;:{&amp;quot;currentValue is &amp;quot;:3541,&amp;quot;expectedValue is&amp;quot;:3517,&amp;quot;expectedValue is &amp;quot;:&amp;quot;昆明市:31_北京市:27_其他:42&amp;quot;},&amp;quot;dict_percent&amp;quot;:{&amp;quot;currentValue is &amp;quot;:&amp;quot;公务乘用车:71_出租乘用车:26_其他:3&amp;quot;,&amp;quot;expectedValue is&amp;quot;:3517,&amp;quot;expectedValue is &amp;quot;:&amp;quot;公务乘用车:72_出租乘用车:26_其他:2&amp;quot;}}]">
      <![CDATA[java.lang.AssertionError: expected [{}] but found [{"avg_end_soc":{"currentValue is ":78,"expectedValue is":77},"avg_charge_time_length":{"currentValue is ":"1h0min","expectedValue is":77,"expectedValue is ":"0h54min"},"half_price_times":{"currentValue is ":78,"expectedValue is":79,"expectedValue is ":"0h54min"},"city_percent":{"currentValue is ":"昆明市:31_北京市:28_其他:41","expectedValue is":79,"expectedValue is ":"昆明市:31_北京市:27_其他:42"},"cars_nu":{"currentValue is ":3541,"expectedValue is":3517,"expectedValue is ":"昆明市:31_北京市:27_其他:42"},"dict_percent":{"currentValue is ":"公务乘用车:71_出租乘用车:26_其他:3","expectedValue is":3517,"expectedValue is ":"公务乘用车:72_出租乘用车:26_其他:2"}}]
at org.testng.Assert.fail(Assert.java:96)
at org.testng.Assert.failNotEquals(Assert.java:776)
at org.testng.Assert.assertEqualsImpl(Assert.java:137)
at org.testng.Assert.assertEquals(Assert.java:118)
at org.testng.Assert.assertEquals(Assert.java:453)
at org.testng.Assert.assertEquals(Assert.java:463)
at com.bitnei.apitest.testcases.saas.UserInforRgisterByExcel.UserInfoRgisterData(UserInforRgisterByExcel.java:70)
at sun.reflect.NativeMethodAccessorImpl.invoke0(Native Method)
at sun.reflect.NativeMethodAccessorImpl.invoke(NativeMethodAccessorImpl.java:62)
at sun.reflect.DelegatingMethodAccessorImpl.invoke(DelegatingMethodAccessorImpl.java:43)
at java.lang.reflect.Method.invoke(Method.java:498)
at org.testng.internal.MethodInvocationHelper.invokeMethod(MethodInvocationHelper.java:124)
at org.testng.internal.Invoker.invokeMethod(Invoker.java:580)
at org.testng.internal.Invoker.invokeTestMethod(Invoker.java:716)
at org.testng.internal.Invoker.invokeTestMethods(Invoker.java:988)
at org.testng.internal.TestMethodWorker.invokeTestMethods(TestMethodWorker.java:125)
at org.testng.internal.TestMethodWorker.run(TestMethodWorker.java:109)
at java.util.concurrent.ThreadPoolExecutor.runWorker(ThreadPoolExecutor.java:1149)
at java.util.concurrent.ThreadPoolExecutor$Worker.run(ThreadPoolExecutor.java:624)
at java.lang.Thread.run(Thread.java:748)
]]>
    </failure>
  </testcase> <!-- UserInfoRgisterData -->
  <testcase name="UserInfoRgisterData" time="0.369" classname="com.bitnei.apitest.testcases.saas.UserInforRgisterByExcel"/>
  <testcase name="UserInfoRgisterData" time="0.124" classname="com.bitnei.apitest.testcases.saas.UserInforRgisterByExcel"/>
  <testcase name="UserInfoRgisterData" time="0.274" classname="com.bitnei.apitest.testcases.saas.UserInforRgisterByExcel"/>
  <testcase name="UserInfoRgisterData" time="0.525" classname="com.bitnei.apitest.testcases.saas.UserInforRgisterByExcel"/>
  <testcase name="UserInfoRgisterData" time="0.253" classname="com.bitnei.apitest.testcases.saas.UserInforRgisterByExcel"/>
  <testcase name="UserInfoRgisterData" time="0.242" classname="com.bitnei.apitest.testcases.saas.UserInforRgisterByExcel"/>
  <testcase name="UserInfoRgisterData" time="0.207" classname="com.bitnei.apitest.testcases.saas.UserInforRgisterByExcel"/>
  <testcase name="UserInfoRgisterData" time="0.366" classname="com.bitnei.apitest.testcases.saas.UserInforRgisterByExcel"/>
  <testcase name="UserInfoRgisterData" time="0.155" classname="com.bitnei.apitest.testcases.saas.UserInforRgisterByExcel"/>
  <testcase name="UserInfoRgisterData" time="0.135" classname="com.bitnei.apitest.testcases.saas.UserInforRgisterByExcel"/>
  <testcase name="UserInfoRgisterData" time="0.118" classname="com.bitnei.apitest.testcases.saas.UserInforRgisterByExcel"/>
  <testcase name="UserInfoRgisterData" time="0.25" classname="com.bitnei.apitest.testcases.saas.UserInforRgisterByExcel"/>
  <testcase name="UserInfoRgisterData" time="0.298" classname="com.bitnei.apitest.testcases.saas.UserInforRgisterByExcel"/>
  <testcase name="UserInfoRgisterData" time="0.212" classname="com.bitnei.apitest.testcases.saas.UserInforRgisterByExcel"/>
  <testcase name="UserInfoQueryData" time="0.284" classname="com.bitnei.apitest.testcases.saas.PostBackSaas"/>
  <testcase name="UserInfoQueryData" time="0.264" classname="com.bitnei.apitest.testcases.saas.PostBackSaas"/>
  <testcase name="UserInfoQueryData" time="0.134" classname="com.bitnei.apitest.testcases.saas.PostBackSaas"/>
  <testcase name="UserInfoQueryData" time="0.172" classname="com.bitnei.apitest.testcases.saas.PostBackSaas"/>
  <testcase name="UserInfoQueryData" time="0.077" classname="com.bitnei.apitest.testcases.saas.PostBackSaas"/>
  <testcase name="UserInfoQueryData" time="0.176" classname="com.bitnei.apitest.testcases.saas.PostBackSaas"/>
  <testcase name="UserInfoQueryData" time="0.16" classname="com.bitnei.apitest.testcases.saas.PostBackSaas"/>
  <testcase name="ApiTestCode" time="0.346" classname="com.bitnei.apitest.testcases.saas.ApiTest"/>
  <testcase name="ApiTestCode" time="0.077" classname="com.bitnei.apitest.testcases.saas.ApiTest"/>
  <testcase name="ApiTestCode" time="0.275" classname="com.bitnei.apitest.testcases.saas.ApiTest"/>
  <testcase name="ApiTestCode" time="0.068" classname="com.bitnei.apitest.testcases.saas.ApiTest"/>
  <testcase name="ApiTestCode" time="0.062" classname="com.bitnei.apitest.testcases.saas.ApiTest"/>
  <testcase name="ApiTestCode" time="0.053" classname="com.bitnei.apitest.testcases.saas.ApiTest">
    <failure type="java.lang.AssertionError" message="expected [{}] but found [{&amp;quot;error&amp;quot;:{&amp;quot;currentValue is &amp;quot;:true,&amp;quot;expectedValue is&amp;quot;:false},&amp;quot;code&amp;quot;:{&amp;quot;currentValue is &amp;quot;:&amp;quot;40000&amp;quot;,&amp;quot;expectedValue is&amp;quot;:false,&amp;quot;expectedValue is &amp;quot;:&amp;quot;10000&amp;quot;}}]">
      <![CDATA[java.lang.AssertionError: expected [{}] but found [{"error":{"currentValue is ":true,"expectedValue is":false},"code":{"currentValue is ":"40000","expectedValue is":false,"expectedValue is ":"10000"}}]
at org.testng.Assert.fail(Assert.java:96)
at org.testng.Assert.failNotEquals(Assert.java:776)
at org.testng.Assert.assertEqualsImpl(Assert.java:137)
at org.testng.Assert.assertEquals(Assert.java:118)
at org.testng.Assert.assertEquals(Assert.java:453)
at org.testng.Assert.assertEquals(Assert.java:463)
at com.bitnei.apitest.testcases.saas.ApiTest.ApiTestCode(ApiTest.java:101)
at sun.reflect.NativeMethodAccessorImpl.invoke0(Native Method)
at sun.reflect.NativeMethodAccessorImpl.invoke(NativeMethodAccessorImpl.java:62)
at sun.reflect.DelegatingMethodAccessorImpl.invoke(DelegatingMethodAccessorImpl.java:43)
at java.lang.reflect.Method.invoke(Method.java:498)
at org.testng.internal.MethodInvocationHelper.invokeMethod(MethodInvocationHelper.java:124)
at org.testng.internal.Invoker.invokeMethod(Invoker.java:580)
at org.testng.internal.Invoker.invokeTestMethod(Invoker.java:716)
at org.testng.internal.Invoker.invokeTestMethods(Invoker.java:988)
at org.testng.internal.TestMethodWorker.invokeTestMethods(TestMethodWorker.java:125)
at org.testng.internal.TestMethodWorker.run(TestMethodWorker.java:109)
at java.util.concurrent.ThreadPoolExecutor.runWorker(ThreadPoolExecutor.java:1149)
at java.util.concurrent.ThreadPoolExecutor$Worker.run(ThreadPoolExecutor.java:624)
at java.lang.Thread.run(Thread.java:748)
]]>
    </failure>
  </testcase> <!-- ApiTestCode -->
  <testcase name="ApiTestCode" time="0.108" classname="com.bitnei.apitest.testcases.saas.ApiTest">
    <failure type="java.lang.AssertionError" message="expected [{}] but found [{&amp;quot;error&amp;quot;:{&amp;quot;currentValue is &amp;quot;:true,&amp;quot;expectedValue is&amp;quot;:false},&amp;quot;code&amp;quot;:{&amp;quot;currentValue is &amp;quot;:&amp;quot;40000&amp;quot;,&amp;quot;expectedValue is&amp;quot;:false,&amp;quot;expectedValue is &amp;quot;:&amp;quot;10000&amp;quot;}}]">
      <![CDATA[java.lang.AssertionError: expected [{}] but found [{"error":{"currentValue is ":true,"expectedValue is":false},"code":{"currentValue is ":"40000","expectedValue is":false,"expectedValue is ":"10000"}}]
at org.testng.Assert.fail(Assert.java:96)
at org.testng.Assert.failNotEquals(Assert.java:776)
at org.testng.Assert.assertEqualsImpl(Assert.java:137)
at org.testng.Assert.assertEquals(Assert.java:118)
at org.testng.Assert.assertEquals(Assert.java:453)
at org.testng.Assert.assertEquals(Assert.java:463)
at com.bitnei.apitest.testcases.saas.ApiTest.ApiTestCode(ApiTest.java:101)
at sun.reflect.NativeMethodAccessorImpl.invoke0(Native Method)
at sun.reflect.NativeMethodAccessorImpl.invoke(NativeMethodAccessorImpl.java:62)
at sun.reflect.DelegatingMethodAccessorImpl.invoke(DelegatingMethodAccessorImpl.java:43)
at java.lang.reflect.Method.invoke(Method.java:498)
at org.testng.internal.MethodInvocationHelper.invokeMethod(MethodInvocationHelper.java:124)
at org.testng.internal.Invoker.invokeMethod(Invoker.java:580)
at org.testng.internal.Invoker.invokeTestMethod(Invoker.java:716)
at org.testng.internal.Invoker.invokeTestMethods(Invoker.java:988)
at org.testng.internal.TestMethodWorker.invokeTestMethods(TestMethodWorker.java:125)
at org.testng.internal.TestMethodWorker.run(TestMethodWorker.java:109)
at java.util.concurrent.ThreadPoolExecutor.runWorker(ThreadPoolExecutor.java:1149)
at java.util.concurrent.ThreadPoolExecutor$Worker.run(ThreadPoolExecutor.java:624)
at java.lang.Thread.run(Thread.java:748)
]]>
    </failure>
  </testcase> <!-- ApiTestCode -->
  <testcase name="ApiTestCode" time="0.082" classname="com.bitnei.apitest.testcases.saas.ApiTest">
    <failure type="java.lang.AssertionError" message="expected [{}] but found [{&amp;quot;error&amp;quot;:{&amp;quot;currentValue is &amp;quot;:true,&amp;quot;expectedValue is&amp;quot;:false},&amp;quot;code&amp;quot;:{&amp;quot;currentValue is &amp;quot;:&amp;quot;40000&amp;quot;,&amp;quot;expectedValue is&amp;quot;:false,&amp;quot;expectedValue is &amp;quot;:&amp;quot;35000&amp;quot;}}]">
      <![CDATA[java.lang.AssertionError: expected [{}] but found [{"error":{"currentValue is ":true,"expectedValue is":false},"code":{"currentValue is ":"40000","expectedValue is":false,"expectedValue is ":"35000"}}]
at org.testng.Assert.fail(Assert.java:96)
at org.testng.Assert.failNotEquals(Assert.java:776)
at org.testng.Assert.assertEqualsImpl(Assert.java:137)
at org.testng.Assert.assertEquals(Assert.java:118)
at org.testng.Assert.assertEquals(Assert.java:453)
at org.testng.Assert.assertEquals(Assert.java:463)
at com.bitnei.apitest.testcases.saas.ApiTest.ApiTestCode(ApiTest.java:101)
at sun.reflect.NativeMethodAccessorImpl.invoke0(Native Method)
at sun.reflect.NativeMethodAccessorImpl.invoke(NativeMethodAccessorImpl.java:62)
at sun.reflect.DelegatingMethodAccessorImpl.invoke(DelegatingMethodAccessorImpl.java:43)
at java.lang.reflect.Method.invoke(Method.java:498)
at org.testng.internal.MethodInvocationHelper.invokeMethod(MethodInvocationHelper.java:124)
at org.testng.internal.Invoker.invokeMethod(Invoker.java:580)
at org.testng.internal.Invoker.invokeTestMethod(Invoker.java:716)
at org.testng.internal.Invoker.invokeTestMethods(Invoker.java:988)
at org.testng.internal.TestMethodWorker.invokeTestMethods(TestMethodWorker.java:125)
at org.testng.internal.TestMethodWorker.run(TestMethodWorker.java:109)
at java.util.concurrent.ThreadPoolExecutor.runWorker(ThreadPoolExecutor.java:1149)
at java.util.concurrent.ThreadPoolExecutor$Worker.run(ThreadPoolExecutor.java:624)
at java.lang.Thread.run(Thread.java:748)
]]>
    </failure>
  </testcase> <!-- ApiTestCode -->
  <testcase name="ApiTestCode" time="0.159" classname="com.bitnei.apitest.testcases.saas.ApiTest">
    <failure type="java.lang.AssertionError" message="expected [{}] but found [{&amp;quot;error&amp;quot;:{&amp;quot;currentValue is &amp;quot;:true,&amp;quot;expectedValue is&amp;quot;:false},&amp;quot;code&amp;quot;:{&amp;quot;currentValue is &amp;quot;:&amp;quot;40000&amp;quot;,&amp;quot;expectedValue is&amp;quot;:false,&amp;quot;expectedValue is &amp;quot;:&amp;quot;10000&amp;quot;}}]">
      <![CDATA[java.lang.AssertionError: expected [{}] but found [{"error":{"currentValue is ":true,"expectedValue is":false},"code":{"currentValue is ":"40000","expectedValue is":false,"expectedValue is ":"10000"}}]
at org.testng.Assert.fail(Assert.java:96)
at org.testng.Assert.failNotEquals(Assert.java:776)
at org.testng.Assert.assertEqualsImpl(Assert.java:137)
at org.testng.Assert.assertEquals(Assert.java:118)
at org.testng.Assert.assertEquals(Assert.java:453)
at org.testng.Assert.assertEquals(Assert.java:463)
at com.bitnei.apitest.testcases.saas.ApiTest.ApiTestCode(ApiTest.java:101)
at sun.reflect.NativeMethodAccessorImpl.invoke0(Native Method)
at sun.reflect.NativeMethodAccessorImpl.invoke(NativeMethodAccessorImpl.java:62)
at sun.reflect.DelegatingMethodAccessorImpl.invoke(DelegatingMethodAccessorImpl.java:43)
at java.lang.reflect.Method.invoke(Method.java:498)
at org.testng.internal.MethodInvocationHelper.invokeMethod(MethodInvocationHelper.java:124)
at org.testng.internal.Invoker.invokeMethod(Invoker.java:580)
at org.testng.internal.Invoker.invokeTestMethod(Invoker.java:716)
at org.testng.internal.Invoker.invokeTestMethods(Invoker.java:988)
at org.testng.internal.TestMethodWorker.invokeTestMethods(TestMethodWorker.java:125)
at org.testng.internal.TestMethodWorker.run(TestMethodWorker.java:109)
at java.util.concurrent.ThreadPoolExecutor.runWorker(ThreadPoolExecutor.java:1149)
at java.util.concurrent.ThreadPoolExecutor$Worker.run(ThreadPoolExecutor.java:624)
at java.lang.Thread.run(Thread.java:748)
]]>
    </failure>
  </testcase> <!-- ApiTestCode -->
  <testcase name="ApiTestCode" time="0.038" classname="com.bitnei.apitest.testcases.saas.ApiTest">
    <failure type="java.lang.AssertionError" message="expected [{}] but found [{&amp;quot;error&amp;quot;:{&amp;quot;currentValue is &amp;quot;:true,&amp;quot;expectedValue is&amp;quot;:false},&amp;quot;code&amp;quot;:{&amp;quot;currentValue is &amp;quot;:&amp;quot;40000&amp;quot;,&amp;quot;expectedValue is&amp;quot;:false,&amp;quot;expectedValue is &amp;quot;:&amp;quot;10000&amp;quot;}}]">
      <![CDATA[java.lang.AssertionError: expected [{}] but found [{"error":{"currentValue is ":true,"expectedValue is":false},"code":{"currentValue is ":"40000","expectedValue is":false,"expectedValue is ":"10000"}}]
at org.testng.Assert.fail(Assert.java:96)
at org.testng.Assert.failNotEquals(Assert.java:776)
at org.testng.Assert.assertEqualsImpl(Assert.java:137)
at org.testng.Assert.assertEquals(Assert.java:118)
at org.testng.Assert.assertEquals(Assert.java:453)
at org.testng.Assert.assertEquals(Assert.java:463)
at com.bitnei.apitest.testcases.saas.ApiTest.ApiTestCode(ApiTest.java:101)
at sun.reflect.NativeMethodAccessorImpl.invoke0(Native Method)
at sun.reflect.NativeMethodAccessorImpl.invoke(NativeMethodAccessorImpl.java:62)
at sun.reflect.DelegatingMethodAccessorImpl.invoke(DelegatingMethodAccessorImpl.java:43)
at java.lang.reflect.Method.invoke(Method.java:498)
at org.testng.internal.MethodInvocationHelper.invokeMethod(MethodInvocationHelper.java:124)
at org.testng.internal.Invoker.invokeMethod(Invoker.java:580)
at org.testng.internal.Invoker.invokeTestMethod(Invoker.java:716)
at org.testng.internal.Invoker.invokeTestMethods(Invoker.java:988)
at org.testng.internal.TestMethodWorker.invokeTestMethods(TestMethodWorker.java:125)
at org.testng.internal.TestMethodWorker.run(TestMethodWorker.java:109)
at java.util.concurrent.ThreadPoolExecutor.runWorker(ThreadPoolExecutor.java:1149)
at java.util.concurrent.ThreadPoolExecutor$Worker.run(ThreadPoolExecutor.java:624)
at java.lang.Thread.run(Thread.java:748)
]]>
    </failure>
  </testcase> <!-- ApiTestCode -->
  <testcase name="ApiTestCode" time="0.038" classname="com.bitnei.apitest.testcases.saas.ApiTest">
    <failure type="java.lang.AssertionError" message="expected [{}] but found [{&amp;quot;data&amp;quot;:{&amp;quot;actualValue&amp;quot;:null,&amp;quot;expectedValue&amp;quot;:{&amp;quot;risk_score&amp;quot;:null,&amp;quot;mileage_12&amp;quot;:null,&amp;quot;mileage_24&amp;quot;:null,&amp;quot;mileage_36&amp;quot;:null}},&amp;quot;risk_score&amp;quot;:{&amp;quot;actualKey&amp;quot;:&amp;quot;不存在此risk_score&amp;quot;,&amp;quot;expectedKey&amp;quot;:&amp;quot;risk_score&amp;quot;},&amp;quot;mileage_12&amp;quot;:{&amp;quot;actualKey&amp;quot;:&amp;quot;不存在此mileage_12&amp;quot;,&amp;quot;expectedKey&amp;quot;:&amp;quot;mileage_12&amp;quot;},&amp;quot;mileage_24&amp;quot;:{&amp;quot;actualKey&amp;quot;:&amp;quot;不存在此mileage_24&amp;quot;,&amp;quot;expectedKey&amp;quot;:&amp;quot;mileage_24&amp;quot;},&amp;quot;mileage_36&amp;quot;:{&amp;quot;actualKey&amp;quot;:&amp;quot;不存在此mileage_36&amp;quot;,&amp;quot;expectedKey&amp;quot;:&amp;quot;mileage_36&amp;quot;},&amp;quot;error&amp;quot;:{&amp;quot;actualValue&amp;quot;:null,&amp;quot;expectedValue&amp;quot;:{&amp;quot;risk_score&amp;quot;:null,&amp;quot;mileage_12&amp;quot;:null,&amp;quot;mileage_24&amp;quot;:null,&amp;quot;mileage_36&amp;quot;:null},&amp;quot;currentValue is &amp;quot;:true,&amp;quot;expectedValue is&amp;quot;:false},&amp;quot;code&amp;quot;:{&amp;quot;actualValue&amp;quot;:null,&amp;quot;expectedValue&amp;quot;:{&amp;quot;risk_score&amp;quot;:null,&amp;quot;mileage_12&amp;quot;:null,&amp;quot;mileage_24&amp;quot;:null,&amp;quot;mileage_36&amp;quot;:null},&amp;quot;currentValue is &amp;quot;:&amp;quot;40000&amp;quot;,&amp;quot;expectedValue is&amp;quot;:false,&amp;quot;expectedValue is &amp;quot;:&amp;quot;10000&amp;quot;}}]">
      <![CDATA[java.lang.AssertionError: expected [{}] but found [{"data":{"actualValue":null,"expectedValue":{"risk_score":null,"mileage_12":null,"mileage_24":null,"mileage_36":null}},"risk_score":{"actualKey":"不存在此risk_score","expectedKey":"risk_score"},"mileage_12":{"actualKey":"不存在此mileage_12","expectedKey":"mileage_12"},"mileage_24":{"actualKey":"不存在此mileage_24","expectedKey":"mileage_24"},"mileage_36":{"actualKey":"不存在此mileage_36","expectedKey":"mileage_36"},"error":{"actualValue":null,"expectedValue":{"risk_score":null,"mileage_12":null,"mileage_24":null,"mileage_36":null},"currentValue is ":true,"expectedValue is":false},"code":{"actualValue":null,"expectedValue":{"risk_score":null,"mileage_12":null,"mileage_24":null,"mileage_36":null},"currentValue is ":"40000","expectedValue is":false,"expectedValue is ":"10000"}}]
at org.testng.Assert.fail(Assert.java:96)
at org.testng.Assert.failNotEquals(Assert.java:776)
at org.testng.Assert.assertEqualsImpl(Assert.java:137)
at org.testng.Assert.assertEquals(Assert.java:118)
at org.testng.Assert.assertEquals(Assert.java:453)
at org.testng.Assert.assertEquals(Assert.java:463)
at com.bitnei.apitest.testcases.saas.ApiTest.ApiTestCode(ApiTest.java:101)
at sun.reflect.NativeMethodAccessorImpl.invoke0(Native Method)
at sun.reflect.NativeMethodAccessorImpl.invoke(NativeMethodAccessorImpl.java:62)
at sun.reflect.DelegatingMethodAccessorImpl.invoke(DelegatingMethodAccessorImpl.java:43)
at java.lang.reflect.Method.invoke(Method.java:498)
at org.testng.internal.MethodInvocationHelper.invokeMethod(MethodInvocationHelper.java:124)
at org.testng.internal.Invoker.invokeMethod(Invoker.java:580)
at org.testng.internal.Invoker.invokeTestMethod(Invoker.java:716)
at org.testng.internal.Invoker.invokeTestMethods(Invoker.java:988)
at org.testng.internal.TestMethodWorker.invokeTestMethods(TestMethodWorker.java:125)
at org.testng.internal.TestMethodWorker.run(TestMethodWorker.java:109)
at java.util.concurrent.ThreadPoolExecutor.runWorker(ThreadPoolExecutor.java:1149)
at java.util.concurrent.ThreadPoolExecutor$Worker.run(ThreadPoolExecutor.java:624)
at java.lang.Thread.run(Thread.java:748)
]]>
    </failure>
  </testcase> <!-- ApiTestCode -->
  <testcase name="ApiTest" time="0.302" classname="com.bitnei.apitest.testcases.saas.PostApiTestParas"/>
  <testcase name="UserInfoRgisterData" time="4.587" classname="com.bitnei.apitest.testcases.saas.TestGeodeData"/>
  <testcase name="UserInfoRgisterData" time="7.54" classname="com.bitnei.apitest.testcases.saas.TestGeodeData"/>
  <testcase name="UserInfoRgisterData" time="8.299" classname="com.bitnei.apitest.testcases.saas.TestGeodeData"/>
  <testcase name="UserInfoRgisterData" time="15.74" classname="com.bitnei.apitest.testcases.saas.TestGeodeData"/>
  <testcase name="UserInfoRgisterData" time="7.346" classname="com.bitnei.apitest.testcases.saas.TestGeodeData"/>
  <testcase name="UserInfoRgisterData" time="16.583" classname="com.bitnei.apitest.testcases.saas.TestGeodeData"/>
  <testcase name="Insurance" time="1.087" classname="com.bitnei.apitest.testcases.saas.GetInsurance"/>
  <testcase name="Insurance" time="0.054" classname="com.bitnei.apitest.testcases.saas.GetInsurance"/>
  <testcase name="Insurance" time="0.048" classname="com.bitnei.apitest.testcases.saas.GetInsurance"/>
  <testcase name="Insurance" time="0.058" classname="com.bitnei.apitest.testcases.saas.GetInsurance"/>
  <testcase name="Insurance" time="0.047" classname="com.bitnei.apitest.testcases.saas.GetInsurance">
    <failure type="java.lang.AssertionError" message="expected [{}] but found [{&amp;quot;data&amp;quot;:{&amp;quot;actualValue&amp;quot;:null,&amp;quot;expectedValue&amp;quot;:{&amp;quot;risk_score&amp;quot;:null,&amp;quot;mileage_12&amp;quot;:null,&amp;quot;mileage_24&amp;quot;:null,&amp;quot;mileage_36&amp;quot;:null,&amp;quot;avg_run_time_length_monthly&amp;quot;:null,&amp;quot;avg_run_speed&amp;quot;:null,&amp;quot;brake_acc_count_per_100km&amp;quot;:null,&amp;quot;acc_count_per_100km&amp;quot;:null,&amp;quot;speed_range00_rate&amp;quot;:null,&amp;quot;speed_range20_rate&amp;quot;:null,&amp;quot;speed_range40_rate&amp;quot;:null,&amp;quot;speed_range60_rate&amp;quot;:null,&amp;quot;speed_range80_rate&amp;quot;:null,&amp;quot;speed_range100_rate&amp;quot;:null,&amp;quot;speed_range120_rate&amp;quot;:null,&amp;quot;speed_range140_rate&amp;quot;:null,&amp;quot;fatigue_driving_rate&amp;quot;:null,&amp;quot;avg_run_days_monthly&amp;quot;:null,&amp;quot;avg_run_count_monthly&amp;quot;:null,&amp;quot;avg_fast_charge_count_monthly&amp;quot;:null,&amp;quot;avg_slow_charge_count_monthly&amp;quot;:null}},&amp;quot;risk_score&amp;quot;:{&amp;quot;actualKey&amp;quot;:&amp;quot;不存在此risk_score&amp;quot;,&amp;quot;expectedKey&amp;quot;:&amp;quot;risk_score&amp;quot;},&amp;quot;mileage_12&amp;quot;:{&amp;quot;actualKey&amp;quot;:&amp;quot;不存在此mileage_12&amp;quot;,&amp;quot;expectedKey&amp;quot;:&amp;quot;mileage_12&amp;quot;},&amp;quot;mileage_24&amp;quot;:{&amp;quot;actualKey&amp;quot;:&amp;quot;不存在此mileage_24&amp;quot;,&amp;quot;expectedKey&amp;quot;:&amp;quot;mileage_24&amp;quot;},&amp;quot;mileage_36&amp;quot;:{&amp;quot;actualKey&amp;quot;:&amp;quot;不存在此mileage_36&amp;quot;,&amp;quot;expectedKey&amp;quot;:&amp;quot;mileage_36&amp;quot;},&amp;quot;avg_run_time_length_monthly&amp;quot;:{&amp;quot;actualKey&amp;quot;:&amp;quot;不存在此avg_run_time_length_monthly&amp;quot;,&amp;quot;expectedKey&amp;quot;:&amp;quot;avg_run_time_length_monthly&amp;quot;},&amp;quot;avg_run_speed&amp;quot;:{&amp;quot;actualKey&amp;quot;:&amp;quot;不存在此avg_run_speed&amp;quot;,&amp;quot;expectedKey&amp;quot;:&amp;quot;avg_run_speed&amp;quot;},&amp;quot;brake_acc_count_per_100km&amp;quot;:{&amp;quot;actualKey&amp;quot;:&amp;quot;不存在此brake_acc_count_per_100km&amp;quot;,&amp;quot;expectedKey&amp;quot;:&amp;quot;brake_acc_count_per_100km&amp;quot;},&amp;quot;acc_count_per_100km&amp;quot;:{&amp;quot;actualKey&amp;quot;:&amp;quot;不存在此acc_count_per_100km&amp;quot;,&amp;quot;expectedKey&amp;quot;:&amp;quot;acc_count_per_100km&amp;quot;},&amp;quot;speed_range00_rate&amp;quot;:{&amp;quot;actualKey&amp;quot;:&amp;quot;不存在此speed_range00_rate&amp;quot;,&amp;quot;expectedKey&amp;quot;:&amp;quot;speed_range00_rate&amp;quot;},&amp;quot;speed_range20_rate&amp;quot;:{&amp;quot;actualKey&amp;quot;:&amp;quot;不存在此speed_range20_rate&amp;quot;,&amp;quot;expectedKey&amp;quot;:&amp;quot;speed_range20_rate&amp;quot;},&amp;quot;speed_range40_rate&amp;quot;:{&amp;quot;actualKey&amp;quot;:&amp;quot;不存在此speed_range40_rate&amp;quot;,&amp;quot;expectedKey&amp;quot;:&amp;quot;speed_range40_rate&amp;quot;},&amp;quot;speed_range60_rate&amp;quot;:{&amp;quot;actualKey&amp;quot;:&amp;quot;不存在此speed_range60_rate&amp;quot;,&amp;quot;expectedKey&amp;quot;:&amp;quot;speed_range60_rate&amp;quot;},&amp;quot;speed_range80_rate&amp;quot;:{&amp;quot;actualKey&amp;quot;:&amp;quot;不存在此speed_range80_rate&amp;quot;,&amp;quot;expectedKey&amp;quot;:&amp;quot;speed_range80_rate&amp;quot;},&amp;quot;speed_range100_rate&amp;quot;:{&amp;quot;actualKey&amp;quot;:&amp;quot;不存在此speed_range100_rate&amp;quot;,&amp;quot;expectedKey&amp;quot;:&amp;quot;speed_range100_rate&amp;quot;},&amp;quot;speed_range120_rate&amp;quot;:{&amp;quot;actualKey&amp;quot;:&amp;quot;不存在此speed_range120_rate&amp;quot;,&amp;quot;expectedKey&amp;quot;:&amp;quot;speed_range120_rate&amp;quot;},&amp;quot;speed_range140_rate&amp;quot;:{&amp;quot;actualKey&amp;quot;:&amp;quot;不存在此speed_range140_rate&amp;quot;,&amp;quot;expectedKey&amp;quot;:&amp;quot;speed_range140_rate&amp;quot;},&amp;quot;fatigue_driving_rate&amp;quot;:{&amp;quot;actualKey&amp;quot;:&amp;quot;不存在此fatigue_driving_rate&amp;quot;,&amp;quot;expectedKey&amp;quot;:&amp;quot;fatigue_driving_rate&amp;quot;},&amp;quot;avg_run_days_monthly&amp;quot;:{&amp;quot;actualKey&amp;quot;:&amp;quot;不存在此avg_run_days_monthly&amp;quot;,&amp;quot;expectedKey&amp;quot;:&amp;quot;avg_run_days_monthly&amp;quot;},&amp;quot;avg_run_count_monthly&amp;quot;:{&amp;quot;actualKey&amp;quot;:&amp;quot;不存在此avg_run_count_monthly&amp;quot;,&amp;quot;expectedKey&amp;quot;:&amp;quot;avg_run_count_monthly&amp;quot;},&amp;quot;avg_fast_charge_count_monthly&amp;quot;:{&amp;quot;actualKey&amp;quot;:&amp;quot;不存在此avg_fast_charge_count_monthly&amp;quot;,&amp;quot;expectedKey&amp;quot;:&amp;quot;avg_fast_charge_count_monthly&amp;quot;},&amp;quot;avg_slow_charge_count_monthly&amp;quot;:{&amp;quot;actualKey&amp;quot;:&amp;quot;不存在此avg_slow_charge_count_monthly&amp;quot;,&amp;quot;expectedKey&amp;quot;:&amp;quot;avg_slow_charge_count_monthly&amp;quot;},&amp;quot;error&amp;quot;:{&amp;quot;actualValue&amp;quot;:null,&amp;quot;expectedValue&amp;quot;:{&amp;quot;risk_score&amp;quot;:null,&amp;quot;mileage_12&amp;quot;:null,&amp;quot;mileage_24&amp;quot;:null,&amp;quot;mileage_36&amp;quot;:null,&amp;quot;avg_run_time_length_monthly&amp;quot;:null,&amp;quot;avg_run_speed&amp;quot;:null,&amp;quot;brake_acc_count_per_100km&amp;quot;:null,&amp;quot;acc_count_per_100km&amp;quot;:null,&amp;quot;speed_range00_rate&amp;quot;:null,&amp;quot;speed_range20_rate&amp;quot;:null,&amp;quot;speed_range40_rate&amp;quot;:null,&amp;quot;speed_range60_rate&amp;quot;:null,&amp;quot;speed_range80_rate&amp;quot;:null,&amp;quot;speed_range100_rate&amp;quot;:null,&amp;quot;speed_range120_rate&amp;quot;:null,&amp;quot;speed_range140_rate&amp;quot;:null,&amp;quot;fatigue_driving_rate&amp;quot;:null,&amp;quot;avg_run_days_monthly&amp;quot;:null,&amp;quot;avg_run_count_monthly&amp;quot;:null,&amp;quot;avg_fast_charge_count_monthly&amp;quot;:null,&amp;quot;avg_slow_charge_count_monthly&amp;quot;:null},&amp;quot;currentValue is &amp;quot;:true,&amp;quot;expectedValue is&amp;quot;:false},&amp;quot;code&amp;quot;:{&amp;quot;actualValue&amp;quot;:null,&amp;quot;expectedValue&amp;quot;:{&amp;quot;risk_score&amp;quot;:null,&amp;quot;mileage_12&amp;quot;:null,&amp;quot;mileage_24&amp;quot;:null,&amp;quot;mileage_36&amp;quot;:null,&amp;quot;avg_run_time_length_monthly&amp;quot;:null,&amp;quot;avg_run_speed&amp;quot;:null,&amp;quot;brake_acc_count_per_100km&amp;quot;:null,&amp;quot;acc_count_per_100km&amp;quot;:null,&amp;quot;speed_range00_rate&amp;quot;:null,&amp;quot;speed_range20_rate&amp;quot;:null,&amp;quot;speed_range40_rate&amp;quot;:null,&amp;quot;speed_range60_rate&amp;quot;:null,&amp;quot;speed_range80_rate&amp;quot;:null,&amp;quot;speed_range100_rate&amp;quot;:null,&amp;quot;speed_range120_rate&amp;quot;:null,&amp;quot;speed_range140_rate&amp;quot;:null,&amp;quot;fatigue_driving_rate&amp;quot;:null,&amp;quot;avg_run_days_monthly&amp;quot;:null,&amp;quot;avg_run_count_monthly&amp;quot;:null,&amp;quot;avg_fast_charge_count_monthly&amp;quot;:null,&amp;quot;avg_slow_charge_count_monthly&amp;quot;:null},&amp;quot;currentValue is &amp;quot;:&amp;quot;40000&amp;quot;,&amp;quot;expectedValue is&amp;quot;:false,&amp;quot;expectedValue is &amp;quot;:&amp;quot;10000&amp;quot;}}]">
      <![CDATA[java.lang.AssertionError: expected [{}] but found [{"data":{"actualValue":null,"expectedValue":{"risk_score":null,"mileage_12":null,"mileage_24":null,"mileage_36":null,"avg_run_time_length_monthly":null,"avg_run_speed":null,"brake_acc_count_per_100km":null,"acc_count_per_100km":null,"speed_range00_rate":null,"speed_range20_rate":null,"speed_range40_rate":null,"speed_range60_rate":null,"speed_range80_rate":null,"speed_range100_rate":null,"speed_range120_rate":null,"speed_range140_rate":null,"fatigue_driving_rate":null,"avg_run_days_monthly":null,"avg_run_count_monthly":null,"avg_fast_charge_count_monthly":null,"avg_slow_charge_count_monthly":null}},"risk_score":{"actualKey":"不存在此risk_score","expectedKey":"risk_score"},"mileage_12":{"actualKey":"不存在此mileage_12","expectedKey":"mileage_12"},"mileage_24":{"actualKey":"不存在此mileage_24","expectedKey":"mileage_24"},"mileage_36":{"actualKey":"不存在此mileage_36","expectedKey":"mileage_36"},"avg_run_time_length_monthly":{"actualKey":"不存在此avg_run_time_length_monthly","expectedKey":"avg_run_time_length_monthly"},"avg_run_speed":{"actualKey":"不存在此avg_run_speed","expectedKey":"avg_run_speed"},"brake_acc_count_per_100km":{"actualKey":"不存在此brake_acc_count_per_100km","expectedKey":"brake_acc_count_per_100km"},"acc_count_per_100km":{"actualKey":"不存在此acc_count_per_100km","expectedKey":"acc_count_per_100km"},"speed_range00_rate":{"actualKey":"不存在此speed_range00_rate","expectedKey":"speed_range00_rate"},"speed_range20_rate":{"actualKey":"不存在此speed_range20_rate","expectedKey":"speed_range20_rate"},"speed_range40_rate":{"actualKey":"不存在此speed_range40_rate","expectedKey":"speed_range40_rate"},"speed_range60_rate":{"actualKey":"不存在此speed_range60_rate","expectedKey":"speed_range60_rate"},"speed_range80_rate":{"actualKey":"不存在此speed_range80_rate","expectedKey":"speed_range80_rate"},"speed_range100_rate":{"actualKey":"不存在此speed_range100_rate","expectedKey":"speed_range100_rate"},"speed_range120_rate":{"actualKey":"不存在此speed_range120_rate","expectedKey":"speed_range120_rate"},"speed_range140_rate":{"actualKey":"不存在此speed_range140_rate","expectedKey":"speed_range140_rate"},"fatigue_driving_rate":{"actualKey":"不存在此fatigue_driving_rate","expectedKey":"fatigue_driving_rate"},"avg_run_days_monthly":{"actualKey":"不存在此avg_run_days_monthly","expectedKey":"avg_run_days_monthly"},"avg_run_count_monthly":{"actualKey":"不存在此avg_run_count_monthly","expectedKey":"avg_run_count_monthly"},"avg_fast_charge_count_monthly":{"actualKey":"不存在此avg_fast_charge_count_monthly","expectedKey":"avg_fast_charge_count_monthly"},"avg_slow_charge_count_monthly":{"actualKey":"不存在此avg_slow_charge_count_monthly","expectedKey":"avg_slow_charge_count_monthly"},"error":{"actualValue":null,"expectedValue":{"risk_score":null,"mileage_12":null,"mileage_24":null,"mileage_36":null,"avg_run_time_length_monthly":null,"avg_run_speed":null,"brake_acc_count_per_100km":null,"acc_count_per_100km":null,"speed_range00_rate":null,"speed_range20_rate":null,"speed_range40_rate":null,"speed_range60_rate":null,"speed_range80_rate":null,"speed_range100_rate":null,"speed_range120_rate":null,"speed_range140_rate":null,"fatigue_driving_rate":null,"avg_run_days_monthly":null,"avg_run_count_monthly":null,"avg_fast_charge_count_monthly":null,"avg_slow_charge_count_monthly":null},"currentValue is ":true,"expectedValue is":false},"code":{"actualValue":null,"expectedValue":{"risk_score":null,"mileage_12":null,"mileage_24":null,"mileage_36":null,"avg_run_time_length_monthly":null,"avg_run_speed":null,"brake_acc_count_per_100km":null,"acc_count_per_100km":null,"speed_range00_rate":null,"speed_range20_rate":null,"speed_range40_rate":null,"speed_range60_rate":null,"speed_range80_rate":null,"speed_range100_rate":null,"speed_range120_rate":null,"speed_range140_rate":null,"fatigue_driving_rate":null,"avg_run_days_monthly":null,"avg_run_count_monthly":null,"avg_fast_charge_count_monthly":null,"avg_slow_charge_count_monthly":null},"currentValue is ":"40000","expectedValue is":false,"expectedValue is ":"10000"}}]
at org.testng.Assert.fail(Assert.java:96)
at org.testng.Assert.failNotEquals(Assert.java:776)
at org.testng.Assert.assertEqualsImpl(Assert.java:137)
at org.testng.Assert.assertEquals(Assert.java:118)
at org.testng.Assert.assertEquals(Assert.java:453)
at org.testng.Assert.assertEquals(Assert.java:463)
at com.bitnei.apitest.testcases.saas.GetInsurance.Insurance(GetInsurance.java:86)
at sun.reflect.NativeMethodAccessorImpl.invoke0(Native Method)
at sun.reflect.NativeMethodAccessorImpl.invoke(NativeMethodAccessorImpl.java:62)
at sun.reflect.DelegatingMethodAccessorImpl.invoke(DelegatingMethodAccessorImpl.java:43)
at java.lang.reflect.Method.invoke(Method.java:498)
at org.testng.internal.MethodInvocationHelper.invokeMethod(MethodInvocationHelper.java:124)
at org.testng.internal.Invoker.invokeMethod(Invoker.java:580)
at org.testng.internal.Invoker.invokeTestMethod(Invoker.java:716)
at org.testng.internal.Invoker.invokeTestMethods(Invoker.java:988)
at org.testng.internal.TestMethodWorker.invokeTestMethods(TestMethodWorker.java:125)
at org.testng.internal.TestMethodWorker.run(TestMethodWorker.java:109)
at java.util.concurrent.ThreadPoolExecutor.runWorker(ThreadPoolExecutor.java:1149)
at java.util.concurrent.ThreadPoolExecutor$Worker.run(ThreadPoolExecutor.java:624)
at java.lang.Thread.run(Thread.java:748)
]]>
    </failure>
  </testcase> <!-- Insurance -->
</testsuite> <!-- SAAS -->
