<?xml version="1.0" encoding="UTF-8"?>
<!-- Generated by org.testng.reporters.JUnitXMLReporter -->
<testsuite hostname="DESKTOP-Q37MKND" ignored="0" name="SAAS" tests="104" failures="7" timestamp="27 十一月 2020 06:17:28 GMT" time="136.678" errors="0">
  <testcase name="ApiTestCode" time="0.041" classname="com.bitnei.apitest.testcases.saas.ApiTest"/>
  <testcase name="ApiTestCode" time="0.032" classname="com.bitnei.apitest.testcases.saas.ApiTest"/>
  <testcase name="ApiTestCode" time="0.041" classname="com.bitnei.apitest.testcases.saas.ApiTest"/>
  <testcase name="ApiTestCode" time="0.047" classname="com.bitnei.apitest.testcases.saas.ApiTest"/>
  <testcase name="ApiTestCode" time="0.053" classname="com.bitnei.apitest.testcases.saas.ApiTest"/>
  <testcase name="ApiTestCode" time="0.046" classname="com.bitnei.apitest.testcases.saas.ApiTest"/>
  <testcase name="ApiTestCode" time="0.033" classname="com.bitnei.apitest.testcases.saas.ApiTest"/>
  <testcase name="ApiTestCode" time="0.028" classname="com.bitnei.apitest.testcases.saas.ApiTest"/>
  <testcase name="ApiTestCode" time="0.043" classname="com.bitnei.apitest.testcases.saas.ApiTest"/>
  <testcase name="ApiTestCode" time="0.047" classname="com.bitnei.apitest.testcases.saas.ApiTest"/>
  <testcase name="ApiTestCode" time="0.049" classname="com.bitnei.apitest.testcases.saas.ApiTest"/>
  <testcase name="ApiTestCode" time="0.026" classname="com.bitnei.apitest.testcases.saas.ApiTest"/>
  <testcase name="ApiTestCode" time="0.038" classname="com.bitnei.apitest.testcases.saas.ApiTest"/>
  <testcase name="ApiTestCode" time="0.048" classname="com.bitnei.apitest.testcases.saas.ApiTest"/>
  <testcase name="ApiTestCode" time="0.051" classname="com.bitnei.apitest.testcases.saas.ApiTest"/>
  <testcase name="ApiTestCode" time="0.03" classname="com.bitnei.apitest.testcases.saas.ApiTest"/>
  <testcase name="ApiTestCode" time="0.032" classname="com.bitnei.apitest.testcases.saas.ApiTest"/>
  <testcase name="ApiTestCode" time="0.053" classname="com.bitnei.apitest.testcases.saas.ApiTest"/>
  <testcase name="ApiTestCode" time="0.051" classname="com.bitnei.apitest.testcases.saas.ApiTest"/>
  <testcase name="ApiTestCode" time="0.029" classname="com.bitnei.apitest.testcases.saas.ApiTest"/>
  <testcase name="ApiTestCode" time="0.028" classname="com.bitnei.apitest.testcases.saas.ApiTest"/>
  <testcase name="ApiTestCode" time="0.057" classname="com.bitnei.apitest.testcases.saas.ApiTest"/>
  <testcase name="ApiTestCode" time="0.046" classname="com.bitnei.apitest.testcases.saas.ApiTest"/>
  <testcase name="ApiTestCode" time="0.027" classname="com.bitnei.apitest.testcases.saas.ApiTest"/>
  <testcase name="ApiTestCode" time="0.027" classname="com.bitnei.apitest.testcases.saas.ApiTest"/>
  <testcase name="ApiTestCode" time="0.494" classname="com.bitnei.apitest.testcases.saas.ApiTest"/>
  <testcase name="ApiTestCode" time="0.444" classname="com.bitnei.apitest.testcases.saas.ApiTest"/>
  <testcase name="ApiTestCode" time="0.325" classname="com.bitnei.apitest.testcases.saas.ApiTest"/>
  <testcase name="ApiTestCode" time="0.244" classname="com.bitnei.apitest.testcases.saas.ApiTest"/>
  <testcase name="ApiTestCode" time="0.042" classname="com.bitnei.apitest.testcases.saas.ApiTest"/>
  <testcase name="ApiTestCode" time="0.053" classname="com.bitnei.apitest.testcases.saas.ApiTest"/>
  <testcase name="ApiTestCode" time="0.044" classname="com.bitnei.apitest.testcases.saas.ApiTest"/>
  <testcase name="ApiTestCode" time="0.032" classname="com.bitnei.apitest.testcases.saas.ApiTest"/>
  <testcase name="ApiTestCode" time="0.035" classname="com.bitnei.apitest.testcases.saas.ApiTest"/>
  <testcase name="ApiTestCode" time="0.044" classname="com.bitnei.apitest.testcases.saas.ApiTest"/>
  <testcase name="ApiTestCode" time="0.048" classname="com.bitnei.apitest.testcases.saas.ApiTest"/>
  <testcase name="ApiTestCode" time="0.033" classname="com.bitnei.apitest.testcases.saas.ApiTest"/>
  <testcase name="ApiTestCode" time="0.034" classname="com.bitnei.apitest.testcases.saas.ApiTest"/>
  <testcase name="ApiTestCode" time="0.027" classname="com.bitnei.apitest.testcases.saas.ApiTest"/>
  <testcase name="ApiTestCode" time="0.235" classname="com.bitnei.apitest.testcases.saas.ApiTest"/>
  <testcase name="ApiTestCode" time="0.213" classname="com.bitnei.apitest.testcases.saas.ApiTest"/>
  <testcase name="ApiTestCode" time="0.29" classname="com.bitnei.apitest.testcases.saas.ApiTest"/>
  <testcase name="ApiTestCode" time="0.571" classname="com.bitnei.apitest.testcases.saas.ApiTest"/>
  <testcase name="ApiTestCode" time="0.053" classname="com.bitnei.apitest.testcases.saas.ApiTest"/>
  <testcase name="ApiTestCode" time="0.043" classname="com.bitnei.apitest.testcases.saas.ApiTest"/>
  <testcase name="ApiTestCode" time="0.046" classname="com.bitnei.apitest.testcases.saas.ApiTest"/>
  <testcase name="ApiTestCode" time="0.039" classname="com.bitnei.apitest.testcases.saas.ApiTest"/>
  <testcase name="ApiTestCode" time="0.041" classname="com.bitnei.apitest.testcases.saas.ApiTest"/>
  <testcase name="ApiTestCode" time="0.035" classname="com.bitnei.apitest.testcases.saas.ApiTest"/>
  <testcase name="ApiTestCode" time="0.04" classname="com.bitnei.apitest.testcases.saas.ApiTest"/>
  <testcase name="ApiTestCode" time="0.038" classname="com.bitnei.apitest.testcases.saas.ApiTest"/>
  <testcase name="ApiTestCode" time="0.035" classname="com.bitnei.apitest.testcases.saas.ApiTest"/>
  <testcase name="ApiTestCode" time="0.039" classname="com.bitnei.apitest.testcases.saas.ApiTest"/>
  <testcase name="ApiTestCode" time="0.024" classname="com.bitnei.apitest.testcases.saas.ApiTest"/>
  <testcase name="ApiTestCode" time="0.028" classname="com.bitnei.apitest.testcases.saas.ApiTest"/>
  <testcase name="ApiTestCode" time="0.034" classname="com.bitnei.apitest.testcases.saas.ApiTest"/>
  <testcase name="ApiTestCode" time="0.039" classname="com.bitnei.apitest.testcases.saas.ApiTest"/>
  <testcase name="ApiTestCode" time="0.026" classname="com.bitnei.apitest.testcases.saas.ApiTest"/>
  <testcase name="ApiTestCode" time="0.113" classname="com.bitnei.apitest.testcases.saas.ApiTest"/>
  <testcase name="ApiTestCode" time="0.03" classname="com.bitnei.apitest.testcases.saas.ApiTest"/>
  <testcase name="ApiTestCode" time="0.032" classname="com.bitnei.apitest.testcases.saas.ApiTest"/>
  <testcase name="ApiTestCode" time="0.036" classname="com.bitnei.apitest.testcases.saas.ApiTest"/>
  <testcase name="ApiTestCode" time="0.037" classname="com.bitnei.apitest.testcases.saas.ApiTest"/>
  <testcase name="ApiTestCode" time="0.038" classname="com.bitnei.apitest.testcases.saas.ApiTest">
    <failure type="java.lang.AssertionError" message="expected [{}] but found [{&amp;quot;status&amp;quot;:{&amp;quot;currentValue is &amp;quot;:200,&amp;quot;expectedValue is&amp;quot;:400},&amp;quot;errorMsg&amp;quot;:{&amp;quot;currentValue is &amp;quot;:&amp;quot;Required String parameter &amp;apos;queryCode&amp;apos; is not present&amp;quot;,&amp;quot;expectedValue is&amp;quot;:400,&amp;quot;expectedValue is &amp;quot;:&amp;quot;参数vin未传&amp;quot;},&amp;quot;code&amp;quot;:{&amp;quot;currentValue is &amp;quot;:&amp;quot;40000&amp;quot;,&amp;quot;expectedValue is&amp;quot;:400,&amp;quot;expectedValue is &amp;quot;:&amp;quot;30001&amp;quot;}}]">
      <![CDATA[java.lang.AssertionError: expected [{}] but found [{"status":{"currentValue is ":200,"expectedValue is":400},"errorMsg":{"currentValue is ":"Required String parameter 'queryCode' is not present","expectedValue is":400,"expectedValue is ":"参数vin未传"},"code":{"currentValue is ":"40000","expectedValue is":400,"expectedValue is ":"30001"}}]
at com.bitnei.apitest.testcases.saas.ApiTest.ApiTestCode(ApiTest.java:101)
at java.util.concurrent.ThreadPoolExecutor.runWorker(ThreadPoolExecutor.java:1149)
at java.util.concurrent.ThreadPoolExecutor$Worker.run(ThreadPoolExecutor.java:624)
at java.lang.Thread.run(Thread.java:748)
... Removed 15 stack frames]]>
    </failure>
  </testcase> <!-- ApiTestCode -->
  <testcase name="ApiTestCode" time="0.051" classname="com.bitnei.apitest.testcases.saas.ApiTest">
    <failure type="java.lang.AssertionError" message="expected [{}] but found [{&amp;quot;data&amp;quot;:{&amp;quot;actualValue&amp;quot;:null,&amp;quot;expectedValue&amp;quot;:{&amp;quot;vin&amp;quot;:&amp;quot;HDL421BG5K1000437&amp;quot;,&amp;quot;assessmentTime&amp;quot;:&amp;quot;20200609&amp;quot;,&amp;quot;internalResistanceScore&amp;quot;:100,&amp;quot;volumeScore&amp;quot;:100,&amp;quot;selfDischargeRateScore&amp;quot;:100,&amp;quot;voltConsistenceScore&amp;quot;:100,&amp;quot;temperatureConsistenceScore&amp;quot;:100,&amp;quot;synthesizeScore&amp;quot;:100}},&amp;quot;vin&amp;quot;:{&amp;quot;actualKey&amp;quot;:&amp;quot;不存在此vin&amp;quot;,&amp;quot;expectedKey&amp;quot;:&amp;quot;vin&amp;quot;},&amp;quot;assessmentTime&amp;quot;:{&amp;quot;actualKey&amp;quot;:&amp;quot;不存在此assessmentTime&amp;quot;,&amp;quot;expectedKey&amp;quot;:&amp;quot;assessmentTime&amp;quot;},&amp;quot;internalResistanceScore&amp;quot;:{&amp;quot;actualKey&amp;quot;:&amp;quot;不存在此internalResistanceScore&amp;quot;,&amp;quot;expectedKey&amp;quot;:&amp;quot;internalResistanceScore&amp;quot;},&amp;quot;volumeScore&amp;quot;:{&amp;quot;actualKey&amp;quot;:&amp;quot;不存在此volumeScore&amp;quot;,&amp;quot;expectedKey&amp;quot;:&amp;quot;volumeScore&amp;quot;},&amp;quot;selfDischargeRateScore&amp;quot;:{&amp;quot;actualKey&amp;quot;:&amp;quot;不存在此selfDischargeRateScore&amp;quot;,&amp;quot;expectedKey&amp;quot;:&amp;quot;selfDischargeRateScore&amp;quot;},&amp;quot;voltConsistenceScore&amp;quot;:{&amp;quot;actualKey&amp;quot;:&amp;quot;不存在此voltConsistenceScore&amp;quot;,&amp;quot;expectedKey&amp;quot;:&amp;quot;voltConsistenceScore&amp;quot;},&amp;quot;temperatureConsistenceScore&amp;quot;:{&amp;quot;actualKey&amp;quot;:&amp;quot;不存在此temperatureConsistenceScore&amp;quot;,&amp;quot;expectedKey&amp;quot;:&amp;quot;temperatureConsistenceScore&amp;quot;},&amp;quot;synthesizeScore&amp;quot;:{&amp;quot;actualKey&amp;quot;:&amp;quot;不存在此synthesizeScore&amp;quot;,&amp;quot;expectedKey&amp;quot;:&amp;quot;synthesizeScore&amp;quot;},&amp;quot;error&amp;quot;:{&amp;quot;actualValue&amp;quot;:null,&amp;quot;expectedValue&amp;quot;:{&amp;quot;vin&amp;quot;:&amp;quot;HDL421BG5K1000437&amp;quot;,&amp;quot;assessmentTime&amp;quot;:&amp;quot;20200609&amp;quot;,&amp;quot;internalResistanceScore&amp;quot;:100,&amp;quot;volumeScore&amp;quot;:100,&amp;quot;selfDischargeRateScore&amp;quot;:100,&amp;quot;voltConsistenceScore&amp;quot;:100,&amp;quot;temperatureConsistenceScore&amp;quot;:100,&amp;quot;synthesizeScore&amp;quot;:100},&amp;quot;currentValue is &amp;quot;:true,&amp;quot;expectedValue is&amp;quot;:false},&amp;quot;code&amp;quot;:{&amp;quot;actualValue&amp;quot;:null,&amp;quot;expectedValue&amp;quot;:{&amp;quot;vin&amp;quot;:&amp;quot;HDL421BG5K1000437&amp;quot;,&amp;quot;assessmentTime&amp;quot;:&amp;quot;20200609&amp;quot;,&amp;quot;internalResistanceScore&amp;quot;:100,&amp;quot;volumeScore&amp;quot;:100,&amp;quot;selfDischargeRateScore&amp;quot;:100,&amp;quot;voltConsistenceScore&amp;quot;:100,&amp;quot;temperatureConsistenceScore&amp;quot;:100,&amp;quot;synthesizeScore&amp;quot;:100},&amp;quot;currentValue is &amp;quot;:&amp;quot;40000&amp;quot;,&amp;quot;expectedValue is&amp;quot;:false,&amp;quot;expectedValue is &amp;quot;:&amp;quot;10000&amp;quot;}}]">
      <![CDATA[java.lang.AssertionError: expected [{}] but found [{"data":{"actualValue":null,"expectedValue":{"vin":"HDL421BG5K1000437","assessmentTime":"20200609","internalResistanceScore":100,"volumeScore":100,"selfDischargeRateScore":100,"voltConsistenceScore":100,"temperatureConsistenceScore":100,"synthesizeScore":100}},"vin":{"actualKey":"不存在此vin","expectedKey":"vin"},"assessmentTime":{"actualKey":"不存在此assessmentTime","expectedKey":"assessmentTime"},"internalResistanceScore":{"actualKey":"不存在此internalResistanceScore","expectedKey":"internalResistanceScore"},"volumeScore":{"actualKey":"不存在此volumeScore","expectedKey":"volumeScore"},"selfDischargeRateScore":{"actualKey":"不存在此selfDischargeRateScore","expectedKey":"selfDischargeRateScore"},"voltConsistenceScore":{"actualKey":"不存在此voltConsistenceScore","expectedKey":"voltConsistenceScore"},"temperatureConsistenceScore":{"actualKey":"不存在此temperatureConsistenceScore","expectedKey":"temperatureConsistenceScore"},"synthesizeScore":{"actualKey":"不存在此synthesizeScore","expectedKey":"synthesizeScore"},"error":{"actualValue":null,"expectedValue":{"vin":"HDL421BG5K1000437","assessmentTime":"20200609","internalResistanceScore":100,"volumeScore":100,"selfDischargeRateScore":100,"voltConsistenceScore":100,"temperatureConsistenceScore":100,"synthesizeScore":100},"currentValue is ":true,"expectedValue is":false},"code":{"actualValue":null,"expectedValue":{"vin":"HDL421BG5K1000437","assessmentTime":"20200609","internalResistanceScore":100,"volumeScore":100,"selfDischargeRateScore":100,"voltConsistenceScore":100,"temperatureConsistenceScore":100,"synthesizeScore":100},"currentValue is ":"40000","expectedValue is":false,"expectedValue is ":"10000"}}]
at com.bitnei.apitest.testcases.saas.ApiTest.ApiTestCode(ApiTest.java:101)
at java.util.concurrent.ThreadPoolExecutor.runWorker(ThreadPoolExecutor.java:1149)
at java.util.concurrent.ThreadPoolExecutor$Worker.run(ThreadPoolExecutor.java:624)
at java.lang.Thread.run(Thread.java:748)
... Removed 15 stack frames]]>
    </failure>
  </testcase> <!-- ApiTestCode -->
  <testcase name="ApiTestCode" time="0.027" classname="com.bitnei.apitest.testcases.saas.ApiTest">
    <failure type="java.lang.AssertionError" message="expected [{}] but found [{&amp;quot;error&amp;quot;:{&amp;quot;currentValue is &amp;quot;:true,&amp;quot;expectedValue is&amp;quot;:false},&amp;quot;code&amp;quot;:{&amp;quot;currentValue is &amp;quot;:&amp;quot;40000&amp;quot;,&amp;quot;expectedValue is&amp;quot;:false,&amp;quot;expectedValue is &amp;quot;:&amp;quot;35000&amp;quot;}}]">
      <![CDATA[java.lang.AssertionError: expected [{}] but found [{"error":{"currentValue is ":true,"expectedValue is":false},"code":{"currentValue is ":"40000","expectedValue is":false,"expectedValue is ":"35000"}}]
at com.bitnei.apitest.testcases.saas.ApiTest.ApiTestCode(ApiTest.java:101)
at java.util.concurrent.ThreadPoolExecutor.runWorker(ThreadPoolExecutor.java:1149)
at java.util.concurrent.ThreadPoolExecutor$Worker.run(ThreadPoolExecutor.java:624)
at java.lang.Thread.run(Thread.java:748)
... Removed 15 stack frames]]>
    </failure>
  </testcase> <!-- ApiTestCode -->
  <testcase name="ApiTestCode" time="0.072" classname="com.bitnei.apitest.testcases.saas.ApiTest">
    <failure type="java.lang.AssertionError" message="expected [{}] but found [{&amp;quot;status&amp;quot;:{&amp;quot;currentValue is &amp;quot;:200,&amp;quot;expectedValue is&amp;quot;:400},&amp;quot;errorMsg&amp;quot;:{&amp;quot;currentValue is &amp;quot;:&amp;quot;Required String parameter &amp;apos;queryCode&amp;apos; is not present&amp;quot;,&amp;quot;expectedValue is&amp;quot;:400,&amp;quot;expectedValue is &amp;quot;:&amp;quot;参数vin未传&amp;quot;},&amp;quot;code&amp;quot;:{&amp;quot;currentValue is &amp;quot;:&amp;quot;40000&amp;quot;,&amp;quot;expectedValue is&amp;quot;:400,&amp;quot;expectedValue is &amp;quot;:&amp;quot;30001&amp;quot;}}]">
      <![CDATA[java.lang.AssertionError: expected [{}] but found [{"status":{"currentValue is ":200,"expectedValue is":400},"errorMsg":{"currentValue is ":"Required String parameter 'queryCode' is not present","expectedValue is":400,"expectedValue is ":"参数vin未传"},"code":{"currentValue is ":"40000","expectedValue is":400,"expectedValue is ":"30001"}}]
at com.bitnei.apitest.testcases.saas.ApiTest.ApiTestCode(ApiTest.java:101)
at java.util.concurrent.ThreadPoolExecutor.runWorker(ThreadPoolExecutor.java:1149)
at java.util.concurrent.ThreadPoolExecutor$Worker.run(ThreadPoolExecutor.java:624)
at java.lang.Thread.run(Thread.java:748)
... Removed 15 stack frames]]>
    </failure>
  </testcase> <!-- ApiTestCode -->
  <testcase name="ApiTestCode" time="0.033" classname="com.bitnei.apitest.testcases.saas.ApiTest">
    <failure type="java.lang.AssertionError" message="expected [{}] but found [{&amp;quot;data&amp;quot;:{&amp;quot;actualValue&amp;quot;:null,&amp;quot;expectedValue&amp;quot;:[{&amp;quot;mileageRange&amp;quot;:0,&amp;quot;volFading&amp;quot;:2},{&amp;quot;mileageRange&amp;quot;:1,&amp;quot;volFading&amp;quot;:2.21},{&amp;quot;mileageRange&amp;quot;:2,&amp;quot;volFading&amp;quot;:2.32},{&amp;quot;mileageRange&amp;quot;:3,&amp;quot;volFading&amp;quot;:2.27},{&amp;quot;mileageRange&amp;quot;:4,&amp;quot;volFading&amp;quot;:2.14},{&amp;quot;mileageRange&amp;quot;:5,&amp;quot;volFading&amp;quot;:2.04},{&amp;quot;mileageRange&amp;quot;:6,&amp;quot;volFading&amp;quot;:1.97},{&amp;quot;mileageRange&amp;quot;:7,&amp;quot;volFading&amp;quot;:1.99},{&amp;quot;mileageRange&amp;quot;:8,&amp;quot;volFading&amp;quot;:2.11}]},&amp;quot;Length&amp;quot;:{&amp;quot;actualLenth&amp;quot;:1,&amp;quot;expectLenth&amp;quot;:9},&amp;quot;mileageRange&amp;quot;:{&amp;quot;actualKey&amp;quot;:&amp;quot;不存在此mileageRange&amp;quot;,&amp;quot;expectedKey&amp;quot;:&amp;quot;mileageRange&amp;quot;},&amp;quot;volFading&amp;quot;:{&amp;quot;actualKey&amp;quot;:&amp;quot;不存在此volFading&amp;quot;,&amp;quot;expectedKey&amp;quot;:&amp;quot;volFading&amp;quot;},&amp;quot;error&amp;quot;:{&amp;quot;actualValue&amp;quot;:null,&amp;quot;expectedValue&amp;quot;:[{&amp;quot;mileageRange&amp;quot;:0,&amp;quot;volFading&amp;quot;:2},{&amp;quot;mileageRange&amp;quot;:1,&amp;quot;volFading&amp;quot;:2.21},{&amp;quot;mileageRange&amp;quot;:2,&amp;quot;volFading&amp;quot;:2.32},{&amp;quot;mileageRange&amp;quot;:3,&amp;quot;volFading&amp;quot;:2.27},{&amp;quot;mileageRange&amp;quot;:4,&amp;quot;volFading&amp;quot;:2.14},{&amp;quot;mileageRange&amp;quot;:5,&amp;quot;volFading&amp;quot;:2.04},{&amp;quot;mileageRange&amp;quot;:6,&amp;quot;volFading&amp;quot;:1.97},{&amp;quot;mileageRange&amp;quot;:7,&amp;quot;volFading&amp;quot;:1.99},{&amp;quot;mileageRange&amp;quot;:8,&amp;quot;volFading&amp;quot;:2.11}],&amp;quot;currentValue is &amp;quot;:true,&amp;quot;expectedValue is&amp;quot;:false},&amp;quot;code&amp;quot;:{&amp;quot;actualValue&amp;quot;:null,&amp;quot;expectedValue&amp;quot;:[{&amp;quot;mileageRange&amp;quot;:0,&amp;quot;volFading&amp;quot;:2},{&amp;quot;mileageRange&amp;quot;:1,&amp;quot;volFading&amp;quot;:2.21},{&amp;quot;mileageRange&amp;quot;:2,&amp;quot;volFading&amp;quot;:2.32},{&amp;quot;mileageRange&amp;quot;:3,&amp;quot;volFading&amp;quot;:2.27},{&amp;quot;mileageRange&amp;quot;:4,&amp;quot;volFading&amp;quot;:2.14},{&amp;quot;mileageRange&amp;quot;:5,&amp;quot;volFading&amp;quot;:2.04},{&amp;quot;mileageRange&amp;quot;:6,&amp;quot;volFading&amp;quot;:1.97},{&amp;quot;mileageRange&amp;quot;:7,&amp;quot;volFading&amp;quot;:1.99},{&amp;quot;mileageRange&amp;quot;:8,&amp;quot;volFading&amp;quot;:2.11}],&amp;quot;currentValue is &amp;quot;:&amp;quot;40000&amp;quot;,&amp;quot;expectedValue is&amp;quot;:false,&amp;quot;expectedValue is &amp;quot;:&amp;quot;10000&amp;quot;}}]">
      <![CDATA[java.lang.AssertionError: expected [{}] but found [{"data":{"actualValue":null,"expectedValue":[{"mileageRange":0,"volFading":2},{"mileageRange":1,"volFading":2.21},{"mileageRange":2,"volFading":2.32},{"mileageRange":3,"volFading":2.27},{"mileageRange":4,"volFading":2.14},{"mileageRange":5,"volFading":2.04},{"mileageRange":6,"volFading":1.97},{"mileageRange":7,"volFading":1.99},{"mileageRange":8,"volFading":2.11}]},"Length":{"actualLenth":1,"expectLenth":9},"mileageRange":{"actualKey":"不存在此mileageRange","expectedKey":"mileageRange"},"volFading":{"actualKey":"不存在此volFading","expectedKey":"volFading"},"error":{"actualValue":null,"expectedValue":[{"mileageRange":0,"volFading":2},{"mileageRange":1,"volFading":2.21},{"mileageRange":2,"volFading":2.32},{"mileageRange":3,"volFading":2.27},{"mileageRange":4,"volFading":2.14},{"mileageRange":5,"volFading":2.04},{"mileageRange":6,"volFading":1.97},{"mileageRange":7,"volFading":1.99},{"mileageRange":8,"volFading":2.11}],"currentValue is ":true,"expectedValue is":false},"code":{"actualValue":null,"expectedValue":[{"mileageRange":0,"volFading":2},{"mileageRange":1,"volFading":2.21},{"mileageRange":2,"volFading":2.32},{"mileageRange":3,"volFading":2.27},{"mileageRange":4,"volFading":2.14},{"mileageRange":5,"volFading":2.04},{"mileageRange":6,"volFading":1.97},{"mileageRange":7,"volFading":1.99},{"mileageRange":8,"volFading":2.11}],"currentValue is ":"40000","expectedValue is":false,"expectedValue is ":"10000"}}]
at com.bitnei.apitest.testcases.saas.ApiTest.ApiTestCode(ApiTest.java:101)
at java.util.concurrent.ThreadPoolExecutor.runWorker(ThreadPoolExecutor.java:1149)
at java.util.concurrent.ThreadPoolExecutor$Worker.run(ThreadPoolExecutor.java:624)
at java.lang.Thread.run(Thread.java:748)
... Removed 15 stack frames]]>
    </failure>
  </testcase> <!-- ApiTestCode -->
  <testcase name="ApiTestCode" time="0.032" classname="com.bitnei.apitest.testcases.saas.ApiTest">
    <failure type="java.lang.AssertionError" message="expected [{}] but found [{&amp;quot;error&amp;quot;:{&amp;quot;currentValue is &amp;quot;:true,&amp;quot;expectedValue is&amp;quot;:false},&amp;quot;code&amp;quot;:{&amp;quot;currentValue is &amp;quot;:&amp;quot;40000&amp;quot;,&amp;quot;expectedValue is&amp;quot;:false,&amp;quot;expectedValue is &amp;quot;:&amp;quot;35000&amp;quot;}}]">
      <![CDATA[java.lang.AssertionError: expected [{}] but found [{"error":{"currentValue is ":true,"expectedValue is":false},"code":{"currentValue is ":"40000","expectedValue is":false,"expectedValue is ":"35000"}}]
at com.bitnei.apitest.testcases.saas.ApiTest.ApiTestCode(ApiTest.java:101)
at java.util.concurrent.ThreadPoolExecutor.runWorker(ThreadPoolExecutor.java:1149)
at java.util.concurrent.ThreadPoolExecutor$Worker.run(ThreadPoolExecutor.java:624)
at java.lang.Thread.run(Thread.java:748)
... Removed 15 stack frames]]>
    </failure>
  </testcase> <!-- ApiTestCode -->
  <testcase name="ApiTestCode" time="0.036" classname="com.bitnei.apitest.testcases.saas.ApiTest"/>
  <testcase name="ApiTestCode" time="0.027" classname="com.bitnei.apitest.testcases.saas.ApiTest"/>
  <testcase name="ApiTestCode" time="0.027" classname="com.bitnei.apitest.testcases.saas.ApiTest"/>
  <testcase name="ApiTestCode" time="0.028" classname="com.bitnei.apitest.testcases.saas.ApiTest"/>
  <testcase name="ApiTestCode" time="0.028" classname="com.bitnei.apitest.testcases.saas.ApiTest"/>
  <testcase name="ApiTestCode" time="0.028" classname="com.bitnei.apitest.testcases.saas.ApiTest"/>
  <testcase name="ApiTestCode" time="0.03" classname="com.bitnei.apitest.testcases.saas.ApiTest"/>
  <testcase name="ApiTestCode" time="0.031" classname="com.bitnei.apitest.testcases.saas.ApiTest">
    <failure type="java.lang.AssertionError" message="expected [{}] but found [{&amp;quot;errorMsg&amp;quot;:{&amp;quot;actualValue&amp;quot;:null,&amp;quot;expectedValue&amp;quot;:&amp;quot;维度(lat)为必填字段,不能为空,经度(lng)为必填字段,不能为空&amp;quot;,&amp;quot;currentValue is &amp;quot;:null,&amp;quot;expectedValue is &amp;quot;:&amp;quot;维度(lat)为必填字段,不能为空,经度(lng)为必填字段,不能为空&amp;quot;},&amp;quot;error&amp;quot;:{&amp;quot;actualValue&amp;quot;:null,&amp;quot;expectedValue&amp;quot;:&amp;quot;维度(lat)为必填字段,不能为空,经度(lng)为必填字段,不能为空&amp;quot;,&amp;quot;currentValue is &amp;quot;:false,&amp;quot;expectedValue is &amp;quot;:&amp;quot;维度(lat)为必填字段,不能为空,经度(lng)为必填字段,不能为空&amp;quot;,&amp;quot;expectedValue is&amp;quot;:true},&amp;quot;code&amp;quot;:{&amp;quot;actualValue&amp;quot;:null,&amp;quot;expectedValue&amp;quot;:&amp;quot;维度(lat)为必填字段,不能为空,经度(lng)为必填字段,不能为空&amp;quot;,&amp;quot;currentValue is &amp;quot;:&amp;quot;10000&amp;quot;,&amp;quot;expectedValue is &amp;quot;:&amp;quot;30001&amp;quot;,&amp;quot;expectedValue is&amp;quot;:true}}]">
      <![CDATA[java.lang.AssertionError: expected [{}] but found [{"errorMsg":{"actualValue":null,"expectedValue":"维度(lat)为必填字段,不能为空,经度(lng)为必填字段,不能为空","currentValue is ":null,"expectedValue is ":"维度(lat)为必填字段,不能为空,经度(lng)为必填字段,不能为空"},"error":{"actualValue":null,"expectedValue":"维度(lat)为必填字段,不能为空,经度(lng)为必填字段,不能为空","currentValue is ":false,"expectedValue is ":"维度(lat)为必填字段,不能为空,经度(lng)为必填字段,不能为空","expectedValue is":true},"code":{"actualValue":null,"expectedValue":"维度(lat)为必填字段,不能为空,经度(lng)为必填字段,不能为空","currentValue is ":"10000","expectedValue is ":"30001","expectedValue is":true}}]
at com.bitnei.apitest.testcases.saas.ApiTest.ApiTestCode(ApiTest.java:101)
at java.util.concurrent.ThreadPoolExecutor.runWorker(ThreadPoolExecutor.java:1149)
at java.util.concurrent.ThreadPoolExecutor$Worker.run(ThreadPoolExecutor.java:624)
at java.lang.Thread.run(Thread.java:748)
... Removed 15 stack frames]]>
    </failure>
  </testcase> <!-- ApiTestCode -->
  <testcase name="ApiTestCode" time="0.036" classname="com.bitnei.apitest.testcases.saas.ApiTest"/>
  <testcase name="ApiTest" time="2.604" classname="com.bitnei.apitest.testcases.saas.PostApiTestParas"/>
  <testcase name="ApiTest" time="0.443" classname="com.bitnei.apitest.testcases.saas.PostApiTestParas"/>
  <testcase name="ApiTest" time="0.434" classname="com.bitnei.apitest.testcases.saas.PostApiTestParas"/>
  <testcase name="ApiTest" time="0.419" classname="com.bitnei.apitest.testcases.saas.PostApiTestParas"/>
  <testcase name="ApiTest" time="0.772" classname="com.bitnei.apitest.testcases.saas.PostApiTestParas"/>
  <testcase name="ApiTest" time="0.381" classname="com.bitnei.apitest.testcases.saas.PostApiTestParas"/>
  <testcase name="ApiTest" time="0.67" classname="com.bitnei.apitest.testcases.saas.PostApiTestParas"/>
  <testcase name="ApiTest" time="0.369" classname="com.bitnei.apitest.testcases.saas.PostApiTestParas"/>
  <testcase name="ApiTest" time="0.339" classname="com.bitnei.apitest.testcases.saas.PostApiTestParas"/>
  <testcase name="UserInfoRgisterData" time="4.983" classname="com.bitnei.apitest.testcases.saas.TestGeodeData"/>
  <testcase name="UserInfoRgisterData" time="9.366" classname="com.bitnei.apitest.testcases.saas.TestGeodeData"/>
  <testcase name="UserInfoRgisterData" time="9.909" classname="com.bitnei.apitest.testcases.saas.TestGeodeData"/>
  <testcase name="UserInfoRgisterData" time="20.348" classname="com.bitnei.apitest.testcases.saas.TestGeodeData"/>
  <testcase name="UserInfoRgisterData" time="10.031" classname="com.bitnei.apitest.testcases.saas.TestGeodeData"/>
  <testcase name="UserInfoRgisterData" time="22.94" classname="com.bitnei.apitest.testcases.saas.TestGeodeData"/>
  <testcase name="Insurance" time="0.049" classname="com.bitnei.apitest.testcases.saas.GetInsurance"/>
  <testcase name="Insurance" time="0.033" classname="com.bitnei.apitest.testcases.saas.GetInsurance"/>
  <testcase name="Insurance" time="0.032" classname="com.bitnei.apitest.testcases.saas.GetInsurance"/>
  <testcase name="Insurance" time="0.04" classname="com.bitnei.apitest.testcases.saas.GetInsurance"/>
  <testcase name="Insurance" time="0.033" classname="com.bitnei.apitest.testcases.saas.GetInsurance"/>
  <testcase name="Insurance" time="0.344" classname="com.bitnei.apitest.testcases.saas.GetInsurance"/>
  <testcase name="Insurance" time="0.035" classname="com.bitnei.apitest.testcases.saas.GetInsurance"/>
  <testcase name="Insurance" time="0.05" classname="com.bitnei.apitest.testcases.saas.GetInsurance"/>
  <testcase name="Insurance" time="0.048" classname="com.bitnei.apitest.testcases.saas.GetInsurance"/>
  <testcase name="Insurance" time="0.035" classname="com.bitnei.apitest.testcases.saas.GetInsurance"/>
  <testcase name="Insurance" time="0.034" classname="com.bitnei.apitest.testcases.saas.GetInsurance"/>
</testsuite> <!-- SAAS -->
