<?xml version="1.0" encoding="UTF-8"?>
<!-- Generated by org.testng.reporters.JUnitXMLReporter -->
<testsuite hostname="DESKTOP-Q37MKND" ignored="0" name="SAAS" tests="186" failures="1" timestamp="09 三月 2021 09:58:00 GMT" time="197.998" errors="0">
  <testcase name="UserInfoQueryData" time="0.204" classname="com.bitnei.apitest.testcases.saas.UserInfoQueryByExcel"/>
  <testcase name="UserInfoQueryData" time="0.092" classname="com.bitnei.apitest.testcases.saas.UserInfoQueryByExcel"/>
  <testcase name="UserInfoQueryData" time="0.114" classname="com.bitnei.apitest.testcases.saas.UserInfoQueryByExcel"/>
  <testcase name="UserInfoQueryData" time="0.102" classname="com.bitnei.apitest.testcases.saas.UserInfoQueryByExcel"/>
  <testcase name="UserInfoQueryData" time="0.159" classname="com.bitnei.apitest.testcases.saas.UserInfoQueryByExcel"/>
  <testcase name="UserInfoQueryData" time="0.096" classname="com.bitnei.apitest.testcases.saas.UserInfoQueryByExcel"/>
  <testcase name="UserInfoQueryData" time="0.261" classname="com.bitnei.apitest.testcases.saas.UserInfoQueryByExcel"/>
  <testcase name="UserInfoRgisterData" time="0.161" classname="com.bitnei.apitest.testcases.saas.UserInforRgisterByExcel"/>
  <testcase name="UserInfoRgisterData" time="0.251" classname="com.bitnei.apitest.testcases.saas.UserInforRgisterByExcel"/>
  <testcase name="UserInfoRgisterData" time="0.21" classname="com.bitnei.apitest.testcases.saas.UserInforRgisterByExcel"/>
  <testcase name="UserInfoRgisterData" time="0.227" classname="com.bitnei.apitest.testcases.saas.UserInforRgisterByExcel"/>
  <testcase name="UserInfoRgisterData" time="0.314" classname="com.bitnei.apitest.testcases.saas.UserInforRgisterByExcel"/>
  <testcase name="UserInfoRgisterData" time="0.151" classname="com.bitnei.apitest.testcases.saas.UserInforRgisterByExcel"/>
  <testcase name="UserInfoRgisterData" time="0.233" classname="com.bitnei.apitest.testcases.saas.UserInforRgisterByExcel"/>
  <testcase name="UserInfoQueryData" time="0.183" classname="com.bitnei.apitest.testcases.saas.PostBackSaas"/>
  <testcase name="UserInfoQueryData" time="0.095" classname="com.bitnei.apitest.testcases.saas.PostBackSaas"/>
  <testcase name="UserInfoQueryData" time="0.136" classname="com.bitnei.apitest.testcases.saas.PostBackSaas"/>
  <testcase name="UserInfoQueryData" time="0.132" classname="com.bitnei.apitest.testcases.saas.PostBackSaas"/>
  <testcase name="UserInfoQueryData" time="0.103" classname="com.bitnei.apitest.testcases.saas.PostBackSaas"/>
  <testcase name="UserInfoQueryData" time="0.201" classname="com.bitnei.apitest.testcases.saas.PostBackSaas"/>
  <testcase name="ApiTestCode" time="0.036" classname="com.bitnei.apitest.testcases.saas.ApiTest"/>
  <testcase name="ApiTestCode" time="0.044" classname="com.bitnei.apitest.testcases.saas.ApiTest"/>
  <testcase name="ApiTestCode" time="0.033" classname="com.bitnei.apitest.testcases.saas.ApiTest"/>
  <testcase name="ApiTestCode" time="0.045" classname="com.bitnei.apitest.testcases.saas.ApiTest"/>
  <testcase name="ApiTestCode" time="0.071" classname="com.bitnei.apitest.testcases.saas.ApiTest"/>
  <testcase name="ApiTestCode" time="0.051" classname="com.bitnei.apitest.testcases.saas.ApiTest"/>
  <testcase name="ApiTestCode" time="0.03" classname="com.bitnei.apitest.testcases.saas.ApiTest"/>
  <testcase name="ApiTestCode" time="0.032" classname="com.bitnei.apitest.testcases.saas.ApiTest"/>
  <testcase name="ApiTestCode" time="0.041" classname="com.bitnei.apitest.testcases.saas.ApiTest"/>
  <testcase name="ApiTestCode" time="0.039" classname="com.bitnei.apitest.testcases.saas.ApiTest"/>
  <testcase name="ApiTestCode" time="0.047" classname="com.bitnei.apitest.testcases.saas.ApiTest"/>
  <testcase name="ApiTestCode" time="0.027" classname="com.bitnei.apitest.testcases.saas.ApiTest"/>
  <testcase name="ApiTestCode" time="0.033" classname="com.bitnei.apitest.testcases.saas.ApiTest"/>
  <testcase name="ApiTestCode" time="0.069" classname="com.bitnei.apitest.testcases.saas.ApiTest"/>
  <testcase name="ApiTestCode" time="0.057" classname="com.bitnei.apitest.testcases.saas.ApiTest"/>
  <testcase name="ApiTestCode" time="0.036" classname="com.bitnei.apitest.testcases.saas.ApiTest"/>
  <testcase name="ApiTestCode" time="0.025" classname="com.bitnei.apitest.testcases.saas.ApiTest"/>
  <testcase name="ApiTestCode" time="0.046" classname="com.bitnei.apitest.testcases.saas.ApiTest"/>
  <testcase name="ApiTestCode" time="0.067" classname="com.bitnei.apitest.testcases.saas.ApiTest"/>
  <testcase name="ApiTestCode" time="0.027" classname="com.bitnei.apitest.testcases.saas.ApiTest"/>
  <testcase name="ApiTestCode" time="0.034" classname="com.bitnei.apitest.testcases.saas.ApiTest"/>
  <testcase name="ApiTestCode" time="0.065" classname="com.bitnei.apitest.testcases.saas.ApiTest"/>
  <testcase name="ApiTestCode" time="0.078" classname="com.bitnei.apitest.testcases.saas.ApiTest"/>
  <testcase name="ApiTestCode" time="0.028" classname="com.bitnei.apitest.testcases.saas.ApiTest"/>
  <testcase name="ApiTestCode" time="0.028" classname="com.bitnei.apitest.testcases.saas.ApiTest"/>
  <testcase name="ApiTestCode" time="0.594" classname="com.bitnei.apitest.testcases.saas.ApiTest"/>
  <testcase name="ApiTestCode" time="0.239" classname="com.bitnei.apitest.testcases.saas.ApiTest"/>
  <testcase name="ApiTestCode" time="0.263" classname="com.bitnei.apitest.testcases.saas.ApiTest"/>
  <testcase name="ApiTestCode" time="0.289" classname="com.bitnei.apitest.testcases.saas.ApiTest"/>
  <testcase name="ApiTestCode" time="0.037" classname="com.bitnei.apitest.testcases.saas.ApiTest"/>
  <testcase name="ApiTestCode" time="0.046" classname="com.bitnei.apitest.testcases.saas.ApiTest"/>
  <testcase name="ApiTestCode" time="0.027" classname="com.bitnei.apitest.testcases.saas.ApiTest"/>
  <testcase name="ApiTestCode" time="0.03" classname="com.bitnei.apitest.testcases.saas.ApiTest"/>
  <testcase name="ApiTestCode" time="0.029" classname="com.bitnei.apitest.testcases.saas.ApiTest"/>
  <testcase name="ApiTestCode" time="0.052" classname="com.bitnei.apitest.testcases.saas.ApiTest"/>
  <testcase name="ApiTestCode" time="0.048" classname="com.bitnei.apitest.testcases.saas.ApiTest"/>
  <testcase name="ApiTestCode" time="0.026" classname="com.bitnei.apitest.testcases.saas.ApiTest"/>
  <testcase name="ApiTestCode" time="0.033" classname="com.bitnei.apitest.testcases.saas.ApiTest"/>
  <testcase name="ApiTestCode" time="0.035" classname="com.bitnei.apitest.testcases.saas.ApiTest"/>
  <testcase name="ApiTestCode" time="0.336" classname="com.bitnei.apitest.testcases.saas.ApiTest"/>
  <testcase name="ApiTestCode" time="0.304" classname="com.bitnei.apitest.testcases.saas.ApiTest"/>
  <testcase name="ApiTestCode" time="0.255" classname="com.bitnei.apitest.testcases.saas.ApiTest"/>
  <testcase name="ApiTestCode" time="0.315" classname="com.bitnei.apitest.testcases.saas.ApiTest"/>
  <testcase name="ApiTestCode" time="0.04" classname="com.bitnei.apitest.testcases.saas.ApiTest"/>
  <testcase name="ApiTestCode" time="0.038" classname="com.bitnei.apitest.testcases.saas.ApiTest"/>
  <testcase name="ApiTestCode" time="0.038" classname="com.bitnei.apitest.testcases.saas.ApiTest"/>
  <testcase name="ApiTestCode" time="0.041" classname="com.bitnei.apitest.testcases.saas.ApiTest"/>
  <testcase name="ApiTestCode" time="0.035" classname="com.bitnei.apitest.testcases.saas.ApiTest"/>
  <testcase name="ApiTestCode" time="0.036" classname="com.bitnei.apitest.testcases.saas.ApiTest"/>
  <testcase name="ApiTestCode" time="0.058" classname="com.bitnei.apitest.testcases.saas.ApiTest"/>
  <testcase name="ApiTestCode" time="0.04" classname="com.bitnei.apitest.testcases.saas.ApiTest"/>
  <testcase name="ApiTestCode" time="0.042" classname="com.bitnei.apitest.testcases.saas.ApiTest"/>
  <testcase name="ApiTestCode" time="0.035" classname="com.bitnei.apitest.testcases.saas.ApiTest"/>
  <testcase name="ApiTestCode" time="0.026" classname="com.bitnei.apitest.testcases.saas.ApiTest"/>
  <testcase name="ApiTestCode" time="0.036" classname="com.bitnei.apitest.testcases.saas.ApiTest"/>
  <testcase name="ApiTestCode" time="0.032" classname="com.bitnei.apitest.testcases.saas.ApiTest"/>
  <testcase name="ApiTestCode" time="0.037" classname="com.bitnei.apitest.testcases.saas.ApiTest"/>
  <testcase name="ApiTestCode" time="0.038" classname="com.bitnei.apitest.testcases.saas.ApiTest"/>
  <testcase name="ApiTestCode" time="0.027" classname="com.bitnei.apitest.testcases.saas.ApiTest"/>
  <testcase name="ApiTestCode" time="0.035" classname="com.bitnei.apitest.testcases.saas.ApiTest"/>
  <testcase name="ApiTestCode" time="0.04" classname="com.bitnei.apitest.testcases.saas.ApiTest"/>
  <testcase name="ApiTestCode" time="0.037" classname="com.bitnei.apitest.testcases.saas.ApiTest"/>
  <testcase name="ApiTestCode" time="0.043" classname="com.bitnei.apitest.testcases.saas.ApiTest"/>
  <testcase name="ApiTestCode" time="0.034" classname="com.bitnei.apitest.testcases.saas.ApiTest"/>
  <testcase name="ApiTestCode" time="0.042" classname="com.bitnei.apitest.testcases.saas.ApiTest"/>
  <testcase name="ApiTestCode" time="0.048" classname="com.bitnei.apitest.testcases.saas.ApiTest"/>
  <testcase name="ApiTestCode" time="0.026" classname="com.bitnei.apitest.testcases.saas.ApiTest"/>
  <testcase name="ApiTestCode" time="0.04" classname="com.bitnei.apitest.testcases.saas.ApiTest"/>
  <testcase name="ApiTestCode" time="0.034" classname="com.bitnei.apitest.testcases.saas.ApiTest"/>
  <testcase name="ApiTestCode" time="0.052" classname="com.bitnei.apitest.testcases.saas.ApiTest"/>
  <testcase name="ApiTestCode" time="0.032" classname="com.bitnei.apitest.testcases.saas.ApiTest"/>
  <testcase name="ApiTestCode" time="0.033" classname="com.bitnei.apitest.testcases.saas.ApiTest"/>
  <testcase name="ApiTestCode" time="0.03" classname="com.bitnei.apitest.testcases.saas.ApiTest"/>
  <testcase name="ApiTestCode" time="0.04" classname="com.bitnei.apitest.testcases.saas.ApiTest"/>
  <testcase name="ApiTestCode" time="0.028" classname="com.bitnei.apitest.testcases.saas.ApiTest"/>
  <testcase name="ApiTestCode" time="0.027" classname="com.bitnei.apitest.testcases.saas.ApiTest"/>
  <testcase name="ApiTestCode" time="0.026" classname="com.bitnei.apitest.testcases.saas.ApiTest"/>
  <testcase name="ApiTestCode" time="0.03" classname="com.bitnei.apitest.testcases.saas.ApiTest"/>
  <testcase name="ApiTestCode" time="0.032" classname="com.bitnei.apitest.testcases.saas.ApiTest"/>
  <testcase name="ApiTestCode" time="0.034" classname="com.bitnei.apitest.testcases.saas.ApiTest"/>
  <testcase name="ApiTestCode" time="0.035" classname="com.bitnei.apitest.testcases.saas.ApiTest"/>
  <testcase name="ApiTestCode" time="0.035" classname="com.bitnei.apitest.testcases.saas.ApiTest"/>
  <testcase name="ApiTestCode" time="0.068" classname="com.bitnei.apitest.testcases.saas.ApiTest"/>
  <testcase name="ApiTestCode" time="0.035" classname="com.bitnei.apitest.testcases.saas.ApiTest"/>
  <testcase name="ApiTestCode" time="0.039" classname="com.bitnei.apitest.testcases.saas.ApiTest"/>
  <testcase name="ApiTestCode" time="0.03" classname="com.bitnei.apitest.testcases.saas.ApiTest"/>
  <testcase name="ApiTestCode" time="0.032" classname="com.bitnei.apitest.testcases.saas.ApiTest"/>
  <testcase name="ApiTestCode" time="0.039" classname="com.bitnei.apitest.testcases.saas.ApiTest"/>
  <testcase name="ApiTestCode" time="0.032" classname="com.bitnei.apitest.testcases.saas.ApiTest"/>
  <testcase name="ApiTestCode" time="0.026" classname="com.bitnei.apitest.testcases.saas.ApiTest"/>
  <testcase name="ApiTestCode" time="0.029" classname="com.bitnei.apitest.testcases.saas.ApiTest"/>
  <testcase name="ApiTestCode" time="0.028" classname="com.bitnei.apitest.testcases.saas.ApiTest"/>
  <testcase name="ApiTestCode" time="0.029" classname="com.bitnei.apitest.testcases.saas.ApiTest"/>
  <testcase name="ApiTestCode" time="0.029" classname="com.bitnei.apitest.testcases.saas.ApiTest"/>
  <testcase name="ApiTestCode" time="0.036" classname="com.bitnei.apitest.testcases.saas.ApiTest"/>
  <testcase name="ApiTestCode" time="0.039" classname="com.bitnei.apitest.testcases.saas.ApiTest"/>
  <testcase name="ApiTestCode" time="0.035" classname="com.bitnei.apitest.testcases.saas.ApiTest"/>
  <testcase name="ApiTestCode" time="0.029" classname="com.bitnei.apitest.testcases.saas.ApiTest"/>
  <testcase name="ApiTestCode" time="0.029" classname="com.bitnei.apitest.testcases.saas.ApiTest"/>
  <testcase name="ApiTestCode" time="0.028" classname="com.bitnei.apitest.testcases.saas.ApiTest"/>
  <testcase name="ApiTestCode" time="0.037" classname="com.bitnei.apitest.testcases.saas.ApiTest"/>
  <testcase name="ApiTestCode" time="0.039" classname="com.bitnei.apitest.testcases.saas.ApiTest"/>
  <testcase name="ApiTestCode" time="0.024" classname="com.bitnei.apitest.testcases.saas.ApiTest"/>
  <testcase name="ApiTestCode" time="0.025" classname="com.bitnei.apitest.testcases.saas.ApiTest"/>
  <testcase name="ApiTestCode" time="0.026" classname="com.bitnei.apitest.testcases.saas.ApiTest"/>
  <testcase name="ApiTestCode" time="0.037" classname="com.bitnei.apitest.testcases.saas.ApiTest"/>
  <testcase name="ApiTestCode" time="0.033" classname="com.bitnei.apitest.testcases.saas.ApiTest"/>
  <testcase name="ApiTestCode" time="0.031" classname="com.bitnei.apitest.testcases.saas.ApiTest"/>
  <testcase name="ApiTestCode" time="0.026" classname="com.bitnei.apitest.testcases.saas.ApiTest"/>
  <testcase name="ApiTestCode" time="0.029" classname="com.bitnei.apitest.testcases.saas.ApiTest"/>
  <testcase name="ApiTestCode" time="0.034" classname="com.bitnei.apitest.testcases.saas.ApiTest"/>
  <testcase name="ApiTestCode" time="0.035" classname="com.bitnei.apitest.testcases.saas.ApiTest"/>
  <testcase name="ApiTestCode" time="0.029" classname="com.bitnei.apitest.testcases.saas.ApiTest"/>
  <testcase name="ApiTestCode" time="0.033" classname="com.bitnei.apitest.testcases.saas.ApiTest"/>
  <testcase name="ApiTestCode" time="0.035" classname="com.bitnei.apitest.testcases.saas.ApiTest"/>
  <testcase name="ApiTestCode" time="0.03" classname="com.bitnei.apitest.testcases.saas.ApiTest"/>
  <testcase name="ApiTestCode" time="0.031" classname="com.bitnei.apitest.testcases.saas.ApiTest"/>
  <testcase name="ApiTestCode" time="0.028" classname="com.bitnei.apitest.testcases.saas.ApiTest"/>
  <testcase name="ApiTestCode" time="0.033" classname="com.bitnei.apitest.testcases.saas.ApiTest"/>
  <testcase name="ApiTestCode" time="0.172" classname="com.bitnei.apitest.testcases.saas.ApiTest"/>
  <testcase name="ApiTestCode" time="0.268" classname="com.bitnei.apitest.testcases.saas.ApiTest"/>
  <testcase name="ApiTestCode" time="0.03" classname="com.bitnei.apitest.testcases.saas.ApiTest"/>
  <testcase name="ApiTestCode" time="0.292" classname="com.bitnei.apitest.testcases.saas.ApiTest">
    <failure type="java.lang.AssertionError" message="expected [{}] but found [{&amp;quot;data&amp;quot;:{&amp;quot;actualValue&amp;quot;:null,&amp;quot;expectedValue&amp;quot;:[{&amp;quot;vin&amp;quot;:&amp;quot;LJUB0W1N8JS000161&amp;quot;,&amp;quot;rtime&amp;quot;:&amp;quot;20200609072852&amp;quot;,&amp;quot;maxCellPolVolt&amp;quot;:12,&amp;quot;minCellPolVolt&amp;quot;:8,&amp;quot;chaEndCellVoltMarginVar&amp;quot;:1.0909091,&amp;quot;condEndCellVoltMarginVar&amp;quot;:0.72727275,&amp;quot;segChargeEndCellTempMarginVar&amp;quot;:17.5,&amp;quot;conditionEndMileage&amp;quot;:17},{&amp;quot;vin&amp;quot;:&amp;quot;LJUB0W1N8JS000161&amp;quot;,&amp;quot;rtime&amp;quot;:&amp;quot;20200709073111&amp;quot;,&amp;quot;maxCellPolVolt&amp;quot;:12,&amp;quot;minCellPolVolt&amp;quot;:11,&amp;quot;chaEndCellVoltMarginVar&amp;quot;:18.2,&amp;quot;condEndCellVoltMarginVar&amp;quot;:18.1,&amp;quot;segChargeEndCellTempMarginVar&amp;quot;:1,&amp;quot;conditionEndMileage&amp;quot;:22590},{&amp;quot;vin&amp;quot;:&amp;quot;LJUB0W1N8JS000161&amp;quot;,&amp;quot;rtime&amp;quot;:&amp;quot;20200731071351&amp;quot;,&amp;quot;maxCellPolVolt&amp;quot;:18,&amp;quot;minCellPolVolt&amp;quot;:25,&amp;quot;chaEndCellVoltMarginVar&amp;quot;:19.1,&amp;quot;condEndCellVoltMarginVar&amp;quot;:19.8,&amp;quot;segChargeEndCellTempMarginVar&amp;quot;:1,&amp;quot;conditionEndMileage&amp;quot;:24790},{&amp;quot;vin&amp;quot;:&amp;quot;LJUB0W1N8JS000161&amp;quot;,&amp;quot;rtime&amp;quot;:&amp;quot;20200902073531&amp;quot;,&amp;quot;maxCellPolVolt&amp;quot;:17,&amp;quot;minCellPolVolt&amp;quot;:14,&amp;quot;chaEndCellVoltMarginVar&amp;quot;:20,&amp;quot;condEndCellVoltMarginVar&amp;quot;:19.7,&amp;quot;segChargeEndCellTempMarginVar&amp;quot;:1,&amp;quot;conditionEndMileage&amp;quot;:27210},{&amp;quot;vin&amp;quot;:&amp;quot;LJUB0W1N8JS000161&amp;quot;,&amp;quot;rtime&amp;quot;:&amp;quot;20200912055331&amp;quot;,&amp;quot;maxCellPolVolt&amp;quot;:11,&amp;quot;minCellPolVolt&amp;quot;:8,&amp;quot;chaEndCellVoltMarginVar&amp;quot;:20.4,&amp;quot;condEndCellVoltMarginVar&amp;quot;:20.1,&amp;quot;segChargeEndCellTempMarginVar&amp;quot;:2,&amp;quot;conditionEndMileage&amp;quot;:27850},{&amp;quot;vin&amp;quot;:&amp;quot;LJUB0W1N8JS000161&amp;quot;,&amp;quot;rtime&amp;quot;:&amp;quot;20200928073152&amp;quot;,&amp;quot;maxCellPolVolt&amp;quot;:27,&amp;quot;minCellPolVolt&amp;quot;:79,&amp;quot;chaEndCellVoltMarginVar&amp;quot;:20.7,&amp;quot;condEndCellVoltMarginVar&amp;quot;:25.9,&amp;quot;segChargeEndCellTempMarginVar&amp;quot;:1,&amp;quot;conditionEndMileage&amp;quot;:29200},{&amp;quot;vin&amp;quot;:&amp;quot;LJUB0W1N8JS000161&amp;quot;,&amp;quot;rtime&amp;quot;:&amp;quot;20201102075651&amp;quot;,&amp;quot;maxCellPolVolt&amp;quot;:19,&amp;quot;minCellPolVolt&amp;quot;:15,&amp;quot;chaEndCellVoltMarginVar&amp;quot;:21.5,&amp;quot;condEndCellVoltMarginVar&amp;quot;:21.1,&amp;quot;segChargeEndCellTempMarginVar&amp;quot;:2,&amp;quot;conditionEndMileage&amp;quot;:31300},{&amp;quot;vin&amp;quot;:&amp;quot;LJUB0W1N8JS000161&amp;quot;,&amp;quot;rtime&amp;quot;:&amp;quot;20201109075712&amp;quot;,&amp;quot;maxCellPolVolt&amp;quot;:27,&amp;quot;minCellPolVolt&amp;quot;:22,&amp;quot;chaEndCellVoltMarginVar&amp;quot;:21.5,&amp;quot;condEndCellVoltMarginVar&amp;quot;:21,&amp;quot;segChargeEndCellTempMarginVar&amp;quot;:2,&amp;quot;conditionEndMileage&amp;quot;:31980},{&amp;quot;vin&amp;quot;:&amp;quot;LJUB0W1N8JS000161&amp;quot;,&amp;quot;rtime&amp;quot;:&amp;quot;20201117093330&amp;quot;,&amp;quot;maxCellPolVolt&amp;quot;:24,&amp;quot;minCellPolVolt&amp;quot;:19,&amp;quot;chaEndCellVoltMarginVar&amp;quot;:21.7,&amp;quot;condEndCellVoltMarginVar&amp;quot;:21.2,&amp;quot;segChargeEndCellTempMarginVar&amp;quot;:2,&amp;quot;conditionEndMileage&amp;quot;:32540},{&amp;quot;vin&amp;quot;:&amp;quot;LJUB0W1N8JS000161&amp;quot;,&amp;quot;rtime&amp;quot;:&amp;quot;20201125075511&amp;quot;,&amp;quot;maxCellPolVolt&amp;quot;:25,&amp;quot;minCellPolVolt&amp;quot;:20,&amp;quot;chaEndCellVoltMarginVar&amp;quot;:22,&amp;quot;condEndCellVoltMarginVar&amp;quot;:23.88889,&amp;quot;segChargeEndCellTempMarginVar&amp;quot;:2,&amp;quot;conditionEndMileage&amp;quot;:33320},{&amp;quot;vin&amp;quot;:&amp;quot;LJUB0W1N8JS000161&amp;quot;,&amp;quot;rtime&amp;quot;:&amp;quot;20201212080551&amp;quot;,&amp;quot;maxCellPolVolt&amp;quot;:31,&amp;quot;minCellPolVolt&amp;quot;:54,&amp;quot;chaEndCellVoltMarginVar&amp;quot;:25.5,&amp;quot;condEndCellVoltMarginVar&amp;quot;:27.8,&amp;quot;segChargeEndCellTempMarginVar&amp;quot;:1,&amp;quot;conditionEndMileage&amp;quot;:35200},{&amp;quot;vin&amp;quot;:&amp;quot;LJUB0W1N8JS000161&amp;quot;,&amp;quot;rtime&amp;quot;:&amp;quot;20201217075232&amp;quot;,&amp;quot;maxCellPolVolt&amp;quot;:28,&amp;quot;minCellPolVolt&amp;quot;:19,&amp;quot;chaEndCellVoltMarginVar&amp;quot;:25.8,&amp;quot;condEndCellVoltMarginVar&amp;quot;:24.9,&amp;quot;segChargeEndCellTempMarginVar&amp;quot;:2,&amp;quot;conditionEndMileage&amp;quot;:35800},{&amp;quot;vin&amp;quot;:&amp;quot;LJUB0W1N8JS000161&amp;quot;,&amp;quot;rtime&amp;quot;:&amp;quot;20201224082031&amp;quot;,&amp;quot;maxCellPolVolt&amp;quot;:24,&amp;quot;minCellPolVolt&amp;quot;:17,&amp;quot;chaEndCellVoltMarginVar&amp;quot;:25.8,&amp;quot;condEndCellVoltMarginVar&amp;quot;:25.1,&amp;quot;segChargeEndCellTempMarginVar&amp;quot;:3,&amp;quot;conditionEndMileage&amp;quot;:36440}]},&amp;quot;Length&amp;quot;:{&amp;quot;actualLenth&amp;quot;:1,&amp;quot;expectLenth&amp;quot;:13},&amp;quot;vin&amp;quot;:{&amp;quot;actualKey&amp;quot;:&amp;quot;不存在此vin&amp;quot;,&amp;quot;expectedKey&amp;quot;:&amp;quot;vin&amp;quot;},&amp;quot;rtime&amp;quot;:{&amp;quot;actualKey&amp;quot;:&amp;quot;不存在此rtime&amp;quot;,&amp;quot;expectedKey&amp;quot;:&amp;quot;rtime&amp;quot;},&amp;quot;maxCellPolVolt&amp;quot;:{&amp;quot;actualKey&amp;quot;:&amp;quot;不存在此maxCellPolVolt&amp;quot;,&amp;quot;expectedKey&amp;quot;:&amp;quot;maxCellPolVolt&amp;quot;},&amp;quot;minCellPolVolt&amp;quot;:{&amp;quot;actualKey&amp;quot;:&amp;quot;不存在此minCellPolVolt&amp;quot;,&amp;quot;expectedKey&amp;quot;:&amp;quot;minCellPolVolt&amp;quot;},&amp;quot;chaEndCellVoltMarginVar&amp;quot;:{&amp;quot;actualKey&amp;quot;:&amp;quot;不存在此chaEndCellVoltMarginVar&amp;quot;,&amp;quot;expectedKey&amp;quot;:&amp;quot;chaEndCellVoltMarginVar&amp;quot;},&amp;quot;condEndCellVoltMarginVar&amp;quot;:{&amp;quot;actualKey&amp;quot;:&amp;quot;不存在此condEndCellVoltMarginVar&amp;quot;,&amp;quot;expectedKey&amp;quot;:&amp;quot;condEndCellVoltMarginVar&amp;quot;},&amp;quot;segChargeEndCellTempMarginVar&amp;quot;:{&amp;quot;actualKey&amp;quot;:&amp;quot;不存在此segChargeEndCellTempMarginVar&amp;quot;,&amp;quot;expectedKey&amp;quot;:&amp;quot;segChargeEndCellTempMarginVar&amp;quot;},&amp;quot;conditionEndMileage&amp;quot;:{&amp;quot;actualKey&amp;quot;:&amp;quot;不存在此conditionEndMileage&amp;quot;,&amp;quot;expectedKey&amp;quot;:&amp;quot;conditionEndMileage&amp;quot;},&amp;quot;code&amp;quot;:{&amp;quot;actualValue&amp;quot;:null,&amp;quot;expectedValue&amp;quot;:[{&amp;quot;vin&amp;quot;:&amp;quot;LJUB0W1N8JS000161&amp;quot;,&amp;quot;rtime&amp;quot;:&amp;quot;20200609072852&amp;quot;,&amp;quot;maxCellPolVolt&amp;quot;:12,&amp;quot;minCellPolVolt&amp;quot;:8,&amp;quot;chaEndCellVoltMarginVar&amp;quot;:1.0909091,&amp;quot;condEndCellVoltMarginVar&amp;quot;:0.72727275,&amp;quot;segChargeEndCellTempMarginVar&amp;quot;:17.5,&amp;quot;conditionEndMileage&amp;quot;:17},{&amp;quot;vin&amp;quot;:&amp;quot;LJUB0W1N8JS000161&amp;quot;,&amp;quot;rtime&amp;quot;:&amp;quot;20200709073111&amp;quot;,&amp;quot;maxCellPolVolt&amp;quot;:12,&amp;quot;minCellPolVolt&amp;quot;:11,&amp;quot;chaEndCellVoltMarginVar&amp;quot;:18.2,&amp;quot;condEndCellVoltMarginVar&amp;quot;:18.1,&amp;quot;segChargeEndCellTempMarginVar&amp;quot;:1,&amp;quot;conditionEndMileage&amp;quot;:22590},{&amp;quot;vin&amp;quot;:&amp;quot;LJUB0W1N8JS000161&amp;quot;,&amp;quot;rtime&amp;quot;:&amp;quot;20200731071351&amp;quot;,&amp;quot;maxCellPolVolt&amp;quot;:18,&amp;quot;minCellPolVolt&amp;quot;:25,&amp;quot;chaEndCellVoltMarginVar&amp;quot;:19.1,&amp;quot;condEndCellVoltMarginVar&amp;quot;:19.8,&amp;quot;segChargeEndCellTempMarginVar&amp;quot;:1,&amp;quot;conditionEndMileage&amp;quot;:24790},{&amp;quot;vin&amp;quot;:&amp;quot;LJUB0W1N8JS000161&amp;quot;,&amp;quot;rtime&amp;quot;:&amp;quot;20200902073531&amp;quot;,&amp;quot;maxCellPolVolt&amp;quot;:17,&amp;quot;minCellPolVolt&amp;quot;:14,&amp;quot;chaEndCellVoltMarginVar&amp;quot;:20,&amp;quot;condEndCellVoltMarginVar&amp;quot;:19.7,&amp;quot;segChargeEndCellTempMarginVar&amp;quot;:1,&amp;quot;conditionEndMileage&amp;quot;:27210},{&amp;quot;vin&amp;quot;:&amp;quot;LJUB0W1N8JS000161&amp;quot;,&amp;quot;rtime&amp;quot;:&amp;quot;20200912055331&amp;quot;,&amp;quot;maxCellPolVolt&amp;quot;:11,&amp;quot;minCellPolVolt&amp;quot;:8,&amp;quot;chaEndCellVoltMarginVar&amp;quot;:20.4,&amp;quot;condEndCellVoltMarginVar&amp;quot;:20.1,&amp;quot;segChargeEndCellTempMarginVar&amp;quot;:2,&amp;quot;conditionEndMileage&amp;quot;:27850},{&amp;quot;vin&amp;quot;:&amp;quot;LJUB0W1N8JS000161&amp;quot;,&amp;quot;rtime&amp;quot;:&amp;quot;20200928073152&amp;quot;,&amp;quot;maxCellPolVolt&amp;quot;:27,&amp;quot;minCellPolVolt&amp;quot;:79,&amp;quot;chaEndCellVoltMarginVar&amp;quot;:20.7,&amp;quot;condEndCellVoltMarginVar&amp;quot;:25.9,&amp;quot;segChargeEndCellTempMarginVar&amp;quot;:1,&amp;quot;conditionEndMileage&amp;quot;:29200},{&amp;quot;vin&amp;quot;:&amp;quot;LJUB0W1N8JS000161&amp;quot;,&amp;quot;rtime&amp;quot;:&amp;quot;20201102075651&amp;quot;,&amp;quot;maxCellPolVolt&amp;quot;:19,&amp;quot;minCellPolVolt&amp;quot;:15,&amp;quot;chaEndCellVoltMarginVar&amp;quot;:21.5,&amp;quot;condEndCellVoltMarginVar&amp;quot;:21.1,&amp;quot;segChargeEndCellTempMarginVar&amp;quot;:2,&amp;quot;conditionEndMileage&amp;quot;:31300},{&amp;quot;vin&amp;quot;:&amp;quot;LJUB0W1N8JS000161&amp;quot;,&amp;quot;rtime&amp;quot;:&amp;quot;20201109075712&amp;quot;,&amp;quot;maxCellPolVolt&amp;quot;:27,&amp;quot;minCellPolVolt&amp;quot;:22,&amp;quot;chaEndCellVoltMarginVar&amp;quot;:21.5,&amp;quot;condEndCellVoltMarginVar&amp;quot;:21,&amp;quot;segChargeEndCellTempMarginVar&amp;quot;:2,&amp;quot;conditionEndMileage&amp;quot;:31980},{&amp;quot;vin&amp;quot;:&amp;quot;LJUB0W1N8JS000161&amp;quot;,&amp;quot;rtime&amp;quot;:&amp;quot;20201117093330&amp;quot;,&amp;quot;maxCellPolVolt&amp;quot;:24,&amp;quot;minCellPolVolt&amp;quot;:19,&amp;quot;chaEndCellVoltMarginVar&amp;quot;:21.7,&amp;quot;condEndCellVoltMarginVar&amp;quot;:21.2,&amp;quot;segChargeEndCellTempMarginVar&amp;quot;:2,&amp;quot;conditionEndMileage&amp;quot;:32540},{&amp;quot;vin&amp;quot;:&amp;quot;LJUB0W1N8JS000161&amp;quot;,&amp;quot;rtime&amp;quot;:&amp;quot;20201125075511&amp;quot;,&amp;quot;maxCellPolVolt&amp;quot;:25,&amp;quot;minCellPolVolt&amp;quot;:20,&amp;quot;chaEndCellVoltMarginVar&amp;quot;:22,&amp;quot;condEndCellVoltMarginVar&amp;quot;:23.88889,&amp;quot;segChargeEndCellTempMarginVar&amp;quot;:2,&amp;quot;conditionEndMileage&amp;quot;:33320},{&amp;quot;vin&amp;quot;:&amp;quot;LJUB0W1N8JS000161&amp;quot;,&amp;quot;rtime&amp;quot;:&amp;quot;20201212080551&amp;quot;,&amp;quot;maxCellPolVolt&amp;quot;:31,&amp;quot;minCellPolVolt&amp;quot;:54,&amp;quot;chaEndCellVoltMarginVar&amp;quot;:25.5,&amp;quot;condEndCellVoltMarginVar&amp;quot;:27.8,&amp;quot;segChargeEndCellTempMarginVar&amp;quot;:1,&amp;quot;conditionEndMileage&amp;quot;:35200},{&amp;quot;vin&amp;quot;:&amp;quot;LJUB0W1N8JS000161&amp;quot;,&amp;quot;rtime&amp;quot;:&amp;quot;20201217075232&amp;quot;,&amp;quot;maxCellPolVolt&amp;quot;:28,&amp;quot;minCellPolVolt&amp;quot;:19,&amp;quot;chaEndCellVoltMarginVar&amp;quot;:25.8,&amp;quot;condEndCellVoltMarginVar&amp;quot;:24.9,&amp;quot;segChargeEndCellTempMarginVar&amp;quot;:2,&amp;quot;conditionEndMileage&amp;quot;:35800},{&amp;quot;vin&amp;quot;:&amp;quot;LJUB0W1N8JS000161&amp;quot;,&amp;quot;rtime&amp;quot;:&amp;quot;20201224082031&amp;quot;,&amp;quot;maxCellPolVolt&amp;quot;:24,&amp;quot;minCellPolVolt&amp;quot;:17,&amp;quot;chaEndCellVoltMarginVar&amp;quot;:25.8,&amp;quot;condEndCellVoltMarginVar&amp;quot;:25.1,&amp;quot;segChargeEndCellTempMarginVar&amp;quot;:3,&amp;quot;conditionEndMileage&amp;quot;:36440}],&amp;quot;currentValue is &amp;quot;:&amp;quot;35000&amp;quot;,&amp;quot;expectedValue is &amp;quot;:&amp;quot;10000&amp;quot;}}]">
      <![CDATA[java.lang.AssertionError: expected [{}] but found [{"data":{"actualValue":null,"expectedValue":[{"vin":"LJUB0W1N8JS000161","rtime":"20200609072852","maxCellPolVolt":12,"minCellPolVolt":8,"chaEndCellVoltMarginVar":1.0909091,"condEndCellVoltMarginVar":0.72727275,"segChargeEndCellTempMarginVar":17.5,"conditionEndMileage":17},{"vin":"LJUB0W1N8JS000161","rtime":"20200709073111","maxCellPolVolt":12,"minCellPolVolt":11,"chaEndCellVoltMarginVar":18.2,"condEndCellVoltMarginVar":18.1,"segChargeEndCellTempMarginVar":1,"conditionEndMileage":22590},{"vin":"LJUB0W1N8JS000161","rtime":"20200731071351","maxCellPolVolt":18,"minCellPolVolt":25,"chaEndCellVoltMarginVar":19.1,"condEndCellVoltMarginVar":19.8,"segChargeEndCellTempMarginVar":1,"conditionEndMileage":24790},{"vin":"LJUB0W1N8JS000161","rtime":"20200902073531","maxCellPolVolt":17,"minCellPolVolt":14,"chaEndCellVoltMarginVar":20,"condEndCellVoltMarginVar":19.7,"segChargeEndCellTempMarginVar":1,"conditionEndMileage":27210},{"vin":"LJUB0W1N8JS000161","rtime":"20200912055331","maxCellPolVolt":11,"minCellPolVolt":8,"chaEndCellVoltMarginVar":20.4,"condEndCellVoltMarginVar":20.1,"segChargeEndCellTempMarginVar":2,"conditionEndMileage":27850},{"vin":"LJUB0W1N8JS000161","rtime":"20200928073152","maxCellPolVolt":27,"minCellPolVolt":79,"chaEndCellVoltMarginVar":20.7,"condEndCellVoltMarginVar":25.9,"segChargeEndCellTempMarginVar":1,"conditionEndMileage":29200},{"vin":"LJUB0W1N8JS000161","rtime":"20201102075651","maxCellPolVolt":19,"minCellPolVolt":15,"chaEndCellVoltMarginVar":21.5,"condEndCellVoltMarginVar":21.1,"segChargeEndCellTempMarginVar":2,"conditionEndMileage":31300},{"vin":"LJUB0W1N8JS000161","rtime":"20201109075712","maxCellPolVolt":27,"minCellPolVolt":22,"chaEndCellVoltMarginVar":21.5,"condEndCellVoltMarginVar":21,"segChargeEndCellTempMarginVar":2,"conditionEndMileage":31980},{"vin":"LJUB0W1N8JS000161","rtime":"20201117093330","maxCellPolVolt":24,"minCellPolVolt":19,"chaEndCellVoltMarginVar":21.7,"condEndCellVoltMarginVar":21.2,"segChargeEndCellTempMarginVar":2,"conditionEndMileage":32540},{"vin":"LJUB0W1N8JS000161","rtime":"20201125075511","maxCellPolVolt":25,"minCellPolVolt":20,"chaEndCellVoltMarginVar":22,"condEndCellVoltMarginVar":23.88889,"segChargeEndCellTempMarginVar":2,"conditionEndMileage":33320},{"vin":"LJUB0W1N8JS000161","rtime":"20201212080551","maxCellPolVolt":31,"minCellPolVolt":54,"chaEndCellVoltMarginVar":25.5,"condEndCellVoltMarginVar":27.8,"segChargeEndCellTempMarginVar":1,"conditionEndMileage":35200},{"vin":"LJUB0W1N8JS000161","rtime":"20201217075232","maxCellPolVolt":28,"minCellPolVolt":19,"chaEndCellVoltMarginVar":25.8,"condEndCellVoltMarginVar":24.9,"segChargeEndCellTempMarginVar":2,"conditionEndMileage":35800},{"vin":"LJUB0W1N8JS000161","rtime":"20201224082031","maxCellPolVolt":24,"minCellPolVolt":17,"chaEndCellVoltMarginVar":25.8,"condEndCellVoltMarginVar":25.1,"segChargeEndCellTempMarginVar":3,"conditionEndMileage":36440}]},"Length":{"actualLenth":1,"expectLenth":13},"vin":{"actualKey":"不存在此vin","expectedKey":"vin"},"rtime":{"actualKey":"不存在此rtime","expectedKey":"rtime"},"maxCellPolVolt":{"actualKey":"不存在此maxCellPolVolt","expectedKey":"maxCellPolVolt"},"minCellPolVolt":{"actualKey":"不存在此minCellPolVolt","expectedKey":"minCellPolVolt"},"chaEndCellVoltMarginVar":{"actualKey":"不存在此chaEndCellVoltMarginVar","expectedKey":"chaEndCellVoltMarginVar"},"condEndCellVoltMarginVar":{"actualKey":"不存在此condEndCellVoltMarginVar","expectedKey":"condEndCellVoltMarginVar"},"segChargeEndCellTempMarginVar":{"actualKey":"不存在此segChargeEndCellTempMarginVar","expectedKey":"segChargeEndCellTempMarginVar"},"conditionEndMileage":{"actualKey":"不存在此conditionEndMileage","expectedKey":"conditionEndMileage"},"code":{"actualValue":null,"expectedValue":[{"vin":"LJUB0W1N8JS000161","rtime":"20200609072852","maxCellPolVolt":12,"minCellPolVolt":8,"chaEndCellVoltMarginVar":1.0909091,"condEndCellVoltMarginVar":0.72727275,"segChargeEndCellTempMarginVar":17.5,"conditionEndMileage":17},{"vin":"LJUB0W1N8JS000161","rtime":"20200709073111","maxCellPolVolt":12,"minCellPolVolt":11,"chaEndCellVoltMarginVar":18.2,"condEndCellVoltMarginVar":18.1,"segChargeEndCellTempMarginVar":1,"conditionEndMileage":22590},{"vin":"LJUB0W1N8JS000161","rtime":"20200731071351","maxCellPolVolt":18,"minCellPolVolt":25,"chaEndCellVoltMarginVar":19.1,"condEndCellVoltMarginVar":19.8,"segChargeEndCellTempMarginVar":1,"conditionEndMileage":24790},{"vin":"LJUB0W1N8JS000161","rtime":"20200902073531","maxCellPolVolt":17,"minCellPolVolt":14,"chaEndCellVoltMarginVar":20,"condEndCellVoltMarginVar":19.7,"segChargeEndCellTempMarginVar":1,"conditionEndMileage":27210},{"vin":"LJUB0W1N8JS000161","rtime":"20200912055331","maxCellPolVolt":11,"minCellPolVolt":8,"chaEndCellVoltMarginVar":20.4,"condEndCellVoltMarginVar":20.1,"segChargeEndCellTempMarginVar":2,"conditionEndMileage":27850},{"vin":"LJUB0W1N8JS000161","rtime":"20200928073152","maxCellPolVolt":27,"minCellPolVolt":79,"chaEndCellVoltMarginVar":20.7,"condEndCellVoltMarginVar":25.9,"segChargeEndCellTempMarginVar":1,"conditionEndMileage":29200},{"vin":"LJUB0W1N8JS000161","rtime":"20201102075651","maxCellPolVolt":19,"minCellPolVolt":15,"chaEndCellVoltMarginVar":21.5,"condEndCellVoltMarginVar":21.1,"segChargeEndCellTempMarginVar":2,"conditionEndMileage":31300},{"vin":"LJUB0W1N8JS000161","rtime":"20201109075712","maxCellPolVolt":27,"minCellPolVolt":22,"chaEndCellVoltMarginVar":21.5,"condEndCellVoltMarginVar":21,"segChargeEndCellTempMarginVar":2,"conditionEndMileage":31980},{"vin":"LJUB0W1N8JS000161","rtime":"20201117093330","maxCellPolVolt":24,"minCellPolVolt":19,"chaEndCellVoltMarginVar":21.7,"condEndCellVoltMarginVar":21.2,"segChargeEndCellTempMarginVar":2,"conditionEndMileage":32540},{"vin":"LJUB0W1N8JS000161","rtime":"20201125075511","maxCellPolVolt":25,"minCellPolVolt":20,"chaEndCellVoltMarginVar":22,"condEndCellVoltMarginVar":23.88889,"segChargeEndCellTempMarginVar":2,"conditionEndMileage":33320},{"vin":"LJUB0W1N8JS000161","rtime":"20201212080551","maxCellPolVolt":31,"minCellPolVolt":54,"chaEndCellVoltMarginVar":25.5,"condEndCellVoltMarginVar":27.8,"segChargeEndCellTempMarginVar":1,"conditionEndMileage":35200},{"vin":"LJUB0W1N8JS000161","rtime":"20201217075232","maxCellPolVolt":28,"minCellPolVolt":19,"chaEndCellVoltMarginVar":25.8,"condEndCellVoltMarginVar":24.9,"segChargeEndCellTempMarginVar":2,"conditionEndMileage":35800},{"vin":"LJUB0W1N8JS000161","rtime":"20201224082031","maxCellPolVolt":24,"minCellPolVolt":17,"chaEndCellVoltMarginVar":25.8,"condEndCellVoltMarginVar":25.1,"segChargeEndCellTempMarginVar":3,"conditionEndMileage":36440}],"currentValue is ":"35000","expectedValue is ":"10000"}}]
at com.bitnei.apitest.testcases.saas.ApiTest.ApiTestCode(ApiTest.java:101)
at java.util.concurrent.ThreadPoolExecutor.runWorker(ThreadPoolExecutor.java:1149)
at java.util.concurrent.ThreadPoolExecutor$Worker.run(ThreadPoolExecutor.java:624)
at java.lang.Thread.run(Thread.java:748)
... Removed 15 stack frames]]>
    </failure>
  </testcase> <!-- ApiTestCode -->
  <testcase name="ApiTestCode" time="0.424" classname="com.bitnei.apitest.testcases.saas.ApiTest"/>
  <testcase name="ApiTestCode" time="0.036" classname="com.bitnei.apitest.testcases.saas.ApiTest"/>
  <testcase name="ApiTestCode" time="0.602" classname="com.bitnei.apitest.testcases.saas.ApiTest"/>
  <testcase name="ApiTestCode" time="0.106" classname="com.bitnei.apitest.testcases.saas.ApiTest"/>
  <testcase name="ApiTestCode" time="0.03" classname="com.bitnei.apitest.testcases.saas.ApiTest"/>
  <testcase name="ApiTestCode" time="0.321" classname="com.bitnei.apitest.testcases.saas.ApiTest"/>
  <testcase name="ApiTestCode" time="0.121" classname="com.bitnei.apitest.testcases.saas.ApiTest"/>
  <testcase name="ApiTestCode" time="0.031" classname="com.bitnei.apitest.testcases.saas.ApiTest"/>
  <testcase name="ApiTestCode" time="0.113" classname="com.bitnei.apitest.testcases.saas.ApiTest"/>
  <testcase name="ApiTestCode" time="0.117" classname="com.bitnei.apitest.testcases.saas.ApiTest"/>
  <testcase name="ApiTestCode" time="0.026" classname="com.bitnei.apitest.testcases.saas.ApiTest"/>
  <testcase name="ApiTestCode" time="0.168" classname="com.bitnei.apitest.testcases.saas.ApiTest"/>
  <testcase name="ApiTestCode" time="0.108" classname="com.bitnei.apitest.testcases.saas.ApiTest"/>
  <testcase name="ApiTestCode" time="0.038" classname="com.bitnei.apitest.testcases.saas.ApiTest"/>
  <testcase name="ApiTestCode" time="0.164" classname="com.bitnei.apitest.testcases.saas.ApiTest"/>
  <testcase name="ApiTestCode" time="0.099" classname="com.bitnei.apitest.testcases.saas.ApiTest"/>
  <testcase name="ApiTestCode" time="0.053" classname="com.bitnei.apitest.testcases.saas.ApiTest"/>
  <testcase name="ApiTest" time="2.623" classname="com.bitnei.apitest.testcases.saas.PostApiTestParas"/>
  <testcase name="ApiTest" time="0.461" classname="com.bitnei.apitest.testcases.saas.PostApiTestParas"/>
  <testcase name="ApiTest" time="0.441" classname="com.bitnei.apitest.testcases.saas.PostApiTestParas"/>
  <testcase name="ApiTest" time="0.449" classname="com.bitnei.apitest.testcases.saas.PostApiTestParas"/>
  <testcase name="ApiTest" time="0.399" classname="com.bitnei.apitest.testcases.saas.PostApiTestParas"/>
  <testcase name="ApiTest" time="0.395" classname="com.bitnei.apitest.testcases.saas.PostApiTestParas"/>
  <testcase name="ApiTest" time="0.358" classname="com.bitnei.apitest.testcases.saas.PostApiTestParas"/>
  <testcase name="ApiTest" time="1.409" classname="com.bitnei.apitest.testcases.saas.PostApiTestParas"/>
  <testcase name="ApiTest" time="0.389" classname="com.bitnei.apitest.testcases.saas.PostApiTestParas"/>
  <testcase name="UserInfoRgisterData" time="5.617" classname="com.bitnei.apitest.testcases.saas.TestGeodeData"/>
  <testcase name="UserInfoRgisterData" time="11.129" classname="com.bitnei.apitest.testcases.saas.TestGeodeData"/>
  <testcase name="UserInfoRgisterData" time="10.481" classname="com.bitnei.apitest.testcases.saas.TestGeodeData"/>
  <testcase name="UserInfoRgisterData" time="21.575" classname="com.bitnei.apitest.testcases.saas.TestGeodeData"/>
  <testcase name="UserInfoRgisterData" time="11.023" classname="com.bitnei.apitest.testcases.saas.TestGeodeData"/>
  <testcase name="UserInfoRgisterData" time="21.334" classname="com.bitnei.apitest.testcases.saas.TestGeodeData"/>
  <testcase name="Insurance" time="0.046" classname="com.bitnei.apitest.testcases.saas.GetInsurance"/>
  <testcase name="Insurance" time="0.035" classname="com.bitnei.apitest.testcases.saas.GetInsurance"/>
  <testcase name="Insurance" time="0.034" classname="com.bitnei.apitest.testcases.saas.GetInsurance"/>
  <testcase name="Insurance" time="0.033" classname="com.bitnei.apitest.testcases.saas.GetInsurance"/>
  <testcase name="Insurance" time="0.025" classname="com.bitnei.apitest.testcases.saas.GetInsurance"/>
  <testcase name="Insurance" time="0.028" classname="com.bitnei.apitest.testcases.saas.GetInsurance"/>
  <testcase name="Insurance" time="0.024" classname="com.bitnei.apitest.testcases.saas.GetInsurance"/>
  <testcase name="Insurance" time="0.033" classname="com.bitnei.apitest.testcases.saas.GetInsurance"/>
  <testcase name="Insurance" time="0.025" classname="com.bitnei.apitest.testcases.saas.GetInsurance"/>
  <testcase name="Insurance" time="0.024" classname="com.bitnei.apitest.testcases.saas.GetInsurance"/>
  <testcase name="Insurance" time="0.027" classname="com.bitnei.apitest.testcases.saas.GetInsurance"/>
</testsuite> <!-- SAAS -->
