<?xml version="1.0" encoding="UTF-8"?>
<!-- Generated by org.testng.reporters.JUnitXMLReporter -->
<testsuite hostname="DESKTOP-Q37MKND" ignored="0" name="SAAS" tests="121" failures="0" timestamp="31 十二月 2020 01:16:18 GMT" time="134.177" errors="0">
  <testcase name="ApiTestCode" time="0.035" classname="com.bitnei.apitest.testcases.saas.ApiTest"/>
  <testcase name="ApiTestCode" time="0.036" classname="com.bitnei.apitest.testcases.saas.ApiTest"/>
  <testcase name="ApiTestCode" time="0.037" classname="com.bitnei.apitest.testcases.saas.ApiTest"/>
  <testcase name="ApiTestCode" time="0.115" classname="com.bitnei.apitest.testcases.saas.ApiTest"/>
  <testcase name="ApiTestCode" time="0.031" classname="com.bitnei.apitest.testcases.saas.ApiTest"/>
  <testcase name="ApiTestCode" time="0.04" classname="com.bitnei.apitest.testcases.saas.ApiTest"/>
  <testcase name="ApiTestCode" time="0.039" classname="com.bitnei.apitest.testcases.saas.ApiTest"/>
  <testcase name="ApiTestCode" time="0.029" classname="com.bitnei.apitest.testcases.saas.ApiTest"/>
  <testcase name="ApiTestCode" time="0.043" classname="com.bitnei.apitest.testcases.saas.ApiTest"/>
  <testcase name="ApiTestCode" time="0.028" classname="com.bitnei.apitest.testcases.saas.ApiTest"/>
  <testcase name="ApiTestCode" time="0.028" classname="com.bitnei.apitest.testcases.saas.ApiTest"/>
  <testcase name="ApiTestCode" time="0.027" classname="com.bitnei.apitest.testcases.saas.ApiTest"/>
  <testcase name="ApiTestCode" time="0.025" classname="com.bitnei.apitest.testcases.saas.ApiTest"/>
  <testcase name="ApiTestCode" time="0.057" classname="com.bitnei.apitest.testcases.saas.ApiTest"/>
  <testcase name="ApiTestCode" time="0.065" classname="com.bitnei.apitest.testcases.saas.ApiTest"/>
  <testcase name="ApiTestCode" time="0.041" classname="com.bitnei.apitest.testcases.saas.ApiTest"/>
  <testcase name="ApiTestCode" time="0.033" classname="com.bitnei.apitest.testcases.saas.ApiTest"/>
  <testcase name="ApiTestCode" time="0.035" classname="com.bitnei.apitest.testcases.saas.ApiTest"/>
  <testcase name="ApiTestCode" time="0.039" classname="com.bitnei.apitest.testcases.saas.ApiTest"/>
  <testcase name="ApiTestCode" time="0.031" classname="com.bitnei.apitest.testcases.saas.ApiTest"/>
  <testcase name="ApiTestCode" time="0.045" classname="com.bitnei.apitest.testcases.saas.ApiTest"/>
  <testcase name="ApiTestCode" time="0.064" classname="com.bitnei.apitest.testcases.saas.ApiTest"/>
  <testcase name="ApiTestCode" time="0.035" classname="com.bitnei.apitest.testcases.saas.ApiTest"/>
  <testcase name="ApiTestCode" time="0.022" classname="com.bitnei.apitest.testcases.saas.ApiTest"/>
  <testcase name="ApiTestCode" time="0.034" classname="com.bitnei.apitest.testcases.saas.ApiTest"/>
  <testcase name="ApiTestCode" time="0.281" classname="com.bitnei.apitest.testcases.saas.ApiTest"/>
  <testcase name="ApiTestCode" time="0.238" classname="com.bitnei.apitest.testcases.saas.ApiTest"/>
  <testcase name="ApiTestCode" time="0.27" classname="com.bitnei.apitest.testcases.saas.ApiTest"/>
  <testcase name="ApiTestCode" time="0.263" classname="com.bitnei.apitest.testcases.saas.ApiTest"/>
  <testcase name="ApiTestCode" time="0.046" classname="com.bitnei.apitest.testcases.saas.ApiTest"/>
  <testcase name="ApiTestCode" time="0.09" classname="com.bitnei.apitest.testcases.saas.ApiTest"/>
  <testcase name="ApiTestCode" time="0.051" classname="com.bitnei.apitest.testcases.saas.ApiTest"/>
  <testcase name="ApiTestCode" time="0.039" classname="com.bitnei.apitest.testcases.saas.ApiTest"/>
  <testcase name="ApiTestCode" time="0.032" classname="com.bitnei.apitest.testcases.saas.ApiTest"/>
  <testcase name="ApiTestCode" time="0.034" classname="com.bitnei.apitest.testcases.saas.ApiTest"/>
  <testcase name="ApiTestCode" time="0.045" classname="com.bitnei.apitest.testcases.saas.ApiTest"/>
  <testcase name="ApiTestCode" time="0.029" classname="com.bitnei.apitest.testcases.saas.ApiTest"/>
  <testcase name="ApiTestCode" time="0.037" classname="com.bitnei.apitest.testcases.saas.ApiTest"/>
  <testcase name="ApiTestCode" time="0.035" classname="com.bitnei.apitest.testcases.saas.ApiTest"/>
  <testcase name="ApiTestCode" time="0.27" classname="com.bitnei.apitest.testcases.saas.ApiTest"/>
  <testcase name="ApiTestCode" time="0.273" classname="com.bitnei.apitest.testcases.saas.ApiTest"/>
  <testcase name="ApiTestCode" time="0.383" classname="com.bitnei.apitest.testcases.saas.ApiTest"/>
  <testcase name="ApiTestCode" time="0.293" classname="com.bitnei.apitest.testcases.saas.ApiTest"/>
  <testcase name="ApiTestCode" time="0.072" classname="com.bitnei.apitest.testcases.saas.ApiTest"/>
  <testcase name="ApiTestCode" time="0.045" classname="com.bitnei.apitest.testcases.saas.ApiTest"/>
  <testcase name="ApiTestCode" time="0.054" classname="com.bitnei.apitest.testcases.saas.ApiTest"/>
  <testcase name="ApiTestCode" time="0.036" classname="com.bitnei.apitest.testcases.saas.ApiTest"/>
  <testcase name="ApiTestCode" time="0.038" classname="com.bitnei.apitest.testcases.saas.ApiTest"/>
  <testcase name="ApiTestCode" time="0.043" classname="com.bitnei.apitest.testcases.saas.ApiTest"/>
  <testcase name="ApiTestCode" time="0.046" classname="com.bitnei.apitest.testcases.saas.ApiTest"/>
  <testcase name="ApiTestCode" time="0.039" classname="com.bitnei.apitest.testcases.saas.ApiTest"/>
  <testcase name="ApiTestCode" time="0.047" classname="com.bitnei.apitest.testcases.saas.ApiTest"/>
  <testcase name="ApiTestCode" time="0.046" classname="com.bitnei.apitest.testcases.saas.ApiTest"/>
  <testcase name="ApiTestCode" time="0.031" classname="com.bitnei.apitest.testcases.saas.ApiTest"/>
  <testcase name="ApiTestCode" time="0.038" classname="com.bitnei.apitest.testcases.saas.ApiTest"/>
  <testcase name="ApiTestCode" time="0.037" classname="com.bitnei.apitest.testcases.saas.ApiTest"/>
  <testcase name="ApiTestCode" time="0.045" classname="com.bitnei.apitest.testcases.saas.ApiTest"/>
  <testcase name="ApiTestCode" time="0.036" classname="com.bitnei.apitest.testcases.saas.ApiTest"/>
  <testcase name="ApiTestCode" time="0.027" classname="com.bitnei.apitest.testcases.saas.ApiTest"/>
  <testcase name="ApiTestCode" time="0.047" classname="com.bitnei.apitest.testcases.saas.ApiTest"/>
  <testcase name="ApiTestCode" time="0.047" classname="com.bitnei.apitest.testcases.saas.ApiTest"/>
  <testcase name="ApiTestCode" time="0.043" classname="com.bitnei.apitest.testcases.saas.ApiTest"/>
  <testcase name="ApiTestCode" time="0.038" classname="com.bitnei.apitest.testcases.saas.ApiTest"/>
  <testcase name="ApiTestCode" time="0.034" classname="com.bitnei.apitest.testcases.saas.ApiTest"/>
  <testcase name="ApiTestCode" time="0.048" classname="com.bitnei.apitest.testcases.saas.ApiTest"/>
  <testcase name="ApiTestCode" time="0.045" classname="com.bitnei.apitest.testcases.saas.ApiTest"/>
  <testcase name="ApiTestCode" time="0.033" classname="com.bitnei.apitest.testcases.saas.ApiTest"/>
  <testcase name="ApiTestCode" time="0.033" classname="com.bitnei.apitest.testcases.saas.ApiTest"/>
  <testcase name="ApiTestCode" time="0.037" classname="com.bitnei.apitest.testcases.saas.ApiTest"/>
  <testcase name="ApiTestCode" time="0.042" classname="com.bitnei.apitest.testcases.saas.ApiTest"/>
  <testcase name="ApiTestCode" time="0.049" classname="com.bitnei.apitest.testcases.saas.ApiTest"/>
  <testcase name="ApiTestCode" time="0.046" classname="com.bitnei.apitest.testcases.saas.ApiTest"/>
  <testcase name="ApiTestCode" time="0.03" classname="com.bitnei.apitest.testcases.saas.ApiTest"/>
  <testcase name="ApiTestCode" time="0.032" classname="com.bitnei.apitest.testcases.saas.ApiTest"/>
  <testcase name="ApiTestCode" time="0.031" classname="com.bitnei.apitest.testcases.saas.ApiTest"/>
  <testcase name="ApiTestCode" time="0.035" classname="com.bitnei.apitest.testcases.saas.ApiTest"/>
  <testcase name="ApiTestCode" time="0.033" classname="com.bitnei.apitest.testcases.saas.ApiTest"/>
  <testcase name="ApiTestCode" time="0.038" classname="com.bitnei.apitest.testcases.saas.ApiTest"/>
  <testcase name="ApiTestCode" time="0.05" classname="com.bitnei.apitest.testcases.saas.ApiTest"/>
  <testcase name="ApiTestCode" time="0.033" classname="com.bitnei.apitest.testcases.saas.ApiTest"/>
  <testcase name="ApiTestCode" time="0.036" classname="com.bitnei.apitest.testcases.saas.ApiTest"/>
  <testcase name="ApiTestCode" time="0.063" classname="com.bitnei.apitest.testcases.saas.ApiTest"/>
  <testcase name="ApiTestCode" time="0.038" classname="com.bitnei.apitest.testcases.saas.ApiTest"/>
  <testcase name="ApiTestCode" time="0.033" classname="com.bitnei.apitest.testcases.saas.ApiTest"/>
  <testcase name="ApiTestCode" time="0.035" classname="com.bitnei.apitest.testcases.saas.ApiTest"/>
  <testcase name="ApiTestCode" time="0.037" classname="com.bitnei.apitest.testcases.saas.ApiTest"/>
  <testcase name="ApiTestCode" time="0.038" classname="com.bitnei.apitest.testcases.saas.ApiTest"/>
  <testcase name="ApiTestCode" time="0.044" classname="com.bitnei.apitest.testcases.saas.ApiTest"/>
  <testcase name="ApiTestCode" time="0.026" classname="com.bitnei.apitest.testcases.saas.ApiTest"/>
  <testcase name="ApiTestCode" time="0.025" classname="com.bitnei.apitest.testcases.saas.ApiTest"/>
  <testcase name="ApiTestCode" time="0.039" classname="com.bitnei.apitest.testcases.saas.ApiTest"/>
  <testcase name="ApiTestCode" time="0.036" classname="com.bitnei.apitest.testcases.saas.ApiTest"/>
  <testcase name="ApiTestCode" time="0.036" classname="com.bitnei.apitest.testcases.saas.ApiTest"/>
  <testcase name="ApiTestCode" time="0.031" classname="com.bitnei.apitest.testcases.saas.ApiTest"/>
  <testcase name="ApiTestCode" time="0.029" classname="com.bitnei.apitest.testcases.saas.ApiTest"/>
  <testcase name="ApiTest" time="2.696" classname="com.bitnei.apitest.testcases.saas.PostApiTestParas"/>
  <testcase name="ApiTest" time="0.709" classname="com.bitnei.apitest.testcases.saas.PostApiTestParas"/>
  <testcase name="ApiTest" time="0.412" classname="com.bitnei.apitest.testcases.saas.PostApiTestParas"/>
  <testcase name="ApiTest" time="0.441" classname="com.bitnei.apitest.testcases.saas.PostApiTestParas"/>
  <testcase name="ApiTest" time="0.36" classname="com.bitnei.apitest.testcases.saas.PostApiTestParas"/>
  <testcase name="ApiTest" time="0.45" classname="com.bitnei.apitest.testcases.saas.PostApiTestParas"/>
  <testcase name="ApiTest" time="0.377" classname="com.bitnei.apitest.testcases.saas.PostApiTestParas"/>
  <testcase name="ApiTest" time="0.349" classname="com.bitnei.apitest.testcases.saas.PostApiTestParas"/>
  <testcase name="ApiTest" time="0.479" classname="com.bitnei.apitest.testcases.saas.PostApiTestParas"/>
  <testcase name="UserInfoRgisterData" time="5.824" classname="com.bitnei.apitest.testcases.saas.TestGeodeData"/>
  <testcase name="UserInfoRgisterData" time="10.574" classname="com.bitnei.apitest.testcases.saas.TestGeodeData"/>
  <testcase name="UserInfoRgisterData" time="9.552" classname="com.bitnei.apitest.testcases.saas.TestGeodeData"/>
  <testcase name="UserInfoRgisterData" time="21.174" classname="com.bitnei.apitest.testcases.saas.TestGeodeData"/>
  <testcase name="UserInfoRgisterData" time="9.77" classname="com.bitnei.apitest.testcases.saas.TestGeodeData"/>
  <testcase name="UserInfoRgisterData" time="21.138" classname="com.bitnei.apitest.testcases.saas.TestGeodeData"/>
  <testcase name="Insurance" time="0.052" classname="com.bitnei.apitest.testcases.saas.GetInsurance"/>
  <testcase name="Insurance" time="0.027" classname="com.bitnei.apitest.testcases.saas.GetInsurance"/>
  <testcase name="Insurance" time="0.035" classname="com.bitnei.apitest.testcases.saas.GetInsurance"/>
  <testcase name="Insurance" time="0.046" classname="com.bitnei.apitest.testcases.saas.GetInsurance"/>
  <testcase name="Insurance" time="0.051" classname="com.bitnei.apitest.testcases.saas.GetInsurance"/>
  <testcase name="Insurance" time="0.045" classname="com.bitnei.apitest.testcases.saas.GetInsurance"/>
  <testcase name="Insurance" time="0.047" classname="com.bitnei.apitest.testcases.saas.GetInsurance"/>
  <testcase name="Insurance" time="0.041" classname="com.bitnei.apitest.testcases.saas.GetInsurance"/>
  <testcase name="Insurance" time="0.04" classname="com.bitnei.apitest.testcases.saas.GetInsurance"/>
  <testcase name="Insurance" time="0.035" classname="com.bitnei.apitest.testcases.saas.GetInsurance"/>
  <testcase name="Insurance" time="0.061" classname="com.bitnei.apitest.testcases.saas.GetInsurance"/>
</testsuite> <!-- SAAS -->
