<?xml version="1.0" encoding="UTF-8"?>
<!-- Generated by org.testng.reporters.JUnitXMLReporter -->
<testsuite hostname="DESKTOP-Q37MKND" ignored="0" name="SAAS" tests="113" failures="0" timestamp="23 十二月 2020 07:30:40 GMT" time="143.259" errors="0">
  <testcase name="ApiTestCode" time="0.133" classname="com.bitnei.apitest.testcases.saas.ApiTest"/>
  <testcase name="ApiTestCode" time="0.196" classname="com.bitnei.apitest.testcases.saas.ApiTest"/>
  <testcase name="ApiTestCode" time="0.034" classname="com.bitnei.apitest.testcases.saas.ApiTest"/>
  <testcase name="ApiTestCode" time="0.076" classname="com.bitnei.apitest.testcases.saas.ApiTest"/>
  <testcase name="ApiTestCode" time="0.05" classname="com.bitnei.apitest.testcases.saas.ApiTest"/>
  <testcase name="ApiTestCode" time="0.053" classname="com.bitnei.apitest.testcases.saas.ApiTest"/>
  <testcase name="ApiTestCode" time="0.045" classname="com.bitnei.apitest.testcases.saas.ApiTest"/>
  <testcase name="ApiTestCode" time="0.037" classname="com.bitnei.apitest.testcases.saas.ApiTest"/>
  <testcase name="ApiTestCode" time="0.063" classname="com.bitnei.apitest.testcases.saas.ApiTest"/>
  <testcase name="ApiTestCode" time="0.043" classname="com.bitnei.apitest.testcases.saas.ApiTest"/>
  <testcase name="ApiTestCode" time="0.045" classname="com.bitnei.apitest.testcases.saas.ApiTest"/>
  <testcase name="ApiTestCode" time="0.037" classname="com.bitnei.apitest.testcases.saas.ApiTest"/>
  <testcase name="ApiTestCode" time="0.047" classname="com.bitnei.apitest.testcases.saas.ApiTest"/>
  <testcase name="ApiTestCode" time="0.051" classname="com.bitnei.apitest.testcases.saas.ApiTest"/>
  <testcase name="ApiTestCode" time="0.05" classname="com.bitnei.apitest.testcases.saas.ApiTest"/>
  <testcase name="ApiTestCode" time="0.049" classname="com.bitnei.apitest.testcases.saas.ApiTest"/>
  <testcase name="ApiTestCode" time="0.043" classname="com.bitnei.apitest.testcases.saas.ApiTest"/>
  <testcase name="ApiTestCode" time="0.071" classname="com.bitnei.apitest.testcases.saas.ApiTest"/>
  <testcase name="ApiTestCode" time="0.067" classname="com.bitnei.apitest.testcases.saas.ApiTest"/>
  <testcase name="ApiTestCode" time="0.05" classname="com.bitnei.apitest.testcases.saas.ApiTest"/>
  <testcase name="ApiTestCode" time="0.048" classname="com.bitnei.apitest.testcases.saas.ApiTest"/>
  <testcase name="ApiTestCode" time="0.059" classname="com.bitnei.apitest.testcases.saas.ApiTest"/>
  <testcase name="ApiTestCode" time="0.038" classname="com.bitnei.apitest.testcases.saas.ApiTest"/>
  <testcase name="ApiTestCode" time="0.034" classname="com.bitnei.apitest.testcases.saas.ApiTest"/>
  <testcase name="ApiTestCode" time="0.047" classname="com.bitnei.apitest.testcases.saas.ApiTest"/>
  <testcase name="ApiTestCode" time="0.347" classname="com.bitnei.apitest.testcases.saas.ApiTest"/>
  <testcase name="ApiTestCode" time="0.324" classname="com.bitnei.apitest.testcases.saas.ApiTest"/>
  <testcase name="ApiTestCode" time="0.313" classname="com.bitnei.apitest.testcases.saas.ApiTest"/>
  <testcase name="ApiTestCode" time="0.213" classname="com.bitnei.apitest.testcases.saas.ApiTest"/>
  <testcase name="ApiTestCode" time="0.045" classname="com.bitnei.apitest.testcases.saas.ApiTest"/>
  <testcase name="ApiTestCode" time="0.036" classname="com.bitnei.apitest.testcases.saas.ApiTest"/>
  <testcase name="ApiTestCode" time="0.057" classname="com.bitnei.apitest.testcases.saas.ApiTest"/>
  <testcase name="ApiTestCode" time="0.041" classname="com.bitnei.apitest.testcases.saas.ApiTest"/>
  <testcase name="ApiTestCode" time="0.043" classname="com.bitnei.apitest.testcases.saas.ApiTest"/>
  <testcase name="ApiTestCode" time="0.094" classname="com.bitnei.apitest.testcases.saas.ApiTest"/>
  <testcase name="ApiTestCode" time="0.074" classname="com.bitnei.apitest.testcases.saas.ApiTest"/>
  <testcase name="ApiTestCode" time="0.061" classname="com.bitnei.apitest.testcases.saas.ApiTest"/>
  <testcase name="ApiTestCode" time="0.058" classname="com.bitnei.apitest.testcases.saas.ApiTest"/>
  <testcase name="ApiTestCode" time="0.034" classname="com.bitnei.apitest.testcases.saas.ApiTest"/>
  <testcase name="ApiTestCode" time="0.253" classname="com.bitnei.apitest.testcases.saas.ApiTest"/>
  <testcase name="ApiTestCode" time="0.225" classname="com.bitnei.apitest.testcases.saas.ApiTest"/>
  <testcase name="ApiTestCode" time="0.523" classname="com.bitnei.apitest.testcases.saas.ApiTest"/>
  <testcase name="ApiTestCode" time="0.222" classname="com.bitnei.apitest.testcases.saas.ApiTest"/>
  <testcase name="ApiTestCode" time="0.388" classname="com.bitnei.apitest.testcases.saas.ApiTest"/>
  <testcase name="ApiTestCode" time="0.069" classname="com.bitnei.apitest.testcases.saas.ApiTest"/>
  <testcase name="ApiTestCode" time="0.063" classname="com.bitnei.apitest.testcases.saas.ApiTest"/>
  <testcase name="ApiTestCode" time="0.075" classname="com.bitnei.apitest.testcases.saas.ApiTest"/>
  <testcase name="ApiTestCode" time="0.064" classname="com.bitnei.apitest.testcases.saas.ApiTest"/>
  <testcase name="ApiTestCode" time="0.104" classname="com.bitnei.apitest.testcases.saas.ApiTest"/>
  <testcase name="ApiTestCode" time="0.054" classname="com.bitnei.apitest.testcases.saas.ApiTest"/>
  <testcase name="ApiTestCode" time="0.044" classname="com.bitnei.apitest.testcases.saas.ApiTest"/>
  <testcase name="ApiTestCode" time="0.062" classname="com.bitnei.apitest.testcases.saas.ApiTest"/>
  <testcase name="ApiTestCode" time="0.046" classname="com.bitnei.apitest.testcases.saas.ApiTest"/>
  <testcase name="ApiTestCode" time="0.038" classname="com.bitnei.apitest.testcases.saas.ApiTest"/>
  <testcase name="ApiTestCode" time="0.565" classname="com.bitnei.apitest.testcases.saas.ApiTest"/>
  <testcase name="ApiTestCode" time="0.07" classname="com.bitnei.apitest.testcases.saas.ApiTest"/>
  <testcase name="ApiTestCode" time="0.088" classname="com.bitnei.apitest.testcases.saas.ApiTest"/>
  <testcase name="ApiTestCode" time="0.096" classname="com.bitnei.apitest.testcases.saas.ApiTest"/>
  <testcase name="ApiTestCode" time="0.094" classname="com.bitnei.apitest.testcases.saas.ApiTest"/>
  <testcase name="ApiTestCode" time="0.117" classname="com.bitnei.apitest.testcases.saas.ApiTest"/>
  <testcase name="ApiTestCode" time="0.087" classname="com.bitnei.apitest.testcases.saas.ApiTest"/>
  <testcase name="ApiTestCode" time="0.102" classname="com.bitnei.apitest.testcases.saas.ApiTest"/>
  <testcase name="ApiTestCode" time="0.11" classname="com.bitnei.apitest.testcases.saas.ApiTest"/>
  <testcase name="ApiTestCode" time="0.088" classname="com.bitnei.apitest.testcases.saas.ApiTest"/>
  <testcase name="ApiTestCode" time="0.124" classname="com.bitnei.apitest.testcases.saas.ApiTest"/>
  <testcase name="ApiTestCode" time="0.073" classname="com.bitnei.apitest.testcases.saas.ApiTest"/>
  <testcase name="ApiTestCode" time="0.112" classname="com.bitnei.apitest.testcases.saas.ApiTest"/>
  <testcase name="ApiTestCode" time="0.092" classname="com.bitnei.apitest.testcases.saas.ApiTest"/>
  <testcase name="ApiTestCode" time="0.099" classname="com.bitnei.apitest.testcases.saas.ApiTest"/>
  <testcase name="ApiTestCode" time="0.047" classname="com.bitnei.apitest.testcases.saas.ApiTest"/>
  <testcase name="ApiTestCode" time="0.06" classname="com.bitnei.apitest.testcases.saas.ApiTest"/>
  <testcase name="ApiTestCode" time="0.042" classname="com.bitnei.apitest.testcases.saas.ApiTest"/>
  <testcase name="ApiTestCode" time="0.067" classname="com.bitnei.apitest.testcases.saas.ApiTest"/>
  <testcase name="ApiTestCode" time="0.056" classname="com.bitnei.apitest.testcases.saas.ApiTest"/>
  <testcase name="ApiTestCode" time="0.049" classname="com.bitnei.apitest.testcases.saas.ApiTest"/>
  <testcase name="ApiTestCode" time="0.053" classname="com.bitnei.apitest.testcases.saas.ApiTest"/>
  <testcase name="ApiTestCode" time="0.042" classname="com.bitnei.apitest.testcases.saas.ApiTest"/>
  <testcase name="ApiTestCode" time="0.048" classname="com.bitnei.apitest.testcases.saas.ApiTest"/>
  <testcase name="ApiTestCode" time="0.147" classname="com.bitnei.apitest.testcases.saas.ApiTest"/>
  <testcase name="ApiTestCode" time="0.076" classname="com.bitnei.apitest.testcases.saas.ApiTest"/>
  <testcase name="ApiTestCode" time="0.096" classname="com.bitnei.apitest.testcases.saas.ApiTest"/>
  <testcase name="ApiTestCode" time="0.12" classname="com.bitnei.apitest.testcases.saas.ApiTest"/>
  <testcase name="ApiTestCode" time="0.093" classname="com.bitnei.apitest.testcases.saas.ApiTest"/>
  <testcase name="ApiTestCode" time="0.088" classname="com.bitnei.apitest.testcases.saas.ApiTest"/>
  <testcase name="ApiTestCode" time="0.115" classname="com.bitnei.apitest.testcases.saas.ApiTest"/>
  <testcase name="ApiTestCode" time="0.094" classname="com.bitnei.apitest.testcases.saas.ApiTest"/>
  <testcase name="ApiTestCode" time="0.1" classname="com.bitnei.apitest.testcases.saas.ApiTest"/>
  <testcase name="ApiTest" time="2.837" classname="com.bitnei.apitest.testcases.saas.PostApiTestParas"/>
  <testcase name="ApiTest" time="0.653" classname="com.bitnei.apitest.testcases.saas.PostApiTestParas"/>
  <testcase name="ApiTest" time="0.502" classname="com.bitnei.apitest.testcases.saas.PostApiTestParas"/>
  <testcase name="ApiTest" time="0.661" classname="com.bitnei.apitest.testcases.saas.PostApiTestParas"/>
  <testcase name="ApiTest" time="0.828" classname="com.bitnei.apitest.testcases.saas.PostApiTestParas"/>
  <testcase name="ApiTest" time="0.621" classname="com.bitnei.apitest.testcases.saas.PostApiTestParas"/>
  <testcase name="ApiTest" time="0.575" classname="com.bitnei.apitest.testcases.saas.PostApiTestParas"/>
  <testcase name="ApiTest" time="0.468" classname="com.bitnei.apitest.testcases.saas.PostApiTestParas"/>
  <testcase name="ApiTest" time="0.463" classname="com.bitnei.apitest.testcases.saas.PostApiTestParas"/>
  <testcase name="UserInfoRgisterData" time="4.618" classname="com.bitnei.apitest.testcases.saas.TestGeodeData"/>
  <testcase name="UserInfoRgisterData" time="10.048" classname="com.bitnei.apitest.testcases.saas.TestGeodeData"/>
  <testcase name="UserInfoRgisterData" time="10.222" classname="com.bitnei.apitest.testcases.saas.TestGeodeData"/>
  <testcase name="UserInfoRgisterData" time="22.22" classname="com.bitnei.apitest.testcases.saas.TestGeodeData"/>
  <testcase name="UserInfoRgisterData" time="10.699" classname="com.bitnei.apitest.testcases.saas.TestGeodeData"/>
  <testcase name="UserInfoRgisterData" time="22.632" classname="com.bitnei.apitest.testcases.saas.TestGeodeData"/>
  <testcase name="Insurance" time="0.063" classname="com.bitnei.apitest.testcases.saas.GetInsurance"/>
  <testcase name="Insurance" time="0.047" classname="com.bitnei.apitest.testcases.saas.GetInsurance"/>
  <testcase name="Insurance" time="0.036" classname="com.bitnei.apitest.testcases.saas.GetInsurance"/>
  <testcase name="Insurance" time="0.053" classname="com.bitnei.apitest.testcases.saas.GetInsurance"/>
  <testcase name="Insurance" time="0.032" classname="com.bitnei.apitest.testcases.saas.GetInsurance"/>
  <testcase name="Insurance" time="0.035" classname="com.bitnei.apitest.testcases.saas.GetInsurance"/>
  <testcase name="Insurance" time="0.032" classname="com.bitnei.apitest.testcases.saas.GetInsurance"/>
  <testcase name="Insurance" time="0.039" classname="com.bitnei.apitest.testcases.saas.GetInsurance"/>
  <testcase name="Insurance" time="0.028" classname="com.bitnei.apitest.testcases.saas.GetInsurance"/>
  <testcase name="Insurance" time="0.03" classname="com.bitnei.apitest.testcases.saas.GetInsurance"/>
  <testcase name="Insurance" time="0.03" classname="com.bitnei.apitest.testcases.saas.GetInsurance"/>
</testsuite> <!-- SAAS -->
