<?xml version="1.0" encoding="UTF-8"?>
<!-- Generated by org.testng.reporters.JUnitXMLReporter -->
<testsuite hostname="DESKTOP-Q37MKND" ignored="0" name="SAAS" tests="15" failures="3" timestamp="20 九月 2019 09:30:05 GMT" time="2.397" errors="0">
  <testcase name="UserInfoQueryData" time="0.566" classname="com.bitnei.apitest.testcases.saas.UserInfoQuery"/>
  <testcase name="UserInfoQueryData" time="0.056" classname="com.bitnei.apitest.testcases.saas.UserInfoQueryByExcel"/>
  <testcase name="UserInfoQueryData" time="0.059" classname="com.bitnei.apitest.testcases.saas.UserInfoQueryByExcel"/>
  <testcase name="UserInfoQueryData" time="0.058" classname="com.bitnei.apitest.testcases.saas.UserInfoQueryByExcel"/>
  <testcase name="UserInfoQueryData" time="0.053" classname="com.bitnei.apitest.testcases.saas.UserInfoQueryByExcel"/>
  <testcase name="UserInfoQueryData" time="0.063" classname="com.bitnei.apitest.testcases.saas.UserInfoQueryByExcel"/>
  <testcase name="UserInfoQueryData" time="0.059" classname="com.bitnei.apitest.testcases.saas.UserInfoQueryByExcel"/>
  <testcase name="UserInfoQueryData" time="0.064" classname="com.bitnei.apitest.testcases.saas.UserInfoQueryByExcel"/>
  <testcase name="UserInfoRgisterData" time="0.073" classname="com.bitnei.apitest.testcases.saas.UserInforRgisterByExcel"/>
  <testcase name="UserInfoQueryData" time="0.061" classname="com.bitnei.apitest.testcases.saas.PostBackSaas"/>
  <testcase name="UserInfoQueryData" time="0.052" classname="com.bitnei.apitest.testcases.saas.PostBackSaas"/>
  <testcase name="UserInfoQueryData" time="0.046" classname="com.bitnei.apitest.testcases.saas.PostBackSaas"/>
  <testcase name="UserInfoQueryData" time="0.08" classname="com.bitnei.apitest.testcases.saas.PostBackSaas">
    <failure type="net.sf.json.JSONException" message="A JSONArray text must start with &amp;apos;[&amp;apos; at character 1 of invalid_token: aa4ee45e-e981-4eae-a501-1d9671638577=&amp;gt;/user-center/tenant/list">
      <![CDATA[net.sf.json.JSONException: A JSONArray text must start with '[' at character 1 of invalid_token: aa4ee45e-e981-4eae-a501-1d9671638577=>/user-center/tenant/list
at net.sf.json.util.JSONTokener.syntaxError(JSONTokener.java:499)
at net.sf.json.JSONArray._fromJSONTokener(JSONArray.java:1116)
at net.sf.json.JSONArray._fromString(JSONArray.java:1197)
at net.sf.json.JSONArray.fromObject(JSONArray.java:127)
at net.sf.json.JSONArray.fromObject(JSONArray.java:105)
at com.bitnei.apitest.tool.DiffMethod.diffFormatJson(DiffMethod.java:285)
at com.bitnei.apitest.tool.DiffMethod.diffFormatJson(DiffMethod.java:237)
at com.bitnei.apitest.testcases.saas.PostBackSaas.UserInfoQueryData(PostBackSaas.java:77)
at sun.reflect.NativeMethodAccessorImpl.invoke0(Native Method)
at sun.reflect.NativeMethodAccessorImpl.invoke(Unknown Source)
at sun.reflect.DelegatingMethodAccessorImpl.invoke(Unknown Source)
at java.lang.reflect.Method.invoke(Unknown Source)
at org.testng.internal.MethodInvocationHelper.invokeMethod(MethodInvocationHelper.java:124)
at org.testng.internal.Invoker.invokeMethod(Invoker.java:580)
at org.testng.internal.Invoker.invokeTestMethod(Invoker.java:716)
at org.testng.internal.Invoker.invokeTestMethods(Invoker.java:988)
at org.testng.internal.TestMethodWorker.invokeTestMethods(TestMethodWorker.java:125)
at org.testng.internal.TestMethodWorker.run(TestMethodWorker.java:109)
at java.util.concurrent.ThreadPoolExecutor.runWorker(Unknown Source)
at java.util.concurrent.ThreadPoolExecutor$Worker.run(Unknown Source)
at java.lang.Thread.run(Unknown Source)
]]>
    </failure>
  </testcase> <!-- UserInfoQueryData -->
  <testcase name="UserInfoQueryData" time="0.05" classname="com.bitnei.apitest.testcases.saas.PostBackSaas">
    <failure type="net.sf.json.JSONException" message="A JSONArray text must start with &amp;apos;[&amp;apos; at character 1 of invalid_token: aa4ee45e-e981-4eae-a501-1d9671638577=&amp;gt;/user-center/tenant/list">
      <![CDATA[net.sf.json.JSONException: A JSONArray text must start with '[' at character 1 of invalid_token: aa4ee45e-e981-4eae-a501-1d9671638577=>/user-center/tenant/list
at net.sf.json.util.JSONTokener.syntaxError(JSONTokener.java:499)
at net.sf.json.JSONArray._fromJSONTokener(JSONArray.java:1116)
at net.sf.json.JSONArray._fromString(JSONArray.java:1197)
at net.sf.json.JSONArray.fromObject(JSONArray.java:127)
at net.sf.json.JSONArray.fromObject(JSONArray.java:105)
at com.bitnei.apitest.tool.DiffMethod.diffFormatJson(DiffMethod.java:285)
at com.bitnei.apitest.tool.DiffMethod.diffFormatJson(DiffMethod.java:237)
at com.bitnei.apitest.testcases.saas.PostBackSaas.UserInfoQueryData(PostBackSaas.java:77)
at sun.reflect.NativeMethodAccessorImpl.invoke0(Native Method)
at sun.reflect.NativeMethodAccessorImpl.invoke(Unknown Source)
at sun.reflect.DelegatingMethodAccessorImpl.invoke(Unknown Source)
at java.lang.reflect.Method.invoke(Unknown Source)
at org.testng.internal.MethodInvocationHelper.invokeMethod(MethodInvocationHelper.java:124)
at org.testng.internal.Invoker.invokeMethod(Invoker.java:580)
at org.testng.internal.Invoker.invokeTestMethod(Invoker.java:716)
at org.testng.internal.Invoker.invokeTestMethods(Invoker.java:988)
at org.testng.internal.TestMethodWorker.invokeTestMethods(TestMethodWorker.java:125)
at org.testng.internal.TestMethodWorker.run(TestMethodWorker.java:109)
at java.util.concurrent.ThreadPoolExecutor.runWorker(Unknown Source)
at java.util.concurrent.ThreadPoolExecutor$Worker.run(Unknown Source)
at java.lang.Thread.run(Unknown Source)
]]>
    </failure>
  </testcase> <!-- UserInfoQueryData -->
  <testcase name="UserInfoQueryData" time="0.104" classname="com.bitnei.apitest.testcases.saas.PostBackSaas">
    <failure type="java.lang.AssertionError" message="expected [{}] but found [{&amp;quot;status&amp;quot;:{&amp;quot;currentValue is &amp;quot;:401,&amp;quot;expectedValue is&amp;quot;:400},&amp;quot;data&amp;quot;:{&amp;quot;currentValue is &amp;quot;:&amp;quot;invalid_token: aa4ee45e-e981-4eae-a501-1d9671638577=&amp;gt;/user-center/tenant&amp;quot;,&amp;quot;expectedValue is&amp;quot;:400,&amp;quot;expectedValue is &amp;quot;:&amp;quot;用户hangang@bitnei.cn已经存在&amp;quot;}}]">
      <![CDATA[java.lang.AssertionError: expected [{}] but found [{"status":{"currentValue is ":401,"expectedValue is":400},"data":{"currentValue is ":"invalid_token: aa4ee45e-e981-4eae-a501-1d9671638577=>/user-center/tenant","expectedValue is":400,"expectedValue is ":"用户hangang@bitnei.cn已经存在"}}]
at org.testng.Assert.fail(Assert.java:96)
at org.testng.Assert.failNotEquals(Assert.java:776)
at org.testng.Assert.assertEqualsImpl(Assert.java:137)
at org.testng.Assert.assertEquals(Assert.java:118)
at org.testng.Assert.assertEquals(Assert.java:453)
at org.testng.Assert.assertEquals(Assert.java:463)
at com.bitnei.apitest.testcases.saas.PostBackSaas.UserInfoQueryData(PostBackSaas.java:79)
at sun.reflect.NativeMethodAccessorImpl.invoke0(Native Method)
at sun.reflect.NativeMethodAccessorImpl.invoke(Unknown Source)
at sun.reflect.DelegatingMethodAccessorImpl.invoke(Unknown Source)
at java.lang.reflect.Method.invoke(Unknown Source)
at org.testng.internal.MethodInvocationHelper.invokeMethod(MethodInvocationHelper.java:124)
at org.testng.internal.Invoker.invokeMethod(Invoker.java:580)
at org.testng.internal.Invoker.invokeTestMethod(Invoker.java:716)
at org.testng.internal.Invoker.invokeTestMethods(Invoker.java:988)
at org.testng.internal.TestMethodWorker.invokeTestMethods(TestMethodWorker.java:125)
at org.testng.internal.TestMethodWorker.run(TestMethodWorker.java:109)
at java.util.concurrent.ThreadPoolExecutor.runWorker(Unknown Source)
at java.util.concurrent.ThreadPoolExecutor$Worker.run(Unknown Source)
at java.lang.Thread.run(Unknown Source)
]]>
    </failure>
  </testcase> <!-- UserInfoQueryData -->
</testsuite> <!-- SAAS -->
