<?xml version="1.0" encoding="UTF-8"?>
<!-- Generated by org.testng.reporters.JUnitReportReporter -->
<testsuite skipped="0" hostname="DESKTOP-Q37MKND" name="com.bitnei.apitest.testcases.saas.ApiTest" tests="142" failures="18" timestamp="12 四月 2021 07:30:04 GMT" time="6.286" errors="0">
  <testcase name="ApiTestCode" time="0.026" classname="com.bitnei.apitest.testcases.saas.ApiTest"/>
  <testcase name="ApiTestCode" time="0.031" classname="com.bitnei.apitest.testcases.saas.ApiTest"/>
  <testcase name="ApiTestCode" time="0.086" classname="com.bitnei.apitest.testcases.saas.ApiTest"/>
  <testcase name="ApiTestCode" time="0.033" classname="com.bitnei.apitest.testcases.saas.ApiTest"/>
  <testcase name="ApiTestCode" time="0.024" classname="com.bitnei.apitest.testcases.saas.ApiTest"/>
  <testcase name="ApiTestCode" time="0.028" classname="com.bitnei.apitest.testcases.saas.ApiTest"/>
  <testcase name="ApiTestCode" time="0.029" classname="com.bitnei.apitest.testcases.saas.ApiTest"/>
  <testcase name="ApiTestCode" time="0.037" classname="com.bitnei.apitest.testcases.saas.ApiTest"/>
  <testcase name="ApiTestCode" time="0.032" classname="com.bitnei.apitest.testcases.saas.ApiTest"/>
  <testcase name="ApiTestCode" time="0.071" classname="com.bitnei.apitest.testcases.saas.ApiTest"/>
  <testcase name="ApiTestCode" time="0.025" classname="com.bitnei.apitest.testcases.saas.ApiTest">
    <failure type="java.lang.AssertionError" message="expected [{}] but found [{&quot;error&quot;:{&quot;currentValue is &quot;:true,&quot;expectedValue is&quot;:false},&quot;code&quot;:{&quot;currentValue is &quot;:&quot;40000&quot;,&quot;expectedValue is&quot;:false,&quot;expectedValue is &quot;:&quot;10000&quot;}}]">
      <![CDATA[java.lang.AssertionError: expected [{}] but found [{"error":{"currentValue is ":true,"expectedValue is":false},"code":{"currentValue is ":"40000","expectedValue is":false,"expectedValue is ":"10000"}}]
at org.testng.Assert.fail(Assert.java:96)
at org.testng.Assert.failNotEquals(Assert.java:776)
at org.testng.Assert.assertEqualsImpl(Assert.java:137)
at org.testng.Assert.assertEquals(Assert.java:118)
at org.testng.Assert.assertEquals(Assert.java:453)
at org.testng.Assert.assertEquals(Assert.java:463)
at com.bitnei.apitest.testcases.saas.ApiTest.ApiTestCode(ApiTest.java:101)
at sun.reflect.GeneratedMethodAccessor2.invoke(Unknown Source)
at sun.reflect.DelegatingMethodAccessorImpl.invoke(DelegatingMethodAccessorImpl.java:43)
at java.lang.reflect.Method.invoke(Method.java:498)
at org.testng.internal.MethodInvocationHelper.invokeMethod(MethodInvocationHelper.java:124)
at org.testng.internal.Invoker.invokeMethod(Invoker.java:580)
at org.testng.internal.Invoker.invokeTestMethod(Invoker.java:716)
at org.testng.internal.Invoker.invokeTestMethods(Invoker.java:988)
at org.testng.internal.TestMethodWorker.invokeTestMethods(TestMethodWorker.java:125)
at org.testng.internal.TestMethodWorker.run(TestMethodWorker.java:109)
at org.testng.TestRunner.privateRun(TestRunner.java:648)
at org.testng.TestRunner.run(TestRunner.java:505)
at org.testng.SuiteRunner.runTest(SuiteRunner.java:455)
at org.testng.SuiteRunner.runSequentially(SuiteRunner.java:450)
at org.testng.SuiteRunner.privateRun(SuiteRunner.java:415)
at org.testng.SuiteRunner.run(SuiteRunner.java:364)
at org.testng.SuiteRunnerWorker.runSuite(SuiteRunnerWorker.java:52)
at org.testng.SuiteRunnerWorker.run(SuiteRunnerWorker.java:84)
at org.testng.TestNG.runSuitesSequentially(TestNG.java:1208)
at org.testng.TestNG.runSuitesLocally(TestNG.java:1137)
at org.testng.TestNG.runSuites(TestNG.java:1049)
at org.testng.TestNG.run(TestNG.java:1017)
at org.testng.remote.AbstractRemoteTestNG.run(AbstractRemoteTestNG.java:114)
at org.testng.remote.RemoteTestNG.initAndRun(RemoteTestNG.java:251)
at org.testng.remote.RemoteTestNG.main(RemoteTestNG.java:77)
]]>
    </failure>
  </testcase> <!-- ApiTestCode -->
  <testcase name="ApiTestCode" time="0.034" classname="com.bitnei.apitest.testcases.saas.ApiTest"/>
  <testcase name="ApiTestCode" time="0.030" classname="com.bitnei.apitest.testcases.saas.ApiTest"/>
  <testcase name="ApiTestCode" time="0.030" classname="com.bitnei.apitest.testcases.saas.ApiTest"/>
  <testcase name="ApiTestCode" time="0.123" classname="com.bitnei.apitest.testcases.saas.ApiTest"/>
  <testcase name="ApiTestCode" time="0.034" classname="com.bitnei.apitest.testcases.saas.ApiTest"/>
  <testcase name="ApiTestCode" time="0.026" classname="com.bitnei.apitest.testcases.saas.ApiTest"/>
  <testcase name="ApiTestCode" time="0.042" classname="com.bitnei.apitest.testcases.saas.ApiTest"/>
  <testcase name="ApiTestCode" time="0.022" classname="com.bitnei.apitest.testcases.saas.ApiTest"/>
  <testcase name="ApiTestCode" time="0.100" classname="com.bitnei.apitest.testcases.saas.ApiTest"/>
  <testcase name="ApiTestCode" time="0.030" classname="com.bitnei.apitest.testcases.saas.ApiTest"/>
  <testcase name="ApiTestCode" time="0.049" classname="com.bitnei.apitest.testcases.saas.ApiTest"/>
  <testcase name="ApiTestCode" time="0.036" classname="com.bitnei.apitest.testcases.saas.ApiTest"/>
  <testcase name="ApiTestCode" time="0.031" classname="com.bitnei.apitest.testcases.saas.ApiTest"/>
  <testcase name="ApiTestCode" time="0.027" classname="com.bitnei.apitest.testcases.saas.ApiTest"/>
  <testcase name="ApiTestCode" time="0.056" classname="com.bitnei.apitest.testcases.saas.ApiTest"/>
  <testcase name="ApiTestCode" time="0.033" classname="com.bitnei.apitest.testcases.saas.ApiTest"/>
  <testcase name="ApiTestCode" time="0.035" classname="com.bitnei.apitest.testcases.saas.ApiTest"/>
  <testcase name="ApiTestCode" time="0.034" classname="com.bitnei.apitest.testcases.saas.ApiTest"/>
  <testcase name="ApiTestCode" time="0.023" classname="com.bitnei.apitest.testcases.saas.ApiTest"/>
  <testcase name="ApiTestCode" time="0.030" classname="com.bitnei.apitest.testcases.saas.ApiTest"/>
  <testcase name="ApiTestCode" time="0.029" classname="com.bitnei.apitest.testcases.saas.ApiTest">
    <failure type="java.lang.AssertionError" message="expected [{}] but found [{&quot;data&quot;:{&quot;actualValue&quot;:null,&quot;expectedValue&quot;:{&quot;vin&quot;:&quot;LNBSCC3H5HF323314&quot;,&quot;brand&quot;:&quot;北京牌&quot;,&quot;manufacturer&quot;:&quot;北京汽车股份有限公司&quot;,&quot;power_type&quot;:&quot;纯电动&quot;,&quot;license_plate&quot;:&quot;沪AD88753&quot;,&quot;veh_model_name&quot;:&quot;BJ7000C5E2-BEV&quot;,&quot;veh_common_name&quot;:&quot;EU260&quot;,&quot;curb_weight&quot;:1613,&quot;max_speed&quot;:100,&quot;drive_range&quot;:252,&quot;positive_material&quot;:&quot;层状三元材料&quot;,&quot;cell_manufacturer&quot;:&quot;宁德时代新能源科技股份有限公司&quot;,&quot;kwh_100km&quot;:null,&quot;is_online&quot;:1,&quot;first_live_date&quot;:&quot;2020-03-22&quot;,&quot;run_city&quot;:&quot;上海市&quot;,&quot;run_province&quot;:&quot;上海市&quot;,&quot;veh_category_2&quot;:&quot;网约车&quot;,&quot;unit_name&quot;:&quot;上海强生出租汽车有限公司&quot;,&quot;veh_level&quot;:&quot;A&quot;,&quot;first_run_date&quot;:&quot;1584850157000&quot;,&quot;first_charge_date&quot;:&quot;1584865537000&quot;}},&quot;vin&quot;:{&quot;actualKey&quot;:&quot;不存在此vin&quot;,&quot;expectedKey&quot;:&quot;vin&quot;},&quot;brand&quot;:{&quot;actualKey&quot;:&quot;不存在此brand&quot;,&quot;expectedKey&quot;:&quot;brand&quot;},&quot;manufacturer&quot;:{&quot;actualKey&quot;:&quot;不存在此manufacturer&quot;,&quot;expectedKey&quot;:&quot;manufacturer&quot;},&quot;power_type&quot;:{&quot;actualKey&quot;:&quot;不存在此power_type&quot;,&quot;expectedKey&quot;:&quot;power_type&quot;},&quot;license_plate&quot;:{&quot;actualKey&quot;:&quot;不存在此license_plate&quot;,&quot;expectedKey&quot;:&quot;license_plate&quot;},&quot;veh_model_name&quot;:{&quot;actualKey&quot;:&quot;不存在此veh_model_name&quot;,&quot;expectedKey&quot;:&quot;veh_model_name&quot;},&quot;veh_common_name&quot;:{&quot;actualKey&quot;:&quot;不存在此veh_common_name&quot;,&quot;expectedKey&quot;:&quot;veh_common_name&quot;},&quot;curb_weight&quot;:{&quot;actualKey&quot;:&quot;不存在此curb_weight&quot;,&quot;expectedKey&quot;:&quot;curb_weight&quot;},&quot;max_speed&quot;:{&quot;actualKey&quot;:&quot;不存在此max_speed&quot;,&quot;expectedKey&quot;:&quot;max_speed&quot;},&quot;drive_range&quot;:{&quot;actualKey&quot;:&quot;不存在此drive_range&quot;,&quot;expectedKey&quot;:&quot;drive_range&quot;},&quot;positive_material&quot;:{&quot;actualKey&quot;:&quot;不存在此positive_material&quot;,&quot;expectedKey&quot;:&quot;positive_material&quot;},&quot;cell_manufacturer&quot;:{&quot;actualKey&quot;:&quot;不存在此cell_manufacturer&quot;,&quot;expectedKey&quot;:&quot;cell_manufacturer&quot;},&quot;kwh_100km&quot;:{&quot;actualKey&quot;:&quot;不存在此kwh_100km&quot;,&quot;expectedKey&quot;:&quot;kwh_100km&quot;},&quot;is_online&quot;:{&quot;actualKey&quot;:&quot;不存在此is_online&quot;,&quot;expectedKey&quot;:&quot;is_online&quot;},&quot;first_live_date&quot;:{&quot;actualKey&quot;:&quot;不存在此first_live_date&quot;,&quot;expectedKey&quot;:&quot;first_live_date&quot;},&quot;run_city&quot;:{&quot;actualKey&quot;:&quot;不存在此run_city&quot;,&quot;expectedKey&quot;:&quot;run_city&quot;},&quot;run_province&quot;:{&quot;actualKey&quot;:&quot;不存在此run_province&quot;,&quot;expectedKey&quot;:&quot;run_province&quot;},&quot;veh_category_2&quot;:{&quot;actualKey&quot;:&quot;不存在此veh_category_2&quot;,&quot;expectedKey&quot;:&quot;veh_category_2&quot;},&quot;unit_name&quot;:{&quot;actualKey&quot;:&quot;不存在此unit_name&quot;,&quot;expectedKey&quot;:&quot;unit_name&quot;},&quot;veh_level&quot;:{&quot;actualKey&quot;:&quot;不存在此veh_level&quot;,&quot;expectedKey&quot;:&quot;veh_level&quot;},&quot;first_run_date&quot;:{&quot;actualKey&quot;:&quot;不存在此first_run_date&quot;,&quot;expectedKey&quot;:&quot;first_run_date&quot;},&quot;first_charge_date&quot;:{&quot;actualKey&quot;:&quot;不存在此first_charge_date&quot;,&quot;expectedKey&quot;:&quot;first_charge_date&quot;},&quot;error&quot;:{&quot;actualValue&quot;:null,&quot;expectedValue&quot;:{&quot;vin&quot;:&quot;LNBSCC3H5HF323314&quot;,&quot;brand&quot;:&quot;北京牌&quot;,&quot;manufacturer&quot;:&quot;北京汽车股份有限公司&quot;,&quot;power_type&quot;:&quot;纯电动&quot;,&quot;license_plate&quot;:&quot;沪AD88753&quot;,&quot;veh_model_name&quot;:&quot;BJ7000C5E2-BEV&quot;,&quot;veh_common_name&quot;:&quot;EU260&quot;,&quot;curb_weight&quot;:1613,&quot;max_speed&quot;:100,&quot;drive_range&quot;:252,&quot;positive_material&quot;:&quot;层状三元材料&quot;,&quot;cell_manufacturer&quot;:&quot;宁德时代新能源科技股份有限公司&quot;,&quot;kwh_100km&quot;:null,&quot;is_online&quot;:1,&quot;first_live_date&quot;:&quot;2020-03-22&quot;,&quot;run_city&quot;:&quot;上海市&quot;,&quot;run_province&quot;:&quot;上海市&quot;,&quot;veh_category_2&quot;:&quot;网约车&quot;,&quot;unit_name&quot;:&quot;上海强生出租汽车有限公司&quot;,&quot;veh_level&quot;:&quot;A&quot;,&quot;first_run_date&quot;:&quot;1584850157000&quot;,&quot;first_charge_date&quot;:&quot;1584865537000&quot;},&quot;currentValue is &quot;:true,&quot;expectedValue is&quot;:false},&quot;code&quot;:{&quot;actualValue&quot;:null,&quot;expectedValue&quot;:{&quot;vin&quot;:&quot;LNBSCC3H5HF323314&quot;,&quot;brand&quot;:&quot;北京牌&quot;,&quot;manufacturer&quot;:&quot;北京汽车股份有限公司&quot;,&quot;power_type&quot;:&quot;纯电动&quot;,&quot;license_plate&quot;:&quot;沪AD88753&quot;,&quot;veh_model_name&quot;:&quot;BJ7000C5E2-BEV&quot;,&quot;veh_common_name&quot;:&quot;EU260&quot;,&quot;curb_weight&quot;:1613,&quot;max_speed&quot;:100,&quot;drive_range&quot;:252,&quot;positive_material&quot;:&quot;层状三元材料&quot;,&quot;cell_manufacturer&quot;:&quot;宁德时代新能源科技股份有限公司&quot;,&quot;kwh_100km&quot;:null,&quot;is_online&quot;:1,&quot;first_live_date&quot;:&quot;2020-03-22&quot;,&quot;run_city&quot;:&quot;上海市&quot;,&quot;run_province&quot;:&quot;上海市&quot;,&quot;veh_category_2&quot;:&quot;网约车&quot;,&quot;unit_name&quot;:&quot;上海强生出租汽车有限公司&quot;,&quot;veh_level&quot;:&quot;A&quot;,&quot;first_run_date&quot;:&quot;1584850157000&quot;,&quot;first_charge_date&quot;:&quot;1584865537000&quot;},&quot;currentValue is &quot;:&quot;40000&quot;,&quot;expectedValue is&quot;:false,&quot;expectedValue is &quot;:&quot;10000&quot;}}]">
      <![CDATA[java.lang.AssertionError: expected [{}] but found [{"data":{"actualValue":null,"expectedValue":{"vin":"LNBSCC3H5HF323314","brand":"北京牌","manufacturer":"北京汽车股份有限公司","power_type":"纯电动","license_plate":"沪AD88753","veh_model_name":"BJ7000C5E2-BEV","veh_common_name":"EU260","curb_weight":1613,"max_speed":100,"drive_range":252,"positive_material":"层状三元材料","cell_manufacturer":"宁德时代新能源科技股份有限公司","kwh_100km":null,"is_online":1,"first_live_date":"2020-03-22","run_city":"上海市","run_province":"上海市","veh_category_2":"网约车","unit_name":"上海强生出租汽车有限公司","veh_level":"A","first_run_date":"1584850157000","first_charge_date":"1584865537000"}},"vin":{"actualKey":"不存在此vin","expectedKey":"vin"},"brand":{"actualKey":"不存在此brand","expectedKey":"brand"},"manufacturer":{"actualKey":"不存在此manufacturer","expectedKey":"manufacturer"},"power_type":{"actualKey":"不存在此power_type","expectedKey":"power_type"},"license_plate":{"actualKey":"不存在此license_plate","expectedKey":"license_plate"},"veh_model_name":{"actualKey":"不存在此veh_model_name","expectedKey":"veh_model_name"},"veh_common_name":{"actualKey":"不存在此veh_common_name","expectedKey":"veh_common_name"},"curb_weight":{"actualKey":"不存在此curb_weight","expectedKey":"curb_weight"},"max_speed":{"actualKey":"不存在此max_speed","expectedKey":"max_speed"},"drive_range":{"actualKey":"不存在此drive_range","expectedKey":"drive_range"},"positive_material":{"actualKey":"不存在此positive_material","expectedKey":"positive_material"},"cell_manufacturer":{"actualKey":"不存在此cell_manufacturer","expectedKey":"cell_manufacturer"},"kwh_100km":{"actualKey":"不存在此kwh_100km","expectedKey":"kwh_100km"},"is_online":{"actualKey":"不存在此is_online","expectedKey":"is_online"},"first_live_date":{"actualKey":"不存在此first_live_date","expectedKey":"first_live_date"},"run_city":{"actualKey":"不存在此run_city","expectedKey":"run_city"},"run_province":{"actualKey":"不存在此run_province","expectedKey":"run_province"},"veh_category_2":{"actualKey":"不存在此veh_category_2","expectedKey":"veh_category_2"},"unit_name":{"actualKey":"不存在此unit_name","expectedKey":"unit_name"},"veh_level":{"actualKey":"不存在此veh_level","expectedKey":"veh_level"},"first_run_date":{"actualKey":"不存在此first_run_date","expectedKey":"first_run_date"},"first_charge_date":{"actualKey":"不存在此first_charge_date","expectedKey":"first_charge_date"},"error":{"actualValue":null,"expectedValue":{"vin":"LNBSCC3H5HF323314","brand":"北京牌","manufacturer":"北京汽车股份有限公司","power_type":"纯电动","license_plate":"沪AD88753","veh_model_name":"BJ7000C5E2-BEV","veh_common_name":"EU260","curb_weight":1613,"max_speed":100,"drive_range":252,"positive_material":"层状三元材料","cell_manufacturer":"宁德时代新能源科技股份有限公司","kwh_100km":null,"is_online":1,"first_live_date":"2020-03-22","run_city":"上海市","run_province":"上海市","veh_category_2":"网约车","unit_name":"上海强生出租汽车有限公司","veh_level":"A","first_run_date":"1584850157000","first_charge_date":"1584865537000"},"currentValue is ":true,"expectedValue is":false},"code":{"actualValue":null,"expectedValue":{"vin":"LNBSCC3H5HF323314","brand":"北京牌","manufacturer":"北京汽车股份有限公司","power_type":"纯电动","license_plate":"沪AD88753","veh_model_name":"BJ7000C5E2-BEV","veh_common_name":"EU260","curb_weight":1613,"max_speed":100,"drive_range":252,"positive_material":"层状三元材料","cell_manufacturer":"宁德时代新能源科技股份有限公司","kwh_100km":null,"is_online":1,"first_live_date":"2020-03-22","run_city":"上海市","run_province":"上海市","veh_category_2":"网约车","unit_name":"上海强生出租汽车有限公司","veh_level":"A","first_run_date":"1584850157000","first_charge_date":"1584865537000"},"currentValue is ":"40000","expectedValue is":false,"expectedValue is ":"10000"}}]
at org.testng.Assert.fail(Assert.java:96)
at org.testng.Assert.failNotEquals(Assert.java:776)
at org.testng.Assert.assertEqualsImpl(Assert.java:137)
at org.testng.Assert.assertEquals(Assert.java:118)
at org.testng.Assert.assertEquals(Assert.java:453)
at org.testng.Assert.assertEquals(Assert.java:463)
at com.bitnei.apitest.testcases.saas.ApiTest.ApiTestCode(ApiTest.java:101)
at sun.reflect.GeneratedMethodAccessor2.invoke(Unknown Source)
at sun.reflect.DelegatingMethodAccessorImpl.invoke(DelegatingMethodAccessorImpl.java:43)
at java.lang.reflect.Method.invoke(Method.java:498)
at org.testng.internal.MethodInvocationHelper.invokeMethod(MethodInvocationHelper.java:124)
at org.testng.internal.Invoker.invokeMethod(Invoker.java:580)
at org.testng.internal.Invoker.invokeTestMethod(Invoker.java:716)
at org.testng.internal.Invoker.invokeTestMethods(Invoker.java:988)
at org.testng.internal.TestMethodWorker.invokeTestMethods(TestMethodWorker.java:125)
at org.testng.internal.TestMethodWorker.run(TestMethodWorker.java:109)
at org.testng.TestRunner.privateRun(TestRunner.java:648)
at org.testng.TestRunner.run(TestRunner.java:505)
at org.testng.SuiteRunner.runTest(SuiteRunner.java:455)
at org.testng.SuiteRunner.runSequentially(SuiteRunner.java:450)
at org.testng.SuiteRunner.privateRun(SuiteRunner.java:415)
at org.testng.SuiteRunner.run(SuiteRunner.java:364)
at org.testng.SuiteRunnerWorker.runSuite(SuiteRunnerWorker.java:52)
at org.testng.SuiteRunnerWorker.run(SuiteRunnerWorker.java:84)
at org.testng.TestNG.runSuitesSequentially(TestNG.java:1208)
at org.testng.TestNG.runSuitesLocally(TestNG.java:1137)
at org.testng.TestNG.runSuites(TestNG.java:1049)
at org.testng.TestNG.run(TestNG.java:1017)
at org.testng.remote.AbstractRemoteTestNG.run(AbstractRemoteTestNG.java:114)
at org.testng.remote.RemoteTestNG.initAndRun(RemoteTestNG.java:251)
at org.testng.remote.RemoteTestNG.main(RemoteTestNG.java:77)
]]>
    </failure>
  </testcase> <!-- ApiTestCode -->
  <testcase name="ApiTestCode" time="0.033" classname="com.bitnei.apitest.testcases.saas.ApiTest"/>
  <testcase name="ApiTestCode" time="0.028" classname="com.bitnei.apitest.testcases.saas.ApiTest"/>
  <testcase name="ApiTestCode" time="0.028" classname="com.bitnei.apitest.testcases.saas.ApiTest"/>
  <testcase name="ApiTestCode" time="0.025" classname="com.bitnei.apitest.testcases.saas.ApiTest"/>
  <testcase name="ApiTestCode" time="0.031" classname="com.bitnei.apitest.testcases.saas.ApiTest"/>
  <testcase name="ApiTestCode" time="0.025" classname="com.bitnei.apitest.testcases.saas.ApiTest"/>
  <testcase name="ApiTestCode" time="0.024" classname="com.bitnei.apitest.testcases.saas.ApiTest"/>
  <testcase name="ApiTestCode" time="0.038" classname="com.bitnei.apitest.testcases.saas.ApiTest">
    <failure type="java.lang.AssertionError" message="expected [{}] but found [{&quot;data&quot;:{&quot;actualValue&quot;:null,&quot;expectedValue&quot;:[{&quot;vin&quot;:&quot;LNAA2AA14K5005789&quot;,&quot;statistic_date&quot;:1580599875000},{&quot;vin&quot;:&quot;LNAA2AA14K5005789&quot;,&quot;statistic_date&quot;:1580602235000},{&quot;vin&quot;:&quot;LNAA2AA14K5005789&quot;,&quot;statistic_date&quot;:1580609895000},{&quot;vin&quot;:&quot;LNAA2AA14K5005789&quot;,&quot;statistic_date&quot;:1580611185000},{&quot;vin&quot;:&quot;LNAA2AA14K5005789&quot;,&quot;statistic_date&quot;:1580611315000}]},&quot;Length&quot;:{&quot;actualLenth&quot;:1,&quot;expectLenth&quot;:5},&quot;vin&quot;:{&quot;actualKey&quot;:&quot;不存在此vin&quot;,&quot;expectedKey&quot;:&quot;vin&quot;},&quot;statistic_date&quot;:{&quot;actualKey&quot;:&quot;不存在此statistic_date&quot;,&quot;expectedKey&quot;:&quot;statistic_date&quot;},&quot;error&quot;:{&quot;actualValue&quot;:null,&quot;expectedValue&quot;:[{&quot;vin&quot;:&quot;LNAA2AA14K5005789&quot;,&quot;statistic_date&quot;:1580599875000},{&quot;vin&quot;:&quot;LNAA2AA14K5005789&quot;,&quot;statistic_date&quot;:1580602235000},{&quot;vin&quot;:&quot;LNAA2AA14K5005789&quot;,&quot;statistic_date&quot;:1580609895000},{&quot;vin&quot;:&quot;LNAA2AA14K5005789&quot;,&quot;statistic_date&quot;:1580611185000},{&quot;vin&quot;:&quot;LNAA2AA14K5005789&quot;,&quot;statistic_date&quot;:1580611315000}],&quot;currentValue is &quot;:true,&quot;expectedValue is&quot;:false},&quot;code&quot;:{&quot;actualValue&quot;:null,&quot;expectedValue&quot;:[{&quot;vin&quot;:&quot;LNAA2AA14K5005789&quot;,&quot;statistic_date&quot;:1580599875000},{&quot;vin&quot;:&quot;LNAA2AA14K5005789&quot;,&quot;statistic_date&quot;:1580602235000},{&quot;vin&quot;:&quot;LNAA2AA14K5005789&quot;,&quot;statistic_date&quot;:1580609895000},{&quot;vin&quot;:&quot;LNAA2AA14K5005789&quot;,&quot;statistic_date&quot;:1580611185000},{&quot;vin&quot;:&quot;LNAA2AA14K5005789&quot;,&quot;statistic_date&quot;:1580611315000}],&quot;currentValue is &quot;:&quot;40000&quot;,&quot;expectedValue is&quot;:false,&quot;expectedValue is &quot;:&quot;10000&quot;}}]">
      <![CDATA[java.lang.AssertionError: expected [{}] but found [{"data":{"actualValue":null,"expectedValue":[{"vin":"LNAA2AA14K5005789","statistic_date":1580599875000},{"vin":"LNAA2AA14K5005789","statistic_date":1580602235000},{"vin":"LNAA2AA14K5005789","statistic_date":1580609895000},{"vin":"LNAA2AA14K5005789","statistic_date":1580611185000},{"vin":"LNAA2AA14K5005789","statistic_date":1580611315000}]},"Length":{"actualLenth":1,"expectLenth":5},"vin":{"actualKey":"不存在此vin","expectedKey":"vin"},"statistic_date":{"actualKey":"不存在此statistic_date","expectedKey":"statistic_date"},"error":{"actualValue":null,"expectedValue":[{"vin":"LNAA2AA14K5005789","statistic_date":1580599875000},{"vin":"LNAA2AA14K5005789","statistic_date":1580602235000},{"vin":"LNAA2AA14K5005789","statistic_date":1580609895000},{"vin":"LNAA2AA14K5005789","statistic_date":1580611185000},{"vin":"LNAA2AA14K5005789","statistic_date":1580611315000}],"currentValue is ":true,"expectedValue is":false},"code":{"actualValue":null,"expectedValue":[{"vin":"LNAA2AA14K5005789","statistic_date":1580599875000},{"vin":"LNAA2AA14K5005789","statistic_date":1580602235000},{"vin":"LNAA2AA14K5005789","statistic_date":1580609895000},{"vin":"LNAA2AA14K5005789","statistic_date":1580611185000},{"vin":"LNAA2AA14K5005789","statistic_date":1580611315000}],"currentValue is ":"40000","expectedValue is":false,"expectedValue is ":"10000"}}]
at org.testng.Assert.fail(Assert.java:96)
at org.testng.Assert.failNotEquals(Assert.java:776)
at org.testng.Assert.assertEqualsImpl(Assert.java:137)
at org.testng.Assert.assertEquals(Assert.java:118)
at org.testng.Assert.assertEquals(Assert.java:453)
at org.testng.Assert.assertEquals(Assert.java:463)
at com.bitnei.apitest.testcases.saas.ApiTest.ApiTestCode(ApiTest.java:101)
at sun.reflect.GeneratedMethodAccessor2.invoke(Unknown Source)
at sun.reflect.DelegatingMethodAccessorImpl.invoke(DelegatingMethodAccessorImpl.java:43)
at java.lang.reflect.Method.invoke(Method.java:498)
at org.testng.internal.MethodInvocationHelper.invokeMethod(MethodInvocationHelper.java:124)
at org.testng.internal.Invoker.invokeMethod(Invoker.java:580)
at org.testng.internal.Invoker.invokeTestMethod(Invoker.java:716)
at org.testng.internal.Invoker.invokeTestMethods(Invoker.java:988)
at org.testng.internal.TestMethodWorker.invokeTestMethods(TestMethodWorker.java:125)
at org.testng.internal.TestMethodWorker.run(TestMethodWorker.java:109)
at org.testng.TestRunner.privateRun(TestRunner.java:648)
at org.testng.TestRunner.run(TestRunner.java:505)
at org.testng.SuiteRunner.runTest(SuiteRunner.java:455)
at org.testng.SuiteRunner.runSequentially(SuiteRunner.java:450)
at org.testng.SuiteRunner.privateRun(SuiteRunner.java:415)
at org.testng.SuiteRunner.run(SuiteRunner.java:364)
at org.testng.SuiteRunnerWorker.runSuite(SuiteRunnerWorker.java:52)
at org.testng.SuiteRunnerWorker.run(SuiteRunnerWorker.java:84)
at org.testng.TestNG.runSuitesSequentially(TestNG.java:1208)
at org.testng.TestNG.runSuitesLocally(TestNG.java:1137)
at org.testng.TestNG.runSuites(TestNG.java:1049)
at org.testng.TestNG.run(TestNG.java:1017)
at org.testng.remote.AbstractRemoteTestNG.run(AbstractRemoteTestNG.java:114)
at org.testng.remote.RemoteTestNG.initAndRun(RemoteTestNG.java:251)
at org.testng.remote.RemoteTestNG.main(RemoteTestNG.java:77)
]]>
    </failure>
  </testcase> <!-- ApiTestCode -->
  <testcase name="ApiTestCode" time="0.041" classname="com.bitnei.apitest.testcases.saas.ApiTest"/>
  <testcase name="ApiTestCode" time="0.025" classname="com.bitnei.apitest.testcases.saas.ApiTest"/>
  <testcase name="ApiTestCode" time="0.045" classname="com.bitnei.apitest.testcases.saas.ApiTest"/>
  <testcase name="ApiTestCode" time="0.028" classname="com.bitnei.apitest.testcases.saas.ApiTest"/>
  <testcase name="ApiTestCode" time="0.030" classname="com.bitnei.apitest.testcases.saas.ApiTest"/>
  <testcase name="ApiTestCode" time="0.030" classname="com.bitnei.apitest.testcases.saas.ApiTest"/>
  <testcase name="ApiTestCode" time="0.027" classname="com.bitnei.apitest.testcases.saas.ApiTest"/>
  <testcase name="ApiTestCode" time="0.050" classname="com.bitnei.apitest.testcases.saas.ApiTest">
    <failure type="java.lang.AssertionError" message="expected [{}] but found [{&quot;status&quot;:{&quot;currentValue is &quot;:200,&quot;expectedValue is&quot;:400},&quot;errorMsg&quot;:{&quot;currentValue is &quot;:&quot;Forwarding error&quot;,&quot;expectedValue is&quot;:400,&quot;expectedValue is &quot;:&quot;statisticDate 日期格式不正确(yyyy-MM-dd)&quot;},&quot;code&quot;:{&quot;currentValue is &quot;:&quot;40000&quot;,&quot;expectedValue is&quot;:400,&quot;expectedValue is &quot;:&quot;30001&quot;}}]">
      <![CDATA[java.lang.AssertionError: expected [{}] but found [{"status":{"currentValue is ":200,"expectedValue is":400},"errorMsg":{"currentValue is ":"Forwarding error","expectedValue is":400,"expectedValue is ":"statisticDate 日期格式不正确(yyyy-MM-dd)"},"code":{"currentValue is ":"40000","expectedValue is":400,"expectedValue is ":"30001"}}]
at org.testng.Assert.fail(Assert.java:96)
at org.testng.Assert.failNotEquals(Assert.java:776)
at org.testng.Assert.assertEqualsImpl(Assert.java:137)
at org.testng.Assert.assertEquals(Assert.java:118)
at org.testng.Assert.assertEquals(Assert.java:453)
at org.testng.Assert.assertEquals(Assert.java:463)
at com.bitnei.apitest.testcases.saas.ApiTest.ApiTestCode(ApiTest.java:101)
at sun.reflect.GeneratedMethodAccessor2.invoke(Unknown Source)
at sun.reflect.DelegatingMethodAccessorImpl.invoke(DelegatingMethodAccessorImpl.java:43)
at java.lang.reflect.Method.invoke(Method.java:498)
at org.testng.internal.MethodInvocationHelper.invokeMethod(MethodInvocationHelper.java:124)
at org.testng.internal.Invoker.invokeMethod(Invoker.java:580)
at org.testng.internal.Invoker.invokeTestMethod(Invoker.java:716)
at org.testng.internal.Invoker.invokeTestMethods(Invoker.java:988)
at org.testng.internal.TestMethodWorker.invokeTestMethods(TestMethodWorker.java:125)
at org.testng.internal.TestMethodWorker.run(TestMethodWorker.java:109)
at org.testng.TestRunner.privateRun(TestRunner.java:648)
at org.testng.TestRunner.run(TestRunner.java:505)
at org.testng.SuiteRunner.runTest(SuiteRunner.java:455)
at org.testng.SuiteRunner.runSequentially(SuiteRunner.java:450)
at org.testng.SuiteRunner.privateRun(SuiteRunner.java:415)
at org.testng.SuiteRunner.run(SuiteRunner.java:364)
at org.testng.SuiteRunnerWorker.runSuite(SuiteRunnerWorker.java:52)
at org.testng.SuiteRunnerWorker.run(SuiteRunnerWorker.java:84)
at org.testng.TestNG.runSuitesSequentially(TestNG.java:1208)
at org.testng.TestNG.runSuitesLocally(TestNG.java:1137)
at org.testng.TestNG.runSuites(TestNG.java:1049)
at org.testng.TestNG.run(TestNG.java:1017)
at org.testng.remote.AbstractRemoteTestNG.run(AbstractRemoteTestNG.java:114)
at org.testng.remote.RemoteTestNG.initAndRun(RemoteTestNG.java:251)
at org.testng.remote.RemoteTestNG.main(RemoteTestNG.java:77)
]]>
    </failure>
  </testcase> <!-- ApiTestCode -->
  <testcase name="ApiTestCode" time="0.024" classname="com.bitnei.apitest.testcases.saas.ApiTest"/>
  <testcase name="ApiTestCode" time="0.034" classname="com.bitnei.apitest.testcases.saas.ApiTest"/>
  <testcase name="ApiTestCode" time="0.022" classname="com.bitnei.apitest.testcases.saas.ApiTest"/>
  <testcase name="ApiTestCode" time="0.148" classname="com.bitnei.apitest.testcases.saas.ApiTest"/>
  <testcase name="ApiTestCode" time="0.034" classname="com.bitnei.apitest.testcases.saas.ApiTest"/>
  <testcase name="ApiTestCode" time="0.033" classname="com.bitnei.apitest.testcases.saas.ApiTest"/>
  <testcase name="ApiTestCode" time="0.046" classname="com.bitnei.apitest.testcases.saas.ApiTest"/>
  <testcase name="ApiTestCode" time="0.050" classname="com.bitnei.apitest.testcases.saas.ApiTest"/>
  <testcase name="ApiTestCode" time="0.029" classname="com.bitnei.apitest.testcases.saas.ApiTest"/>
  <testcase name="ApiTestCode" time="0.096" classname="com.bitnei.apitest.testcases.saas.ApiTest"/>
  <testcase name="ApiTestCode" time="0.057" classname="com.bitnei.apitest.testcases.saas.ApiTest"/>
  <testcase name="ApiTestCode" time="0.030" classname="com.bitnei.apitest.testcases.saas.ApiTest">
    <failure type="java.lang.AssertionError" message="expected [{}] but found [{&quot;error&quot;:{&quot;currentValue is &quot;:true,&quot;expectedValue is&quot;:false},&quot;code&quot;:{&quot;currentValue is &quot;:&quot;40000&quot;,&quot;expectedValue is&quot;:false,&quot;expectedValue is &quot;:&quot;35000&quot;}}]">
      <![CDATA[java.lang.AssertionError: expected [{}] but found [{"error":{"currentValue is ":true,"expectedValue is":false},"code":{"currentValue is ":"40000","expectedValue is":false,"expectedValue is ":"35000"}}]
at org.testng.Assert.fail(Assert.java:96)
at org.testng.Assert.failNotEquals(Assert.java:776)
at org.testng.Assert.assertEqualsImpl(Assert.java:137)
at org.testng.Assert.assertEquals(Assert.java:118)
at org.testng.Assert.assertEquals(Assert.java:453)
at org.testng.Assert.assertEquals(Assert.java:463)
at com.bitnei.apitest.testcases.saas.ApiTest.ApiTestCode(ApiTest.java:101)
at sun.reflect.GeneratedMethodAccessor2.invoke(Unknown Source)
at sun.reflect.DelegatingMethodAccessorImpl.invoke(DelegatingMethodAccessorImpl.java:43)
at java.lang.reflect.Method.invoke(Method.java:498)
at org.testng.internal.MethodInvocationHelper.invokeMethod(MethodInvocationHelper.java:124)
at org.testng.internal.Invoker.invokeMethod(Invoker.java:580)
at org.testng.internal.Invoker.invokeTestMethod(Invoker.java:716)
at org.testng.internal.Invoker.invokeTestMethods(Invoker.java:988)
at org.testng.internal.TestMethodWorker.invokeTestMethods(TestMethodWorker.java:125)
at org.testng.internal.TestMethodWorker.run(TestMethodWorker.java:109)
at org.testng.TestRunner.privateRun(TestRunner.java:648)
at org.testng.TestRunner.run(TestRunner.java:505)
at org.testng.SuiteRunner.runTest(SuiteRunner.java:455)
at org.testng.SuiteRunner.runSequentially(SuiteRunner.java:450)
at org.testng.SuiteRunner.privateRun(SuiteRunner.java:415)
at org.testng.SuiteRunner.run(SuiteRunner.java:364)
at org.testng.SuiteRunnerWorker.runSuite(SuiteRunnerWorker.java:52)
at org.testng.SuiteRunnerWorker.run(SuiteRunnerWorker.java:84)
at org.testng.TestNG.runSuitesSequentially(TestNG.java:1208)
at org.testng.TestNG.runSuitesLocally(TestNG.java:1137)
at org.testng.TestNG.runSuites(TestNG.java:1049)
at org.testng.TestNG.run(TestNG.java:1017)
at org.testng.remote.AbstractRemoteTestNG.run(AbstractRemoteTestNG.java:114)
at org.testng.remote.RemoteTestNG.initAndRun(RemoteTestNG.java:251)
at org.testng.remote.RemoteTestNG.main(RemoteTestNG.java:77)
]]>
    </failure>
  </testcase> <!-- ApiTestCode -->
  <testcase name="ApiTestCode" time="0.033" classname="com.bitnei.apitest.testcases.saas.ApiTest">
    <failure type="java.lang.AssertionError" message="expected [{}] but found [{&quot;error&quot;:{&quot;currentValue is &quot;:true,&quot;expectedValue is&quot;:false},&quot;code&quot;:{&quot;currentValue is &quot;:&quot;40000&quot;,&quot;expectedValue is&quot;:false,&quot;expectedValue is &quot;:&quot;35000&quot;}}]">
      <![CDATA[java.lang.AssertionError: expected [{}] but found [{"error":{"currentValue is ":true,"expectedValue is":false},"code":{"currentValue is ":"40000","expectedValue is":false,"expectedValue is ":"35000"}}]
at org.testng.Assert.fail(Assert.java:96)
at org.testng.Assert.failNotEquals(Assert.java:776)
at org.testng.Assert.assertEqualsImpl(Assert.java:137)
at org.testng.Assert.assertEquals(Assert.java:118)
at org.testng.Assert.assertEquals(Assert.java:453)
at org.testng.Assert.assertEquals(Assert.java:463)
at com.bitnei.apitest.testcases.saas.ApiTest.ApiTestCode(ApiTest.java:101)
at sun.reflect.GeneratedMethodAccessor2.invoke(Unknown Source)
at sun.reflect.DelegatingMethodAccessorImpl.invoke(DelegatingMethodAccessorImpl.java:43)
at java.lang.reflect.Method.invoke(Method.java:498)
at org.testng.internal.MethodInvocationHelper.invokeMethod(MethodInvocationHelper.java:124)
at org.testng.internal.Invoker.invokeMethod(Invoker.java:580)
at org.testng.internal.Invoker.invokeTestMethod(Invoker.java:716)
at org.testng.internal.Invoker.invokeTestMethods(Invoker.java:988)
at org.testng.internal.TestMethodWorker.invokeTestMethods(TestMethodWorker.java:125)
at org.testng.internal.TestMethodWorker.run(TestMethodWorker.java:109)
at org.testng.TestRunner.privateRun(TestRunner.java:648)
at org.testng.TestRunner.run(TestRunner.java:505)
at org.testng.SuiteRunner.runTest(SuiteRunner.java:455)
at org.testng.SuiteRunner.runSequentially(SuiteRunner.java:450)
at org.testng.SuiteRunner.privateRun(SuiteRunner.java:415)
at org.testng.SuiteRunner.run(SuiteRunner.java:364)
at org.testng.SuiteRunnerWorker.runSuite(SuiteRunnerWorker.java:52)
at org.testng.SuiteRunnerWorker.run(SuiteRunnerWorker.java:84)
at org.testng.TestNG.runSuitesSequentially(TestNG.java:1208)
at org.testng.TestNG.runSuitesLocally(TestNG.java:1137)
at org.testng.TestNG.runSuites(TestNG.java:1049)
at org.testng.TestNG.run(TestNG.java:1017)
at org.testng.remote.AbstractRemoteTestNG.run(AbstractRemoteTestNG.java:114)
at org.testng.remote.RemoteTestNG.initAndRun(RemoteTestNG.java:251)
at org.testng.remote.RemoteTestNG.main(RemoteTestNG.java:77)
]]>
    </failure>
  </testcase> <!-- ApiTestCode -->
  <testcase name="ApiTestCode" time="0.053" classname="com.bitnei.apitest.testcases.saas.ApiTest"/>
  <testcase name="ApiTestCode" time="0.050" classname="com.bitnei.apitest.testcases.saas.ApiTest"/>
  <testcase name="ApiTestCode" time="0.055" classname="com.bitnei.apitest.testcases.saas.ApiTest"/>
  <testcase name="ApiTestCode" time="0.027" classname="com.bitnei.apitest.testcases.saas.ApiTest"/>
  <testcase name="ApiTestCode" time="0.033" classname="com.bitnei.apitest.testcases.saas.ApiTest"/>
  <testcase name="ApiTestCode" time="0.028" classname="com.bitnei.apitest.testcases.saas.ApiTest"/>
  <testcase name="ApiTestCode" time="0.028" classname="com.bitnei.apitest.testcases.saas.ApiTest"/>
  <testcase name="ApiTestCode" time="0.027" classname="com.bitnei.apitest.testcases.saas.ApiTest"/>
  <testcase name="ApiTestCode" time="0.029" classname="com.bitnei.apitest.testcases.saas.ApiTest"/>
  <testcase name="ApiTestCode" time="0.032" classname="com.bitnei.apitest.testcases.saas.ApiTest">
    <failure type="java.lang.AssertionError" message="expected [{}] but found [{&quot;error&quot;:{&quot;currentValue is &quot;:true,&quot;expectedValue is&quot;:false},&quot;code&quot;:{&quot;currentValue is &quot;:&quot;40000&quot;,&quot;expectedValue is&quot;:false,&quot;expectedValue is &quot;:&quot;35000&quot;}}]">
      <![CDATA[java.lang.AssertionError: expected [{}] but found [{"error":{"currentValue is ":true,"expectedValue is":false},"code":{"currentValue is ":"40000","expectedValue is":false,"expectedValue is ":"35000"}}]
at org.testng.Assert.fail(Assert.java:96)
at org.testng.Assert.failNotEquals(Assert.java:776)
at org.testng.Assert.assertEqualsImpl(Assert.java:137)
at org.testng.Assert.assertEquals(Assert.java:118)
at org.testng.Assert.assertEquals(Assert.java:453)
at org.testng.Assert.assertEquals(Assert.java:463)
at com.bitnei.apitest.testcases.saas.ApiTest.ApiTestCode(ApiTest.java:101)
at sun.reflect.GeneratedMethodAccessor2.invoke(Unknown Source)
at sun.reflect.DelegatingMethodAccessorImpl.invoke(DelegatingMethodAccessorImpl.java:43)
at java.lang.reflect.Method.invoke(Method.java:498)
at org.testng.internal.MethodInvocationHelper.invokeMethod(MethodInvocationHelper.java:124)
at org.testng.internal.Invoker.invokeMethod(Invoker.java:580)
at org.testng.internal.Invoker.invokeTestMethod(Invoker.java:716)
at org.testng.internal.Invoker.invokeTestMethods(Invoker.java:988)
at org.testng.internal.TestMethodWorker.invokeTestMethods(TestMethodWorker.java:125)
at org.testng.internal.TestMethodWorker.run(TestMethodWorker.java:109)
at org.testng.TestRunner.privateRun(TestRunner.java:648)
at org.testng.TestRunner.run(TestRunner.java:505)
at org.testng.SuiteRunner.runTest(SuiteRunner.java:455)
at org.testng.SuiteRunner.runSequentially(SuiteRunner.java:450)
at org.testng.SuiteRunner.privateRun(SuiteRunner.java:415)
at org.testng.SuiteRunner.run(SuiteRunner.java:364)
at org.testng.SuiteRunnerWorker.runSuite(SuiteRunnerWorker.java:52)
at org.testng.SuiteRunnerWorker.run(SuiteRunnerWorker.java:84)
at org.testng.TestNG.runSuitesSequentially(TestNG.java:1208)
at org.testng.TestNG.runSuitesLocally(TestNG.java:1137)
at org.testng.TestNG.runSuites(TestNG.java:1049)
at org.testng.TestNG.run(TestNG.java:1017)
at org.testng.remote.AbstractRemoteTestNG.run(AbstractRemoteTestNG.java:114)
at org.testng.remote.RemoteTestNG.initAndRun(RemoteTestNG.java:251)
at org.testng.remote.RemoteTestNG.main(RemoteTestNG.java:77)
]]>
    </failure>
  </testcase> <!-- ApiTestCode -->
  <testcase name="ApiTestCode" time="0.031" classname="com.bitnei.apitest.testcases.saas.ApiTest"/>
  <testcase name="ApiTestCode" time="0.039" classname="com.bitnei.apitest.testcases.saas.ApiTest"/>
  <testcase name="ApiTestCode" time="0.059" classname="com.bitnei.apitest.testcases.saas.ApiTest">
    <failure type="java.lang.AssertionError" message="expected [{}] but found [{&quot;error&quot;:{&quot;currentValue is &quot;:true,&quot;expectedValue is&quot;:false},&quot;code&quot;:{&quot;currentValue is &quot;:&quot;40000&quot;,&quot;expectedValue is&quot;:false,&quot;expectedValue is &quot;:&quot;35000&quot;}}]">
      <![CDATA[java.lang.AssertionError: expected [{}] but found [{"error":{"currentValue is ":true,"expectedValue is":false},"code":{"currentValue is ":"40000","expectedValue is":false,"expectedValue is ":"35000"}}]
at org.testng.Assert.fail(Assert.java:96)
at org.testng.Assert.failNotEquals(Assert.java:776)
at org.testng.Assert.assertEqualsImpl(Assert.java:137)
at org.testng.Assert.assertEquals(Assert.java:118)
at org.testng.Assert.assertEquals(Assert.java:453)
at org.testng.Assert.assertEquals(Assert.java:463)
at com.bitnei.apitest.testcases.saas.ApiTest.ApiTestCode(ApiTest.java:101)
at sun.reflect.GeneratedMethodAccessor2.invoke(Unknown Source)
at sun.reflect.DelegatingMethodAccessorImpl.invoke(DelegatingMethodAccessorImpl.java:43)
at java.lang.reflect.Method.invoke(Method.java:498)
at org.testng.internal.MethodInvocationHelper.invokeMethod(MethodInvocationHelper.java:124)
at org.testng.internal.Invoker.invokeMethod(Invoker.java:580)
at org.testng.internal.Invoker.invokeTestMethod(Invoker.java:716)
at org.testng.internal.Invoker.invokeTestMethods(Invoker.java:988)
at org.testng.internal.TestMethodWorker.invokeTestMethods(TestMethodWorker.java:125)
at org.testng.internal.TestMethodWorker.run(TestMethodWorker.java:109)
at org.testng.TestRunner.privateRun(TestRunner.java:648)
at org.testng.TestRunner.run(TestRunner.java:505)
at org.testng.SuiteRunner.runTest(SuiteRunner.java:455)
at org.testng.SuiteRunner.runSequentially(SuiteRunner.java:450)
at org.testng.SuiteRunner.privateRun(SuiteRunner.java:415)
at org.testng.SuiteRunner.run(SuiteRunner.java:364)
at org.testng.SuiteRunnerWorker.runSuite(SuiteRunnerWorker.java:52)
at org.testng.SuiteRunnerWorker.run(SuiteRunnerWorker.java:84)
at org.testng.TestNG.runSuitesSequentially(TestNG.java:1208)
at org.testng.TestNG.runSuitesLocally(TestNG.java:1137)
at org.testng.TestNG.runSuites(TestNG.java:1049)
at org.testng.TestNG.run(TestNG.java:1017)
at org.testng.remote.AbstractRemoteTestNG.run(AbstractRemoteTestNG.java:114)
at org.testng.remote.RemoteTestNG.initAndRun(RemoteTestNG.java:251)
at org.testng.remote.RemoteTestNG.main(RemoteTestNG.java:77)
]]>
    </failure>
  </testcase> <!-- ApiTestCode -->
  <testcase name="ApiTestCode" time="0.029" classname="com.bitnei.apitest.testcases.saas.ApiTest"/>
  <testcase name="ApiTestCode" time="0.024" classname="com.bitnei.apitest.testcases.saas.ApiTest">
    <failure type="java.lang.AssertionError" message="expected [{}] but found [{&quot;status&quot;:{&quot;currentValue is &quot;:200,&quot;expectedValue is&quot;:400},&quot;errorMsg&quot;:{&quot;currentValue is &quot;:&quot;Forwarding error&quot;,&quot;expectedValue is&quot;:400,&quot;expectedValue is &quot;:&quot;参数vin和licensePlate至少传一个&quot;},&quot;code&quot;:{&quot;currentValue is &quot;:&quot;40000&quot;,&quot;expectedValue is&quot;:400,&quot;expectedValue is &quot;:&quot;30001&quot;}}]">
      <![CDATA[java.lang.AssertionError: expected [{}] but found [{"status":{"currentValue is ":200,"expectedValue is":400},"errorMsg":{"currentValue is ":"Forwarding error","expectedValue is":400,"expectedValue is ":"参数vin和licensePlate至少传一个"},"code":{"currentValue is ":"40000","expectedValue is":400,"expectedValue is ":"30001"}}]
at org.testng.Assert.fail(Assert.java:96)
at org.testng.Assert.failNotEquals(Assert.java:776)
at org.testng.Assert.assertEqualsImpl(Assert.java:137)
at org.testng.Assert.assertEquals(Assert.java:118)
at org.testng.Assert.assertEquals(Assert.java:453)
at org.testng.Assert.assertEquals(Assert.java:463)
at com.bitnei.apitest.testcases.saas.ApiTest.ApiTestCode(ApiTest.java:101)
at sun.reflect.GeneratedMethodAccessor2.invoke(Unknown Source)
at sun.reflect.DelegatingMethodAccessorImpl.invoke(DelegatingMethodAccessorImpl.java:43)
at java.lang.reflect.Method.invoke(Method.java:498)
at org.testng.internal.MethodInvocationHelper.invokeMethod(MethodInvocationHelper.java:124)
at org.testng.internal.Invoker.invokeMethod(Invoker.java:580)
at org.testng.internal.Invoker.invokeTestMethod(Invoker.java:716)
at org.testng.internal.Invoker.invokeTestMethods(Invoker.java:988)
at org.testng.internal.TestMethodWorker.invokeTestMethods(TestMethodWorker.java:125)
at org.testng.internal.TestMethodWorker.run(TestMethodWorker.java:109)
at org.testng.TestRunner.privateRun(TestRunner.java:648)
at org.testng.TestRunner.run(TestRunner.java:505)
at org.testng.SuiteRunner.runTest(SuiteRunner.java:455)
at org.testng.SuiteRunner.runSequentially(SuiteRunner.java:450)
at org.testng.SuiteRunner.privateRun(SuiteRunner.java:415)
at org.testng.SuiteRunner.run(SuiteRunner.java:364)
at org.testng.SuiteRunnerWorker.runSuite(SuiteRunnerWorker.java:52)
at org.testng.SuiteRunnerWorker.run(SuiteRunnerWorker.java:84)
at org.testng.TestNG.runSuitesSequentially(TestNG.java:1208)
at org.testng.TestNG.runSuitesLocally(TestNG.java:1137)
at org.testng.TestNG.runSuites(TestNG.java:1049)
at org.testng.TestNG.run(TestNG.java:1017)
at org.testng.remote.AbstractRemoteTestNG.run(AbstractRemoteTestNG.java:114)
at org.testng.remote.RemoteTestNG.initAndRun(RemoteTestNG.java:251)
at org.testng.remote.RemoteTestNG.main(RemoteTestNG.java:77)
]]>
    </failure>
  </testcase> <!-- ApiTestCode -->
  <testcase name="ApiTestCode" time="0.022" classname="com.bitnei.apitest.testcases.saas.ApiTest"/>
  <testcase name="ApiTestCode" time="0.024" classname="com.bitnei.apitest.testcases.saas.ApiTest"/>
  <testcase name="ApiTestCode" time="0.066" classname="com.bitnei.apitest.testcases.saas.ApiTest"/>
  <testcase name="ApiTestCode" time="0.059" classname="com.bitnei.apitest.testcases.saas.ApiTest"/>
  <testcase name="ApiTestCode" time="0.023" classname="com.bitnei.apitest.testcases.saas.ApiTest">
    <failure type="java.lang.AssertionError" message="expected [{}] but found [{&quot;error&quot;:{&quot;currentValue is &quot;:true,&quot;expectedValue is&quot;:false},&quot;code&quot;:{&quot;currentValue is &quot;:&quot;40000&quot;,&quot;expectedValue is&quot;:false,&quot;expectedValue is &quot;:&quot;35000&quot;}}]">
      <![CDATA[java.lang.AssertionError: expected [{}] but found [{"error":{"currentValue is ":true,"expectedValue is":false},"code":{"currentValue is ":"40000","expectedValue is":false,"expectedValue is ":"35000"}}]
at org.testng.Assert.fail(Assert.java:96)
at org.testng.Assert.failNotEquals(Assert.java:776)
at org.testng.Assert.assertEqualsImpl(Assert.java:137)
at org.testng.Assert.assertEquals(Assert.java:118)
at org.testng.Assert.assertEquals(Assert.java:453)
at org.testng.Assert.assertEquals(Assert.java:463)
at com.bitnei.apitest.testcases.saas.ApiTest.ApiTestCode(ApiTest.java:101)
at sun.reflect.GeneratedMethodAccessor2.invoke(Unknown Source)
at sun.reflect.DelegatingMethodAccessorImpl.invoke(DelegatingMethodAccessorImpl.java:43)
at java.lang.reflect.Method.invoke(Method.java:498)
at org.testng.internal.MethodInvocationHelper.invokeMethod(MethodInvocationHelper.java:124)
at org.testng.internal.Invoker.invokeMethod(Invoker.java:580)
at org.testng.internal.Invoker.invokeTestMethod(Invoker.java:716)
at org.testng.internal.Invoker.invokeTestMethods(Invoker.java:988)
at org.testng.internal.TestMethodWorker.invokeTestMethods(TestMethodWorker.java:125)
at org.testng.internal.TestMethodWorker.run(TestMethodWorker.java:109)
at org.testng.TestRunner.privateRun(TestRunner.java:648)
at org.testng.TestRunner.run(TestRunner.java:505)
at org.testng.SuiteRunner.runTest(SuiteRunner.java:455)
at org.testng.SuiteRunner.runSequentially(SuiteRunner.java:450)
at org.testng.SuiteRunner.privateRun(SuiteRunner.java:415)
at org.testng.SuiteRunner.run(SuiteRunner.java:364)
at org.testng.SuiteRunnerWorker.runSuite(SuiteRunnerWorker.java:52)
at org.testng.SuiteRunnerWorker.run(SuiteRunnerWorker.java:84)
at org.testng.TestNG.runSuitesSequentially(TestNG.java:1208)
at org.testng.TestNG.runSuitesLocally(TestNG.java:1137)
at org.testng.TestNG.runSuites(TestNG.java:1049)
at org.testng.TestNG.run(TestNG.java:1017)
at org.testng.remote.AbstractRemoteTestNG.run(AbstractRemoteTestNG.java:114)
at org.testng.remote.RemoteTestNG.initAndRun(RemoteTestNG.java:251)
at org.testng.remote.RemoteTestNG.main(RemoteTestNG.java:77)
]]>
    </failure>
  </testcase> <!-- ApiTestCode -->
  <testcase name="ApiTestCode" time="0.083" classname="com.bitnei.apitest.testcases.saas.ApiTest"/>
  <testcase name="ApiTestCode" time="0.046" classname="com.bitnei.apitest.testcases.saas.ApiTest"/>
  <testcase name="ApiTestCode" time="0.033" classname="com.bitnei.apitest.testcases.saas.ApiTest"/>
  <testcase name="ApiTestCode" time="0.305" classname="com.bitnei.apitest.testcases.saas.ApiTest"/>
  <testcase name="ApiTestCode" time="0.026" classname="com.bitnei.apitest.testcases.saas.ApiTest"/>
  <testcase name="ApiTestCode" time="0.024" classname="com.bitnei.apitest.testcases.saas.ApiTest"/>
  <testcase name="ApiTestCode" time="0.075" classname="com.bitnei.apitest.testcases.saas.ApiTest">
    <failure type="java.lang.AssertionError" message="expected [{}] but found [{&quot;error&quot;:{&quot;currentValue is &quot;:true,&quot;expectedValue is&quot;:false},&quot;code&quot;:{&quot;currentValue is &quot;:&quot;40000&quot;,&quot;expectedValue is&quot;:false,&quot;expectedValue is &quot;:&quot;35000&quot;}}]">
      <![CDATA[java.lang.AssertionError: expected [{}] but found [{"error":{"currentValue is ":true,"expectedValue is":false},"code":{"currentValue is ":"40000","expectedValue is":false,"expectedValue is ":"35000"}}]
at org.testng.Assert.fail(Assert.java:96)
at org.testng.Assert.failNotEquals(Assert.java:776)
at org.testng.Assert.assertEqualsImpl(Assert.java:137)
at org.testng.Assert.assertEquals(Assert.java:118)
at org.testng.Assert.assertEquals(Assert.java:453)
at org.testng.Assert.assertEquals(Assert.java:463)
at com.bitnei.apitest.testcases.saas.ApiTest.ApiTestCode(ApiTest.java:101)
at sun.reflect.GeneratedMethodAccessor2.invoke(Unknown Source)
at sun.reflect.DelegatingMethodAccessorImpl.invoke(DelegatingMethodAccessorImpl.java:43)
at java.lang.reflect.Method.invoke(Method.java:498)
at org.testng.internal.MethodInvocationHelper.invokeMethod(MethodInvocationHelper.java:124)
at org.testng.internal.Invoker.invokeMethod(Invoker.java:580)
at org.testng.internal.Invoker.invokeTestMethod(Invoker.java:716)
at org.testng.internal.Invoker.invokeTestMethods(Invoker.java:988)
at org.testng.internal.TestMethodWorker.invokeTestMethods(TestMethodWorker.java:125)
at org.testng.internal.TestMethodWorker.run(TestMethodWorker.java:109)
at org.testng.TestRunner.privateRun(TestRunner.java:648)
at org.testng.TestRunner.run(TestRunner.java:505)
at org.testng.SuiteRunner.runTest(SuiteRunner.java:455)
at org.testng.SuiteRunner.runSequentially(SuiteRunner.java:450)
at org.testng.SuiteRunner.privateRun(SuiteRunner.java:415)
at org.testng.SuiteRunner.run(SuiteRunner.java:364)
at org.testng.SuiteRunnerWorker.runSuite(SuiteRunnerWorker.java:52)
at org.testng.SuiteRunnerWorker.run(SuiteRunnerWorker.java:84)
at org.testng.TestNG.runSuitesSequentially(TestNG.java:1208)
at org.testng.TestNG.runSuitesLocally(TestNG.java:1137)
at org.testng.TestNG.runSuites(TestNG.java:1049)
at org.testng.TestNG.run(TestNG.java:1017)
at org.testng.remote.AbstractRemoteTestNG.run(AbstractRemoteTestNG.java:114)
at org.testng.remote.RemoteTestNG.initAndRun(RemoteTestNG.java:251)
at org.testng.remote.RemoteTestNG.main(RemoteTestNG.java:77)
]]>
    </failure>
  </testcase> <!-- ApiTestCode -->
  <testcase name="ApiTestCode" time="0.149" classname="com.bitnei.apitest.testcases.saas.ApiTest"/>
  <testcase name="ApiTestCode" time="0.037" classname="com.bitnei.apitest.testcases.saas.ApiTest"/>
  <testcase name="ApiTestCode" time="0.036" classname="com.bitnei.apitest.testcases.saas.ApiTest"/>
  <testcase name="ApiTestCode" time="0.036" classname="com.bitnei.apitest.testcases.saas.ApiTest"/>
  <testcase name="ApiTestCode" time="0.162" classname="com.bitnei.apitest.testcases.saas.ApiTest"/>
  <testcase name="ApiTestCode" time="0.025" classname="com.bitnei.apitest.testcases.saas.ApiTest"/>
  <testcase name="ApiTestCode" time="0.052" classname="com.bitnei.apitest.testcases.saas.ApiTest"/>
  <testcase name="ApiTestCode" time="0.043" classname="com.bitnei.apitest.testcases.saas.ApiTest">
    <failure type="java.lang.AssertionError" message="expected [{}] but found [{&quot;status&quot;:{&quot;currentValue is &quot;:200,&quot;expectedValue is&quot;:400},&quot;errorMsg&quot;:{&quot;currentValue is &quot;:&quot;Forwarding error&quot;,&quot;expectedValue is&quot;:400,&quot;expectedValue is &quot;:&quot;此车不在查询范围内&quot;},&quot;code&quot;:{&quot;currentValue is &quot;:&quot;40000&quot;,&quot;expectedValue is&quot;:400,&quot;expectedValue is &quot;:&quot;30004&quot;}}]">
      <![CDATA[java.lang.AssertionError: expected [{}] but found [{"status":{"currentValue is ":200,"expectedValue is":400},"errorMsg":{"currentValue is ":"Forwarding error","expectedValue is":400,"expectedValue is ":"此车不在查询范围内"},"code":{"currentValue is ":"40000","expectedValue is":400,"expectedValue is ":"30004"}}]
at org.testng.Assert.fail(Assert.java:96)
at org.testng.Assert.failNotEquals(Assert.java:776)
at org.testng.Assert.assertEqualsImpl(Assert.java:137)
at org.testng.Assert.assertEquals(Assert.java:118)
at org.testng.Assert.assertEquals(Assert.java:453)
at org.testng.Assert.assertEquals(Assert.java:463)
at com.bitnei.apitest.testcases.saas.ApiTest.ApiTestCode(ApiTest.java:101)
at sun.reflect.GeneratedMethodAccessor2.invoke(Unknown Source)
at sun.reflect.DelegatingMethodAccessorImpl.invoke(DelegatingMethodAccessorImpl.java:43)
at java.lang.reflect.Method.invoke(Method.java:498)
at org.testng.internal.MethodInvocationHelper.invokeMethod(MethodInvocationHelper.java:124)
at org.testng.internal.Invoker.invokeMethod(Invoker.java:580)
at org.testng.internal.Invoker.invokeTestMethod(Invoker.java:716)
at org.testng.internal.Invoker.invokeTestMethods(Invoker.java:988)
at org.testng.internal.TestMethodWorker.invokeTestMethods(TestMethodWorker.java:125)
at org.testng.internal.TestMethodWorker.run(TestMethodWorker.java:109)
at org.testng.TestRunner.privateRun(TestRunner.java:648)
at org.testng.TestRunner.run(TestRunner.java:505)
at org.testng.SuiteRunner.runTest(SuiteRunner.java:455)
at org.testng.SuiteRunner.runSequentially(SuiteRunner.java:450)
at org.testng.SuiteRunner.privateRun(SuiteRunner.java:415)
at org.testng.SuiteRunner.run(SuiteRunner.java:364)
at org.testng.SuiteRunnerWorker.runSuite(SuiteRunnerWorker.java:52)
at org.testng.SuiteRunnerWorker.run(SuiteRunnerWorker.java:84)
at org.testng.TestNG.runSuitesSequentially(TestNG.java:1208)
at org.testng.TestNG.runSuitesLocally(TestNG.java:1137)
at org.testng.TestNG.runSuites(TestNG.java:1049)
at org.testng.TestNG.run(TestNG.java:1017)
at org.testng.remote.AbstractRemoteTestNG.run(AbstractRemoteTestNG.java:114)
at org.testng.remote.RemoteTestNG.initAndRun(RemoteTestNG.java:251)
at org.testng.remote.RemoteTestNG.main(RemoteTestNG.java:77)
]]>
    </failure>
  </testcase> <!-- ApiTestCode -->
  <testcase name="ApiTestCode" time="0.027" classname="com.bitnei.apitest.testcases.saas.ApiTest"/>
  <testcase name="ApiTestCode" time="0.035" classname="com.bitnei.apitest.testcases.saas.ApiTest"/>
  <testcase name="ApiTestCode" time="0.033" classname="com.bitnei.apitest.testcases.saas.ApiTest"/>
  <testcase name="ApiTestCode" time="0.037" classname="com.bitnei.apitest.testcases.saas.ApiTest"/>
  <testcase name="ApiTestCode" time="0.025" classname="com.bitnei.apitest.testcases.saas.ApiTest"/>
  <testcase name="ApiTestCode" time="0.042" classname="com.bitnei.apitest.testcases.saas.ApiTest"/>
  <testcase name="ApiTestCode" time="0.037" classname="com.bitnei.apitest.testcases.saas.ApiTest"/>
  <testcase name="ApiTestCode" time="0.031" classname="com.bitnei.apitest.testcases.saas.ApiTest"/>
  <testcase name="ApiTestCode" time="0.067" classname="com.bitnei.apitest.testcases.saas.ApiTest">
    <failure type="java.lang.AssertionError" message="expected [{}] but found [{&quot;error&quot;:{&quot;currentValue is &quot;:true,&quot;expectedValue is&quot;:false},&quot;code&quot;:{&quot;currentValue is &quot;:&quot;40000&quot;,&quot;expectedValue is&quot;:false,&quot;expectedValue is &quot;:&quot;10000&quot;}}]">
      <![CDATA[java.lang.AssertionError: expected [{}] but found [{"error":{"currentValue is ":true,"expectedValue is":false},"code":{"currentValue is ":"40000","expectedValue is":false,"expectedValue is ":"10000"}}]
at org.testng.Assert.fail(Assert.java:96)
at org.testng.Assert.failNotEquals(Assert.java:776)
at org.testng.Assert.assertEqualsImpl(Assert.java:137)
at org.testng.Assert.assertEquals(Assert.java:118)
at org.testng.Assert.assertEquals(Assert.java:453)
at org.testng.Assert.assertEquals(Assert.java:463)
at com.bitnei.apitest.testcases.saas.ApiTest.ApiTestCode(ApiTest.java:101)
at sun.reflect.GeneratedMethodAccessor2.invoke(Unknown Source)
at sun.reflect.DelegatingMethodAccessorImpl.invoke(DelegatingMethodAccessorImpl.java:43)
at java.lang.reflect.Method.invoke(Method.java:498)
at org.testng.internal.MethodInvocationHelper.invokeMethod(MethodInvocationHelper.java:124)
at org.testng.internal.Invoker.invokeMethod(Invoker.java:580)
at org.testng.internal.Invoker.invokeTestMethod(Invoker.java:716)
at org.testng.internal.Invoker.invokeTestMethods(Invoker.java:988)
at org.testng.internal.TestMethodWorker.invokeTestMethods(TestMethodWorker.java:125)
at org.testng.internal.TestMethodWorker.run(TestMethodWorker.java:109)
at org.testng.TestRunner.privateRun(TestRunner.java:648)
at org.testng.TestRunner.run(TestRunner.java:505)
at org.testng.SuiteRunner.runTest(SuiteRunner.java:455)
at org.testng.SuiteRunner.runSequentially(SuiteRunner.java:450)
at org.testng.SuiteRunner.privateRun(SuiteRunner.java:415)
at org.testng.SuiteRunner.run(SuiteRunner.java:364)
at org.testng.SuiteRunnerWorker.runSuite(SuiteRunnerWorker.java:52)
at org.testng.SuiteRunnerWorker.run(SuiteRunnerWorker.java:84)
at org.testng.TestNG.runSuitesSequentially(TestNG.java:1208)
at org.testng.TestNG.runSuitesLocally(TestNG.java:1137)
at org.testng.TestNG.runSuites(TestNG.java:1049)
at org.testng.TestNG.run(TestNG.java:1017)
at org.testng.remote.AbstractRemoteTestNG.run(AbstractRemoteTestNG.java:114)
at org.testng.remote.RemoteTestNG.initAndRun(RemoteTestNG.java:251)
at org.testng.remote.RemoteTestNG.main(RemoteTestNG.java:77)
]]>
    </failure>
  </testcase> <!-- ApiTestCode -->
  <testcase name="ApiTestCode" time="0.036" classname="com.bitnei.apitest.testcases.saas.ApiTest"/>
  <testcase name="ApiTestCode" time="0.035" classname="com.bitnei.apitest.testcases.saas.ApiTest">
    <failure type="java.lang.AssertionError" message="expected [{}] but found [{&quot;data&quot;:{&quot;actualValue&quot;:null,&quot;expectedValue&quot;:{&quot;vin&quot;:&quot;LJ1EEKPP1J7410252&quot;,&quot;brand&quot;:&quot;江淮牌&quot;,&quot;power_type&quot;:&quot;纯电动&quot;,&quot;veh_model_name&quot;:&quot;HFC7000W3EV&quot;,&quot;drive_range&quot;:156,&quot;positive_material&quot;:&quot;橄榄石型磷酸铁锂材料&quot;,&quot;cell_manufacturer&quot;:&quot;合肥国轩高科动力能源有限公司&quot;,&quot;kwh_100km&quot;:13,&quot;is_online&quot;:1,&quot;run_location&quot;:&quot;江西省九江市瑞昌市&quot;,&quot;province_dept&quot;:&quot;安徽省&quot;,&quot;city_dept&quot;:&quot;合肥市&quot;,&quot;veh_category_2&quot;:&quot;私人乘用车&quot;,&quot;first_run_date&quot;:&quot;2018-11-24&quot;,&quot;first_charge_date&quot;:&quot;2018-12-08&quot;,&quot;total_run_mile&quot;:61981,&quot;total_high_temp_run_mile&quot;:1058,&quot;total_low_temp_run_mile&quot;:0,&quot;total_low_soc_run_times&quot;:1,&quot;avg_daily_run_mile&quot;:300.87863,&quot;avg_daily_run_time_length&quot;:3511.2234,&quot;avg_charge_times_per_100km&quot;:1.0487084,&quot;avg_charge_start_soc&quot;:47.353848,&quot;avg_charge_end_soc&quot;:96.30769,&quot;last_charge_time&quot;:&quot;2020-06-26&quot;,&quot;last_charge_location&quot;:&quot;江西省九江市&quot;,&quot;total_alarm_times&quot;:null,&quot;max_alarm_name&quot;:null,&quot;risk_score&quot;:0,&quot;total_night_run_mile&quot;:16516,&quot;total_night_run_time_length&quot;:187797,&quot;total_summer_run_mile&quot;:12907,&quot;total_winter_run_mile&quot;:10454,&quot;charge_times&quot;:65,&quot;fast_charge_times&quot;:1,&quot;avg_run_speed&quot;:385.1281,&quot;max_run_speed&quot;:1072,&quot;avg_charge_time_length&quot;:14396.8,&quot;latest_dashboard_mile&quot;:111309,&quot;total_run_times&quot;:516}},&quot;vin&quot;:{&quot;actualKey&quot;:&quot;不存在此vin&quot;,&quot;expectedKey&quot;:&quot;vin&quot;},&quot;brand&quot;:{&quot;actualKey&quot;:&quot;不存在此brand&quot;,&quot;expectedKey&quot;:&quot;brand&quot;},&quot;power_type&quot;:{&quot;actualKey&quot;:&quot;不存在此power_type&quot;,&quot;expectedKey&quot;:&quot;power_type&quot;},&quot;veh_model_name&quot;:{&quot;actualKey&quot;:&quot;不存在此veh_model_name&quot;,&quot;expectedKey&quot;:&quot;veh_model_name&quot;},&quot;drive_range&quot;:{&quot;actualKey&quot;:&quot;不存在此drive_range&quot;,&quot;expectedKey&quot;:&quot;drive_range&quot;},&quot;positive_material&quot;:{&quot;actualKey&quot;:&quot;不存在此positive_material&quot;,&quot;expectedKey&quot;:&quot;positive_material&quot;},&quot;cell_manufacturer&quot;:{&quot;actualKey&quot;:&quot;不存在此cell_manufacturer&quot;,&quot;expectedKey&quot;:&quot;cell_manufacturer&quot;},&quot;kwh_100km&quot;:{&quot;actualKey&quot;:&quot;不存在此kwh_100km&quot;,&quot;expectedKey&quot;:&quot;kwh_100km&quot;},&quot;is_online&quot;:{&quot;actualKey&quot;:&quot;不存在此is_online&quot;,&quot;expectedKey&quot;:&quot;is_online&quot;},&quot;run_location&quot;:{&quot;actualKey&quot;:&quot;不存在此run_location&quot;,&quot;expectedKey&quot;:&quot;run_location&quot;},&quot;province_dept&quot;:{&quot;actualKey&quot;:&quot;不存在此province_dept&quot;,&quot;expectedKey&quot;:&quot;province_dept&quot;},&quot;city_dept&quot;:{&quot;actualKey&quot;:&quot;不存在此city_dept&quot;,&quot;expectedKey&quot;:&quot;city_dept&quot;},&quot;veh_category_2&quot;:{&quot;actualKey&quot;:&quot;不存在此veh_category_2&quot;,&quot;expectedKey&quot;:&quot;veh_category_2&quot;},&quot;first_run_date&quot;:{&quot;actualKey&quot;:&quot;不存在此first_run_date&quot;,&quot;expectedKey&quot;:&quot;first_run_date&quot;},&quot;first_charge_date&quot;:{&quot;actualKey&quot;:&quot;不存在此first_charge_date&quot;,&quot;expectedKey&quot;:&quot;first_charge_date&quot;},&quot;total_run_mile&quot;:{&quot;actualKey&quot;:&quot;不存在此total_run_mile&quot;,&quot;expectedKey&quot;:&quot;total_run_mile&quot;},&quot;total_high_temp_run_mile&quot;:{&quot;actualKey&quot;:&quot;不存在此total_high_temp_run_mile&quot;,&quot;expectedKey&quot;:&quot;total_high_temp_run_mile&quot;},&quot;total_low_temp_run_mile&quot;:{&quot;actualKey&quot;:&quot;不存在此total_low_temp_run_mile&quot;,&quot;expectedKey&quot;:&quot;total_low_temp_run_mile&quot;},&quot;total_low_soc_run_times&quot;:{&quot;actualKey&quot;:&quot;不存在此total_low_soc_run_times&quot;,&quot;expectedKey&quot;:&quot;total_low_soc_run_times&quot;},&quot;avg_daily_run_mile&quot;:{&quot;actualKey&quot;:&quot;不存在此avg_daily_run_mile&quot;,&quot;expectedKey&quot;:&quot;avg_daily_run_mile&quot;},&quot;avg_daily_run_time_length&quot;:{&quot;actualKey&quot;:&quot;不存在此avg_daily_run_time_length&quot;,&quot;expectedKey&quot;:&quot;avg_daily_run_time_length&quot;},&quot;avg_charge_times_per_100km&quot;:{&quot;actualKey&quot;:&quot;不存在此avg_charge_times_per_100km&quot;,&quot;expectedKey&quot;:&quot;avg_charge_times_per_100km&quot;},&quot;avg_charge_start_soc&quot;:{&quot;actualKey&quot;:&quot;不存在此avg_charge_start_soc&quot;,&quot;expectedKey&quot;:&quot;avg_charge_start_soc&quot;},&quot;avg_charge_end_soc&quot;:{&quot;actualKey&quot;:&quot;不存在此avg_charge_end_soc&quot;,&quot;expectedKey&quot;:&quot;avg_charge_end_soc&quot;},&quot;last_charge_time&quot;:{&quot;actualKey&quot;:&quot;不存在此last_charge_time&quot;,&quot;expectedKey&quot;:&quot;last_charge_time&quot;},&quot;last_charge_location&quot;:{&quot;actualKey&quot;:&quot;不存在此last_charge_location&quot;,&quot;expectedKey&quot;:&quot;last_charge_location&quot;},&quot;total_alarm_times&quot;:{&quot;actualKey&quot;:&quot;不存在此total_alarm_times&quot;,&quot;expectedKey&quot;:&quot;total_alarm_times&quot;},&quot;max_alarm_name&quot;:{&quot;actualKey&quot;:&quot;不存在此max_alarm_name&quot;,&quot;expectedKey&quot;:&quot;max_alarm_name&quot;},&quot;risk_score&quot;:{&quot;actualKey&quot;:&quot;不存在此risk_score&quot;,&quot;expectedKey&quot;:&quot;risk_score&quot;},&quot;total_night_run_mile&quot;:{&quot;actualKey&quot;:&quot;不存在此total_night_run_mile&quot;,&quot;expectedKey&quot;:&quot;total_night_run_mile&quot;},&quot;total_night_run_time_length&quot;:{&quot;actualKey&quot;:&quot;不存在此total_night_run_time_length&quot;,&quot;expectedKey&quot;:&quot;total_night_run_time_length&quot;},&quot;total_summer_run_mile&quot;:{&quot;actualKey&quot;:&quot;不存在此total_summer_run_mile&quot;,&quot;expectedKey&quot;:&quot;total_summer_run_mile&quot;},&quot;total_winter_run_mile&quot;:{&quot;actualKey&quot;:&quot;不存在此total_winter_run_mile&quot;,&quot;expectedKey&quot;:&quot;total_winter_run_mile&quot;},&quot;charge_times&quot;:{&quot;actualKey&quot;:&quot;不存在此charge_times&quot;,&quot;expectedKey&quot;:&quot;charge_times&quot;},&quot;fast_charge_times&quot;:{&quot;actualKey&quot;:&quot;不存在此fast_charge_times&quot;,&quot;expectedKey&quot;:&quot;fast_charge_times&quot;},&quot;avg_run_speed&quot;:{&quot;actualKey&quot;:&quot;不存在此avg_run_speed&quot;,&quot;expectedKey&quot;:&quot;avg_run_speed&quot;},&quot;max_run_speed&quot;:{&quot;actualKey&quot;:&quot;不存在此max_run_speed&quot;,&quot;expectedKey&quot;:&quot;max_run_speed&quot;},&quot;avg_charge_time_length&quot;:{&quot;actualKey&quot;:&quot;不存在此avg_charge_time_length&quot;,&quot;expectedKey&quot;:&quot;avg_charge_time_length&quot;},&quot;latest_dashboard_mile&quot;:{&quot;actualKey&quot;:&quot;不存在此latest_dashboard_mile&quot;,&quot;expectedKey&quot;:&quot;latest_dashboard_mile&quot;},&quot;total_run_times&quot;:{&quot;actualKey&quot;:&quot;不存在此total_run_times&quot;,&quot;expectedKey&quot;:&quot;total_run_times&quot;},&quot;error&quot;:{&quot;actualValue&quot;:null,&quot;expectedValue&quot;:{&quot;vin&quot;:&quot;LJ1EEKPP1J7410252&quot;,&quot;brand&quot;:&quot;江淮牌&quot;,&quot;power_type&quot;:&quot;纯电动&quot;,&quot;veh_model_name&quot;:&quot;HFC7000W3EV&quot;,&quot;drive_range&quot;:156,&quot;positive_material&quot;:&quot;橄榄石型磷酸铁锂材料&quot;,&quot;cell_manufacturer&quot;:&quot;合肥国轩高科动力能源有限公司&quot;,&quot;kwh_100km&quot;:13,&quot;is_online&quot;:1,&quot;run_location&quot;:&quot;江西省九江市瑞昌市&quot;,&quot;province_dept&quot;:&quot;安徽省&quot;,&quot;city_dept&quot;:&quot;合肥市&quot;,&quot;veh_category_2&quot;:&quot;私人乘用车&quot;,&quot;first_run_date&quot;:&quot;2018-11-24&quot;,&quot;first_charge_date&quot;:&quot;2018-12-08&quot;,&quot;total_run_mile&quot;:61981,&quot;total_high_temp_run_mile&quot;:1058,&quot;total_low_temp_run_mile&quot;:0,&quot;total_low_soc_run_times&quot;:1,&quot;avg_daily_run_mile&quot;:300.87863,&quot;avg_daily_run_time_length&quot;:3511.2234,&quot;avg_charge_times_per_100km&quot;:1.0487084,&quot;avg_charge_start_soc&quot;:47.353848,&quot;avg_charge_end_soc&quot;:96.30769,&quot;last_charge_time&quot;:&quot;2020-06-26&quot;,&quot;last_charge_location&quot;:&quot;江西省九江市&quot;,&quot;total_alarm_times&quot;:null,&quot;max_alarm_name&quot;:null,&quot;risk_score&quot;:0,&quot;total_night_run_mile&quot;:16516,&quot;total_night_run_time_length&quot;:187797,&quot;total_summer_run_mile&quot;:12907,&quot;total_winter_run_mile&quot;:10454,&quot;charge_times&quot;:65,&quot;fast_charge_times&quot;:1,&quot;avg_run_speed&quot;:385.1281,&quot;max_run_speed&quot;:1072,&quot;avg_charge_time_length&quot;:14396.8,&quot;latest_dashboard_mile&quot;:111309,&quot;total_run_times&quot;:516},&quot;currentValue is &quot;:true,&quot;expectedValue is&quot;:false},&quot;code&quot;:{&quot;actualValue&quot;:null,&quot;expectedValue&quot;:{&quot;vin&quot;:&quot;LJ1EEKPP1J7410252&quot;,&quot;brand&quot;:&quot;江淮牌&quot;,&quot;power_type&quot;:&quot;纯电动&quot;,&quot;veh_model_name&quot;:&quot;HFC7000W3EV&quot;,&quot;drive_range&quot;:156,&quot;positive_material&quot;:&quot;橄榄石型磷酸铁锂材料&quot;,&quot;cell_manufacturer&quot;:&quot;合肥国轩高科动力能源有限公司&quot;,&quot;kwh_100km&quot;:13,&quot;is_online&quot;:1,&quot;run_location&quot;:&quot;江西省九江市瑞昌市&quot;,&quot;province_dept&quot;:&quot;安徽省&quot;,&quot;city_dept&quot;:&quot;合肥市&quot;,&quot;veh_category_2&quot;:&quot;私人乘用车&quot;,&quot;first_run_date&quot;:&quot;2018-11-24&quot;,&quot;first_charge_date&quot;:&quot;2018-12-08&quot;,&quot;total_run_mile&quot;:61981,&quot;total_high_temp_run_mile&quot;:1058,&quot;total_low_temp_run_mile&quot;:0,&quot;total_low_soc_run_times&quot;:1,&quot;avg_daily_run_mile&quot;:300.87863,&quot;avg_daily_run_time_length&quot;:3511.2234,&quot;avg_charge_times_per_100km&quot;:1.0487084,&quot;avg_charge_start_soc&quot;:47.353848,&quot;avg_charge_end_soc&quot;:96.30769,&quot;last_charge_time&quot;:&quot;2020-06-26&quot;,&quot;last_charge_location&quot;:&quot;江西省九江市&quot;,&quot;total_alarm_times&quot;:null,&quot;max_alarm_name&quot;:null,&quot;risk_score&quot;:0,&quot;total_night_run_mile&quot;:16516,&quot;total_night_run_time_length&quot;:187797,&quot;total_summer_run_mile&quot;:12907,&quot;total_winter_run_mile&quot;:10454,&quot;charge_times&quot;:65,&quot;fast_charge_times&quot;:1,&quot;avg_run_speed&quot;:385.1281,&quot;max_run_speed&quot;:1072,&quot;avg_charge_time_length&quot;:14396.8,&quot;latest_dashboard_mile&quot;:111309,&quot;total_run_times&quot;:516},&quot;currentValue is &quot;:&quot;40000&quot;,&quot;expectedValue is&quot;:false,&quot;expectedValue is &quot;:&quot;10000&quot;}}]">
      <![CDATA[java.lang.AssertionError: expected [{}] but found [{"data":{"actualValue":null,"expectedValue":{"vin":"LJ1EEKPP1J7410252","brand":"江淮牌","power_type":"纯电动","veh_model_name":"HFC7000W3EV","drive_range":156,"positive_material":"橄榄石型磷酸铁锂材料","cell_manufacturer":"合肥国轩高科动力能源有限公司","kwh_100km":13,"is_online":1,"run_location":"江西省九江市瑞昌市","province_dept":"安徽省","city_dept":"合肥市","veh_category_2":"私人乘用车","first_run_date":"2018-11-24","first_charge_date":"2018-12-08","total_run_mile":61981,"total_high_temp_run_mile":1058,"total_low_temp_run_mile":0,"total_low_soc_run_times":1,"avg_daily_run_mile":300.87863,"avg_daily_run_time_length":3511.2234,"avg_charge_times_per_100km":1.0487084,"avg_charge_start_soc":47.353848,"avg_charge_end_soc":96.30769,"last_charge_time":"2020-06-26","last_charge_location":"江西省九江市","total_alarm_times":null,"max_alarm_name":null,"risk_score":0,"total_night_run_mile":16516,"total_night_run_time_length":187797,"total_summer_run_mile":12907,"total_winter_run_mile":10454,"charge_times":65,"fast_charge_times":1,"avg_run_speed":385.1281,"max_run_speed":1072,"avg_charge_time_length":14396.8,"latest_dashboard_mile":111309,"total_run_times":516}},"vin":{"actualKey":"不存在此vin","expectedKey":"vin"},"brand":{"actualKey":"不存在此brand","expectedKey":"brand"},"power_type":{"actualKey":"不存在此power_type","expectedKey":"power_type"},"veh_model_name":{"actualKey":"不存在此veh_model_name","expectedKey":"veh_model_name"},"drive_range":{"actualKey":"不存在此drive_range","expectedKey":"drive_range"},"positive_material":{"actualKey":"不存在此positive_material","expectedKey":"positive_material"},"cell_manufacturer":{"actualKey":"不存在此cell_manufacturer","expectedKey":"cell_manufacturer"},"kwh_100km":{"actualKey":"不存在此kwh_100km","expectedKey":"kwh_100km"},"is_online":{"actualKey":"不存在此is_online","expectedKey":"is_online"},"run_location":{"actualKey":"不存在此run_location","expectedKey":"run_location"},"province_dept":{"actualKey":"不存在此province_dept","expectedKey":"province_dept"},"city_dept":{"actualKey":"不存在此city_dept","expectedKey":"city_dept"},"veh_category_2":{"actualKey":"不存在此veh_category_2","expectedKey":"veh_category_2"},"first_run_date":{"actualKey":"不存在此first_run_date","expectedKey":"first_run_date"},"first_charge_date":{"actualKey":"不存在此first_charge_date","expectedKey":"first_charge_date"},"total_run_mile":{"actualKey":"不存在此total_run_mile","expectedKey":"total_run_mile"},"total_high_temp_run_mile":{"actualKey":"不存在此total_high_temp_run_mile","expectedKey":"total_high_temp_run_mile"},"total_low_temp_run_mile":{"actualKey":"不存在此total_low_temp_run_mile","expectedKey":"total_low_temp_run_mile"},"total_low_soc_run_times":{"actualKey":"不存在此total_low_soc_run_times","expectedKey":"total_low_soc_run_times"},"avg_daily_run_mile":{"actualKey":"不存在此avg_daily_run_mile","expectedKey":"avg_daily_run_mile"},"avg_daily_run_time_length":{"actualKey":"不存在此avg_daily_run_time_length","expectedKey":"avg_daily_run_time_length"},"avg_charge_times_per_100km":{"actualKey":"不存在此avg_charge_times_per_100km","expectedKey":"avg_charge_times_per_100km"},"avg_charge_start_soc":{"actualKey":"不存在此avg_charge_start_soc","expectedKey":"avg_charge_start_soc"},"avg_charge_end_soc":{"actualKey":"不存在此avg_charge_end_soc","expectedKey":"avg_charge_end_soc"},"last_charge_time":{"actualKey":"不存在此last_charge_time","expectedKey":"last_charge_time"},"last_charge_location":{"actualKey":"不存在此last_charge_location","expectedKey":"last_charge_location"},"total_alarm_times":{"actualKey":"不存在此total_alarm_times","expectedKey":"total_alarm_times"},"max_alarm_name":{"actualKey":"不存在此max_alarm_name","expectedKey":"max_alarm_name"},"risk_score":{"actualKey":"不存在此risk_score","expectedKey":"risk_score"},"total_night_run_mile":{"actualKey":"不存在此total_night_run_mile","expectedKey":"total_night_run_mile"},"total_night_run_time_length":{"actualKey":"不存在此total_night_run_time_length","expectedKey":"total_night_run_time_length"},"total_summer_run_mile":{"actualKey":"不存在此total_summer_run_mile","expectedKey":"total_summer_run_mile"},"total_winter_run_mile":{"actualKey":"不存在此total_winter_run_mile","expectedKey":"total_winter_run_mile"},"charge_times":{"actualKey":"不存在此charge_times","expectedKey":"charge_times"},"fast_charge_times":{"actualKey":"不存在此fast_charge_times","expectedKey":"fast_charge_times"},"avg_run_speed":{"actualKey":"不存在此avg_run_speed","expectedKey":"avg_run_speed"},"max_run_speed":{"actualKey":"不存在此max_run_speed","expectedKey":"max_run_speed"},"avg_charge_time_length":{"actualKey":"不存在此avg_charge_time_length","expectedKey":"avg_charge_time_length"},"latest_dashboard_mile":{"actualKey":"不存在此latest_dashboard_mile","expectedKey":"latest_dashboard_mile"},"total_run_times":{"actualKey":"不存在此total_run_times","expectedKey":"total_run_times"},"error":{"actualValue":null,"expectedValue":{"vin":"LJ1EEKPP1J7410252","brand":"江淮牌","power_type":"纯电动","veh_model_name":"HFC7000W3EV","drive_range":156,"positive_material":"橄榄石型磷酸铁锂材料","cell_manufacturer":"合肥国轩高科动力能源有限公司","kwh_100km":13,"is_online":1,"run_location":"江西省九江市瑞昌市","province_dept":"安徽省","city_dept":"合肥市","veh_category_2":"私人乘用车","first_run_date":"2018-11-24","first_charge_date":"2018-12-08","total_run_mile":61981,"total_high_temp_run_mile":1058,"total_low_temp_run_mile":0,"total_low_soc_run_times":1,"avg_daily_run_mile":300.87863,"avg_daily_run_time_length":3511.2234,"avg_charge_times_per_100km":1.0487084,"avg_charge_start_soc":47.353848,"avg_charge_end_soc":96.30769,"last_charge_time":"2020-06-26","last_charge_location":"江西省九江市","total_alarm_times":null,"max_alarm_name":null,"risk_score":0,"total_night_run_mile":16516,"total_night_run_time_length":187797,"total_summer_run_mile":12907,"total_winter_run_mile":10454,"charge_times":65,"fast_charge_times":1,"avg_run_speed":385.1281,"max_run_speed":1072,"avg_charge_time_length":14396.8,"latest_dashboard_mile":111309,"total_run_times":516},"currentValue is ":true,"expectedValue is":false},"code":{"actualValue":null,"expectedValue":{"vin":"LJ1EEKPP1J7410252","brand":"江淮牌","power_type":"纯电动","veh_model_name":"HFC7000W3EV","drive_range":156,"positive_material":"橄榄石型磷酸铁锂材料","cell_manufacturer":"合肥国轩高科动力能源有限公司","kwh_100km":13,"is_online":1,"run_location":"江西省九江市瑞昌市","province_dept":"安徽省","city_dept":"合肥市","veh_category_2":"私人乘用车","first_run_date":"2018-11-24","first_charge_date":"2018-12-08","total_run_mile":61981,"total_high_temp_run_mile":1058,"total_low_temp_run_mile":0,"total_low_soc_run_times":1,"avg_daily_run_mile":300.87863,"avg_daily_run_time_length":3511.2234,"avg_charge_times_per_100km":1.0487084,"avg_charge_start_soc":47.353848,"avg_charge_end_soc":96.30769,"last_charge_time":"2020-06-26","last_charge_location":"江西省九江市","total_alarm_times":null,"max_alarm_name":null,"risk_score":0,"total_night_run_mile":16516,"total_night_run_time_length":187797,"total_summer_run_mile":12907,"total_winter_run_mile":10454,"charge_times":65,"fast_charge_times":1,"avg_run_speed":385.1281,"max_run_speed":1072,"avg_charge_time_length":14396.8,"latest_dashboard_mile":111309,"total_run_times":516},"currentValue is ":"40000","expectedValue is":false,"expectedValue is ":"10000"}}]
at org.testng.Assert.fail(Assert.java:96)
at org.testng.Assert.failNotEquals(Assert.java:776)
at org.testng.Assert.assertEqualsImpl(Assert.java:137)
at org.testng.Assert.assertEquals(Assert.java:118)
at org.testng.Assert.assertEquals(Assert.java:453)
at org.testng.Assert.assertEquals(Assert.java:463)
at com.bitnei.apitest.testcases.saas.ApiTest.ApiTestCode(ApiTest.java:101)
at sun.reflect.GeneratedMethodAccessor2.invoke(Unknown Source)
at sun.reflect.DelegatingMethodAccessorImpl.invoke(DelegatingMethodAccessorImpl.java:43)
at java.lang.reflect.Method.invoke(Method.java:498)
at org.testng.internal.MethodInvocationHelper.invokeMethod(MethodInvocationHelper.java:124)
at org.testng.internal.Invoker.invokeMethod(Invoker.java:580)
at org.testng.internal.Invoker.invokeTestMethod(Invoker.java:716)
at org.testng.internal.Invoker.invokeTestMethods(Invoker.java:988)
at org.testng.internal.TestMethodWorker.invokeTestMethods(TestMethodWorker.java:125)
at org.testng.internal.TestMethodWorker.run(TestMethodWorker.java:109)
at org.testng.TestRunner.privateRun(TestRunner.java:648)
at org.testng.TestRunner.run(TestRunner.java:505)
at org.testng.SuiteRunner.runTest(SuiteRunner.java:455)
at org.testng.SuiteRunner.runSequentially(SuiteRunner.java:450)
at org.testng.SuiteRunner.privateRun(SuiteRunner.java:415)
at org.testng.SuiteRunner.run(SuiteRunner.java:364)
at org.testng.SuiteRunnerWorker.runSuite(SuiteRunnerWorker.java:52)
at org.testng.SuiteRunnerWorker.run(SuiteRunnerWorker.java:84)
at org.testng.TestNG.runSuitesSequentially(TestNG.java:1208)
at org.testng.TestNG.runSuitesLocally(TestNG.java:1137)
at org.testng.TestNG.runSuites(TestNG.java:1049)
at org.testng.TestNG.run(TestNG.java:1017)
at org.testng.remote.AbstractRemoteTestNG.run(AbstractRemoteTestNG.java:114)
at org.testng.remote.RemoteTestNG.initAndRun(RemoteTestNG.java:251)
at org.testng.remote.RemoteTestNG.main(RemoteTestNG.java:77)
]]>
    </failure>
  </testcase> <!-- ApiTestCode -->
  <testcase name="ApiTestCode" time="0.036" classname="com.bitnei.apitest.testcases.saas.ApiTest"/>
  <testcase name="ApiTestCode" time="0.025" classname="com.bitnei.apitest.testcases.saas.ApiTest"/>
  <testcase name="ApiTestCode" time="0.030" classname="com.bitnei.apitest.testcases.saas.ApiTest"/>
  <testcase name="ApiTestCode" time="0.075" classname="com.bitnei.apitest.testcases.saas.ApiTest"/>
  <testcase name="ApiTestCode" time="0.032" classname="com.bitnei.apitest.testcases.saas.ApiTest"/>
  <testcase name="ApiTestCode" time="0.030" classname="com.bitnei.apitest.testcases.saas.ApiTest"/>
  <testcase name="ApiTestCode" time="0.045" classname="com.bitnei.apitest.testcases.saas.ApiTest"/>
  <testcase name="ApiTestCode" time="0.030" classname="com.bitnei.apitest.testcases.saas.ApiTest"/>
  <testcase name="ApiTestCode" time="0.139" classname="com.bitnei.apitest.testcases.saas.ApiTest"/>
  <testcase name="ApiTestCode" time="0.028" classname="com.bitnei.apitest.testcases.saas.ApiTest"/>
  <testcase name="ApiTestCode" time="0.025" classname="com.bitnei.apitest.testcases.saas.ApiTest"/>
  <testcase name="ApiTestCode" time="0.028" classname="com.bitnei.apitest.testcases.saas.ApiTest"/>
  <testcase name="ApiTestCode" time="0.024" classname="com.bitnei.apitest.testcases.saas.ApiTest"/>
  <testcase name="ApiTestCode" time="0.024" classname="com.bitnei.apitest.testcases.saas.ApiTest">
    <failure type="java.lang.AssertionError" message="expected [{}] but found [{&quot;error&quot;:{&quot;currentValue is &quot;:true,&quot;expectedValue is&quot;:false},&quot;code&quot;:{&quot;currentValue is &quot;:&quot;40000&quot;,&quot;expectedValue is&quot;:false,&quot;expectedValue is &quot;:&quot;35000&quot;}}]">
      <![CDATA[java.lang.AssertionError: expected [{}] but found [{"error":{"currentValue is ":true,"expectedValue is":false},"code":{"currentValue is ":"40000","expectedValue is":false,"expectedValue is ":"35000"}}]
at org.testng.Assert.fail(Assert.java:96)
at org.testng.Assert.failNotEquals(Assert.java:776)
at org.testng.Assert.assertEqualsImpl(Assert.java:137)
at org.testng.Assert.assertEquals(Assert.java:118)
at org.testng.Assert.assertEquals(Assert.java:453)
at org.testng.Assert.assertEquals(Assert.java:463)
at com.bitnei.apitest.testcases.saas.ApiTest.ApiTestCode(ApiTest.java:101)
at sun.reflect.GeneratedMethodAccessor2.invoke(Unknown Source)
at sun.reflect.DelegatingMethodAccessorImpl.invoke(DelegatingMethodAccessorImpl.java:43)
at java.lang.reflect.Method.invoke(Method.java:498)
at org.testng.internal.MethodInvocationHelper.invokeMethod(MethodInvocationHelper.java:124)
at org.testng.internal.Invoker.invokeMethod(Invoker.java:580)
at org.testng.internal.Invoker.invokeTestMethod(Invoker.java:716)
at org.testng.internal.Invoker.invokeTestMethods(Invoker.java:988)
at org.testng.internal.TestMethodWorker.invokeTestMethods(TestMethodWorker.java:125)
at org.testng.internal.TestMethodWorker.run(TestMethodWorker.java:109)
at org.testng.TestRunner.privateRun(TestRunner.java:648)
at org.testng.TestRunner.run(TestRunner.java:505)
at org.testng.SuiteRunner.runTest(SuiteRunner.java:455)
at org.testng.SuiteRunner.runSequentially(SuiteRunner.java:450)
at org.testng.SuiteRunner.privateRun(SuiteRunner.java:415)
at org.testng.SuiteRunner.run(SuiteRunner.java:364)
at org.testng.SuiteRunnerWorker.runSuite(SuiteRunnerWorker.java:52)
at org.testng.SuiteRunnerWorker.run(SuiteRunnerWorker.java:84)
at org.testng.TestNG.runSuitesSequentially(TestNG.java:1208)
at org.testng.TestNG.runSuitesLocally(TestNG.java:1137)
[...]
:{&quot;actualKey&quot;:&quot;不存在此veh_category_2&quot;,&quot;expectedKey&quot;:&quot;veh_category_2&quot;},&quot;veh_model_name&quot;:{&quot;actualKey&quot;:&quot;不存在此veh_model_name&quot;,&quot;expectedKey&quot;:&quot;veh_model_name&quot;},&quot;veh_level&quot;:{&quot;actualKey&quot;:&quot;不存在此veh_level&quot;,&quot;expectedKey&quot;:&quot;veh_level&quot;},&quot;produce_date&quot;:{&quot;actualKey&quot;:&quot;不存在此produce_date&quot;,&quot;expectedKey&quot;:&quot;produce_date&quot;},&quot;error&quot;:{&quot;actualValue&quot;:null,&quot;expectedValue&quot;:{&quot;vin&quot;:&quot;L68GCS4B3JA000157&quot;,&quot;displacement&quot;:&quot;&quot;,&quot;length&quot;:&quot;8560&quot;,&quot;manufacturer&quot;:&quot;东莞中汽宏远汽车有限公司&quot;,&quot;brand&quot;:&quot;宏远牌&quot;,&quot;charge_times&quot;:128,&quot;fast_charge_times&quot;:95,&quot;total_charge_time_length&quot;:382642,&quot;total_fast_charge_time_length&quot;:201013,&quot;end_charge_avg_soc&quot;:99.078125,&quot;max_weight&quot;:&quot;14000&quot;,&quot;max_speed&quot;:&quot;69&quot;,&quot;drive_range&quot;:420,&quot;motor_type&quot;:&quot;永磁同步电机&quot;,&quot;kwh_100km&quot;:0,&quot;cell_enterprise&quot;:&quot;宁德时代新能源科技股份有限公司&quot;,&quot;battery_type&quot;:&quot;磷酸铁锂&quot;,&quot;veh_category_2&quot;:&quot;纯电动客车&quot;,&quot;veh_model_name&quot;:&quot;KMT6861GBEV2&quot;,&quot;veh_level&quot;:&quot;&quot;,&quot;produce_date&quot;:&quot;2018&quot;},&quot;currentValue is &quot;:true,&quot;expectedValue is&quot;:false},&quot;code&quot;:{&quot;actualValue&quot;:null,&quot;expectedValue&quot;:{&quot;vin&quot;:&quot;L68GCS4B3JA000157&quot;,&quot;displacement&quot;:&quot;&quot;,&quot;length&quot;:&quot;8560&quot;,&quot;manufacturer&quot;:&quot;东莞中汽宏远汽车有限公司&quot;,&quot;brand&quot;:&quot;宏远牌&quot;,&quot;charge_times&quot;:128,&quot;fast_charge_times&quot;:95,&quot;total_charge_time_length&quot;:382642,&quot;total_fast_charge_time_length&quot;:201013,&quot;end_charge_avg_soc&quot;:99.078125,&quot;max_weight&quot;:&quot;14000&quot;,&quot;max_speed&quot;:&quot;69&quot;,&quot;drive_range&quot;:420,&quot;motor_type&quot;:&quot;永磁同步电机&quot;,&quot;kwh_100km&quot;:0,&quot;cell_enterprise&quot;:&quot;宁德时代新能源科技股份有限公司&quot;,&quot;battery_type&quot;:&quot;磷酸铁锂&quot;,&quot;veh_category_2&quot;:&quot;纯电动客车&quot;,&quot;veh_model_name&quot;:&quot;KMT6861GBEV2&quot;,&quot;veh_level&quot;:&quot;&quot;,&quot;produce_date&quot;:&quot;2018&quot;},&quot;currentValue is &quot;:&quot;40000&quot;,&quot;expectedValue is&quot;:false,&quot;expectedValue is &quot;:&quot;10000&quot;}}]">
      <![CDATA[java.lang.AssertionError: expected [{}] but found [{"data":{"actualValue":null,"expectedValue":{"vin":"L68GCS4B3JA000157","displacement":"","length":"8560","manufacturer":"东莞中汽宏远汽车有限公司","brand":"宏远牌","charge_times":128,"fast_charge_times":95,"total_charge_time_length":382642,"total_fast_charge_time_length":201013,"end_charge_avg_soc":99.078125,"max_weight":"14000","max_speed":"69","drive_range":420,"motor_type":"永磁同步电机","kwh_100km":0,"cell_enterprise":"宁德时代新能源科技股份有限公司","battery_type":"磷酸铁锂","veh_category_2":"纯电动客车","veh_model_name":"KMT6861GBEV2","veh_level":"","produce_date":"2018"}},"vin":{"actualKey":"不存在此vin","expectedKey":"vin"},"displacement":{"actualKey":"不存在此displacement","expectedKey":"displacement"},"length":{"actualKey":"不存在此length","expectedKey":"length"},"manufacturer":{"actualKey":"不存在此manufacturer","expectedKey":"manufacturer"},"brand":{"actualKey":"不存在此brand","expectedKey":"brand"},"charge_times":{"actualKey":"不存在此charge_times","expectedKey":"charge_times"},"fast_charge_times":{"actualKey":"不存在此fast_charge_times","expectedKey":"fast_charge_times"},"total_charge_time_length":{"actualKey":"不存在此total_charge_time_length","expectedKey":"total_charge_time_length"},"total_fast_charge_time_length":{"actualKey":"不存在此total_fast_charge_time_length","expectedKey":"total_fast_charge_time_length"},"end_charge_avg_soc":{"actualKey":"不存在此end_charge_avg_soc","expectedKey":"end_charge_avg_soc"},"max_weight":{"actualKey":"不存在此max_weight","expectedKey":"max_weight"},"max_speed":{"actualKey":"不存在此max_speed","expectedKey":"max_speed"},"drive_range":{"actualKey":"不存在此drive_range","expectedKey":"drive_range"},"motor_type":{"actualKey":"不存在此motor_type","expectedKey":"motor_type"},"kwh_100km":{"actualKey":"不存在此kwh_100km","expectedKey":"kwh_100km"},"cell_enterprise":{"actualKey":"不存在此cell_enterprise","expectedKey":"cell_enterprise"},"battery_type":{"actualKey":"不存在此battery_type","expectedKey":"battery_type"},"veh_category_2":{"actualKey":"不存在此veh_category_2","expectedKey":"veh_category_2"},"veh_model_name":{"actualKey":"不存在此veh_model_name","expectedKey":"veh_model_name"},"veh_level":{"actualKey":"不存在此veh_level","expectedKey":"veh_level"},"produce_date":{"actualKey":"不存在此produce_date","expectedKey":"produce_date"},"error":{"actualValue":null,"expectedValue":{"vin":"L68GCS4B3JA000157","displacement":"","length":"8560","manufacturer":"东莞中汽宏远汽车有限公司","brand":"宏远牌","charge_times":128,"fast_charge_times":95,"total_charge_time_length":382642,"total_fast_charge_time_length":201013,"end_charge_avg_soc":99.078125,"max_weight":"14000","max_speed":"69","drive_range":420,"motor_type":"永磁同步电机","kwh_100km":0,"cell_enterprise":"宁德时代新能源科技股份有限公司","battery_type":"磷酸铁锂","veh_category_2":"纯电动客车","veh_model_name":"KMT6861GBEV2","veh_level":"","produce_date":"2018"},"currentValue is ":true,"expectedValue is":false},"code":{"actualValue":null,"expectedValue":{"vin":"L68GCS4B3JA000157","displacement":"","length":"8560","manufacturer":"东莞中汽宏远汽车有限公司","brand":"宏远牌","charge_times":128,"fast_charge_times":95,"total_charge_time_length":382642,"total_fast_charge_time_length":201013,"end_charge_avg_soc":99.078125,"max_weight":"14000","max_speed":"69","drive_range":420,"motor_type":"永磁同步电机","kwh_100km":0,"cell_enterprise":"宁德时代新能源科技股份有限公司","battery_type":"磷酸铁锂","veh_category_2":"纯电动客车","veh_model_name":"KMT6861GBEV2","veh_level":"","produce_date":"2018"},"currentValue is ":"40000","expectedValue is":false,"expectedValue is ":"10000"}}]
at org.testng.Assert.fail(Assert.java:96)
at org.testng.Assert.failNotEquals(Assert.java:776)
at org.testng.Assert.assertEqualsImpl(Assert.java:137)
at org.testng.Assert.assertEquals(Assert.java:118)
at org.testng.Assert.assertEquals(Assert.java:453)
at org.testng.Assert.assertEquals(Assert.java:463)
at com.bitnei.apitest.testcases.saas.ApiTest.ApiTestCode(ApiTest.java:101)
at sun.reflect.GeneratedMethodAccessor2.invoke(Unknown Source)
at sun.reflect.DelegatingMethodAccessorImpl.invoke(DelegatingMethodAccessorImpl.java:43)
at java.lang.reflect.Method.invoke(Method.java:498)
at org.testng.internal.MethodInvocationHelper.invokeMethod(MethodInvocationHelper.java:124)
at org.testng.internal.Invoker.invokeMethod(Invoker.java:580)
at org.testng.internal.Invoker.invokeTestMethod(Invoker.java:716)
at org.testng.internal.Invoker.invokeTestMethods(Invoker.java:988)
at org.testng.internal.TestMethodWorker.invokeTestMethods(TestMethodWorker.java:125)
at org.testng.internal.TestMethodWorker.run(TestMethodWorker.java:109)
at org.testng.TestRunner.privateRun(TestRunner.java:648)
at org.testng.TestRunner.run(TestRunner.java:505)
at org.testng.SuiteRunner.runTest(SuiteRunner.java:455)
at org.testng.SuiteRunner.runSequentially(SuiteRunner.java:450)
at org.testng.SuiteRunner.privateRun(SuiteRunner.java:415)
at org.testng.SuiteRunner.run(SuiteRunner.java:364)
at org.testng.SuiteRunnerWorker.runSuite(SuiteRunnerWorker.java:52)
at org.testng.SuiteRunnerWorker.run(SuiteRunnerWorker.java:84)
at org.testng.TestNG.runSuitesSequentially(TestNG.java:1208)
at org.testng.TestNG.runSuitesLocally(TestNG.java:1137)
at org.testng.TestNG.runSuites(TestNG.java:1049)
at org.testng.TestNG.run(TestNG.java:1017)
at org.testng.remote.AbstractRemoteTestNG.run(AbstractRemoteTestNG.java:114)
at org.testng.remote.RemoteTestNG.initAndRun(RemoteTestNG.java:251)
at org.testng.remote.RemoteTestNG.main(RemoteTestNG.java:77)
]]>
    </failure>
  </testcase> <!-- ApiTestCode -->
  <testcase name="ApiTestCode" time="0.031" classname="com.bitnei.apitest.testcases.saas.ApiTest"/>
  <testcase name="ApiTestCode" time="0.076" classname="com.bitnei.apitest.testcases.saas.ApiTest"/>
  <testcase name="ApiTestCode" time="0.029" classname="com.bitnei.apitest.testcases.saas.ApiTest">
    <failure type="java.lang.AssertionError" message="expected [{}] but found [{&quot;data&quot;:{&quot;actualValue&quot;:null,&quot;expectedValue&quot;:{&quot;vin&quot;:&quot;LNBSCC3H5HF323314&quot;,&quot;brand&quot;:&quot;北京牌&quot;,&quot;manufacturer&quot;:&quot;北京汽车股份有限公司&quot;,&quot;power_type&quot;:&quot;纯电动&quot;,&quot;license_plate&quot;:&quot;沪AD88753&quot;,&quot;veh_model_name&quot;:&quot;BJ7000C5E2-BEV&quot;,&quot;veh_common_name&quot;:&quot;EU260&quot;,&quot;curb_weight&quot;:1613,&quot;max_speed&quot;:100,&quot;drive_range&quot;:252,&quot;positive_material&quot;:&quot;层状三元材料&quot;,&quot;cell_manufacturer&quot;:&quot;宁德时代新能源科技股份有限公司&quot;,&quot;kwh_100km&quot;:null,&quot;is_online&quot;:1,&quot;first_live_date&quot;:&quot;2020-03-22&quot;,&quot;run_city&quot;:&quot;上海市&quot;,&quot;run_province&quot;:&quot;上海市&quot;,&quot;veh_category_2&quot;:&quot;网约车&quot;,&quot;unit_name&quot;:&quot;上海强生出租汽车有限公司&quot;,&quot;veh_level&quot;:&quot;A&quot;,&quot;first_run_date&quot;:&quot;1584850157000&quot;,&quot;first_charge_date&quot;:&quot;1584865537000&quot;}},&quot;vin&quot;:{&quot;actualKey&quot;:&quot;不存在此vin&quot;,&quot;expectedKey&quot;:&quot;vin&quot;},&quot;brand&quot;:{&quot;actualKey&quot;:&quot;不存在此brand&quot;,&quot;expectedKey&quot;:&quot;brand&quot;},&quot;manufacturer&quot;:{&quot;actualKey&quot;:&quot;不存在此manufacturer&quot;,&quot;expectedKey&quot;:&quot;manufacturer&quot;},&quot;power_type&quot;:{&quot;actualKey&quot;:&quot;不存在此power_type&quot;,&quot;expectedKey&quot;:&quot;power_type&quot;},&quot;license_plate&quot;:{&quot;actualKey&quot;:&quot;不存在此license_plate&quot;,&quot;expectedKey&quot;:&quot;license_plate&quot;},&quot;veh_model_name&quot;:{&quot;actualKey&quot;:&quot;不存在此veh_model_name&quot;,&quot;expectedKey&quot;:&quot;veh_model_name&quot;},&quot;veh_common_name&quot;:{&quot;actualKey&quot;:&quot;不存在此veh_common_name&quot;,&quot;expectedKey&quot;:&quot;veh_common_name&quot;},&quot;curb_weight&quot;:{&quot;actualKey&quot;:&quot;不存在此curb_weight&quot;,&quot;expectedKey&quot;:&quot;curb_weight&quot;},&quot;max_speed&quot;:{&quot;actualKey&quot;:&quot;不存在此max_speed&quot;,&quot;expectedKey&quot;:&quot;max_speed&quot;},&quot;drive_range&quot;:{&quot;actualKey&quot;:&quot;不存在此drive_range&quot;,&quot;expectedKey&quot;:&quot;drive_range&quot;},&quot;positive_material&quot;:{&quot;actualKey&quot;:&quot;不存在此positive_material&quot;,&quot;expectedKey&quot;:&quot;positive_material&quot;},&quot;cell_manufacturer&quot;:{&quot;actualKey&quot;:&quot;不存在此cell_manufacturer&quot;,&quot;expectedKey&quot;:&quot;cell_manufacturer&quot;},&quot;kwh_100km&quot;:{&quot;actualKey&quot;:&quot;不存在此kwh_100km&quot;,&quot;expectedKey&quot;:&quot;kwh_100km&quot;},&quot;is_online&quot;:{&quot;actualKey&quot;:&quot;不存在此is_online&quot;,&quot;expectedKey&quot;:&quot;is_online&quot;},&quot;first_live_date&quot;:{&quot;actualKey&quot;:&quot;不存在此first_live_date&quot;,&quot;expectedKey&quot;:&quot;first_live_date&quot;},&quot;run_city&quot;:{&quot;actualKey&quot;:&quot;不存在此run_city&quot;,&quot;expectedKey&quot;:&quot;run_city&quot;},&quot;run_province&quot;:{&quot;actualKey&quot;:&quot;不存在此run_province&quot;,&quot;expectedKey&quot;:&quot;run_province&quot;},&quot;veh_category_2&quot;:{&quot;actualKey&quot;:&quot;不存在此veh_category_2&quot;,&quot;expectedKey&quot;:&quot;veh_category_2&quot;},&quot;unit_name&quot;:{&quot;actualKey&quot;:&quot;不存在此unit_name&quot;,&quot;expectedKey&quot;:&quot;unit_name&quot;},&quot;veh_level&quot;:{&quot;actualKey&quot;:&quot;不存在此veh_level&quot;,&quot;expectedKey&quot;:&quot;veh_level&quot;},&quot;first_run_date&quot;:{&quot;actualKey&quot;:&quot;不存在此first_run_date&quot;,&quot;expectedKey&quot;:&quot;first_run_date&quot;},&quot;first_charge_date&quot;:{&quot;actualKey&quot;:&quot;不存在此first_charge_date&quot;,&quot;expectedKey&quot;:&quot;first_charge_date&quot;},&quot;error&quot;:{&quot;actualValue&quot;:null,&quot;expectedValue&quot;:{&quot;vin&quot;:&quot;LNBSCC3H5HF323314&quot;,&quot;brand&quot;:&quot;北京牌&quot;,&quot;manufacturer&quot;:&quot;北京汽车股份有限公司&quot;,&quot;power_type&quot;:&quot;纯电动&quot;,&quot;license_plate&quot;:&quot;沪AD88753&quot;,&quot;veh_model_name&quot;:&quot;BJ7000C5E2-BEV&quot;,&quot;veh_common_name&quot;:&quot;EU260&quot;,&quot;curb_weight&quot;:1613,&quot;max_speed&quot;:100,&quot;drive_range&quot;:252,&quot;positive_material&quot;:&quot;层状三元材料&quot;,&quot;cell_manufacturer&quot;:&quot;宁德时代新能源科技股份有限公司&quot;,&quot;kwh_100km&quot;:null,&quot;is_online&quot;:1,&quot;first_live_date&quot;:&quot;2020-03-22&quot;,&quot;run_city&quot;:&quot;上海市&quot;,&quot;run_province&quot;:&quot;上海市&quot;,&quot;veh_category_2&quot;:&quot;网约车&quot;,&quot;unit_name&quot;:&quot;上海强生出租汽车有限公司&quot;,&quot;veh_level&quot;:&quot;A&quot;,&quot;first_run_date&quot;:&quot;1584850157000&quot;,&quot;first_charge_date&quot;:&quot;1584865537000&quot;},&quot;currentValue is &quot;:true,&quot;expectedValue is&quot;:false},&quot;code&quot;:{&quot;actualValue&quot;:null,&quot;expectedValue&quot;:{&quot;vin&quot;:&quot;LNBSCC3H5HF323314&quot;,&quot;brand&quot;:&quot;北京牌&quot;,&quot;manufacturer&quot;:&quot;北京汽车股份有限公司&quot;,&quot;power_type&quot;:&quot;纯电动&quot;,&quot;license_plate&quot;:&quot;沪AD88753&quot;,&quot;veh_model_name&quot;:&quot;BJ7000C5E2-BEV&quot;,&quot;veh_common_name&quot;:&quot;EU260&quot;,&quot;curb_weight&quot;:1613,&quot;max_speed&quot;:100,&quot;drive_range&quot;:252,&quot;positive_material&quot;:&quot;层状三元材料&quot;,&quot;cell_manufacturer&quot;:&quot;宁德时代新能源科技股份有限公司&quot;,&quot;kwh_100km&quot;:null,&quot;is_online&quot;:1,&quot;first_live_date&quot;:&quot;2020-03-22&quot;,&quot;run_city&quot;:&quot;上海市&quot;,&quot;run_province&quot;:&quot;上海市&quot;,&quot;veh_category_2&quot;:&quot;网约车&quot;,&quot;unit_name&quot;:&quot;上海强生出租汽车有限公司&quot;,&quot;veh_level&quot;:&quot;A&quot;,&quot;first_run_date&quot;:&quot;1584850157000&quot;,&quot;first_charge_date&quot;:&quot;1584865537000&quot;},&quot;currentValue is &quot;:&quot;40000&quot;,&quot;expectedValue is&quot;:false,&quot;expectedValue is &quot;:&quot;10000&quot;}}]">
      <![CDATA[java.lang.AssertionError: expected [{}] but found [{"data":{"actualValue":null,"expectedValue":{"vin":"LNBSCC3H5HF323314","brand":"北京牌","manufacturer":"北京汽车股份有限公司","power_type":"纯电动","license_plate":"沪AD88753","veh_model_name":"BJ7000C5E2-BEV","veh_common_name":"EU260","curb_weight":1613,"max_speed":100,"drive_range":252,"positive_material":"层状三元材料","cell_manufacturer":"宁德时代新能源科技股份有限公司","kwh_100km":null,"is_online":1,"first_live_date":"2020-03-22","run_city":"上海市","run_province":"上海市","veh_category_2":"网约车","unit_name":"上海强生出租汽车有限公司","veh_level":"A","first_run_date":"1584850157000","first_charge_date":"1584865537000"}},"vin":{"actualKey":"不存在此vin","expectedKey":"vin"},"brand":{"actualKey":"不存在此brand","expectedKey":"brand"},"manufacturer":{"actualKey":"不存在此manufacturer","expectedKey":"manufacturer"},"power_type":{"actualKey":"不存在此power_type","expectedKey":"power_type"},"license_plate":{"actualKey":"不存在此license_plate","expectedKey":"license_plate"},"veh_model_name":{"actualKey":"不存在此veh_model_name","expectedKey":"veh_model_name"},"veh_common_name":{"actualKey":"不存在此veh_common_name","expectedKey":"veh_common_name"},"curb_weight":{"actualKey":"不存在此curb_weight","expectedKey":"curb_weight"},"max_speed":{"actualKey":"不存在此max_speed","expectedKey":"max_speed"},"drive_range":{"actualKey":"不存在此drive_range","expectedKey":"drive_range"},"positive_material":{"actualKey":"不存在此positive_material","expectedKey":"positive_material"},"cell_manufacturer":{"actualKey":"不存在此cell_manufacturer","expectedKey":"cell_manufacturer"},"kwh_100km":{"actualKey":"不存在此kwh_100km","expectedKey":"kwh_100km"},"is_online":{"actualKey":"不存在此is_online","expectedKey":"is_online"},"first_live_date":{"actualKey":"不存在此first_live_date","expectedKey":"first_live_date"},"run_city":{"actualKey":"不存在此run_city","expectedKey":"run_city"},"run_province":{"actualKey":"不存在此run_province","expectedKey":"run_province"},"veh_category_2":{"actualKey":"不存在此veh_category_2","expectedKey":"veh_category_2"},"unit_name":{"actualKey":"不存在此unit_name","expectedKey":"unit_name"},"veh_level":{"actualKey":"不存在此veh_level","expectedKey":"veh_level"},"first_run_date":{"actualKey":"不存在此first_run_date","expectedKey":"first_run_date"},"first_charge_date":{"actualKey":"不存在此first_charge_date","expectedKey":"first_charge_date"},"error":{"actualValue":null,"expectedValue":{"vin":"LNBSCC3H5HF323314","brand":"北京牌","manufacturer":"北京汽车股份有限公司","power_type":"纯电动","license_plate":"沪AD88753","veh_model_name":"BJ7000C5E2-BEV","veh_common_name":"EU260","curb_weight":1613,"max_speed":100,"drive_range":252,"positive_material":"层状三元材料","cell_manufacturer":"宁德时代新能源科技股份有限公司","kwh_100km":null,"is_online":1,"first_live_date":"2020-03-22","run_city":"上海市","run_province":"上海市","veh_category_2":"网约车","unit_name":"上海强生出租汽车有限公司","veh_level":"A","first_run_date":"1584850157000","first_charge_date":"1584865537000"},"currentValue is ":true,"expectedValue is":false},"code":{"actualValue":null,"expectedValue":{"vin":"LNBSCC3H5HF323314","brand":"北京牌","manufacturer":"北京汽车股份有限公司","power_type":"纯电动","license_plate":"沪AD88753","veh_model_name":"BJ7000C5E2-BEV","veh_common_name":"EU260","curb_weight":1613,"max_speed":100,"drive_range":252,"positive_material":"层状三元材料","cell_manufacturer":"宁德时代新能源科技股份有限公司","kwh_100km":null,"is_online":1,"first_live_date":"2020-03-22","run_city":"上海市","run_province":"上海市","veh_category_2":"网约车","unit_name":"上海强生出租汽车有限公司","veh_level":"A","first_run_date":"1584850157000","first_charge_date":"1584865537000"},"currentValue is ":"40000","expectedValue is":false,"expectedValue is ":"10000"}}]
at org.testng.Assert.fail(Assert.java:96)
at org.testng.Assert.failNotEquals(Assert.java:776)
at org.testng.Assert.assertEqualsImpl(Assert.java:137)
at org.testng.Assert.assertEquals(Assert.java:118)
at org.testng.Assert.assertEquals(Assert.java:453)
at org.testng.Assert.assertEquals(Assert.java:463)
at com.bitnei.apitest.testcases.saas.ApiTest.ApiTestCode(ApiTest.java:101)
at sun.reflect.GeneratedMethodAccessor2.invoke(Unknown Source)
at sun.reflect.DelegatingMethodAccessorImpl.invoke(DelegatingMethodAccessorImpl.java:43)
at java.lang.reflect.Method.invoke(Method.java:498)
at org.testng.internal.MethodInvocationHelper.invokeMethod(MethodInvocationHelper.java:124)
at org.testng.internal.Invoker.invokeMethod(Invoker.java:580)
at org.testng.internal.Invoker.invokeTestMethod(Invoker.java:716)
at org.testng.internal.Invoker.invokeTestMethods(Invoker.java:988)
at org.testng.internal.TestMethodWorker.invokeTestMethods(TestMethodWorker.java:125)
at org.testng.internal.TestMethodWorker.run(TestMethodWorker.java:109)
at org.testng.TestRunner.privateRun(TestRunner.java:648)
at org.testng.TestRunner.run(TestRunner.java:505)
at org.testng.SuiteRunner.runTest(SuiteRunner.java:455)
at org.testng.SuiteRunner.runSequentially(SuiteRunner.java:450)
at org.testng.SuiteRunner.privateRun(SuiteRunner.java:415)
at org.testng.SuiteRunner.run(SuiteRunner.java:364)
at org.testng.SuiteRunnerWorker.runSuite(SuiteRunnerWorker.java:52)
at org.testng.SuiteRunnerWorker.run(SuiteRunnerWorker.java:84)
at org.testng.TestNG.runSuitesSequentially(TestNG.java:1208)
at org.testng.TestNG.runSuitesLocally(TestNG.java:1137)
at org.testng.TestNG.runSuites(TestNG.java:1049)
at org.testng.TestNG.run(TestNG.java:1017)
at org.testng.remote.AbstractRemoteTestNG.run(AbstractRemoteTestNG.java:114)
at org.testng.remote.RemoteTestNG.initAndRun(RemoteTestNG.java:251)
at org.testng.remote.RemoteTestNG.main(RemoteTestNG.java:77)
]]>
    </failure>
  </testcase> <!-- ApiTestCode -->
  <testcase name="ApiTestCode" time="0.028" classname="com.bitnei.apitest.testcases.saas.ApiTest"/>
</testsuite> <!-- com.bitnei.apitest.testcases.saas.ApiTest -->
