<?xml version="1.0" encoding="UTF-8"?>
<!-- Generated by org.testng.reporters.JUnitReportReporter -->
<testsuite skipped="0" hostname="DESKTOP-Q37MKND" name="com.bitnei.apitest.testcases.saas.ApiTest" tests="142" failures="110" timestamp="08 四月 2021 09:51:10 GMT" time="5.258" errors="0">
  <testcase name="ApiTestCode" time="0.025" classname="com.bitnei.apitest.testcases.saas.ApiTest">
    <failure type="java.lang.AssertionError" message="expected [{}] but found [{&quot;error&quot;:{&quot;currentValue is &quot;:true,&quot;expectedValue is&quot;:false},&quot;code&quot;:{&quot;currentValue is &quot;:&quot;40000&quot;,&quot;expectedValue is&quot;:false,&quot;expectedValue is &quot;:&quot;35000&quot;}}]">
      <![CDATA[java.lang.AssertionError: expected [{}] but found [{"error":{"currentValue is ":true,"expectedValue is":false},"code":{"currentValue is ":"40000","expectedValue is":false,"expectedValue is ":"35000"}}]
at org.testng.Assert.fail(Assert.java:96)
at org.testng.Assert.failNotEquals(Assert.java:776)
at org.testng.Assert.assertEqualsImpl(Assert.java:137)
at org.testng.Assert.assertEquals(Assert.java:118)
at org.testng.Assert.assertEquals(Assert.java:453)
at org.testng.Assert.assertEquals(Assert.java:463)
at com.bitnei.apitest.testcases.saas.ApiTest.ApiTestCode(ApiTest.java:102)
at sun.reflect.GeneratedMethodAccessor2.invoke(Unknown Source)
at sun.reflect.DelegatingMethodAccessorImpl.invoke(DelegatingMethodAccessorImpl.java:43)
at java.lang.reflect.Method.invoke(Method.java:498)
at org.testng.internal.MethodInvocationHelper.invokeMethod(MethodInvocationHelper.java:124)
at org.testng.internal.Invoker.invokeMethod(Invoker.java:580)
at org.testng.internal.Invoker.invokeTestMethod(Invoker.java:716)
at org.testng.internal.Invoker.invokeTestMethods(Invoker.java:988)
at org.testng.internal.TestMethodWorker.invokeTestMethods(TestMethodWorker.java:125)
at org.testng.internal.TestMethodWorker.run(TestMethodWorker.java:109)
at org.testng.TestRunner.privateRun(TestRunner.java:648)
at org.testng.TestRunner.run(TestRunner.java:505)
at org.testng.SuiteRunner.runTest(SuiteRunner.java:455)
at org.testng.SuiteRunner.runSequentially(SuiteRunner.java:450)
at org.testng.SuiteRunner.privateRun(SuiteRunner.java:415)
at org.testng.SuiteRunner.run(SuiteRunner.java:364)
at org.testng.SuiteRunnerWorker.runSuite(SuiteRunnerWorker.java:52)
at org.testng.SuiteRunnerWorker.run(SuiteRunnerWorker.java:84)
at org.testng.TestNG.runSuitesSequentially(TestNG.java:1208)
at org.testng.TestNG.runSuitesLocally(TestNG.java:1137)
at org.testng.TestNG.runSuites(TestNG.java:1049)
at org.testng.TestNG.run(TestNG.java:1017)
at org.testng.remote.AbstractRemoteTestNG.run(AbstractRemoteTestNG.java:114)
at org.testng.remote.RemoteTestNG.initAndRun(RemoteTestNG.java:251)
at org.testng.remote.RemoteTestNG.main(RemoteTestNG.java:77)
]]>
    </failure>
  </testcase> <!-- ApiTestCode -->
  <testcase name="ApiTestCode" time="0.080" classname="com.bitnei.apitest.testcases.saas.ApiTest">
    <failure type="java.lang.AssertionError" message="expected [{}] but found [{&quot;data&quot;:{&quot;actualValue&quot;:null,&quot;expectedValue&quot;:[{&quot;vin&quot;:&quot;LGXC76D35K0068431&quot;,&quot;rtime&quot;:&quot;20200708205318&quot;,&quot;socOcvMaxVoltAbs&quot;:-2,&quot;socOcvMinVoltAbs&quot;:-6,&quot;selfDischargeRateMaxCell&quot;:null,&quot;selfDischargeRateMinCell&quot;:null,&quot;voltDiffRatio&quot;:1.11,&quot;conditionEndMileage&quot;:54980,&quot;segStartSoc&quot;:16},{&quot;vin&quot;:&quot;LGXC76D35K0068431&quot;,&quot;rtime&quot;:&quot;20200709200820&quot;,&quot;socOcvMaxVoltAbs&quot;:-11.5,&quot;socOcvMinVoltAbs&quot;:-23.5,&quot;selfDischargeRateMaxCell&quot;:null,&quot;selfDischargeRateMinCell&quot;:null,&quot;voltDiffRatio&quot;:0.73,&quot;conditionEndMileage&quot;:55120,&quot;segStartSoc&quot;:84},{&quot;vin&quot;:&quot;LGXC76D35K0068431&quot;,&quot;rtime&quot;:&quot;20200711083038&quot;,&quot;socOcvMaxVoltAbs&quot;:37,&quot;socOcvMinVoltAbs&quot;:38,&quot;selfDischargeRateMaxCell&quot;:null,&quot;selfDischargeRateMinCell&quot;:null,&quot;voltDiffRatio&quot;:1.27,&quot;conditionEndMileage&quot;:55180,&quot;segStartSoc&quot;:75},{&quot;vin&quot;:&quot;LGXC76D35K0068431&quot;,&quot;rtime&quot;:&quot;20200711194533&quot;,&quot;socOcvMaxVoltAbs&quot;:10,&quot;socOcvMinVoltAbs&quot;:-5,&quot;selfDischargeRateMaxCell&quot;:null,&quot;selfDischargeRateMinCell&quot;:null,&quot;voltDiffRatio&quot;:0.89,&quot;conditionEndMileage&quot;:55260,&quot;segStartSoc&quot;:57},{&quot;vin&quot;:&quot;LGXC76D35K0068431&quot;,&quot;rtime&quot;:&quot;20200712080538&quot;,&quot;socOcvMaxVoltAbs&quot;:0,&quot;socOcvMinVoltAbs&quot;:-2,&quot;selfDischargeRateMaxCell&quot;:null,&quot;selfDischargeRateMinCell&quot;:null,&quot;voltDiffRatio&quot;:1,&quot;conditionEndMileage&quot;:55320,&quot;segStartSoc&quot;:47},{&quot;vin&quot;:&quot;LGXC76D35K0068431&quot;,&quot;rtime&quot;:&quot;20200712190049&quot;,&quot;socOcvMaxVoltAbs&quot;:-1,&quot;socOcvMinVoltAbs&quot;:4,&quot;selfDischargeRateMaxCell&quot;:null,&quot;selfDischargeRateMinCell&quot;:null,&quot;voltDiffRatio&quot;:1.14,&quot;conditionEndMileage&quot;:55400,&quot;segStartSoc&quot;:35},{&quot;vin&quot;:&quot;LGXC76D35K0068431&quot;,&quot;rtime&quot;:&quot;20200714075259&quot;,&quot;socOcvMaxVoltAbs&quot;:28,&quot;socOcvMinVoltAbs&quot;:27,&quot;selfDischargeRateMaxCell&quot;:null,&quot;selfDischargeRateMinCell&quot;:null,&quot;voltDiffRatio&quot;:1.33,&quot;conditionEndMileage&quot;:55460,&quot;segStartSoc&quot;:25},{&quot;vin&quot;:&quot;LGXC76D35K0068431&quot;,&quot;rtime&quot;:&quot;20200714194559&quot;,&quot;socOcvMaxVoltAbs&quot;:-9.5,&quot;socOcvMinVoltAbs&quot;:-9,&quot;selfDischargeRateMaxCell&quot;:null,&quot;selfDischargeRateMinCell&quot;:null,&quot;voltDiffRatio&quot;:1.26,&quot;conditionEndMileage&quot;:55540,&quot;segStartSoc&quot;:16},{&quot;vin&quot;:&quot;LGXC76D35K0068431&quot;,&quot;rtime&quot;:&quot;20200719194145&quot;,&quot;socOcvMaxVoltAbs&quot;:19,&quot;socOcvMinVoltAbs&quot;:13.5,&quot;selfDischargeRateMaxCell&quot;:null,&quot;selfDischargeRateMinCell&quot;:null,&quot;voltDiffRatio&quot;:0.86,&quot;conditionEndMileage&quot;:55880,&quot;segStartSoc&quot;:82},{&quot;vin&quot;:&quot;LGXC76D35K0068431&quot;,&quot;rtime&quot;:&quot;20200721084732&quot;,&quot;socOcvMaxVoltAbs&quot;:34,&quot;socOcvMinVoltAbs&quot;:15,&quot;selfDischargeRateMaxCell&quot;:null,&quot;selfDischargeRateMinCell&quot;:null,&quot;voltDiffRatio&quot;:1.45,&quot;conditionEndMileage&quot;:55940,&quot;segStartSoc&quot;:72},{&quot;vin&quot;:&quot;LGXC76D35K0068431&quot;,&quot;rtime&quot;:&quot;20200723085152&quot;,&quot;socOcvMaxVoltAbs&quot;:8.5,&quot;socOcvMinVoltAbs&quot;:3,&quot;selfDischargeRateMaxCell&quot;:null,&quot;selfDischargeRateMinCell&quot;:null,&quot;voltDiffRatio&quot;:1.16,&quot;conditionEndMileage&quot;:56240,&quot;segStartSoc&quot;:16},{&quot;vin&quot;:&quot;LGXC76D35K0068431&quot;,&quot;rtime&quot;:&quot;20200723192240&quot;,&quot;socOcvMaxVoltAbs&quot;:1,&quot;socOcvMinVoltAbs&quot;:-3,&quot;selfDischargeRateMaxCell&quot;:null,&quot;selfDischargeRateMinCell&quot;:null,&quot;voltDiffRatio&quot;:1.16,&quot;conditionEndMileage&quot;:56320,&quot;segStartSoc&quot;:16},{&quot;vin&quot;:&quot;LGXC76D35K0068431&quot;,&quot;rtime&quot;:&quot;20200724084950&quot;,&quot;socOcvMaxVoltAbs&quot;:-0.5,&quot;socOcvMinVoltAbs&quot;:-5,&quot;selfDischargeRateMaxCell&quot;:null,&quot;selfDischargeRateMinCell&quot;:null,&quot;voltDiffRatio&quot;:1.21,&quot;conditionEndMileage&quot;:56380,&quot;segStartSoc&quot;:16},{&quot;vin&quot;:&quot;LGXC76D35K0068431&quot;,&quot;rtime&quot;:&quot;20200724201218&quot;,&quot;socOcvMaxVoltAbs&quot;:5,&quot;socOcvMinVoltAbs&quot;:0,&quot;selfDischargeRateMaxCell&quot;:null,&quot;selfDischargeRateMinCell&quot;:null,&quot;voltDiffRatio&quot;:1.21,&quot;conditionEndMileage&quot;:56460,&quot;segStartSoc&quot;:16},{&quot;vin&quot;:&quot;LGXC76D35K0068431&quot;,&quot;rtime&quot;:&quot;20200725114340&quot;,&quot;socOcvMaxVoltAbs&quot;:6.5,&quot;socOcvMinVoltAbs&quot;:4,&quot;selfDischargeRateMaxCell&quot;:null,&quot;selfDischargeRateMinCell&quot;:null,&quot;voltDiffRatio&quot;:1.21,&quot;conditionEndMileage&quot;:56520,&quot;segStartSoc&quot;:16},{&quot;vin&quot;:&quot;LGXC76D35K0068431&quot;,&quot;rtime&quot;:&quot;20200726190433&quot;,&quot;socOcvMaxVoltAbs&quot;:32,&quot;socOcvMinVoltAbs&quot;:32,&quot;selfDischargeRateMaxCell&quot;:null,&quot;selfDischargeRateMinCell&quot;:null,&quot;voltDiffRatio&quot;:1,&quot;conditionEndMileage&quot;:56750,&quot;segStartSoc&quot;:85},{&quot;vin&quot;:&quot;LGXC76D35K0068431&quot;,&quot;rtime&quot;:&quot;20200802093738&quot;,&quot;socOcvMaxVoltAbs&quot;:-34,&quot;socOcvMinVoltAbs&quot;:-21,&quot;selfDischargeRateMaxCell&quot;:null,&quot;selfDischargeRateMinCell&quot;:null,&quot;voltDiffRatio&quot;:1.92,&quot;conditionEndMileage&quot;:56810,&quot;segStartSoc&quot;:70},{&quot;vin&quot;:&quot;LGXC76D35K0068431&quot;,&quot;rtime&quot;:&quot;20200802185916&quot;,&quot;socOcvMaxVoltAbs&quot;:19,&quot;socOcvMinVoltAbs&quot;:10,&quot;selfDischargeRateMaxCell&quot;:null,&quot;selfDischargeRateMinCell&quot;:null,&quot;voltDiffRatio&quot;:0.89,&quot;conditionEndMileage&quot;:56890,&quot;segStartSoc&quot;:54},{&quot;vin&quot;:&quot;LGXC76D35K0068431&quot;,&quot;rtime&quot;:&quot;20200803075903&quot;,&quot;socOcvMaxVoltAbs&quot;:8.5,&quot;socOcvMinVoltAbs&quot;:4.5,&quot;selfDischargeRateMaxCell&quot;:null,&quot;selfDischargeRateMinCell&quot;:null,&quot;voltDiffRatio&quot;:1.5,&quot;conditionEndMileage&quot;:56950,&quot;segStartSoc&quot;:45},{&quot;vin&quot;:&quot;LGXC76D35K0068431&quot;,&quot;rtime&quot;:&quot;20200803200021&quot;,&quot;socOcvMaxVoltAbs&quot;:5,&quot;socOcvMinVoltAbs&quot;:11,&quot;selfDischargeRateMaxCell&quot;:null,&quot;selfDischargeRateMinCell&quot;:null,&quot;voltDiffRatio&quot;:1.57,&quot;conditionEndMileage&quot;:57030,&quot;segStartSoc&quot;:30},{&quot;vin&quot;:&quot;LGXC76D35K0068431&quot;,&quot;rtime&quot;:&quot;20200804091327&quot;,&quot;socOcvMaxVoltAbs&quot;:24.5,&quot;socOcvMinVoltAbs&quot;:20,&quot;selfDischargeRateMaxCell&quot;:null,&quot;selfDischargeRateMinCell&quot;:null,&quot;voltDiffRatio&quot;:1.91,&quot;conditionEndMileage&quot;:57090,&quot;segStartSoc&quot;:20},{&quot;vin&quot;:&quot;LGXC76D35K0068431&quot;,&quot;rtime&quot;:&quot;20200804194556&quot;,&quot;socOcvMaxVoltAbs&quot;:7,&quot;socOcvMinVoltAbs&quot;:0,&quot;selfDischargeRateMaxCell&quot;:null,&quot;selfDischargeRateMinCell&quot;:null,&quot;voltDiffRatio&quot;:1.17,&quot;conditionEndMileage&quot;:57170,&quot;segStartSoc&quot;:16},{&quot;vin&quot;:&quot;LGXC76D35K0068431&quot;,&quot;rtime&quot;:&quot;20200805123749&quot;,&quot;socOcvMaxVoltAbs&quot;:7.5,&quot;socOcvMinVoltAbs&quot;:3,&quot;selfDischargeRateMaxCell&quot;:null,&quot;selfDischargeRateMinCell&quot;:null,&quot;voltDiffRatio&quot;:1.11,&quot;conditionEndMileage&quot;:57230,&quot;segStartSoc&quot;:16},{&quot;vin&quot;:&quot;LGXC76D35K0068431&quot;,&quot;rtime&quot;:&quot;20200805204950&quot;,&quot;socOcvMaxVoltAbs&quot;:-0.5,&quot;socOcvMinVoltAbs&quot;:-5,&quot;selfDischargeRateMaxCell&quot;:null,&quot;selfDischargeRateMinCell&quot;:null,&quot;voltDiffRatio&quot;:1.11,&quot;conditionEndMileage&quot;:57310,&quot;segStartSoc&quot;:16},{&quot;vin&quot;:&quot;LGXC76D35K0068431&quot;,&quot;rtime&quot;:&quot;20200806084302&quot;,&quot;socOcvMaxVoltAbs&quot;:0,&quot;socOcvMinVoltAbs&quot;:-7,&quot;selfDischargeRateMaxCell&quot;:null,&quot;selfDischargeRateMinCell&quot;:null,&quot;voltDiffRatio&quot;:1.17,&quot;conditionEndMileage&quot;:57370,&quot;segStartSoc&quot;:16},{&quot;vin&quot;:&quot;LGXC76D35K0068431&quot;,&quot;rtime&quot;:&quot;20200806194330&quot;,&quot;socOcvMaxVoltAbs&quot;:16,&quot;socOcvMinVoltAbs&quot;:11,&quot;selfDischargeRateMaxCell&quot;:null,&quot;selfDischargeRateMinCell&quot;:null,&quot;voltDiffRatio&quot;:1.06,&quot;conditionEndMileage&quot;:57450,&quot;segStartSoc&quot;:16},{&quot;vin&quot;:&quot;LGXC76D35K0068431&quot;,&quot;rtime&quot;:&quot;20200807184745&quot;,&quot;socOcvMaxVoltAbs&quot;:20,&quot;socOcvMinVoltAbs&quot;:17,&quot;selfDischargeRateMaxCell&quot;:null,&quot;selfDischargeRateMinCell&quot;:null,&quot;voltDiffRatio&quot;:0.73,&quot;conditionEndMileage&quot;:57590,&quot;segStartSoc&quot;:86},{&quot;vin&quot;:&quot;LGXC76D35K0068431&quot;,&quot;rtime&quot;:&quot;20200808090733&quot;,&quot;socOcvMaxVoltAbs&quot;:40.5,&quot;socOcvMinVoltAbs&quot;:35.5,&quot;selfDischargeRateMaxCell&quot;:null,&quot;selfDischargeRateMinCell&quot;:null,&quot;voltDiffRatio&quot;:1.36,&quot;conditionEndMileage&quot;:57650,&quot;segStartSoc&quot;:69},{&quot;vin&quot;:&quot;LGXC76D35K0068431&quot;,&quot;rtime&quot;:&quot;20200808185244&quot;,&quot;socOcvMaxVoltAbs&quot;:-14,&quot;socOcvMinVoltAbs&quot;:4,&quot;selfDischargeRateMaxCell&quot;:null,&quot;selfDischargeRateMinCell&quot;:null,&quot;voltDiffRatio&quot;:1.13,&quot;conditionEndMileage&quot;:57720,&quot;segStartSoc&quot;:50},{&quot;vin&quot;:&quot;LGXC76D35K0068431&quot;,&quot;rtime&quot;:&quot;20200811191041&quot;,&quot;socOcvMaxVoltAbs&quot;:9.5,&quot;socOcvMinVoltAbs&quot;:1,&quot;selfDischargeRateMaxCell&quot;:null,&quot;selfDischargeRateMinCell&quot;:null,&quot;voltDiffRatio&quot;:1.15,&quot;conditionEndMileage&quot;:57880,&quot;segStartSoc&quot;:20},{&quot;vin&quot;:&quot;LGXC76D35K0068431&quot;,&quot;rtime&quot;:&quot;20200812084416&quot;,&quot;socOcvMaxVoltAbs&quot;:7,&quot;socOcvMinVoltAbs&quot;:3,&quot;selfDischargeRateMaxCell&quot;:null,&quot;selfDischargeRateMinCell&quot;:null,&quot;voltDiffRatio&quot;:0.89,&quot;conditionEndMileage&quot;:57960,&quot;segStartSoc&quot;:16},{&quot;vin&quot;:&quot;LGXC76D35K0068431&quot;,&quot;rtime&quot;:&quot;20200812185250&quot;,&quot;socOcvMaxVoltAbs&quot;:2,&quot;socOcvMinVoltAbs&quot;:-5,&quot;selfDischargeRateMaxCell&quot;:null,&quot;selfDischargeRateMinCell&quot;:null,&quot;voltDiffRatio&quot;:1.06,&quot;conditionEndMileage&quot;:58030,&quot;segStartSoc&quot;:16},{&quot;vin&quot;:&quot;LGXC76D35K0068431&quot;,&quot;rtime&quot;:&quot;20200813085805&quot;,&quot;socOcvMaxVoltAbs&quot;:7,&quot;socOcvMinVoltAbs&quot;:0,&quot;selfDischargeRateMaxCell&quot;:null,&quot;selfDischargeRateMinCell&quot;:null,&quot;voltDiffRatio&quot;:1.06,&quot;conditionEndMileage&quot;:58090,&quot;segStartSoc&quot;:16},{&quot;vin&quot;:&quot;LGXC76D35K0068431&quot;,&quot;rtime&quot;:&quot;20200813192704&quot;,&quot;socOcvMaxVoltAbs&quot;:1,&quot;socOcvMinVoltAbs&quot;:-7,&quot;selfDischargeRateMaxCell&quot;:null,&quot;selfDischargeRateMinCell&quot;:null,&quot;voltDiffRatio&quot;:1.72,&quot;conditionEndMileage&quot;:58170,&quot;segStartSoc&quot;:16},{&quot;vin&quot;:&quot;LGXC76D35K0068431&quot;,&quot;rtime&quot;:&quot;20200814084136&quot;,&quot;socOcvMaxVoltAbs&quot;:-1,&quot;socOcvMinVoltAbs&quot;:-6,&quot;selfDischargeRateMaxCell&quot;:null,&quot;selfDischargeRateMinCell&quot;:null,&quot;voltDiffRatio&quot;:1,&quot;conditionEndMileage&quot;:58230,&quot;segStartSoc&quot;:16},{&quot;vin&quot;:&quot;LGXC76D35K0068431&quot;,&quot;rtime&quot;:&quot;20200814193310&quot;,&quot;socOcvMaxVoltAbs&quot;:-1,&quot;socOcvMinVoltAbs&quot;:-10,&quot;selfDischargeRateMaxCell&quot;:null,&quot;selfDischargeRateMinCell&quot;:null,&quot;voltDiffRatio&quot;:1.11,&quot;conditionEndMileage&quot;:58310,&quot;segStartSoc&quot;:16},{&quot;vin&quot;:&quot;LGXC76D35K0068431&quot;,&quot;rtime&quot;:&quot;20200816093126&quot;,&quot;socOcvMaxVoltAbs&quot;:11,&quot;socOcvMinVoltAbs&quot;:-5,&quot;selfDischargeRateMaxCell&quot;:null,&quot;selfDischargeRateMinCell&quot;:null,&quot;voltDiffRatio&quot;:0.89,&quot;conditionEndMileage&quot;:58370,&quot;segStartSoc&quot;:16},{&quot;vin&quot;:&quot;LGXC76D35K0068431&quot;,&quot;rtime&quot;:&quot;20200816182815&quot;,&quot;socOcvMaxVoltAbs&quot;:0,&quot;socOcvMinVoltAbs&quot;:-6,&quot;selfDischargeRateMaxCell&quot;:null,&quot;selfDischargeRateMinCell&quot;:null,&quot;voltDiffRatio&quot;:1,&quot;conditionEndMileage&quot;:58450,&quot;segStartSoc&quot;:16},{&quot;vin&quot;:&quot;LGXC76D35K0068431&quot;,&quot;rtime&quot;:&quot;20200817081659&quot;,&quot;socOcvMaxVoltAbs&quot;:5,&quot;socOcvMinVoltAbs&quot;:-3,&quot;selfDischargeRateMaxCell&quot;:null,&quot;selfDischargeRateMinCell&quot;:null,&quot;voltDiffRatio&quot;:1,&quot;conditionEndMileage&quot;:59010,&quot;segStartSoc&quot;:16},{&quot;vin&quot;:&quot;LGXC76D35K0068431&quot;,&quot;rtime&quot;:&quot;20200817223717&quot;,&quot;socOcvMaxVoltAbs&quot;:-2,&quot;socOcvMinVoltAbs&quot;:-7,&quot;selfDischargeRateMaxCell&quot;:null,&quot;selfDischargeRateMinCell&quot;:null,&quot;voltDiffRatio&quot;:0.89,&quot;conditionEndMileage&quot;:59080,&quot;segStartSoc&quot;:16},{&quot;vin&quot;:&quot;LGXC76D35K0068431&quot;,&quot;rtime&quot;:&quot;20200818091438&quot;,&quot;socOcvMaxVoltAbs&quot;:8,&quot;socOcvMinVoltAbs&quot;:-1,&quot;selfDischargeRateMaxCell&quot;:null,&quot;selfDischargeRateMinCell&quot;:null,&quot;voltDiffRatio&quot;:1,&quot;conditionEndMileage&quot;:59140,&quot;segStartSoc&quot;:16},{&quot;vin&quot;:&quot;LGXC76D35K0068431&quot;,&quot;rtime&quot;:&quot;20200818191429&quot;,&quot;socOcvMaxVoltAbs&quot;:5,&quot;socOcvMinVoltAbs&quot;:-2,&quot;selfDischargeRateMaxCell&quot;:null,&quot;selfDischargeRateMinCell&quot;:null,&quot;voltDiffRatio&quot;:1,&quot;conditionEndMileage&quot;:59220,&quot;segStartSoc&quot;:16},{&quot;vin&quot;:&quot;LGXC76D35K0068431&quot;,&quot;rtime&quot;:&quot;20200820085217&quot;,&quot;socOcvMaxVoltAbs&quot;:0.5,&quot;socOcvMinVoltAbs&quot;:-6,&quot;selfDischargeRateMaxCell&quot;:null,&quot;selfDischargeRateMinCell&quot;:null,&quot;voltDiffRatio&quot;:0.95,&quot;conditionEndMileage&quot;:59280,&quot;segStartSoc&quot;:16},{&quot;vin&quot;:&quot;LGXC76D35K0068431&quot;,&quot;rtime&quot;:&quot;20200820202051&quot;,&quot;socOcvMaxVoltAbs&quot;:0,&quot;socOcvMinVoltAbs&quot;:-10,&quot;selfDischargeRateMaxCell&quot;:null,&quot;selfDischargeRateMinCell&quot;:null,&quot;voltDiffRatio&quot;:1,&quot;conditionEndMileage&quot;:59360,&quot;segStartSoc&quot;:16},{&quot;vin&quot;:&quot;LGXC76D35K0068431&quot;,&quot;rtime&quot;:&quot;20200821090509&quot;,&quot;socOcvMaxVoltAbs&quot;:9.5,&quot;socOcvMinVoltAbs&quot;:0.5,&quot;selfDischargeRateMaxCell&quot;:null,&quot;selfDischargeRateMinCell&quot;:null,&quot;voltDiffRatio&quot;:0.94,&quot;conditionEndMileage&quot;:59420,&quot;segStartSoc&quot;:16},{&quot;vin&quot;:&quot;LGXC76D35K0068431&quot;,&quot;rtime&quot;:&quot;20200821195056&quot;,&quot;socOcvMaxVoltAbs&quot;:3,&quot;socOcvMinVoltAbs&quot;:-6,&quot;selfDischargeRateMaxCell&quot;:null,&quot;selfDischargeRateMinCell&quot;:null,&quot;voltDiffRatio&quot;:1,&quot;conditionEndMileage&quot;:59500,&quot;segStartSoc&quot;:16},{&quot;vin&quot;:&quot;LGXC76D35K0068431&quot;,&quot;rtime&quot;:&quot;20200822091005&quot;,&quot;socOcvMaxVoltAbs&quot;:11,&quot;socOcvMinVoltAbs&quot;:1,&quot;selfDischargeRateMaxCell&quot;:null,&quot;selfDischargeRateMinCell&quot;:null,&quot;voltDiffRatio&quot;:0.95,&quot;conditionEndMileage&quot;:59560,&quot;segStartSoc&quot;:16},{&quot;vin&quot;:&quot;LGXC76D35K0068431&quot;,&quot;rtime&quot;:&quot;20200822201217&quot;,&quot;socOcvMaxVoltAbs&quot;:10,&quot;socOcvMinVoltAbs&quot;:5,&quot;selfDischargeRateMaxCell&quot;:null,&quot;selfDischargeRateMinCell&quot;:null,&quot;voltDiffRatio&quot;:0.95,&quot;conditionEndMileage&quot;:59640,&quot;segStartSoc&quot;:16},{&quot;vin&quot;:&quot;LGXC76D35K0068431&quot;,&quot;rtime&quot;:&quot;20200823091800&quot;,&quot;socOcvMaxVoltAbs&quot;:2.5,&quot;socOcvMinVoltAbs&quot;:-6.5,&quot;selfDischargeRateMaxCell&quot;:null,&quot;selfDischargeRateMinCell&quot;:null,&quot;voltDiffRatio&quot;:0.95,&quot;conditionEndMileage&quot;:59700,&quot;segStartSoc&quot;:16},{&quot;vin&quot;:&quot;LGXC76D35K0068431&quot;,&quot;rtime&quot;:&quot;20200823193648&quot;,&quot;socOcvMaxVoltAbs&quot;:23.5,&quot;socOcvMinVoltAbs&quot;:14,&quot;selfDischargeRateMaxCell&quot;:null,&quot;selfDischargeRateMinCell&quot;:null,&quot;voltDiffRatio&quot;:1,&quot;conditionEndMileage&quot;:59780,&quot;segStartSoc&quot;:16},{&quot;vin&quot;:&quot;LGXC76D35K0068431&quot;,&quot;rtime&quot;:&quot;20200824205049&quot;,&quot;socOcvMaxVoltAbs&quot;:8.5,&quot;socOcvMinVoltAbs&quot;:-4,&quot;selfDischargeRateMaxCell&quot;:null,&quot;selfDischargeRateMinCell&quot;:null,&quot;voltDiffRatio&quot;:1,&quot;conditionEndMileage&quot;:59910,&quot;segStartSoc&quot;:82},{&quot;vin&quot;:&quot;LGXC76D35K0068431&quot;,&quot;rtime&quot;:&quot;20200828073118&quot;,&quot;socOcvMaxVoltAbs&quot;:-10,&quot;socOcvMinVoltAbs&quot;:-9,&quot;selfDischargeRateMaxCell&quot;:null,&quot;selfDischargeRateMinCell&quot;:null,&quot;voltDiffRatio&quot;:1.5,&quot;conditionEndMileage&quot;:60120,&quot;segStartSoc&quot;:39},{&quot;vin&quot;:&quot;LGXC76D35K0068431&quot;,&quot;rtime&quot;:&quot;20200828161320&quot;,&quot;socOcvMaxVoltAbs&quot;:10,&quot;socOcvMinVoltAbs&quot;:5,&quot;selfDischargeRateMaxCell&quot;:null,&quot;selfDischargeRateMinCell&quot;:null,&quot;voltDiffRatio&quot;:1.26,&quot;conditionEndMileage&quot;:60350,&quot;segStartSoc&quot;:16},{&quot;vin&quot;:&quot;LGXC76D35K0068431&quot;,&quot;rtime&quot;:&quot;20200828215517&quot;,&quot;socOcvMaxVoltAbs&quot;:-3,&quot;socOcvMinVoltAbs&quot;:-8,&quot;selfDischargeRateMaxCell&quot;:null,&quot;selfDischargeRateMinCell&quot;:null,&quot;voltDiffRatio&quot;:1.16,&quot;conditionEndMileage&quot;:60490,&quot;segStartSoc&quot;:16},{&quot;vin&quot;:&quot;LGXC76D35K0068431&quot;,&quot;rtime&quot;:&quot;20200830114257&quot;,&quot;socOcvMaxVoltAbs&quot;:6.5,&quot;socOcvMinVoltAbs&quot;:9.5,&quot;selfDischargeRateMaxCell&quot;:null,&quot;selfDischargeRateMinCell&quot;:null,&quot;voltDiffRatio&quot;:1.32,&quot;conditionEndMileage&quot;:60550,&quot;segStartSoc&quot;:16},{&quot;vin&quot;:&quot;LGXC76D35K0068431&quot;,&quot;rtime&quot;:&quot;20200830192054&quot;,&quot;socOcvMaxVoltAbs&quot;:7,&quot;socOcvMinVoltAbs&quot;:5,&quot;selfDischargeRateMaxCell&quot;:null,&quot;selfDischargeRateMinCell&quot;:null,&quot;voltDiffRatio&quot;:1.32,&quot;conditionEndMileage&quot;:60630,&quot;segStartSoc&quot;:16},{&quot;vin&quot;:&quot;LGXC76D35K0068431&quot;,&quot;rtime&quot;:&quot;20200905182338&quot;,&quot;socOcvMaxVoltAbs&quot;:-4,&quot;socOcvMinVoltAbs&quot;:-1.5,&quot;selfDischargeRateMaxCell&quot;:null,&quot;selfDischargeRateMinCell&quot;:null,&quot;voltDiffRatio&quot;:1.32,&quot;conditionEndMileage&quot;:61190,&quot;segStartSoc&quot;:16},{&quot;vin&quot;:&quot;LGXC76D35K0068431&quot;,&quot;rtime&quot;:&quot;20200908095010&quot;,&quot;socOcvMaxVoltAbs&quot;:13.5,&quot;socOcvMinVoltAbs&quot;:7,&quot;selfDischargeRateMaxCell&quot;:null,&quot;selfDischargeRateMinCell&quot;:null,&quot;voltDiffRatio&quot;:1.32,&quot;conditionEndMileage&quot;:61360,&quot;segStartSoc&quot;:16},{&quot;vin&quot;:&quot;LGXC76D35K0068431&quot;,&quot;rtime&quot;:&quot;20200908173254&quot;,&quot;socOcvMaxVoltAbs&quot;:-3,&quot;socOcvMinVoltAbs&quot;:-13,&quot;selfDischargeRateMaxCell&quot;:null,&quot;selfDischargeRateMinCell&quot;:null,&quot;voltDiffRatio&quot;:2.44,&quot;conditionEndMileage&quot;:61410,&quot;segStartSoc&quot;:16},{&quot;vin&quot;:&quot;LGXC76D35K0068431&quot;,&quot;rtime&quot;:&quot;20200909115037&quot;,&quot;socOcvMaxVoltAbs&quot;:2,&quot;socOcvMinVoltAbs&quot;:0,&quot;selfDischargeRateMaxCell&quot;:null,&quot;selfDischargeRateMinCell&quot;:null,&quot;voltDiffRatio&quot;:1.39,&quot;conditionEndMileage&quot;:61450,&quot;segStartSoc&quot;:16},{&quot;vin&quot;:&quot;LGXC76D35K0068431&quot;,&quot;rtime&quot;:&quot;20200909171042&quot;,&quot;socOcvMaxVoltAbs&quot;:9,&quot;socOcvMinVoltAbs&quot;:10,&quot;selfDischargeRateMaxCell&quot;:null,&quot;selfDischargeRateMinCell&quot;:null,&quot;voltDiffRatio&quot;:1.39,&quot;conditionEndMileage&quot;:61530,&quot;segStartSoc&quot;:16},{&quot;vin&quot;:&quot;LGXC76D35K0068431&quot;,&quot;rtime&quot;:&quot;20200910103641&quot;,&quot;socOcvMaxVoltAbs&quot;:5,&quot;socOcvMinVoltAbs&quot;:3,&quot;selfDischargeRateMaxCell&quot;:null,&quot;selfDischargeRateMinCell&quot;:null,&quot;voltDiffRatio&quot;:1.32,&quot;conditionEndMileage&quot;:61690,&quot;segStartSoc&quot;:16},{&quot;vin&quot;:&quot;LGXC76D35K0068431&quot;,&quot;rtime&quot;:&quot;20200911152330&quot;,&quot;socOcvMaxVoltAbs&quot;:6.5,&quot;socOcvMinVoltAbs&quot;:5,&quot;selfDischargeRateMaxCell&quot;:null,&quot;selfDischargeRateMinCell&quot;:null,&quot;voltDiffRatio&quot;:1.32,&quot;conditionEndMileage&quot;:61890,&quot;segStartSoc&quot;:16},{&quot;vin&quot;:&quot;LGXC76D35K0068431&quot;,&quot;rtime&quot;:&quot;20200913100140&quot;,&quot;socOcvMaxVoltAbs&quot;:2.5,&quot;socOcvMinVoltAbs&quot;:-2.5,&quot;selfDischargeRateMaxCell&quot;:null,&quot;selfDischargeRateMinCell&quot;:null,&quot;voltDiffRatio&quot;:1.26,&quot;conditionEndMileage&quot;:62020,&quot;segStartSoc&quot;:16},{&quot;vin&quot;:&quot;LGXC76D35K0068431&quot;,&quot;rtime&quot;:&quot;20200914073944&quot;,&quot;socOcvMaxVoltAbs&quot;:22,&quot;socOcvMinVoltAbs&quot;:21.5,&quot;selfDischargeRateMaxCell&quot;:null,&quot;selfDischargeRateMinCell&quot;:null,&quot;voltDiffRatio&quot;:1.36,&quot;conditionEndMileage&quot;:62020,&quot;segStartSoc&quot;:13},{&quot;vin&quot;:&quot;LGXC76D35K0068431&quot;,&quot;rtime&quot;:&quot;20200918111841&quot;,&quot;socOcvMaxVoltAbs&quot;:17,&quot;socOcvMinVoltAbs&quot;:17,&quot;selfDischargeRateMaxCell&quot;:null,&quot;selfDischargeRateMinCell&quot;:null,&quot;voltDiffRatio&quot;:1.39,&quot;conditionEndMileage&quot;:62410,&quot;segStartSoc&quot;:16},{&quot;vin&quot;:&quot;LGXC76D35K0068431&quot;,&quot;rtime&quot;:&quot;20200918174542&quot;,&quot;socOcvMaxVoltAbs&quot;:14,&quot;socOcvMinVoltAbs&quot;:18,&quot;selfDischargeRateMaxCell&quot;:null,&quot;selfDischargeRateMinCell&quot;:null,&quot;voltDiffRatio&quot;:1.44,&quot;conditionEndMileage&quot;:62410,&quot;segStartSoc&quot;:16},{&quot;vin&quot;:&quot;LGXC76D35K0068431&quot;,&quot;rtime&quot;:&quot;20200922111428&quot;,&quot;socOcvMaxVoltAbs&quot;:5,&quot;socOcvMinVoltAbs&quot;:6,&quot;selfDischargeRateMaxCell&quot;:null,&quot;selfDischargeRateMinCell&quot;:null,&quot;voltDiffRatio&quot;:1.39,&quot;conditionEndMileage&quot;:62490,&quot;segStartSoc&quot;:16},{&quot;vin&quot;:&quot;LGXC76D35K0068431&quot;,&quot;rtime&quot;:&quot;20200922170955&quot;,&quot;socOcvMaxVoltAbs&quot;:5,&quot;socOcvMinVoltAbs&quot;:10,&quot;selfDischargeRateMaxCell&quot;:null,&quot;selfDischargeRateMinCell&quot;:null,&quot;voltDiffRatio&quot;:1.39,&quot;conditionEndMileage&quot;:62490,&quot;segStartSoc&quot;:16},{&quot;vin&quot;:&quot;LGXC76D35K0068431&quot;,&quot;rtime&quot;:&quot;20200928094146&quot;,&quot;socOcvMaxVoltAbs&quot;:-20,&quot;socOcvMinVoltAbs&quot;:-17,&quot;selfDischargeRateMaxCell&quot;:null,&quot;selfDischargeRateMinCell&quot;:null,&quot;voltDiffRatio&quot;:1.32,&quot;conditionEndMileage&quot;:62750,&quot;segStartSoc&quot;:16},{&quot;vin&quot;:&quot;LGXC76D35K0068431&quot;,&quot;rtime&quot;:&quot;20200929133432&quot;,&quot;socOcvMaxVoltAbs&quot;:-4,&quot;socOcvMinVoltAbs&quot;:-2.5,&quot;selfDischargeRateMaxCell&quot;:null,&quot;selfDischargeRateMinCell&quot;:null,&quot;voltDiffRatio&quot;:1.44,&quot;conditionEndMileage&quot;:62750,&quot;segStartSoc&quot;:16},{&quot;vin&quot;:&quot;LGXC76D35K0068431&quot;,&quot;rtime&quot;:&quot;20200930173546&quot;,&quot;socOcvMaxVoltAbs&quot;:-5.5,&quot;socOcvMinVoltAbs&quot;:-5,&quot;selfDischargeRateMaxCell&quot;:null,&quot;selfDischargeRateMinCell&quot;:null,&quot;voltDiffRatio&quot;:1.26,&quot;conditionEndMileage&quot;:63030,&quot;segStartSoc&quot;:16},{&quot;vin&quot;:&quot;LGXC76D35K0068431&quot;,&quot;rtime&quot;:&quot;20201001152511&quot;,&quot;socOcvMaxVoltAbs&quot;:10,&quot;socOcvMinVoltAbs&quot;:-11,&quot;selfDischargeRateMaxCell&quot;:null,&quot;selfDischargeRateMinCell&quot;:null,&quot;voltDiffRatio&quot;:1.36,&quot;conditionEndMileage&quot;:63030,&quot;segStartSoc&quot;:14},{&quot;vin&quot;:&quot;LGXC76D35K0068431&quot;,&quot;rtime&quot;:&quot;20201002052218&quot;,&quot;socOcvMaxVoltAbs&quot;:-23,&quot;socOcvMinVoltAbs&quot;:-26,&quot;selfDischargeRateMaxCell&quot;:null,&quot;selfDischargeRateMinCell&quot;:null,&quot;voltDiffRatio&quot;:2.46,&quot;conditionEndMileage&quot;:63030,&quot;segStartSoc&quot;:15},{&quot;vin&quot;:&quot;LGXC76D35K0068431&quot;,&quot;rtime&quot;:&quot;20201003103148&quot;,&quot;socOcvMaxVoltAbs&quot;:14,&quot;socOcvMinVoltAbs&quot;:5,&quot;selfDischargeRateMaxCell&quot;:null,&quot;selfDischargeRateMinCell&quot;:null,&quot;voltDiffRatio&quot;:1.5,&quot;conditionEndMileage&quot;:71880,&quot;segStartSoc&quot;:51},{&quot;vin&quot;:&quot;LGXC76D35K0068431&quot;,&quot;rtime&quot;:&quot;20201003175605&quot;,&quot;socOcvMaxVoltAbs&quot;:19,&quot;socOcvMinVoltAbs&quot;:17,&quot;selfDischargeRateMaxCell&quot;:null,&quot;selfDischargeRateMinCell&quot;:null,&quot;voltDiffRatio&quot;:1.5,&quot;conditionEndMileage&quot;:72130,&quot;segStartSoc&quot;:45},{&quot;vin&quot;:&quot;LGXC76D35K0068431&quot;,&quot;rtime&quot;:&quot;20201005075529&quot;,&quot;socOcvMaxVoltAbs&quot;:15,&quot;socOcvMinVoltAbs&quot;:14,&quot;selfDischargeRateMaxCell&quot;:null,&quot;selfDischargeRateMinCell&quot;:null,&quot;voltDiffRatio&quot;:1.38,&quot;conditionEndMileage&quot;:72910,&quot;segStartSoc&quot;:51},{&quot;vin&quot;:&quot;LGXC76D35K0068431&quot;,&quot;rtime&quot;:&quot;20201006065354&quot;,&quot;socOcvMaxVoltAbs&quot;:29.5,&quot;socOcvMinVoltAbs&quot;:24.5,&quot;selfDischargeRateMaxCell&quot;:null,&quot;selfDischargeRateMinCell&quot;:null,&quot;voltDiffRatio&quot;:1.33,&quot;conditionEndMileage&quot;:74690,&quot;segStartSoc&quot;:16},{&quot;vin&quot;:&quot;LGXC76D35K0068431&quot;,&quot;rtime&quot;:&quot;20201007065335&quot;,&quot;socOcvMaxVoltAbs&quot;:-10,&quot;socOcvMinVoltAbs&quot;:5,&quot;selfDischargeRateMaxCell&quot;:null,&quot;selfDischargeRateMinCell&quot;:null,&quot;voltDiffRatio&quot;:2,&quot;conditionEndMileage&quot;:75960,&quot;segStartSoc&quot;:37},{&quot;vin&quot;:&quot;LGXC76D35K0068431&quot;,&quot;rtime&quot;:&quot;20201007163711&quot;,&quot;socOcvMaxVoltAbs&quot;:-6.5,&quot;socOcvMinVoltAbs&quot;:0,&quot;selfDischargeRateMaxCell&quot;:null,&quot;selfDischargeRateMinCell&quot;:null,&quot;voltDiffRatio&quot;:2,&quot;conditionEndMileage&quot;:76000,&quot;segStartSoc&quot;:34},{&quot;vin&quot;:&quot;LGXC76D35K0068431&quot;,&quot;rtime&quot;:&quot;20201009151316&quot;,&quot;socOcvMaxVoltAbs&quot;:16,&quot;socOcvMinVoltAbs&quot;:9,&quot;selfDischargeRateMaxCell&quot;:null,&quot;selfDischargeRateMinCell&quot;:null,&quot;voltDiffRatio&quot;:1.3,&quot;conditionEndMileage&quot;:84750,&quot;segStartSoc&quot;:24},{&quot;vin&quot;:&quot;LGXC76D35K0068431&quot;,&quot;rtime&quot;:&quot;20201016144635&quot;,&quot;socOcvMaxVoltAbs&quot;:22,&quot;socOcvMinVoltAbs&quot;:22.5,&quot;selfDischargeRateMaxCell&quot;:null,&quot;selfDischargeRateMinCell&quot;:null,&quot;voltDiffRatio&quot;:1.7,&quot;conditionEndMileage&quot;:84970,&quot;segStartSoc&quot;:13},{&quot;vin&quot;:&quot;LGXC76D35K0068431&quot;,&quot;rtime&quot;:&quot;20201030074914&quot;,&quot;socOcvMaxVoltAbs&quot;:8,&quot;socOcvMinVoltAbs&quot;:30,&quot;selfDischargeRateMaxCell&quot;:null,&quot;selfDischargeRateMinCell&quot;:null,&quot;voltDiffRatio&quot;:1.33,&quot;conditionEndMileage&quot;:85340,&quot;segStartSoc&quot;:16},{&quot;vin&quot;:&quot;LGXC76D35K0068431&quot;,&quot;rtime&quot;:&quot;20201030183312&quot;,&quot;socOcvMaxVoltAbs&quot;:3,&quot;socOcvMinVoltAbs&quot;:-2,&quot;selfDischargeRateMaxCell&quot;:null,&quot;selfDischargeRateMinCell&quot;:null,&quot;voltDiffRatio&quot;:1.28,&quot;conditionEndMileage&quot;:85440,&quot;segStartSoc&quot;:16},{&quot;vin&quot;:&quot;LGXC76D35K0068431&quot;,&quot;rtime&quot;:&quot;20201031065619&quot;,&quot;socOcvMaxVoltAbs&quot;:1,&quot;socOcvMinVoltAbs&quot;:3,&quot;selfDischargeRateMaxCell&quot;:null,&quot;selfDischargeRateMinCell&quot;:null,&quot;voltDiffRatio&quot;:1.39,&quot;conditionEndMileage&quot;:85530,&quot;segStartSoc&quot;:16},{&quot;vin&quot;:&quot;LGXC76D35K0068431&quot;,&quot;rtime&quot;:&quot;20201031185426&quot;,&quot;socOcvMaxVoltAbs&quot;:8,&quot;socOcvMinVoltAbs&quot;:5,&quot;selfDischargeRateMaxCell&quot;:null,&quot;selfDischargeRateMinCell&quot;:null,&quot;voltDiffRatio&quot;:1.39,&quot;conditionEndMileage&quot;:85620,&quot;segStartSoc&quot;:16},{&quot;vin&quot;:&quot;LGXC76D35K0068431&quot;,&quot;rtime&quot;:&quot;20201102060159&quot;,&quot;socOcvMaxVoltAbs&quot;:-7,&quot;socOcvMinVoltAbs&quot;:-9,&quot;selfDischargeRateMaxCell&quot;:null,&quot;selfDischargeRateMinCell&quot;:null,&quot;voltDiffRatio&quot;:1.39,&quot;conditionEndMileage&quot;:85710,&quot;segStartSoc&quot;:16},{&quot;vin&quot;:&quot;LGXC76D35K0068431&quot;,&quot;rtime&quot;:&quot;20201102212903&quot;,&quot;socOcvMaxVoltAbs&quot;:-4,&quot;socOcvMinVoltAbs&quot;:-4,&quot;selfDischargeRateMaxCell&quot;:null,&quot;selfDischargeRateMinCell&quot;:null,&quot;voltDiffRatio&quot;:1.39,&quot;conditionEndMileage&quot;:85800,&quot;segStartSoc&quot;:16},{&quot;vin&quot;:&quot;LGXC76D35K0068431&quot;,&quot;rtime&quot;:&quot;20201103055844&quot;,&quot;socOcvMaxVoltAbs&quot;:-9,&quot;socOcvMinVoltAbs&quot;:-8,&quot;selfDischargeRateMaxCell&quot;:null,&quot;selfDischargeRateMinCell&quot;:null,&quot;voltDiffRatio&quot;:1.44,&quot;conditionEndMileage&quot;:85920,&quot;segStartSoc&quot;:16},{&quot;vin&quot;:&quot;LGXC76D35K0068431&quot;,&quot;rtime&quot;:&quot;20201103193803&quot;,&quot;socOcvMaxVoltAbs&quot;:6,&quot;socOcvMinVoltAbs&quot;:6,&quot;selfDischargeRateMaxCell&quot;:null,&quot;selfDischargeRateMinCell&quot;:null,&quot;voltDiffRatio&quot;:1.5,&quot;conditionEndMileage&quot;:86010,&quot;segStartSoc&quot;:16},{&quot;vin&quot;:&quot;LGXC76D35K0068431&quot;,&quot;rtime&quot;:&quot;20201104055023&quot;,&quot;socOcvMaxVoltAbs&quot;:-5,&quot;socOcvMinVoltAbs&quot;:-4,&quot;selfDischargeRateMaxCell&quot;:null,&quot;selfDischargeRateMinCell&quot;:null,&quot;voltDiffRatio&quot;:1.5,&quot;conditionEndMileage&quot;:86100,&quot;segStartSoc&quot;:16},{&quot;vin&quot;:&quot;LGXC76D35K0068431&quot;,&quot;rtime&quot;:&quot;20201104185226&quot;,&quot;socOcvMaxVoltAbs&quot;:5.5,&quot;socOcvMinVoltAbs&quot;:5,&quot;selfDischargeRateMaxCell&quot;:null,&quot;selfDischargeRateMinCell&quot;:null,&quot;voltDiffRatio&quot;:1.5,&quot;conditionEndMileage&quot;:86190,&quot;segStartSoc&quot;:16},{&quot;vin&quot;:&quot;LGXC76D35K0068431&quot;,&quot;rtime&quot;:&quot;20201105072353&quot;,&quot;socOcvMaxVoltAbs&quot;:-5,&quot;socOcvMinVoltAbs&quot;:-7,&quot;selfDischargeRateMaxCell&quot;:null,&quot;selfDischargeRateMinCell&quot;:null,&quot;voltDiffRatio&quot;:1.5,&quot;conditionEndMileage&quot;:86280,&quot;segStartSoc&quot;:16},{&quot;vin&quot;:&quot;LGXC76D35K0068431&quot;,&quot;rtime&quot;:&quot;20201105184609&quot;,&quot;socOcvMaxVoltAbs&quot;:1,&quot;socOcvMinVoltAbs&quot;:2,&quot;selfDischargeRateMaxCell&quot;:null,&quot;selfDischargeRateMinCell&quot;:null,&quot;voltDiffRatio&quot;:1.44,&quot;conditionEndMileage&quot;:86380,&quot;segStartSoc&quot;:16},{&quot;vin&quot;:&quot;LGXC76D35K0068431&quot;,&quot;rtime&quot;:&quot;20201106073848&quot;,&quot;socOcvMaxVoltAbs&quot;:1,&quot;socOcvMinVoltAbs&quot;:3,&quot;selfDischargeRateMaxCell&quot;:null,&quot;selfDischargeRateMinCell&quot;:null,&quot;voltDiffRatio&quot;:1.5,&quot;conditionEndMileage&quot;:86460,&quot;segStartSoc&quot;:16},{&quot;vin&quot;:&quot;LGXC76D35K0068431&quot;,&quot;rtime&quot;:&quot;20201106170744&quot;,&quot;socOcvMaxVoltAbs&quot;:-2,&quot;socOcvMinVoltAbs&quot;:-1,&quot;selfDischargeRateMaxCell&quot;:null,&quot;selfDischargeRateMinCell&quot;:null,&quot;voltDiffRatio&quot;:1.5,&quot;conditionEndMileage&quot;:86550,&quot;segStartSoc&quot;:16},{&quot;vin&quot;:&quot;LGXC76D35K0068431&quot;,&quot;rtime&quot;:&quot;20201107071748&quot;,&quot;socOcvMaxVoltAbs&quot;:-9.5,&quot;socOcvMinVoltAbs&quot;:-6,&quot;selfDischargeRateMaxCell&quot;:null,&quot;selfDischargeRateMinCell&quot;:null,&quot;voltDiffRatio&quot;:1.37,&quot;conditionEndMileage&quot;:87180,&quot;segStartSoc&quot;:16},{&quot;vin&quot;:&quot;LGXC76D35K0068431&quot;,&quot;rtime&quot;:&quot;20201107182426&quot;,&quot;socOcvMaxVoltAbs&quot;:-10.5,&quot;socOcvMinVoltAbs&quot;:-10.5,&quot;selfDischargeRateMaxCell&quot;:null,&quot;selfDischargeRateMinCell&quot;:null,&quot;voltDiffRatio&quot;:2,&quot;conditionEndMileage&quot;:87270,&quot;segStartSoc&quot;:17},{&quot;vin&quot;:&quot;LGXC76D35K0068431&quot;,&quot;rtime&quot;:&quot;20201108064405&quot;,&quot;socOcvMaxVoltAbs&quot;:-10,&quot;socOcvMinVoltAbs&quot;:-10,&quot;selfDischargeRateMaxCell&quot;:null,&quot;selfDischargeRateMinCell&quot;:null,&quot;voltDiffRatio&quot;:1.44,&quot;conditionEndMileage&quot;:87360,&quot;segStartSoc&quot;:16},{&quot;vin&quot;:&quot;LGXC76D35K0068431&quot;,&quot;rtime&quot;:&quot;20201108160707&quot;,&quot;socOcvMaxVoltAbs&quot;:0,&quot;socOcvMinVoltAbs&quot;:0,&quot;selfDischargeRateMaxCell&quot;:null,&quot;selfDischargeRateMinCell&quot;:null,&quot;voltDiffRatio&quot;:1.5,&quot;conditionEndMileage&quot;:87460,&quot;segStartSoc&quot;:16},{&quot;vin&quot;:&quot;LGXC76D35K0068431&quot;,&quot;rtime&quot;:&quot;20201109063816&quot;,&quot;socOcvMaxVoltAbs&quot;:6,&quot;socOcvMinVoltAbs&quot;:11,&quot;selfDischargeRateMaxCell&quot;:null,&quot;selfDischargeRateMinCell&quot;:null,&quot;voltDiffRatio&quot;:1.5,&quot;conditionEndMileage&quot;:87530,&quot;segStartSoc&quot;:16},{&quot;vin&quot;:&quot;LGXC76D35K0068431&quot;,&quot;rtime&quot;:&quot;20201109145652&quot;,&quot;socOcvMaxVoltAbs&quot;:3,&quot;socOcvMinVoltAbs&quot;:2,&quot;selfDischargeRateMaxCell&quot;:null,&quot;selfDischargeRateMinCell&quot;:null,&quot;voltDiffRatio&quot;:1.5,&quot;conditionEndMileage&quot;:87640,&quot;segStartSoc&quot;:16},{&quot;vin&quot;:&quot;LGXC76D35K0068431&quot;,&quot;rtime&quot;:&quot;20201110061257&quot;,&quot;socOcvMaxVoltAbs&quot;:-6,&quot;socOcvMinVoltAbs&quot;:-6,&quot;selfDischargeRateMaxCell&quot;:null,&quot;selfDischargeRateMinCell&quot;:null,&quot;voltDiffRatio&quot;:1.5,&quot;conditionEndMileage&quot;:87800,&quot;segStartSoc&quot;:16},{&quot;vin&quot;:&quot;LGXC76D35K0068431&quot;,&quot;rtime&quot;:&quot;20201110103557&quot;,&quot;socOcvMaxVoltAbs&quot;:2,&quot;socOcvMinVoltAbs&quot;:1.5,&quot;selfDischargeRateMaxCell&quot;:null,&quot;selfDischargeRateMinCell&quot;:null,&quot;voltDiffRatio&quot;:1.5,&quot;conditionEndMileage&quot;:87910,&quot;segStartSoc&quot;:16},{&quot;vin&quot;:&quot;LGXC76D35K0068431&quot;,&quot;rtime&quot;:&quot;20201111055631&quot;,&quot;socOcvMaxVoltAbs&quot;:1,&quot;socOcvMinVoltAbs&quot;:6.5,&quot;selfDischargeRateMaxCell&quot;:null,&quot;selfDischargeRateMinCell&quot;:null,&quot;voltDiffRatio&quot;:1.44,&quot;conditionEndMileage&quot;:88300,&quot;segStartSoc&quot;:16},{&quot;vin&quot;:&quot;LGXC76D35K0068431&quot;,&quot;rtime&quot;:&quot;20201111191719&quot;,&quot;socOcvMaxVoltAbs&quot;:-7.5,&quot;socOcvMinVoltAbs&quot;:-5,&quot;selfDischargeRateMaxCell&quot;:null,&quot;selfDischargeRateMinCell&quot;:null,&quot;voltDiffRatio&quot;:1.79,&quot;conditionEndMileage&quot;:88410,&quot;segStartSoc&quot;:16},{&quot;vin&quot;:&quot;LGXC76D35K0068431&quot;,&quot;rtime&quot;:&quot;20201113061022&quot;,&quot;socOcvMaxVoltAbs&quot;:11,&quot;socOcvMinVoltAbs&quot;:-6,&quot;selfDischargeRateMaxCell&quot;:null,&quot;selfDischargeRateMinCell&quot;:null,&quot;voltDiffRatio&quot;:1.67,&quot;conditionEndMileage&quot;:88480,&quot;segStartSoc&quot;:16},{&quot;vin&quot;:&quot;LGXC76D35K0068431&quot;,&quot;rtime&quot;:&quot;20201114000331&quot;,&quot;socOcvMaxVoltAbs&quot;:-5,&quot;socOcvMinVoltAbs&quot;:-7,&quot;selfDischargeRateMaxCell&quot;:null,&quot;selfDischargeRateMinCell&quot;:null,&quot;voltDiffRatio&quot;:1.32,&quot;conditionEndMileage&quot;:88580,&quot;segStartSoc&quot;:16},{&quot;vin&quot;:&quot;LGXC76D35K0068431&quot;,&quot;rtime&quot;:&quot;20201115134037&quot;,&quot;socOcvMaxVoltAbs&quot;:-6.5,&quot;socOcvMinVoltAbs&quot;:-2,&quot;selfDischargeRateMaxCell&quot;:null,&quot;selfDischargeRateMinCell&quot;:null,&quot;voltDiffRatio&quot;:1.44,&quot;conditionEndMileage&quot;:88650,&quot;segStartSoc&quot;:16},{&quot;vin&quot;:&quot;LGXC76D35K0068431&quot;,&quot;rtime&quot;:&quot;20201116160422&quot;,&quot;socOcvMaxVoltAbs&quot;:5,&quot;socOcvMinVoltAbs&quot;:7,&quot;selfDischargeRateMaxCell&quot;:null,&quot;selfDischargeRateMinCell&quot;:null,&quot;voltDiffRatio&quot;:1.56,&quot;conditionEndMileage&quot;:88920,&quot;segStartSoc&quot;:16},{&quot;vin&quot;:&quot;LGXC76D35K0068431&quot;,&quot;rtime&quot;:&quot;20201117191557&quot;,&quot;socOcvMaxVoltAbs&quot;:4.5,&quot;socOcvMinVoltAbs&quot;:2,&quot;selfDischargeRateMaxCell&quot;:null,&quot;selfDischargeRateMinCell&quot;:null,&quot;voltDiffRatio&quot;:1.5,&quot;conditionEndMileage&quot;:89070,&quot;segStartSoc&quot;:16},{&quot;vin&quot;:&quot;LGXC76D35K0068431&quot;,&quot;rtime&quot;:&quot;20201118101948&quot;,&quot;socOcvMaxVoltAbs&quot;:-11,&quot;socOcvMinVoltAbs&quot;:-12,&quot;selfDischargeRateMaxCell&quot;:null,&quot;selfDischargeRateMinCell&quot;:null,&quot;voltDiffRatio&quot;:1.37,&quot;conditionEndMileage&quot;:89720,&quot;segStartSoc&quot;:16},{&quot;vin&quot;:&quot;LGXC76D35K0068431&quot;,&quot;rtime&quot;:&quot;20201204134717&quot;,&quot;socOcvMaxVoltAbs&quot;:65,&quot;socOcvMinVoltAbs&quot;:95,&quot;selfDischargeRateMaxCell&quot;:null,&quot;selfDischargeRateMinCell&quot;:null,&quot;voltDiffRatio&quot;:1.44,&quot;conditionEndMileage&quot;:89790,&quot;segStartSoc&quot;:16},{&quot;vin&quot;:&quot;LGXC76D35K0068431&quot;,&quot;rtime&quot;:&quot;20201205132347&quot;,&quot;socOcvMaxVoltAbs&quot;:3,&quot;socOcvMinVoltAbs&quot;:-1,&quot;selfDischargeRateMaxCell&quot;:null,&quot;selfDischargeRateMinCell&quot;:null,&quot;voltDiffRatio&quot;:1.5,&quot;conditionEndMileage&quot;:90180,&quot;segStartSoc&quot;:16},{&quot;vin&quot;:&quot;LGXC76D35K0068431&quot;,&quot;rtime&quot;:&quot;20201207083542&quot;,&quot;socOcvMaxVoltAbs&quot;:2,&quot;socOcvMinVoltAbs&quot;:-14,&quot;selfDischargeRateMaxCell&quot;:null,&quot;selfDischargeRateMinCell&quot;:null,&quot;voltDiffRatio&quot;:1.5,&quot;conditionEndMileage&quot;:90310,&quot;segStartSoc&quot;:16},{&quot;vin&quot;:&quot;LGXC76D35K0068431&quot;,&quot;rtime&quot;:&quot;20201211135155&quot;,&quot;socOcvMaxVoltAbs&quot;:9,&quot;socOcvMinVoltAbs&quot;:17,&quot;selfDischargeRateMaxCell&quot;:null,&quot;selfDischargeRateMinCell&quot;:null,&quot;voltDiffRatio&quot;:1.44,&quot;conditionEndMileage&quot;:90700,&quot;segStartSoc&quot;:16},{&quot;vin&quot;:&quot;LGXC76D35K0068431&quot;,&quot;rtime&quot;:&quot;20201220143342&quot;,&quot;socOcvMaxVoltAbs&quot;:-4,&quot;socOcvMinVoltAbs&quot;:0,&quot;selfDischargeRateMaxCell&quot;:null,&quot;selfDischargeRateMinCell&quot;:null,&quot;voltDiffRatio&quot;:1.56,&quot;conditionEndMileage&quot;:90980,&quot;segStartSoc&quot;:16},{&quot;vin&quot;:&quot;LGXC76D35K0068431&quot;,&quot;rtime&quot;:&quot;20201223195405&quot;,&quot;socOcvMaxVoltAbs&quot;:3,&quot;socOcvMinVoltAbs&quot;:-4,&quot;selfDischargeRateMaxCell&quot;:null,&quot;selfDischargeRateMinCell&quot;:null,&quot;voltDiffRatio&quot;:2.17,&quot;conditionEndMileage&quot;:91110,&quot;segStartSoc&quot;:15},{&quot;vin&quot;:&quot;LGXC76D35K0068431&quot;,&quot;rtime&quot;:&quot;20201224154010&quot;,&quot;socOcvMaxVoltAbs&quot;:6.5,&quot;socOcvMinVoltAbs&quot;:5.5,&quot;selfDischargeRateMaxCell&quot;:null,&quot;selfDischargeRateMinCell&quot;:null,&quot;voltDiffRatio&quot;:1.39,&quot;conditionEndMileage&quot;:91330,&quot;segStartSoc&quot;:16},{&quot;vin&quot;:&quot;LGXC76D35K0068431&quot;,&quot;rtime&quot;:&quot;20201227080912&quot;,&quot;socOcvMaxVoltAbs&quot;:-5,&quot;socOcvMinVoltAbs&quot;:-10,&quot;selfDischargeRateMaxCell&quot;:null,&quot;selfDischargeRateMinCell&quot;:null,&quot;voltDiffRatio&quot;:1.44,&quot;conditionEndMileage&quot;:91330,&quot;segStartSoc&quot;:16},{&quot;vin&quot;:&quot;LGXC76D35K0068431&quot;,&quot;rtime&quot;:&quot;20201228174826&quot;,&quot;socOcvMaxVoltAbs&quot;:19,&quot;socOcvMinVoltAbs&quot;:28,&quot;selfDischargeRateMaxCell&quot;:null,&quot;selfDischargeRateMinCell&quot;:null,&quot;voltDiffRatio&quot;:1.67,&quot;conditionEndMileage&quot;:91900,&quot;segStartSoc&quot;:17},{&quot;vin&quot;:&quot;LGXC76D35K0068431&quot;,&quot;rtime&quot;:&quot;20201231125528&quot;,&quot;socOcvMaxVoltAbs&quot;:14.5,&quot;socOcvMinVoltAbs&quot;:29.5,&quot;selfDischargeRateMaxCell&quot;:null,&quot;selfDischargeRateMinCell&quot;:null,&quot;voltDiffRatio&quot;:1.5,&quot;conditionEndMileage&quot;:91900,&quot;segStartSoc&quot;:16},{&quot;vin&quot;:&quot;LGXC76D35K0068431&quot;,&quot;rtime&quot;:&quot;20210119113905&quot;,&quot;socOcvMaxVoltAbs&quot;:12,&quot;socOcvMinVoltAbs&quot;:11,&quot;selfDischargeRateMaxCell&quot;:null,&quot;selfDischargeRateMinCell&quot;:null,&quot;voltDiffRatio&quot;:1.63,&quot;conditionEndMileage&quot;:93100,&quot;segStartSoc&quot;:16},{&quot;vin&quot;:&quot;LGXC76D35K0068431&quot;,&quot;rtime&quot;:&quot;20210121090322&quot;,&quot;socOcvMaxVoltAbs&quot;:43.5,&quot;socOcvMinVoltAbs&quot;:42.5,&quot;selfDischargeRateMaxCell&quot;:null,&quot;selfDischargeRateMinCell&quot;:null,&quot;voltDiffRatio&quot;:1.6,&quot;conditionEndMileage&quot;:93460,&quot;segStartSoc&quot;:59},{&quot;vin&quot;:&quot;LGXC76D35K0068431&quot;,&quot;rtime&quot;:&quot;20210121142926&quot;,&quot;socOcvMaxVoltAbs&quot;:13,&quot;socOcvMinVoltAbs&quot;:14,&quot;selfDischargeRateMaxCell&quot;:null,&quot;selfDischargeRateMinCell&quot;:null,&quot;voltDiffRatio&quot;:1.38,&quot;conditionEndMileage&quot;:93610,&quot;segStartSoc&quot;:51},{&quot;vin&quot;:&quot;LGXC76D35K0068431&quot;,&quot;rtime&quot;:&quot;20210122092246&quot;,&quot;socOcvMaxVoltAbs&quot;:13,&quot;socOcvMinVoltAbs&quot;:20,&quot;selfDischargeRateMaxCell&quot;:null,&quot;selfDischargeRateMinCell&quot;:null,&quot;voltDiffRatio&quot;:2.33,&quot;conditionEndMileage&quot;:93920,&quot;segStartSoc&quot;:31},{&quot;vin&quot;:&quot;LGXC76D35K0068431&quot;,&quot;rtime&quot;:&quot;20210124191542&quot;,&quot;socOcvMaxVoltAbs&quot;:-2,&quot;socOcvMinVoltAbs&quot;:3,&quot;selfDischargeRateMaxCell&quot;:null,&quot;selfDischargeRateMinCell&quot;:null,&quot;voltDiffRatio&quot;:1.44,&quot;conditionEndMileage&quot;:94000,&quot;segStartSoc&quot;:16},{&quot;vin&quot;:&quot;LGXC76D35K0068431&quot;,&quot;rtime&quot;:&quot;20210126160934&quot;,&quot;socOcvMaxVoltAbs&quot;:12,&quot;socOcvMinVoltAbs&quot;:19,&quot;selfDischargeRateMaxCell&quot;:null,&quot;selfDischargeRateMinCell&quot;:null,&quot;voltDiffRatio&quot;:1.86,&quot;conditionEndMileage&quot;:102930,&quot;segStartSoc&quot;:27},{&quot;vin&quot;:&quot;LGXC76D35K0068431&quot;,&quot;rtime&quot;:&quot;20210127110251&quot;,&quot;socOcvMaxVoltAbs&quot;:17.5,&quot;socOcvMinVoltAbs&quot;:20,&quot;selfDischargeRateMaxCell&quot;:null,&quot;selfDischargeRateMinCell&quot;:null,&quot;voltDiffRatio&quot;:2.43,&quot;conditionEndMileage&quot;:103130,&quot;segStartSoc&quot;:24},{&quot;vin&quot;:&quot;LGXC76D35K0068431&quot;,&quot;rtime&quot;:&quot;20210128164028&quot;,&quot;socOcvMaxVoltAbs&quot;:8,&quot;socOcvMinVoltAbs&quot;:38,&quot;selfDischargeRateMaxCell&quot;:null,&quot;selfDischargeRateMinCell&quot;:null,&quot;voltDiffRatio&quot;:1.71,&quot;conditionEndMileage&quot;:109020,&quot;segStartSoc&quot;:41},{&quot;vin&quot;:&quot;LGXC76D35K0068431&quot;,&quot;rtime&quot;:&quot;20210130154737&quot;,&quot;socOcvMaxVoltAbs&quot;:11,&quot;socOcvMinVoltAbs&quot;:8,&quot;selfDischargeRateMaxCell&quot;:null,&quot;selfDischargeRateMinCell&quot;:null,&quot;voltDiffRatio&quot;:1.73,&quot;conditionEndMileage&quot;:110050,&quot;segStartSoc&quot;:68},{&quot;vin&quot;:&quot;LGXC76D35K0068431&quot;,&quot;rtime&quot;:&quot;20210131192853&quot;,&quot;socOcvMaxVoltAbs&quot;:-9.5,&quot;socOcvMinVoltAbs&quot;:-12.5,&quot;selfDischargeRateMaxCell&quot;:null,&quot;selfDischargeRateMinCell&quot;:null,&quot;voltDiffRatio&quot;:2,&quot;conditionEndMileage&quot;:110240,&quot;segStartSoc&quot;:34}]},&quot;Length&quot;:{&quot;actualLenth&quot;:1,&quot;expectLenth&quot;:132},&quot;vin&quot;:{&quot;actualKey&quot;:&quot;不存在此vin&quot;,&quot;expectedKey&quot;:&quot;vin&quot;},&quot;rtime&quot;:{&quot;actualKey&quot;:&quot;不存在此rtime&quot;,&quot;expectedKey&quot;:&quot;rtime&quot;},&quot;socOcvMaxVoltAbs&quot;:{&quot;actualKey&quot;:&quot;不存在此socOcvMaxVoltAbs&quot;,&quot;expectedKey&quot;:&quot;socOcvMaxVoltAbs&quot;},&quot;socOcvMinVoltAbs&quot;:{&quot;actualKey&quot;:&quot;不存在此socOcvMinVoltAbs&quot;,&quot;expectedKey&quot;:&quot;socOcvMinVoltAbs&quot;},&quot;selfDischargeRateMaxCell&quot;:{&quot;actualKey&quot;:&quot;不存在此selfDischargeRateMaxCell&quot;,&quot;expectedKey&quot;:&quot;selfDischargeRateMaxCell&quot;},&quot;selfDischargeRateMinCell&quot;:{&quot;actualKey&quot;:&quot;不存在此selfDischargeRateMinCell&quot;,&quot;expectedKey&quot;:&quot;selfDischargeRateMinCell&quot;},&quot;voltDiffRatio&quot;:{&quot;actualKey&quot;:&quot;不存在此voltDiffRatio&quot;,&quot;expectedKey&quot;:&quot;voltDiffRatio&quot;},&quot;conditionEndMileage&quot;:{&quot;actualKey&quot;:&quot;不存在此conditionEndMileage&quot;,&quot;expectedKey&quot;:&quot;conditionEndMileage&quot;},&quot;segStartSoc&quot;:{&quot;actualKey&quot;:&quot;不存在此segStartSoc&quot;,&quot;expectedKey&quot;:&quot;segStartSoc&quot;},&quot;error&quot;:{&quot;actualValue&quot;:null,&quot;expectedValue&quot;:[{&quot;vin&quot;:&quot;LGXC76D35K0068431&quot;,&quot;rtime&quot;:&quot;20200708205318&quot;,&quot;socOcvMaxVoltAbs&quot;:-2,&quot;socOcvMinVoltAbs&quot;:-6,&quot;selfDischargeRateMaxCell&quot;:null,&quot;selfDischargeRateMinCell&quot;:null,&quot;voltDiffRatio&quot;:1.11,&quot;conditionEndMileage&quot;:54980,&quot;segStartSoc&quot;:16},{&quot;vin&quot;:&quot;LGXC76D35K0068431&quot;,&quot;rtime&quot;:&quot;20200709200820&quot;,&quot;socOcvMaxVoltAbs&quot;:-11.5,&quot;socOcvMinVoltAbs&quot;:-23.5,&quot;selfDischargeRateMaxCell&quot;:null,&quot;selfDischargeRateMinCell&quot;:null,&quot;voltDiffRatio&quot;:0.73,&quot;conditionEndMileage&quot;:55120,&quot;segStartSoc&quot;:84},{&quot;vin&quot;:&quot;LGXC76D35K0068431&quot;,&quot;rtime&quot;:&quot;20200711083038&quot;,&quot;socOcvMaxVoltAbs&quot;:37,&quot;socOcvMinVoltAbs&quot;:38,&quot;selfDischargeRateMaxCell&quot;:null,&quot;selfDischargeRateMinCell&quot;:null,&quot;voltDiffRatio&quot;:1.27,&quot;conditionEndMileage&quot;:55180,&quot;segStartSoc&quot;:75},{&quot;vin&quot;:&quot;LGXC76D35K0068431&quot;,&quot;rtime&quot;:&quot;20200711194533&quot;,&quot;socOcvMaxVoltAbs&quot;:10,&quot;socOcvMinVoltAbs&quot;:-5,&quot;selfDischargeRateMaxCell&quot;:null,&quot;selfDischargeRateMinCell&quot;:null,&quot;voltDiffRatio&quot;:0.89,&quot;conditionEndMileage&quot;:55260,&quot;segStartSoc&quot;:57},{&quot;vin&quot;:&quot;LGXC76D35K0068431&quot;,&quot;rtime&quot;:&quot;20200712080538&quot;,&quot;socOcvMaxVoltAbs&quot;:0,&quot;socOcvMinVoltAbs&quot;:-2,&quot;selfDischargeRateMaxCell&quot;:null,&quot;selfDischargeRateMinCell&quot;:null,&quot;voltDiffRatio&quot;:1,&quot;conditionEndMileage&quot;:55320,&quot;segStartSoc&quot;:47},{&quot;vin&quot;:&quot;LGXC76D35K0068431&quot;,&quot;rtime&quot;:&quot;20200712190049&quot;,&quot;socOcvMaxVoltAbs&quot;:-1,&quot;socOcvMinVoltAbs&quot;:4,&quot;selfDischargeRateMaxCell&quot;:null,&quot;selfDischargeRateMinCell&quot;:null,&quot;voltDiffRatio&quot;:1.14,&quot;conditionEndMileage&quot;:55400,&quot;segStartSoc&quot;:35},{&quot;vin&quot;:&quot;LGXC76D35K0068431&quot;,&quot;rtime&quot;:&quot;20200714075259&quot;,&quot;socOcvMaxVoltAbs&quot;:28,&quot;socOcvMinVoltAbs&quot;:27,&quot;selfDischargeRateMaxCell&quot;:null,&quot;selfDischargeRateMinCell&quot;:null,&quot;voltDiffRatio&quot;:1.33,&quot;conditionEndMileage&quot;:55460,&quot;segStartSoc&quot;:25},{&quot;vin&quot;:&quot;LGXC76D35K0068431&quot;,&quot;rtime&quot;:&quot;20200714194559&quot;,&quot;socOcvMaxVoltAbs&quot;:-9.5,&quot;socOcvMinVoltAbs&quot;:-9,&quot;selfDischargeRateMaxCell&quot;:null,&quot;selfDischargeRateMinCell&quot;:null,&quot;voltDiffRatio&quot;:1.26,&quot;conditionEndMileage&quot;:55540,&quot;segStartSoc&quot;:16},{&quot;vin&quot;:&quot;LGXC76D35K0068431&quot;,&quot;rtime&quot;:&quot;20200719194145&quot;,&quot;socOcvMaxVoltAbs&quot;:19,&quot;socOcvMinVoltAbs&quot;:13.5,&quot;selfDischargeRateMaxCell&quot;:null,&quot;selfDischargeRateMinCell&quot;:null,&quot;voltDiffRatio&quot;:0.86,&quot;conditionEndMileage&quot;:55880,&quot;segStartSoc&quot;:82},{&quot;vin&quot;:&quot;LGXC76D35K0068431&quot;,&quot;rtime&quot;:&quot;20200721084732&quot;,&quot;socOcvMaxVoltAbs&quot;:34,&quot;socOcvMinVoltAbs&quot;:15,&quot;selfDischargeRateMaxCell&quot;:null,&quot;selfDischargeRateMinCell&quot;:null,&quot;voltDiffRatio&quot;:1.45,&quot;conditionEndMileage&quot;:55940,&quot;segStartSoc&quot;:72},{&quot;vin&quot;:&quot;LGXC76D35K0068431&quot;,&quot;rtime&quot;:&quot;20200723085152&quot;,&quot;socOcvMaxVoltAbs&quot;:8.5,&quot;socOcvMinVoltAbs&quot;:3,&quot;selfDischargeRateMaxCell&quot;:null,&quot;selfDischargeRateMinCell&quot;:null,&quot;voltDiffRatio&quot;:1.16,&quot;conditionEndMileage&quot;:56240,&quot;segStartSoc&quot;:16},{&quot;vin&quot;:&quot;LGXC76D35K0068431&quot;,&quot;rtime&quot;:&quot;20200723192240&quot;,&quot;socOcvMaxVoltAbs&quot;:1,&quot;socOcvMinVoltAbs&quot;:-3,&quot;selfDischargeRateMaxCell&quot;:null,&quot;selfDischargeRateMinCell&quot;:null,&quot;voltDiffRatio&quot;:1.16,&quot;conditionEndMileage&quot;:56320,&quot;segStartSoc&quot;:16},{&quot;vin&quot;:&quot;LGXC76D35K0068431&quot;,&quot;rtime&quot;:&quot;20200724084950&quot;,&quot;socOcvMaxVoltAbs&quot;:-0.5,&quot;socOcvMinVoltAbs&quot;:-5,&quot;selfDischargeRateMaxCell&quot;:null,&quot;selfDischargeRateMinCell&quot;:null,&quot;voltDiffRatio&quot;:1.21,&quot;conditionEndMileage&quot;:56380,&quot;segStartSoc&quot;:16},{&quot;vin&quot;:&quot;LGXC76D35K0068431&quot;,&quot;rtime&quot;:&quot;20200724201218&quot;,&quot;socOcvMaxVoltAbs&quot;:5,&quot;socOcvMinVoltAbs&quot;:0,&quot;selfDischargeRateMaxCell&quot;:null,&quot;selfDischargeRateMinCell&quot;:null,&quot;voltDiffRatio&quot;:1.21,&quot;conditionEndMileage&quot;:56460,&quot;segStartSoc&quot;:16},{&quot;vin&quot;:&quot;LGXC76D35K0068431&quot;,&quot;rtime&quot;:&quot;20200725114340&quot;,&quot;socOcvMaxVoltAbs&quot;:6.5,&quot;socOcvMinVoltAbs&quot;:4,&quot;selfDischargeRateMaxCell&quot;:null,&quot;selfDischargeRateMinCell&quot;:null,&quot;voltDiffRatio&quot;:1.21,&quot;conditionEndMileage&quot;:56520,&quot;segStartSoc&quot;:16},{&quot;vin&quot;:&quot;LGXC76D35K0068431&quot;,&quot;rtime&quot;:&quot;20200726190433&quot;,&quot;socOcvMaxVoltAbs&quot;:32,&quot;socOcvMinVoltAbs&quot;:32,&quot;selfDischargeRateMaxCell&quot;:null,&quot;selfDischargeRateMinCell&quot;:null,&quot;voltDiffRatio&quot;:1,&quot;conditionEndMileage&quot;:56750,&quot;segStartSoc&quot;:85},{&quot;vin&quot;:&quot;LGXC76D35K0068431&quot;,&quot;rtime&quot;:&quot;20200802093738&quot;,&quot;socOcvMaxVoltAbs&quot;:-34,&quot;socOcvMinVoltAbs&quot;:-21,&quot;selfDischargeRateMaxCell&quot;:null,&quot;selfDischargeRateMinCell&quot;:null,&quot;voltDiffRatio&quot;:1.92,&quot;conditionEndMileage&quot;:56810,&quot;segStartSoc&quot;:70},{&quot;vin&quot;:&quot;LGXC76D35K0068431&quot;,&quot;rtime&quot;:&quot;20200802185916&quot;,&quot;socOcvMaxVoltAbs&quot;:19,&quot;socOcvMinVoltAbs&quot;:10,&quot;selfDischargeRateMaxCell&quot;:null,&quot;selfDischargeRateMinCell&quot;:null,&quot;voltDiffRatio&quot;:0.89,&quot;conditionEndMileage&quot;:56890,&quot;segStartSoc&quot;:54},{&quot;vin&quot;:&quot;LGXC76D35K0068431&quot;,&quot;rtime&quot;:&quot;20200803075903&quot;,&quot;socOcvMaxVoltAbs&quot;:8.5,&quot;socOcvMinVoltAbs&quot;:4.5,&quot;selfDischargeRateMaxCell&quot;:null,&quot;selfDischargeRateMinCell&quot;:null,&quot;voltDiffRatio&quot;:1.5,&quot;conditionEndMileage&quot;:56950,&quot;segStartSoc&quot;:45},{&quot;vin&quot;:&quot;LGXC76D35K0068431&quot;,&quot;rtime&quot;:&quot;20200803200021&quot;,&quot;socOcvMaxVoltAbs&quot;:5,&quot;socOcvMinVoltAbs&quot;:11,&quot;selfDischargeRateMaxCell&quot;:null,&quot;selfDischargeRateMinCell&quot;:null,&quot;voltDiffRatio&quot;:1.57,&quot;conditionEndMileage&quot;:57030,&quot;segStartSoc&quot;:30},{&quot;vin&quot;:&quot;LGXC76D35K0068431&quot;,&quot;rtime&quot;:&quot;20200804091327&quot;,&quot;socOcvMaxVoltAbs&quot;:24.5,&quot;socOcvMinVoltAbs&quot;:20,&quot;selfDischargeRateMaxCell&quot;:null,&quot;selfDischargeRateMinCell&quot;:null,&quot;voltDiffRatio&quot;:1.91,&quot;conditionEndMileage&quot;:57090,&quot;segStartSoc&quot;:20},{&quot;vin&quot;:&quot;LGXC76D35K0068431&quot;,&quot;rtime&quot;:&quot;20200804194556&quot;,&quot;socOcvMaxVoltAbs&quot;:7,&quot;socOcvMinVoltAbs&quot;:0,&quot;selfDischargeRateMaxCell&quot;:null,&quot;selfDischargeRateMinCell&quot;:null,&quot;voltDiffRatio&quot;:1.17,&quot;conditionEndMileage&quot;:57170,&quot;segStartSoc&quot;:16},{&quot;vin&quot;:&quot;LGXC76D35K0068431&quot;,&quot;rtime&quot;:&quot;20200805123749&quot;,&quot;socOcvMaxVoltAbs&quot;:7.5,&quot;socOcvMinVoltAbs&quot;:3,&quot;selfDischargeRateMaxCell&quot;:null,&quot;selfDischargeRateMinCell&quot;:null,&quot;voltDiffRatio&quot;:1.11,&quot;conditionEndMileage&quot;:57230,&quot;segStartSoc&quot;:16},{&quot;vin&quot;:&quot;LGXC76D35K0068431&quot;,&quot;rtime&quot;:&quot;20200805204950&quot;,&quot;socOcvMaxVoltAbs&quot;:-0.5,&quot;socOcvMinVoltAbs&quot;:-5,&quot;selfDischargeRateMaxCell&quot;:null,&quot;selfDischargeRateMinCell&quot;:null,&quot;voltDiffRatio&quot;:1.11,&quot;conditionEndMileage&quot;:57310,&quot;segStartSoc&quot;:16},{&quot;vin&quot;:&quot;LGXC76D35K0068431&quot;,&quot;rtime&quot;:&quot;20200806084302&quot;,&quot;socOcvMaxVoltAbs&quot;:0,&quot;socOcvMinVoltAbs&quot;:-7,&quot;selfDischargeRateMaxCell&quot;:null,&quot;selfDischargeRateMinCell&quot;:null,&quot;voltDiffRatio&quot;:1.17,&quot;conditionEndMileage&quot;:57370,&quot;segStartSoc&quot;:16},{&quot;vin&quot;:&quot;LGXC76D35K0068431&quot;,&quot;rtime&quot;:&quot;20200806194330&quot;,&quot;socOcvMaxVoltAbs&quot;:16,&quot;socOcvMinVoltAbs&quot;:11,&quot;selfDischargeRateMaxCell&quot;:null,&quot;selfDischargeRateMinCell&quot;:null,&quot;voltDiffRatio&quot;:1.06,&quot;conditionEndMileage&quot;:57450,&quot;segStartSoc&quot;:16},{&quot;vin&quot;:&quot;LGXC76D35K0068431&quot;,&quot;rtime&quot;:&quot;20200807184745&quot;,&quot;socOcvMaxVoltAbs&quot;:20,&quot;socOcvMinVoltAbs&quot;:17,&quot;selfDischargeRateMaxCell&quot;:null,&quot;selfDischargeRateMinCell&quot;:null,&quot;voltDiffRatio&quot;:0.73,&quot;conditionEndMileage&quot;:57590,&quot;segStartSoc&quot;:86},{&quot;vin&quot;:&quot;LGXC76D35K0068431&quot;,&quot;rtime&quot;:&quot;20200808090733&quot;,&quot;socOcvMaxVoltAbs&quot;:40.5,&quot;socOcvMinVoltAbs&quot;:35.5,&quot;selfDischargeRateMaxCell&quot;:null,&quot;selfDischargeRateMinCell&quot;:null,&quot;voltDiffRatio&quot;:1.36,&quot;conditionEndMileage&quot;:57650,&quot;segStartSoc&quot;:69},{&quot;vin&quot;:&quot;LGXC76D35K0068431&quot;,&quot;rtime&quot;:&quot;20200808185244&quot;,&quot;socOcvMaxVoltAbs&quot;:-14,&quot;socOcvMinVoltAbs&quot;:4,&quot;selfDischargeRateMaxCell&quot;:null,&quot;selfDischargeRateMinCell&quot;:null,&quot;voltDiffRatio&quot;:1.13,&quot;conditionEndMileage&quot;:57720,&quot;segStartSoc&quot;:50},{&quot;vin&quot;:&quot;LGXC76D35K0068431&quot;,&quot;rtime&quot;:&quot;20200811191041&quot;,&quot;socOcvMaxVoltAbs&quot;:9.5,&quot;socOcvMinVoltAbs&quot;:1,&quot;selfDischargeRateMaxCell&quot;:null,&quot;selfDischargeRateMinCell&quot;:null,&quot;voltDiffRatio&quot;:1.15,&quot;conditionEndMileage&quot;:57880,&quot;segStartSoc&quot;:20},{&quot;vin&quot;:&quot;LGXC76D35K0068431&quot;,&quot;rtime&quot;:&quot;20200812084416&quot;,&quot;socOcvMaxVoltAbs&quot;:7,&quot;socOcvMinVoltAbs&quot;:3,&quot;selfDischargeRateMaxCell&quot;:null,&quot;selfDischargeRateMinCell&quot;:null,&quot;voltDiffRatio&quot;:0.89,&quot;conditionEndMileage&quot;:57960,&quot;segStartSoc&quot;:16},{&quot;vin&quot;:&quot;LGXC76D35K0068431&quot;,&quot;rtime&quot;:&quot;20200812185250&quot;,&quot;socOcvMaxVoltAbs&quot;:2,&quot;socOcvMinVoltAbs&quot;:-5,&quot;selfDischargeRateMaxCell&quot;:null,&quot;selfDischargeRateMinCell&quot;:null,&quot;voltDiffRatio&quot;:1.06,&quot;conditionEndMileage&quot;:58030,&quot;segStartSoc&quot;:16},{&quot;vin&quot;:&quot;LGXC76D35K0068431&quot;,&quot;rtime&quot;:&quot;20200813085805&quot;,&quot;socOcvMaxVoltAbs&quot;:7,&quot;socOcvMinVoltAbs&quot;:0,&quot;selfDischargeRateMaxCell&quot;:null,&quot;selfDischargeRateMinCell&quot;:null,&quot;voltDiffRatio&quot;:1.06,&quot;conditionEndMileage&quot;:58090,&quot;segStartSoc&quot;:16},{&quot;vin&quot;:&quot;LGXC76D35K0068431&quot;,&quot;rtime&quot;:&quot;20200813192704&quot;,&quot;socOcvMaxVoltAbs&quot;:1,&quot;socOcvMinVoltAbs&quot;:-7,&quot;selfDischargeRateMaxCell&quot;:null,&quot;selfDischargeRateMinCell&quot;:null,&quot;voltDiffRatio&quot;:1.72,&quot;conditionEndMileage&quot;:58170,&quot;segStartSoc&quot;:16},{&quot;vin&quot;:&quot;LGXC76D35K0068431&quot;,&quot;rtime&quot;:&quot;20200814084136&quot;,&quot;socOcvMaxVoltAbs&quot;:-1,&quot;socOcvMinVoltAbs&quot;:-6,&quot;selfDischargeRateMaxCell&quot;:null,&quot;selfDischargeRateMinCell&quot;:null,&quot;voltDiffRatio&quot;:1,&quot;conditionEndMileage&quot;:58230,&quot;segStartSoc&quot;:16},{&quot;vin&quot;:&quot;LGXC76D35K0068431&quot;,&quot;rtime&quot;:&quot;20200814193310&quot;,&quot;socOcvMaxVoltAbs&quot;:-1,&quot;socOcvMinVoltAbs&quot;:-10,&quot;selfDischargeRateMaxCell&quot;:null,&quot;selfDischargeRateMinCell&quot;:null,&quot;voltDiffRatio&quot;:1.11,&quot;conditionEndMileage&quot;:58310,&quot;segStartSoc&quot;:16},{&quot;vin&quot;:&quot;LGXC76D35K0068431&quot;,&quot;rtime&quot;:&quot;20200816093126&quot;,&quot;socOcvMaxVoltAbs&quot;:11,&quot;socOcvMinVoltAbs&quot;:-5,&quot;selfDischargeRateMaxCell&quot;:null,&quot;selfDischargeRateMinCell&quot;:null,&quot;voltDiffRatio&quot;:0.89,&quot;conditionEndMileage&quot;:58370,&quot;segStartSoc&quot;:16},{&quot;vin&quot;:&quot;LGXC76D35K0068431&quot;,&quot;rtime&quot;:&quot;20200816182815&quot;,&quot;socOcvMaxVoltAbs&quot;:0,&quot;socOcvMinVoltAbs&quot;:-6,&quot;selfDischargeRateMaxCell&quot;:null,&quot;selfDischargeRateMinCell&quot;:null,&quot;voltDiffRatio&quot;:1,&quot;conditionEndMileage&quot;:58450,&quot;segStartSoc&quot;:16},{&quot;vin&quot;:&quot;LGXC76D35K0068431&quot;,&quot;rtime&quot;:&quot;20200817081659&quot;,&quot;socOcvMaxVoltAbs&quot;:5,&quot;socOcvMinVoltAbs&quot;:-3,&quot;selfDischargeRateMaxCell&quot;:null,&quot;selfDischargeRateMinCell&quot;:null,&quot;voltDiffRatio&quot;:1,&quot;conditionEndMileage&quot;:59010,&quot;segStartSoc&quot;:16},{&quot;vin&quot;:&quot;LGXC76D35K0068431&quot;,&quot;rtime&quot;:&quot;20200817223717&quot;,&quot;socOcvMaxVoltAbs&quot;:-2,&quot;socOcvMinVoltAbs&quot;:-7,&quot;selfDischargeRateMaxCell&quot;:null,&quot;selfDischargeRateMinCell&quot;:null,&quot;voltDiffRatio&quot;:0.89,&quot;conditionEndMileage&quot;:59080,&quot;segStartSoc&quot;:16},{&quot;vin&quot;:&quot;LGXC76D35K0068431&quot;,&quot;rtime&quot;:&quot;20200818091438&quot;,&quot;socOcvMaxVoltAbs&quot;:8,&quot;socOcvMinVoltAbs&quot;:-1,&quot;selfDischargeRateMaxCell&quot;:null,&quot;selfDischargeRateMinCell&quot;:null,&quot;voltDiffRatio&quot;:1,&quot;conditionEndMileage&quot;:59140,&quot;segStartSoc&quot;:16},{&quot;vin&quot;:&quot;LGXC76D35K0068431&quot;,&quot;rtime&quot;:&quot;20200818191429&quot;,&quot;socOcvMaxVoltAbs&quot;:5,&quot;socOcvMinVoltAbs&quot;:-2,&quot;selfDischargeRateMaxCell&quot;:null,&quot;selfDischargeRateMinCell&quot;:null,&quot;voltDiffRatio&quot;:1,&quot;conditionEndMileage&quot;:59220,&quot;segStartSoc&quot;:16},{&quot;vin&quot;:&quot;LGXC76D35K0068431&quot;,&quot;rtime&quot;:&quot;20200820085217&quot;,&quot;socOcvMaxVoltAbs&quot;:0.5,&quot;socOcvMinVoltAbs&quot;:-6,&quot;selfDischargeRateMaxCell&quot;:null,&quot;selfDischargeRateMinCell&quot;:null,&quot;voltDiffRatio&quot;:0.95,&quot;conditionEndMileage&quot;:59280,&quot;segStartSoc&quot;:16},{&quot;vin&quot;:&quot;LGXC76D35K0068431&quot;,&quot;rtime&quot;:&quot;20200820202051&quot;,&quot;socOcvMaxVoltAbs&quot;:0,&quot;socOcvMinVoltAbs&quot;:-10,&quot;selfDischargeRateMaxCell&quot;:null,&quot;selfDischargeRateMinCell&quot;:null,&quot;voltDiffRatio&quot;:1,&quot;conditionEndMileage&quot;:59360,&quot;segStartSoc&quot;:16},{&quot;vin&quot;:&quot;LGXC76D35K0068431&quot;,&quot;rtime&quot;:&quot;20200821090509&quot;,&quot;socOcvMaxVoltAbs&quot;:9.5,&quot;socOcvMinVoltAbs&quot;:0.5,&quot;selfDischargeRateMaxCell&quot;:null,&quot;selfDischargeRateMinCell&quot;:null,&quot;voltDiffRatio&quot;:0.94,&quot;conditionEndMileage&quot;:59420,&quot;segStartSoc&quot;:16},{&quot;vin&quot;:&quot;LGXC76D35K0068431&quot;,&quot;rtime&quot;:&quot;20200821195056&quot;,&quot;socOcvMaxVoltAbs&quot;:3,&quot;socOcvMinVoltAbs&quot;:-6,&quot;selfDischargeRateMaxCell&quot;:null,&quot;selfDischargeRateMinCell&quot;:null,&quot;voltDiffRatio&quot;:1,&quot;conditionEndMileage&quot;:59500,&quot;segStartSoc&quot;:16},{&quot;vin&quot;:&quot;LGXC76D35K0068431&quot;,&quot;rtime&quot;:&quot;20200822091005&quot;,&quot;socOcvMaxVoltAbs&quot;:11,&quot;socOcvMinVoltAbs&quot;:1,&quot;selfDischargeRateMaxCell&quot;:null,&quot;selfDischargeRateMinCell&quot;:null,&quot;voltDiffRatio&quot;:0.95,&quot;conditionEndMileage&quot;:59560,&quot;segStartSoc&quot;:16},{&quot;vin&quot;:&quot;LGXC76D35K0068431&quot;,&quot;rtime&quot;:&quot;20200822201217&quot;,&quot;socOcvMaxVoltAbs&quot;:10,&quot;socOcvMinVoltAbs&quot;:5,&quot;selfDischargeRateMaxCell&quot;:null,&quot;selfDischargeRateMinCell&quot;:null,&quot;voltDiffRatio&quot;:0.95,&quot;conditionEndMileage&quot;:59640,&quot;segStartSoc&quot;:16},{&quot;vin&quot;:&quot;LGXC76D35K0068431&quot;,&quot;rtime&quot;:&quot;20200823091800&quot;,&quot;socOcvMaxVoltAbs&quot;:2.5,&quot;socOcvMinVoltAbs&quot;:-6.5,&quot;selfDischargeRateMaxCell&quot;:null,&quot;selfDischargeRateMinCell&quot;:null,&quot;voltDiffRatio&quot;:0.95,&quot;conditionEndMileage&quot;:59700,&quot;segStartSoc&quot;:16},{&quot;vin&quot;:&quot;LGXC76D35K0068431&quot;,&quot;rtime&quot;:&quot;20200823193648&quot;,&quot;socOcvMaxVoltAbs&quot;:23.5,&quot;socOcvMinVoltAbs&quot;:14,&quot;selfDischargeRateMaxCell&quot;:null,&quot;selfDischargeRateMinCell&quot;:null,&quot;voltDiffRatio&quot;:1,&quot;conditionEndMileage&quot;:59780,&quot;segStartSoc&quot;:16},{&quot;vin&quot;:&quot;LGXC76D35K0068431&quot;,&quot;rtime&quot;:&quot;20200824205049&quot;,&quot;socOcvMaxVoltAbs&quot;:8.5,&quot;socOcvMinVoltAbs&quot;:-4,&quot;selfDischargeRateMaxCell&quot;:null,&quot;selfDischargeRateMinCell&quot;:null,&quot;voltDiffRatio&quot;:1,&quot;conditionEndMileage&quot;:59910,&quot;segStartSoc&quot;:82},{&quot;vin&quot;:&quot;LGXC76D35K0068431&quot;,&quot;rtime&quot;:&quot;20200828073118&quot;,&quot;socOcvMaxVoltAbs&quot;:-10,&quot;socOcvMinVoltAbs&quot;:-9,&quot;selfDischargeRateMaxCell&quot;:null,&quot;selfDischargeRateMinCell&quot;:null,&quot;voltDiffRatio&quot;:1.5,&quot;conditionEndMileage&quot;:60120,&quot;segStartSoc&quot;:39},{&quot;vin&quot;:&quot;LGXC76D35K0068431&quot;,&quot;rtime&quot;:&quot;20200828161320&quot;,&quot;socOcvMaxVoltAbs&quot;:10,&quot;socOcvMinVoltAbs&quot;:5,&quot;selfDischargeRateMaxCell&quot;:null,&quot;selfDischargeRateMinCell&quot;:null,&quot;voltDiffRatio&quot;:1.26,&quot;conditionEndMileage&quot;:60350,&quot;segStartSoc&quot;:16},{&quot;vin&quot;:&quot;LGXC76D35K0068431&quot;,&quot;rtime&quot;:&quot;20200828215517&quot;,&quot;socOcvMaxVoltAbs&quot;:-3,&quot;socOcvMinVoltAbs&quot;:-8,&quot;selfDischargeRateMaxCell&quot;:null,&quot;selfDischargeRateMinCell&quot;:null,&quot;voltDiffRatio&quot;:1.16,&quot;conditionEndMileage&quot;:60490,&quot;segStartSoc&quot;:16},{&quot;vin&quot;:&quot;LGXC76D35K0068431&quot;,&quot;rtime&quot;:&quot;20200830114257&quot;,&quot;socOcvMaxVoltAbs&quot;:6.5,&quot;socOcvMinVoltAbs&quot;:9.5,&quot;selfDischargeRateMaxCell&quot;:null,&quot;selfDischargeRateMinCell&quot;:null,&quot;voltDiffRatio&quot;:1.32,&quot;conditionEndMileage&quot;:60550,&quot;segStartSoc&quot;:16},{&quot;vin&quot;:&quot;LGXC76D35K0068431&quot;,&quot;rtime&quot;:&quot;20200830192054&quot;,&quot;socOcvMaxVoltAbs&quot;:7,&quot;socOcvMinVoltAbs&quot;:5,&quot;selfDischargeRateMaxCell&quot;:null,&quot;selfDischargeRateMinCell&quot;:null,&quot;voltDiffRatio&quot;:1.32,&quot;conditionEndMileage&quot;:60630,&quot;segStartSoc&quot;:16},{&quot;vin&quot;:&quot;LGXC76D35K0068431&quot;,&quot;rtime&quot;:&quot;20200905182338&quot;,&quot;socOcvMaxVoltAbs&quot;:-4,&quot;socOcvMinVoltAbs&quot;:-1.5,&quot;selfDischargeRateMaxCell&quot;:null,&quot;selfDischargeRateMinCell&quot;:null,&quot;voltDiffRatio&quot;:1.32,&quot;conditionEndMileage&quot;:61190,&quot;segStartSoc&quot;:16},{&quot;vin&quot;:&quot;LGXC76D35K0068431&quot;,&quot;rtime&quot;:&quot;20200908095010&quot;,&quot;socOcvMaxVoltAbs&quot;:13.5,&quot;socOcvMinVoltAbs&quot;:7,&quot;selfDischargeRateMaxCell&quot;:null,&quot;selfDischargeRateMinCell&quot;:null,&quot;voltDiffRatio&quot;:1.32,&quot;conditionEndMileage&quot;:61360,&quot;segStartSoc&quot;:16},{&quot;vin&quot;:&quot;LGXC76D35K0068431&quot;,&quot;rtime&quot;:&quot;20200908173254&quot;,&quot;socOcvMaxVoltAbs&quot;:-3,&quot;socOcvMinVoltAbs&quot;:-13,&quot;selfDischargeRateMaxCell&quot;:null,&quot;selfDischargeRateMinCell&quot;:null,&quot;voltDiffRatio&quot;:2.44,&quot;conditionEndMileage&quot;:61410,&quot;segStartSoc&quot;:16},{&quot;vin&quot;:&quot;LGXC76D35K0068431&quot;,&quot;rtime&quot;:&quot;20200909115037&quot;,&quot;socOcvMaxVoltAbs&quot;:2,&quot;socOcvMinVoltAbs&quot;:0,&quot;selfDischargeRateMaxCell&quot;:null,&quot;selfDischargeRateMinCell&quot;:null,&quot;voltDiffRatio&quot;:1.39,&quot;conditionEndMileage&quot;:61450,&quot;segStartSoc&quot;:16},{&quot;vin&quot;:&quot;LGXC76D35K0068431&quot;,&quot;rtime&quot;:&quot;20200909171042&quot;,&quot;socOcvMaxVoltAbs&quot;:9,&quot;socOcvMinVoltAbs&quot;:10,&quot;selfDischargeRateMaxCell&quot;:null,&quot;selfDischargeRateMinCell&quot;:null,&quot;voltDiffRatio&quot;:1.39,&quot;conditionEndMileage&quot;:61530,&quot;segStartSoc&quot;:16},{&quot;vin&quot;:&quot;LGXC76D35K0068431&quot;,&quot;rtime&quot;:&quot;20200910103641&quot;,&quot;socOcvMaxVoltAbs&quot;:5,&quot;socOcvMinVoltAbs&quot;:3,&quot;selfDischargeRateMaxCell&quot;:null,&quot;selfDischargeRateMinCell&quot;:null,&quot;voltDiffRatio&quot;:1.32,&quot;conditionEndMileage&quot;:61690,&quot;segStartSoc&quot;:16},{&quot;vin&quot;:&quot;LGXC76D35K0068431&quot;,&quot;rtime&quot;:&quot;20200911152330&quot;,&quot;socOcvMaxVoltAbs&quot;:6.5,&quot;socOcvMinVoltAbs&quot;:5,&quot;selfDischargeRateMaxCell&quot;:null,&quot;selfDischargeRateMinCell&quot;:null,&quot;voltDiffRatio&quot;:1.32,&quot;conditionEndMileage&quot;:61890,&quot;segStartSoc&quot;:16},{&quot;vin&quot;:&quot;LGXC76D35K0068431&quot;,&quot;rtime&quot;:&quot;20200913100140&quot;,&quot;socOcvMaxVoltAbs&quot;:2.5,&quot;socOcvMinVoltAbs&quot;:-2.5,&quot;selfDischargeRateMaxCell&quot;:null,&quot;selfDischargeRateMinCell&quot;:null,&quot;voltDiffRatio&quot;:1.26,&quot;conditionEndMileage&quot;:62020,&quot;segStartSoc&quot;:16},{&quot;vin&quot;:&quot;LGXC76D35K0068431&quot;,&quot;rtime&quot;:&quot;20200914073944&quot;,&quot;socOcvMaxVoltAbs&quot;:22,&quot;socOcvMinVoltAbs&quot;:21.5,&quot;selfDischargeRateMaxCell&quot;:null,&quot;selfDischargeRateMinCell&quot;:null,&quot;voltDiffRatio&quot;:1.36,&quot;conditionEndMileage&quot;:62020,&quot;segStartSoc&quot;:13},{&quot;vin&quot;:&quot;LGXC76D35K0068431&quot;,&quot;rtime&quot;:&quot;20200918111841&quot;,&quot;socOcvMaxVoltAbs&quot;:17,&quot;socOcvMinVoltAbs&quot;:17,&quot;selfDischargeRateMaxCell&quot;:null,&quot;selfDischargeRateMinCell&quot;:null,&quot;voltDiffRatio&quot;:1.39,&quot;conditionEndMileage&quot;:62410,&quot;segStartSoc&quot;:16},{&quot;vin&quot;:&quot;LGXC76D35K0068431&quot;,&quot;rtime&quot;:&quot;20200918174542&quot;,&quot;socOcvMaxVoltAbs&quot;:14,&quot;socOcvMinVoltAbs&quot;:18,&quot;selfDischargeRateMaxCell&quot;:null,&quot;selfDischargeRateMinCell&quot;:null,&quot;voltDiffRatio&quot;:1.44,&quot;conditionEndMileage&quot;:62410,&quot;segStartSoc&quot;:16},{&quot;vin&quot;:&quot;LGXC76D35K0068431&quot;,&quot;rtime&quot;:&quot;20200922111428&quot;,&quot;socOcvMaxVoltAbs&quot;:5,&quot;socOcvMinVoltAbs&quot;:6,&quot;selfDischargeRateMaxCell&quot;:null,&quot;selfDischargeRateMinCell&quot;:null,&quot;voltDiffRatio&quot;:1.39,&quot;conditionEndMileage&quot;:62490,&quot;segStartSoc&quot;:16},{&quot;vin&quot;:&quot;LGXC76D35K0068431&quot;,&quot;rtime&quot;:&quot;20200922170955&quot;,&quot;socOcvMaxVoltAbs&quot;:5,&quot;socOcvMinVoltAbs&quot;:10,&quot;selfDischargeRateMaxCell&quot;:null,&quot;selfDischargeRateMinCell&quot;:null,&quot;voltDiffRatio&quot;:1.39,&quot;conditionEndMileage&quot;:62490,&quot;segStartSoc&quot;:16},{&quot;vin&quot;:&quot;LGXC76D35K0068431&quot;,&quot;rtime&quot;:&quot;20200928094146&quot;,&quot;socOcvMaxVoltAbs&quot;:-20,&quot;socOcvMinVoltAbs&quot;:-17,&quot;selfDischargeRateMaxCell&quot;:null,&quot;selfDischargeRateMinCell&quot;:null,&quot;voltDiffRatio&quot;:1.32,&quot;conditionEndMileage&quot;:62750,&quot;segStartSoc&quot;:16},{&quot;vin&quot;:&quot;LGXC76D35K0068431&quot;,&quot;rtime&quot;:&quot;20200929133432&quot;,&quot;socOcvMaxVoltAbs&quot;:-4,&quot;socOcvMinVoltAbs&quot;:-2.5,&quot;selfDischargeRateMaxCell&quot;:null,&quot;selfDischargeRateMinCell&quot;:null,&quot;voltDiffRatio&quot;:1.44,&quot;conditionEndMileage&quot;:62750,&quot;segStartSoc&quot;:16},{&quot;vin&quot;:&quot;LGXC76D35K0068431&quot;,&quot;rtime&quot;:&quot;20200930173546&quot;,&quot;socOcvMaxVoltAbs&quot;:-5.5,&quot;socOcvMinVoltAbs&quot;:-5,&quot;selfDischargeRateMaxCell&quot;:null,&quot;selfDischargeRateMinCell&quot;:null,&quot;voltDiffRatio&quot;:1.26,&quot;conditionEndMileage&quot;:63030,&quot;segStartSoc&quot;:16},{&quot;vin&quot;:&quot;LGXC76D35K0068431&quot;,&quot;rtime&quot;:&quot;20201001152511&quot;,&quot;socOcvMaxVoltAbs&quot;:10,&quot;socOcvMinVoltAbs&quot;:-11,&quot;selfDischargeRateMaxCell&quot;:null,&quot;selfDischargeRateMinCell&quot;:null,&quot;voltDiffRatio&quot;:1.36,&quot;conditionEndMileage&quot;:63030,&quot;segStartSoc&quot;:14},{&quot;vin&quot;:&quot;LGXC76D35K0068431&quot;,&quot;rtime&quot;:&quot;20201002052218&quot;,&quot;socOcvMaxVoltAbs&quot;:-23,&quot;socOcvMinVoltAbs&quot;:-26,&quot;selfDischargeRateMaxCell&quot;:null,&quot;selfDischargeRateMinCell&quot;:null,&quot;voltDiffRatio&quot;:2.46,&quot;conditionEndMileage&quot;:63030,&quot;segStartSoc&quot;:15},{&quot;vin&quot;:&quot;LGXC76D35K0068431&quot;,&quot;rtime&quot;:&quot;20201003103148&quot;,&quot;socOcvMaxVoltAbs&quot;:14,&quot;socOcvMinVoltAbs&quot;:5,&quot;selfDischargeRateMaxCell&quot;:null,&quot;selfDischargeRateMinCell&quot;:null,&quot;voltDiffRatio&quot;:1.5,&quot;conditionEndMileage&quot;:71880,&quot;segStartSoc&quot;:51},{&quot;vin&quot;:&quot;LGXC76D35K0068431&quot;,&quot;rtime&quot;:&quot;20201003175605&quot;,&quot;socOcvMaxVoltAbs&quot;:19,&quot;socOcvMinVoltAbs&quot;:17,&quot;selfDischargeRateMaxCell&quot;:null,&quot;selfDischargeRateMinCell&quot;:null,&quot;voltDiffRatio&quot;:1.5,&quot;conditionEndMileage&quot;:72130,&quot;segStartSoc&quot;:45},{&quot;vin&quot;:&quot;LGXC76D35K0068431&quot;,&quot;rtime&quot;:&quot;20201005075529&quot;,&quot;socOcvMaxVoltAbs&quot;:15,&quot;socOcvMinVoltAbs&quot;:14,&quot;selfDischargeRateMaxCell&quot;:null,&quot;selfDischargeRateMinCell&quot;:null,&quot;voltDiffRatio&quot;:1.38,&quot;conditionEndMileage&quot;:72910,&quot;segStartSoc&quot;:51},{&quot;vin&quot;:&quot;LGXC76D35K0068431&quot;,&quot;rtime&quot;:&quot;20201006065354&quot;,&quot;socOcvMaxVoltAbs&quot;:29.5,&quot;socOcvMinVoltAbs&quot;:24.5,&quot;selfDischargeRateMaxCell&quot;:null,&quot;selfDischargeRateMinCell&quot;:null,&quot;voltDiffRatio&quot;:1.33,&quot;conditionEndMileage&quot;:74690,&quot;segStartSoc&quot;:16},{&quot;vin&quot;:&quot;LGXC76D35K0068431&quot;,&quot;rtime&quot;:&quot;20201007065335&quot;,&quot;socOcvMaxVoltAbs&quot;:-10,&quot;socOcvMinVoltAbs&quot;:5,&quot;selfDischargeRateMaxCell&quot;:null,&quot;selfDischargeRateMinCell&quot;:null,&quot;voltDiffRatio&quot;:2,&quot;conditionEndMileage&quot;:75960,&quot;segStartSoc&quot;:37},{&quot;vin&quot;:&quot;LGXC76D35K0068431&quot;,&quot;rtime&quot;:&quot;20201007163711&quot;,&quot;socOcvMaxVoltAbs&quot;:-6.5,&quot;socOcvMinVoltAbs&quot;:0,&quot;selfDischargeRateMaxCell&quot;:null,&quot;selfDischargeRateMinCell&quot;:null,&quot;voltDiffRatio&quot;:2,&quot;conditionEndMileage&quot;:76000,&quot;segStartSoc&quot;:34},{&quot;vin&quot;:&quot;LGXC76D35K0068431&quot;,&quot;rtime&quot;:&quot;20201009151316&quot;,&quot;socOcvMaxVoltAbs&quot;:16,&quot;socOcvMinVoltAbs&quot;:9,&quot;selfDischargeRateMaxCell&quot;:null,&quot;selfDischargeRateMinCell&quot;:null,&quot;voltDiffRatio&quot;:1.3,&quot;conditionEndMileage&quot;:84750,&quot;segStartSoc&quot;:24},{&quot;vin&quot;:&quot;LGXC76D35K0068431&quot;,&quot;rtime&quot;:&quot;20201016144635&quot;,&quot;socOcvMaxVoltAbs&quot;:22,&quot;socOcvMinVoltAbs&quot;:22.5,&quot;selfDischargeRateMaxCell&quot;:null,&quot;selfDischargeRateMinCell&quot;:null,&quot;voltDiffRatio&quot;:1.7,&quot;conditionEndMileage&quot;:84970,&quot;segStartSoc&quot;:13},{&quot;vin&quot;:&quot;LGXC76D35K0068431&quot;,&quot;rtime&quot;:&quot;20201030074914&quot;,&quot;socOcvMaxVoltAbs&quot;:8,&quot;socOcvMinVoltAbs&quot;:30,&quot;selfDischargeRateMaxCell&quot;:null,&quot;selfDischargeRateMinCell&quot;:null,&quot;voltDiffRatio&quot;:1.33,&quot;conditionEndMileage&quot;:85340,&quot;segStartSoc&quot;:16},{&quot;vin&quot;:&quot;LGXC76D35K0068431&quot;,&quot;rtime&quot;:&quot;20201030183312&quot;,&quot;socOcvMaxVoltAbs&quot;:3,&quot;socOcvMinVoltAbs&quot;:-2,&quot;selfDischargeRateMaxCell&quot;:null,&quot;selfDischargeRateMinCell&quot;:null,&quot;voltDiffRatio&quot;:1.28,&quot;conditionEndMileage&quot;:85440,&quot;segStartSoc&quot;:16},{&quot;vin&quot;:&quot;LGXC76D35K0068431&quot;,&quot;rtime&quot;:&quot;20201031065619&quot;,&quot;socOcvMaxVoltAbs&quot;:1,&quot;socOcvMinVoltAbs&quot;:3,&quot;selfDischargeRateMaxCell&quot;:null,&quot;selfDischargeRateMinCell&quot;:null,&quot;voltDiffRatio&quot;:1.39,&quot;conditionEndMileage&quot;:85530,&quot;segStartSoc&quot;:16},{&quot;vin&quot;:&quot;LGXC76D35K0068431&quot;,&quot;rtime&quot;:&quot;20201031185426&quot;,&quot;socOcvMaxVoltAbs&quot;:8,&quot;socOcvMinVoltAbs&quot;:5,&quot;selfDischargeRateMaxCell&quot;:null,&quot;selfDischargeRateMinCell&quot;:null,&quot;voltDiffRatio&quot;:1.39,&quot;conditionEndMileage&quot;:85620,&quot;segStartSoc&quot;:16},{&quot;vin&quot;:&quot;LGXC76D35K0068431&quot;,&quot;rtime&quot;:&quot;20201102060159&quot;,&quot;socOcvMaxVoltAbs&quot;:-7,&quot;socOcvMinVoltAbs&quot;:-9,&quot;selfDischargeRateMaxCell&quot;:null,&quot;selfDischargeRateMinCell&quot;:null,&quot;voltDiffRatio&quot;:1.39,&quot;conditionEndMileage&quot;:85710,&quot;segStartSoc&quot;:16},{&quot;vin&quot;:&quot;LGXC76D35K0068431&quot;,&quot;rtime&quot;:&quot;20201102212903&quot;,&quot;socOcvMaxVoltAbs&quot;:-4,&quot;socOcvMinVoltAbs&quot;:-4,&quot;selfDischargeRateMaxCell&quot;:null,&quot;selfDischargeRateMinCell&quot;:null,&quot;voltDiffRatio&quot;:1.39,&quot;conditionEndMileage&quot;:85800,&quot;segStartSoc&quot;:16},{&quot;vin&quot;:&quot;LGXC76D35K0068431&quot;,&quot;rtime&quot;:&quot;20201103055844&quot;,&quot;socOcvMaxVoltAbs&quot;:-9,&quot;socOcvMinVoltAbs&quot;:-8,&quot;selfDischargeRateMaxCell&quot;:null,&quot;selfDischargeRateMinCell&quot;:null,&quot;voltDiffRatio&quot;:1.44,&quot;conditionEndMileage&quot;:85920,&quot;segStartSoc&quot;:16},{&quot;vin&quot;:&quot;LGXC76D35K0068431&quot;,&quot;rtime&quot;:&quot;20201103193803&quot;,&quot;socOcvMaxVoltAbs&quot;:6,&quot;socOcvMinVoltAbs&quot;:6,&quot;selfDischargeRateMaxCell&quot;:null,&quot;selfDischargeRateMinCell&quot;:null,&quot;voltDiffRatio&quot;:1.5,&quot;conditionEndMileage&quot;:86010,&quot;segStartSoc&quot;:16},{&quot;vin&quot;:&quot;LGXC76D35K0068431&quot;,&quot;rtime&quot;:&quot;20201104055023&quot;,&quot;socOcvMaxVoltAbs&quot;:-5,&quot;socOcvMinVoltAbs&quot;:-4,&quot;selfDischargeRateMaxCell&quot;:null,&quot;selfDischargeRateMinCell&quot;:null,&quot;voltDiffRatio&quot;:1.5,&quot;conditionEndMileage&quot;:86100,&quot;segStartSoc&quot;:16},{&quot;vin&quot;:&quot;LGXC76D35K0068431&quot;,&quot;rtime&quot;:&quot;20201104185226&quot;,&quot;socOcvMaxVoltAbs&quot;:5.5,&quot;socOcvMinVoltAbs&quot;:5,&quot;selfDischargeRateMaxCell&quot;:null,&quot;selfDischargeRateMinCell&quot;:null,&quot;voltDiffRatio&quot;:1.5,&quot;conditionEndMileage&quot;:86190,&quot;segStartSoc&quot;:16},{&quot;vin&quot;:&quot;LGXC76D35K0068431&quot;,&quot;rtime&quo
[...]
at org.testng.SuiteRunner.run(SuiteRunner.java:364)
at org.testng.SuiteRunnerWorker.runSuite(SuiteRunnerWorker.java:52)
at org.testng.SuiteRunnerWorker.run(SuiteRunnerWorker.java:84)
at org.testng.TestNG.runSuitesSequentially(TestNG.java:1208)
at org.testng.TestNG.runSuitesLocally(TestNG.java:1137)
at org.testng.TestNG.runSuites(TestNG.java:1049)
at org.testng.TestNG.run(TestNG.java:1017)
at org.testng.remote.AbstractRemoteTestNG.run(AbstractRemoteTestNG.java:114)
at org.testng.remote.RemoteTestNG.initAndRun(RemoteTestNG.java:251)
at org.testng.remote.RemoteTestNG.main(RemoteTestNG.java:77)
]]>
    </failure>
  </testcase> <!-- ApiTestCode -->
  <testcase name="ApiTestCode" time="0.165" classname="com.bitnei.apitest.testcases.saas.ApiTest"/>
  <testcase name="ApiTestCode" time="0.024" classname="com.bitnei.apitest.testcases.saas.ApiTest">
    <failure type="java.lang.AssertionError" message="expected [{}] but found [{&quot;data&quot;:{&quot;actualValue&quot;:null,&quot;expectedValue&quot;:{&quot;vin&quot;:&quot;LDP51B961JE018611&quot;,&quot;produceType&quot;:&quot;电池包&quot;,&quot;packCode&quot;:null,&quot;moduleCode&quot;:null}},&quot;vin&quot;:{&quot;actualKey&quot;:&quot;不存在此vin&quot;,&quot;expectedKey&quot;:&quot;vin&quot;},&quot;produceType&quot;:{&quot;actualKey&quot;:&quot;不存在此produceType&quot;,&quot;expectedKey&quot;:&quot;produceType&quot;},&quot;packCode&quot;:{&quot;actualKey&quot;:&quot;不存在此packCode&quot;,&quot;expectedKey&quot;:&quot;packCode&quot;},&quot;moduleCode&quot;:{&quot;actualKey&quot;:&quot;不存在此moduleCode&quot;,&quot;expectedKey&quot;:&quot;moduleCode&quot;},&quot;error&quot;:{&quot;actualValue&quot;:null,&quot;expectedValue&quot;:{&quot;vin&quot;:&quot;LDP51B961JE018611&quot;,&quot;produceType&quot;:&quot;电池包&quot;,&quot;packCode&quot;:null,&quot;moduleCode&quot;:null},&quot;currentValue is &quot;:true,&quot;expectedValue is&quot;:false},&quot;code&quot;:{&quot;actualValue&quot;:null,&quot;expectedValue&quot;:{&quot;vin&quot;:&quot;LDP51B961JE018611&quot;,&quot;produceType&quot;:&quot;电池包&quot;,&quot;packCode&quot;:null,&quot;moduleCode&quot;:null},&quot;currentValue is &quot;:&quot;40000&quot;,&quot;expectedValue is&quot;:false,&quot;expectedValue is &quot;:&quot;10000&quot;}}]">
      <![CDATA[java.lang.AssertionError: expected [{}] but found [{"data":{"actualValue":null,"expectedValue":{"vin":"LDP51B961JE018611","produceType":"电池包","packCode":null,"moduleCode":null}},"vin":{"actualKey":"不存在此vin","expectedKey":"vin"},"produceType":{"actualKey":"不存在此produceType","expectedKey":"produceType"},"packCode":{"actualKey":"不存在此packCode","expectedKey":"packCode"},"moduleCode":{"actualKey":"不存在此moduleCode","expectedKey":"moduleCode"},"error":{"actualValue":null,"expectedValue":{"vin":"LDP51B961JE018611","produceType":"电池包","packCode":null,"moduleCode":null},"currentValue is ":true,"expectedValue is":false},"code":{"actualValue":null,"expectedValue":{"vin":"LDP51B961JE018611","produceType":"电池包","packCode":null,"moduleCode":null},"currentValue is ":"40000","expectedValue is":false,"expectedValue is ":"10000"}}]
at org.testng.Assert.fail(Assert.java:96)
at org.testng.Assert.failNotEquals(Assert.java:776)
at org.testng.Assert.assertEqualsImpl(Assert.java:137)
at org.testng.Assert.assertEquals(Assert.java:118)
at org.testng.Assert.assertEquals(Assert.java:453)
at org.testng.Assert.assertEquals(Assert.java:463)
at com.bitnei.apitest.testcases.saas.ApiTest.ApiTestCode(ApiTest.java:102)
at sun.reflect.GeneratedMethodAccessor2.invoke(Unknown Source)
at sun.reflect.DelegatingMethodAccessorImpl.invoke(DelegatingMethodAccessorImpl.java:43)
at java.lang.reflect.Method.invoke(Method.java:498)
at org.testng.internal.MethodInvocationHelper.invokeMethod(MethodInvocationHelper.java:124)
at org.testng.internal.Invoker.invokeMethod(Invoker.java:580)
at org.testng.internal.Invoker.invokeTestMethod(Invoker.java:716)
at org.testng.internal.Invoker.invokeTestMethods(Invoker.java:988)
at org.testng.internal.TestMethodWorker.invokeTestMethods(TestMethodWorker.java:125)
at org.testng.internal.TestMethodWorker.run(TestMethodWorker.java:109)
at org.testng.TestRunner.privateRun(TestRunner.java:648)
at org.testng.TestRunner.run(TestRunner.java:505)
at org.testng.SuiteRunner.runTest(SuiteRunner.java:455)
at org.testng.SuiteRunner.runSequentially(SuiteRunner.java:450)
at org.testng.SuiteRunner.privateRun(SuiteRunner.java:415)
at org.testng.SuiteRunner.run(SuiteRunner.java:364)
at org.testng.SuiteRunnerWorker.runSuite(SuiteRunnerWorker.java:52)
at org.testng.SuiteRunnerWorker.run(SuiteRunnerWorker.java:84)
at org.testng.TestNG.runSuitesSequentially(TestNG.java:1208)
at org.testng.TestNG.runSuitesLocally(TestNG.java:1137)
at org.testng.TestNG.runSuites(TestNG.java:1049)
at org.testng.TestNG.run(TestNG.java:1017)
at org.testng.remote.AbstractRemoteTestNG.run(AbstractRemoteTestNG.java:114)
at org.testng.remote.RemoteTestNG.initAndRun(RemoteTestNG.java:251)
at org.testng.remote.RemoteTestNG.main(RemoteTestNG.java:77)
]]>
    </failure>
  </testcase> <!-- ApiTestCode -->
  <testcase name="ApiTestCode" time="0.024" classname="com.bitnei.apitest.testcases.saas.ApiTest">
    <failure type="java.lang.AssertionError" message="expected [{}] but found [{&quot;error&quot;:{&quot;currentValue is &quot;:true,&quot;expectedValue is&quot;:false},&quot;code&quot;:{&quot;currentValue is &quot;:&quot;40000&quot;,&quot;expectedValue is&quot;:false,&quot;expectedValue is &quot;:&quot;35000&quot;}}]">
      <![CDATA[java.lang.AssertionError: expected [{}] but found [{"error":{"currentValue is ":true,"expectedValue is":false},"code":{"currentValue is ":"40000","expectedValue is":false,"expectedValue is ":"35000"}}]
at org.testng.Assert.fail(Assert.java:96)
at org.testng.Assert.failNotEquals(Assert.java:776)
at org.testng.Assert.assertEqualsImpl(Assert.java:137)
at org.testng.Assert.assertEquals(Assert.java:118)
at org.testng.Assert.assertEquals(Assert.java:453)
at org.testng.Assert.assertEquals(Assert.java:463)
at com.bitnei.apitest.testcases.saas.ApiTest.ApiTestCode(ApiTest.java:102)
at sun.reflect.GeneratedMethodAccessor2.invoke(Unknown Source)
at sun.reflect.DelegatingMethodAccessorImpl.invoke(DelegatingMethodAccessorImpl.java:43)
at java.lang.reflect.Method.invoke(Method.java:498)
at org.testng.internal.MethodInvocationHelper.invokeMethod(MethodInvocationHelper.java:124)
at org.testng.internal.Invoker.invokeMethod(Invoker.java:580)
at org.testng.internal.Invoker.invokeTestMethod(Invoker.java:716)
at org.testng.internal.Invoker.invokeTestMethods(Invoker.java:988)
at org.testng.internal.TestMethodWorker.invokeTestMethods(TestMethodWorker.java:125)
at org.testng.internal.TestMethodWorker.run(TestMethodWorker.java:109)
at org.testng.TestRunner.privateRun(TestRunner.java:648)
at org.testng.TestRunner.run(TestRunner.java:505)
at org.testng.SuiteRunner.runTest(SuiteRunner.java:455)
at org.testng.SuiteRunner.runSequentially(SuiteRunner.java:450)
at org.testng.SuiteRunner.privateRun(SuiteRunner.java:415)
at org.testng.SuiteRunner.run(SuiteRunner.java:364)
at org.testng.SuiteRunnerWorker.runSuite(SuiteRunnerWorker.java:52)
at org.testng.SuiteRunnerWorker.run(SuiteRunnerWorker.java:84)
at org.testng.TestNG.runSuitesSequentially(TestNG.java:1208)
at org.testng.TestNG.runSuitesLocally(TestNG.java:1137)
at org.testng.TestNG.runSuites(TestNG.java:1049)
at org.testng.TestNG.run(TestNG.java:1017)
at org.testng.remote.AbstractRemoteTestNG.run(AbstractRemoteTestNG.java:114)
at org.testng.remote.RemoteTestNG.initAndRun(RemoteTestNG.java:251)
at org.testng.remote.RemoteTestNG.main(RemoteTestNG.java:77)
]]>
    </failure>
  </testcase> <!-- ApiTestCode -->
  <testcase name="ApiTestCode" time="0.023" classname="com.bitnei.apitest.testcases.saas.ApiTest">
    <failure type="java.lang.AssertionError" message="expected [{}] but found [{&quot;data&quot;:{&quot;actualValue&quot;:null,&quot;expectedValue&quot;:{&quot;change&quot;:false,&quot;lastPackCode&quot;:&quot;010B200WQJ815AB520&quot;,&quot;latestPackCode&quot;:&quot;010B200WQJ815AB520&quot;}},&quot;change&quot;:{&quot;actualKey&quot;:&quot;不存在此change&quot;,&quot;expectedKey&quot;:&quot;change&quot;},&quot;lastPackCode&quot;:{&quot;actualKey&quot;:&quot;不存在此lastPackCode&quot;,&quot;expectedKey&quot;:&quot;lastPackCode&quot;},&quot;latestPackCode&quot;:{&quot;actualKey&quot;:&quot;不存在此latestPackCode&quot;,&quot;expectedKey&quot;:&quot;latestPackCode&quot;},&quot;error&quot;:{&quot;actualValue&quot;:null,&quot;expectedValue&quot;:{&quot;change&quot;:false,&quot;lastPackCode&quot;:&quot;010B200WQJ815AB520&quot;,&quot;latestPackCode&quot;:&quot;010B200WQJ815AB520&quot;},&quot;currentValue is &quot;:true,&quot;expectedValue is&quot;:false},&quot;code&quot;:{&quot;actualValue&quot;:null,&quot;expectedValue&quot;:{&quot;change&quot;:false,&quot;lastPackCode&quot;:&quot;010B200WQJ815AB520&quot;,&quot;latestPackCode&quot;:&quot;010B200WQJ815AB520&quot;},&quot;currentValue is &quot;:&quot;40000&quot;,&quot;expectedValue is&quot;:false,&quot;expectedValue is &quot;:&quot;10000&quot;}}]">
      <![CDATA[java.lang.AssertionError: expected [{}] but found [{"data":{"actualValue":null,"expectedValue":{"change":false,"lastPackCode":"010B200WQJ815AB520","latestPackCode":"010B200WQJ815AB520"}},"change":{"actualKey":"不存在此change","expectedKey":"change"},"lastPackCode":{"actualKey":"不存在此lastPackCode","expectedKey":"lastPackCode"},"latestPackCode":{"actualKey":"不存在此latestPackCode","expectedKey":"latestPackCode"},"error":{"actualValue":null,"expectedValue":{"change":false,"lastPackCode":"010B200WQJ815AB520","latestPackCode":"010B200WQJ815AB520"},"currentValue is ":true,"expectedValue is":false},"code":{"actualValue":null,"expectedValue":{"change":false,"lastPackCode":"010B200WQJ815AB520","latestPackCode":"010B200WQJ815AB520"},"currentValue is ":"40000","expectedValue is":false,"expectedValue is ":"10000"}}]
at org.testng.Assert.fail(Assert.java:96)
at org.testng.Assert.failNotEquals(Assert.java:776)
at org.testng.Assert.assertEqualsImpl(Assert.java:137)
at org.testng.Assert.assertEquals(Assert.java:118)
at org.testng.Assert.assertEquals(Assert.java:453)
at org.testng.Assert.assertEquals(Assert.java:463)
at com.bitnei.apitest.testcases.saas.ApiTest.ApiTestCode(ApiTest.java:102)
at sun.reflect.GeneratedMethodAccessor2.invoke(Unknown Source)
at sun.reflect.DelegatingMethodAccessorImpl.invoke(DelegatingMethodAccessorImpl.java:43)
at java.lang.reflect.Method.invoke(Method.java:498)
at org.testng.internal.MethodInvocationHelper.invokeMethod(MethodInvocationHelper.java:124)
at org.testng.internal.Invoker.invokeMethod(Invoker.java:580)
at org.testng.internal.Invoker.invokeTestMethod(Invoker.java:716)
at org.testng.internal.Invoker.invokeTestMethods(Invoker.java:988)
at org.testng.internal.TestMethodWorker.invokeTestMethods(TestMethodWorker.java:125)
at org.testng.internal.TestMethodWorker.run(TestMethodWorker.java:109)
at org.testng.TestRunner.privateRun(TestRunner.java:648)
at org.testng.TestRunner.run(TestRunner.java:505)
at org.testng.SuiteRunner.runTest(SuiteRunner.java:455)
at org.testng.SuiteRunner.runSequentially(SuiteRunner.java:450)
at org.testng.SuiteRunner.privateRun(SuiteRunner.java:415)
at org.testng.SuiteRunner.run(SuiteRunner.java:364)
at org.testng.SuiteRunnerWorker.runSuite(SuiteRunnerWorker.java:52)
at org.testng.SuiteRunnerWorker.run(SuiteRunnerWorker.java:84)
at org.testng.TestNG.runSuitesSequentially(TestNG.java:1208)
at org.testng.TestNG.runSuitesLocally(TestNG.java:1137)
at org.testng.TestNG.runSuites(TestNG.java:1049)
at org.testng.TestNG.run(TestNG.java:1017)
at org.testng.remote.AbstractRemoteTestNG.run(AbstractRemoteTestNG.java:114)
at org.testng.remote.RemoteTestNG.initAndRun(RemoteTestNG.java:251)
at org.testng.remote.RemoteTestNG.main(RemoteTestNG.java:77)
]]>
    </failure>
  </testcase> <!-- ApiTestCode -->
  <testcase name="ApiTestCode" time="0.079" classname="com.bitnei.apitest.testcases.saas.ApiTest">
    <failure type="java.lang.AssertionError" message="expected [{}] but found [{&quot;error&quot;:{&quot;currentValue is &quot;:true,&quot;expectedValue is&quot;:false},&quot;code&quot;:{&quot;currentValue is &quot;:&quot;40000&quot;,&quot;expectedValue is&quot;:false,&quot;expectedValue is &quot;:&quot;35000&quot;}}]">
      <![CDATA[java.lang.AssertionError: expected [{}] but found [{"error":{"currentValue is ":true,"expectedValue is":false},"code":{"currentValue is ":"40000","expectedValue is":false,"expectedValue is ":"35000"}}]
at org.testng.Assert.fail(Assert.java:96)
at org.testng.Assert.failNotEquals(Assert.java:776)
at org.testng.Assert.assertEqualsImpl(Assert.java:137)
at org.testng.Assert.assertEquals(Assert.java:118)
at org.testng.Assert.assertEquals(Assert.java:453)
at org.testng.Assert.assertEquals(Assert.java:463)
at com.bitnei.apitest.testcases.saas.ApiTest.ApiTestCode(ApiTest.java:102)
at sun.reflect.GeneratedMethodAccessor2.invoke(Unknown Source)
at sun.reflect.DelegatingMethodAccessorImpl.invoke(DelegatingMethodAccessorImpl.java:43)
at java.lang.reflect.Method.invoke(Method.java:498)
at org.testng.internal.MethodInvocationHelper.invokeMethod(MethodInvocationHelper.java:124)
at org.testng.internal.Invoker.invokeMethod(Invoker.java:580)
at org.testng.internal.Invoker.invokeTestMethod(Invoker.java:716)
at org.testng.internal.Invoker.invokeTestMethods(Invoker.java:988)
at org.testng.internal.TestMethodWorker.invokeTestMethods(TestMethodWorker.java:125)
at org.testng.internal.TestMethodWorker.run(TestMethodWorker.java:109)
at org.testng.TestRunner.privateRun(TestRunner.java:648)
at org.testng.TestRunner.run(TestRunner.java:505)
at org.testng.SuiteRunner.runTest(SuiteRunner.java:455)
at org.testng.SuiteRunner.runSequentially(SuiteRunner.java:450)
at org.testng.SuiteRunner.privateRun(SuiteRunner.java:415)
at org.testng.SuiteRunner.run(SuiteRunner.java:364)
at org.testng.SuiteRunnerWorker.runSuite(SuiteRunnerWorker.java:52)
at org.testng.SuiteRunnerWorker.run(SuiteRunnerWorker.java:84)
at org.testng.TestNG.runSuitesSequentially(TestNG.java:1208)
at org.testng.TestNG.runSuitesLocally(TestNG.java:1137)
at org.testng.TestNG.runSuites(TestNG.java:1049)
at org.testng.TestNG.run(TestNG.java:1017)
at org.testng.remote.AbstractRemoteTestNG.run(AbstractRemoteTestNG.java:114)
at org.testng.remote.RemoteTestNG.initAndRun(RemoteTestNG.java:251)
at org.testng.remote.RemoteTestNG.main(RemoteTestNG.java:77)
]]>
    </failure>
  </testcase> <!-- ApiTestCode -->
  <testcase name="ApiTestCode" time="0.056" classname="com.bitnei.apitest.testcases.saas.ApiTest">
    <failure type="java.lang.AssertionError" message="expected [{}] but found [{&quot;status&quot;:{&quot;currentValue is &quot;:200,&quot;expectedValue is&quot;:400},&quot;errorMsg&quot;:{&quot;currentValue is &quot;:&quot;Forwarding error&quot;,&quot;expectedValue is&quot;:400,&quot;expectedValue is &quot;:&quot;参数vin未传&quot;},&quot;code&quot;:{&quot;currentValue is &quot;:&quot;40000&quot;,&quot;expectedValue is&quot;:400,&quot;expectedValue is &quot;:&quot;30001&quot;}}]">
      <![CDATA[java.lang.AssertionError: expected [{}] but found [{"status":{"currentValue is ":200,"expectedValue is":400},"errorMsg":{"currentValue is ":"Forwarding error","expectedValue is":400,"expectedValue is ":"参数vin未传"},"code":{"currentValue is ":"40000","expectedValue is":400,"expectedValue is ":"30001"}}]
at org.testng.Assert.fail(Assert.java:96)
at org.testng.Assert.failNotEquals(Assert.java:776)
at org.testng.Assert.assertEqualsImpl(Assert.java:137)
at org.testng.Assert.assertEquals(Assert.java:118)
at org.testng.Assert.assertEquals(Assert.java:453)
at org.testng.Assert.assertEquals(Assert.java:463)
at com.bitnei.apitest.testcases.saas.ApiTest.ApiTestCode(ApiTest.java:102)
at sun.reflect.GeneratedMethodAccessor2.invoke(Unknown Source)
at sun.reflect.DelegatingMethodAccessorImpl.invoke(DelegatingMethodAccessorImpl.java:43)
at java.lang.reflect.Method.invoke(Method.java:498)
at org.testng.internal.MethodInvocationHelper.invokeMethod(MethodInvocationHelper.java:124)
at org.testng.internal.Invoker.invokeMethod(Invoker.java:580)
at org.testng.internal.Invoker.invokeTestMethod(Invoker.java:716)
at org.testng.internal.Invoker.invokeTestMethods(Invoker.java:988)
at org.testng.internal.TestMethodWorker.invokeTestMethods(TestMethodWorker.java:125)
at org.testng.internal.TestMethodWorker.run(TestMethodWorker.java:109)
at org.testng.TestRunner.privateRun(TestRunner.java:648)
at org.testng.TestRunner.run(TestRunner.java:505)
at org.testng.SuiteRunner.runTest(SuiteRunner.java:455)
at org.testng.SuiteRunner.runSequentially(SuiteRunner.java:450)
at org.testng.SuiteRunner.privateRun(SuiteRunner.java:415)
at org.testng.SuiteRunner.run(SuiteRunner.java:364)
at org.testng.SuiteRunnerWorker.runSuite(SuiteRunnerWorker.java:52)
at org.testng.SuiteRunnerWorker.run(SuiteRunnerWorker.java:84)
at org.testng.TestNG.runSuitesSequentially(TestNG.java:1208)
at org.testng.TestNG.runSuitesLocally(TestNG.java:1137)
at org.testng.TestNG.runSuites(TestNG.java:1049)
at org.testng.TestNG.run(TestNG.java:1017)
at org.testng.remote.AbstractRemoteTestNG.run(AbstractRemoteTestNG.java:114)
at org.testng.remote.RemoteTestNG.initAndRun(RemoteTestNG.java:251)
at org.testng.remote.RemoteTestNG.main(RemoteTestNG.java:77)
]]>
    </failure>
  </testcase> <!-- ApiTestCode -->
  <testcase name="ApiTestCode" time="0.025" classname="com.bitnei.apitest.testcases.saas.ApiTest">
    <failure type="java.lang.AssertionError" message="expected [{}] but found [{&quot;error&quot;:{&quot;currentValue is &quot;:true,&quot;expectedValue is&quot;:false},&quot;code&quot;:{&quot;currentValue is &quot;:&quot;40000&quot;,&quot;expectedValue is&quot;:false,&quot;expectedValue is &quot;:&quot;10000&quot;}}]">
      <![CDATA[java.lang.AssertionError: expected [{}] but found [{"error":{"currentValue is ":true,"expectedValue is":false},"code":{"currentValue is ":"40000","expectedValue is":false,"expectedValue is ":"10000"}}]
at org.testng.Assert.fail(Assert.java:96)
at org.testng.Assert.failNotEquals(Assert.java:776)
at org.testng.Assert.assertEqualsImpl(Assert.java:137)
at org.testng.Assert.assertEquals(Assert.java:118)
at org.testng.Assert.assertEquals(Assert.java:453)
at org.testng.Assert.assertEquals(Assert.java:463)
at com.bitnei.apitest.testcases.saas.ApiTest.ApiTestCode(ApiTest.java:102)
at sun.reflect.GeneratedMethodAccessor2.invoke(Unknown Source)
at sun.reflect.DelegatingMethodAccessorImpl.invoke(DelegatingMethodAccessorImpl.java:43)
at java.lang.reflect.Method.invoke(Method.java:498)
at org.testng.internal.MethodInvocationHelper.invokeMethod(MethodInvocationHelper.java:124)
at org.testng.internal.Invoker.invokeMethod(Invoker.java:580)
at org.testng.internal.Invoker.invokeTestMethod(Invoker.java:716)
at org.testng.internal.Invoker.invokeTestMethods(Invoker.java:988)
at org.testng.internal.TestMethodWorker.invokeTestMethods(TestMethodWorker.java:125)
at org.testng.internal.TestMethodWorker.run(TestMethodWorker.java:109)
at org.testng.TestRunner.privateRun(TestRunner.java:648)
at org.testng.TestRunner.run(TestRunner.java:505)
at org.testng.SuiteRunner.runTest(SuiteRunner.java:455)
at org.testng.SuiteRunner.runSequentially(SuiteRunner.java:450)
at org.testng.SuiteRunner.privateRun(SuiteRunner.java:415)
at org.testng.SuiteRunner.run(SuiteRunner.java:364)
at org.testng.SuiteRunnerWorker.runSuite(SuiteRunnerWorker.java:52)
at org.testng.SuiteRunnerWorker.run(SuiteRunnerWorker.java:84)
at org.testng.TestNG.runSuitesSequentially(TestNG.java:1208)
at org.testng.TestNG.runSuitesLocally(TestNG.java:1137)
at org.testng.TestNG.runSuites(TestNG.java:1049)
at org.testng.TestNG.run(TestNG.java:1017)
at org.testng.remote.AbstractRemoteTestNG.run(AbstractRemoteTestNG.java:114)
at org.testng.remote.RemoteTestNG.initAndRun(RemoteTestNG.java:251)
at org.testng.remote.RemoteTestNG.main(RemoteTestNG.java:77)
]]>
    </failure>
  </testcase> <!-- ApiTestCode -->
</testsuite> <!-- com.bitnei.apitest.testcases.saas.ApiTest -->
